[2026-03-25T15:12:44.673+0000] {local_task_job_runner.py:120} INFO - ::group::Pre task execution logs
[2026-03-25T15:12:44.713+0000] {taskinstance.py:2076} INFO - Dependencies all met for dep_context=non-requeueable deps ti=<TaskInstance: climarisk_predictions.predict_all_zones scheduled__2026-03-25T15:09:00+00:00 [queued]>
[2026-03-25T15:12:44.723+0000] {taskinstance.py:2076} INFO - Dependencies all met for dep_context=requeueable deps ti=<TaskInstance: climarisk_predictions.predict_all_zones scheduled__2026-03-25T15:09:00+00:00 [queued]>
[2026-03-25T15:12:44.724+0000] {taskinstance.py:2306} INFO - Starting attempt 1 of 2
[2026-03-25T15:12:44.737+0000] {taskinstance.py:2330} INFO - Executing <Task(PythonOperator): predict_all_zones> on 2026-03-25 15:09:00+00:00
[2026-03-25T15:12:44.745+0000] {standard_task_runner.py:90} INFO - Running: ['airflow', 'tasks', 'run', '***_predictions', 'predict_all_zones', 'scheduled__2026-03-25T15:09:00+00:00', '--job-id', '542', '--raw', '--subdir', 'DAGS_FOLDER/***_dag.py', '--cfg-path', '/tmp/tmpm_wor6jo']
[2026-03-25T15:12:44.747+0000] {logging_mixin.py:188} WARNING - /home/airflow/.local/lib/python3.12/site-packages/airflow/task/task_runner/standard_task_runner.py:61 DeprecationWarning: This process (pid=2748) is multi-threaded, use of fork() may lead to deadlocks in the child.
[2026-03-25T15:12:44.748+0000] {standard_task_runner.py:91} INFO - Job 542: Subtask predict_all_zones
[2026-03-25T15:12:44.748+0000] {standard_task_runner.py:63} INFO - Started process 2749 to run task
[2026-03-25T15:12:44.839+0000] {task_command.py:426} INFO - Running <TaskInstance: climarisk_predictions.predict_all_zones scheduled__2026-03-25T15:09:00+00:00 [running]> on host 6146f0e8983c
[2026-03-25T15:12:44.951+0000] {taskinstance.py:2648} INFO - Exporting env vars: AIRFLOW_CTX_DAG_OWNER='***' AIRFLOW_CTX_DAG_ID='***_predictions' AIRFLOW_CTX_TASK_ID='predict_all_zones' AIRFLOW_CTX_EXECUTION_DATE='2026-03-25T15:09:00+00:00' AIRFLOW_CTX_TRY_NUMBER='1' AIRFLOW_CTX_DAG_RUN_ID='scheduled__2026-03-25T15:09:00+00:00'
[2026-03-25T15:12:44.953+0000] {taskinstance.py:430} INFO - ::endgroup::
[2026-03-25T15:12:45.562+0000] {climarisk_dag.py:153} ERROR - ❌ Alger: 500 Server Error: Internal Server Error for url: http://backend:8000/api/predictions/flood
[2026-03-25T15:12:45.919+0000] {climarisk_dag.py:153} ERROR - ❌ Cairo: 500 Server Error: Internal Server Error for url: http://backend:8000/api/predictions/flood
[2026-03-25T15:12:46.230+0000] {climarisk_dag.py:153} ERROR - ❌ Lagos: 500 Server Error: Internal Server Error for url: http://backend:8000/api/predictions/flood
[2026-03-25T15:12:46.629+0000] {climarisk_dag.py:153} ERROR - ❌ Kano: 500 Server Error: Internal Server Error for url: http://backend:8000/api/predictions/flood
[2026-03-25T15:12:46.988+0000] {climarisk_dag.py:153} ERROR - ❌ Abuja: 500 Server Error: Internal Server Error for url: http://backend:8000/api/predictions/flood
[2026-03-25T15:12:47.348+0000] {climarisk_dag.py:153} ERROR - ❌ Johannesburg: 500 Server Error: Internal Server Error for url: http://backend:8000/api/predictions/flood
[2026-03-25T15:12:47.696+0000] {climarisk_dag.py:153} ERROR - ❌ Cape Town: 500 Server Error: Internal Server Error for url: http://backend:8000/api/predictions/flood
[2026-03-25T15:12:48.047+0000] {climarisk_dag.py:153} ERROR - ❌ Nairobi: 500 Server Error: Internal Server Error for url: http://backend:8000/api/predictions/flood
[2026-03-25T15:12:48.407+0000] {climarisk_dag.py:153} ERROR - ❌ Addis Ababa: 500 Server Error: Internal Server Error for url: http://backend:8000/api/predictions/flood
[2026-03-25T15:12:48.713+0000] {climarisk_dag.py:153} ERROR - ❌ Dar es Salaam: 500 Server Error: Internal Server Error for url: http://backend:8000/api/predictions/flood
[2026-03-25T15:12:49.084+0000] {climarisk_dag.py:153} ERROR - ❌ Accra: 500 Server Error: Internal Server Error for url: http://backend:8000/api/predictions/flood
[2026-03-25T15:12:49.391+0000] {climarisk_dag.py:153} ERROR - ❌ Casablanca: 500 Server Error: Internal Server Error for url: http://backend:8000/api/predictions/flood
[2026-03-25T15:12:49.743+0000] {climarisk_dag.py:153} ERROR - ❌ Mohammedia: 500 Server Error: Internal Server Error for url: http://backend:8000/api/predictions/flood
[2026-03-25T15:12:50.107+0000] {climarisk_dag.py:153} ERROR - ❌ El Jadida: 500 Server Error: Internal Server Error for url: http://backend:8000/api/predictions/flood
[2026-03-25T15:12:50.479+0000] {climarisk_dag.py:153} ERROR - ❌ Settat: 500 Server Error: Internal Server Error for url: http://backend:8000/api/predictions/flood
[2026-03-25T15:12:50.825+0000] {climarisk_dag.py:153} ERROR - ❌ Berrechid: 500 Server Error: Internal Server Error for url: http://backend:8000/api/predictions/flood
[2026-03-25T15:12:51.181+0000] {climarisk_dag.py:153} ERROR - ❌ Benslimane: 500 Server Error: Internal Server Error for url: http://backend:8000/api/predictions/flood
[2026-03-25T15:12:51.529+0000] {climarisk_dag.py:153} ERROR - ❌ Sidi Bennour: 500 Server Error: Internal Server Error for url: http://backend:8000/api/predictions/flood
[2026-03-25T15:12:51.840+0000] {climarisk_dag.py:153} ERROR - ❌ Azemmour: 500 Server Error: Internal Server Error for url: http://backend:8000/api/predictions/flood
[2026-03-25T15:12:52.202+0000] {climarisk_dag.py:153} ERROR - ❌ Mediouna: 500 Server Error: Internal Server Error for url: http://backend:8000/api/predictions/flood
[2026-03-25T15:12:52.565+0000] {climarisk_dag.py:153} ERROR - ❌ Nouaceur: 500 Server Error: Internal Server Error for url: http://backend:8000/api/predictions/flood
[2026-03-25T15:12:52.901+0000] {climarisk_dag.py:153} ERROR - ❌ Rabat: 500 Server Error: Internal Server Error for url: http://backend:8000/api/predictions/flood
[2026-03-25T15:12:53.248+0000] {climarisk_dag.py:153} ERROR - ❌ Salé: 500 Server Error: Internal Server Error for url: http://backend:8000/api/predictions/flood
[2026-03-25T15:12:53.615+0000] {climarisk_dag.py:153} ERROR - ❌ Kénitra: 500 Server Error: Internal Server Error for url: http://backend:8000/api/predictions/flood
[2026-03-25T15:12:53.977+0000] {climarisk_dag.py:153} ERROR - ❌ Témara: 500 Server Error: Internal Server Error for url: http://backend:8000/api/predictions/flood
[2026-03-25T15:12:54.345+0000] {climarisk_dag.py:153} ERROR - ❌ Skhirat: 500 Server Error: Internal Server Error for url: http://backend:8000/api/predictions/flood
[2026-03-25T15:12:54.644+0000] {climarisk_dag.py:153} ERROR - ❌ Tiflet: 500 Server Error: Internal Server Error for url: http://backend:8000/api/predictions/flood
[2026-03-25T15:12:55.000+0000] {climarisk_dag.py:153} ERROR - ❌ Khémisset: 500 Server Error: Internal Server Error for url: http://backend:8000/api/predictions/flood
[2026-03-25T15:12:56.279+0000] {climarisk_dag.py:153} ERROR - ❌ Sidi Slimane: 500 Server Error: Internal Server Error for url: http://backend:8000/api/predictions/flood
[2026-03-25T15:12:56.679+0000] {climarisk_dag.py:153} ERROR - ❌ Sidi Kacem: 500 Server Error: Internal Server Error for url: http://backend:8000/api/predictions/flood
[2026-03-25T15:12:57.059+0000] {climarisk_dag.py:153} ERROR - ❌ Souk el Arba: 500 Server Error: Internal Server Error for url: http://backend:8000/api/predictions/flood
[2026-03-25T15:12:57.419+0000] {climarisk_dag.py:153} ERROR - ❌ Ouazzane: 500 Server Error: Internal Server Error for url: http://backend:8000/api/predictions/flood
[2026-03-25T15:12:57.790+0000] {climarisk_dag.py:153} ERROR - ❌ Fès: 500 Server Error: Internal Server Error for url: http://backend:8000/api/predictions/flood
[2026-03-25T15:12:58.150+0000] {climarisk_dag.py:153} ERROR - ❌ Meknès: 500 Server Error: Internal Server Error for url: http://backend:8000/api/predictions/flood
[2026-03-25T15:12:58.512+0000] {climarisk_dag.py:153} ERROR - ❌ Ifrane: 500 Server Error: Internal Server Error for url: http://backend:8000/api/predictions/flood
[2026-03-25T15:12:58.863+0000] {climarisk_dag.py:153} ERROR - ❌ Azrou: 500 Server Error: Internal Server Error for url: http://backend:8000/api/predictions/flood
[2026-03-25T15:12:59.219+0000] {climarisk_dag.py:153} ERROR - ❌ Taounate: 500 Server Error: Internal Server Error for url: http://backend:8000/api/predictions/flood
[2026-03-25T15:12:59.568+0000] {climarisk_dag.py:153} ERROR - ❌ Taza: 500 Server Error: Internal Server Error for url: http://backend:8000/api/predictions/flood
[2026-03-25T15:12:59.941+0000] {climarisk_dag.py:153} ERROR - ❌ Sefrou: 500 Server Error: Internal Server Error for url: http://backend:8000/api/predictions/flood
[2026-03-25T15:13:00.310+0000] {climarisk_dag.py:153} ERROR - ❌ Boulemane: 500 Server Error: Internal Server Error for url: http://backend:8000/api/predictions/flood
[2026-03-25T15:13:00.697+0000] {climarisk_dag.py:153} ERROR - ❌ El Hajeb: 500 Server Error: Internal Server Error for url: http://backend:8000/api/predictions/flood
[2026-03-25T15:13:01.063+0000] {climarisk_dag.py:153} ERROR - ❌ Missour: 500 Server Error: Internal Server Error for url: http://backend:8000/api/predictions/flood
[2026-03-25T15:13:01.437+0000] {climarisk_dag.py:153} ERROR - ❌ Guercif: 500 Server Error: Internal Server Error for url: http://backend:8000/api/predictions/flood
[2026-03-25T15:13:01.768+0000] {climarisk_dag.py:153} ERROR - ❌ Marrakech: 500 Server Error: Internal Server Error for url: http://backend:8000/api/predictions/flood
[2026-03-25T15:13:02.106+0000] {climarisk_dag.py:153} ERROR - ❌ Safi: 500 Server Error: Internal Server Error for url: http://backend:8000/api/predictions/flood
[2026-03-25T15:13:02.416+0000] {climarisk_dag.py:153} ERROR - ❌ Essaouira: 500 Server Error: Internal Server Error for url: http://backend:8000/api/predictions/flood
[2026-03-25T15:13:02.771+0000] {climarisk_dag.py:153} ERROR - ❌ El Kelaa des Sraghna: 500 Server Error: Internal Server Error for url: http://backend:8000/api/predictions/flood
[2026-03-25T15:13:03.091+0000] {climarisk_dag.py:153} ERROR - ❌ Chichaoua: 500 Server Error: Internal Server Error for url: http://backend:8000/api/predictions/flood
[2026-03-25T15:13:03.405+0000] {climarisk_dag.py:153} ERROR - ❌ Youssoufia: 500 Server Error: Internal Server Error for url: http://backend:8000/api/predictions/flood
[2026-03-25T15:13:03.809+0000] {climarisk_dag.py:153} ERROR - ❌ Ben Guerir: 500 Server Error: Internal Server Error for url: http://backend:8000/api/predictions/flood
[2026-03-25T15:13:04.154+0000] {climarisk_dag.py:153} ERROR - ❌ Tahanaout: 500 Server Error: Internal Server Error for url: http://backend:8000/api/predictions/flood
[2026-03-25T15:13:04.530+0000] {climarisk_dag.py:153} ERROR - ❌ Ait Ourir: 500 Server Error: Internal Server Error for url: http://backend:8000/api/predictions/flood
[2026-03-25T15:13:04.897+0000] {climarisk_dag.py:153} ERROR - ❌ Demnate: 500 Server Error: Internal Server Error for url: http://backend:8000/api/predictions/flood
[2026-03-25T15:13:05.268+0000] {climarisk_dag.py:153} ERROR - ❌ Tanger: 500 Server Error: Internal Server Error for url: http://backend:8000/api/predictions/flood
[2026-03-25T15:13:05.617+0000] {climarisk_dag.py:153} ERROR - ❌ Tétouan: 500 Server Error: Internal Server Error for url: http://backend:8000/api/predictions/flood
[2026-03-25T15:13:05.979+0000] {climarisk_dag.py:153} ERROR - ❌ Al Hoceïma: 500 Server Error: Internal Server Error for url: http://backend:8000/api/predictions/flood
[2026-03-25T15:13:06.312+0000] {climarisk_dag.py:153} ERROR - ❌ Larache: 500 Server Error: Internal Server Error for url: http://backend:8000/api/predictions/flood
[2026-03-25T15:13:06.688+0000] {climarisk_dag.py:153} ERROR - ❌ Chefchaouen: 500 Server Error: Internal Server Error for url: http://backend:8000/api/predictions/flood
[2026-03-25T15:13:07.038+0000] {climarisk_dag.py:153} ERROR - ❌ Asilah: 500 Server Error: Internal Server Error for url: http://backend:8000/api/predictions/flood
[2026-03-25T15:13:07.366+0000] {climarisk_dag.py:153} ERROR - ❌ Fnideq: 500 Server Error: Internal Server Error for url: http://backend:8000/api/predictions/flood
[2026-03-25T15:13:07.742+0000] {climarisk_dag.py:153} ERROR - ❌ Martil: 500 Server Error: Internal Server Error for url: http://backend:8000/api/predictions/flood
[2026-03-25T15:13:07.978+0000] {climarisk_dag.py:153} ERROR - ❌ Mdiq: 500 Server Error: Internal Server Error for url: http://backend:8000/api/predictions/flood
[2026-03-25T15:13:08.347+0000] {climarisk_dag.py:153} ERROR - ❌ Ksar el Kebir: 500 Server Error: Internal Server Error for url: http://backend:8000/api/predictions/flood
[2026-03-25T15:13:08.645+0000] {climarisk_dag.py:153} ERROR - ❌ Ouazzane: 500 Server Error: Internal Server Error for url: http://backend:8000/api/predictions/flood
[2026-03-25T15:13:09.021+0000] {climarisk_dag.py:153} ERROR - ❌ Targuist: 500 Server Error: Internal Server Error for url: http://backend:8000/api/predictions/flood
[2026-03-25T15:13:09.363+0000] {climarisk_dag.py:153} ERROR - ❌ Imzouren: 500 Server Error: Internal Server Error for url: http://backend:8000/api/predictions/flood
[2026-03-25T15:13:09.713+0000] {climarisk_dag.py:153} ERROR - ❌ Beni Mellal-Khenifra: 500 Server Error: Internal Server Error for url: http://backend:8000/api/predictions/flood
[2026-03-25T15:13:10.044+0000] {climarisk_dag.py:153} ERROR - ❌ Khénifra: 500 Server Error: Internal Server Error for url: http://backend:8000/api/predictions/flood
[2026-03-25T15:13:10.342+0000] {climarisk_dag.py:153} ERROR - ❌ Azilal: 500 Server Error: Internal Server Error for url: http://backend:8000/api/predictions/flood
[2026-03-25T15:13:10.704+0000] {climarisk_dag.py:153} ERROR - ❌ Nanjing: 500 Server Error: Internal Server Error for url: http://backend:8000/api/predictions/flood
[2026-03-25T15:13:11.046+0000] {climarisk_dag.py:153} ERROR - ❌ Khouribga: 500 Server Error: Internal Server Error for url: http://backend:8000/api/predictions/flood
[2026-03-25T15:13:11.388+0000] {climarisk_dag.py:153} ERROR - ❌ Fkih Ben Salah: 500 Server Error: Internal Server Error for url: http://backend:8000/api/predictions/flood
[2026-03-25T15:13:11.749+0000] {climarisk_dag.py:153} ERROR - ❌ Souk Sebt: 500 Server Error: Internal Server Error for url: http://backend:8000/api/predictions/flood
[2026-03-25T15:13:12.083+0000] {climarisk_dag.py:153} ERROR - ❌ Midelt: 500 Server Error: Internal Server Error for url: http://backend:8000/api/predictions/flood
[2026-03-25T15:13:12.385+0000] {climarisk_dag.py:153} ERROR - ❌ Zaouiat Cheikh: 500 Server Error: Internal Server Error for url: http://backend:8000/api/predictions/flood
[2026-03-25T15:13:12.741+0000] {climarisk_dag.py:153} ERROR - ❌ Oujda: 500 Server Error: Internal Server Error for url: http://backend:8000/api/predictions/flood
[2026-03-25T15:13:13.088+0000] {climarisk_dag.py:153} ERROR - ❌ Nador: 500 Server Error: Internal Server Error for url: http://backend:8000/api/predictions/flood
[2026-03-25T15:13:13.441+0000] {climarisk_dag.py:153} ERROR - ❌ Berkane: 500 Server Error: Internal Server Error for url: http://backend:8000/api/predictions/flood
[2026-03-25T15:13:13.790+0000] {climarisk_dag.py:153} ERROR - ❌ Taourirt: 500 Server Error: Internal Server Error for url: http://backend:8000/api/predictions/flood
[2026-03-25T15:13:14.144+0000] {climarisk_dag.py:153} ERROR - ❌ Jerada: 500 Server Error: Internal Server Error for url: http://backend:8000/api/predictions/flood
[2026-03-25T15:13:14.445+0000] {climarisk_dag.py:153} ERROR - ❌ Figuig: 500 Server Error: Internal Server Error for url: http://backend:8000/api/predictions/flood
[2026-03-25T15:13:14.805+0000] {climarisk_dag.py:153} ERROR - ❌ Bouarfa: 500 Server Error: Internal Server Error for url: http://backend:8000/api/predictions/flood
[2026-03-25T15:13:15.103+0000] {climarisk_dag.py:153} ERROR - ❌ Selouane: 500 Server Error: Internal Server Error for url: http://backend:8000/api/predictions/flood
[2026-03-25T15:13:15.466+0000] {climarisk_dag.py:153} ERROR - ❌ Zaio: 500 Server Error: Internal Server Error for url: http://backend:8000/api/predictions/flood
[2026-03-25T15:13:15.843+0000] {climarisk_dag.py:153} ERROR - ❌ Agadir: 500 Server Error: Internal Server Error for url: http://backend:8000/api/predictions/flood
[2026-03-25T15:13:16.206+0000] {climarisk_dag.py:153} ERROR - ❌ Inezgane: 500 Server Error: Internal Server Error for url: http://backend:8000/api/predictions/flood
[2026-03-25T15:13:16.561+0000] {climarisk_dag.py:153} ERROR - ❌ Tiznit: 500 Server Error: Internal Server Error for url: http://backend:8000/api/predictions/flood
[2026-03-25T15:13:16.914+0000] {climarisk_dag.py:153} ERROR - ❌ Taroudannt: 500 Server Error: Internal Server Error for url: http://backend:8000/api/predictions/flood
[2026-03-25T15:13:17.268+0000] {climarisk_dag.py:153} ERROR - ❌ Ouarzazate: 500 Server Error: Internal Server Error for url: http://backend:8000/api/predictions/flood
[2026-03-25T15:13:17.636+0000] {climarisk_dag.py:153} ERROR - ❌ Ait Melloul: 500 Server Error: Internal Server Error for url: http://backend:8000/api/predictions/flood
[2026-03-25T15:13:18.027+0000] {climarisk_dag.py:153} ERROR - ❌ Biougra: 500 Server Error: Internal Server Error for url: http://backend:8000/api/predictions/flood
[2026-03-25T15:13:18.376+0000] {climarisk_dag.py:153} ERROR - ❌ Chtouka Ait Baha: 500 Server Error: Internal Server Error for url: http://backend:8000/api/predictions/flood
[2026-03-25T15:13:18.725+0000] {climarisk_dag.py:153} ERROR - ❌ Tata: 500 Server Error: Internal Server Error for url: http://backend:8000/api/predictions/flood
[2026-03-25T15:13:19.087+0000] {climarisk_dag.py:153} ERROR - ❌ Sidi Ifni: 500 Server Error: Internal Server Error for url: http://backend:8000/api/predictions/flood
[2026-03-25T15:13:19.448+0000] {climarisk_dag.py:153} ERROR - ❌ Massa: 500 Server Error: Internal Server Error for url: http://backend:8000/api/predictions/flood
[2026-03-25T15:13:19.796+0000] {climarisk_dag.py:153} ERROR - ❌ Errachidia: 500 Server Error: Internal Server Error for url: http://backend:8000/api/predictions/flood
[2026-03-25T15:13:20.148+0000] {climarisk_dag.py:153} ERROR - ❌ Zagora: 500 Server Error: Internal Server Error for url: http://backend:8000/api/predictions/flood
[2026-03-25T15:13:20.505+0000] {climarisk_dag.py:153} ERROR - ❌ Tinghir: 500 Server Error: Internal Server Error for url: http://backend:8000/api/predictions/flood
[2026-03-25T15:13:20.867+0000] {climarisk_dag.py:153} ERROR - ❌ Ouarzazate: 500 Server Error: Internal Server Error for url: http://backend:8000/api/predictions/flood
[2026-03-25T15:13:21.235+0000] {climarisk_dag.py:153} ERROR - ❌ Rissani: 500 Server Error: Internal Server Error for url: http://backend:8000/api/predictions/flood
[2026-03-25T15:13:21.593+0000] {climarisk_dag.py:153} ERROR - ❌ Erfoud: 500 Server Error: Internal Server Error for url: http://backend:8000/api/predictions/flood
[2026-03-25T15:13:21.941+0000] {climarisk_dag.py:153} ERROR - ❌ Merzouga: 500 Server Error: Internal Server Error for url: http://backend:8000/api/predictions/flood
[2026-03-25T15:13:22.275+0000] {climarisk_dag.py:153} ERROR - ❌ Alnif: 500 Server Error: Internal Server Error for url: http://backend:8000/api/predictions/flood
[2026-03-25T15:13:22.669+0000] {climarisk_dag.py:153} ERROR - ❌ Goulmima: 500 Server Error: Internal Server Error for url: http://backend:8000/api/predictions/flood
[2026-03-25T15:13:23.251+0000] {climarisk_dag.py:153} ERROR - ❌ Laâyoune: 500 Server Error: Internal Server Error for url: http://backend:8000/api/predictions/flood
[2026-03-25T15:13:23.735+0000] {climarisk_dag.py:153} ERROR - ❌ Boujdour: 500 Server Error: Internal Server Error for url: http://backend:8000/api/predictions/flood
[2026-03-25T15:13:24.289+0000] {climarisk_dag.py:153} ERROR - ❌ Tarfaya: 500 Server Error: Internal Server Error for url: http://backend:8000/api/predictions/flood
[2026-03-25T15:13:24.773+0000] {climarisk_dag.py:153} ERROR - ❌ Smara: 500 Server Error: Internal Server Error for url: http://backend:8000/api/predictions/flood
[2026-03-25T15:13:25.323+0000] {climarisk_dag.py:153} ERROR - ❌ El Marsa: 500 Server Error: Internal Server Error for url: http://backend:8000/api/predictions/flood
[2026-03-25T15:13:25.701+0000] {climarisk_dag.py:153} ERROR - ❌ Dakhla: 500 Server Error: Internal Server Error for url: http://backend:8000/api/predictions/flood
[2026-03-25T15:13:26.074+0000] {climarisk_dag.py:153} ERROR - ❌ Aousserd: 500 Server Error: Internal Server Error for url: http://backend:8000/api/predictions/flood
[2026-03-25T15:13:27.293+0000] {climarisk_dag.py:153} ERROR - ❌ Guelmim: 500 Server Error: Internal Server Error for url: http://backend:8000/api/predictions/flood
[2026-03-25T15:13:27.668+0000] {climarisk_dag.py:153} ERROR - ❌ Tan-Tan: 500 Server Error: Internal Server Error for url: http://backend:8000/api/predictions/flood
[2026-03-25T15:13:28.030+0000] {climarisk_dag.py:153} ERROR - ❌ Assa: 500 Server Error: Internal Server Error for url: http://backend:8000/api/predictions/flood
[2026-03-25T15:13:28.358+0000] {climarisk_dag.py:153} ERROR - ❌ Zag: 500 Server Error: Internal Server Error for url: http://backend:8000/api/predictions/flood
[2026-03-25T15:13:28.685+0000] {climarisk_dag.py:153} ERROR - ❌ Sidi Ifni: 500 Server Error: Internal Server Error for url: http://backend:8000/api/predictions/flood
[2026-03-25T15:13:29.059+0000] {climarisk_dag.py:153} ERROR - ❌ Tiznit: 500 Server Error: Internal Server Error for url: http://backend:8000/api/predictions/flood
[2026-03-25T15:13:29.413+0000] {climarisk_dag.py:153} ERROR - ❌ Tunis: 500 Server Error: Internal Server Error for url: http://backend:8000/api/predictions/flood
[2026-03-25T15:13:29.770+0000] {climarisk_dag.py:153} ERROR - ❌ Kampala: 500 Server Error: Internal Server Error for url: http://backend:8000/api/predictions/flood
[2026-03-25T15:13:30.131+0000] {climarisk_dag.py:153} ERROR - ❌ Dakar: 500 Server Error: Internal Server Error for url: http://backend:8000/api/predictions/flood
[2026-03-25T15:13:30.501+0000] {climarisk_dag.py:153} ERROR - ❌ Kinshasa: 500 Server Error: Internal Server Error for url: http://backend:8000/api/predictions/flood
[2026-03-25T15:13:30.852+0000] {climarisk_dag.py:153} ERROR - ❌ Luanda: 500 Server Error: Internal Server Error for url: http://backend:8000/api/predictions/flood
[2026-03-25T15:13:31.214+0000] {climarisk_dag.py:153} ERROR - ❌ Khartoum: 500 Server Error: Internal Server Error for url: http://backend:8000/api/predictions/flood
[2026-03-25T15:13:31.571+0000] {climarisk_dag.py:153} ERROR - ❌ Harare: 500 Server Error: Internal Server Error for url: http://backend:8000/api/predictions/flood
[2026-03-25T15:13:31.928+0000] {climarisk_dag.py:153} ERROR - ❌ Lusaka: 500 Server Error: Internal Server Error for url: http://backend:8000/api/predictions/flood
[2026-03-25T15:13:32.291+0000] {climarisk_dag.py:153} ERROR - ❌ Maputo: 500 Server Error: Internal Server Error for url: http://backend:8000/api/predictions/flood
[2026-03-25T15:13:32.655+0000] {climarisk_dag.py:153} ERROR - ❌ Antananarivo: 500 Server Error: Internal Server Error for url: http://backend:8000/api/predictions/flood
[2026-03-25T15:13:33.074+0000] {climarisk_dag.py:153} ERROR - ❌ Abidjan: 500 Server Error: Internal Server Error for url: http://backend:8000/api/predictions/flood
[2026-03-25T15:13:33.478+0000] {climarisk_dag.py:153} ERROR - ❌ Douala: 500 Server Error: Internal Server Error for url: http://backend:8000/api/predictions/flood
[2026-03-25T15:13:33.808+0000] {climarisk_dag.py:153} ERROR - ❌ Niamey: 500 Server Error: Internal Server Error for url: http://backend:8000/api/predictions/flood
[2026-03-25T15:13:34.169+0000] {climarisk_dag.py:153} ERROR - ❌ Ouagadougou: 500 Server Error: Internal Server Error for url: http://backend:8000/api/predictions/flood
[2026-03-25T15:13:34.469+0000] {climarisk_dag.py:153} ERROR - ❌ Bamako: 500 Server Error: Internal Server Error for url: http://backend:8000/api/predictions/flood
[2026-03-25T15:13:34.806+0000] {climarisk_dag.py:153} ERROR - ❌ Windhoek: 500 Server Error: Internal Server Error for url: http://backend:8000/api/predictions/flood
[2026-03-25T15:13:35.171+0000] {climarisk_dag.py:153} ERROR - ❌ Port Harcourt: 500 Server Error: Internal Server Error for url: http://backend:8000/api/predictions/flood
[2026-03-25T15:13:35.524+0000] {climarisk_dag.py:153} ERROR - ❌ Warri: 500 Server Error: Internal Server Error for url: http://backend:8000/api/predictions/flood
[2026-03-25T15:13:35.888+0000] {climarisk_dag.py:153} ERROR - ❌ Calabar: 500 Server Error: Internal Server Error for url: http://backend:8000/api/predictions/flood
[2026-03-25T15:13:36.202+0000] {climarisk_dag.py:153} ERROR - ❌ Beijing: 500 Server Error: Internal Server Error for url: http://backend:8000/api/predictions/flood
[2026-03-25T15:13:36.556+0000] {climarisk_dag.py:153} ERROR - ❌ Shanghai: 500 Server Error: Internal Server Error for url: http://backend:8000/api/predictions/flood
[2026-03-25T15:13:36.920+0000] {climarisk_dag.py:153} ERROR - ❌ Guangzhou: 500 Server Error: Internal Server Error for url: http://backend:8000/api/predictions/flood
[2026-03-25T15:13:37.281+0000] {climarisk_dag.py:153} ERROR - ❌ Chengdu: 500 Server Error: Internal Server Error for url: http://backend:8000/api/predictions/flood
[2026-03-25T15:13:37.625+0000] {climarisk_dag.py:153} ERROR - ❌ Wuhan: 500 Server Error: Internal Server Error for url: http://backend:8000/api/predictions/flood
[2026-03-25T15:13:37.837+0000] {climarisk_dag.py:153} ERROR - ❌ Chongqing: 500 Server Error: Internal Server Error for url: http://backend:8000/api/predictions/flood
[2026-03-25T15:13:38.187+0000] {climarisk_dag.py:153} ERROR - ❌ Zhengzhou: 500 Server Error: Internal Server Error for url: http://backend:8000/api/predictions/flood
[2026-03-25T15:13:38.537+0000] {climarisk_dag.py:153} ERROR - ❌ Changsha: 500 Server Error: Internal Server Error for url: http://backend:8000/api/predictions/flood
[2026-03-25T15:13:38.885+0000] {climarisk_dag.py:153} ERROR - ❌ Nanchang: 500 Server Error: Internal Server Error for url: http://backend:8000/api/predictions/flood
[2026-03-25T15:13:39.230+0000] {climarisk_dag.py:153} ERROR - ❌ Yichang: 500 Server Error: Internal Server Error for url: http://backend:8000/api/predictions/flood
[2026-03-25T15:13:39.583+0000] {climarisk_dag.py:153} ERROR - ❌ Haikou: 500 Server Error: Internal Server Error for url: http://backend:8000/api/predictions/flood
[2026-03-25T15:13:39.921+0000] {climarisk_dag.py:153} ERROR - ❌ Hong Kong: 500 Server Error: Internal Server Error for url: http://backend:8000/api/predictions/flood
[2026-03-25T15:13:40.264+0000] {climarisk_dag.py:153} ERROR - ❌ Taipei: 500 Server Error: Internal Server Error for url: http://backend:8000/api/predictions/flood
[2026-03-25T15:13:40.615+0000] {climarisk_dag.py:153} ERROR - ❌ Kaohsiung: 500 Server Error: Internal Server Error for url: http://backend:8000/api/predictions/flood
[2026-03-25T15:13:40.956+0000] {climarisk_dag.py:153} ERROR - ❌ Mumbai: 500 Server Error: Internal Server Error for url: http://backend:8000/api/predictions/flood
[2026-03-25T15:13:41.281+0000] {climarisk_dag.py:153} ERROR - ❌ Delhi: 500 Server Error: Internal Server Error for url: http://backend:8000/api/predictions/flood
[2026-03-25T15:13:41.615+0000] {climarisk_dag.py:153} ERROR - ❌ Bangalore: 500 Server Error: Internal Server Error for url: http://backend:8000/api/predictions/flood
[2026-03-25T15:13:41.964+0000] {climarisk_dag.py:153} ERROR - ❌ Chennai: 500 Server Error: Internal Server Error for url: http://backend:8000/api/predictions/flood
[2026-03-25T15:13:42.331+0000] {climarisk_dag.py:153} ERROR - ❌ Kolkata: 500 Server Error: Internal Server Error for url: http://backend:8000/api/predictions/flood
[2026-03-25T15:13:42.674+0000] {climarisk_dag.py:153} ERROR - ❌ Patna: 500 Server Error: Internal Server Error for url: http://backend:8000/api/predictions/flood
[2026-03-25T15:13:43.024+0000] {climarisk_dag.py:153} ERROR - ❌ Guwahati: 500 Server Error: Internal Server Error for url: http://backend:8000/api/predictions/flood
[2026-03-25T15:13:43.330+0000] {climarisk_dag.py:153} ERROR - ❌ Varanasi: 500 Server Error: Internal Server Error for url: http://backend:8000/api/predictions/flood
[2026-03-25T15:13:43.671+0000] {climarisk_dag.py:153} ERROR - ❌ Muzaffarpur: 500 Server Error: Internal Server Error for url: http://backend:8000/api/predictions/flood
[2026-03-25T15:13:44.029+0000] {climarisk_dag.py:153} ERROR - ❌ Visakhapatnam: 500 Server Error: Internal Server Error for url: http://backend:8000/api/predictions/flood
[2026-03-25T15:13:44.330+0000] {climarisk_dag.py:153} ERROR - ❌ Vijayawada: 500 Server Error: Internal Server Error for url: http://backend:8000/api/predictions/flood
[2026-03-25T15:13:44.701+0000] {climarisk_dag.py:153} ERROR - ❌ Tokyo: 500 Server Error: Internal Server Error for url: http://backend:8000/api/predictions/flood
[2026-03-25T15:13:45.053+0000] {climarisk_dag.py:153} ERROR - ❌ Osaka: 500 Server Error: Internal Server Error for url: http://backend:8000/api/predictions/flood
[2026-03-25T15:13:45.407+0000] {climarisk_dag.py:153} ERROR - ❌ Sapporo: 500 Server Error: Internal Server Error for url: http://backend:8000/api/predictions/flood
[2026-03-25T15:13:45.749+0000] {climarisk_dag.py:153} ERROR - ❌ Naha: 500 Server Error: Internal Server Error for url: http://backend:8000/api/predictions/flood
[2026-03-25T15:13:46.110+0000] {climarisk_dag.py:153} ERROR - ❌ Seoul: 500 Server Error: Internal Server Error for url: http://backend:8000/api/predictions/flood
[2026-03-25T15:13:46.478+0000] {climarisk_dag.py:153} ERROR - ❌ Busan: 500 Server Error: Internal Server Error for url: http://backend:8000/api/predictions/flood
[2026-03-25T15:13:46.833+0000] {climarisk_dag.py:153} ERROR - ❌ Bangkok: 500 Server Error: Internal Server Error for url: http://backend:8000/api/predictions/flood
[2026-03-25T15:14:00.932+0000] {climarisk_dag.py:153} ERROR - ❌ Chiang Mai: ('Connection aborted.', ConnectionResetError(104, 'Connection reset by peer'))
[2026-03-25T15:14:00.934+0000] {climarisk_dag.py:153} ERROR - ❌ Jakarta: HTTPConnectionPool(host='backend', port=8000): Max retries exceeded with url: /api/predictions/flood (Caused by NewConnectionError('<urllib3.connection.HTTPConnection object at 0x7699746cc950>: Failed to establish a new connection: [Errno 111] Connection refused'))
[2026-03-25T15:14:00.936+0000] {climarisk_dag.py:153} ERROR - ❌ Surabaya: HTTPConnectionPool(host='backend', port=8000): Max retries exceeded with url: /api/predictions/flood (Caused by NewConnectionError('<urllib3.connection.HTTPConnection object at 0x7699746cd1f0>: Failed to establish a new connection: [Errno 111] Connection refused'))
[2026-03-25T15:14:00.949+0000] {climarisk_dag.py:153} ERROR - ❌ Medan: HTTPConnectionPool(host='backend', port=8000): Max retries exceeded with url: /api/predictions/flood (Caused by NewConnectionError('<urllib3.connection.HTTPConnection object at 0x7699746cdbe0>: Failed to establish a new connection: [Errno 111] Connection refused'))
[2026-03-25T15:14:00.951+0000] {climarisk_dag.py:153} ERROR - ❌ Manila: HTTPConnectionPool(host='backend', port=8000): Max retries exceeded with url: /api/predictions/flood (Caused by NewConnectionError('<urllib3.connection.HTTPConnection object at 0x7699746ce6c0>: Failed to establish a new connection: [Errno 111] Connection refused'))
[2026-03-25T15:14:00.953+0000] {climarisk_dag.py:153} ERROR - ❌ Cebu: HTTPConnectionPool(host='backend', port=8000): Max retries exceeded with url: /api/predictions/flood (Caused by NewConnectionError('<urllib3.connection.HTTPConnection object at 0x7699746ba120>: Failed to establish a new connection: [Errno 111] Connection refused'))
[2026-03-25T15:14:00.955+0000] {climarisk_dag.py:153} ERROR - ❌ Tacloban: HTTPConnectionPool(host='backend', port=8000): Max retries exceeded with url: /api/predictions/flood (Caused by NewConnectionError('<urllib3.connection.HTTPConnection object at 0x7699746cda00>: Failed to establish a new connection: [Errno 111] Connection refused'))
[2026-03-25T15:14:00.956+0000] {climarisk_dag.py:153} ERROR - ❌ Legazpi: HTTPConnectionPool(host='backend', port=8000): Max retries exceeded with url: /api/predictions/flood (Caused by NewConnectionError('<urllib3.connection.HTTPConnection object at 0x7699746ccc50>: Failed to establish a new connection: [Errno 111] Connection refused'))
[2026-03-25T15:14:00.958+0000] {climarisk_dag.py:153} ERROR - ❌ Zamboanga: HTTPConnectionPool(host='backend', port=8000): Max retries exceeded with url: /api/predictions/flood (Caused by NewConnectionError('<urllib3.connection.HTTPConnection object at 0x7699746cea50>: Failed to establish a new connection: [Errno 111] Connection refused'))
[2026-03-25T15:14:00.960+0000] {climarisk_dag.py:153} ERROR - ❌ Kuala Lumpur: HTTPConnectionPool(host='backend', port=8000): Max retries exceeded with url: /api/predictions/flood (Caused by NewConnectionError('<urllib3.connection.HTTPConnection object at 0x7699746cf440>: Failed to establish a new connection: [Errno 111] Connection refused'))
[2026-03-25T15:14:00.977+0000] {climarisk_dag.py:153} ERROR - ❌ Singapore: HTTPConnectionPool(host='backend', port=8000): Max retries exceeded with url: /api/predictions/flood (Caused by NewConnectionError('<urllib3.connection.HTTPConnection object at 0x7699746cfec0>: Failed to establish a new connection: [Errno 111] Connection refused'))
[2026-03-25T15:14:00.993+0000] {climarisk_dag.py:153} ERROR - ❌ Ho Chi Minh City: HTTPConnectionPool(host='backend', port=8000): Max retries exceeded with url: /api/predictions/flood (Caused by NewConnectionError('<urllib3.connection.HTTPConnection object at 0x7699746ba300>: Failed to establish a new connection: [Errno 111] Connection refused'))
[2026-03-25T15:14:00.995+0000] {climarisk_dag.py:153} ERROR - ❌ Hanoi: HTTPConnectionPool(host='backend', port=8000): Max retries exceeded with url: /api/predictions/flood (Caused by NewConnectionError('<urllib3.connection.HTTPConnection object at 0x7699746cf080>: Failed to establish a new connection: [Errno 111] Connection refused'))
[2026-03-25T15:14:01.009+0000] {climarisk_dag.py:153} ERROR - ❌ Da Nang: HTTPConnectionPool(host='backend', port=8000): Max retries exceeded with url: /api/predictions/flood (Caused by NewConnectionError('<urllib3.connection.HTTPConnection object at 0x7699746cc8f0>: Failed to establish a new connection: [Errno 111] Connection refused'))
[2026-03-25T15:14:01.021+0000] {climarisk_dag.py:153} ERROR - ❌ Can Tho: HTTPConnectionPool(host='backend', port=8000): Max retries exceeded with url: /api/predictions/flood (Caused by NewConnectionError('<urllib3.connection.HTTPConnection object at 0x7699746ce8a0>: Failed to establish a new connection: [Errno 111] Connection refused'))
[2026-03-25T15:14:01.033+0000] {climarisk_dag.py:153} ERROR - ❌ My Tho: HTTPConnectionPool(host='backend', port=8000): Max retries exceeded with url: /api/predictions/flood (Caused by NewConnectionError('<urllib3.connection.HTTPConnection object at 0x7699746ec350>: Failed to establish a new connection: [Errno 111] Connection refused'))
[2026-03-25T15:14:01.035+0000] {climarisk_dag.py:153} ERROR - ❌ Dhaka: HTTPConnectionPool(host='backend', port=8000): Max retries exceeded with url: /api/predictions/flood (Caused by NewConnectionError('<urllib3.connection.HTTPConnection object at 0x7699746ecd40>: Failed to establish a new connection: [Errno 111] Connection refused'))
[2026-03-25T15:14:01.049+0000] {climarisk_dag.py:153} ERROR - ❌ Chittagong: HTTPConnectionPool(host='backend', port=8000): Max retries exceeded with url: /api/predictions/flood (Caused by NewConnectionError('<urllib3.connection.HTTPConnection object at 0x7699746b9a30>: Failed to establish a new connection: [Errno 111] Connection refused'))
[2026-03-25T15:14:01.051+0000] {climarisk_dag.py:153} ERROR - ❌ Sylhet: HTTPConnectionPool(host='backend', port=8000): Max retries exceeded with url: /api/predictions/flood (Caused by NewConnectionError('<urllib3.connection.HTTPConnection object at 0x7699746cd070>: Failed to establish a new connection: [Errno 111] Connection refused'))
[2026-03-25T15:14:01.061+0000] {climarisk_dag.py:153} ERROR - ❌ Khulna: HTTPConnectionPool(host='backend', port=8000): Max retries exceeded with url: /api/predictions/flood (Caused by NewConnectionError('<urllib3.connection.HTTPConnection object at 0x7699746cc7a0>: Failed to establish a new connection: [Errno 111] Connection refused'))
[2026-03-25T15:14:01.062+0000] {climarisk_dag.py:153} ERROR - ❌ Cox's Bazar: HTTPConnectionPool(host='backend', port=8000): Max retries exceeded with url: /api/predictions/flood (Caused by NewConnectionError('<urllib3.connection.HTTPConnection object at 0x7699746cf410>: Failed to establish a new connection: [Errno 111] Connection refused'))
[2026-03-25T15:14:01.064+0000] {climarisk_dag.py:153} ERROR - ❌ Karachi: HTTPConnectionPool(host='backend', port=8000): Max retries exceeded with url: /api/predictions/flood (Caused by NewConnectionError('<urllib3.connection.HTTPConnection object at 0x7699746cf980>: Failed to establish a new connection: [Errno 111] Connection refused'))
[2026-03-25T15:14:01.066+0000] {climarisk_dag.py:153} ERROR - ❌ Lahore: HTTPConnectionPool(host='backend', port=8000): Max retries exceeded with url: /api/predictions/flood (Caused by NewConnectionError('<urllib3.connection.HTTPConnection object at 0x7699746ed130>: Failed to establish a new connection: [Errno 111] Connection refused'))
[2026-03-25T15:14:01.067+0000] {climarisk_dag.py:153} ERROR - ❌ Colombo: HTTPConnectionPool(host='backend', port=8000): Max retries exceeded with url: /api/predictions/flood (Caused by NewConnectionError('<urllib3.connection.HTTPConnection object at 0x7699746b9f40>: Failed to establish a new connection: [Errno 111] Connection refused'))
[2026-03-25T15:14:01.069+0000] {climarisk_dag.py:153} ERROR - ❌ Kathmandu: HTTPConnectionPool(host='backend', port=8000): Max retries exceeded with url: /api/predictions/flood (Caused by NewConnectionError('<urllib3.connection.HTTPConnection object at 0x7699746cc9e0>: Failed to establish a new connection: [Errno 111] Connection refused'))
[2026-03-25T15:14:01.070+0000] {climarisk_dag.py:153} ERROR - ❌ Yangon: HTTPConnectionPool(host='backend', port=8000): Max retries exceeded with url: /api/predictions/flood (Caused by NewConnectionError('<urllib3.connection.HTTPConnection object at 0x7699746cd0d0>: Failed to establish a new connection: [Errno 111] Connection refused'))
[2026-03-25T15:14:01.072+0000] {climarisk_dag.py:153} ERROR - ❌ Sittwe: HTTPConnectionPool(host='backend', port=8000): Max retries exceeded with url: /api/predictions/flood (Caused by NewConnectionError('<urllib3.connection.HTTPConnection object at 0x7699746cd070>: Failed to establish a new connection: [Errno 111] Connection refused'))
[2026-03-25T15:14:01.073+0000] {climarisk_dag.py:153} ERROR - ❌ Phnom Penh: HTTPConnectionPool(host='backend', port=8000): Max retries exceeded with url: /api/predictions/flood (Caused by NewConnectionError('<urllib3.connection.HTTPConnection object at 0x7699746ec4a0>: Failed to establish a new connection: [Errno 111] Connection refused'))
[2026-03-25T15:14:01.075+0000] {climarisk_dag.py:153} ERROR - ❌ Riyadh: HTTPConnectionPool(host='backend', port=8000): Max retries exceeded with url: /api/predictions/flood (Caused by NewConnectionError('<urllib3.connection.HTTPConnection object at 0x7699746ed5b0>: Failed to establish a new connection: [Errno 111] Connection refused'))
[2026-03-25T15:14:01.076+0000] {climarisk_dag.py:153} ERROR - ❌ Dubai: HTTPConnectionPool(host='backend', port=8000): Max retries exceeded with url: /api/predictions/flood (Caused by NewConnectionError('<urllib3.connection.HTTPConnection object at 0x7699746ba600>: Failed to establish a new connection: [Errno 111] Connection refused'))
[2026-03-25T15:14:01.077+0000] {climarisk_dag.py:153} ERROR - ❌ Tehran: HTTPConnectionPool(host='backend', port=8000): Max retries exceeded with url: /api/predictions/flood (Caused by NewConnectionError('<urllib3.connection.HTTPConnection object at 0x7699746cd340>: Failed to establish a new connection: [Errno 111] Connection refused'))
[2026-03-25T15:14:01.079+0000] {climarisk_dag.py:153} ERROR - ❌ Istanbul: HTTPConnectionPool(host='backend', port=8000): Max retries exceeded with url: /api/predictions/flood (Caused by NewConnectionError('<urllib3.connection.HTTPConnection object at 0x7699746cd370>: Failed to establish a new connection: [Errno 111] Connection refused'))
[2026-03-25T15:14:01.080+0000] {climarisk_dag.py:153} ERROR - ❌ Ankara: HTTPConnectionPool(host='backend', port=8000): Max retries exceeded with url: /api/predictions/flood (Caused by NewConnectionError('<urllib3.connection.HTTPConnection object at 0x7699746cf1d0>: Failed to establish a new connection: [Errno 111] Connection refused'))
[2026-03-25T15:14:01.081+0000] {climarisk_dag.py:153} ERROR - ❌ Baghdad: HTTPConnectionPool(host='backend', port=8000): Max retries exceeded with url: /api/predictions/flood (Caused by NewConnectionError('<urllib3.connection.HTTPConnection object at 0x7699746ed8b0>: Failed to establish a new connection: [Errno 111] Connection refused'))
[2026-03-25T15:14:01.083+0000] {climarisk_dag.py:153} ERROR - ❌ Baku: HTTPConnectionPool(host='backend', port=8000): Max retries exceeded with url: /api/predictions/flood (Caused by NewConnectionError('<urllib3.connection.HTTPConnection object at 0x7699746ee180>: Failed to establish a new connection: [Errno 111] Connection refused'))
[2026-03-25T15:14:01.084+0000] {climarisk_dag.py:153} ERROR - ❌ Tashkent: HTTPConnectionPool(host='backend', port=8000): Max retries exceeded with url: /api/predictions/flood (Caused by NewConnectionError('<urllib3.connection.HTTPConnection object at 0x7699746cf230>: Failed to establish a new connection: [Errno 111] Connection refused'))
[2026-03-25T15:14:01.086+0000] {climarisk_dag.py:153} ERROR - ❌ Almaty: HTTPConnectionPool(host='backend', port=8000): Max retries exceeded with url: /api/predictions/flood (Caused by NewConnectionError('<urllib3.connection.HTTPConnection object at 0x7699746ce210>: Failed to establish a new connection: [Errno 111] Connection refused'))
[2026-03-25T15:14:01.087+0000] {climarisk_dag.py:153} ERROR - ❌ Guam: HTTPConnectionPool(host='backend', port=8000): Max retries exceeded with url: /api/predictions/flood (Caused by NewConnectionError('<urllib3.connection.HTTPConnection object at 0x76997d62d1c0>: Failed to establish a new connection: [Errno 111] Connection refused'))
[2026-03-25T15:14:01.088+0000] {climarisk_dag.py:153} ERROR - ❌ Paris: HTTPConnectionPool(host='backend', port=8000): Max retries exceeded with url: /api/predictions/flood (Caused by NewConnectionError('<urllib3.connection.HTTPConnection object at 0x7699746b8b30>: Failed to establish a new connection: [Errno 111] Connection refused'))
[2026-03-25T15:14:01.090+0000] {climarisk_dag.py:153} ERROR - ❌ Lyon: HTTPConnectionPool(host='backend', port=8000): Max retries exceeded with url: /api/predictions/flood (Caused by NewConnectionError('<urllib3.connection.HTTPConnection object at 0x7699746ee2a0>: Failed to establish a new connection: [Errno 111] Connection refused'))
[2026-03-25T15:14:01.091+0000] {climarisk_dag.py:153} ERROR - ❌ Marseille: HTTPConnectionPool(host='backend', port=8000): Max retries exceeded with url: /api/predictions/flood (Caused by NewConnectionError('<urllib3.connection.HTTPConnection object at 0x7699746eecf0>: Failed to establish a new connection: [Errno 111] Connection refused'))
[2026-03-25T15:14:01.092+0000] {climarisk_dag.py:153} ERROR - ❌ Toulouse: HTTPConnectionPool(host='backend', port=8000): Max retries exceeded with url: /api/predictions/flood (Caused by NewConnectionError('<urllib3.connection.HTTPConnection object at 0x769974dbe780>: Failed to establish a new connection: [Errno 111] Connection refused'))
[2026-03-25T15:14:01.093+0000] {climarisk_dag.py:153} ERROR - ❌ Bordeaux: HTTPConnectionPool(host='backend', port=8000): Max retries exceeded with url: /api/predictions/flood (Caused by NewConnectionError('<urllib3.connection.HTTPConnection object at 0x7699746cc650>: Failed to establish a new connection: [Errno 111] Connection refused'))
[2026-03-25T15:14:01.094+0000] {climarisk_dag.py:153} ERROR - ❌ Nantes: HTTPConnectionPool(host='backend', port=8000): Max retries exceeded with url: /api/predictions/flood (Caused by NewConnectionError('<urllib3.connection.HTTPConnection object at 0x7699746cc8c0>: Failed to establish a new connection: [Errno 111] Connection refused'))
[2026-03-25T15:14:01.096+0000] {climarisk_dag.py:153} ERROR - ❌ Strasbourg: HTTPConnectionPool(host='backend', port=8000): Max retries exceeded with url: /api/predictions/flood (Caused by NewConnectionError('<urllib3.connection.HTTPConnection object at 0x7699746cfce0>: Failed to establish a new connection: [Errno 111] Connection refused'))
[2026-03-25T15:14:01.097+0000] {climarisk_dag.py:153} ERROR - ❌ Lille: HTTPConnectionPool(host='backend', port=8000): Max retries exceeded with url: /api/predictions/flood (Caused by NewConnectionError('<urllib3.connection.HTTPConnection object at 0x7699746eeea0>: Failed to establish a new connection: [Errno 111] Connection refused'))
[2026-03-25T15:14:01.099+0000] {climarisk_dag.py:153} ERROR - ❌ Montpellier: HTTPConnectionPool(host='backend', port=8000): Max retries exceeded with url: /api/predictions/flood (Caused by NewConnectionError('<urllib3.connection.HTTPConnection object at 0x7699746ef860>: Failed to establish a new connection: [Errno 111] Connection refused'))
[2026-03-25T15:14:02.125+0000] {climarisk_dag.py:153} ERROR - ❌ Nice: HTTPConnectionPool(host='backend', port=8000): Max retries exceeded with url: /api/predictions/flood (Caused by NewConnectionError('<urllib3.connection.HTTPConnection object at 0x7699746badb0>: Failed to establish a new connection: [Errno 111] Connection refused'))
[2026-03-25T15:14:02.127+0000] {climarisk_dag.py:153} ERROR - ❌ London: HTTPConnectionPool(host='backend', port=8000): Max retries exceeded with url: /api/predictions/flood (Caused by NewConnectionError('<urllib3.connection.HTTPConnection object at 0x7699746cf440>: Failed to establish a new connection: [Errno 111] Connection refused'))
[2026-03-25T15:14:02.129+0000] {climarisk_dag.py:153} ERROR - ❌ Birmingham: HTTPConnectionPool(host='backend', port=8000): Max retries exceeded with url: /api/predictions/flood (Caused by NewConnectionError('<urllib3.connection.HTTPConnection object at 0x7699746ce210>: Failed to establish a new connection: [Errno 111] Connection refused'))
[2026-03-25T15:14:02.130+0000] {climarisk_dag.py:153} ERROR - ❌ Manchester: HTTPConnectionPool(host='backend', port=8000): Max retries exceeded with url: /api/predictions/flood (Caused by NewConnectionError('<urllib3.connection.HTTPConnection object at 0x7699746cda90>: Failed to establish a new connection: [Errno 111] Connection refused'))
[2026-03-25T15:14:02.132+0000] {climarisk_dag.py:153} ERROR - ❌ Berlin: HTTPConnectionPool(host='backend', port=8000): Max retries exceeded with url: /api/predictions/flood (Caused by NewConnectionError('<urllib3.connection.HTTPConnection object at 0x7699746ce6f0>: Failed to establish a new connection: [Errno 111] Connection refused'))
[2026-03-25T15:14:02.133+0000] {climarisk_dag.py:153} ERROR - ❌ Hamburg: HTTPConnectionPool(host='backend', port=8000): Max retries exceeded with url: /api/predictions/flood (Caused by NewConnectionError('<urllib3.connection.HTTPConnection object at 0x7699746ed940>: Failed to establish a new connection: [Errno 111] Connection refused'))
[2026-03-25T15:14:02.135+0000] {climarisk_dag.py:153} ERROR - ❌ Munich: HTTPConnectionPool(host='backend', port=8000): Max retries exceeded with url: /api/predictions/flood (Caused by NewConnectionError('<urllib3.connection.HTTPConnection object at 0x7699746cc9b0>: Failed to establish a new connection: [Errno 111] Connection refused'))
[2026-03-25T15:14:02.136+0000] {climarisk_dag.py:153} ERROR - ❌ Frankfurt: HTTPConnectionPool(host='backend', port=8000): Max retries exceeded with url: /api/predictions/flood (Caused by NewConnectionError('<urllib3.connection.HTTPConnection object at 0x7699746cef00>: Failed to establish a new connection: [Errno 111] Connection refused'))
[2026-03-25T15:14:02.138+0000] {climarisk_dag.py:153} ERROR - ❌ Madrid: HTTPConnectionPool(host='backend', port=8000): Max retries exceeded with url: /api/predictions/flood (Caused by NewConnectionError('<urllib3.connection.HTTPConnection object at 0x7699746cc9e0>: Failed to establish a new connection: [Errno 111] Connection refused'))
[2026-03-25T15:14:02.139+0000] {climarisk_dag.py:153} ERROR - ❌ Barcelona: HTTPConnectionPool(host='backend', port=8000): Max retries exceeded with url: /api/predictions/flood (Caused by NewConnectionError('<urllib3.connection.HTTPConnection object at 0x7699746baff0>: Failed to establish a new connection: [Errno 111] Connection refused'))
[2026-03-25T15:14:02.141+0000] {climarisk_dag.py:153} ERROR - ❌ Valencia: HTTPConnectionPool(host='backend', port=8000): Max retries exceeded with url: /api/predictions/flood (Caused by NewConnectionError('<urllib3.connection.HTTPConnection object at 0x7699746ee8a0>: Failed to establish a new connection: [Errno 111] Connection refused'))
[2026-03-25T15:14:02.142+0000] {climarisk_dag.py:153} ERROR - ❌ Malaga: HTTPConnectionPool(host='backend', port=8000): Max retries exceeded with url: /api/predictions/flood (Caused by NewConnectionError('<urllib3.connection.HTTPConnection object at 0x7699746edd30>: Failed to establish a new connection: [Errno 111] Connection refused'))
[2026-03-25T15:14:02.144+0000] {climarisk_dag.py:153} ERROR - ❌ Rome: HTTPConnectionPool(host='backend', port=8000): Max retries exceeded with url: /api/predictions/flood (Caused by NewConnectionError('<urllib3.connection.HTTPConnection object at 0x7699746b9ca0>: Failed to establish a new connection: [Errno 111] Connection refused'))
[2026-03-25T15:14:02.145+0000] {climarisk_dag.py:153} ERROR - ❌ Milan: HTTPConnectionPool(host='backend', port=8000): Max retries exceeded with url: /api/predictions/flood (Caused by NewConnectionError('<urllib3.connection.HTTPConnection object at 0x7699746cfa40>: Failed to establish a new connection: [Errno 111] Connection refused'))
[2026-03-25T15:14:02.147+0000] {climarisk_dag.py:153} ERROR - ❌ Palermo: HTTPConnectionPool(host='backend', port=8000): Max retries exceeded with url: /api/predictions/flood (Caused by NewConnectionError('<urllib3.connection.HTTPConnection object at 0x7699746cc8f0>: Failed to establish a new connection: [Errno 111] Connection refused'))
[2026-03-25T15:14:02.148+0000] {climarisk_dag.py:153} ERROR - ❌ Amsterdam: HTTPConnectionPool(host='backend', port=8000): Max retries exceeded with url: /api/predictions/flood (Caused by NewConnectionError('<urllib3.connection.HTTPConnection object at 0x7699746cdfd0>: Failed to establish a new connection: [Errno 111] Connection refused'))
[2026-03-25T15:14:02.149+0000] {climarisk_dag.py:153} ERROR - ❌ Brussels: HTTPConnectionPool(host='backend', port=8000): Max retries exceeded with url: /api/predictions/flood (Caused by NewConnectionError('<urllib3.connection.HTTPConnection object at 0x7699746ee150>: Failed to establish a new connection: [Errno 111] Connection refused'))
[2026-03-25T15:14:02.150+0000] {climarisk_dag.py:153} ERROR - ❌ Vienna: HTTPConnectionPool(host='backend', port=8000): Max retries exceeded with url: /api/predictions/flood (Caused by NewConnectionError('<urllib3.connection.HTTPConnection object at 0x7699746ed4c0>: Failed to establish a new connection: [Errno 111] Connection refused'))
[2026-03-25T15:14:02.152+0000] {climarisk_dag.py:153} ERROR - ❌ Zurich: HTTPConnectionPool(host='backend', port=8000): Max retries exceeded with url: /api/predictions/flood (Caused by NewConnectionError('<urllib3.connection.HTTPConnection object at 0x7699746cd070>: Failed to establish a new connection: [Errno 111] Connection refused'))
[2026-03-25T15:14:02.153+0000] {climarisk_dag.py:153} ERROR - ❌ Stockholm: HTTPConnectionPool(host='backend', port=8000): Max retries exceeded with url: /api/predictions/flood (Caused by NewConnectionError('<urllib3.connection.HTTPConnection object at 0x7699746cdb80>: Failed to establish a new connection: [Errno 111] Connection refused'))
[2026-03-25T15:14:02.154+0000] {climarisk_dag.py:153} ERROR - ❌ Oslo: HTTPConnectionPool(host='backend', port=8000): Max retries exceeded with url: /api/predictions/flood (Caused by NewConnectionError('<urllib3.connection.HTTPConnection object at 0x7699746baa20>: Failed to establish a new connection: [Errno 111] Connection refused'))
[2026-03-25T15:14:02.155+0000] {climarisk_dag.py:153} ERROR - ❌ Copenhagen: HTTPConnectionPool(host='backend', port=8000): Max retries exceeded with url: /api/predictions/flood (Caused by NewConnectionError('<urllib3.connection.HTTPConnection object at 0x7699746ba480>: Failed to establish a new connection: [Errno 111] Connection refused'))
[2026-03-25T15:14:02.156+0000] {climarisk_dag.py:153} ERROR - ❌ Helsinki: HTTPConnectionPool(host='backend', port=8000): Max retries exceeded with url: /api/predictions/flood (Caused by NewConnectionError('<urllib3.connection.HTTPConnection object at 0x7699746ee540>: Failed to establish a new connection: [Errno 111] Connection refused'))
[2026-03-25T15:14:02.158+0000] {climarisk_dag.py:153} ERROR - ❌ Warsaw: HTTPConnectionPool(host='backend', port=8000): Max retries exceeded with url: /api/predictions/flood (Caused by NewConnectionError('<urllib3.connection.HTTPConnection object at 0x7699746ec3e0>: Failed to establish a new connection: [Errno 111] Connection refused'))
[2026-03-25T15:14:02.159+0000] {climarisk_dag.py:153} ERROR - ❌ Prague: HTTPConnectionPool(host='backend', port=8000): Max retries exceeded with url: /api/predictions/flood (Caused by NewConnectionError('<urllib3.connection.HTTPConnection object at 0x7699746ba2d0>: Failed to establish a new connection: [Errno 111] Connection refused'))
[2026-03-25T15:14:02.160+0000] {climarisk_dag.py:153} ERROR - ❌ Budapest: HTTPConnectionPool(host='backend', port=8000): Max retries exceeded with url: /api/predictions/flood (Caused by NewConnectionError('<urllib3.connection.HTTPConnection object at 0x7699746cf290>: Failed to establish a new connection: [Errno 111] Connection refused'))
[2026-03-25T15:14:02.162+0000] {climarisk_dag.py:153} ERROR - ❌ Bucharest: HTTPConnectionPool(host='backend', port=8000): Max retries exceeded with url: /api/predictions/flood (Caused by NewConnectionError('<urllib3.connection.HTTPConnection object at 0x7699746ccd40>: Failed to establish a new connection: [Errno 111] Connection refused'))
[2026-03-25T15:14:02.163+0000] {climarisk_dag.py:153} ERROR - ❌ Athens: HTTPConnectionPool(host='backend', port=8000): Max retries exceeded with url: /api/predictions/flood (Caused by NewConnectionError('<urllib3.connection.HTTPConnection object at 0x7699746ec650>: Failed to establish a new connection: [Errno 111] Connection refused'))
[2026-03-25T15:14:02.164+0000] {climarisk_dag.py:153} ERROR - ❌ Thessaloniki: HTTPConnectionPool(host='backend', port=8000): Max retries exceeded with url: /api/predictions/flood (Caused by NewConnectionError('<urllib3.connection.HTTPConnection object at 0x7699746ec590>: Failed to establish a new connection: [Errno 111] Connection refused'))
[2026-03-25T15:14:02.166+0000] {climarisk_dag.py:153} ERROR - ❌ Lisbon: HTTPConnectionPool(host='backend', port=8000): Max retries exceeded with url: /api/predictions/flood (Caused by NewConnectionError('<urllib3.connection.HTTPConnection object at 0x7699745141d0>: Failed to establish a new connection: [Errno 111] Connection refused'))
[2026-03-25T15:14:02.167+0000] {climarisk_dag.py:153} ERROR - ❌ Moscow: HTTPConnectionPool(host='backend', port=8000): Max retries exceeded with url: /api/predictions/flood (Caused by NewConnectionError('<urllib3.connection.HTTPConnection object at 0x7699746ce870>: Failed to establish a new connection: [Errno 111] Connection refused'))
[2026-03-25T15:14:02.169+0000] {climarisk_dag.py:153} ERROR - ❌ Saint Petersburg: HTTPConnectionPool(host='backend', port=8000): Max retries exceeded with url: /api/predictions/flood (Caused by NewConnectionError('<urllib3.connection.HTTPConnection object at 0x7699746cd340>: Failed to establish a new connection: [Errno 111] Connection refused'))
[2026-03-25T15:14:02.170+0000] {climarisk_dag.py:153} ERROR - ❌ Krasnoyarsk: HTTPConnectionPool(host='backend', port=8000): Max retries exceeded with url: /api/predictions/flood (Caused by NewConnectionError('<urllib3.connection.HTTPConnection object at 0x7699746cff80>: Failed to establish a new connection: [Errno 111] Connection refused'))
[2026-03-25T15:14:02.172+0000] {climarisk_dag.py:153} ERROR - ❌ Irkutsk: HTTPConnectionPool(host='backend', port=8000): Max retries exceeded with url: /api/predictions/flood (Caused by NewConnectionError('<urllib3.connection.HTTPConnection object at 0x7699746b96a0>: Failed to establish a new connection: [Errno 111] Connection refused'))
[2026-03-25T15:14:02.173+0000] {climarisk_dag.py:153} ERROR - ❌ Yakutsk: HTTPConnectionPool(host='backend', port=8000): Max retries exceeded with url: /api/predictions/flood (Caused by NewConnectionError('<urllib3.connection.HTTPConnection object at 0x769974514410>: Failed to establish a new connection: [Errno 111] Connection refused'))
[2026-03-25T15:14:02.175+0000] {climarisk_dag.py:153} ERROR - ❌ Khabarovsk: HTTPConnectionPool(host='backend', port=8000): Max retries exceeded with url: /api/predictions/flood (Caused by NewConnectionError('<urllib3.connection.HTTPConnection object at 0x769974514cb0>: Failed to establish a new connection: [Errno 111] Connection refused'))
[2026-03-25T15:14:02.177+0000] {climarisk_dag.py:153} ERROR - ❌ Kyiv: HTTPConnectionPool(host='backend', port=8000): Max retries exceeded with url: /api/predictions/flood (Caused by NewConnectionError('<urllib3.connection.HTTPConnection object at 0x7699746bb5f0>: Failed to establish a new connection: [Errno 111] Connection refused'))
[2026-03-25T15:14:02.179+0000] {climarisk_dag.py:153} ERROR - ❌ New York: HTTPConnectionPool(host='backend', port=8000): Max retries exceeded with url: /api/predictions/flood (Caused by NewConnectionError('<urllib3.connection.HTTPConnection object at 0x7699746cf170>: Failed to establish a new connection: [Errno 111] Connection refused'))
[2026-03-25T15:14:02.180+0000] {climarisk_dag.py:153} ERROR - ❌ Los Angeles: HTTPConnectionPool(host='backend', port=8000): Max retries exceeded with url: /api/predictions/flood (Caused by NewConnectionError('<urllib3.connection.HTTPConnection object at 0x7699746cf8f0>: Failed to establish a new connection: [Errno 111] Connection refused'))
[2026-03-25T15:14:02.182+0000] {climarisk_dag.py:153} ERROR - ❌ Chicago: HTTPConnectionPool(host='backend', port=8000): Max retries exceeded with url: /api/predictions/flood (Caused by NewConnectionError('<urllib3.connection.HTTPConnection object at 0x7699746ee090>: Failed to establish a new connection: [Errno 111] Connection refused'))
[2026-03-25T15:14:02.184+0000] {climarisk_dag.py:153} ERROR - ❌ Houston: HTTPConnectionPool(host='backend', port=8000): Max retries exceeded with url: /api/predictions/flood (Caused by NewConnectionError('<urllib3.connection.HTTPConnection object at 0x769974514e60>: Failed to establish a new connection: [Errno 111] Connection refused'))
[2026-03-25T15:14:02.185+0000] {climarisk_dag.py:153} ERROR - ❌ Miami: HTTPConnectionPool(host='backend', port=8000): Max retries exceeded with url: /api/predictions/flood (Caused by NewConnectionError('<urllib3.connection.HTTPConnection object at 0x769974515790>: Failed to establish a new connection: [Errno 111] Connection refused'))
[2026-03-25T15:14:02.187+0000] {climarisk_dag.py:153} ERROR - ❌ New Orleans: HTTPConnectionPool(host='backend', port=8000): Max retries exceeded with url: /api/predictions/flood (Caused by NewConnectionError('<urllib3.connection.HTTPConnection object at 0x7699746cde80>: Failed to establish a new connection: [Errno 111] Connection refused'))
[2026-03-25T15:14:02.188+0000] {climarisk_dag.py:153} ERROR - ❌ Seattle: HTTPConnectionPool(host='backend', port=8000): Max retries exceeded with url: /api/predictions/flood (Caused by NewConnectionError('<urllib3.connection.HTTPConnection object at 0x7699746ccfe0>: Failed to establish a new connection: [Errno 111] Connection refused'))
[2026-03-25T15:14:02.190+0000] {climarisk_dag.py:153} ERROR - ❌ Sacramento: HTTPConnectionPool(host='backend', port=8000): Max retries exceeded with url: /api/predictions/flood (Caused by NewConnectionError('<urllib3.connection.HTTPConnection object at 0x7699746cf110>: Failed to establish a new connection: [Errno 111] Connection refused'))
[2026-03-25T15:14:02.192+0000] {climarisk_dag.py:153} ERROR - ❌ Fresno: HTTPConnectionPool(host='backend', port=8000): Max retries exceeded with url: /api/predictions/flood (Caused by NewConnectionError('<urllib3.connection.HTTPConnection object at 0x7699746ba030>: Failed to establish a new connection: [Errno 111] Connection refused'))
[2026-03-25T15:14:02.193+0000] {climarisk_dag.py:153} ERROR - ❌ Redding: HTTPConnectionPool(host='backend', port=8000): Max retries exceeded with url: /api/predictions/flood (Caused by NewConnectionError('<urllib3.connection.HTTPConnection object at 0x769974514290>: Failed to establish a new connection: [Errno 111] Connection refused'))
[2026-03-25T15:14:02.195+0000] {climarisk_dag.py:153} ERROR - ❌ Memphis: HTTPConnectionPool(host='backend', port=8000): Max retries exceeded with url: /api/predictions/flood (Caused by NewConnectionError('<urllib3.connection.HTTPConnection object at 0x769974515fd0>: Failed to establish a new connection: [Errno 111] Connection refused'))
[2026-03-25T15:14:02.196+0000] {climarisk_dag.py:153} ERROR - ❌ Toronto: HTTPConnectionPool(host='backend', port=8000): Max retries exceeded with url: /api/predictions/flood (Caused by NewConnectionError('<urllib3.connection.HTTPConnection object at 0x7699746b95b0>: Failed to establish a new connection: [Errno 111] Connection refused'))
[2026-03-25T15:14:02.197+0000] {climarisk_dag.py:153} ERROR - ❌ Montreal: HTTPConnectionPool(host='backend', port=8000): Max retries exceeded with url: /api/predictions/flood (Caused by NewConnectionError('<urllib3.connection.HTTPConnection object at 0x7699746cf740>: Failed to establish a new connection: [Errno 111] Connection refused'))
[2026-03-25T15:14:02.199+0000] {climarisk_dag.py:153} ERROR - ❌ Vancouver: HTTPConnectionPool(host='backend', port=8000): Max retries exceeded with url: /api/predictions/flood (Caused by NewConnectionError('<urllib3.connection.HTTPConnection object at 0x7699746ce570>: Failed to establish a new connection: [Errno 111] Connection refused'))
[2026-03-25T15:14:02.200+0000] {climarisk_dag.py:153} ERROR - ❌ Mexico City: HTTPConnectionPool(host='backend', port=8000): Max retries exceeded with url: /api/predictions/flood (Caused by NewConnectionError('<urllib3.connection.HTTPConnection object at 0x7699746ec080>: Failed to establish a new connection: [Errno 111] Connection refused'))
[2026-03-25T15:14:02.201+0000] {climarisk_dag.py:153} ERROR - ❌ Veracruz: HTTPConnectionPool(host='backend', port=8000): Max retries exceeded with url: /api/predictions/flood (Caused by NewConnectionError('<urllib3.connection.HTTPConnection object at 0x7699745161b0>: Failed to establish a new connection: [Errno 111] Connection refused'))
[2026-03-25T15:14:02.202+0000] {climarisk_dag.py:153} ERROR - ❌ Cancún: HTTPConnectionPool(host='backend', port=8000): Max retries exceeded with url: /api/predictions/flood (Caused by NewConnectionError('<urllib3.connection.HTTPConnection object at 0x769974516ab0>: Failed to establish a new connection: [Errno 111] Connection refused'))
[2026-03-25T15:14:02.203+0000] {climarisk_dag.py:153} ERROR - ❌ São Paulo: HTTPConnectionPool(host='backend', port=8000): Max retries exceeded with url: /api/predictions/flood (Caused by NewConnectionError('<urllib3.connection.HTTPConnection object at 0x7699746cf080>: Failed to establish a new connection: [Errno 111] Connection refused'))
[2026-03-25T15:14:02.205+0000] {climarisk_dag.py:153} ERROR - ❌ Rio de Janeiro: HTTPConnectionPool(host='backend', port=8000): Max retries exceeded with url: /api/predictions/flood (Caused by NewConnectionError('<urllib3.connection.HTTPConnection object at 0x7699746cd790>: Failed to establish a new connection: [Errno 111] Connection refused'))
[2026-03-25T15:14:02.206+0000] {climarisk_dag.py:153} ERROR - ❌ Belém: HTTPConnectionPool(host='backend', port=8000): Max retries exceeded with url: /api/predictions/flood (Caused by NewConnectionError('<urllib3.connection.HTTPConnection object at 0x7699746cff80>: Failed to establish a new connection: [Errno 111] Connection refused'))
[2026-03-25T15:14:02.207+0000] {climarisk_dag.py:153} ERROR - ❌ Marabá: HTTPConnectionPool(host='backend', port=8000): Max retries exceeded with url: /api/predictions/flood (Caused by NewConnectionError('<urllib3.connection.HTTPConnection object at 0x7699746b9940>: Failed to establish a new connection: [Errno 111] Connection refused'))
[2026-03-25T15:14:02.208+0000] {climarisk_dag.py:153} ERROR - ❌ Sinop: HTTPConnectionPool(host='backend', port=8000): Max retries exceeded with url: /api/predictions/flood (Caused by NewConnectionError('<urllib3.connection.HTTPConnection object at 0x769974515430>: Failed to establish a new connection: [Errno 111] Connection refused'))
[2026-03-25T15:14:02.210+0000] {climarisk_dag.py:153} ERROR - ❌ Porto Velho: HTTPConnectionPool(host='backend', port=8000): Max retries exceeded with url: /api/predictions/flood (Caused by NewConnectionError('<urllib3.connection.HTTPConnection object at 0x769974517410>: Failed to establish a new connection: [Errno 111] Connection refused'))
[2026-03-25T15:14:02.211+0000] {climarisk_dag.py:153} ERROR - ❌ Buenos Aires: HTTPConnectionPool(host='backend', port=8000): Max retries exceeded with url: /api/predictions/flood (Caused by NewConnectionError('<urllib3.connection.HTTPConnection object at 0x76997497bc20>: Failed to establish a new connection: [Errno 111] Connection refused'))
[2026-03-25T15:14:02.212+0000] {climarisk_dag.py:153} ERROR - ❌ Lima: HTTPConnectionPool(host='backend', port=8000): Max retries exceeded with url: /api/predictions/flood (Caused by NewConnectionError('<urllib3.connection.HTTPConnection object at 0x7699746cf1d0>: Failed to establish a new connection: [Errno 111] Connection refused'))
[2026-03-25T15:14:02.213+0000] {climarisk_dag.py:153} ERROR - ❌ Bogotá: HTTPConnectionPool(host='backend', port=8000): Max retries exceeded with url: /api/predictions/flood (Caused by NewConnectionError('<urllib3.connection.HTTPConnection object at 0x7699746cd1f0>: Failed to establish a new connection: [Errno 111] Connection refused'))
[2026-03-25T15:14:02.215+0000] {climarisk_dag.py:153} ERROR - ❌ Santiago: HTTPConnectionPool(host='backend', port=8000): Max retries exceeded with url: /api/predictions/flood (Caused by NewConnectionError('<urllib3.connection.HTTPConnection object at 0x7699746ee870>: Failed to establish a new connection: [Errno 111] Connection refused'))
[2026-03-25T15:14:02.216+0000] {climarisk_dag.py:153} ERROR - ❌ Port-au-Prince: HTTPConnectionPool(host='backend', port=8000): Max retries exceeded with url: /api/predictions/flood (Caused by NewConnectionError('<urllib3.connection.HTTPConnection object at 0x769974517650>: Failed to establish a new connection: [Errno 111] Connection refused'))
[2026-03-25T15:14:02.218+0000] {climarisk_dag.py:153} ERROR - ❌ San Juan: HTTPConnectionPool(host='backend', port=8000): Max retries exceeded with url: /api/predictions/flood (Caused by NewConnectionError('<urllib3.connection.HTTPConnection object at 0x769974517f50>: Failed to establish a new connection: [Errno 111] Connection refused'))
[2026-03-25T15:14:02.220+0000] {climarisk_dag.py:153} ERROR - ❌ Kingston: HTTPConnectionPool(host='backend', port=8000): Max retries exceeded with url: /api/predictions/flood (Caused by NewConnectionError('<urllib3.connection.HTTPConnection object at 0x7699746ee540>: Failed to establish a new connection: [Errno 111] Connection refused'))
[2026-03-25T15:14:02.221+0000] {climarisk_dag.py:153} ERROR - ❌ Port of Spain: HTTPConnectionPool(host='backend', port=8000): Max retries exceeded with url: /api/predictions/flood (Caused by NewConnectionError('<urllib3.connection.HTTPConnection object at 0x7699746cfc50>: Failed to establish a new connection: [Errno 111] Connection refused'))
[2026-03-25T15:14:02.222+0000] {climarisk_dag.py:153} ERROR - ❌ Sydney: HTTPConnectionPool(host='backend', port=8000): Max retries exceeded with url: /api/predictions/flood (Caused by NewConnectionError('<urllib3.connection.HTTPConnection object at 0x7699746cd370>: Failed to establish a new connection: [Errno 111] Connection refused'))
[2026-03-25T15:14:02.224+0000] {climarisk_dag.py:153} ERROR - ❌ Melbourne: HTTPConnectionPool(host='backend', port=8000): Max retries exceeded with url: /api/predictions/flood (Caused by NewConnectionError('<urllib3.connection.HTTPConnection object at 0x7699746ba210>: Failed to establish a new connection: [Errno 111] Connection refused'))
[2026-03-25T15:14:02.225+0000] {climarisk_dag.py:153} ERROR - ❌ Brisbane: HTTPConnectionPool(host='backend', port=8000): Max retries exceeded with url: /api/predictions/flood (Caused by NewConnectionError('<urllib3.connection.HTTPConnection object at 0x76997467a4b0>: Failed to establish a new connection: [Errno 111] Connection refused'))
[2026-03-25T15:14:02.227+0000] {climarisk_dag.py:153} ERROR - ❌ Darwin: HTTPConnectionPool(host='backend', port=8000): Max retries exceeded with url: /api/predictions/flood (Caused by NewConnectionError('<urllib3.connection.HTTPConnection object at 0x769974530a40>: Failed to establish a new connection: [Errno 111] Connection refused'))
[2026-03-25T15:14:02.229+0000] {climarisk_dag.py:153} ERROR - ❌ Alice Springs: HTTPConnectionPool(host='backend', port=8000): Max retries exceeded with url: /api/predictions/flood (Caused by NewConnectionError('<urllib3.connection.HTTPConnection object at 0x769974517ce0>: Failed to establish a new connection: [Errno 111] Connection refused'))
[2026-03-25T15:14:02.230+0000] {climarisk_dag.py:153} ERROR - ❌ Cairns: HTTPConnectionPool(host='backend', port=8000): Max retries exceeded with url: /api/predictions/flood (Caused by NewConnectionError('<urllib3.connection.HTTPConnection object at 0x769974517200>: Failed to establish a new connection: [Errno 111] Connection refused'))
[2026-03-25T15:14:02.232+0000] {climarisk_dag.py:153} ERROR - ❌ Auckland: HTTPConnectionPool(host='backend', port=8000): Max retries exceeded with url: /api/predictions/flood (Caused by NewConnectionError('<urllib3.connection.HTTPConnection object at 0x769974516270>: Failed to establish a new connection: [Errno 111] Connection refused'))
[2026-03-25T15:14:02.234+0000] {climarisk_dag.py:153} ERROR - ❌ Port Moresby: HTTPConnectionPool(host='backend', port=8000): Max retries exceeded with url: /api/predictions/flood (Caused by NewConnectionError('<urllib3.connection.HTTPConnection object at 0x769974515730>: Failed to establish a new connection: [Errno 111] Connection refused'))
[2026-03-25T15:14:02.234+0000] {climarisk_dag.py:157} INFO - ✅ Done: 0 OK, 291 errors, 77.0s
[2026-03-25T15:14:02.260+0000] {taskinstance.py:441} INFO - ::group::Post task execution logs
[2026-03-25T15:14:02.261+0000] {taskinstance.py:2905} ERROR - Task failed with exception
Traceback (most recent call last):
  File "/home/airflow/.local/lib/python3.12/site-packages/airflow/models/taskinstance.py", line 465, in _execute_task
    result = _execute_callable(context=context, **execute_callable_kwargs)
             ^^^^^^^^^^^^^^^^^^^^^^^^^^^^^^^^^^^^^^^^^^^^^^^^^^^^^^^^^^^^^
  File "/home/airflow/.local/lib/python3.12/site-packages/airflow/models/taskinstance.py", line 432, in _execute_callable
    return execute_callable(context=context, **execute_callable_kwargs)
           ^^^^^^^^^^^^^^^^^^^^^^^^^^^^^^^^^^^^^^^^^^^^^^^^^^^^^^^^^^^^
  File "/home/airflow/.local/lib/python3.12/site-packages/airflow/models/baseoperator.py", line 400, in wrapper
    return func(self, *args, **kwargs)
           ^^^^^^^^^^^^^^^^^^^^^^^^^^^
  File "/home/airflow/.local/lib/python3.12/site-packages/airflow/operators/python.py", line 235, in execute
    return_value = self.execute_callable()
                   ^^^^^^^^^^^^^^^^^^^^^^^
  File "/home/airflow/.local/lib/python3.12/site-packages/airflow/operators/python.py", line 252, in execute_callable
    return self.python_callable(*self.op_args, **self.op_kwargs)
           ^^^^^^^^^^^^^^^^^^^^^^^^^^^^^^^^^^^^^^^^^^^^^^^^^^^^^
  File "/opt/airflow/dags/climarisk_dag.py", line 166, in predict_all_zones
    raise Exception(f"{errors} zone(s) failed — check logs above")
Exception: 291 zone(s) failed — check logs above
[2026-03-25T15:14:02.286+0000] {taskinstance.py:1206} INFO - Marking task as UP_FOR_RETRY. dag_id=***_predictions, task_id=predict_all_zones, run_id=scheduled__2026-03-25T15:09:00+00:00, execution_date=20260325T150900, start_date=20260325T151244, end_date=20260325T151402
[2026-03-25T15:14:02.301+0000] {standard_task_runner.py:110} ERROR - Failed to execute job 542 for task predict_all_zones (291 zone(s) failed — check logs above; 2749)
[2026-03-25T15:14:02.335+0000] {local_task_job_runner.py:240} INFO - Task exited with return code 1
[2026-03-25T15:14:02.366+0000] {taskinstance.py:3498} INFO - 0 downstream tasks scheduled from follow-on schedule check
[2026-03-25T15:14:02.370+0000] {local_task_job_runner.py:222} INFO - ::endgroup::
