[2026-03-25T15:16:02.918+0000] {local_task_job_runner.py:120} INFO - ::group::Pre task execution logs
[2026-03-25T15:16:02.952+0000] {taskinstance.py:2076} INFO - Dependencies all met for dep_context=non-requeueable deps ti=<TaskInstance: climarisk_predictions.predict_all_zones scheduled__2026-03-25T15:09:00+00:00 [queued]>
[2026-03-25T15:16:02.959+0000] {taskinstance.py:2076} INFO - Dependencies all met for dep_context=requeueable deps ti=<TaskInstance: climarisk_predictions.predict_all_zones scheduled__2026-03-25T15:09:00+00:00 [queued]>
[2026-03-25T15:16:02.960+0000] {taskinstance.py:2306} INFO - Starting attempt 2 of 2
[2026-03-25T15:16:02.970+0000] {taskinstance.py:2330} INFO - Executing <Task(PythonOperator): predict_all_zones> on 2026-03-25 15:09:00+00:00
[2026-03-25T15:16:02.977+0000] {logging_mixin.py:188} WARNING - /home/airflow/.local/lib/python3.12/site-packages/airflow/task/task_runner/standard_task_runner.py:61 DeprecationWarning: This process (pid=313) is multi-threaded, use of fork() may lead to deadlocks in the child.
[2026-03-25T15:16:02.978+0000] {standard_task_runner.py:63} INFO - Started process 314 to run task
[2026-03-25T15:16:02.977+0000] {standard_task_runner.py:90} INFO - Running: ['airflow', 'tasks', 'run', '***_predictions', 'predict_all_zones', 'scheduled__2026-03-25T15:09:00+00:00', '--job-id', '544', '--raw', '--subdir', 'DAGS_FOLDER/***_dag.py', '--cfg-path', '/tmp/tmpdi34co_t']
[2026-03-25T15:16:02.979+0000] {standard_task_runner.py:91} INFO - Job 544: Subtask predict_all_zones
[2026-03-25T15:16:03.052+0000] {task_command.py:426} INFO - Running <TaskInstance: climarisk_predictions.predict_all_zones scheduled__2026-03-25T15:09:00+00:00 [running]> on host 6146f0e8983c
[2026-03-25T15:16:03.149+0000] {taskinstance.py:2648} INFO - Exporting env vars: AIRFLOW_CTX_DAG_OWNER='***' AIRFLOW_CTX_DAG_ID='***_predictions' AIRFLOW_CTX_TASK_ID='predict_all_zones' AIRFLOW_CTX_EXECUTION_DATE='2026-03-25T15:09:00+00:00' AIRFLOW_CTX_TRY_NUMBER='2' AIRFLOW_CTX_DAG_RUN_ID='scheduled__2026-03-25T15:09:00+00:00'
[2026-03-25T15:16:03.150+0000] {taskinstance.py:430} INFO - ::endgroup::
[2026-03-25T15:16:03.393+0000] {climarisk_dag.py:153} ERROR - ❌ Alger: 404 Client Error: Not Found for url: http://backend:8000/api/predictions/flood
[2026-03-25T15:16:03.395+0000] {climarisk_dag.py:153} ERROR - ❌ Cairo: 404 Client Error: Not Found for url: http://backend:8000/api/predictions/flood
[2026-03-25T15:16:03.398+0000] {climarisk_dag.py:153} ERROR - ❌ Lagos: 404 Client Error: Not Found for url: http://backend:8000/api/predictions/flood
[2026-03-25T15:16:03.400+0000] {climarisk_dag.py:153} ERROR - ❌ Kano: 404 Client Error: Not Found for url: http://backend:8000/api/predictions/flood
[2026-03-25T15:16:03.403+0000] {climarisk_dag.py:153} ERROR - ❌ Abuja: 404 Client Error: Not Found for url: http://backend:8000/api/predictions/flood
[2026-03-25T15:16:03.406+0000] {climarisk_dag.py:153} ERROR - ❌ Johannesburg: 404 Client Error: Not Found for url: http://backend:8000/api/predictions/flood
[2026-03-25T15:16:03.408+0000] {climarisk_dag.py:153} ERROR - ❌ Cape Town: 404 Client Error: Not Found for url: http://backend:8000/api/predictions/flood
[2026-03-25T15:16:03.410+0000] {climarisk_dag.py:153} ERROR - ❌ Nairobi: 404 Client Error: Not Found for url: http://backend:8000/api/predictions/flood
[2026-03-25T15:16:03.412+0000] {climarisk_dag.py:153} ERROR - ❌ Addis Ababa: 404 Client Error: Not Found for url: http://backend:8000/api/predictions/flood
[2026-03-25T15:16:03.414+0000] {climarisk_dag.py:153} ERROR - ❌ Dar es Salaam: 404 Client Error: Not Found for url: http://backend:8000/api/predictions/flood
[2026-03-25T15:16:03.416+0000] {climarisk_dag.py:153} ERROR - ❌ Accra: 404 Client Error: Not Found for url: http://backend:8000/api/predictions/flood
[2026-03-25T15:16:03.419+0000] {climarisk_dag.py:153} ERROR - ❌ Casablanca: 404 Client Error: Not Found for url: http://backend:8000/api/predictions/flood
[2026-03-25T15:16:03.422+0000] {climarisk_dag.py:153} ERROR - ❌ Mohammedia: 404 Client Error: Not Found for url: http://backend:8000/api/predictions/flood
[2026-03-25T15:16:03.424+0000] {climarisk_dag.py:153} ERROR - ❌ El Jadida: 404 Client Error: Not Found for url: http://backend:8000/api/predictions/flood
[2026-03-25T15:16:03.426+0000] {climarisk_dag.py:153} ERROR - ❌ Settat: 404 Client Error: Not Found for url: http://backend:8000/api/predictions/flood
[2026-03-25T15:16:03.428+0000] {climarisk_dag.py:153} ERROR - ❌ Berrechid: 404 Client Error: Not Found for url: http://backend:8000/api/predictions/flood
[2026-03-25T15:16:03.430+0000] {climarisk_dag.py:153} ERROR - ❌ Benslimane: 404 Client Error: Not Found for url: http://backend:8000/api/predictions/flood
[2026-03-25T15:16:03.432+0000] {climarisk_dag.py:153} ERROR - ❌ Sidi Bennour: 404 Client Error: Not Found for url: http://backend:8000/api/predictions/flood
[2026-03-25T15:16:03.434+0000] {climarisk_dag.py:153} ERROR - ❌ Azemmour: 404 Client Error: Not Found for url: http://backend:8000/api/predictions/flood
[2026-03-25T15:16:03.436+0000] {climarisk_dag.py:153} ERROR - ❌ Mediouna: 404 Client Error: Not Found for url: http://backend:8000/api/predictions/flood
[2026-03-25T15:16:03.439+0000] {climarisk_dag.py:153} ERROR - ❌ Nouaceur: 404 Client Error: Not Found for url: http://backend:8000/api/predictions/flood
[2026-03-25T15:16:03.441+0000] {climarisk_dag.py:153} ERROR - ❌ Rabat: 404 Client Error: Not Found for url: http://backend:8000/api/predictions/flood
[2026-03-25T15:16:03.444+0000] {climarisk_dag.py:153} ERROR - ❌ Salé: 404 Client Error: Not Found for url: http://backend:8000/api/predictions/flood
[2026-03-25T15:16:03.446+0000] {climarisk_dag.py:153} ERROR - ❌ Kénitra: 404 Client Error: Not Found for url: http://backend:8000/api/predictions/flood
[2026-03-25T15:16:03.448+0000] {climarisk_dag.py:153} ERROR - ❌ Témara: 404 Client Error: Not Found for url: http://backend:8000/api/predictions/flood
[2026-03-25T15:16:03.450+0000] {climarisk_dag.py:153} ERROR - ❌ Skhirat: 404 Client Error: Not Found for url: http://backend:8000/api/predictions/flood
[2026-03-25T15:16:03.452+0000] {climarisk_dag.py:153} ERROR - ❌ Tiflet: 404 Client Error: Not Found for url: http://backend:8000/api/predictions/flood
[2026-03-25T15:16:03.456+0000] {climarisk_dag.py:153} ERROR - ❌ Khémisset: 404 Client Error: Not Found for url: http://backend:8000/api/predictions/flood
[2026-03-25T15:16:03.459+0000] {climarisk_dag.py:153} ERROR - ❌ Sidi Slimane: 404 Client Error: Not Found for url: http://backend:8000/api/predictions/flood
[2026-03-25T15:16:03.461+0000] {climarisk_dag.py:153} ERROR - ❌ Sidi Kacem: 404 Client Error: Not Found for url: http://backend:8000/api/predictions/flood
[2026-03-25T15:16:03.464+0000] {climarisk_dag.py:153} ERROR - ❌ Souk el Arba: 404 Client Error: Not Found for url: http://backend:8000/api/predictions/flood
[2026-03-25T15:16:03.466+0000] {climarisk_dag.py:153} ERROR - ❌ Ouazzane: 404 Client Error: Not Found for url: http://backend:8000/api/predictions/flood
[2026-03-25T15:16:03.468+0000] {climarisk_dag.py:153} ERROR - ❌ Fès: 404 Client Error: Not Found for url: http://backend:8000/api/predictions/flood
[2026-03-25T15:16:03.471+0000] {climarisk_dag.py:153} ERROR - ❌ Meknès: 404 Client Error: Not Found for url: http://backend:8000/api/predictions/flood
[2026-03-25T15:16:03.473+0000] {climarisk_dag.py:153} ERROR - ❌ Ifrane: 404 Client Error: Not Found for url: http://backend:8000/api/predictions/flood
[2026-03-25T15:16:03.476+0000] {climarisk_dag.py:153} ERROR - ❌ Azrou: 404 Client Error: Not Found for url: http://backend:8000/api/predictions/flood
[2026-03-25T15:16:03.478+0000] {climarisk_dag.py:153} ERROR - ❌ Taounate: 404 Client Error: Not Found for url: http://backend:8000/api/predictions/flood
[2026-03-25T15:16:03.480+0000] {climarisk_dag.py:153} ERROR - ❌ Taza: 404 Client Error: Not Found for url: http://backend:8000/api/predictions/flood
[2026-03-25T15:16:03.483+0000] {climarisk_dag.py:153} ERROR - ❌ Sefrou: 404 Client Error: Not Found for url: http://backend:8000/api/predictions/flood
[2026-03-25T15:16:03.486+0000] {climarisk_dag.py:153} ERROR - ❌ Boulemane: 404 Client Error: Not Found for url: http://backend:8000/api/predictions/flood
[2026-03-25T15:16:03.490+0000] {climarisk_dag.py:153} ERROR - ❌ El Hajeb: 404 Client Error: Not Found for url: http://backend:8000/api/predictions/flood
[2026-03-25T15:16:03.492+0000] {climarisk_dag.py:153} ERROR - ❌ Missour: 404 Client Error: Not Found for url: http://backend:8000/api/predictions/flood
[2026-03-25T15:16:03.495+0000] {climarisk_dag.py:153} ERROR - ❌ Guercif: 404 Client Error: Not Found for url: http://backend:8000/api/predictions/flood
[2026-03-25T15:16:03.497+0000] {climarisk_dag.py:153} ERROR - ❌ Marrakech: 404 Client Error: Not Found for url: http://backend:8000/api/predictions/flood
[2026-03-25T15:16:03.499+0000] {climarisk_dag.py:153} ERROR - ❌ Safi: 404 Client Error: Not Found for url: http://backend:8000/api/predictions/flood
[2026-03-25T15:16:03.501+0000] {climarisk_dag.py:153} ERROR - ❌ Essaouira: 404 Client Error: Not Found for url: http://backend:8000/api/predictions/flood
[2026-03-25T15:16:03.504+0000] {climarisk_dag.py:153} ERROR - ❌ El Kelaa des Sraghna: 404 Client Error: Not Found for url: http://backend:8000/api/predictions/flood
[2026-03-25T15:16:03.506+0000] {climarisk_dag.py:153} ERROR - ❌ Chichaoua: 404 Client Error: Not Found for url: http://backend:8000/api/predictions/flood
[2026-03-25T15:16:03.509+0000] {climarisk_dag.py:153} ERROR - ❌ Youssoufia: 404 Client Error: Not Found for url: http://backend:8000/api/predictions/flood
[2026-03-25T15:16:03.515+0000] {climarisk_dag.py:153} ERROR - ❌ Ben Guerir: 404 Client Error: Not Found for url: http://backend:8000/api/predictions/flood
[2026-03-25T15:16:03.518+0000] {climarisk_dag.py:153} ERROR - ❌ Tahanaout: 404 Client Error: Not Found for url: http://backend:8000/api/predictions/flood
[2026-03-25T15:16:03.520+0000] {climarisk_dag.py:153} ERROR - ❌ Ait Ourir: 404 Client Error: Not Found for url: http://backend:8000/api/predictions/flood
[2026-03-25T15:16:03.523+0000] {climarisk_dag.py:153} ERROR - ❌ Demnate: 404 Client Error: Not Found for url: http://backend:8000/api/predictions/flood
[2026-03-25T15:16:03.525+0000] {climarisk_dag.py:153} ERROR - ❌ Tanger: 404 Client Error: Not Found for url: http://backend:8000/api/predictions/flood
[2026-03-25T15:16:03.528+0000] {climarisk_dag.py:153} ERROR - ❌ Tétouan: 404 Client Error: Not Found for url: http://backend:8000/api/predictions/flood
[2026-03-25T15:16:03.530+0000] {climarisk_dag.py:153} ERROR - ❌ Al Hoceïma: 404 Client Error: Not Found for url: http://backend:8000/api/predictions/flood
[2026-03-25T15:16:03.532+0000] {climarisk_dag.py:153} ERROR - ❌ Larache: 404 Client Error: Not Found for url: http://backend:8000/api/predictions/flood
[2026-03-25T15:16:03.534+0000] {climarisk_dag.py:153} ERROR - ❌ Chefchaouen: 404 Client Error: Not Found for url: http://backend:8000/api/predictions/flood
[2026-03-25T15:16:03.536+0000] {climarisk_dag.py:153} ERROR - ❌ Asilah: 404 Client Error: Not Found for url: http://backend:8000/api/predictions/flood
[2026-03-25T15:16:03.539+0000] {climarisk_dag.py:153} ERROR - ❌ Fnideq: 404 Client Error: Not Found for url: http://backend:8000/api/predictions/flood
[2026-03-25T15:16:03.542+0000] {climarisk_dag.py:153} ERROR - ❌ Martil: 404 Client Error: Not Found for url: http://backend:8000/api/predictions/flood
[2026-03-25T15:16:03.544+0000] {climarisk_dag.py:153} ERROR - ❌ Mdiq: 404 Client Error: Not Found for url: http://backend:8000/api/predictions/flood
[2026-03-25T15:16:03.546+0000] {climarisk_dag.py:153} ERROR - ❌ Ksar el Kebir: 404 Client Error: Not Found for url: http://backend:8000/api/predictions/flood
[2026-03-25T15:16:03.548+0000] {climarisk_dag.py:153} ERROR - ❌ Ouazzane: 404 Client Error: Not Found for url: http://backend:8000/api/predictions/flood
[2026-03-25T15:16:03.550+0000] {climarisk_dag.py:153} ERROR - ❌ Targuist: 404 Client Error: Not Found for url: http://backend:8000/api/predictions/flood
[2026-03-25T15:16:03.552+0000] {climarisk_dag.py:153} ERROR - ❌ Imzouren: 404 Client Error: Not Found for url: http://backend:8000/api/predictions/flood
[2026-03-25T15:16:03.554+0000] {climarisk_dag.py:153} ERROR - ❌ Beni Mellal-Khenifra: 404 Client Error: Not Found for url: http://backend:8000/api/predictions/flood
[2026-03-25T15:16:03.558+0000] {climarisk_dag.py:153} ERROR - ❌ Khénifra: 404 Client Error: Not Found for url: http://backend:8000/api/predictions/flood
[2026-03-25T15:16:03.560+0000] {climarisk_dag.py:153} ERROR - ❌ Azilal: 404 Client Error: Not Found for url: http://backend:8000/api/predictions/flood
[2026-03-25T15:16:03.562+0000] {climarisk_dag.py:153} ERROR - ❌ Nanjing: 404 Client Error: Not Found for url: http://backend:8000/api/predictions/flood
[2026-03-25T15:16:03.565+0000] {climarisk_dag.py:153} ERROR - ❌ Khouribga: 404 Client Error: Not Found for url: http://backend:8000/api/predictions/flood
[2026-03-25T15:16:03.567+0000] {climarisk_dag.py:153} ERROR - ❌ Fkih Ben Salah: 404 Client Error: Not Found for url: http://backend:8000/api/predictions/flood
[2026-03-25T15:16:03.570+0000] {climarisk_dag.py:153} ERROR - ❌ Souk Sebt: 404 Client Error: Not Found for url: http://backend:8000/api/predictions/flood
[2026-03-25T15:16:03.572+0000] {climarisk_dag.py:153} ERROR - ❌ Midelt: 404 Client Error: Not Found for url: http://backend:8000/api/predictions/flood
[2026-03-25T15:16:03.574+0000] {climarisk_dag.py:153} ERROR - ❌ Zaouiat Cheikh: 404 Client Error: Not Found for url: http://backend:8000/api/predictions/flood
[2026-03-25T15:16:03.576+0000] {climarisk_dag.py:153} ERROR - ❌ Oujda: 404 Client Error: Not Found for url: http://backend:8000/api/predictions/flood
[2026-03-25T15:16:03.579+0000] {climarisk_dag.py:153} ERROR - ❌ Nador: 404 Client Error: Not Found for url: http://backend:8000/api/predictions/flood
[2026-03-25T15:16:03.581+0000] {climarisk_dag.py:153} ERROR - ❌ Berkane: 404 Client Error: Not Found for url: http://backend:8000/api/predictions/flood
[2026-03-25T15:16:03.582+0000] {climarisk_dag.py:153} ERROR - ❌ Taourirt: 404 Client Error: Not Found for url: http://backend:8000/api/predictions/flood
[2026-03-25T15:16:03.585+0000] {climarisk_dag.py:153} ERROR - ❌ Jerada: 404 Client Error: Not Found for url: http://backend:8000/api/predictions/flood
[2026-03-25T15:16:03.587+0000] {climarisk_dag.py:153} ERROR - ❌ Figuig: 404 Client Error: Not Found for url: http://backend:8000/api/predictions/flood
[2026-03-25T15:16:03.589+0000] {climarisk_dag.py:153} ERROR - ❌ Bouarfa: 404 Client Error: Not Found for url: http://backend:8000/api/predictions/flood
[2026-03-25T15:16:03.591+0000] {climarisk_dag.py:153} ERROR - ❌ Selouane: 404 Client Error: Not Found for url: http://backend:8000/api/predictions/flood
[2026-03-25T15:16:03.593+0000] {climarisk_dag.py:153} ERROR - ❌ Zaio: 404 Client Error: Not Found for url: http://backend:8000/api/predictions/flood
[2026-03-25T15:16:03.595+0000] {climarisk_dag.py:153} ERROR - ❌ Agadir: 404 Client Error: Not Found for url: http://backend:8000/api/predictions/flood
[2026-03-25T15:16:03.597+0000] {climarisk_dag.py:153} ERROR - ❌ Inezgane: 404 Client Error: Not Found for url: http://backend:8000/api/predictions/flood
[2026-03-25T15:16:03.599+0000] {climarisk_dag.py:153} ERROR - ❌ Tiznit: 404 Client Error: Not Found for url: http://backend:8000/api/predictions/flood
[2026-03-25T15:16:03.601+0000] {climarisk_dag.py:153} ERROR - ❌ Taroudannt: 404 Client Error: Not Found for url: http://backend:8000/api/predictions/flood
[2026-03-25T15:16:03.603+0000] {climarisk_dag.py:153} ERROR - ❌ Ouarzazate: 404 Client Error: Not Found for url: http://backend:8000/api/predictions/flood
[2026-03-25T15:16:03.605+0000] {climarisk_dag.py:153} ERROR - ❌ Ait Melloul: 404 Client Error: Not Found for url: http://backend:8000/api/predictions/flood
[2026-03-25T15:16:03.608+0000] {climarisk_dag.py:153} ERROR - ❌ Biougra: 404 Client Error: Not Found for url: http://backend:8000/api/predictions/flood
[2026-03-25T15:16:03.610+0000] {climarisk_dag.py:153} ERROR - ❌ Chtouka Ait Baha: 404 Client Error: Not Found for url: http://backend:8000/api/predictions/flood
[2026-03-25T15:16:03.612+0000] {climarisk_dag.py:153} ERROR - ❌ Tata: 404 Client Error: Not Found for url: http://backend:8000/api/predictions/flood
[2026-03-25T15:16:03.614+0000] {climarisk_dag.py:153} ERROR - ❌ Sidi Ifni: 404 Client Error: Not Found for url: http://backend:8000/api/predictions/flood
[2026-03-25T15:16:03.616+0000] {climarisk_dag.py:153} ERROR - ❌ Massa: 404 Client Error: Not Found for url: http://backend:8000/api/predictions/flood
[2026-03-25T15:16:03.617+0000] {climarisk_dag.py:153} ERROR - ❌ Errachidia: 404 Client Error: Not Found for url: http://backend:8000/api/predictions/flood
[2026-03-25T15:16:03.619+0000] {climarisk_dag.py:153} ERROR - ❌ Zagora: 404 Client Error: Not Found for url: http://backend:8000/api/predictions/flood
[2026-03-25T15:16:03.621+0000] {climarisk_dag.py:153} ERROR - ❌ Tinghir: 404 Client Error: Not Found for url: http://backend:8000/api/predictions/flood
[2026-03-25T15:16:03.627+0000] {climarisk_dag.py:153} ERROR - ❌ Ouarzazate: 404 Client Error: Not Found for url: http://backend:8000/api/predictions/flood
[2026-03-25T15:16:03.629+0000] {climarisk_dag.py:153} ERROR - ❌ Rissani: 404 Client Error: Not Found for url: http://backend:8000/api/predictions/flood
[2026-03-25T15:16:03.632+0000] {climarisk_dag.py:153} ERROR - ❌ Erfoud: 404 Client Error: Not Found for url: http://backend:8000/api/predictions/flood
[2026-03-25T15:16:03.634+0000] {climarisk_dag.py:153} ERROR - ❌ Merzouga: 404 Client Error: Not Found for url: http://backend:8000/api/predictions/flood
[2026-03-25T15:16:03.636+0000] {climarisk_dag.py:153} ERROR - ❌ Alnif: 404 Client Error: Not Found for url: http://backend:8000/api/predictions/flood
[2026-03-25T15:16:03.638+0000] {climarisk_dag.py:153} ERROR - ❌ Goulmima: 404 Client Error: Not Found for url: http://backend:8000/api/predictions/flood
[2026-03-25T15:16:03.641+0000] {climarisk_dag.py:153} ERROR - ❌ Laâyoune: 404 Client Error: Not Found for url: http://backend:8000/api/predictions/flood
[2026-03-25T15:16:03.644+0000] {climarisk_dag.py:153} ERROR - ❌ Boujdour: 404 Client Error: Not Found for url: http://backend:8000/api/predictions/flood
[2026-03-25T15:16:03.646+0000] {climarisk_dag.py:153} ERROR - ❌ Tarfaya: 404 Client Error: Not Found for url: http://backend:8000/api/predictions/flood
[2026-03-25T15:16:03.648+0000] {climarisk_dag.py:153} ERROR - ❌ Smara: 404 Client Error: Not Found for url: http://backend:8000/api/predictions/flood
[2026-03-25T15:16:03.650+0000] {climarisk_dag.py:153} ERROR - ❌ El Marsa: 404 Client Error: Not Found for url: http://backend:8000/api/predictions/flood
[2026-03-25T15:16:03.652+0000] {climarisk_dag.py:153} ERROR - ❌ Dakhla: 404 Client Error: Not Found for url: http://backend:8000/api/predictions/flood
[2026-03-25T15:16:03.653+0000] {climarisk_dag.py:153} ERROR - ❌ Aousserd: 404 Client Error: Not Found for url: http://backend:8000/api/predictions/flood
[2026-03-25T15:16:03.656+0000] {climarisk_dag.py:153} ERROR - ❌ Guelmim: 404 Client Error: Not Found for url: http://backend:8000/api/predictions/flood
[2026-03-25T15:16:03.658+0000] {climarisk_dag.py:153} ERROR - ❌ Tan-Tan: 404 Client Error: Not Found for url: http://backend:8000/api/predictions/flood
[2026-03-25T15:16:03.661+0000] {climarisk_dag.py:153} ERROR - ❌ Assa: 404 Client Error: Not Found for url: http://backend:8000/api/predictions/flood
[2026-03-25T15:16:03.663+0000] {climarisk_dag.py:153} ERROR - ❌ Zag: 404 Client Error: Not Found for url: http://backend:8000/api/predictions/flood
[2026-03-25T15:16:03.665+0000] {climarisk_dag.py:153} ERROR - ❌ Sidi Ifni: 404 Client Error: Not Found for url: http://backend:8000/api/predictions/flood
[2026-03-25T15:16:03.667+0000] {climarisk_dag.py:153} ERROR - ❌ Tiznit: 404 Client Error: Not Found for url: http://backend:8000/api/predictions/flood
[2026-03-25T15:16:03.669+0000] {climarisk_dag.py:153} ERROR - ❌ Tunis: 404 Client Error: Not Found for url: http://backend:8000/api/predictions/flood
[2026-03-25T15:16:03.671+0000] {climarisk_dag.py:153} ERROR - ❌ Kampala: 404 Client Error: Not Found for url: http://backend:8000/api/predictions/flood
[2026-03-25T15:16:03.673+0000] {climarisk_dag.py:153} ERROR - ❌ Dakar: 404 Client Error: Not Found for url: http://backend:8000/api/predictions/flood
[2026-03-25T15:16:03.675+0000] {climarisk_dag.py:153} ERROR - ❌ Kinshasa: 404 Client Error: Not Found for url: http://backend:8000/api/predictions/flood
[2026-03-25T15:16:03.678+0000] {climarisk_dag.py:153} ERROR - ❌ Luanda: 404 Client Error: Not Found for url: http://backend:8000/api/predictions/flood
[2026-03-25T15:16:03.680+0000] {climarisk_dag.py:153} ERROR - ❌ Khartoum: 404 Client Error: Not Found for url: http://backend:8000/api/predictions/flood
[2026-03-25T15:16:03.682+0000] {climarisk_dag.py:153} ERROR - ❌ Harare: 404 Client Error: Not Found for url: http://backend:8000/api/predictions/flood
[2026-03-25T15:16:03.684+0000] {climarisk_dag.py:153} ERROR - ❌ Lusaka: 404 Client Error: Not Found for url: http://backend:8000/api/predictions/flood
[2026-03-25T15:16:03.686+0000] {climarisk_dag.py:153} ERROR - ❌ Maputo: 404 Client Error: Not Found for url: http://backend:8000/api/predictions/flood
[2026-03-25T15:16:03.688+0000] {climarisk_dag.py:153} ERROR - ❌ Antananarivo: 404 Client Error: Not Found for url: http://backend:8000/api/predictions/flood
[2026-03-25T15:16:03.690+0000] {climarisk_dag.py:153} ERROR - ❌ Abidjan: 404 Client Error: Not Found for url: http://backend:8000/api/predictions/flood
[2026-03-25T15:16:03.692+0000] {climarisk_dag.py:153} ERROR - ❌ Douala: 404 Client Error: Not Found for url: http://backend:8000/api/predictions/flood
[2026-03-25T15:16:03.694+0000] {climarisk_dag.py:153} ERROR - ❌ Niamey: 404 Client Error: Not Found for url: http://backend:8000/api/predictions/flood
[2026-03-25T15:16:03.697+0000] {climarisk_dag.py:153} ERROR - ❌ Ouagadougou: 404 Client Error: Not Found for url: http://backend:8000/api/predictions/flood
[2026-03-25T15:16:03.699+0000] {climarisk_dag.py:153} ERROR - ❌ Bamako: 404 Client Error: Not Found for url: http://backend:8000/api/predictions/flood
[2026-03-25T15:16:03.701+0000] {climarisk_dag.py:153} ERROR - ❌ Windhoek: 404 Client Error: Not Found for url: http://backend:8000/api/predictions/flood
[2026-03-25T15:16:03.703+0000] {climarisk_dag.py:153} ERROR - ❌ Port Harcourt: 404 Client Error: Not Found for url: http://backend:8000/api/predictions/flood
[2026-03-25T15:16:03.705+0000] {climarisk_dag.py:153} ERROR - ❌ Warri: 404 Client Error: Not Found for url: http://backend:8000/api/predictions/flood
[2026-03-25T15:16:03.707+0000] {climarisk_dag.py:153} ERROR - ❌ Calabar: 404 Client Error: Not Found for url: http://backend:8000/api/predictions/flood
[2026-03-25T15:16:03.710+0000] {climarisk_dag.py:153} ERROR - ❌ Beijing: 404 Client Error: Not Found for url: http://backend:8000/api/predictions/flood
[2026-03-25T15:16:03.712+0000] {climarisk_dag.py:153} ERROR - ❌ Shanghai: 404 Client Error: Not Found for url: http://backend:8000/api/predictions/flood
[2026-03-25T15:16:03.714+0000] {climarisk_dag.py:153} ERROR - ❌ Guangzhou: 404 Client Error: Not Found for url: http://backend:8000/api/predictions/flood
[2026-03-25T15:16:03.716+0000] {climarisk_dag.py:153} ERROR - ❌ Chengdu: 404 Client Error: Not Found for url: http://backend:8000/api/predictions/flood
[2026-03-25T15:16:03.718+0000] {climarisk_dag.py:153} ERROR - ❌ Wuhan: 404 Client Error: Not Found for url: http://backend:8000/api/predictions/flood
[2026-03-25T15:16:03.720+0000] {climarisk_dag.py:153} ERROR - ❌ Chongqing: 404 Client Error: Not Found for url: http://backend:8000/api/predictions/flood
[2026-03-25T15:16:03.722+0000] {climarisk_dag.py:153} ERROR - ❌ Zhengzhou: 404 Client Error: Not Found for url: http://backend:8000/api/predictions/flood
[2026-03-25T15:16:03.724+0000] {climarisk_dag.py:153} ERROR - ❌ Changsha: 404 Client Error: Not Found for url: http://backend:8000/api/predictions/flood
[2026-03-25T15:16:03.726+0000] {climarisk_dag.py:153} ERROR - ❌ Nanchang: 404 Client Error: Not Found for url: http://backend:8000/api/predictions/flood
[2026-03-25T15:16:03.728+0000] {climarisk_dag.py:153} ERROR - ❌ Yichang: 404 Client Error: Not Found for url: http://backend:8000/api/predictions/flood
[2026-03-25T15:16:03.730+0000] {climarisk_dag.py:153} ERROR - ❌ Haikou: 404 Client Error: Not Found for url: http://backend:8000/api/predictions/flood
[2026-03-25T15:16:03.733+0000] {climarisk_dag.py:153} ERROR - ❌ Hong Kong: 404 Client Error: Not Found for url: http://backend:8000/api/predictions/flood
[2026-03-25T15:16:03.735+0000] {climarisk_dag.py:153} ERROR - ❌ Taipei: 404 Client Error: Not Found for url: http://backend:8000/api/predictions/flood
[2026-03-25T15:16:03.737+0000] {climarisk_dag.py:153} ERROR - ❌ Kaohsiung: 404 Client Error: Not Found for url: http://backend:8000/api/predictions/flood
[2026-03-25T15:16:03.739+0000] {climarisk_dag.py:153} ERROR - ❌ Mumbai: 404 Client Error: Not Found for url: http://backend:8000/api/predictions/flood
[2026-03-25T15:16:03.741+0000] {climarisk_dag.py:153} ERROR - ❌ Delhi: 404 Client Error: Not Found for url: http://backend:8000/api/predictions/flood
[2026-03-25T15:16:03.744+0000] {climarisk_dag.py:153} ERROR - ❌ Bangalore: 404 Client Error: Not Found for url: http://backend:8000/api/predictions/flood
[2026-03-25T15:16:03.746+0000] {climarisk_dag.py:153} ERROR - ❌ Chennai: 404 Client Error: Not Found for url: http://backend:8000/api/predictions/flood
[2026-03-25T15:16:03.748+0000] {climarisk_dag.py:153} ERROR - ❌ Kolkata: 404 Client Error: Not Found for url: http://backend:8000/api/predictions/flood
[2026-03-25T15:16:03.750+0000] {climarisk_dag.py:153} ERROR - ❌ Patna: 404 Client Error: Not Found for url: http://backend:8000/api/predictions/flood
[2026-03-25T15:16:03.752+0000] {climarisk_dag.py:153} ERROR - ❌ Guwahati: 404 Client Error: Not Found for url: http://backend:8000/api/predictions/flood
[2026-03-25T15:16:03.754+0000] {climarisk_dag.py:153} ERROR - ❌ Varanasi: 404 Client Error: Not Found for url: http://backend:8000/api/predictions/flood
[2026-03-25T15:16:03.756+0000] {climarisk_dag.py:153} ERROR - ❌ Muzaffarpur: 404 Client Error: Not Found for url: http://backend:8000/api/predictions/flood
[2026-03-25T15:16:03.759+0000] {climarisk_dag.py:153} ERROR - ❌ Visakhapatnam: 404 Client Error: Not Found for url: http://backend:8000/api/predictions/flood
[2026-03-25T15:16:03.761+0000] {climarisk_dag.py:153} ERROR - ❌ Vijayawada: 404 Client Error: Not Found for url: http://backend:8000/api/predictions/flood
[2026-03-25T15:16:03.763+0000] {climarisk_dag.py:153} ERROR - ❌ Tokyo: 404 Client Error: Not Found for url: http://backend:8000/api/predictions/flood
[2026-03-25T15:16:03.765+0000] {climarisk_dag.py:153} ERROR - ❌ Osaka: 404 Client Error: Not Found for url: http://backend:8000/api/predictions/flood
[2026-03-25T15:16:03.767+0000] {climarisk_dag.py:153} ERROR - ❌ Sapporo: 404 Client Error: Not Found for url: http://backend:8000/api/predictions/flood
[2026-03-25T15:16:03.769+0000] {climarisk_dag.py:153} ERROR - ❌ Naha: 404 Client Error: Not Found for url: http://backend:8000/api/predictions/flood
[2026-03-25T15:16:03.771+0000] {climarisk_dag.py:153} ERROR - ❌ Seoul: 404 Client Error: Not Found for url: http://backend:8000/api/predictions/flood
[2026-03-25T15:16:03.773+0000] {climarisk_dag.py:153} ERROR - ❌ Busan: 404 Client Error: Not Found for url: http://backend:8000/api/predictions/flood
[2026-03-25T15:16:03.776+0000] {climarisk_dag.py:153} ERROR - ❌ Bangkok: 404 Client Error: Not Found for url: http://backend:8000/api/predictions/flood
[2026-03-25T15:16:03.779+0000] {climarisk_dag.py:153} ERROR - ❌ Chiang Mai: 404 Client Error: Not Found for url: http://backend:8000/api/predictions/flood
[2026-03-25T15:16:03.781+0000] {climarisk_dag.py:153} ERROR - ❌ Jakarta: 404 Client Error: Not Found for url: http://backend:8000/api/predictions/flood
[2026-03-25T15:16:03.783+0000] {climarisk_dag.py:153} ERROR - ❌ Surabaya: 404 Client Error: Not Found for url: http://backend:8000/api/predictions/flood
[2026-03-25T15:16:03.785+0000] {climarisk_dag.py:153} ERROR - ❌ Medan: 404 Client Error: Not Found for url: http://backend:8000/api/predictions/flood
[2026-03-25T15:16:03.787+0000] {climarisk_dag.py:153} ERROR - ❌ Manila: 404 Client Error: Not Found for url: http://backend:8000/api/predictions/flood
[2026-03-25T15:16:03.789+0000] {climarisk_dag.py:153} ERROR - ❌ Cebu: 404 Client Error: Not Found for url: http://backend:8000/api/predictions/flood
[2026-03-25T15:16:03.793+0000] {climarisk_dag.py:153} ERROR - ❌ Tacloban: 404 Client Error: Not Found for url: http://backend:8000/api/predictions/flood
[2026-03-25T15:16:03.795+0000] {climarisk_dag.py:153} ERROR - ❌ Legazpi: 404 Client Error: Not Found for url: http://backend:8000/api/predictions/flood
[2026-03-25T15:16:03.797+0000] {climarisk_dag.py:153} ERROR - ❌ Zamboanga: 404 Client Error: Not Found for url: http://backend:8000/api/predictions/flood
[2026-03-25T15:16:03.800+0000] {climarisk_dag.py:153} ERROR - ❌ Kuala Lumpur: 404 Client Error: Not Found for url: http://backend:8000/api/predictions/flood
[2026-03-25T15:16:03.801+0000] {climarisk_dag.py:153} ERROR - ❌ Singapore: 404 Client Error: Not Found for url: http://backend:8000/api/predictions/flood
[2026-03-25T15:16:03.803+0000] {climarisk_dag.py:153} ERROR - ❌ Ho Chi Minh City: 404 Client Error: Not Found for url: http://backend:8000/api/predictions/flood
[2026-03-25T15:16:03.805+0000] {climarisk_dag.py:153} ERROR - ❌ Hanoi: 404 Client Error: Not Found for url: http://backend:8000/api/predictions/flood
[2026-03-25T15:16:03.808+0000] {climarisk_dag.py:153} ERROR - ❌ Da Nang: 404 Client Error: Not Found for url: http://backend:8000/api/predictions/flood
[2026-03-25T15:16:03.812+0000] {climarisk_dag.py:153} ERROR - ❌ Can Tho: 404 Client Error: Not Found for url: http://backend:8000/api/predictions/flood
[2026-03-25T15:16:03.814+0000] {climarisk_dag.py:153} ERROR - ❌ My Tho: 404 Client Error: Not Found for url: http://backend:8000/api/predictions/flood
[2026-03-25T15:16:03.816+0000] {climarisk_dag.py:153} ERROR - ❌ Dhaka: 404 Client Error: Not Found for url: http://backend:8000/api/predictions/flood
[2026-03-25T15:16:03.818+0000] {climarisk_dag.py:153} ERROR - ❌ Chittagong: 404 Client Error: Not Found for url: http://backend:8000/api/predictions/flood
[2026-03-25T15:16:03.821+0000] {climarisk_dag.py:153} ERROR - ❌ Sylhet: 404 Client Error: Not Found for url: http://backend:8000/api/predictions/flood
[2026-03-25T15:16:03.823+0000] {climarisk_dag.py:153} ERROR - ❌ Khulna: 404 Client Error: Not Found for url: http://backend:8000/api/predictions/flood
[2026-03-25T15:16:03.825+0000] {climarisk_dag.py:153} ERROR - ❌ Cox's Bazar: 404 Client Error: Not Found for url: http://backend:8000/api/predictions/flood
[2026-03-25T15:16:03.828+0000] {climarisk_dag.py:153} ERROR - ❌ Karachi: 404 Client Error: Not Found for url: http://backend:8000/api/predictions/flood
[2026-03-25T15:16:03.830+0000] {climarisk_dag.py:153} ERROR - ❌ Lahore: 404 Client Error: Not Found for url: http://backend:8000/api/predictions/flood
[2026-03-25T15:16:03.832+0000] {climarisk_dag.py:153} ERROR - ❌ Colombo: 404 Client Error: Not Found for url: http://backend:8000/api/predictions/flood
[2026-03-25T15:16:03.834+0000] {climarisk_dag.py:153} ERROR - ❌ Kathmandu: 404 Client Error: Not Found for url: http://backend:8000/api/predictions/flood
[2026-03-25T15:16:03.835+0000] {climarisk_dag.py:153} ERROR - ❌ Yangon: 404 Client Error: Not Found for url: http://backend:8000/api/predictions/flood
[2026-03-25T15:16:03.837+0000] {climarisk_dag.py:153} ERROR - ❌ Sittwe: 404 Client Error: Not Found for url: http://backend:8000/api/predictions/flood
[2026-03-25T15:16:03.839+0000] {climarisk_dag.py:153} ERROR - ❌ Phnom Penh: 404 Client Error: Not Found for url: http://backend:8000/api/predictions/flood
[2026-03-25T15:16:03.841+0000] {climarisk_dag.py:153} ERROR - ❌ Riyadh: 404 Client Error: Not Found for url: http://backend:8000/api/predictions/flood
[2026-03-25T15:16:03.844+0000] {climarisk_dag.py:153} ERROR - ❌ Dubai: 404 Client Error: Not Found for url: http://backend:8000/api/predictions/flood
[2026-03-25T15:16:03.846+0000] {climarisk_dag.py:153} ERROR - ❌ Tehran: 404 Client Error: Not Found for url: http://backend:8000/api/predictions/flood
[2026-03-25T15:16:03.849+0000] {climarisk_dag.py:153} ERROR - ❌ Istanbul: 404 Client Error: Not Found for url: http://backend:8000/api/predictions/flood
[2026-03-25T15:16:03.851+0000] {climarisk_dag.py:153} ERROR - ❌ Ankara: 404 Client Error: Not Found for url: http://backend:8000/api/predictions/flood
[2026-03-25T15:16:03.853+0000] {climarisk_dag.py:153} ERROR - ❌ Baghdad: 404 Client Error: Not Found for url: http://backend:8000/api/predictions/flood
[2026-03-25T15:16:03.855+0000] {climarisk_dag.py:153} ERROR - ❌ Baku: 404 Client Error: Not Found for url: http://backend:8000/api/predictions/flood
[2026-03-25T15:16:03.857+0000] {climarisk_dag.py:153} ERROR - ❌ Tashkent: 404 Client Error: Not Found for url: http://backend:8000/api/predictions/flood
[2026-03-25T15:16:03.858+0000] {climarisk_dag.py:153} ERROR - ❌ Almaty: 404 Client Error: Not Found for url: http://backend:8000/api/predictions/flood
[2026-03-25T15:16:03.861+0000] {climarisk_dag.py:153} ERROR - ❌ Guam: 404 Client Error: Not Found for url: http://backend:8000/api/predictions/flood
[2026-03-25T15:16:03.864+0000] {climarisk_dag.py:153} ERROR - ❌ Paris: 404 Client Error: Not Found for url: http://backend:8000/api/predictions/flood
[2026-03-25T15:16:03.866+0000] {climarisk_dag.py:153} ERROR - ❌ Lyon: 404 Client Error: Not Found for url: http://backend:8000/api/predictions/flood
[2026-03-25T15:16:03.868+0000] {climarisk_dag.py:153} ERROR - ❌ Marseille: 404 Client Error: Not Found for url: http://backend:8000/api/predictions/flood
[2026-03-25T15:16:03.870+0000] {climarisk_dag.py:153} ERROR - ❌ Toulouse: 404 Client Error: Not Found for url: http://backend:8000/api/predictions/flood
[2026-03-25T15:16:03.872+0000] {climarisk_dag.py:153} ERROR - ❌ Bordeaux: 404 Client Error: Not Found for url: http://backend:8000/api/predictions/flood
[2026-03-25T15:16:03.874+0000] {climarisk_dag.py:153} ERROR - ❌ Nantes: 404 Client Error: Not Found for url: http://backend:8000/api/predictions/flood
[2026-03-25T15:16:03.876+0000] {climarisk_dag.py:153} ERROR - ❌ Strasbourg: 404 Client Error: Not Found for url: http://backend:8000/api/predictions/flood
[2026-03-25T15:16:03.879+0000] {climarisk_dag.py:153} ERROR - ❌ Lille: 404 Client Error: Not Found for url: http://backend:8000/api/predictions/flood
[2026-03-25T15:16:03.881+0000] {climarisk_dag.py:153} ERROR - ❌ Montpellier: 404 Client Error: Not Found for url: http://backend:8000/api/predictions/flood
[2026-03-25T15:16:03.883+0000] {climarisk_dag.py:153} ERROR - ❌ Nice: 404 Client Error: Not Found for url: http://backend:8000/api/predictions/flood
[2026-03-25T15:16:03.885+0000] {climarisk_dag.py:153} ERROR - ❌ London: 404 Client Error: Not Found for url: http://backend:8000/api/predictions/flood
[2026-03-25T15:16:03.888+0000] {climarisk_dag.py:153} ERROR - ❌ Birmingham: 404 Client Error: Not Found for url: http://backend:8000/api/predictions/flood
[2026-03-25T15:16:03.890+0000] {climarisk_dag.py:153} ERROR - ❌ Manchester: 404 Client Error: Not Found for url: http://backend:8000/api/predictions/flood
[2026-03-25T15:16:03.892+0000] {climarisk_dag.py:153} ERROR - ❌ Berlin: 404 Client Error: Not Found for url: http://backend:8000/api/predictions/flood
[2026-03-25T15:16:03.895+0000] {climarisk_dag.py:153} ERROR - ❌ Hamburg: 404 Client Error: Not Found for url: http://backend:8000/api/predictions/flood
[2026-03-25T15:16:03.898+0000] {climarisk_dag.py:153} ERROR - ❌ Munich: 404 Client Error: Not Found for url: http://backend:8000/api/predictions/flood
[2026-03-25T15:16:03.900+0000] {climarisk_dag.py:153} ERROR - ❌ Frankfurt: 404 Client Error: Not Found for url: http://backend:8000/api/predictions/flood
[2026-03-25T15:16:03.902+0000] {climarisk_dag.py:153} ERROR - ❌ Madrid: 404 Client Error: Not Found for url: http://backend:8000/api/predictions/flood
[2026-03-25T15:16:03.905+0000] {climarisk_dag.py:153} ERROR - ❌ Barcelona: 404 Client Error: Not Found for url: http://backend:8000/api/predictions/flood
[2026-03-25T15:16:03.907+0000] {climarisk_dag.py:153} ERROR - ❌ Valencia: 404 Client Error: Not Found for url: http://backend:8000/api/predictions/flood
[2026-03-25T15:16:03.909+0000] {climarisk_dag.py:153} ERROR - ❌ Malaga: 404 Client Error: Not Found for url: http://backend:8000/api/predictions/flood
[2026-03-25T15:16:03.912+0000] {climarisk_dag.py:153} ERROR - ❌ Rome: 404 Client Error: Not Found for url: http://backend:8000/api/predictions/flood
[2026-03-25T15:16:03.914+0000] {climarisk_dag.py:153} ERROR - ❌ Milan: 404 Client Error: Not Found for url: http://backend:8000/api/predictions/flood
[2026-03-25T15:16:03.916+0000] {climarisk_dag.py:153} ERROR - ❌ Palermo: 404 Client Error: Not Found for url: http://backend:8000/api/predictions/flood
[2026-03-25T15:16:03.918+0000] {climarisk_dag.py:153} ERROR - ❌ Amsterdam: 404 Client Error: Not Found for url: http://backend:8000/api/predictions/flood
[2026-03-25T15:16:03.921+0000] {climarisk_dag.py:153} ERROR - ❌ Brussels: 404 Client Error: Not Found for url: http://backend:8000/api/predictions/flood
[2026-03-25T15:16:03.923+0000] {climarisk_dag.py:153} ERROR - ❌ Vienna: 404 Client Error: Not Found for url: http://backend:8000/api/predictions/flood
[2026-03-25T15:16:03.925+0000] {climarisk_dag.py:153} ERROR - ❌ Zurich: 404 Client Error: Not Found for url: http://backend:8000/api/predictions/flood
[2026-03-25T15:16:03.928+0000] {climarisk_dag.py:153} ERROR - ❌ Stockholm: 404 Client Error: Not Found for url: http://backend:8000/api/predictions/flood
[2026-03-25T15:16:03.930+0000] {climarisk_dag.py:153} ERROR - ❌ Oslo: 404 Client Error: Not Found for url: http://backend:8000/api/predictions/flood
[2026-03-25T15:16:03.932+0000] {climarisk_dag.py:153} ERROR - ❌ Copenhagen: 404 Client Error: Not Found for url: http://backend:8000/api/predictions/flood
[2026-03-25T15:16:03.934+0000] {climarisk_dag.py:153} ERROR - ❌ Helsinki: 404 Client Error: Not Found for url: http://backend:8000/api/predictions/flood
[2026-03-25T15:16:03.936+0000] {climarisk_dag.py:153} ERROR - ❌ Warsaw: 404 Client Error: Not Found for url: http://backend:8000/api/predictions/flood
[2026-03-25T15:16:03.939+0000] {climarisk_dag.py:153} ERROR - ❌ Prague: 404 Client Error: Not Found for url: http://backend:8000/api/predictions/flood
[2026-03-25T15:16:03.942+0000] {climarisk_dag.py:153} ERROR - ❌ Budapest: 404 Client Error: Not Found for url: http://backend:8000/api/predictions/flood
[2026-03-25T15:16:03.946+0000] {climarisk_dag.py:153} ERROR - ❌ Bucharest: 404 Client Error: Not Found for url: http://backend:8000/api/predictions/flood
[2026-03-25T15:16:03.948+0000] {climarisk_dag.py:153} ERROR - ❌ Athens: 404 Client Error: Not Found for url: http://backend:8000/api/predictions/flood
[2026-03-25T15:16:03.951+0000] {climarisk_dag.py:153} ERROR - ❌ Thessaloniki: 404 Client Error: Not Found for url: http://backend:8000/api/predictions/flood
[2026-03-25T15:16:03.953+0000] {climarisk_dag.py:153} ERROR - ❌ Lisbon: 404 Client Error: Not Found for url: http://backend:8000/api/predictions/flood
[2026-03-25T15:16:03.955+0000] {climarisk_dag.py:153} ERROR - ❌ Moscow: 404 Client Error: Not Found for url: http://backend:8000/api/predictions/flood
[2026-03-25T15:16:03.957+0000] {climarisk_dag.py:153} ERROR - ❌ Saint Petersburg: 404 Client Error: Not Found for url: http://backend:8000/api/predictions/flood
[2026-03-25T15:16:03.959+0000] {climarisk_dag.py:153} ERROR - ❌ Krasnoyarsk: 404 Client Error: Not Found for url: http://backend:8000/api/predictions/flood
[2026-03-25T15:16:03.963+0000] {climarisk_dag.py:153} ERROR - ❌ Irkutsk: 404 Client Error: Not Found for url: http://backend:8000/api/predictions/flood
[2026-03-25T15:16:03.966+0000] {climarisk_dag.py:153} ERROR - ❌ Yakutsk: 404 Client Error: Not Found for url: http://backend:8000/api/predictions/flood
[2026-03-25T15:16:03.968+0000] {climarisk_dag.py:153} ERROR - ❌ Khabarovsk: 404 Client Error: Not Found for url: http://backend:8000/api/predictions/flood
[2026-03-25T15:16:03.970+0000] {climarisk_dag.py:153} ERROR - ❌ Kyiv: 404 Client Error: Not Found for url: http://backend:8000/api/predictions/flood
[2026-03-25T15:16:03.972+0000] {climarisk_dag.py:153} ERROR - ❌ New York: 404 Client Error: Not Found for url: http://backend:8000/api/predictions/flood
[2026-03-25T15:16:03.974+0000] {climarisk_dag.py:153} ERROR - ❌ Los Angeles: 404 Client Error: Not Found for url: http://backend:8000/api/predictions/flood
[2026-03-25T15:16:03.977+0000] {climarisk_dag.py:153} ERROR - ❌ Chicago: 404 Client Error: Not Found for url: http://backend:8000/api/predictions/flood
[2026-03-25T15:16:03.980+0000] {climarisk_dag.py:153} ERROR - ❌ Houston: 404 Client Error: Not Found for url: http://backend:8000/api/predictions/flood
[2026-03-25T15:16:03.982+0000] {climarisk_dag.py:153} ERROR - ❌ Miami: 404 Client Error: Not Found for url: http://backend:8000/api/predictions/flood
[2026-03-25T15:16:03.985+0000] {climarisk_dag.py:153} ERROR - ❌ New Orleans: 404 Client Error: Not Found for url: http://backend:8000/api/predictions/flood
[2026-03-25T15:16:03.987+0000] {climarisk_dag.py:153} ERROR - ❌ Seattle: 404 Client Error: Not Found for url: http://backend:8000/api/predictions/flood
[2026-03-25T15:16:03.989+0000] {climarisk_dag.py:153} ERROR - ❌ Sacramento: 404 Client Error: Not Found for url: http://backend:8000/api/predictions/flood
[2026-03-25T15:16:03.991+0000] {climarisk_dag.py:153} ERROR - ❌ Fresno: 404 Client Error: Not Found for url: http://backend:8000/api/predictions/flood
[2026-03-25T15:16:03.993+0000] {climarisk_dag.py:153} ERROR - ❌ Redding: 404 Client Error: Not Found for url: http://backend:8000/api/predictions/flood
[2026-03-25T15:16:03.996+0000] {climarisk_dag.py:153} ERROR - ❌ Memphis: 404 Client Error: Not Found for url: http://backend:8000/api/predictions/flood
[2026-03-25T15:16:03.998+0000] {climarisk_dag.py:153} ERROR - ❌ Toronto: 404 Client Error: Not Found for url: http://backend:8000/api/predictions/flood
[2026-03-25T15:16:04.000+0000] {climarisk_dag.py:153} ERROR - ❌ Montreal: 404 Client Error: Not Found for url: http://backend:8000/api/predictions/flood
[2026-03-25T15:16:04.002+0000] {climarisk_dag.py:153} ERROR - ❌ Vancouver: 404 Client Error: Not Found for url: http://backend:8000/api/predictions/flood
[2026-03-25T15:16:04.004+0000] {climarisk_dag.py:153} ERROR - ❌ Mexico City: 404 Client Error: Not Found for url: http://backend:8000/api/predictions/flood
[2026-03-25T15:16:04.006+0000] {climarisk_dag.py:153} ERROR - ❌ Veracruz: 404 Client Error: Not Found for url: http://backend:8000/api/predictions/flood
[2026-03-25T15:16:04.008+0000] {climarisk_dag.py:153} ERROR - ❌ Cancún: 404 Client Error: Not Found for url: http://backend:8000/api/predictions/flood
[2026-03-25T15:16:04.010+0000] {climarisk_dag.py:153} ERROR - ❌ São Paulo: 404 Client Error: Not Found for url: http://backend:8000/api/predictions/flood
[2026-03-25T15:16:04.013+0000] {climarisk_dag.py:153} ERROR - ❌ Rio de Janeiro: 404 Client Error: Not Found for url: http://backend:8000/api/predictions/flood
[2026-03-25T15:16:04.015+0000] {climarisk_dag.py:153} ERROR - ❌ Belém: 404 Client Error: Not Found for url: http://backend:8000/api/predictions/flood
[2026-03-25T15:16:04.017+0000] {climarisk_dag.py:153} ERROR - ❌ Marabá: 404 Client Error: Not Found for url: http://backend:8000/api/predictions/flood
[2026-03-25T15:16:04.019+0000] {climarisk_dag.py:153} ERROR - ❌ Sinop: 404 Client Error: Not Found for url: http://backend:8000/api/predictions/flood
[2026-03-25T15:16:04.021+0000] {climarisk_dag.py:153} ERROR - ❌ Porto Velho: 404 Client Error: Not Found for url: http://backend:8000/api/predictions/flood
[2026-03-25T15:16:04.023+0000] {climarisk_dag.py:153} ERROR - ❌ Buenos Aires: 404 Client Error: Not Found for url: http://backend:8000/api/predictions/flood
[2026-03-25T15:16:04.025+0000] {climarisk_dag.py:153} ERROR - ❌ Lima: 404 Client Error: Not Found for url: http://backend:8000/api/predictions/flood
[2026-03-25T15:16:04.028+0000] {climarisk_dag.py:153} ERROR - ❌ Bogotá: 404 Client Error: Not Found for url: http://backend:8000/api/predictions/flood
[2026-03-25T15:16:04.031+0000] {climarisk_dag.py:153} ERROR - ❌ Santiago: 404 Client Error: Not Found for url: http://backend:8000/api/predictions/flood
[2026-03-25T15:16:04.034+0000] {climarisk_dag.py:153} ERROR - ❌ Port-au-Prince: 404 Client Error: Not Found for url: http://backend:8000/api/predictions/flood
[2026-03-25T15:16:04.036+0000] {climarisk_dag.py:153} ERROR - ❌ San Juan: 404 Client Error: Not Found for url: http://backend:8000/api/predictions/flood
[2026-03-25T15:16:04.038+0000] {climarisk_dag.py:153} ERROR - ❌ Kingston: 404 Client Error: Not Found for url: http://backend:8000/api/predictions/flood
[2026-03-25T15:16:04.040+0000] {climarisk_dag.py:153} ERROR - ❌ Port of Spain: 404 Client Error: Not Found for url: http://backend:8000/api/predictions/flood
[2026-03-25T15:16:04.043+0000] {climarisk_dag.py:153} ERROR - ❌ Sydney: 404 Client Error: Not Found for url: http://backend:8000/api/predictions/flood
[2026-03-25T15:16:04.046+0000] {climarisk_dag.py:153} ERROR - ❌ Melbourne: 404 Client Error: Not Found for url: http://backend:8000/api/predictions/flood
[2026-03-25T15:16:04.049+0000] {climarisk_dag.py:153} ERROR - ❌ Brisbane: 404 Client Error: Not Found for url: http://backend:8000/api/predictions/flood
[2026-03-25T15:16:04.051+0000] {climarisk_dag.py:153} ERROR - ❌ Darwin: 404 Client Error: Not Found for url: http://backend:8000/api/predictions/flood
[2026-03-25T15:16:04.053+0000] {climarisk_dag.py:153} ERROR - ❌ Alice Springs: 404 Client Error: Not Found for url: http://backend:8000/api/predictions/flood
[2026-03-25T15:16:04.055+0000] {climarisk_dag.py:153} ERROR - ❌ Cairns: 404 Client Error: Not Found for url: http://backend:8000/api/predictions/flood
[2026-03-25T15:16:04.057+0000] {climarisk_dag.py:153} ERROR - ❌ Auckland: 404 Client Error: Not Found for url: http://backend:8000/api/predictions/flood
[2026-03-25T15:16:04.059+0000] {climarisk_dag.py:153} ERROR - ❌ Port Moresby: 404 Client Error: Not Found for url: http://backend:8000/api/predictions/flood
[2026-03-25T15:16:04.060+0000] {climarisk_dag.py:157} INFO - ✅ Done: 0 OK, 291 errors, 0.7s
[2026-03-25T15:16:04.076+0000] {taskinstance.py:441} INFO - ::group::Post task execution logs
[2026-03-25T15:16:04.077+0000] {taskinstance.py:2905} ERROR - Task failed with exception
Traceback (most recent call last):
  File "/home/airflow/.local/lib/python3.12/site-packages/airflow/models/taskinstance.py", line 465, in _execute_task
    result = _execute_callable(context=context, **execute_callable_kwargs)
             ^^^^^^^^^^^^^^^^^^^^^^^^^^^^^^^^^^^^^^^^^^^^^^^^^^^^^^^^^^^^^
  File "/home/airflow/.local/lib/python3.12/site-packages/airflow/models/taskinstance.py", line 432, in _execute_callable
    return execute_callable(context=context, **execute_callable_kwargs)
           ^^^^^^^^^^^^^^^^^^^^^^^^^^^^^^^^^^^^^^^^^^^^^^^^^^^^^^^^^^^^
  File "/home/airflow/.local/lib/python3.12/site-packages/airflow/models/baseoperator.py", line 400, in wrapper
    return func(self, *args, **kwargs)
           ^^^^^^^^^^^^^^^^^^^^^^^^^^^
  File "/home/airflow/.local/lib/python3.12/site-packages/airflow/operators/python.py", line 235, in execute
    return_value = self.execute_callable()
                   ^^^^^^^^^^^^^^^^^^^^^^^
  File "/home/airflow/.local/lib/python3.12/site-packages/airflow/operators/python.py", line 252, in execute_callable
    return self.python_callable(*self.op_args, **self.op_kwargs)
           ^^^^^^^^^^^^^^^^^^^^^^^^^^^^^^^^^^^^^^^^^^^^^^^^^^^^^
  File "/opt/airflow/dags/climarisk_dag.py", line 166, in predict_all_zones
    raise Exception(f"{errors} zone(s) failed — check logs above")
Exception: 291 zone(s) failed — check logs above
[2026-03-25T15:16:04.094+0000] {taskinstance.py:1206} INFO - Marking task as FAILED. dag_id=***_predictions, task_id=predict_all_zones, run_id=scheduled__2026-03-25T15:09:00+00:00, execution_date=20260325T150900, start_date=20260325T151602, end_date=20260325T151604
[2026-03-25T15:16:04.105+0000] {standard_task_runner.py:110} ERROR - Failed to execute job 544 for task predict_all_zones (291 zone(s) failed — check logs above; 314)
[2026-03-25T15:16:04.119+0000] {local_task_job_runner.py:240} INFO - Task exited with return code 1
[2026-03-25T15:16:04.145+0000] {taskinstance.py:3498} INFO - 1 downstream tasks scheduled from follow-on schedule check
[2026-03-25T15:16:04.148+0000] {local_task_job_runner.py:222} INFO - ::endgroup::
