[2026-03-24T13:30:01.939+0000] {local_task_job_runner.py:120} INFO - ::group::Pre task execution logs
[2026-03-24T13:30:01.975+0000] {taskinstance.py:2076} INFO - Dependencies all met for dep_context=non-requeueable deps ti=<TaskInstance: climarisk_predictions.predict_all_zones scheduled__2026-03-24T13:00:00+00:00 [queued]>
[2026-03-24T13:30:01.983+0000] {taskinstance.py:2076} INFO - Dependencies all met for dep_context=requeueable deps ti=<TaskInstance: climarisk_predictions.predict_all_zones scheduled__2026-03-24T13:00:00+00:00 [queued]>
[2026-03-24T13:30:01.984+0000] {taskinstance.py:2306} INFO - Starting attempt 1 of 2
[2026-03-24T13:30:01.995+0000] {taskinstance.py:2330} INFO - Executing <Task(PythonOperator): predict_all_zones> on 2026-03-24 13:00:00+00:00
[2026-03-24T13:30:02.005+0000] {logging_mixin.py:188} WARNING - /home/airflow/.local/lib/python3.12/site-packages/airflow/task/task_runner/standard_task_runner.py:61 DeprecationWarning: This process (pid=17308) is multi-threaded, use of fork() may lead to deadlocks in the child.
[2026-03-24T13:30:02.004+0000] {standard_task_runner.py:90} INFO - Running: ['airflow', 'tasks', 'run', '***_predictions', 'predict_all_zones', 'scheduled__2026-03-24T13:00:00+00:00', '--job-id', '422', '--raw', '--subdir', 'DAGS_FOLDER/***_dag.py', '--cfg-path', '/tmp/tmp110h1gip']
[2026-03-24T13:30:02.006+0000] {standard_task_runner.py:63} INFO - Started process 17309 to run task
[2026-03-24T13:30:02.006+0000] {standard_task_runner.py:91} INFO - Job 422: Subtask predict_all_zones
[2026-03-24T13:30:02.078+0000] {task_command.py:426} INFO - Running <TaskInstance: climarisk_predictions.predict_all_zones scheduled__2026-03-24T13:00:00+00:00 [running]> on host 6146f0e8983c
[2026-03-24T13:30:02.177+0000] {taskinstance.py:2648} INFO - Exporting env vars: AIRFLOW_CTX_DAG_OWNER='***' AIRFLOW_CTX_DAG_ID='***_predictions' AIRFLOW_CTX_TASK_ID='predict_all_zones' AIRFLOW_CTX_EXECUTION_DATE='2026-03-24T13:00:00+00:00' AIRFLOW_CTX_TRY_NUMBER='1' AIRFLOW_CTX_DAG_RUN_ID='scheduled__2026-03-24T13:00:00+00:00'
[2026-03-24T13:30:02.178+0000] {taskinstance.py:430} INFO - ::endgroup::
[2026-03-24T13:30:07.965+0000] {climarisk_dag.py:145} INFO - ✅ Alger: flood=LOW(0.00) fire=LOW(0.14)
[2026-03-24T13:30:10.149+0000] {climarisk_dag.py:145} INFO - ✅ Cairo: flood=LOW(0.00) fire=LOW(0.14)
[2026-03-24T13:30:11.614+0000] {climarisk_dag.py:145} INFO - ✅ Lagos: flood=LOW(0.00) fire=LOW(0.14)
[2026-03-24T13:30:13.832+0000] {climarisk_dag.py:145} INFO - ✅ Kano: flood=LOW(0.00) fire=LOW(0.14)
[2026-03-24T13:30:15.093+0000] {climarisk_dag.py:145} INFO - ✅ Abuja: flood=LOW(0.00) fire=LOW(0.14)
[2026-03-24T13:30:17.032+0000] {climarisk_dag.py:145} INFO - ✅ Johannesburg: flood=LOW(0.00) fire=LOW(0.14)
[2026-03-24T13:30:18.004+0000] {climarisk_dag.py:145} INFO - ✅ Cape Town: flood=LOW(0.00) fire=LOW(0.14)
[2026-03-24T13:30:19.146+0000] {climarisk_dag.py:145} INFO - ✅ Nairobi: flood=LOW(0.00) fire=LOW(0.14)
[2026-03-24T13:30:20.033+0000] {climarisk_dag.py:145} INFO - ✅ Addis Ababa: flood=LOW(0.00) fire=LOW(0.14)
[2026-03-24T13:30:20.798+0000] {climarisk_dag.py:145} INFO - ✅ Dar es Salaam: flood=LOW(0.00) fire=LOW(0.14)
[2026-03-24T13:30:21.518+0000] {climarisk_dag.py:145} INFO - ✅ Accra: flood=LOW(0.00) fire=LOW(0.14)
[2026-03-24T13:30:22.146+0000] {climarisk_dag.py:145} INFO - ✅ Casablanca: flood=LOW(0.00) fire=LOW(0.14)
[2026-03-24T13:30:22.774+0000] {climarisk_dag.py:145} INFO - ✅ Mohammedia: flood=LOW(0.00) fire=LOW(0.14)
[2026-03-24T13:30:23.320+0000] {climarisk_dag.py:145} INFO - ✅ El Jadida: flood=LOW(0.00) fire=LOW(0.14)
[2026-03-24T13:30:23.893+0000] {climarisk_dag.py:145} INFO - ✅ Settat: flood=LOW(0.00) fire=LOW(0.14)
[2026-03-24T13:30:24.312+0000] {climarisk_dag.py:145} INFO - ✅ Berrechid: flood=LOW(0.00) fire=LOW(0.14)
[2026-03-24T13:30:24.828+0000] {climarisk_dag.py:145} INFO - ✅ Benslimane: flood=LOW(0.00) fire=LOW(0.14)
[2026-03-24T13:30:25.342+0000] {climarisk_dag.py:145} INFO - ✅ Sidi Bennour: flood=LOW(0.00) fire=LOW(0.14)
[2026-03-24T13:30:25.708+0000] {climarisk_dag.py:145} INFO - ✅ Azemmour: flood=LOW(0.00) fire=LOW(0.14)
[2026-03-24T13:30:26.180+0000] {climarisk_dag.py:145} INFO - ✅ Mediouna: flood=LOW(0.00) fire=LOW(0.14)
[2026-03-24T13:30:26.603+0000] {climarisk_dag.py:145} INFO - ✅ Nouaceur: flood=LOW(0.00) fire=LOW(0.14)
[2026-03-24T13:30:27.034+0000] {climarisk_dag.py:145} INFO - ✅ Rabat: flood=LOW(0.00) fire=LOW(0.14)
[2026-03-24T13:30:27.465+0000] {climarisk_dag.py:145} INFO - ✅ Salé: flood=LOW(0.00) fire=LOW(0.14)
[2026-03-24T13:30:27.944+0000] {climarisk_dag.py:145} INFO - ✅ Kénitra: flood=LOW(0.00) fire=LOW(0.14)
[2026-03-24T13:30:28.346+0000] {climarisk_dag.py:145} INFO - ✅ Témara: flood=LOW(0.00) fire=LOW(0.14)
[2026-03-24T13:30:28.710+0000] {climarisk_dag.py:145} INFO - ✅ Skhirat: flood=LOW(0.00) fire=LOW(0.14)
[2026-03-24T13:30:29.069+0000] {climarisk_dag.py:145} INFO - ✅ Tiflet: flood=LOW(0.00) fire=LOW(0.14)
[2026-03-24T13:30:29.430+0000] {climarisk_dag.py:145} INFO - ✅ Khémisset: flood=LOW(0.00) fire=LOW(0.14)
[2026-03-24T13:30:29.790+0000] {climarisk_dag.py:145} INFO - ✅ Sidi Slimane: flood=LOW(0.00) fire=LOW(0.14)
[2026-03-24T13:30:30.131+0000] {climarisk_dag.py:145} INFO - ✅ Sidi Kacem: flood=LOW(0.00) fire=LOW(0.14)
[2026-03-24T13:30:30.482+0000] {climarisk_dag.py:145} INFO - ✅ Souk el Arba: flood=LOW(0.00) fire=LOW(0.14)
[2026-03-24T13:30:30.888+0000] {climarisk_dag.py:145} INFO - ✅ Ouazzane: flood=LOW(0.00) fire=LOW(0.14)
[2026-03-24T13:30:31.272+0000] {climarisk_dag.py:145} INFO - ✅ Fès: flood=LOW(0.00) fire=LOW(0.14)
[2026-03-24T13:30:31.773+0000] {climarisk_dag.py:145} INFO - ✅ Meknès: flood=LOW(0.00) fire=LOW(0.14)
[2026-03-24T13:30:32.188+0000] {climarisk_dag.py:145} INFO - ✅ Ifrane: flood=LOW(0.00) fire=LOW(0.14)
[2026-03-24T13:30:32.544+0000] {climarisk_dag.py:145} INFO - ✅ Azrou: flood=LOW(0.00) fire=LOW(0.14)
[2026-03-24T13:30:32.895+0000] {climarisk_dag.py:145} INFO - ✅ Taounate: flood=LOW(0.00) fire=LOW(0.14)
[2026-03-24T13:30:33.337+0000] {climarisk_dag.py:145} INFO - ✅ Taza: flood=LOW(0.00) fire=LOW(0.14)
[2026-03-24T13:30:33.729+0000] {climarisk_dag.py:145} INFO - ✅ Sefrou: flood=LOW(0.00) fire=LOW(0.14)
[2026-03-24T13:30:34.134+0000] {climarisk_dag.py:145} INFO - ✅ Boulemane: flood=LOW(0.00) fire=LOW(0.14)
[2026-03-24T13:30:34.502+0000] {climarisk_dag.py:145} INFO - ✅ El Hajeb: flood=LOW(0.00) fire=LOW(0.14)
[2026-03-24T13:30:34.861+0000] {climarisk_dag.py:145} INFO - ✅ Missour: flood=LOW(0.00) fire=LOW(0.14)
[2026-03-24T13:30:35.228+0000] {climarisk_dag.py:145} INFO - ✅ Guercif: flood=LOW(0.00) fire=LOW(0.14)
[2026-03-24T13:30:35.594+0000] {climarisk_dag.py:145} INFO - ✅ Marrakech: flood=LOW(0.00) fire=LOW(0.14)
[2026-03-24T13:30:35.975+0000] {climarisk_dag.py:145} INFO - ✅ Safi: flood=LOW(0.00) fire=LOW(0.14)
[2026-03-24T13:30:36.356+0000] {climarisk_dag.py:145} INFO - ✅ Essaouira: flood=LOW(0.00) fire=LOW(0.14)
[2026-03-24T13:30:36.724+0000] {climarisk_dag.py:145} INFO - ✅ El Kelaa des Sraghna: flood=LOW(0.00) fire=LOW(0.14)
[2026-03-24T13:30:37.121+0000] {climarisk_dag.py:145} INFO - ✅ Chichaoua: flood=LOW(0.00) fire=LOW(0.14)
[2026-03-24T13:30:37.521+0000] {climarisk_dag.py:145} INFO - ✅ Youssoufia: flood=LOW(0.00) fire=LOW(0.14)
[2026-03-24T13:30:37.929+0000] {climarisk_dag.py:145} INFO - ✅ Ben Guerir: flood=LOW(0.00) fire=LOW(0.14)
[2026-03-24T13:30:38.258+0000] {climarisk_dag.py:145} INFO - ✅ Tahanaout: flood=LOW(0.00) fire=LOW(0.14)
[2026-03-24T13:30:36.752+0000] {climarisk_dag.py:145} INFO - ✅ Ait Ourir: flood=LOW(0.00) fire=LOW(0.14)
[2026-03-24T13:30:37.145+0000] {climarisk_dag.py:145} INFO - ✅ Demnate: flood=LOW(0.00) fire=LOW(0.14)
[2026-03-24T13:30:37.542+0000] {climarisk_dag.py:145} INFO - ✅ Tanger: flood=LOW(0.00) fire=LOW(0.14)
[2026-03-24T13:30:37.931+0000] {climarisk_dag.py:145} INFO - ✅ Tétouan: flood=LOW(0.00) fire=LOW(0.14)
[2026-03-24T13:30:38.325+0000] {climarisk_dag.py:145} INFO - ✅ Al Hoceïma: flood=LOW(0.00) fire=LOW(0.14)
[2026-03-24T13:30:38.736+0000] {climarisk_dag.py:145} INFO - ✅ Larache: flood=LOW(0.00) fire=LOW(0.14)
[2026-03-24T13:30:39.070+0000] {climarisk_dag.py:145} INFO - ✅ Chefchaouen: flood=LOW(0.00) fire=LOW(0.14)
[2026-03-24T13:30:39.407+0000] {climarisk_dag.py:145} INFO - ✅ Asilah: flood=LOW(0.00) fire=LOW(0.14)
[2026-03-24T13:30:39.761+0000] {climarisk_dag.py:145} INFO - ✅ Fnideq: flood=LOW(0.00) fire=LOW(0.14)
[2026-03-24T13:30:40.176+0000] {climarisk_dag.py:145} INFO - ✅ Martil: flood=LOW(0.00) fire=LOW(0.14)
[2026-03-24T13:30:40.504+0000] {climarisk_dag.py:145} INFO - ✅ Mdiq: flood=LOW(0.00) fire=LOW(0.14)
[2026-03-24T13:30:40.947+0000] {climarisk_dag.py:145} INFO - ✅ Ksar el Kebir: flood=LOW(0.00) fire=LOW(0.14)
[2026-03-24T13:30:41.309+0000] {climarisk_dag.py:145} INFO - ✅ Ouazzane: flood=LOW(0.00) fire=LOW(0.14)
[2026-03-24T13:30:41.647+0000] {climarisk_dag.py:145} INFO - ✅ Targuist: flood=LOW(0.00) fire=LOW(0.14)
[2026-03-24T13:30:42.045+0000] {climarisk_dag.py:145} INFO - ✅ Imzouren: flood=LOW(0.00) fire=LOW(0.14)
[2026-03-24T13:30:42.463+0000] {climarisk_dag.py:145} INFO - ✅ Beni Mellal-Khenifra: flood=LOW(0.00) fire=LOW(0.14)
[2026-03-24T13:30:42.873+0000] {climarisk_dag.py:145} INFO - ✅ Khénifra: flood=LOW(0.00) fire=LOW(0.14)
[2026-03-24T13:30:43.213+0000] {climarisk_dag.py:145} INFO - ✅ Azilal: flood=LOW(0.00) fire=LOW(0.14)
[2026-03-24T13:30:43.629+0000] {climarisk_dag.py:145} INFO - ✅ Nanjing: flood=LOW(0.00) fire=LOW(0.14)
[2026-03-24T13:30:44.054+0000] {climarisk_dag.py:145} INFO - ✅ Khouribga: flood=LOW(0.00) fire=LOW(0.14)
[2026-03-24T13:30:45.450+0000] {climarisk_dag.py:145} INFO - ✅ Fkih Ben Salah: flood=LOW(0.00) fire=LOW(0.14)
[2026-03-24T13:30:45.851+0000] {climarisk_dag.py:145} INFO - ✅ Souk Sebt: flood=LOW(0.00) fire=LOW(0.14)
[2026-03-24T13:30:46.194+0000] {climarisk_dag.py:145} INFO - ✅ Midelt: flood=LOW(0.00) fire=LOW(0.14)
[2026-03-24T13:30:46.589+0000] {climarisk_dag.py:145} INFO - ✅ Zaouiat Cheikh: flood=LOW(0.00) fire=LOW(0.14)
[2026-03-24T13:30:47.013+0000] {climarisk_dag.py:145} INFO - ✅ Oujda: flood=LOW(0.00) fire=LOW(0.14)
[2026-03-24T13:30:47.376+0000] {climarisk_dag.py:145} INFO - ✅ Nador: flood=LOW(0.00) fire=LOW(0.14)
[2026-03-24T13:30:47.843+0000] {climarisk_dag.py:145} INFO - ✅ Berkane: flood=LOW(0.00) fire=LOW(0.14)
[2026-03-24T13:30:48.228+0000] {climarisk_dag.py:145} INFO - ✅ Taourirt: flood=LOW(0.00) fire=LOW(0.14)
[2026-03-24T13:30:48.660+0000] {climarisk_dag.py:145} INFO - ✅ Jerada: flood=LOW(0.00) fire=LOW(0.14)
[2026-03-24T13:30:49.073+0000] {climarisk_dag.py:145} INFO - ✅ Figuig: flood=LOW(0.00) fire=LOW(0.14)
[2026-03-24T13:30:49.542+0000] {climarisk_dag.py:145} INFO - ✅ Bouarfa: flood=LOW(0.00) fire=LOW(0.14)
[2026-03-24T13:30:49.942+0000] {climarisk_dag.py:145} INFO - ✅ Selouane: flood=LOW(0.00) fire=LOW(0.14)
[2026-03-24T13:30:50.336+0000] {climarisk_dag.py:145} INFO - ✅ Zaio: flood=LOW(0.00) fire=LOW(0.14)
[2026-03-24T13:30:50.735+0000] {climarisk_dag.py:145} INFO - ✅ Agadir: flood=LOW(0.00) fire=LOW(0.14)
[2026-03-24T13:30:51.143+0000] {climarisk_dag.py:145} INFO - ✅ Inezgane: flood=LOW(0.00) fire=LOW(0.14)
[2026-03-24T13:30:51.565+0000] {climarisk_dag.py:145} INFO - ✅ Tiznit: flood=LOW(0.00) fire=LOW(0.14)
[2026-03-24T13:30:51.982+0000] {climarisk_dag.py:145} INFO - ✅ Taroudannt: flood=LOW(0.00) fire=LOW(0.14)
[2026-03-24T13:30:52.386+0000] {climarisk_dag.py:145} INFO - ✅ Ouarzazate: flood=LOW(0.00) fire=LOW(0.14)
[2026-03-24T13:30:52.804+0000] {climarisk_dag.py:145} INFO - ✅ Ait Melloul: flood=LOW(0.00) fire=LOW(0.14)
[2026-03-24T13:30:53.168+0000] {climarisk_dag.py:145} INFO - ✅ Biougra: flood=LOW(0.00) fire=LOW(0.14)
[2026-03-24T13:30:53.561+0000] {climarisk_dag.py:145} INFO - ✅ Chtouka Ait Baha: flood=LOW(0.00) fire=LOW(0.14)
[2026-03-24T13:30:53.964+0000] {climarisk_dag.py:145} INFO - ✅ Tata: flood=LOW(0.00) fire=LOW(0.14)
[2026-03-24T13:30:54.423+0000] {climarisk_dag.py:145} INFO - ✅ Sidi Ifni: flood=LOW(0.00) fire=LOW(0.14)
[2026-03-24T13:30:54.820+0000] {climarisk_dag.py:145} INFO - ✅ Massa: flood=LOW(0.00) fire=LOW(0.14)
[2026-03-24T13:30:55.229+0000] {climarisk_dag.py:145} INFO - ✅ Errachidia: flood=LOW(0.00) fire=LOW(0.14)
[2026-03-24T13:30:55.626+0000] {climarisk_dag.py:145} INFO - ✅ Zagora: flood=LOW(0.00) fire=LOW(0.14)
[2026-03-24T13:30:56.002+0000] {climarisk_dag.py:145} INFO - ✅ Tinghir: flood=LOW(0.00) fire=LOW(0.14)
[2026-03-24T13:30:56.416+0000] {climarisk_dag.py:145} INFO - ✅ Ouarzazate: flood=LOW(0.00) fire=LOW(0.14)
[2026-03-24T13:30:56.791+0000] {climarisk_dag.py:145} INFO - ✅ Rissani: flood=LOW(0.00) fire=LOW(0.14)
[2026-03-24T13:30:57.175+0000] {climarisk_dag.py:145} INFO - ✅ Erfoud: flood=LOW(0.00) fire=LOW(0.14)
[2026-03-24T13:30:57.588+0000] {climarisk_dag.py:145} INFO - ✅ Merzouga: flood=LOW(0.00) fire=LOW(0.14)
[2026-03-24T13:30:57.972+0000] {climarisk_dag.py:145} INFO - ✅ Alnif: flood=LOW(0.00) fire=LOW(0.14)
[2026-03-24T13:30:58.428+0000] {climarisk_dag.py:145} INFO - ✅ Goulmima: flood=LOW(0.00) fire=LOW(0.14)
[2026-03-24T13:30:58.838+0000] {climarisk_dag.py:145} INFO - ✅ Laâyoune: flood=LOW(0.00) fire=LOW(0.14)
[2026-03-24T13:30:59.233+0000] {climarisk_dag.py:145} INFO - ✅ Boujdour: flood=LOW(0.00) fire=LOW(0.14)
[2026-03-24T13:30:59.612+0000] {climarisk_dag.py:145} INFO - ✅ Tarfaya: flood=LOW(0.00) fire=LOW(0.14)
[2026-03-24T13:30:59.951+0000] {climarisk_dag.py:145} INFO - ✅ Smara: flood=LOW(0.00) fire=LOW(0.14)
[2026-03-24T13:31:00.373+0000] {climarisk_dag.py:145} INFO - ✅ El Marsa: flood=LOW(0.00) fire=LOW(0.14)
[2026-03-24T13:31:00.731+0000] {climarisk_dag.py:145} INFO - ✅ Dakhla: flood=LOW(0.00) fire=LOW(0.14)
[2026-03-24T13:31:01.071+0000] {climarisk_dag.py:145} INFO - ✅ Aousserd: flood=LOW(0.00) fire=LOW(0.14)
[2026-03-24T13:31:01.425+0000] {climarisk_dag.py:145} INFO - ✅ Guelmim: flood=LOW(0.00) fire=LOW(0.14)
[2026-03-24T13:31:01.805+0000] {climarisk_dag.py:145} INFO - ✅ Tan-Tan: flood=LOW(0.00) fire=LOW(0.14)
[2026-03-24T13:31:02.176+0000] {climarisk_dag.py:145} INFO - ✅ Assa: flood=LOW(0.00) fire=LOW(0.14)
[2026-03-24T13:31:02.557+0000] {climarisk_dag.py:145} INFO - ✅ Zag: flood=LOW(0.00) fire=LOW(0.14)
[2026-03-24T13:31:02.903+0000] {climarisk_dag.py:145} INFO - ✅ Sidi Ifni: flood=LOW(0.00) fire=LOW(0.14)
[2026-03-24T13:31:03.289+0000] {climarisk_dag.py:145} INFO - ✅ Tiznit: flood=LOW(0.00) fire=LOW(0.14)
[2026-03-24T13:31:03.656+0000] {climarisk_dag.py:145} INFO - ✅ Tunis: flood=LOW(0.00) fire=LOW(0.14)
[2026-03-24T13:31:04.044+0000] {climarisk_dag.py:145} INFO - ✅ Kampala: flood=LOW(0.00) fire=LOW(0.14)
[2026-03-24T13:31:04.436+0000] {climarisk_dag.py:145} INFO - ✅ Dakar: flood=LOW(0.00) fire=LOW(0.14)
[2026-03-24T13:31:04.801+0000] {climarisk_dag.py:145} INFO - ✅ Kinshasa: flood=LOW(0.00) fire=LOW(0.14)
[2026-03-24T13:31:05.152+0000] {climarisk_dag.py:145} INFO - ✅ Luanda: flood=LOW(0.00) fire=LOW(0.14)
[2026-03-24T13:31:05.561+0000] {climarisk_dag.py:145} INFO - ✅ Khartoum: flood=LOW(0.00) fire=LOW(0.14)
[2026-03-24T13:31:05.963+0000] {climarisk_dag.py:145} INFO - ✅ Harare: flood=LOW(0.00) fire=LOW(0.14)
[2026-03-24T13:31:06.377+0000] {climarisk_dag.py:145} INFO - ✅ Lusaka: flood=LOW(0.00) fire=LOW(0.14)
[2026-03-24T13:31:04.921+0000] {climarisk_dag.py:145} INFO - ✅ Maputo: flood=LOW(0.00) fire=LOW(0.14)
[2026-03-24T13:31:05.318+0000] {climarisk_dag.py:145} INFO - ✅ Antananarivo: flood=LOW(0.00) fire=LOW(0.14)
[2026-03-24T13:31:05.721+0000] {climarisk_dag.py:145} INFO - ✅ Abidjan: flood=LOW(0.00) fire=LOW(0.14)
[2026-03-24T13:31:06.126+0000] {climarisk_dag.py:145} INFO - ✅ Douala: flood=LOW(0.00) fire=LOW(0.14)
[2026-03-24T13:31:06.480+0000] {climarisk_dag.py:145} INFO - ✅ Niamey: flood=LOW(0.00) fire=LOW(0.14)
[2026-03-24T13:31:06.872+0000] {climarisk_dag.py:145} INFO - ✅ Ouagadougou: flood=LOW(0.00) fire=LOW(0.14)
[2026-03-24T13:31:07.241+0000] {climarisk_dag.py:145} INFO - ✅ Bamako: flood=LOW(0.00) fire=LOW(0.14)
[2026-03-24T13:31:07.657+0000] {climarisk_dag.py:145} INFO - ✅ Windhoek: flood=LOW(0.00) fire=LOW(0.14)
[2026-03-24T13:31:08.048+0000] {climarisk_dag.py:145} INFO - ✅ Port Harcourt: flood=LOW(0.00) fire=LOW(0.14)
[2026-03-24T13:31:08.387+0000] {climarisk_dag.py:145} INFO - ✅ Warri: flood=LOW(0.00) fire=LOW(0.14)
[2026-03-24T13:31:08.791+0000] {climarisk_dag.py:145} INFO - ✅ Calabar: flood=LOW(0.00) fire=LOW(0.14)
[2026-03-24T13:31:09.140+0000] {climarisk_dag.py:145} INFO - ✅ Beijing: flood=LOW(0.00) fire=LOW(0.14)
[2026-03-24T13:31:09.523+0000] {climarisk_dag.py:145} INFO - ✅ Shanghai: flood=LOW(0.00) fire=LOW(0.14)
[2026-03-24T13:31:09.915+0000] {climarisk_dag.py:145} INFO - ✅ Guangzhou: flood=LOW(0.00) fire=LOW(0.14)
[2026-03-24T13:31:10.251+0000] {climarisk_dag.py:145} INFO - ✅ Chengdu: flood=LOW(0.00) fire=LOW(0.14)
[2026-03-24T13:31:10.650+0000] {climarisk_dag.py:145} INFO - ✅ Wuhan: flood=LOW(0.00) fire=LOW(0.14)
[2026-03-24T13:31:11.060+0000] {climarisk_dag.py:145} INFO - ✅ Chongqing: flood=LOW(0.00) fire=LOW(0.14)
[2026-03-24T13:31:11.472+0000] {climarisk_dag.py:145} INFO - ✅ Zhengzhou: flood=LOW(0.00) fire=LOW(0.14)
[2026-03-24T13:31:11.931+0000] {climarisk_dag.py:145} INFO - ✅ Changsha: flood=LOW(0.00) fire=LOW(0.14)
[2026-03-24T13:31:12.280+0000] {climarisk_dag.py:145} INFO - ✅ Nanchang: flood=LOW(0.00) fire=LOW(0.14)
[2026-03-24T13:31:12.626+0000] {climarisk_dag.py:145} INFO - ✅ Yichang: flood=LOW(0.00) fire=LOW(0.14)
[2026-03-24T13:31:12.971+0000] {climarisk_dag.py:145} INFO - ✅ Haikou: flood=LOW(0.00) fire=LOW(0.14)
[2026-03-24T13:31:13.314+0000] {climarisk_dag.py:145} INFO - ✅ Hong Kong: flood=LOW(0.00) fire=LOW(0.14)
[2026-03-24T13:31:14.561+0000] {climarisk_dag.py:145} INFO - ✅ Taipei: flood=LOW(0.00) fire=LOW(0.14)
[2026-03-24T13:31:14.966+0000] {climarisk_dag.py:145} INFO - ✅ Kaohsiung: flood=LOW(0.00) fire=LOW(0.14)
[2026-03-24T13:31:15.368+0000] {climarisk_dag.py:145} INFO - ✅ Mumbai: flood=LOW(0.00) fire=LOW(0.14)
[2026-03-24T13:31:15.754+0000] {climarisk_dag.py:145} INFO - ✅ Delhi: flood=LOW(0.00) fire=LOW(0.14)
[2026-03-24T13:31:16.141+0000] {climarisk_dag.py:145} INFO - ✅ Bangalore: flood=LOW(0.00) fire=LOW(0.14)
[2026-03-24T13:31:16.481+0000] {climarisk_dag.py:145} INFO - ✅ Chennai: flood=LOW(0.00) fire=LOW(0.14)
[2026-03-24T13:31:16.883+0000] {climarisk_dag.py:145} INFO - ✅ Kolkata: flood=LOW(0.00) fire=LOW(0.14)
[2026-03-24T13:31:17.239+0000] {climarisk_dag.py:145} INFO - ✅ Patna: flood=LOW(0.00) fire=LOW(0.14)
[2026-03-24T13:31:17.577+0000] {climarisk_dag.py:145} INFO - ✅ Guwahati: flood=LOW(0.00) fire=LOW(0.14)
[2026-03-24T13:31:17.969+0000] {climarisk_dag.py:145} INFO - ✅ Varanasi: flood=LOW(0.00) fire=LOW(0.14)
[2026-03-24T13:31:18.441+0000] {climarisk_dag.py:145} INFO - ✅ Muzaffarpur: flood=LOW(0.00) fire=LOW(0.14)
[2026-03-24T13:31:18.850+0000] {climarisk_dag.py:145} INFO - ✅ Visakhapatnam: flood=LOW(0.00) fire=LOW(0.14)
[2026-03-24T13:31:19.249+0000] {climarisk_dag.py:145} INFO - ✅ Vijayawada: flood=LOW(0.00) fire=LOW(0.14)
[2026-03-24T13:31:19.662+0000] {climarisk_dag.py:145} INFO - ✅ Tokyo: flood=LOW(0.00) fire=LOW(0.14)
[2026-03-24T13:31:20.188+0000] {climarisk_dag.py:145} INFO - ✅ Osaka: flood=LOW(0.00) fire=LOW(0.14)
[2026-03-24T13:31:20.666+0000] {climarisk_dag.py:145} INFO - ✅ Sapporo: flood=LOW(0.00) fire=LOW(0.14)
[2026-03-24T13:31:21.031+0000] {climarisk_dag.py:145} INFO - ✅ Naha: flood=LOW(0.00) fire=LOW(0.14)
[2026-03-24T13:31:21.417+0000] {climarisk_dag.py:145} INFO - ✅ Seoul: flood=LOW(0.00) fire=LOW(0.14)
[2026-03-24T13:31:21.780+0000] {climarisk_dag.py:145} INFO - ✅ Busan: flood=LOW(0.00) fire=LOW(0.14)
[2026-03-24T13:31:22.114+0000] {climarisk_dag.py:145} INFO - ✅ Bangkok: flood=LOW(0.00) fire=LOW(0.14)
[2026-03-24T13:31:22.485+0000] {climarisk_dag.py:145} INFO - ✅ Chiang Mai: flood=LOW(0.00) fire=LOW(0.14)
[2026-03-24T13:31:22.928+0000] {climarisk_dag.py:145} INFO - ✅ Jakarta: flood=LOW(0.00) fire=LOW(0.14)
[2026-03-24T13:31:23.341+0000] {climarisk_dag.py:145} INFO - ✅ Surabaya: flood=LOW(0.00) fire=LOW(0.14)
[2026-03-24T13:31:23.694+0000] {climarisk_dag.py:145} INFO - ✅ Medan: flood=LOW(0.00) fire=LOW(0.14)
[2026-03-24T13:31:24.071+0000] {climarisk_dag.py:145} INFO - ✅ Manila: flood=LOW(0.00) fire=LOW(0.14)
[2026-03-24T13:31:24.447+0000] {climarisk_dag.py:145} INFO - ✅ Cebu: flood=LOW(0.00) fire=LOW(0.14)
[2026-03-24T13:31:24.860+0000] {climarisk_dag.py:145} INFO - ✅ Tacloban: flood=LOW(0.00) fire=LOW(0.14)
[2026-03-24T13:31:25.259+0000] {climarisk_dag.py:145} INFO - ✅ Legazpi: flood=LOW(0.00) fire=LOW(0.14)
[2026-03-24T13:31:25.677+0000] {climarisk_dag.py:145} INFO - ✅ Zamboanga: flood=LOW(0.00) fire=LOW(0.14)
[2026-03-24T13:31:26.081+0000] {climarisk_dag.py:145} INFO - ✅ Kuala Lumpur: flood=LOW(0.00) fire=LOW(0.14)
[2026-03-24T13:31:26.484+0000] {climarisk_dag.py:145} INFO - ✅ Singapore: flood=LOW(0.00) fire=LOW(0.14)
[2026-03-24T13:31:26.864+0000] {climarisk_dag.py:145} INFO - ✅ Ho Chi Minh City: flood=LOW(0.00) fire=LOW(0.14)
[2026-03-24T13:31:27.264+0000] {climarisk_dag.py:145} INFO - ✅ Hanoi: flood=LOW(0.00) fire=LOW(0.14)
[2026-03-24T13:31:27.627+0000] {climarisk_dag.py:145} INFO - ✅ Da Nang: flood=LOW(0.00) fire=LOW(0.14)
[2026-03-24T13:31:27.967+0000] {climarisk_dag.py:145} INFO - ✅ Can Tho: flood=LOW(0.00) fire=LOW(0.14)
[2026-03-24T13:31:28.361+0000] {climarisk_dag.py:145} INFO - ✅ My Tho: flood=LOW(0.00) fire=LOW(0.14)
[2026-03-24T13:31:28.723+0000] {climarisk_dag.py:145} INFO - ✅ Dhaka: flood=LOW(0.00) fire=LOW(0.14)
[2026-03-24T13:31:29.168+0000] {climarisk_dag.py:145} INFO - ✅ Chittagong: flood=LOW(0.00) fire=LOW(0.14)
[2026-03-24T13:31:29.503+0000] {climarisk_dag.py:145} INFO - ✅ Sylhet: flood=LOW(0.00) fire=LOW(0.14)
[2026-03-24T13:31:29.875+0000] {climarisk_dag.py:145} INFO - ✅ Khulna: flood=LOW(0.00) fire=LOW(0.14)
[2026-03-24T13:31:30.302+0000] {climarisk_dag.py:145} INFO - ✅ Cox's Bazar: flood=LOW(0.00) fire=LOW(0.14)
[2026-03-24T13:31:30.687+0000] {climarisk_dag.py:145} INFO - ✅ Karachi: flood=LOW(0.00) fire=LOW(0.14)
[2026-03-24T13:31:31.019+0000] {climarisk_dag.py:145} INFO - ✅ Lahore: flood=LOW(0.00) fire=LOW(0.14)
[2026-03-24T13:31:31.429+0000] {climarisk_dag.py:145} INFO - ✅ Colombo: flood=LOW(0.00) fire=LOW(0.14)
[2026-03-24T13:31:31.844+0000] {climarisk_dag.py:145} INFO - ✅ Kathmandu: flood=LOW(0.00) fire=LOW(0.14)
[2026-03-24T13:31:32.193+0000] {climarisk_dag.py:145} INFO - ✅ Yangon: flood=LOW(0.00) fire=LOW(0.14)
[2026-03-24T13:31:32.526+0000] {climarisk_dag.py:145} INFO - ✅ Sittwe: flood=LOW(0.00) fire=LOW(0.14)
[2026-03-24T13:31:32.914+0000] {climarisk_dag.py:145} INFO - ✅ Phnom Penh: flood=LOW(0.00) fire=LOW(0.14)
[2026-03-24T13:31:33.312+0000] {climarisk_dag.py:145} INFO - ✅ Riyadh: flood=LOW(0.00) fire=LOW(0.14)
[2026-03-24T13:31:33.722+0000] {climarisk_dag.py:145} INFO - ✅ Dubai: flood=LOW(0.00) fire=LOW(0.14)
[2026-03-24T13:31:34.062+0000] {climarisk_dag.py:145} INFO - ✅ Tehran: flood=LOW(0.00) fire=LOW(0.14)
[2026-03-24T13:31:34.422+0000] {climarisk_dag.py:145} INFO - ✅ Istanbul: flood=LOW(0.00) fire=LOW(0.14)
[2026-03-24T13:31:33.996+0000] {climarisk_dag.py:145} INFO - ✅ Ankara: flood=LOW(0.00) fire=LOW(0.14)
[2026-03-24T13:31:33.334+0000] {climarisk_dag.py:145} INFO - ✅ Baghdad: flood=LOW(0.00) fire=LOW(0.14)
[2026-03-24T13:31:33.719+0000] {climarisk_dag.py:145} INFO - ✅ Baku: flood=LOW(0.00) fire=LOW(0.14)
[2026-03-24T13:31:34.080+0000] {climarisk_dag.py:145} INFO - ✅ Tashkent: flood=LOW(0.00) fire=LOW(0.14)
[2026-03-24T13:31:34.460+0000] {climarisk_dag.py:145} INFO - ✅ Almaty: flood=LOW(0.00) fire=LOW(0.14)
[2026-03-24T13:31:34.851+0000] {climarisk_dag.py:145} INFO - ✅ Guam: flood=LOW(0.00) fire=LOW(0.14)
[2026-03-24T13:31:35.262+0000] {climarisk_dag.py:145} INFO - ✅ Paris: flood=LOW(0.00) fire=LOW(0.14)
[2026-03-24T13:31:35.671+0000] {climarisk_dag.py:145} INFO - ✅ Lyon: flood=LOW(0.00) fire=LOW(0.14)
[2026-03-24T13:31:36.079+0000] {climarisk_dag.py:145} INFO - ✅ Marseille: flood=LOW(0.00) fire=LOW(0.14)
[2026-03-24T13:31:36.433+0000] {climarisk_dag.py:145} INFO - ✅ Toulouse: flood=LOW(0.00) fire=LOW(0.14)
[2026-03-24T13:31:36.792+0000] {climarisk_dag.py:145} INFO - ✅ Bordeaux: flood=LOW(0.00) fire=LOW(0.14)
[2026-03-24T13:31:37.150+0000] {climarisk_dag.py:145} INFO - ✅ Nantes: flood=LOW(0.00) fire=LOW(0.14)
[2026-03-24T13:31:37.513+0000] {climarisk_dag.py:145} INFO - ✅ Strasbourg: flood=LOW(0.00) fire=LOW(0.14)
[2026-03-24T13:31:37.871+0000] {climarisk_dag.py:145} INFO - ✅ Lille: flood=LOW(0.00) fire=LOW(0.14)
[2026-03-24T13:31:38.259+0000] {climarisk_dag.py:145} INFO - ✅ Montpellier: flood=LOW(0.00) fire=LOW(0.14)
[2026-03-24T13:31:38.763+0000] {climarisk_dag.py:145} INFO - ✅ Nice: flood=LOW(0.00) fire=LOW(0.14)
[2026-03-24T13:31:39.120+0000] {climarisk_dag.py:145} INFO - ✅ London: flood=LOW(0.00) fire=LOW(0.14)
[2026-03-24T13:31:39.594+0000] {climarisk_dag.py:145} INFO - ✅ Birmingham: flood=LOW(0.00) fire=LOW(0.14)
[2026-03-24T13:31:40.031+0000] {climarisk_dag.py:145} INFO - ✅ Manchester: flood=LOW(0.00) fire=LOW(0.14)
[2026-03-24T13:31:40.432+0000] {climarisk_dag.py:145} INFO - ✅ Berlin: flood=LOW(0.00) fire=LOW(0.14)
[2026-03-24T13:31:40.835+0000] {climarisk_dag.py:145} INFO - ✅ Hamburg: flood=LOW(0.00) fire=LOW(0.14)
[2026-03-24T13:31:41.247+0000] {climarisk_dag.py:145} INFO - ✅ Munich: flood=LOW(0.00) fire=LOW(0.14)
[2026-03-24T13:31:41.692+0000] {climarisk_dag.py:145} INFO - ✅ Frankfurt: flood=LOW(0.00) fire=LOW(0.14)
[2026-03-24T13:31:42.078+0000] {climarisk_dag.py:145} INFO - ✅ Madrid: flood=LOW(0.00) fire=LOW(0.14)
[2026-03-24T13:31:42.469+0000] {climarisk_dag.py:145} INFO - ✅ Barcelona: flood=LOW(0.00) fire=LOW(0.14)
[2026-03-24T13:31:43.735+0000] {climarisk_dag.py:145} INFO - ✅ Valencia: flood=LOW(0.00) fire=LOW(0.14)
[2026-03-24T13:31:44.085+0000] {climarisk_dag.py:145} INFO - ✅ Malaga: flood=LOW(0.00) fire=LOW(0.14)
[2026-03-24T13:31:44.579+0000] {climarisk_dag.py:145} INFO - ✅ Rome: flood=LOW(0.00) fire=LOW(0.14)
[2026-03-24T13:31:45.100+0000] {climarisk_dag.py:145} INFO - ✅ Milan: flood=LOW(0.00) fire=LOW(0.14)
[2026-03-24T13:31:45.538+0000] {climarisk_dag.py:145} INFO - ✅ Palermo: flood=LOW(0.00) fire=LOW(0.14)
[2026-03-24T13:31:45.975+0000] {climarisk_dag.py:145} INFO - ✅ Amsterdam: flood=LOW(0.00) fire=LOW(0.14)
[2026-03-24T13:31:46.377+0000] {climarisk_dag.py:145} INFO - ✅ Brussels: flood=LOW(0.00) fire=LOW(0.14)
[2026-03-24T13:31:46.849+0000] {climarisk_dag.py:145} INFO - ✅ Vienna: flood=LOW(0.00) fire=LOW(0.14)
[2026-03-24T13:31:47.314+0000] {climarisk_dag.py:145} INFO - ✅ Zurich: flood=LOW(0.00) fire=LOW(0.14)
[2026-03-24T13:31:47.737+0000] {climarisk_dag.py:145} INFO - ✅ Stockholm: flood=LOW(0.00) fire=LOW(0.14)
[2026-03-24T13:31:48.225+0000] {climarisk_dag.py:145} INFO - ✅ Oslo: flood=LOW(0.00) fire=LOW(0.14)
[2026-03-24T13:31:48.654+0000] {climarisk_dag.py:145} INFO - ✅ Copenhagen: flood=LOW(0.00) fire=LOW(0.14)
[2026-03-24T13:31:49.137+0000] {climarisk_dag.py:145} INFO - ✅ Helsinki: flood=LOW(0.00) fire=LOW(0.14)
[2026-03-24T13:31:49.603+0000] {climarisk_dag.py:145} INFO - ✅ Warsaw: flood=LOW(0.00) fire=LOW(0.14)
[2026-03-24T13:31:50.017+0000] {climarisk_dag.py:145} INFO - ✅ Prague: flood=LOW(0.00) fire=LOW(0.14)
[2026-03-24T13:31:50.413+0000] {climarisk_dag.py:145} INFO - ✅ Budapest: flood=LOW(0.00) fire=LOW(0.14)
[2026-03-24T13:31:50.769+0000] {climarisk_dag.py:145} INFO - ✅ Bucharest: flood=LOW(0.00) fire=LOW(0.14)
[2026-03-24T13:31:51.183+0000] {climarisk_dag.py:145} INFO - ✅ Athens: flood=LOW(0.00) fire=LOW(0.14)
[2026-03-24T13:31:51.532+0000] {climarisk_dag.py:145} INFO - ✅ Thessaloniki: flood=LOW(0.00) fire=LOW(0.14)
[2026-03-24T13:31:51.973+0000] {climarisk_dag.py:145} INFO - ✅ Lisbon: flood=LOW(0.00) fire=LOW(0.14)
[2026-03-24T13:31:52.363+0000] {climarisk_dag.py:145} INFO - ✅ Moscow: flood=LOW(0.00) fire=LOW(0.14)
[2026-03-24T13:31:52.771+0000] {climarisk_dag.py:145} INFO - ✅ Saint Petersburg: flood=LOW(0.00) fire=LOW(0.14)
[2026-03-24T13:31:53.282+0000] {climarisk_dag.py:145} INFO - ✅ Krasnoyarsk: flood=LOW(0.00) fire=LOW(0.14)
[2026-03-24T13:31:53.791+0000] {climarisk_dag.py:145} INFO - ✅ Irkutsk: flood=LOW(0.00) fire=LOW(0.14)
[2026-03-24T13:31:54.254+0000] {climarisk_dag.py:145} INFO - ✅ Yakutsk: flood=LOW(0.00) fire=LOW(0.14)
[2026-03-24T13:31:54.672+0000] {climarisk_dag.py:145} INFO - ✅ Khabarovsk: flood=LOW(0.00) fire=LOW(0.14)
[2026-03-24T13:31:55.097+0000] {climarisk_dag.py:145} INFO - ✅ Kyiv: flood=LOW(0.00) fire=LOW(0.14)
[2026-03-24T13:31:55.512+0000] {climarisk_dag.py:145} INFO - ✅ New York: flood=LOW(0.00) fire=LOW(0.14)
[2026-03-24T13:31:55.953+0000] {climarisk_dag.py:145} INFO - ✅ Los Angeles: flood=LOW(0.00) fire=LOW(0.14)
[2026-03-24T13:31:56.318+0000] {climarisk_dag.py:145} INFO - ✅ Chicago: flood=LOW(0.00) fire=LOW(0.14)
[2026-03-24T13:31:56.707+0000] {climarisk_dag.py:145} INFO - ✅ Houston: flood=LOW(0.00) fire=LOW(0.14)
[2026-03-24T13:31:57.138+0000] {climarisk_dag.py:145} INFO - ✅ Miami: flood=LOW(0.00) fire=LOW(0.14)
[2026-03-24T13:31:57.542+0000] {climarisk_dag.py:145} INFO - ✅ New Orleans: flood=LOW(0.00) fire=LOW(0.14)
[2026-03-24T13:31:57.934+0000] {climarisk_dag.py:145} INFO - ✅ Seattle: flood=LOW(0.00) fire=LOW(0.14)
[2026-03-24T13:31:58.327+0000] {climarisk_dag.py:145} INFO - ✅ Sacramento: flood=LOW(0.00) fire=LOW(0.14)
[2026-03-24T13:31:58.724+0000] {climarisk_dag.py:145} INFO - ✅ Fresno: flood=LOW(0.00) fire=LOW(0.14)
[2026-03-24T13:31:59.065+0000] {climarisk_dag.py:145} INFO - ✅ Redding: flood=LOW(0.00) fire=LOW(0.14)
[2026-03-24T13:31:59.477+0000] {climarisk_dag.py:145} INFO - ✅ Memphis: flood=LOW(0.00) fire=LOW(0.14)
[2026-03-24T13:31:59.913+0000] {climarisk_dag.py:145} INFO - ✅ Toronto: flood=LOW(0.00) fire=LOW(0.14)
[2026-03-24T13:32:00.262+0000] {climarisk_dag.py:145} INFO - ✅ Montreal: flood=LOW(0.00) fire=LOW(0.14)
[2026-03-24T13:32:00.688+0000] {climarisk_dag.py:145} INFO - ✅ Vancouver: flood=LOW(0.00) fire=LOW(0.14)
[2026-03-24T13:32:01.123+0000] {climarisk_dag.py:145} INFO - ✅ Mexico City: flood=LOW(0.00) fire=LOW(0.14)
[2026-03-24T13:32:01.498+0000] {climarisk_dag.py:145} INFO - ✅ Veracruz: flood=LOW(0.00) fire=LOW(0.14)
[2026-03-24T13:32:01.925+0000] {climarisk_dag.py:145} INFO - ✅ Cancún: flood=LOW(0.00) fire=LOW(0.14)
[2026-03-24T13:32:02.466+0000] {climarisk_dag.py:145} INFO - ✅ São Paulo: flood=LOW(0.00) fire=LOW(0.14)
[2026-03-24T13:32:02.855+0000] {climarisk_dag.py:145} INFO - ✅ Rio de Janeiro: flood=LOW(0.00) fire=LOW(0.14)
[2026-03-24T13:32:01.406+0000] {climarisk_dag.py:145} INFO - ✅ Belém: flood=LOW(0.00) fire=LOW(0.14)
[2026-03-24T13:32:01.862+0000] {climarisk_dag.py:145} INFO - ✅ Marabá: flood=LOW(0.00) fire=LOW(0.14)
[2026-03-24T13:32:02.293+0000] {climarisk_dag.py:145} INFO - ✅ Sinop: flood=LOW(0.00) fire=LOW(0.14)
[2026-03-24T13:32:02.713+0000] {climarisk_dag.py:145} INFO - ✅ Porto Velho: flood=LOW(0.00) fire=LOW(0.14)
[2026-03-24T13:32:03.126+0000] {climarisk_dag.py:145} INFO - ✅ Buenos Aires: flood=LOW(0.00) fire=LOW(0.14)
[2026-03-24T13:32:03.476+0000] {climarisk_dag.py:145} INFO - ✅ Lima: flood=LOW(0.00) fire=LOW(0.14)
[2026-03-24T13:32:03.912+0000] {climarisk_dag.py:145} INFO - ✅ Bogotá: flood=LOW(0.00) fire=LOW(0.14)
[2026-03-24T13:32:04.312+0000] {climarisk_dag.py:145} INFO - ✅ Santiago: flood=LOW(0.00) fire=LOW(0.14)
[2026-03-24T13:32:04.695+0000] {climarisk_dag.py:145} INFO - ✅ Port-au-Prince: flood=LOW(0.00) fire=LOW(0.14)
[2026-03-24T13:32:05.082+0000] {climarisk_dag.py:145} INFO - ✅ San Juan: flood=LOW(0.00) fire=LOW(0.14)
[2026-03-24T13:32:05.473+0000] {climarisk_dag.py:145} INFO - ✅ Kingston: flood=LOW(0.00) fire=LOW(0.14)
[2026-03-24T13:32:05.870+0000] {climarisk_dag.py:145} INFO - ✅ Port of Spain: flood=LOW(0.00) fire=LOW(0.14)
[2026-03-24T13:32:06.253+0000] {climarisk_dag.py:145} INFO - ✅ Sydney: flood=LOW(0.00) fire=LOW(0.14)
[2026-03-24T13:32:06.599+0000] {climarisk_dag.py:145} INFO - ✅ Melbourne: flood=LOW(0.00) fire=LOW(0.14)
[2026-03-24T13:32:06.942+0000] {climarisk_dag.py:145} INFO - ✅ Brisbane: flood=LOW(0.00) fire=LOW(0.14)
[2026-03-24T13:32:07.280+0000] {climarisk_dag.py:145} INFO - ✅ Darwin: flood=LOW(0.00) fire=LOW(0.14)
[2026-03-24T13:32:07.626+0000] {climarisk_dag.py:145} INFO - ✅ Alice Springs: flood=LOW(0.00) fire=LOW(0.14)
[2026-03-24T13:32:08.085+0000] {climarisk_dag.py:145} INFO - ✅ Cairns: flood=LOW(0.00) fire=LOW(0.14)
[2026-03-24T13:32:08.683+0000] {climarisk_dag.py:145} INFO - ✅ Auckland: flood=LOW(0.00) fire=LOW(0.14)
[2026-03-24T13:32:09.080+0000] {climarisk_dag.py:145} INFO - ✅ Port Moresby: flood=LOW(0.00) fire=LOW(0.14)
[2026-03-24T13:32:09.081+0000] {climarisk_dag.py:157} INFO - ✅ Done: 291 OK, 0 errors, 126.7s
[2026-03-24T13:32:09.102+0000] {python.py:237} INFO - Done. Returned value was: None
[2026-03-24T13:32:09.104+0000] {taskinstance.py:441} INFO - ::group::Post task execution logs
[2026-03-24T13:32:09.118+0000] {taskinstance.py:1206} INFO - Marking task as SUCCESS. dag_id=***_predictions, task_id=predict_all_zones, run_id=scheduled__2026-03-24T13:00:00+00:00, execution_date=20260324T130000, start_date=20260324T133001, end_date=20260324T133209
[2026-03-24T13:32:09.144+0000] {local_task_job_runner.py:240} INFO - Task exited with return code 0
[2026-03-24T13:32:09.168+0000] {taskinstance.py:3498} INFO - 1 downstream tasks scheduled from follow-on schedule check
[2026-03-24T13:32:09.171+0000] {local_task_job_runner.py:222} INFO - ::endgroup::
