[2026-03-25T13:44:44.472+0000] {local_task_job_runner.py:120} INFO - ::group::Pre task execution logs
[2026-03-25T13:44:44.514+0000] {taskinstance.py:2076} INFO - Dependencies all met for dep_context=non-requeueable deps ti=<TaskInstance: climarisk_predictions.predict_all_zones scheduled__2026-03-25T11:30:00+00:00 [queued]>
[2026-03-25T13:44:44.521+0000] {taskinstance.py:2076} INFO - Dependencies all met for dep_context=requeueable deps ti=<TaskInstance: climarisk_predictions.predict_all_zones scheduled__2026-03-25T11:30:00+00:00 [queued]>
[2026-03-25T13:44:44.522+0000] {taskinstance.py:2306} INFO - Starting attempt 2 of 2
[2026-03-25T13:44:44.534+0000] {taskinstance.py:2330} INFO - Executing <Task(PythonOperator): predict_all_zones> on 2026-03-25 11:30:00+00:00
[2026-03-25T13:44:44.545+0000] {standard_task_runner.py:90} INFO - Running: ['airflow', 'tasks', 'run', '***_predictions', 'predict_all_zones', 'scheduled__2026-03-25T11:30:00+00:00', '--job-id', '470', '--raw', '--subdir', 'DAGS_FOLDER/***_dag.py', '--cfg-path', '/tmp/tmp3x7n0o3d']
[2026-03-25T13:44:44.547+0000] {standard_task_runner.py:91} INFO - Job 470: Subtask predict_all_zones
[2026-03-25T13:44:44.550+0000] {logging_mixin.py:188} WARNING - /home/airflow/.local/lib/python3.12/site-packages/airflow/task/task_runner/standard_task_runner.py:61 DeprecationWarning: This process (pid=31553) is multi-threaded, use of fork() may lead to deadlocks in the child.
[2026-03-25T13:44:44.551+0000] {standard_task_runner.py:63} INFO - Started process 31557 to run task
[2026-03-25T13:44:44.633+0000] {task_command.py:426} INFO - Running <TaskInstance: climarisk_predictions.predict_all_zones scheduled__2026-03-25T11:30:00+00:00 [running]> on host 6146f0e8983c
[2026-03-25T13:44:44.734+0000] {taskinstance.py:2648} INFO - Exporting env vars: AIRFLOW_CTX_DAG_OWNER='***' AIRFLOW_CTX_DAG_ID='***_predictions' AIRFLOW_CTX_TASK_ID='predict_all_zones' AIRFLOW_CTX_EXECUTION_DATE='2026-03-25T11:30:00+00:00' AIRFLOW_CTX_TRY_NUMBER='2' AIRFLOW_CTX_DAG_RUN_ID='scheduled__2026-03-25T11:30:00+00:00'
[2026-03-25T13:44:44.735+0000] {taskinstance.py:430} INFO - ::endgroup::
[2026-03-25T13:44:45.368+0000] {climarisk_dag.py:145} INFO - ✅ Alger: flood=LOW(0.05) fire=LOW(0.14)
[2026-03-25T13:44:45.749+0000] {climarisk_dag.py:145} INFO - ✅ Cairo: flood=LOW(0.05) fire=LOW(0.14)
[2026-03-25T13:44:46.042+0000] {climarisk_dag.py:145} INFO - ✅ Lagos: flood=LOW(0.05) fire=LOW(0.14)
[2026-03-25T13:44:46.415+0000] {climarisk_dag.py:145} INFO - ✅ Kano: flood=LOW(0.05) fire=LOW(0.14)
[2026-03-25T13:44:46.742+0000] {climarisk_dag.py:145} INFO - ✅ Abuja: flood=LOW(0.05) fire=LOW(0.14)
[2026-03-25T13:44:47.097+0000] {climarisk_dag.py:145} INFO - ✅ Johannesburg: flood=LOW(0.05) fire=LOW(0.14)
[2026-03-25T13:44:47.443+0000] {climarisk_dag.py:145} INFO - ✅ Cape Town: flood=LOW(0.05) fire=LOW(0.14)
[2026-03-25T13:44:47.748+0000] {climarisk_dag.py:145} INFO - ✅ Nairobi: flood=LOW(0.05) fire=LOW(0.14)
[2026-03-25T13:44:48.137+0000] {climarisk_dag.py:145} INFO - ✅ Addis Ababa: flood=LOW(0.05) fire=LOW(0.14)
[2026-03-25T13:44:48.439+0000] {climarisk_dag.py:145} INFO - ✅ Dar es Salaam: flood=LOW(0.05) fire=LOW(0.14)
[2026-03-25T13:44:48.787+0000] {climarisk_dag.py:145} INFO - ✅ Accra: flood=LOW(0.05) fire=LOW(0.14)
[2026-03-25T13:44:49.088+0000] {climarisk_dag.py:145} INFO - ✅ Casablanca: flood=LOW(0.05) fire=LOW(0.14)
[2026-03-25T13:44:49.434+0000] {climarisk_dag.py:145} INFO - ✅ Mohammedia: flood=LOW(0.05) fire=LOW(0.14)
[2026-03-25T13:44:49.802+0000] {climarisk_dag.py:145} INFO - ✅ El Jadida: flood=LOW(0.05) fire=LOW(0.14)
[2026-03-25T13:44:50.117+0000] {climarisk_dag.py:145} INFO - ✅ Settat: flood=LOW(0.05) fire=LOW(0.14)
[2026-03-25T13:44:50.466+0000] {climarisk_dag.py:145} INFO - ✅ Berrechid: flood=LOW(0.05) fire=LOW(0.14)
[2026-03-25T13:44:50.816+0000] {climarisk_dag.py:145} INFO - ✅ Benslimane: flood=LOW(0.05) fire=LOW(0.14)
[2026-03-25T13:44:51.166+0000] {climarisk_dag.py:145} INFO - ✅ Sidi Bennour: flood=LOW(0.05) fire=LOW(0.14)
[2026-03-25T13:44:51.530+0000] {climarisk_dag.py:145} INFO - ✅ Azemmour: flood=LOW(0.05) fire=LOW(0.14)
[2026-03-25T13:44:51.887+0000] {climarisk_dag.py:145} INFO - ✅ Mediouna: flood=LOW(0.05) fire=LOW(0.14)
[2026-03-25T13:44:52.252+0000] {climarisk_dag.py:145} INFO - ✅ Nouaceur: flood=LOW(0.05) fire=LOW(0.14)
[2026-03-25T13:44:52.553+0000] {climarisk_dag.py:145} INFO - ✅ Rabat: flood=LOW(0.05) fire=LOW(0.14)
[2026-03-25T13:44:52.941+0000] {climarisk_dag.py:145} INFO - ✅ Salé: flood=LOW(0.05) fire=LOW(0.14)
[2026-03-25T13:44:53.251+0000] {climarisk_dag.py:145} INFO - ✅ Kénitra: flood=LOW(0.05) fire=LOW(0.14)
[2026-03-25T13:44:53.617+0000] {climarisk_dag.py:145} INFO - ✅ Témara: flood=LOW(0.05) fire=LOW(0.14)
[2026-03-25T13:44:53.923+0000] {climarisk_dag.py:145} INFO - ✅ Skhirat: flood=LOW(0.05) fire=LOW(0.14)
[2026-03-25T13:44:54.269+0000] {climarisk_dag.py:145} INFO - ✅ Tiflet: flood=LOW(0.05) fire=LOW(0.14)
[2026-03-25T13:44:54.572+0000] {climarisk_dag.py:145} INFO - ✅ Khémisset: flood=LOW(0.05) fire=LOW(0.14)
[2026-03-25T13:44:54.917+0000] {climarisk_dag.py:145} INFO - ✅ Sidi Slimane: flood=LOW(0.05) fire=LOW(0.14)
[2026-03-25T13:44:55.275+0000] {climarisk_dag.py:145} INFO - ✅ Sidi Kacem: flood=LOW(0.05) fire=LOW(0.14)
[2026-03-25T13:44:55.653+0000] {climarisk_dag.py:145} INFO - ✅ Souk el Arba: flood=LOW(0.05) fire=LOW(0.14)
[2026-03-25T13:44:56.030+0000] {climarisk_dag.py:145} INFO - ✅ Ouazzane: flood=LOW(0.05) fire=LOW(0.14)
[2026-03-25T13:44:56.377+0000] {climarisk_dag.py:145} INFO - ✅ Fès: flood=LOW(0.05) fire=LOW(0.14)
[2026-03-25T13:44:56.732+0000] {climarisk_dag.py:145} INFO - ✅ Meknès: flood=LOW(0.05) fire=LOW(0.14)
[2026-03-25T13:44:57.093+0000] {climarisk_dag.py:145} INFO - ✅ Ifrane: flood=LOW(0.05) fire=LOW(0.14)
[2026-03-25T13:44:57.393+0000] {climarisk_dag.py:145} INFO - ✅ Azrou: flood=LOW(0.05) fire=LOW(0.14)
[2026-03-25T13:44:57.704+0000] {climarisk_dag.py:145} INFO - ✅ Taounate: flood=LOW(0.05) fire=LOW(0.14)
[2026-03-25T13:44:58.083+0000] {climarisk_dag.py:145} INFO - ✅ Taza: flood=LOW(0.05) fire=LOW(0.14)
[2026-03-25T13:44:58.399+0000] {climarisk_dag.py:145} INFO - ✅ Sefrou: flood=LOW(0.05) fire=LOW(0.14)
[2026-03-25T13:44:58.723+0000] {climarisk_dag.py:145} INFO - ✅ Boulemane: flood=LOW(0.05) fire=LOW(0.14)
[2026-03-25T13:44:59.023+0000] {climarisk_dag.py:145} INFO - ✅ El Hajeb: flood=LOW(0.05) fire=LOW(0.14)
[2026-03-25T13:44:59.355+0000] {climarisk_dag.py:145} INFO - ✅ Missour: flood=LOW(0.05) fire=LOW(0.14)
[2026-03-25T13:44:59.691+0000] {climarisk_dag.py:145} INFO - ✅ Guercif: flood=LOW(0.05) fire=LOW(0.14)
[2026-03-25T13:45:00.017+0000] {climarisk_dag.py:145} INFO - ✅ Marrakech: flood=LOW(0.05) fire=LOW(0.14)
[2026-03-25T13:45:00.361+0000] {climarisk_dag.py:145} INFO - ✅ Safi: flood=LOW(0.05) fire=LOW(0.14)
[2026-03-25T13:45:00.755+0000] {climarisk_dag.py:145} INFO - ✅ Essaouira: flood=LOW(0.05) fire=LOW(0.14)
[2026-03-25T13:45:01.183+0000] {climarisk_dag.py:145} INFO - ✅ El Kelaa des Sraghna: flood=LOW(0.05) fire=LOW(0.14)
[2026-03-25T13:45:01.506+0000] {climarisk_dag.py:145} INFO - ✅ Chichaoua: flood=LOW(0.05) fire=LOW(0.14)
[2026-03-25T13:45:01.860+0000] {climarisk_dag.py:145} INFO - ✅ Youssoufia: flood=LOW(0.05) fire=LOW(0.14)
[2026-03-25T13:45:02.245+0000] {climarisk_dag.py:145} INFO - ✅ Ben Guerir: flood=LOW(0.05) fire=LOW(0.14)
[2026-03-25T13:45:02.602+0000] {climarisk_dag.py:145} INFO - ✅ Tahanaout: flood=LOW(0.05) fire=LOW(0.14)
[2026-03-25T13:45:02.991+0000] {climarisk_dag.py:145} INFO - ✅ Ait Ourir: flood=LOW(0.05) fire=LOW(0.14)
[2026-03-25T13:45:03.277+0000] {climarisk_dag.py:145} INFO - ✅ Demnate: flood=LOW(0.05) fire=LOW(0.14)
[2026-03-25T13:45:03.622+0000] {climarisk_dag.py:145} INFO - ✅ Tanger: flood=LOW(0.05) fire=LOW(0.14)
[2026-03-25T13:45:03.941+0000] {climarisk_dag.py:145} INFO - ✅ Tétouan: flood=LOW(0.05) fire=LOW(0.14)
[2026-03-25T13:45:04.293+0000] {climarisk_dag.py:145} INFO - ✅ Al Hoceïma: flood=LOW(0.05) fire=LOW(0.14)
[2026-03-25T13:45:04.632+0000] {climarisk_dag.py:145} INFO - ✅ Larache: flood=LOW(0.05) fire=LOW(0.14)
[2026-03-25T13:45:04.930+0000] {climarisk_dag.py:145} INFO - ✅ Chefchaouen: flood=LOW(0.05) fire=LOW(0.14)
[2026-03-25T13:45:05.262+0000] {climarisk_dag.py:145} INFO - ✅ Asilah: flood=LOW(0.05) fire=LOW(0.14)
[2026-03-25T13:45:05.566+0000] {climarisk_dag.py:145} INFO - ✅ Fnideq: flood=LOW(0.05) fire=LOW(0.14)
[2026-03-25T13:45:05.901+0000] {climarisk_dag.py:145} INFO - ✅ Martil: flood=LOW(0.05) fire=LOW(0.14)
[2026-03-25T13:45:06.248+0000] {climarisk_dag.py:145} INFO - ✅ Mdiq: flood=LOW(0.05) fire=LOW(0.14)
[2026-03-25T13:45:06.603+0000] {climarisk_dag.py:145} INFO - ✅ Ksar el Kebir: flood=LOW(0.05) fire=LOW(0.14)
[2026-03-25T13:45:06.961+0000] {climarisk_dag.py:145} INFO - ✅ Ouazzane: flood=LOW(0.05) fire=LOW(0.14)
[2026-03-25T13:45:07.336+0000] {climarisk_dag.py:145} INFO - ✅ Targuist: flood=LOW(0.05) fire=LOW(0.14)
[2026-03-25T13:45:07.673+0000] {climarisk_dag.py:145} INFO - ✅ Imzouren: flood=LOW(0.05) fire=LOW(0.14)
[2026-03-25T13:45:08.074+0000] {climarisk_dag.py:145} INFO - ✅ Beni Mellal-Khenifra: flood=LOW(0.05) fire=LOW(0.14)
[2026-03-25T13:45:09.380+0000] {climarisk_dag.py:145} INFO - ✅ Khénifra: flood=LOW(0.05) fire=LOW(0.14)
[2026-03-25T13:45:09.720+0000] {climarisk_dag.py:145} INFO - ✅ Azilal: flood=LOW(0.05) fire=LOW(0.14)
[2026-03-25T13:45:10.016+0000] {climarisk_dag.py:145} INFO - ✅ Nanjing: flood=LOW(0.05) fire=LOW(0.14)
[2026-03-25T13:45:10.334+0000] {climarisk_dag.py:145} INFO - ✅ Khouribga: flood=LOW(0.05) fire=LOW(0.14)
[2026-03-25T13:45:10.748+0000] {climarisk_dag.py:145} INFO - ✅ Fkih Ben Salah: flood=LOW(0.05) fire=LOW(0.14)
[2026-03-25T13:45:11.127+0000] {climarisk_dag.py:145} INFO - ✅ Souk Sebt: flood=LOW(0.05) fire=LOW(0.14)
[2026-03-25T13:45:11.480+0000] {climarisk_dag.py:145} INFO - ✅ Midelt: flood=LOW(0.05) fire=LOW(0.14)
[2026-03-25T13:45:11.822+0000] {climarisk_dag.py:145} INFO - ✅ Zaouiat Cheikh: flood=LOW(0.05) fire=LOW(0.14)
[2026-03-25T13:45:12.152+0000] {climarisk_dag.py:145} INFO - ✅ Oujda: flood=LOW(0.05) fire=LOW(0.14)
[2026-03-25T13:45:12.451+0000] {climarisk_dag.py:145} INFO - ✅ Nador: flood=LOW(0.05) fire=LOW(0.14)
[2026-03-25T13:45:12.763+0000] {climarisk_dag.py:145} INFO - ✅ Berkane: flood=LOW(0.05) fire=LOW(0.14)
[2026-03-25T13:45:13.092+0000] {climarisk_dag.py:145} INFO - ✅ Taourirt: flood=LOW(0.05) fire=LOW(0.14)
[2026-03-25T13:45:13.426+0000] {climarisk_dag.py:145} INFO - ✅ Jerada: flood=LOW(0.05) fire=LOW(0.14)
[2026-03-25T13:45:13.792+0000] {climarisk_dag.py:145} INFO - ✅ Figuig: flood=LOW(0.05) fire=LOW(0.14)
[2026-03-25T13:45:14.178+0000] {climarisk_dag.py:145} INFO - ✅ Bouarfa: flood=LOW(0.05) fire=LOW(0.14)
[2026-03-25T13:45:14.487+0000] {climarisk_dag.py:145} INFO - ✅ Selouane: flood=LOW(0.05) fire=LOW(0.14)
[2026-03-25T13:45:14.786+0000] {climarisk_dag.py:145} INFO - ✅ Zaio: flood=LOW(0.05) fire=LOW(0.14)
[2026-03-25T13:45:15.143+0000] {climarisk_dag.py:145} INFO - ✅ Agadir: flood=LOW(0.05) fire=LOW(0.14)
[2026-03-25T13:45:15.476+0000] {climarisk_dag.py:145} INFO - ✅ Inezgane: flood=LOW(0.05) fire=LOW(0.14)
[2026-03-25T13:45:15.817+0000] {climarisk_dag.py:145} INFO - ✅ Tiznit: flood=LOW(0.05) fire=LOW(0.14)
[2026-03-25T13:45:16.169+0000] {climarisk_dag.py:145} INFO - ✅ Taroudannt: flood=LOW(0.05) fire=LOW(0.14)
[2026-03-25T13:45:16.550+0000] {climarisk_dag.py:145} INFO - ✅ Ouarzazate: flood=LOW(0.05) fire=LOW(0.14)
[2026-03-25T13:45:16.884+0000] {climarisk_dag.py:145} INFO - ✅ Ait Melloul: flood=LOW(0.05) fire=LOW(0.14)
[2026-03-25T13:45:17.231+0000] {climarisk_dag.py:145} INFO - ✅ Biougra: flood=LOW(0.05) fire=LOW(0.14)
[2026-03-25T13:45:17.556+0000] {climarisk_dag.py:145} INFO - ✅ Chtouka Ait Baha: flood=LOW(0.05) fire=LOW(0.14)
[2026-03-25T13:45:17.926+0000] {climarisk_dag.py:145} INFO - ✅ Tata: flood=LOW(0.05) fire=LOW(0.14)
[2026-03-25T13:45:18.284+0000] {climarisk_dag.py:145} INFO - ✅ Sidi Ifni: flood=LOW(0.05) fire=LOW(0.14)
[2026-03-25T13:45:18.621+0000] {climarisk_dag.py:145} INFO - ✅ Massa: flood=LOW(0.05) fire=LOW(0.14)
[2026-03-25T13:45:18.973+0000] {climarisk_dag.py:145} INFO - ✅ Errachidia: flood=LOW(0.05) fire=LOW(0.14)
[2026-03-25T13:45:19.341+0000] {climarisk_dag.py:145} INFO - ✅ Zagora: flood=LOW(0.05) fire=LOW(0.14)
[2026-03-25T13:45:19.715+0000] {climarisk_dag.py:145} INFO - ✅ Tinghir: flood=LOW(0.05) fire=LOW(0.14)
[2026-03-25T13:45:20.033+0000] {climarisk_dag.py:145} INFO - ✅ Ouarzazate: flood=LOW(0.05) fire=LOW(0.14)
[2026-03-25T13:45:20.399+0000] {climarisk_dag.py:145} INFO - ✅ Rissani: flood=LOW(0.05) fire=LOW(0.14)
[2026-03-25T13:45:20.761+0000] {climarisk_dag.py:145} INFO - ✅ Erfoud: flood=LOW(0.05) fire=LOW(0.14)
[2026-03-25T13:45:21.118+0000] {climarisk_dag.py:145} INFO - ✅ Merzouga: flood=LOW(0.05) fire=LOW(0.14)
[2026-03-25T13:45:21.452+0000] {climarisk_dag.py:145} INFO - ✅ Alnif: flood=LOW(0.05) fire=LOW(0.14)
[2026-03-25T13:45:21.781+0000] {climarisk_dag.py:145} INFO - ✅ Goulmima: flood=LOW(0.05) fire=LOW(0.14)
[2026-03-25T13:45:22.254+0000] {climarisk_dag.py:145} INFO - ✅ Laâyoune: flood=LOW(0.05) fire=LOW(0.14)
[2026-03-25T13:45:22.599+0000] {climarisk_dag.py:145} INFO - ✅ Boujdour: flood=LOW(0.05) fire=LOW(0.14)
[2026-03-25T13:45:22.943+0000] {climarisk_dag.py:145} INFO - ✅ Tarfaya: flood=LOW(0.05) fire=LOW(0.14)
[2026-03-25T13:45:23.233+0000] {climarisk_dag.py:145} INFO - ✅ Smara: flood=LOW(0.05) fire=LOW(0.14)
[2026-03-25T13:45:23.535+0000] {climarisk_dag.py:145} INFO - ✅ El Marsa: flood=LOW(0.05) fire=LOW(0.14)
[2026-03-25T13:45:23.877+0000] {climarisk_dag.py:145} INFO - ✅ Dakhla: flood=LOW(0.05) fire=LOW(0.14)
[2026-03-25T13:45:24.227+0000] {climarisk_dag.py:145} INFO - ✅ Aousserd: flood=LOW(0.05) fire=LOW(0.14)
[2026-03-25T13:45:24.567+0000] {climarisk_dag.py:145} INFO - ✅ Guelmim: flood=LOW(0.05) fire=LOW(0.14)
[2026-03-25T13:45:24.917+0000] {climarisk_dag.py:145} INFO - ✅ Tan-Tan: flood=LOW(0.05) fire=LOW(0.14)
[2026-03-25T13:45:25.335+0000] {climarisk_dag.py:145} INFO - ✅ Assa: flood=LOW(0.05) fire=LOW(0.14)
[2026-03-25T13:45:25.670+0000] {climarisk_dag.py:145} INFO - ✅ Zag: flood=LOW(0.05) fire=LOW(0.14)
[2026-03-25T13:45:25.995+0000] {climarisk_dag.py:145} INFO - ✅ Sidi Ifni: flood=LOW(0.05) fire=LOW(0.14)
[2026-03-25T13:45:26.289+0000] {climarisk_dag.py:145} INFO - ✅ Tiznit: flood=LOW(0.05) fire=LOW(0.14)
[2026-03-25T13:45:26.619+0000] {climarisk_dag.py:145} INFO - ✅ Tunis: flood=LOW(0.05) fire=LOW(0.14)
[2026-03-25T13:45:26.920+0000] {climarisk_dag.py:145} INFO - ✅ Kampala: flood=LOW(0.05) fire=LOW(0.14)
[2026-03-25T13:45:27.264+0000] {climarisk_dag.py:145} INFO - ✅ Dakar: flood=LOW(0.05) fire=LOW(0.14)
[2026-03-25T13:45:27.609+0000] {climarisk_dag.py:145} INFO - ✅ Kinshasa: flood=LOW(0.05) fire=LOW(0.14)
[2026-03-25T13:45:27.944+0000] {climarisk_dag.py:145} INFO - ✅ Luanda: flood=LOW(0.05) fire=LOW(0.14)
[2026-03-25T13:45:28.304+0000] {climarisk_dag.py:145} INFO - ✅ Khartoum: flood=LOW(0.05) fire=LOW(0.14)
[2026-03-25T13:45:28.620+0000] {climarisk_dag.py:145} INFO - ✅ Harare: flood=LOW(0.05) fire=LOW(0.14)
[2026-03-25T13:45:28.962+0000] {climarisk_dag.py:145} INFO - ✅ Lusaka: flood=LOW(0.05) fire=LOW(0.14)
[2026-03-25T13:45:29.296+0000] {climarisk_dag.py:145} INFO - ✅ Maputo: flood=LOW(0.05) fire=LOW(0.14)
[2026-03-25T13:45:29.629+0000] {climarisk_dag.py:145} INFO - ✅ Antananarivo: flood=LOW(0.05) fire=LOW(0.14)
[2026-03-25T13:45:29.944+0000] {climarisk_dag.py:145} INFO - ✅ Abidjan: flood=LOW(0.05) fire=LOW(0.14)
[2026-03-25T13:45:30.296+0000] {climarisk_dag.py:145} INFO - ✅ Douala: flood=LOW(0.05) fire=LOW(0.14)
[2026-03-25T13:45:30.701+0000] {climarisk_dag.py:145} INFO - ✅ Niamey: flood=LOW(0.05) fire=LOW(0.14)
[2026-03-25T13:45:31.072+0000] {climarisk_dag.py:145} INFO - ✅ Ouagadougou: flood=LOW(0.05) fire=LOW(0.14)
[2026-03-25T13:45:31.470+0000] {climarisk_dag.py:145} INFO - ✅ Bamako: flood=LOW(0.05) fire=LOW(0.14)
[2026-03-25T13:45:31.813+0000] {climarisk_dag.py:145} INFO - ✅ Windhoek: flood=LOW(0.05) fire=LOW(0.14)
[2026-03-25T13:45:32.224+0000] {climarisk_dag.py:145} INFO - ✅ Port Harcourt: flood=LOW(0.05) fire=LOW(0.14)
[2026-03-25T13:45:32.615+0000] {climarisk_dag.py:145} INFO - ✅ Warri: flood=LOW(0.05) fire=LOW(0.14)
[2026-03-25T13:45:33.005+0000] {climarisk_dag.py:145} INFO - ✅ Calabar: flood=LOW(0.05) fire=LOW(0.14)
[2026-03-25T13:45:33.226+0000] {climarisk_dag.py:145} INFO - ✅ Beijing: flood=LOW(0.05) fire=LOW(0.14)
[2026-03-25T13:45:33.523+0000] {climarisk_dag.py:145} INFO - ✅ Shanghai: flood=LOW(0.05) fire=LOW(0.14)
[2026-03-25T13:45:33.845+0000] {climarisk_dag.py:145} INFO - ✅ Guangzhou: flood=LOW(0.05) fire=LOW(0.14)
[2026-03-25T13:45:34.179+0000] {climarisk_dag.py:145} INFO - ✅ Chengdu: flood=LOW(0.05) fire=LOW(0.14)
[2026-03-25T13:45:34.482+0000] {climarisk_dag.py:145} INFO - ✅ Wuhan: flood=LOW(0.05) fire=LOW(0.14)
[2026-03-25T13:45:34.805+0000] {climarisk_dag.py:145} INFO - ✅ Chongqing: flood=LOW(0.05) fire=LOW(0.14)
[2026-03-25T13:45:35.159+0000] {climarisk_dag.py:145} INFO - ✅ Zhengzhou: flood=LOW(0.05) fire=LOW(0.14)
[2026-03-25T13:45:35.525+0000] {climarisk_dag.py:145} INFO - ✅ Changsha: flood=LOW(0.05) fire=LOW(0.14)
[2026-03-25T13:45:35.844+0000] {climarisk_dag.py:145} INFO - ✅ Nanchang: flood=LOW(0.05) fire=LOW(0.14)
[2026-03-25T13:45:36.141+0000] {climarisk_dag.py:145} INFO - ✅ Yichang: flood=LOW(0.05) fire=LOW(0.14)
[2026-03-25T13:45:36.445+0000] {climarisk_dag.py:145} INFO - ✅ Haikou: flood=LOW(0.05) fire=LOW(0.14)
[2026-03-25T13:45:36.789+0000] {climarisk_dag.py:145} INFO - ✅ Hong Kong: flood=LOW(0.05) fire=LOW(0.14)
[2026-03-25T13:45:37.130+0000] {climarisk_dag.py:145} INFO - ✅ Taipei: flood=LOW(0.05) fire=LOW(0.14)
[2026-03-25T13:45:37.493+0000] {climarisk_dag.py:145} INFO - ✅ Kaohsiung: flood=LOW(0.05) fire=LOW(0.14)
[2026-03-25T13:45:37.861+0000] {climarisk_dag.py:145} INFO - ✅ Mumbai: flood=LOW(0.05) fire=LOW(0.14)
[2026-03-25T13:45:38.221+0000] {climarisk_dag.py:145} INFO - ✅ Delhi: flood=LOW(0.05) fire=LOW(0.14)
[2026-03-25T13:45:38.550+0000] {climarisk_dag.py:145} INFO - ✅ Bangalore: flood=LOW(0.05) fire=LOW(0.14)
[2026-03-25T13:45:38.913+0000] {climarisk_dag.py:145} INFO - ✅ Chennai: flood=LOW(0.05) fire=LOW(0.14)
[2026-03-25T13:45:40.203+0000] {climarisk_dag.py:145} INFO - ✅ Kolkata: flood=LOW(0.05) fire=LOW(0.14)
[2026-03-25T13:45:40.514+0000] {climarisk_dag.py:145} INFO - ✅ Patna: flood=LOW(0.05) fire=LOW(0.14)
[2026-03-25T13:45:40.804+0000] {climarisk_dag.py:145} INFO - ✅ Guwahati: flood=LOW(0.05) fire=LOW(0.14)
[2026-03-25T13:45:41.098+0000] {climarisk_dag.py:145} INFO - ✅ Varanasi: flood=LOW(0.05) fire=LOW(0.14)
[2026-03-25T13:45:41.389+0000] {climarisk_dag.py:145} INFO - ✅ Muzaffarpur: flood=LOW(0.05) fire=LOW(0.14)
[2026-03-25T13:45:41.735+0000] {climarisk_dag.py:145} INFO - ✅ Visakhapatnam: flood=LOW(0.05) fire=LOW(0.14)
[2026-03-25T13:45:42.077+0000] {climarisk_dag.py:145} INFO - ✅ Vijayawada: flood=LOW(0.05) fire=LOW(0.14)
[2026-03-25T13:45:42.386+0000] {climarisk_dag.py:145} INFO - ✅ Tokyo: flood=LOW(0.05) fire=LOW(0.14)
[2026-03-25T13:45:42.727+0000] {climarisk_dag.py:145} INFO - ✅ Osaka: flood=LOW(0.05) fire=LOW(0.14)
[2026-03-25T13:45:43.037+0000] {climarisk_dag.py:145} INFO - ✅ Sapporo: flood=LOW(0.05) fire=LOW(0.14)
[2026-03-25T13:45:43.408+0000] {climarisk_dag.py:145} INFO - ✅ Naha: flood=LOW(0.05) fire=LOW(0.14)
[2026-03-25T13:45:43.771+0000] {climarisk_dag.py:145} INFO - ✅ Seoul: flood=LOW(0.05) fire=LOW(0.14)
[2026-03-25T13:45:44.058+0000] {climarisk_dag.py:145} INFO - ✅ Busan: flood=LOW(0.05) fire=LOW(0.14)
[2026-03-25T13:45:44.400+0000] {climarisk_dag.py:145} INFO - ✅ Bangkok: flood=LOW(0.05) fire=LOW(0.14)
[2026-03-25T13:45:44.714+0000] {climarisk_dag.py:145} INFO - ✅ Chiang Mai: flood=LOW(0.05) fire=LOW(0.14)
[2026-03-25T13:45:45.018+0000] {climarisk_dag.py:145} INFO - ✅ Jakarta: flood=LOW(0.05) fire=LOW(0.14)
[2026-03-25T13:45:45.323+0000] {climarisk_dag.py:145} INFO - ✅ Surabaya: flood=LOW(0.05) fire=LOW(0.14)
[2026-03-25T13:45:45.680+0000] {climarisk_dag.py:145} INFO - ✅ Medan: flood=LOW(0.05) fire=LOW(0.14)
[2026-03-25T13:45:46.055+0000] {climarisk_dag.py:145} INFO - ✅ Manila: flood=LOW(0.05) fire=LOW(0.14)
[2026-03-25T13:45:46.413+0000] {climarisk_dag.py:145} INFO - ✅ Cebu: flood=LOW(0.05) fire=LOW(0.14)
[2026-03-25T13:45:46.736+0000] {climarisk_dag.py:145} INFO - ✅ Tacloban: flood=LOW(0.05) fire=LOW(0.14)
[2026-03-25T13:45:47.086+0000] {climarisk_dag.py:145} INFO - ✅ Legazpi: flood=LOW(0.05) fire=LOW(0.14)
[2026-03-25T13:45:47.428+0000] {climarisk_dag.py:145} INFO - ✅ Zamboanga: flood=LOW(0.05) fire=LOW(0.14)
[2026-03-25T13:45:47.798+0000] {climarisk_dag.py:145} INFO - ✅ Kuala Lumpur: flood=LOW(0.05) fire=LOW(0.14)
[2026-03-25T13:45:48.162+0000] {climarisk_dag.py:145} INFO - ✅ Singapore: flood=LOW(0.05) fire=LOW(0.14)
[2026-03-25T13:45:48.498+0000] {climarisk_dag.py:145} INFO - ✅ Ho Chi Minh City: flood=LOW(0.05) fire=LOW(0.14)
[2026-03-25T13:45:48.889+0000] {climarisk_dag.py:145} INFO - ✅ Hanoi: flood=LOW(0.05) fire=LOW(0.14)
[2026-03-25T13:45:49.200+0000] {climarisk_dag.py:145} INFO - ✅ Da Nang: flood=LOW(0.05) fire=LOW(0.14)
[2026-03-25T13:45:49.507+0000] {climarisk_dag.py:145} INFO - ✅ Can Tho: flood=LOW(0.05) fire=LOW(0.14)
[2026-03-25T13:45:49.850+0000] {climarisk_dag.py:145} INFO - ✅ My Tho: flood=LOW(0.05) fire=LOW(0.14)
[2026-03-25T13:45:50.146+0000] {climarisk_dag.py:145} INFO - ✅ Dhaka: flood=LOW(0.05) fire=LOW(0.14)
[2026-03-25T13:45:50.485+0000] {climarisk_dag.py:145} INFO - ✅ Chittagong: flood=LOW(0.05) fire=LOW(0.14)
[2026-03-25T13:45:50.844+0000] {climarisk_dag.py:145} INFO - ✅ Sylhet: flood=LOW(0.05) fire=LOW(0.14)
[2026-03-25T13:45:51.202+0000] {climarisk_dag.py:145} INFO - ✅ Khulna: flood=LOW(0.05) fire=LOW(0.14)
[2026-03-25T13:45:51.570+0000] {climarisk_dag.py:145} INFO - ✅ Cox's Bazar: flood=LOW(0.05) fire=LOW(0.14)
[2026-03-25T13:45:51.870+0000] {climarisk_dag.py:145} INFO - ✅ Karachi: flood=LOW(0.05) fire=LOW(0.14)
[2026-03-25T13:45:52.223+0000] {climarisk_dag.py:145} INFO - ✅ Lahore: flood=LOW(0.05) fire=LOW(0.14)
[2026-03-25T13:45:52.564+0000] {climarisk_dag.py:145} INFO - ✅ Colombo: flood=LOW(0.05) fire=LOW(0.14)
[2026-03-25T13:45:52.940+0000] {climarisk_dag.py:145} INFO - ✅ Kathmandu: flood=LOW(0.05) fire=LOW(0.14)
[2026-03-25T13:45:53.294+0000] {climarisk_dag.py:145} INFO - ✅ Yangon: flood=LOW(0.05) fire=LOW(0.14)
[2026-03-25T13:45:53.645+0000] {climarisk_dag.py:145} INFO - ✅ Sittwe: flood=LOW(0.05) fire=LOW(0.14)
[2026-03-25T13:45:53.985+0000] {climarisk_dag.py:145} INFO - ✅ Phnom Penh: flood=LOW(0.05) fire=LOW(0.14)
[2026-03-25T13:45:54.284+0000] {climarisk_dag.py:145} INFO - ✅ Riyadh: flood=LOW(0.05) fire=LOW(0.14)
[2026-03-25T13:45:54.613+0000] {climarisk_dag.py:145} INFO - ✅ Dubai: flood=LOW(0.05) fire=LOW(0.14)
[2026-03-25T13:45:54.960+0000] {climarisk_dag.py:145} INFO - ✅ Tehran: flood=LOW(0.05) fire=LOW(0.14)
[2026-03-25T13:45:55.262+0000] {climarisk_dag.py:145} INFO - ✅ Istanbul: flood=LOW(0.05) fire=LOW(0.14)
[2026-03-25T13:45:55.600+0000] {climarisk_dag.py:145} INFO - ✅ Ankara: flood=LOW(0.05) fire=LOW(0.14)
[2026-03-25T13:45:55.966+0000] {climarisk_dag.py:145} INFO - ✅ Baghdad: flood=LOW(0.05) fire=LOW(0.14)
[2026-03-25T13:45:56.262+0000] {climarisk_dag.py:145} INFO - ✅ Baku: flood=LOW(0.05) fire=LOW(0.14)
[2026-03-25T13:45:56.635+0000] {climarisk_dag.py:145} INFO - ✅ Tashkent: flood=LOW(0.05) fire=LOW(0.14)
[2026-03-25T13:45:57.024+0000] {climarisk_dag.py:145} INFO - ✅ Almaty: flood=LOW(0.05) fire=LOW(0.14)
[2026-03-25T13:45:57.388+0000] {climarisk_dag.py:145} INFO - ✅ Guam: flood=LOW(0.05) fire=LOW(0.14)
[2026-03-25T13:45:57.696+0000] {climarisk_dag.py:145} INFO - ✅ Paris: flood=LOW(0.05) fire=LOW(0.14)
[2026-03-25T13:45:58.030+0000] {climarisk_dag.py:145} INFO - ✅ Lyon: flood=LOW(0.05) fire=LOW(0.14)
[2026-03-25T13:45:58.367+0000] {climarisk_dag.py:145} INFO - ✅ Marseille: flood=LOW(0.05) fire=LOW(0.14)
[2026-03-25T13:45:58.676+0000] {climarisk_dag.py:145} INFO - ✅ Toulouse: flood=LOW(0.05) fire=LOW(0.14)
[2026-03-25T13:45:59.047+0000] {climarisk_dag.py:145} INFO - ✅ Bordeaux: flood=LOW(0.05) fire=LOW(0.14)
[2026-03-25T13:45:59.444+0000] {climarisk_dag.py:145} INFO - ✅ Nantes: flood=LOW(0.05) fire=LOW(0.14)
[2026-03-25T13:45:59.800+0000] {climarisk_dag.py:145} INFO - ✅ Strasbourg: flood=LOW(0.05) fire=LOW(0.14)
[2026-03-25T13:46:00.125+0000] {climarisk_dag.py:145} INFO - ✅ Lille: flood=LOW(0.05) fire=LOW(0.14)
[2026-03-25T13:46:00.465+0000] {climarisk_dag.py:145} INFO - ✅ Montpellier: flood=LOW(0.05) fire=LOW(0.14)
[2026-03-25T13:46:00.835+0000] {climarisk_dag.py:145} INFO - ✅ Nice: flood=LOW(0.05) fire=LOW(0.14)
[2026-03-25T13:46:01.227+0000] {climarisk_dag.py:145} INFO - ✅ London: flood=LOW(0.05) fire=LOW(0.14)
[2026-03-25T13:46:01.602+0000] {climarisk_dag.py:145} INFO - ✅ Birmingham: flood=LOW(0.05) fire=LOW(0.14)
[2026-03-25T13:46:01.961+0000] {climarisk_dag.py:145} INFO - ✅ Manchester: flood=LOW(0.05) fire=LOW(0.14)
[2026-03-25T13:46:02.252+0000] {climarisk_dag.py:145} INFO - ✅ Berlin: flood=LOW(0.05) fire=LOW(0.14)
[2026-03-25T13:46:02.609+0000] {climarisk_dag.py:145} INFO - ✅ Hamburg: flood=LOW(0.05) fire=LOW(0.14)
[2026-03-25T13:46:02.919+0000] {climarisk_dag.py:145} INFO - ✅ Munich: flood=LOW(0.05) fire=LOW(0.14)
[2026-03-25T13:46:03.178+0000] {climarisk_dag.py:145} INFO - ✅ Frankfurt: flood=LOW(0.05) fire=LOW(0.14)
[2026-03-25T13:46:03.475+0000] {climarisk_dag.py:145} INFO - ✅ Madrid: flood=LOW(0.05) fire=LOW(0.14)
[2026-03-25T13:46:03.831+0000] {climarisk_dag.py:145} INFO - ✅ Barcelona: flood=LOW(0.05) fire=LOW(0.14)
[2026-03-25T13:46:04.175+0000] {climarisk_dag.py:145} INFO - ✅ Valencia: flood=LOW(0.05) fire=LOW(0.14)
[2026-03-25T13:46:04.518+0000] {climarisk_dag.py:145} INFO - ✅ Malaga: flood=LOW(0.05) fire=LOW(0.14)
[2026-03-25T13:46:04.838+0000] {climarisk_dag.py:145} INFO - ✅ Rome: flood=LOW(0.05) fire=LOW(0.14)
[2026-03-25T13:46:05.237+0000] {climarisk_dag.py:145} INFO - ✅ Milan: flood=LOW(0.05) fire=LOW(0.14)
[2026-03-25T13:46:05.587+0000] {climarisk_dag.py:145} INFO - ✅ Palermo: flood=LOW(0.05) fire=LOW(0.14)
[2026-03-25T13:46:05.876+0000] {climarisk_dag.py:145} INFO - ✅ Amsterdam: flood=LOW(0.05) fire=LOW(0.14)
[2026-03-25T13:46:06.251+0000] {climarisk_dag.py:145} INFO - ✅ Brussels: flood=LOW(0.05) fire=LOW(0.14)
[2026-03-25T13:46:06.645+0000] {climarisk_dag.py:145} INFO - ✅ Vienna: flood=LOW(0.05) fire=LOW(0.14)
[2026-03-25T13:46:07.019+0000] {climarisk_dag.py:145} INFO - ✅ Zurich: flood=LOW(0.05) fire=LOW(0.14)
[2026-03-25T13:46:07.363+0000] {climarisk_dag.py:145} INFO - ✅ Stockholm: flood=LOW(0.05) fire=LOW(0.14)
[2026-03-25T13:46:07.708+0000] {climarisk_dag.py:145} INFO - ✅ Oslo: flood=LOW(0.05) fire=LOW(0.14)
[2026-03-25T13:46:08.032+0000] {climarisk_dag.py:145} INFO - ✅ Copenhagen: flood=LOW(0.05) fire=LOW(0.14)
[2026-03-25T13:46:08.355+0000] {climarisk_dag.py:145} INFO - ✅ Helsinki: flood=LOW(0.05) fire=LOW(0.14)
[2026-03-25T13:46:08.687+0000] {climarisk_dag.py:145} INFO - ✅ Warsaw: flood=LOW(0.05) fire=LOW(0.14)
[2026-03-25T13:46:09.040+0000] {climarisk_dag.py:145} INFO - ✅ Prague: flood=LOW(0.05) fire=LOW(0.14)
[2026-03-25T13:46:09.365+0000] {climarisk_dag.py:145} INFO - ✅ Budapest: flood=LOW(0.05) fire=LOW(0.14)
[2026-03-25T13:46:09.703+0000] {climarisk_dag.py:145} INFO - ✅ Bucharest: flood=LOW(0.05) fire=LOW(0.14)
[2026-03-25T13:46:10.019+0000] {climarisk_dag.py:145} INFO - ✅ Athens: flood=LOW(0.05) fire=LOW(0.14)
[2026-03-25T13:46:11.283+0000] {climarisk_dag.py:145} INFO - ✅ Thessaloniki: flood=LOW(0.05) fire=LOW(0.14)
[2026-03-25T13:46:11.604+0000] {climarisk_dag.py:145} INFO - ✅ Lisbon: flood=LOW(0.05) fire=LOW(0.14)
[2026-03-25T13:46:11.895+0000] {climarisk_dag.py:145} INFO - ✅ Moscow: flood=LOW(0.05) fire=LOW(0.14)
[2026-03-25T13:46:12.221+0000] {climarisk_dag.py:145} INFO - ✅ Saint Petersburg: flood=LOW(0.05) fire=LOW(0.14)
[2026-03-25T13:46:12.555+0000] {climarisk_dag.py:145} INFO - ✅ Krasnoyarsk: flood=LOW(0.05) fire=LOW(0.14)
[2026-03-25T13:46:12.938+0000] {climarisk_dag.py:145} INFO - ✅ Irkutsk: flood=LOW(0.05) fire=LOW(0.14)
[2026-03-25T13:46:13.242+0000] {climarisk_dag.py:145} INFO - ✅ Yakutsk: flood=LOW(0.05) fire=LOW(0.14)
[2026-03-25T13:46:13.546+0000] {climarisk_dag.py:145} INFO - ✅ Khabarovsk: flood=LOW(0.05) fire=LOW(0.14)
[2026-03-25T13:46:13.893+0000] {climarisk_dag.py:145} INFO - ✅ Kyiv: flood=LOW(0.05) fire=LOW(0.14)
[2026-03-25T13:46:14.241+0000] {climarisk_dag.py:145} INFO - ✅ New York: flood=LOW(0.05) fire=LOW(0.14)
[2026-03-25T13:46:14.608+0000] {climarisk_dag.py:145} INFO - ✅ Los Angeles: flood=LOW(0.05) fire=LOW(0.14)
[2026-03-25T13:46:14.967+0000] {climarisk_dag.py:145} INFO - ✅ Chicago: flood=LOW(0.05) fire=LOW(0.14)
[2026-03-25T13:46:15.291+0000] {climarisk_dag.py:145} INFO - ✅ Houston: flood=LOW(0.05) fire=LOW(0.14)
[2026-03-25T13:46:15.653+0000] {climarisk_dag.py:145} INFO - ✅ Miami: flood=LOW(0.05) fire=LOW(0.14)
[2026-03-25T13:46:15.989+0000] {climarisk_dag.py:145} INFO - ✅ New Orleans: flood=LOW(0.05) fire=LOW(0.14)
[2026-03-25T13:46:16.298+0000] {climarisk_dag.py:145} INFO - ✅ Seattle: flood=LOW(0.05) fire=LOW(0.14)
[2026-03-25T13:46:16.690+0000] {climarisk_dag.py:145} INFO - ✅ Sacramento: flood=LOW(0.05) fire=LOW(0.14)
[2026-03-25T13:46:17.049+0000] {climarisk_dag.py:145} INFO - ✅ Fresno: flood=LOW(0.05) fire=LOW(0.14)
[2026-03-25T13:46:17.347+0000] {climarisk_dag.py:145} INFO - ✅ Redding: flood=LOW(0.05) fire=LOW(0.14)
[2026-03-25T13:46:17.731+0000] {climarisk_dag.py:145} INFO - ✅ Memphis: flood=LOW(0.05) fire=LOW(0.14)
[2026-03-25T13:46:18.079+0000] {climarisk_dag.py:145} INFO - ✅ Toronto: flood=LOW(0.05) fire=LOW(0.14)
[2026-03-25T13:46:18.421+0000] {climarisk_dag.py:145} INFO - ✅ Montreal: flood=LOW(0.05) fire=LOW(0.14)
[2026-03-25T13:46:18.794+0000] {climarisk_dag.py:145} INFO - ✅ Vancouver: flood=LOW(0.05) fire=LOW(0.14)
[2026-03-25T13:46:19.095+0000] {climarisk_dag.py:145} INFO - ✅ Mexico City: flood=LOW(0.05) fire=LOW(0.14)
[2026-03-25T13:46:19.445+0000] {climarisk_dag.py:145} INFO - ✅ Veracruz: flood=LOW(0.05) fire=LOW(0.14)
[2026-03-25T13:46:19.818+0000] {climarisk_dag.py:145} INFO - ✅ Cancún: flood=LOW(0.05) fire=LOW(0.14)
[2026-03-25T13:46:20.162+0000] {climarisk_dag.py:145} INFO - ✅ São Paulo: flood=LOW(0.05) fire=LOW(0.14)
[2026-03-25T13:46:20.486+0000] {climarisk_dag.py:145} INFO - ✅ Rio de Janeiro: flood=LOW(0.05) fire=LOW(0.14)
[2026-03-25T13:46:20.787+0000] {climarisk_dag.py:145} INFO - ✅ Belém: flood=LOW(0.05) fire=LOW(0.14)
[2026-03-25T13:46:21.077+0000] {climarisk_dag.py:145} INFO - ✅ Marabá: flood=LOW(0.05) fire=LOW(0.14)
[2026-03-25T13:46:21.447+0000] {climarisk_dag.py:145} INFO - ✅ Sinop: flood=LOW(0.05) fire=LOW(0.14)
[2026-03-25T13:46:21.736+0000] {climarisk_dag.py:145} INFO - ✅ Porto Velho: flood=LOW(0.05) fire=LOW(0.14)
[2026-03-25T13:46:22.086+0000] {climarisk_dag.py:145} INFO - ✅ Buenos Aires: flood=LOW(0.05) fire=LOW(0.14)
[2026-03-25T13:46:22.381+0000] {climarisk_dag.py:145} INFO - ✅ Lima: flood=LOW(0.05) fire=LOW(0.14)
[2026-03-25T13:46:22.743+0000] {climarisk_dag.py:145} INFO - ✅ Bogotá: flood=LOW(0.05) fire=LOW(0.14)
[2026-03-25T13:46:23.122+0000] {climarisk_dag.py:145} INFO - ✅ Santiago: flood=LOW(0.05) fire=LOW(0.14)
[2026-03-25T13:46:23.423+0000] {climarisk_dag.py:145} INFO - ✅ Port-au-Prince: flood=LOW(0.05) fire=LOW(0.14)
[2026-03-25T13:46:23.757+0000] {climarisk_dag.py:145} INFO - ✅ San Juan: flood=LOW(0.05) fire=LOW(0.14)
[2026-03-25T13:46:24.069+0000] {climarisk_dag.py:145} INFO - ✅ Kingston: flood=LOW(0.05) fire=LOW(0.14)
[2026-03-25T13:46:24.411+0000] {climarisk_dag.py:145} INFO - ✅ Port of Spain: flood=LOW(0.05) fire=LOW(0.14)
[2026-03-25T13:46:24.768+0000] {climarisk_dag.py:145} INFO - ✅ Sydney: flood=LOW(0.05) fire=LOW(0.14)
[2026-03-25T13:46:25.113+0000] {climarisk_dag.py:145} INFO - ✅ Melbourne: flood=LOW(0.05) fire=LOW(0.14)
[2026-03-25T13:46:25.457+0000] {climarisk_dag.py:145} INFO - ✅ Brisbane: flood=LOW(0.05) fire=LOW(0.14)
[2026-03-25T13:46:25.802+0000] {climarisk_dag.py:145} INFO - ✅ Darwin: flood=LOW(0.05) fire=LOW(0.14)
[2026-03-25T13:46:26.141+0000] {climarisk_dag.py:145} INFO - ✅ Alice Springs: flood=LOW(0.05) fire=LOW(0.14)
[2026-03-25T13:46:26.440+0000] {climarisk_dag.py:145} INFO - ✅ Cairns: flood=LOW(0.05) fire=LOW(0.14)
[2026-03-25T13:46:26.780+0000] {climarisk_dag.py:145} INFO - ✅ Auckland: flood=LOW(0.05) fire=LOW(0.14)
[2026-03-25T13:46:27.153+0000] {climarisk_dag.py:145} INFO - ✅ Port Moresby: flood=LOW(0.05) fire=LOW(0.14)
[2026-03-25T13:46:27.154+0000] {climarisk_dag.py:157} INFO - ✅ Done: 291 OK, 0 errors, 102.2s
[2026-03-25T13:46:27.175+0000] {python.py:237} INFO - Done. Returned value was: None
[2026-03-25T13:46:27.176+0000] {taskinstance.py:441} INFO - ::group::Post task execution logs
[2026-03-25T13:46:27.187+0000] {taskinstance.py:1206} INFO - Marking task as SUCCESS. dag_id=***_predictions, task_id=predict_all_zones, run_id=scheduled__2026-03-25T11:30:00+00:00, execution_date=20260325T113000, start_date=20260325T134444, end_date=20260325T134627
[2026-03-25T13:46:27.245+0000] {local_task_job_runner.py:240} INFO - Task exited with return code 0
[2026-03-25T13:46:27.270+0000] {taskinstance.py:3498} INFO - 1 downstream tasks scheduled from follow-on schedule check
[2026-03-25T13:46:27.272+0000] {local_task_job_runner.py:222} INFO - ::endgroup::
