[2026-03-26T22:10:24.354+0000] {local_task_job_runner.py:120} INFO - ::group::Pre task execution logs
[2026-03-26T22:10:24.423+0000] {taskinstance.py:2076} INFO - Dependencies all met for dep_context=non-requeueable deps ti=<TaskInstance: climarisk_predictions.predict_all_zones scheduled__2026-03-26T15:00:00+00:00 [queued]>
[2026-03-26T22:10:24.441+0000] {taskinstance.py:2076} INFO - Dependencies all met for dep_context=requeueable deps ti=<TaskInstance: climarisk_predictions.predict_all_zones scheduled__2026-03-26T15:00:00+00:00 [queued]>
[2026-03-26T22:10:24.442+0000] {taskinstance.py:2306} INFO - Starting attempt 1 of 2
[2026-03-26T22:10:24.459+0000] {taskinstance.py:2330} INFO - Executing <Task(PythonOperator): predict_all_zones> on 2026-03-26 15:00:00+00:00
[2026-03-26T22:10:24.472+0000] {logging_mixin.py:188} WARNING - /home/airflow/.local/lib/python3.12/site-packages/airflow/task/task_runner/standard_task_runner.py:61 DeprecationWarning: This process (pid=17960) is multi-threaded, use of fork() may lead to deadlocks in the child.
[2026-03-26T22:10:24.477+0000] {standard_task_runner.py:63} INFO - Started process 17961 to run task
[2026-03-26T22:10:24.475+0000] {standard_task_runner.py:90} INFO - Running: ['airflow', 'tasks', 'run', '***_predictions', 'predict_all_zones', 'scheduled__2026-03-26T15:00:00+00:00', '--job-id', '615', '--raw', '--subdir', 'DAGS_FOLDER/***_dag.py', '--cfg-path', '/tmp/tmp2q4_kef7']
[2026-03-26T22:10:24.482+0000] {standard_task_runner.py:91} INFO - Job 615: Subtask predict_all_zones
[2026-03-26T22:10:24.696+0000] {task_command.py:426} INFO - Running <TaskInstance: climarisk_predictions.predict_all_zones scheduled__2026-03-26T15:00:00+00:00 [running]> on host 6146f0e8983c
[2026-03-26T22:10:24.984+0000] {taskinstance.py:2648} INFO - Exporting env vars: AIRFLOW_CTX_DAG_OWNER='***' AIRFLOW_CTX_DAG_ID='***_predictions' AIRFLOW_CTX_TASK_ID='predict_all_zones' AIRFLOW_CTX_EXECUTION_DATE='2026-03-26T15:00:00+00:00' AIRFLOW_CTX_TRY_NUMBER='1' AIRFLOW_CTX_DAG_RUN_ID='scheduled__2026-03-26T15:00:00+00:00'
[2026-03-26T22:10:24.987+0000] {taskinstance.py:430} INFO - ::endgroup::
[2026-03-26T22:10:26.080+0000] {climarisk_dag.py:135} INFO - ✅ Alger: flood=LOW(0.10) fire=LOW(0.05)
[2026-03-26T22:10:28.194+0000] {climarisk_dag.py:135} INFO - ✅ Cairo: flood=LOW(0.15) fire=LOW(0.08)
[2026-03-26T22:10:31.292+0000] {climarisk_dag.py:135} INFO - ✅ Lagos: flood=MEDIUM(0.47) fire=LOW(0.05)
[2026-03-26T22:10:31.729+0000] {climarisk_dag.py:135} INFO - ✅ Kano: flood=LOW(0.07) fire=MEDIUM(0.32)
[2026-03-26T22:10:33.792+0000] {climarisk_dag.py:135} INFO - ✅ Abuja: flood=LOW(0.10) fire=LOW(0.05)
[2026-03-26T22:10:35.859+0000] {climarisk_dag.py:135} INFO - ✅ Johannesburg: flood=LOW(0.03) fire=LOW(0.05)
[2026-03-26T22:10:37.895+0000] {climarisk_dag.py:135} INFO - ✅ Cape Town: flood=LOW(0.21) fire=LOW(0.05)
[2026-03-26T22:10:39.940+0000] {climarisk_dag.py:135} INFO - ✅ Nairobi: flood=LOW(0.04) fire=LOW(0.05)
[2026-03-26T22:10:43.414+0000] {climarisk_dag.py:135} INFO - ✅ Addis Ababa: flood=LOW(0.08) fire=LOW(0.05)
[2026-03-26T22:10:47.452+0000] {climarisk_dag.py:135} INFO - ✅ Dar es Salaam: flood=MEDIUM(0.36) fire=LOW(0.05)
[2026-03-26T22:10:51.127+0000] {climarisk_dag.py:135} INFO - ✅ Accra: flood=LOW(0.19) fire=LOW(0.13)
[2026-03-26T22:10:55.314+0000] {climarisk_dag.py:135} INFO - ✅ Casablanca: flood=LOW(0.15) fire=LOW(0.07)
[2026-03-26T22:10:59.646+0000] {climarisk_dag.py:135} INFO - ✅ Mohammedia: flood=LOW(0.15) fire=LOW(0.06)
[2026-03-26T22:11:00.869+0000] {climarisk_dag.py:135} INFO - ✅ El Jadida: flood=LOW(0.15) fire=LOW(0.07)
[2026-03-26T22:11:04.566+0000] {climarisk_dag.py:135} INFO - ✅ Settat: flood=LOW(0.07) fire=LOW(0.05)
[2026-03-26T22:11:07.681+0000] {climarisk_dag.py:135} INFO - ✅ Berrechid: flood=LOW(0.05) fire=LOW(0.05)
[2026-03-26T22:11:10.082+0000] {climarisk_dag.py:135} INFO - ✅ Benslimane: flood=LOW(0.06) fire=LOW(0.05)
[2026-03-26T22:11:12.650+0000] {climarisk_dag.py:135} INFO - ✅ Sidi Bennour: flood=LOW(0.12) fire=LOW(0.06)
[2026-03-26T22:11:16.801+0000] {climarisk_dag.py:135} INFO - ✅ Azemmour: flood=LOW(0.15) fire=LOW(0.07)
[2026-03-26T22:11:19.477+0000] {climarisk_dag.py:135} INFO - ✅ Mediouna: flood=LOW(0.03) fire=LOW(0.06)
[2026-03-26T22:11:23.109+0000] {climarisk_dag.py:135} INFO - ✅ Nouaceur: flood=LOW(0.04) fire=LOW(0.06)
[2026-03-26T22:11:28.040+0000] {climarisk_dag.py:135} INFO - ✅ Rabat: flood=LOW(0.09) fire=LOW(0.07)
[2026-03-26T22:11:31.966+0000] {climarisk_dag.py:135} INFO - ✅ Salé: flood=LOW(0.11) fire=LOW(0.07)
[2026-03-26T22:11:35.095+0000] {climarisk_dag.py:135} INFO - ✅ Kénitra: flood=LOW(0.15) fire=LOW(0.07)
[2026-03-26T22:11:40.384+0000] {climarisk_dag.py:135} INFO - ✅ Témara: flood=LOW(0.15) fire=LOW(0.06)
[2026-03-26T22:11:43.335+0000] {climarisk_dag.py:135} INFO - ✅ Skhirat: flood=LOW(0.15) fire=LOW(0.06)
[2026-03-26T22:11:47.752+0000] {climarisk_dag.py:135} INFO - ✅ Tiflet: flood=LOW(0.08) fire=LOW(0.06)
[2026-03-26T22:11:51.347+0000] {climarisk_dag.py:135} INFO - ✅ Khémisset: flood=LOW(0.03) fire=LOW(0.05)
[2026-03-26T22:11:55.796+0000] {climarisk_dag.py:135} INFO - ✅ Sidi Slimane: flood=LOW(0.12) fire=LOW(0.05)
[2026-03-26T22:11:59.954+0000] {climarisk_dag.py:135} INFO - ✅ Sidi Kacem: flood=LOW(0.09) fire=LOW(0.05)
[2026-03-26T22:12:02.903+0000] {climarisk_dag.py:135} INFO - ✅ Souk el Arba: flood=LOW(0.15) fire=LOW(0.06)
[2026-03-26T22:12:05.944+0000] {climarisk_dag.py:135} INFO - ✅ Ouazzane: flood=LOW(0.04) fire=LOW(0.05)
[2026-03-26T22:12:08.019+0000] {climarisk_dag.py:135} INFO - ✅ Fès: flood=LOW(0.04) fire=LOW(0.05)
[2026-03-26T22:12:10.108+0000] {climarisk_dag.py:135} INFO - ✅ Meknès: flood=LOW(0.03) fire=LOW(0.05)
[2026-03-26T22:12:12.261+0000] {climarisk_dag.py:135} INFO - ✅ Ifrane: flood=LOW(0.03) fire=LOW(0.05)
[2026-03-26T22:12:14.347+0000] {climarisk_dag.py:135} INFO - ✅ Azrou: flood=LOW(0.02) fire=LOW(0.05)
[2026-03-26T22:12:16.551+0000] {climarisk_dag.py:135} INFO - ✅ Taounate: flood=LOW(0.04) fire=LOW(0.06)
[2026-03-26T22:12:18.698+0000] {climarisk_dag.py:135} INFO - ✅ Taza: flood=LOW(0.05) fire=LOW(0.05)
[2026-03-26T22:12:21.034+0000] {climarisk_dag.py:135} INFO - ✅ Sefrou: flood=LOW(0.02) fire=LOW(0.05)
[2026-03-26T22:12:23.044+0000] {climarisk_dag.py:135} INFO - ✅ Boulemane: flood=LOW(0.02) fire=LOW(0.05)
[2026-03-26T22:12:24.755+0000] {climarisk_dag.py:135} INFO - ✅ El Hajeb: flood=LOW(0.03) fire=LOW(0.05)
[2026-03-26T22:12:26.915+0000] {climarisk_dag.py:135} INFO - ✅ Missour: flood=LOW(0.02) fire=LOW(0.05)
[2026-03-26T22:12:30.198+0000] {climarisk_dag.py:135} INFO - ✅ Guercif: flood=LOW(0.11) fire=LOW(0.05)
[2026-03-26T22:12:32.779+0000] {climarisk_dag.py:135} INFO - ✅ Marrakech: flood=LOW(0.08) fire=LOW(0.07)
[2026-03-26T22:12:35.260+0000] {climarisk_dag.py:135} INFO - ✅ Safi: flood=LOW(0.13) fire=LOW(0.07)
[2026-03-26T22:12:37.306+0000] {climarisk_dag.py:135} INFO - ✅ Essaouira: flood=LOW(0.15) fire=LOW(0.08)
[2026-03-26T22:12:39.480+0000] {climarisk_dag.py:135} INFO - ✅ El Kelaa des Sraghna: flood=LOW(0.07) fire=LOW(0.07)
[2026-03-26T22:12:41.698+0000] {climarisk_dag.py:135} INFO - ✅ Chichaoua: flood=LOW(0.12) fire=LOW(0.05)
[2026-03-26T22:12:44.586+0000] {climarisk_dag.py:135} INFO - ✅ Youssoufia: flood=LOW(0.06) fire=LOW(0.06)
[2026-03-26T22:12:46.700+0000] {climarisk_dag.py:135} INFO - ✅ Ben Guerir: flood=LOW(0.05) fire=LOW(0.05)
[2026-03-26T22:12:49.137+0000] {climarisk_dag.py:135} INFO - ✅ Tahanaout: flood=LOW(0.01) fire=LOW(0.05)
[2026-03-26T22:12:51.771+0000] {climarisk_dag.py:135} INFO - ✅ Ait Ourir: flood=LOW(0.06) fire=LOW(0.05)
[2026-03-26T22:12:52.979+0000] {climarisk_dag.py:135} INFO - ✅ Demnate: flood=LOW(0.02) fire=LOW(0.05)
[2026-03-26T22:12:55.687+0000] {climarisk_dag.py:135} INFO - ✅ Tanger: flood=LOW(0.15) fire=LOW(0.06)
[2026-03-26T22:13:00.684+0000] {climarisk_dag.py:135} INFO - ✅ Tétouan: flood=LOW(0.11) fire=LOW(0.05)
[2026-03-26T22:13:04.085+0000] {climarisk_dag.py:135} INFO - ✅ Al Hoceïma: flood=LOW(0.15) fire=LOW(0.05)
[2026-03-26T22:13:08.509+0000] {climarisk_dag.py:135} INFO - ✅ Larache: flood=LOW(0.15) fire=LOW(0.14)
[2026-03-26T22:13:11.830+0000] {climarisk_dag.py:135} INFO - ✅ Chefchaouen: flood=LOW(0.07) fire=LOW(0.08)
[2026-03-26T22:13:14.504+0000] {climarisk_dag.py:135} INFO - ✅ Asilah: flood=LOW(0.15) fire=LOW(0.09)
[2026-03-26T22:13:17.082+0000] {climarisk_dag.py:135} INFO - ✅ Fnideq: flood=LOW(0.15) fire=LOW(0.06)
[2026-03-26T22:13:19.251+0000] {climarisk_dag.py:135} INFO - ✅ Martil: flood=LOW(0.15) fire=LOW(0.06)
[2026-03-26T22:13:22.051+0000] {climarisk_dag.py:135} INFO - ✅ Mdiq: flood=LOW(0.15) fire=LOW(0.06)
[2026-03-26T22:13:26.387+0000] {climarisk_dag.py:135} INFO - ✅ Ksar el Kebir: flood=LOW(0.15) fire=LOW(0.06)
[2026-03-26T22:13:27.984+0000] {climarisk_dag.py:135} INFO - ✅ Ouazzane: flood=LOW(0.04) fire=LOW(0.05)
[2026-03-26T22:13:30.990+0000] {climarisk_dag.py:135} INFO - ✅ Targuist: flood=LOW(0.02) fire=LOW(0.05)
[2026-03-26T22:13:33.689+0000] {climarisk_dag.py:135} INFO - ✅ Imzouren: flood=LOW(0.15) fire=LOW(0.05)
[2026-03-26T22:13:36.914+0000] {climarisk_dag.py:135} INFO - ✅ Beni Mellal-Khenifra: flood=LOW(0.03) fire=LOW(0.07)
[2026-03-26T22:13:39.883+0000] {climarisk_dag.py:135} INFO - ✅ Khénifra: flood=LOW(0.01) fire=LOW(0.05)
[2026-03-26T22:13:43.612+0000] {climarisk_dag.py:135} INFO - ✅ Azilal: flood=LOW(0.02) fire=LOW(0.05)
[2026-03-26T22:13:46.788+0000] {climarisk_dag.py:135} INFO - ✅ Nanjing: flood=MEDIUM(0.51) fire=LOW(0.09)
[2026-03-26T22:13:49.635+0000] {climarisk_dag.py:135} INFO - ✅ Khouribga: flood=LOW(0.06) fire=LOW(0.05)
[2026-03-26T22:13:50.547+0000] {climarisk_dag.py:135} INFO - ✅ Fkih Ben Salah: flood=LOW(0.03) fire=LOW(0.05)
[2026-03-26T22:13:53.112+0000] {climarisk_dag.py:135} INFO - ✅ Souk Sebt: flood=LOW(0.03) fire=LOW(0.05)
[2026-03-26T22:13:55.246+0000] {climarisk_dag.py:135} INFO - ✅ Midelt: flood=LOW(0.01) fire=LOW(0.05)
[2026-03-26T22:13:58.320+0000] {climarisk_dag.py:135} INFO - ✅ Zaouiat Cheikh: flood=LOW(0.07) fire=LOW(0.07)
[2026-03-26T22:14:01.642+0000] {climarisk_dag.py:135} INFO - ✅ Oujda: flood=LOW(0.05) fire=LOW(0.05)
[2026-03-26T22:14:04.774+0000] {climarisk_dag.py:135} INFO - ✅ Nador: flood=LOW(0.14) fire=LOW(0.06)
[2026-03-26T22:14:07.596+0000] {climarisk_dag.py:135} INFO - ✅ Berkane: flood=LOW(0.04) fire=LOW(0.05)
[2026-03-26T22:14:10.916+0000] {climarisk_dag.py:135} INFO - ✅ Taourirt: flood=LOW(0.07) fire=LOW(0.05)
[2026-03-26T22:14:14.166+0000] {climarisk_dag.py:135} INFO - ✅ Jerada: flood=LOW(0.02) fire=LOW(0.05)
[2026-03-26T22:14:17.934+0000] {climarisk_dag.py:135} INFO - ✅ Figuig: flood=LOW(0.02) fire=LOW(0.05)
[2026-03-26T22:14:19.133+0000] {climarisk_dag.py:135} INFO - ✅ Bouarfa: flood=LOW(0.03) fire=LOW(0.05)
[2026-03-26T22:14:21.876+0000] {climarisk_dag.py:135} INFO - ✅ Selouane: flood=LOW(0.11) fire=LOW(0.05)
[2026-03-26T22:14:25.105+0000] {climarisk_dag.py:135} INFO - ✅ Zaio: flood=LOW(0.05) fire=LOW(0.05)
[2026-03-26T22:14:27.846+0000] {climarisk_dag.py:135} INFO - ✅ Agadir: flood=LOW(0.15) fire=LOW(0.08)
[2026-03-26T22:14:30.595+0000] {climarisk_dag.py:135} INFO - ✅ Inezgane: flood=LOW(0.15) fire=LOW(0.07)
[2026-03-26T22:14:34.436+0000] {climarisk_dag.py:135} INFO - ✅ Tiznit: flood=LOW(0.14) fire=LOW(0.07)
[2026-03-26T22:14:37.751+0000] {climarisk_dag.py:135} INFO - ✅ Taroudannt: flood=LOW(0.05) fire=LOW(0.05)
[2026-03-26T22:14:41.520+0000] {climarisk_dag.py:135} INFO - ✅ Ouarzazate: flood=LOW(0.02) fire=LOW(0.05)
[2026-03-26T22:14:45.068+0000] {climarisk_dag.py:135} INFO - ✅ Ait Melloul: flood=LOW(0.15) fire=LOW(0.07)
[2026-03-26T22:14:46.976+0000] {climarisk_dag.py:135} INFO - ✅ Biougra: flood=LOW(0.11) fire=LOW(0.07)
[2026-03-26T22:14:51.934+0000] {climarisk_dag.py:135} INFO - ✅ Chtouka Ait Baha: flood=LOW(0.04) fire=LOW(0.05)
[2026-03-26T22:14:55.244+0000] {climarisk_dag.py:135} INFO - ✅ Tata: flood=LOW(0.04) fire=LOW(0.06)
[2026-03-26T22:14:58.504+0000] {climarisk_dag.py:135} INFO - ✅ Sidi Ifni: flood=LOW(0.15) fire=LOW(0.07)
[2026-03-26T22:15:01.969+0000] {climarisk_dag.py:135} INFO - ✅ Massa: flood=LOW(0.15) fire=LOW(0.07)
[2026-03-26T22:15:07.892+0000] {climarisk_dag.py:135} INFO - ✅ Errachidia: flood=LOW(0.02) fire=LOW(0.05)
[2026-03-26T22:15:11.964+0000] {climarisk_dag.py:135} INFO - ✅ Zagora: flood=LOW(0.05) fire=LOW(0.05)
[2026-03-26T22:15:16.274+0000] {climarisk_dag.py:135} INFO - ✅ Tinghir: flood=LOW(0.04) fire=LOW(0.07)
[2026-03-26T22:15:17.883+0000] {climarisk_dag.py:135} INFO - ✅ Ouarzazate: flood=LOW(0.02) fire=LOW(0.05)
[2026-03-26T22:15:21.958+0000] {climarisk_dag.py:135} INFO - ✅ Rissani: flood=LOW(0.07) fire=LOW(0.08)
[2026-03-26T22:15:26.340+0000] {climarisk_dag.py:135} INFO - ✅ Erfoud: flood=LOW(0.04) fire=LOW(0.08)
[2026-03-26T22:15:30.387+0000] {climarisk_dag.py:135} INFO - ✅ Merzouga: flood=LOW(0.08) fire=LOW(0.05)
[2026-03-26T22:15:38.172+0000] {climarisk_dag.py:135} INFO - ✅ Alnif: flood=LOW(0.02) fire=LOW(0.05)
[2026-03-26T22:15:42.644+0000] {climarisk_dag.py:135} INFO - ✅ Goulmima: flood=LOW(0.02) fire=LOW(0.05)
[2026-03-26T22:15:45.780+0000] {climarisk_dag.py:135} INFO - ✅ Laâyoune: flood=LOW(0.15) fire=LOW(0.08)
[2026-03-26T22:15:48.258+0000] {climarisk_dag.py:135} INFO - ✅ Boujdour: flood=LOW(0.15) fire=LOW(0.08)
[2026-03-26T22:15:53.626+0000] {climarisk_dag.py:135} INFO - ✅ Tarfaya: flood=LOW(0.15) fire=LOW(0.08)
[2026-03-26T22:15:57.565+0000] {climarisk_dag.py:135} INFO - ✅ Smara: flood=LOW(0.06) fire=LOW(0.05)
[2026-03-26T22:15:59.940+0000] {climarisk_dag.py:135} INFO - ✅ El Marsa: flood=LOW(0.15) fire=LOW(0.08)
[2026-03-26T22:16:03.682+0000] {climarisk_dag.py:135} INFO - ✅ Dakhla: flood=LOW(0.15) fire=LOW(0.08)
[2026-03-26T22:16:08.531+0000] {climarisk_dag.py:135} INFO - ✅ Aousserd: flood=LOW(0.13) fire=MEDIUM(0.30)
[2026-03-26T22:16:11.172+0000] {climarisk_dag.py:135} INFO - ✅ Guelmim: flood=LOW(0.07) fire=LOW(0.05)
[2026-03-26T22:16:16.926+0000] {climarisk_dag.py:135} INFO - ✅ Tan-Tan: flood=LOW(0.16) fire=LOW(0.05)
[2026-03-26T22:16:20.640+0000] {climarisk_dag.py:135} INFO - ✅ Assa: flood=LOW(0.08) fire=LOW(0.05)
[2026-03-26T22:16:24.938+0000] {climarisk_dag.py:135} INFO - ✅ Zag: flood=LOW(0.03) fire=LOW(0.07)
[2026-03-26T22:16:26.515+0000] {climarisk_dag.py:135} INFO - ✅ Sidi Ifni: flood=LOW(0.15) fire=LOW(0.07)
[2026-03-26T22:16:28.122+0000] {climarisk_dag.py:135} INFO - ✅ Tiznit: flood=LOW(0.14) fire=LOW(0.07)
[2026-03-26T22:16:33.413+0000] {climarisk_dag.py:135} INFO - ✅ Tunis: flood=LOW(0.13) fire=LOW(0.05)
[2026-03-26T22:16:38.649+0000] {climarisk_dag.py:135} INFO - ✅ Kampala: flood=LOW(0.10) fire=LOW(0.05)
[2026-03-26T22:16:41.121+0000] {climarisk_dag.py:135} INFO - ✅ Dakar: flood=LOW(0.15) fire=LOW(0.09)
[2026-03-26T22:16:44.598+0000] {climarisk_dag.py:135} INFO - ✅ Kinshasa: flood=LOW(0.13) fire=LOW(0.05)
[2026-03-26T22:16:48.109+0000] {climarisk_dag.py:135} INFO - ✅ Luanda: flood=LOW(0.17) fire=LOW(0.05)
[2026-03-26T22:16:55.175+0000] {climarisk_dag.py:135} INFO - ✅ Khartoum: flood=LOW(0.15) fire=MEDIUM(0.37)
[2026-03-26T22:16:58.667+0000] {climarisk_dag.py:135} INFO - ✅ Harare: flood=LOW(0.03) fire=LOW(0.10)
[2026-03-26T22:17:02.181+0000] {climarisk_dag.py:135} INFO - ✅ Lusaka: flood=LOW(0.03) fire=LOW(0.09)
[2026-03-26T22:17:06.803+0000] {climarisk_dag.py:135} INFO - ✅ Maputo: flood=MEDIUM(0.45) fire=LOW(0.05)
[2026-03-26T22:17:09.426+0000] {climarisk_dag.py:135} INFO - ✅ Antananarivo: flood=LOW(0.04) fire=LOW(0.05)
[2026-03-26T22:17:13.188+0000] {climarisk_dag.py:135} INFO - ✅ Abidjan: flood=LOW(0.15) fire=LOW(0.12)
[2026-03-26T22:17:17.225+0000] {climarisk_dag.py:135} INFO - ✅ Douala: flood=MEDIUM(0.42) fire=LOW(0.05)
[2026-03-26T22:17:20.282+0000] {climarisk_dag.py:135} INFO - ✅ Niamey: flood=LOW(0.13) fire=LOW(0.14)
[2026-03-26T22:17:25.037+0000] {climarisk_dag.py:135} INFO - ✅ Ouagadougou: flood=MEDIUM(0.39) fire=LOW(0.05)
[2026-03-26T22:17:29.185+0000] {climarisk_dag.py:135} INFO - ✅ Bamako: flood=LOW(0.25) fire=LOW(0.30)
[2026-03-26T22:17:33.714+0000] {climarisk_dag.py:135} INFO - ✅ Windhoek: flood=LOW(0.04) fire=LOW(0.09)
[2026-03-26T22:17:36.185+0000] {climarisk_dag.py:135} INFO - ✅ Port Harcourt: flood=MEDIUM(0.53) fire=LOW(0.05)
[2026-03-26T22:17:40.044+0000] {climarisk_dag.py:135} INFO - ✅ Warri: flood=MEDIUM(0.54) fire=LOW(0.05)
[2026-03-26T22:17:45.149+0000] {climarisk_dag.py:135} INFO - ✅ Calabar: flood=MEDIUM(0.50) fire=LOW(0.05)
[2026-03-26T22:17:49.720+0000] {climarisk_dag.py:135} INFO - ✅ Beijing: flood=LOW(0.15) fire=LOW(0.15)
[2026-03-26T22:17:53.114+0000] {climarisk_dag.py:135} INFO - ✅ Shanghai: flood=LOW(0.15) fire=LOW(0.07)
[2026-03-26T22:17:57.049+0000] {climarisk_dag.py:135} INFO - ✅ Guangzhou: flood=MEDIUM(0.36) fire=LOW(0.05)
[2026-03-26T22:18:01.433+0000] {climarisk_dag.py:135} INFO - ✅ Chengdu: flood=LOW(0.12) fire=LOW(0.05)
[2026-03-26T22:18:04.623+0000] {climarisk_dag.py:135} INFO - ✅ Wuhan: flood=LOW(0.26) fire=LOW(0.05)
[2026-03-26T22:18:08.678+0000] {climarisk_dag.py:135} INFO - ✅ Chongqing: flood=LOW(0.17) fire=LOW(0.07)
[2026-03-26T22:18:14.541+0000] {climarisk_dag.py:135} INFO - ✅ Zhengzhou: flood=LOW(0.15) fire=LOW(0.08)
[2026-03-26T22:18:19.679+0000] {climarisk_dag.py:135} INFO - ✅ Changsha: flood=LOW(0.18) fire=LOW(0.05)
[2026-03-26T22:18:24.249+0000] {climarisk_dag.py:135} INFO - ✅ Nanchang: flood=MEDIUM(0.47) fire=LOW(0.05)
[2026-03-26T22:18:32.363+0000] {climarisk_dag.py:135} INFO - ✅ Yichang: flood=LOW(0.19) fire=LOW(0.05)
[2026-03-26T22:18:35.029+0000] {climarisk_dag.py:135} INFO - ✅ Haikou: flood=MEDIUM(0.66) fire=LOW(0.05)
[2026-03-26T22:18:41.636+0000] {climarisk_dag.py:135} INFO - ✅ Hong Kong: flood=MEDIUM(0.58) fire=LOW(0.05)
[2026-03-26T22:18:45.518+0000] {climarisk_dag.py:135} INFO - ✅ Taipei: flood=MEDIUM(0.52) fire=LOW(0.09)
[2026-03-26T22:18:52.046+0000] {climarisk_dag.py:135} INFO - ✅ Kaohsiung: flood=LOW(0.15) fire=LOW(0.12)
[2026-03-26T22:18:55.918+0000] {climarisk_dag.py:135} INFO - ✅ Mumbai: flood=LOW(0.15) fire=LOW(0.14)
[2026-03-26T22:18:59.080+0000] {climarisk_dag.py:135} INFO - ✅ Delhi: flood=LOW(0.09) fire=LOW(0.16)
[2026-03-26T22:19:01.507+0000] {climarisk_dag.py:135} INFO - ✅ Bangalore: flood=LOW(0.07) fire=LOW(0.05)
[2026-03-26T22:19:05.528+0000] {climarisk_dag.py:135} INFO - ✅ Chennai: flood=LOW(0.15) fire=LOW(0.13)
[2026-03-26T22:19:13.298+0000] {climarisk_dag.py:135} INFO - ✅ Kolkata: flood=HIGH(0.78) fire=LOW(0.12)
[2026-03-26T22:19:23.367+0000] {climarisk_dag.py:135} INFO - ✅ Patna: flood=LOW(0.15) fire=LOW(0.13)
[2026-03-26T22:19:28.002+0000] {climarisk_dag.py:135} INFO - ✅ Guwahati: flood=LOW(0.15) fire=LOW(0.05)
[2026-03-26T22:19:33.069+0000] {climarisk_dag.py:135} INFO - ✅ Varanasi: flood=LOW(0.15) fire=LOW(0.16)
[2026-03-26T22:19:37.222+0000] {climarisk_dag.py:135} INFO - ✅ Muzaffarpur: flood=LOW(0.22) fire=LOW(0.05)
[2026-03-26T22:19:44.391+0000] {climarisk_dag.py:135} INFO - ✅ Visakhapatnam: flood=LOW(0.15) fire=LOW(0.13)
[2026-03-26T22:19:49.379+0000] {climarisk_dag.py:135} INFO - ✅ Vijayawada: flood=LOW(0.15) fire=LOW(0.13)
[2026-03-26T22:19:52.780+0000] {climarisk_dag.py:135} INFO - ✅ Tokyo: flood=MEDIUM(0.37) fire=LOW(0.05)
[2026-03-26T22:19:56.782+0000] {climarisk_dag.py:135} INFO - ✅ Osaka: flood=LOW(0.15) fire=LOW(0.06)
[2026-03-26T22:19:57.664+0000] {climarisk_dag.py:135} INFO - ✅ Sapporo: flood=MEDIUM(0.31) fire=LOW(0.05)
[2026-03-26T22:20:05.307+0000] {climarisk_dag.py:135} INFO - ✅ Naha: flood=LOW(0.15) fire=LOW(0.11)
[2026-03-26T22:20:11.548+0000] {climarisk_dag.py:135} INFO - ✅ Seoul: flood=LOW(0.15) fire=LOW(0.05)
[2026-03-26T22:20:16.027+0000] {climarisk_dag.py:135} INFO - ✅ Busan: flood=LOW(0.15) fire=LOW(0.05)
[2026-03-26T22:20:20.150+0000] {climarisk_dag.py:135} INFO - ✅ Bangkok: flood=LOW(0.15) fire=LOW(0.14)
[2026-03-26T22:20:24.336+0000] {climarisk_dag.py:135} INFO - ✅ Chiang Mai: flood=LOW(0.15) fire=LOW(0.22)
[2026-03-26T22:20:26.878+0000] {climarisk_dag.py:135} INFO - ✅ Jakarta: flood=HIGH(0.85) fire=LOW(0.05)
[2026-03-26T22:20:33.761+0000] {climarisk_dag.py:135} INFO - ✅ Surabaya: flood=CRITICAL(0.97) fire=LOW(0.13)
[2026-03-26T22:20:36.512+0000] {climarisk_dag.py:135} INFO - ✅ Medan: flood=MEDIUM(0.62) fire=LOW(0.05)
[2026-03-26T22:20:39.985+0000] {climarisk_dag.py:135} INFO - ✅ Manila: flood=LOW(0.15) fire=LOW(0.14)
[2026-03-26T22:20:43.795+0000] {climarisk_dag.py:135} INFO - ✅ Cebu: flood=MEDIUM(0.50) fire=LOW(0.11)
[2026-03-26T22:20:48.096+0000] {climarisk_dag.py:135} INFO - ✅ Tacloban: flood=LOW(0.15) fire=LOW(0.10)
[2026-03-26T22:20:52.419+0000] {climarisk_dag.py:135} INFO - ✅ Legazpi: flood=LOW(0.15) fire=LOW(0.11)
[2026-03-26T22:20:57.041+0000] {climarisk_dag.py:135} INFO - ✅ Zamboanga: flood=CRITICAL(0.94) fire=LOW(0.05)
[2026-03-26T22:21:01.290+0000] {climarisk_dag.py:135} INFO - ✅ Kuala Lumpur: flood=MEDIUM(0.39) fire=LOW(0.05)
[2026-03-26T22:21:05.180+0000] {climarisk_dag.py:135} INFO - ✅ Singapore: flood=MEDIUM(0.66) fire=LOW(0.13)
[2026-03-26T22:21:08.062+0000] {climarisk_dag.py:135} INFO - ✅ Ho Chi Minh City: flood=LOW(0.15) fire=LOW(0.12)
[2026-03-26T22:21:14.918+0000] {climarisk_dag.py:135} INFO - ✅ Hanoi: flood=MEDIUM(0.51) fire=LOW(0.05)
[2026-03-26T22:21:18.658+0000] {climarisk_dag.py:135} INFO - ✅ Da Nang: flood=LOW(0.15) fire=LOW(0.10)
[2026-03-26T22:21:20.787+0000] {climarisk_dag.py:135} INFO - ✅ Can Tho: flood=LOW(0.15) fire=LOW(0.12)
[2026-03-26T22:21:25.020+0000] {climarisk_dag.py:135} INFO - ✅ My Tho: flood=LOW(0.15) fire=LOW(0.12)
[2026-03-26T22:21:30.945+0000] {climarisk_dag.py:135} INFO - ✅ Dhaka: flood=CRITICAL(0.93) fire=LOW(0.05)
[2026-03-26T22:21:34.775+0000] {climarisk_dag.py:135} INFO - ✅ Chittagong: flood=CRITICAL(0.99) fire=LOW(0.05)
[2026-03-26T22:21:38.361+0000] {climarisk_dag.py:135} INFO - ✅ Sylhet: flood=CRITICAL(0.93) fire=LOW(0.05)
[2026-03-26T22:21:41.304+0000] {climarisk_dag.py:135} INFO - ✅ Khulna: flood=HIGH(0.79) fire=LOW(0.05)
[2026-03-26T22:21:45.371+0000] {climarisk_dag.py:135} INFO - ✅ Cox's Bazar: flood=CRITICAL(0.95) fire=LOW(0.05)
[2026-03-26T22:21:49.821+0000] {climarisk_dag.py:135} INFO - ✅ Karachi: flood=LOW(0.15) fire=LOW(0.15)
[2026-03-26T22:21:53.466+0000] {climarisk_dag.py:135} INFO - ✅ Lahore: flood=LOW(0.17) fire=LOW(0.05)
[2026-03-26T22:21:56.821+0000] {climarisk_dag.py:135} INFO - ✅ Colombo: flood=MEDIUM(0.66) fire=LOW(0.14)
[2026-03-26T22:22:02.844+0000] {climarisk_dag.py:135} INFO - ✅ Kathmandu: flood=LOW(0.07) fire=LOW(0.05)
[2026-03-26T22:22:06.664+0000] {climarisk_dag.py:135} INFO - ✅ Yangon: flood=LOW(0.15) fire=LOW(0.13)
[2026-03-26T22:22:10.940+0000] {climarisk_dag.py:135} INFO - ✅ Sittwe: flood=HIGH(0.85) fire=LOW(0.05)
[2026-03-26T22:22:14.058+0000] {climarisk_dag.py:135} INFO - ✅ Phnom Penh: flood=LOW(0.15) fire=LOW(0.15)
[2026-03-26T22:22:19.404+0000] {climarisk_dag.py:135} INFO - ✅ Riyadh: flood=LOW(0.07) fire=LOW(0.20)
[2026-03-26T22:22:23.727+0000] {climarisk_dag.py:135} INFO - ✅ Dubai: flood=LOW(0.25) fire=LOW(0.05)
[2026-03-26T22:22:28.856+0000] {climarisk_dag.py:135} INFO - ✅ Tehran: flood=LOW(0.01) fire=LOW(0.05)
[2026-03-26T22:22:32.205+0000] {climarisk_dag.py:135} INFO - ✅ Istanbul: flood=LOW(0.21) fire=LOW(0.05)
[2026-03-26T22:22:35.167+0000] {climarisk_dag.py:135} INFO - ✅ Ankara: flood=LOW(0.03) fire=LOW(0.05)
[2026-03-26T22:22:38.259+0000] {climarisk_dag.py:135} INFO - ✅ Baghdad: flood=LOW(0.16) fire=LOW(0.05)
[2026-03-26T22:22:42.909+0000] {climarisk_dag.py:135} INFO - ✅ Baku: flood=LOW(0.12) fire=LOW(0.05)
[2026-03-26T22:22:45.700+0000] {climarisk_dag.py:135} INFO - ✅ Tashkent: flood=LOW(0.05) fire=LOW(0.05)
[2026-03-26T22:22:49.308+0000] {climarisk_dag.py:135} INFO - ✅ Almaty: flood=LOW(0.03) fire=LOW(0.05)
[2026-03-26T22:22:53.367+0000] {climarisk_dag.py:135} INFO - ✅ Guam: flood=HIGH(0.70) fire=LOW(0.05)
[2026-03-26T22:22:57.917+0000] {climarisk_dag.py:135} INFO - ✅ Paris: flood=MEDIUM(0.32) fire=LOW(0.05)
[2026-03-26T22:23:01.514+0000] {climarisk_dag.py:135} INFO - ✅ Lyon: flood=LOW(0.15) fire=LOW(0.05)
[2026-03-26T22:23:05.473+0000] {climarisk_dag.py:135} INFO - ✅ Marseille: flood=LOW(0.15) fire=LOW(0.05)
[2026-03-26T22:23:09.518+0000] {climarisk_dag.py:135} INFO - ✅ Toulouse: flood=LOW(0.05) fire=LOW(0.05)
[2026-03-26T22:23:12.442+0000] {climarisk_dag.py:135} INFO - ✅ Bordeaux: flood=LOW(0.11) fire=LOW(0.05)
[2026-03-26T22:23:14.573+0000] {climarisk_dag.py:135} INFO - ✅ Nantes: flood=LOW(0.23) fire=LOW(0.05)
[2026-03-26T22:23:19.201+0000] {climarisk_dag.py:135} INFO - ✅ Strasbourg: flood=LOW(0.07) fire=LOW(0.05)
[2026-03-26T22:23:23.386+0000] {climarisk_dag.py:135} INFO - ✅ Lille: flood=LOW(0.30) fire=LOW(0.05)
[2026-03-26T22:23:26.989+0000] {climarisk_dag.py:135} INFO - ✅ Montpellier: flood=LOW(0.10) fire=LOW(0.05)
[2026-03-26T22:23:29.493+0000] {climarisk_dag.py:135} INFO - ✅ Nice: flood=LOW(0.15) fire=LOW(0.05)
[2026-03-26T22:23:31.606+0000] {climarisk_dag.py:135} INFO - ✅ London: flood=LOW(0.28) fire=LOW(0.05)
[2026-03-26T22:23:34.392+0000] {climarisk_dag.py:135} INFO - ✅ Birmingham: flood=LOW(0.22) fire=LOW(0.05)
[2026-03-26T22:23:38.899+0000] {climarisk_dag.py:135} INFO - ✅ Manchester: flood=LOW(0.27) fire=LOW(0.05)
[2026-03-26T22:23:42.596+0000] {climarisk_dag.py:135} INFO - ✅ Berlin: flood=MEDIUM(0.33) fire=LOW(0.05)
[2026-03-26T22:23:47.959+0000] {climarisk_dag.py:135} INFO - ✅ Hamburg: flood=MEDIUM(0.33) fire=LOW(0.05)
[2026-03-26T22:23:52.434+0000] {climarisk_dag.py:135} INFO - ✅ Munich: flood=LOW(0.06) fire=LOW(0.05)
[2026-03-26T22:23:55.594+0000] {climarisk_dag.py:135} INFO - ✅ Frankfurt: flood=LOW(0.13) fire=LOW(0.05)
[2026-03-26T22:23:57.933+0000] {climarisk_dag.py:135} INFO - ✅ Madrid: flood=LOW(0.07) fire=LOW(0.07)
[2026-03-26T22:24:00.654+0000] {climarisk_dag.py:135} INFO - ✅ Barcelona: flood=LOW(0.12) fire=LOW(0.06)
[2026-03-26T22:24:03.011+0000] {climarisk_dag.py:135} INFO - ✅ Valencia: flood=LOW(0.15) fire=LOW(0.07)
[2026-03-26T22:24:14.904+0000] {climarisk_dag.py:135} INFO - ✅ Malaga: flood=LOW(0.15) fire=LOW(0.06)
[2026-03-26T22:24:18.750+0000] {climarisk_dag.py:135} INFO - ✅ Rome: flood=LOW(0.11) fire=LOW(0.05)
[2026-03-26T22:24:23.046+0000] {climarisk_dag.py:135} INFO - ✅ Milan: flood=LOW(0.15) fire=LOW(0.07)
[2026-03-26T22:24:25.925+0000] {climarisk_dag.py:135} INFO - ✅ Palermo: flood=LOW(0.14) fire=LOW(0.06)
[2026-03-26T22:24:31.987+0000] {climarisk_dag.py:135} INFO - ✅ Amsterdam: flood=MEDIUM(0.43) fire=LOW(0.05)
[2026-03-26T22:24:35.315+0000] {climarisk_dag.py:135} INFO - ✅ Brussels: flood=MEDIUM(0.33) fire=LOW(0.05)
[2026-03-26T22:24:38.614+0000] {climarisk_dag.py:135} INFO - ✅ Vienna: flood=LOW(0.04) fire=LOW(0.05)
[2026-03-26T22:24:40.677+0000] {climarisk_dag.py:135} INFO - ✅ Zurich: flood=LOW(0.08) fire=LOW(0.05)
[2026-03-26T22:24:43.803+0000] {climarisk_dag.py:135} INFO - ✅ Stockholm: flood=LOW(0.15) fire=LOW(0.05)
[2026-03-26T22:24:47.970+0000] {climarisk_dag.py:135} INFO - ✅ Oslo: flood=LOW(0.20) fire=LOW(0.05)
[2026-03-26T22:24:51.526+0000] {climarisk_dag.py:135} INFO - ✅ Copenhagen: flood=MEDIUM(0.35) fire=LOW(0.05)
[2026-03-26T22:24:55.256+0000] {climarisk_dag.py:135} INFO - ✅ Helsinki: flood=LOW(0.15) fire=LOW(0.05)
[2026-03-26T22:24:59.042+0000] {climarisk_dag.py:135} INFO - ✅ Warsaw: flood=LOW(0.08) fire=LOW(0.05)
[2026-03-26T22:25:02.496+0000] {climarisk_dag.py:135} INFO - ✅ Prague: flood=LOW(0.09) fire=LOW(0.05)
[2026-03-26T22:25:05.707+0000] {climarisk_dag.py:135} INFO - ✅ Budapest: flood=LOW(0.04) fire=LOW(0.05)
[2026-03-26T22:25:06.743+0000] {climarisk_dag.py:135} INFO - ✅ Bucharest: flood=LOW(0.08) fire=LOW(0.05)
[2026-03-26T22:25:09.158+0000] {climarisk_dag.py:135} INFO - ✅ Athens: flood=LOW(0.22) fire=LOW(0.05)
[2026-03-26T22:25:11.725+0000] {climarisk_dag.py:135} INFO - ✅ Thessaloniki: flood=LOW(0.15) fire=LOW(0.05)
[2026-03-26T22:25:14.463+0000] {climarisk_dag.py:135} INFO - ✅ Lisbon: flood=LOW(0.15) fire=LOW(0.14)
[2026-03-26T22:25:18.746+0000] {climarisk_dag.py:135} INFO - ✅ Moscow: flood=LOW(0.04) fire=LOW(0.05)
[2026-03-26T22:25:23.139+0000] {climarisk_dag.py:135} INFO - ✅ Saint Petersburg: flood=LOW(0.15) fire=LOW(0.05)
[2026-03-26T22:25:26.194+0000] {climarisk_dag.py:135} INFO - ✅ Krasnoyarsk: flood=LOW(0.14) fire=LOW(0.05)
[2026-03-26T22:25:28.709+0000] {climarisk_dag.py:135} INFO - ✅ Irkutsk: flood=LOW(0.06) fire=LOW(0.05)
[2026-03-26T22:25:32.000+0000] {climarisk_dag.py:135} INFO - ✅ Yakutsk: flood=LOW(0.06) fire=LOW(0.05)
[2026-03-26T22:25:35.329+0000] {climarisk_dag.py:135} INFO - ✅ Khabarovsk: flood=MEDIUM(0.49) fire=LOW(0.05)
[2026-03-26T22:25:35.508+0000] {climarisk_dag.py:135} INFO - ✅ Kyiv: flood=LOW(0.15) fire=LOW(0.05)
[2026-03-26T22:25:37.628+0000] {climarisk_dag.py:135} INFO - ✅ New York: flood=LOW(0.23) fire=LOW(0.05)
[2026-03-26T22:25:39.795+0000] {climarisk_dag.py:135} INFO - ✅ Los Angeles: flood=LOW(0.15) fire=LOW(0.27)
[2026-03-26T22:25:41.887+0000] {climarisk_dag.py:135} INFO - ✅ Chicago: flood=LOW(0.11) fire=LOW(0.05)
[2026-03-26T22:25:43.966+0000] {climarisk_dag.py:135} INFO - ✅ Houston: flood=LOW(0.15) fire=LOW(0.12)
[2026-03-26T22:25:46.060+0000] {climarisk_dag.py:135} INFO - ✅ Miami: flood=MEDIUM(0.42) fire=LOW(0.05)
[2026-03-26T22:25:48.971+0000] {climarisk_dag.py:135} INFO - ✅ New Orleans: flood=LOW(0.15) fire=LOW(0.18)
[2026-03-26T22:25:52.562+0000] {climarisk_dag.py:135} INFO - ✅ Seattle: flood=LOW(0.15) fire=LOW(0.05)
[2026-03-26T22:25:55.388+0000] {climarisk_dag.py:135} INFO - ✅ Sacramento: flood=LOW(0.15) fire=LOW(0.10)
[2026-03-26T22:25:57.644+0000] {climarisk_dag.py:135} INFO - ✅ Fresno: flood=LOW(0.15) fire=LOW(0.18)
[2026-03-26T22:25:59.689+0000] {climarisk_dag.py:135} INFO - ✅ Redding: flood=LOW(0.15) fire=LOW(0.07)
[2026-03-26T22:26:01.782+0000] {climarisk_dag.py:135} INFO - ✅ Memphis: flood=LOW(0.15) fire=LOW(0.10)
[2026-03-26T22:26:03.897+0000] {climarisk_dag.py:135} INFO - ✅ Toronto: flood=MEDIUM(0.36) fire=LOW(0.05)
[2026-03-26T22:26:05.260+0000] {climarisk_dag.py:135} INFO - ✅ Montreal: flood=MEDIUM(0.40) fire=LOW(0.05)
[2026-03-26T22:26:07.353+0000] {climarisk_dag.py:135} INFO - ✅ Vancouver: flood=LOW(0.27) fire=LOW(0.05)
[2026-03-26T22:26:09.452+0000] {climarisk_dag.py:135} INFO - ✅ Mexico City: flood=LOW(0.03) fire=LOW(0.05)
[2026-03-26T22:26:11.457+0000] {climarisk_dag.py:135} INFO - ✅ Veracruz: flood=MEDIUM(0.46) fire=LOW(0.05)
[2026-03-26T22:26:14.879+0000] {climarisk_dag.py:135} INFO - ✅ Cancún: flood=MEDIUM(0.39) fire=LOW(0.05)
[2026-03-26T22:26:18.933+0000] {climarisk_dag.py:135} INFO - ✅ São Paulo: flood=LOW(0.10) fire=LOW(0.05)
[2026-03-26T22:26:23.626+0000] {climarisk_dag.py:135} INFO - ✅ Rio de Janeiro: flood=LOW(0.15) fire=LOW(0.11)
[2026-03-26T22:26:26.903+0000] {climarisk_dag.py:135} INFO - ✅ Belém: flood=MEDIUM(0.43) fire=LOW(0.05)
[2026-03-26T22:26:29.716+0000] {climarisk_dag.py:135} INFO - ✅ Marabá: flood=LOW(0.14) fire=LOW(0.05)
[2026-03-26T22:26:31.357+0000] {climarisk_dag.py:135} INFO - ✅ Sinop: flood=LOW(0.30) fire=LOW(0.05)
[2026-03-26T22:26:34.546+0000] {climarisk_dag.py:135} INFO - ✅ Porto Velho: flood=MEDIUM(0.47) fire=LOW(0.05)
[2026-03-26T22:26:37.428+0000] {climarisk_dag.py:135} INFO - ✅ Buenos Aires: flood=MEDIUM(0.48) fire=LOW(0.05)
[2026-03-26T22:26:40.446+0000] {climarisk_dag.py:135} INFO - ✅ Lima: flood=LOW(0.15) fire=LOW(0.10)
[2026-03-26T22:26:43.322+0000] {climarisk_dag.py:135} INFO - ✅ Bogotá: flood=LOW(0.08) fire=LOW(0.05)
[2026-03-26T22:26:45.834+0000] {climarisk_dag.py:135} INFO - ✅ Santiago: flood=LOW(0.07) fire=LOW(0.06)
[2026-03-26T22:26:49.611+0000] {climarisk_dag.py:135} INFO - ✅ Port-au-Prince: flood=MEDIUM(0.33) fire=LOW(0.05)
[2026-03-26T22:26:55.639+0000] {climarisk_dag.py:135} INFO - ✅ San Juan: flood=HIGH(0.70) fire=LOW(0.05)
[2026-03-26T22:26:59.081+0000] {climarisk_dag.py:135} INFO - ✅ Kingston: flood=MEDIUM(0.35) fire=LOW(0.11)
[2026-03-26T22:27:00.589+0000] {climarisk_dag.py:135} INFO - ✅ Port of Spain: flood=LOW(0.15) fire=LOW(0.14)
[2026-03-26T22:27:03.952+0000] {climarisk_dag.py:135} INFO - ✅ Sydney: flood=LOW(0.19) fire=LOW(0.05)
[2026-03-26T22:27:07.927+0000] {climarisk_dag.py:135} INFO - ✅ Melbourne: flood=MEDIUM(0.47) fire=LOW(0.07)
[2026-03-26T22:27:11.417+0000] {climarisk_dag.py:135} INFO - ✅ Brisbane: flood=LOW(0.15) fire=LOW(0.10)
[2026-03-26T22:27:13.944+0000] {climarisk_dag.py:135} INFO - ✅ Darwin: flood=MEDIUM(0.53) fire=LOW(0.05)
[2026-03-26T22:27:16.699+0000] {climarisk_dag.py:135} INFO - ✅ Alice Springs: flood=LOW(0.07) fire=LOW(0.07)
[2026-03-26T22:27:18.729+0000] {climarisk_dag.py:135} INFO - ✅ Cairns: flood=LOW(0.15) fire=LOW(0.09)
[2026-03-26T22:27:22.783+0000] {climarisk_dag.py:135} INFO - ✅ Auckland: flood=LOW(0.28) fire=LOW(0.05)
[2026-03-26T22:27:26.195+0000] {climarisk_dag.py:135} INFO - ✅ Port Moresby: flood=MEDIUM(0.61) fire=LOW(0.05)
[2026-03-26T22:27:27.699+0000] {climarisk_dag.py:147} INFO - ✅ Done: 291 OK, 0 errors, 1022.4s
[2026-03-26T22:27:27.792+0000] {python.py:237} INFO - Done. Returned value was: None
[2026-03-26T22:27:27.794+0000] {taskinstance.py:441} INFO - ::group::Post task execution logs
[2026-03-26T22:27:27.820+0000] {taskinstance.py:1206} INFO - Marking task as SUCCESS. dag_id=***_predictions, task_id=predict_all_zones, run_id=scheduled__2026-03-26T15:00:00+00:00, execution_date=20260326T150000, start_date=20260326T221024, end_date=20260326T222727
[2026-03-26T22:27:27.903+0000] {local_task_job_runner.py:240} INFO - Task exited with return code 0
[2026-03-26T22:27:27.959+0000] {taskinstance.py:3498} INFO - 1 downstream tasks scheduled from follow-on schedule check
[2026-03-26T22:27:27.972+0000] {local_task_job_runner.py:222} INFO - ::endgroup::
