[2026-03-25T14:38:16.658+0000] {local_task_job_runner.py:120} INFO - ::group::Pre task execution logs
[2026-03-25T14:38:16.697+0000] {taskinstance.py:2076} INFO - Dependencies all met for dep_context=non-requeueable deps ti=<TaskInstance: climarisk_predictions.predict_all_zones scheduled__2026-03-25T14:33:00+00:00 [queued]>
[2026-03-25T14:38:16.706+0000] {taskinstance.py:2076} INFO - Dependencies all met for dep_context=requeueable deps ti=<TaskInstance: climarisk_predictions.predict_all_zones scheduled__2026-03-25T14:33:00+00:00 [queued]>
[2026-03-25T14:38:16.708+0000] {taskinstance.py:2306} INFO - Starting attempt 1 of 2
[2026-03-25T14:38:16.723+0000] {taskinstance.py:2330} INFO - Executing <Task(PythonOperator): predict_all_zones> on 2026-03-25 14:33:00+00:00
[2026-03-25T14:38:16.730+0000] {logging_mixin.py:188} WARNING - /home/airflow/.local/lib/python3.12/site-packages/airflow/task/task_runner/standard_task_runner.py:61 DeprecationWarning: This process (pid=1501) is multi-threaded, use of fork() may lead to deadlocks in the child.
[2026-03-25T14:38:16.731+0000] {standard_task_runner.py:63} INFO - Started process 1502 to run task
[2026-03-25T14:38:16.730+0000] {standard_task_runner.py:90} INFO - Running: ['airflow', 'tasks', 'run', '***_predictions', 'predict_all_zones', 'scheduled__2026-03-25T14:33:00+00:00', '--job-id', '505', '--raw', '--subdir', 'DAGS_FOLDER/***_dag.py', '--cfg-path', '/tmp/tmpw0loricv']
[2026-03-25T14:38:16.732+0000] {standard_task_runner.py:91} INFO - Job 505: Subtask predict_all_zones
[2026-03-25T14:38:16.813+0000] {task_command.py:426} INFO - Running <TaskInstance: climarisk_predictions.predict_all_zones scheduled__2026-03-25T14:33:00+00:00 [running]> on host 6146f0e8983c
[2026-03-25T14:38:16.918+0000] {taskinstance.py:2648} INFO - Exporting env vars: AIRFLOW_CTX_DAG_OWNER='***' AIRFLOW_CTX_DAG_ID='***_predictions' AIRFLOW_CTX_TASK_ID='predict_all_zones' AIRFLOW_CTX_EXECUTION_DATE='2026-03-25T14:33:00+00:00' AIRFLOW_CTX_TRY_NUMBER='1' AIRFLOW_CTX_DAG_RUN_ID='scheduled__2026-03-25T14:33:00+00:00'
[2026-03-25T14:38:16.919+0000] {taskinstance.py:430} INFO - ::endgroup::
[2026-03-25T14:38:17.523+0000] {climarisk_dag.py:145} INFO - ✅ Alger: flood=LOW(0.05) fire=LOW(0.14)
[2026-03-25T14:38:17.964+0000] {climarisk_dag.py:145} INFO - ✅ Cairo: flood=LOW(0.05) fire=LOW(0.14)
[2026-03-25T14:38:18.337+0000] {climarisk_dag.py:145} INFO - ✅ Lagos: flood=LOW(0.05) fire=LOW(0.14)
[2026-03-25T14:38:18.735+0000] {climarisk_dag.py:145} INFO - ✅ Kano: flood=LOW(0.05) fire=LOW(0.14)
[2026-03-25T14:38:19.090+0000] {climarisk_dag.py:145} INFO - ✅ Abuja: flood=LOW(0.05) fire=LOW(0.14)
[2026-03-25T14:38:19.449+0000] {climarisk_dag.py:145} INFO - ✅ Johannesburg: flood=LOW(0.05) fire=LOW(0.14)
[2026-03-25T14:38:19.768+0000] {climarisk_dag.py:145} INFO - ✅ Cape Town: flood=LOW(0.05) fire=LOW(0.14)
[2026-03-25T14:38:20.152+0000] {climarisk_dag.py:145} INFO - ✅ Nairobi: flood=LOW(0.05) fire=LOW(0.14)
[2026-03-25T14:38:20.576+0000] {climarisk_dag.py:145} INFO - ✅ Addis Ababa: flood=LOW(0.05) fire=LOW(0.14)
[2026-03-25T14:38:21.077+0000] {climarisk_dag.py:145} INFO - ✅ Dar es Salaam: flood=LOW(0.05) fire=LOW(0.14)
[2026-03-25T14:38:21.466+0000] {climarisk_dag.py:145} INFO - ✅ Accra: flood=LOW(0.05) fire=LOW(0.14)
[2026-03-25T14:38:21.854+0000] {climarisk_dag.py:145} INFO - ✅ Casablanca: flood=LOW(0.05) fire=LOW(0.14)
[2026-03-25T14:38:22.293+0000] {climarisk_dag.py:145} INFO - ✅ Mohammedia: flood=LOW(0.05) fire=LOW(0.14)
[2026-03-25T14:38:22.697+0000] {climarisk_dag.py:145} INFO - ✅ El Jadida: flood=LOW(0.05) fire=LOW(0.14)
[2026-03-25T14:38:23.089+0000] {climarisk_dag.py:145} INFO - ✅ Settat: flood=LOW(0.05) fire=LOW(0.14)
[2026-03-25T14:38:23.415+0000] {climarisk_dag.py:145} INFO - ✅ Berrechid: flood=LOW(0.05) fire=LOW(0.14)
[2026-03-25T14:38:23.781+0000] {climarisk_dag.py:145} INFO - ✅ Benslimane: flood=LOW(0.05) fire=LOW(0.14)
[2026-03-25T14:38:24.226+0000] {climarisk_dag.py:145} INFO - ✅ Sidi Bennour: flood=LOW(0.05) fire=LOW(0.14)
[2026-03-25T14:38:24.611+0000] {climarisk_dag.py:145} INFO - ✅ Azemmour: flood=LOW(0.05) fire=LOW(0.14)
[2026-03-25T14:38:25.040+0000] {climarisk_dag.py:145} INFO - ✅ Mediouna: flood=LOW(0.05) fire=LOW(0.14)
[2026-03-25T14:38:25.450+0000] {climarisk_dag.py:145} INFO - ✅ Nouaceur: flood=LOW(0.05) fire=LOW(0.14)
[2026-03-25T14:38:25.867+0000] {climarisk_dag.py:145} INFO - ✅ Rabat: flood=LOW(0.05) fire=LOW(0.14)
[2026-03-25T14:38:26.250+0000] {climarisk_dag.py:145} INFO - ✅ Salé: flood=LOW(0.05) fire=LOW(0.14)
[2026-03-25T14:38:26.727+0000] {climarisk_dag.py:145} INFO - ✅ Kénitra: flood=LOW(0.05) fire=LOW(0.14)
[2026-03-25T14:38:27.075+0000] {climarisk_dag.py:145} INFO - ✅ Témara: flood=LOW(0.05) fire=LOW(0.14)
[2026-03-25T14:38:27.507+0000] {climarisk_dag.py:145} INFO - ✅ Skhirat: flood=LOW(0.05) fire=LOW(0.14)
[2026-03-25T14:38:27.887+0000] {climarisk_dag.py:145} INFO - ✅ Tiflet: flood=LOW(0.05) fire=LOW(0.14)
[2026-03-25T14:38:28.281+0000] {climarisk_dag.py:145} INFO - ✅ Khémisset: flood=LOW(0.05) fire=LOW(0.14)
[2026-03-25T14:38:28.671+0000] {climarisk_dag.py:145} INFO - ✅ Sidi Slimane: flood=LOW(0.05) fire=LOW(0.14)
[2026-03-25T14:38:29.027+0000] {climarisk_dag.py:145} INFO - ✅ Sidi Kacem: flood=LOW(0.05) fire=LOW(0.14)
[2026-03-25T14:38:29.542+0000] {climarisk_dag.py:145} INFO - ✅ Souk el Arba: flood=LOW(0.05) fire=LOW(0.14)
[2026-03-25T14:38:29.890+0000] {climarisk_dag.py:145} INFO - ✅ Ouazzane: flood=LOW(0.05) fire=LOW(0.14)
[2026-03-25T14:38:30.262+0000] {climarisk_dag.py:145} INFO - ✅ Fès: flood=LOW(0.05) fire=LOW(0.14)
[2026-03-25T14:38:30.665+0000] {climarisk_dag.py:145} INFO - ✅ Meknès: flood=LOW(0.05) fire=LOW(0.14)
[2026-03-25T14:38:31.051+0000] {climarisk_dag.py:145} INFO - ✅ Ifrane: flood=LOW(0.05) fire=LOW(0.14)
[2026-03-25T14:38:31.527+0000] {climarisk_dag.py:145} INFO - ✅ Azrou: flood=LOW(0.05) fire=LOW(0.14)
[2026-03-25T14:38:31.919+0000] {climarisk_dag.py:145} INFO - ✅ Taounate: flood=LOW(0.05) fire=LOW(0.14)
[2026-03-25T14:38:32.298+0000] {climarisk_dag.py:145} INFO - ✅ Taza: flood=LOW(0.05) fire=LOW(0.14)
[2026-03-25T14:38:32.655+0000] {climarisk_dag.py:145} INFO - ✅ Sefrou: flood=LOW(0.05) fire=LOW(0.14)
[2026-03-25T14:38:33.076+0000] {climarisk_dag.py:145} INFO - ✅ Boulemane: flood=LOW(0.05) fire=LOW(0.14)
[2026-03-25T14:38:33.462+0000] {climarisk_dag.py:145} INFO - ✅ El Hajeb: flood=LOW(0.05) fire=LOW(0.14)
[2026-03-25T14:38:33.895+0000] {climarisk_dag.py:145} INFO - ✅ Missour: flood=LOW(0.05) fire=LOW(0.14)
[2026-03-25T14:38:34.350+0000] {climarisk_dag.py:145} INFO - ✅ Guercif: flood=LOW(0.05) fire=LOW(0.14)
[2026-03-25T14:38:34.902+0000] {climarisk_dag.py:145} INFO - ✅ Marrakech: flood=LOW(0.05) fire=LOW(0.14)
[2026-03-25T14:38:35.472+0000] {climarisk_dag.py:145} INFO - ✅ Safi: flood=LOW(0.05) fire=LOW(0.14)
[2026-03-25T14:38:35.862+0000] {climarisk_dag.py:145} INFO - ✅ Essaouira: flood=LOW(0.05) fire=LOW(0.14)
[2026-03-25T14:38:36.291+0000] {climarisk_dag.py:145} INFO - ✅ El Kelaa des Sraghna: flood=LOW(0.05) fire=LOW(0.14)
[2026-03-25T14:38:36.692+0000] {climarisk_dag.py:145} INFO - ✅ Chichaoua: flood=LOW(0.05) fire=LOW(0.14)
[2026-03-25T14:38:37.097+0000] {climarisk_dag.py:145} INFO - ✅ Youssoufia: flood=LOW(0.05) fire=LOW(0.14)
[2026-03-25T14:38:37.562+0000] {climarisk_dag.py:145} INFO - ✅ Ben Guerir: flood=LOW(0.05) fire=LOW(0.14)
[2026-03-25T14:38:38.029+0000] {climarisk_dag.py:145} INFO - ✅ Tahanaout: flood=LOW(0.05) fire=LOW(0.14)
[2026-03-25T14:38:38.508+0000] {climarisk_dag.py:145} INFO - ✅ Ait Ourir: flood=LOW(0.05) fire=LOW(0.14)
[2026-03-25T14:38:38.910+0000] {climarisk_dag.py:145} INFO - ✅ Demnate: flood=LOW(0.05) fire=LOW(0.14)
[2026-03-25T14:38:39.390+0000] {climarisk_dag.py:145} INFO - ✅ Tanger: flood=LOW(0.05) fire=LOW(0.14)
[2026-03-25T14:38:39.874+0000] {climarisk_dag.py:145} INFO - ✅ Tétouan: flood=LOW(0.05) fire=LOW(0.14)
[2026-03-25T14:38:40.327+0000] {climarisk_dag.py:145} INFO - ✅ Al Hoceïma: flood=LOW(0.05) fire=LOW(0.14)
[2026-03-25T14:38:40.888+0000] {climarisk_dag.py:145} INFO - ✅ Larache: flood=LOW(0.05) fire=LOW(0.14)
[2026-03-25T14:38:41.322+0000] {climarisk_dag.py:145} INFO - ✅ Chefchaouen: flood=LOW(0.05) fire=LOW(0.14)
[2026-03-25T14:38:41.846+0000] {climarisk_dag.py:145} INFO - ✅ Asilah: flood=LOW(0.05) fire=LOW(0.14)
[2026-03-25T14:38:42.319+0000] {climarisk_dag.py:145} INFO - ✅ Fnideq: flood=LOW(0.05) fire=LOW(0.14)
[2026-03-25T14:38:42.681+0000] {climarisk_dag.py:145} INFO - ✅ Martil: flood=LOW(0.05) fire=LOW(0.14)
[2026-03-25T14:38:43.056+0000] {climarisk_dag.py:145} INFO - ✅ Mdiq: flood=LOW(0.05) fire=LOW(0.14)
[2026-03-25T14:38:43.402+0000] {climarisk_dag.py:145} INFO - ✅ Ksar el Kebir: flood=LOW(0.05) fire=LOW(0.14)
[2026-03-25T14:38:43.788+0000] {climarisk_dag.py:145} INFO - ✅ Ouazzane: flood=LOW(0.05) fire=LOW(0.14)
[2026-03-25T14:38:44.243+0000] {climarisk_dag.py:145} INFO - ✅ Targuist: flood=LOW(0.05) fire=LOW(0.14)
[2026-03-25T14:38:44.682+0000] {climarisk_dag.py:145} INFO - ✅ Imzouren: flood=LOW(0.05) fire=LOW(0.14)
[2026-03-25T14:38:45.027+0000] {climarisk_dag.py:145} INFO - ✅ Beni Mellal-Khenifra: flood=LOW(0.05) fire=LOW(0.14)
[2026-03-25T14:38:45.473+0000] {climarisk_dag.py:145} INFO - ✅ Khénifra: flood=LOW(0.05) fire=LOW(0.14)
[2026-03-25T14:38:46.780+0000] {climarisk_dag.py:145} INFO - ✅ Azilal: flood=LOW(0.05) fire=LOW(0.14)
[2026-03-25T14:38:47.251+0000] {climarisk_dag.py:145} INFO - ✅ Nanjing: flood=LOW(0.05) fire=LOW(0.14)
[2026-03-25T14:38:47.589+0000] {climarisk_dag.py:145} INFO - ✅ Khouribga: flood=LOW(0.05) fire=LOW(0.14)
[2026-03-25T14:38:47.914+0000] {climarisk_dag.py:145} INFO - ✅ Fkih Ben Salah: flood=LOW(0.05) fire=LOW(0.14)
[2026-03-25T14:38:48.319+0000] {climarisk_dag.py:145} INFO - ✅ Souk Sebt: flood=LOW(0.05) fire=LOW(0.14)
[2026-03-25T14:38:48.653+0000] {climarisk_dag.py:145} INFO - ✅ Midelt: flood=LOW(0.05) fire=LOW(0.14)
[2026-03-25T14:38:49.117+0000] {climarisk_dag.py:145} INFO - ✅ Zaouiat Cheikh: flood=LOW(0.05) fire=LOW(0.14)
[2026-03-25T14:38:49.532+0000] {climarisk_dag.py:145} INFO - ✅ Oujda: flood=LOW(0.05) fire=LOW(0.14)
[2026-03-25T14:38:49.881+0000] {climarisk_dag.py:145} INFO - ✅ Nador: flood=LOW(0.05) fire=LOW(0.14)
[2026-03-25T14:38:50.289+0000] {climarisk_dag.py:145} INFO - ✅ Berkane: flood=LOW(0.05) fire=LOW(0.14)
[2026-03-25T14:38:50.599+0000] {climarisk_dag.py:145} INFO - ✅ Taourirt: flood=LOW(0.05) fire=LOW(0.14)
[2026-03-25T14:38:50.923+0000] {climarisk_dag.py:145} INFO - ✅ Jerada: flood=LOW(0.05) fire=LOW(0.14)
[2026-03-25T14:38:51.238+0000] {climarisk_dag.py:145} INFO - ✅ Figuig: flood=LOW(0.05) fire=LOW(0.14)
[2026-03-25T14:38:51.571+0000] {climarisk_dag.py:145} INFO - ✅ Bouarfa: flood=LOW(0.05) fire=LOW(0.14)
[2026-03-25T14:38:51.925+0000] {climarisk_dag.py:145} INFO - ✅ Selouane: flood=LOW(0.05) fire=LOW(0.14)
[2026-03-25T14:38:52.303+0000] {climarisk_dag.py:145} INFO - ✅ Zaio: flood=LOW(0.05) fire=LOW(0.14)
[2026-03-25T14:38:52.675+0000] {climarisk_dag.py:145} INFO - ✅ Agadir: flood=LOW(0.05) fire=LOW(0.14)
[2026-03-25T14:38:53.018+0000] {climarisk_dag.py:145} INFO - ✅ Inezgane: flood=LOW(0.05) fire=LOW(0.14)
[2026-03-25T14:38:53.327+0000] {climarisk_dag.py:145} INFO - ✅ Tiznit: flood=LOW(0.05) fire=LOW(0.14)
[2026-03-25T14:38:53.714+0000] {climarisk_dag.py:145} INFO - ✅ Taroudannt: flood=LOW(0.05) fire=LOW(0.14)
[2026-03-25T14:38:54.082+0000] {climarisk_dag.py:145} INFO - ✅ Ouarzazate: flood=LOW(0.05) fire=LOW(0.14)
[2026-03-25T14:38:54.491+0000] {climarisk_dag.py:145} INFO - ✅ Ait Melloul: flood=LOW(0.05) fire=LOW(0.14)
[2026-03-25T14:38:54.955+0000] {climarisk_dag.py:145} INFO - ✅ Biougra: flood=LOW(0.05) fire=LOW(0.14)
[2026-03-25T14:38:55.289+0000] {climarisk_dag.py:145} INFO - ✅ Chtouka Ait Baha: flood=LOW(0.05) fire=LOW(0.14)
[2026-03-25T14:38:55.762+0000] {climarisk_dag.py:145} INFO - ✅ Tata: flood=LOW(0.05) fire=LOW(0.14)
[2026-03-25T14:38:56.185+0000] {climarisk_dag.py:145} INFO - ✅ Sidi Ifni: flood=LOW(0.05) fire=LOW(0.14)
[2026-03-25T14:38:56.532+0000] {climarisk_dag.py:145} INFO - ✅ Massa: flood=LOW(0.05) fire=LOW(0.14)
[2026-03-25T14:38:56.887+0000] {climarisk_dag.py:145} INFO - ✅ Errachidia: flood=LOW(0.05) fire=LOW(0.14)
[2026-03-25T14:38:57.208+0000] {climarisk_dag.py:145} INFO - ✅ Zagora: flood=LOW(0.05) fire=LOW(0.14)
[2026-03-25T14:38:57.557+0000] {climarisk_dag.py:145} INFO - ✅ Tinghir: flood=LOW(0.05) fire=LOW(0.14)
[2026-03-25T14:38:57.941+0000] {climarisk_dag.py:145} INFO - ✅ Ouarzazate: flood=LOW(0.05) fire=LOW(0.14)
[2026-03-25T14:38:58.265+0000] {climarisk_dag.py:145} INFO - ✅ Rissani: flood=LOW(0.05) fire=LOW(0.14)
[2026-03-25T14:38:58.637+0000] {climarisk_dag.py:145} INFO - ✅ Erfoud: flood=LOW(0.05) fire=LOW(0.14)
[2026-03-25T14:38:58.961+0000] {climarisk_dag.py:145} INFO - ✅ Merzouga: flood=LOW(0.05) fire=LOW(0.14)
[2026-03-25T14:38:59.410+0000] {climarisk_dag.py:145} INFO - ✅ Alnif: flood=LOW(0.05) fire=LOW(0.14)
[2026-03-25T14:39:00.495+0000] {climarisk_dag.py:145} INFO - ✅ Goulmima: flood=LOW(0.05) fire=LOW(0.14)
[2026-03-25T14:39:00.921+0000] {climarisk_dag.py:145} INFO - ✅ Laâyoune: flood=LOW(0.05) fire=LOW(0.14)
[2026-03-25T14:39:01.351+0000] {climarisk_dag.py:145} INFO - ✅ Boujdour: flood=LOW(0.05) fire=LOW(0.14)
[2026-03-25T14:39:01.703+0000] {climarisk_dag.py:145} INFO - ✅ Tarfaya: flood=LOW(0.05) fire=LOW(0.14)
[2026-03-25T14:39:02.040+0000] {climarisk_dag.py:145} INFO - ✅ Smara: flood=LOW(0.05) fire=LOW(0.14)
[2026-03-25T14:39:02.376+0000] {climarisk_dag.py:145} INFO - ✅ El Marsa: flood=LOW(0.05) fire=LOW(0.14)
[2026-03-25T14:39:02.712+0000] {climarisk_dag.py:145} INFO - ✅ Dakhla: flood=LOW(0.05) fire=LOW(0.14)
[2026-03-25T14:39:03.087+0000] {climarisk_dag.py:145} INFO - ✅ Aousserd: flood=LOW(0.05) fire=LOW(0.14)
[2026-03-25T14:39:03.482+0000] {climarisk_dag.py:145} INFO - ✅ Guelmim: flood=LOW(0.05) fire=LOW(0.14)
[2026-03-25T14:39:03.876+0000] {climarisk_dag.py:145} INFO - ✅ Tan-Tan: flood=LOW(0.05) fire=LOW(0.14)
[2026-03-25T14:39:04.246+0000] {climarisk_dag.py:145} INFO - ✅ Assa: flood=LOW(0.05) fire=LOW(0.14)
[2026-03-25T14:39:04.587+0000] {climarisk_dag.py:145} INFO - ✅ Zag: flood=LOW(0.05) fire=LOW(0.14)
[2026-03-25T14:39:04.964+0000] {climarisk_dag.py:145} INFO - ✅ Sidi Ifni: flood=LOW(0.05) fire=LOW(0.14)
[2026-03-25T14:39:05.346+0000] {climarisk_dag.py:145} INFO - ✅ Tiznit: flood=LOW(0.05) fire=LOW(0.14)
[2026-03-25T14:39:05.719+0000] {climarisk_dag.py:145} INFO - ✅ Tunis: flood=LOW(0.05) fire=LOW(0.14)
[2026-03-25T14:39:06.065+0000] {climarisk_dag.py:145} INFO - ✅ Kampala: flood=LOW(0.05) fire=LOW(0.14)
[2026-03-25T14:39:06.397+0000] {climarisk_dag.py:145} INFO - ✅ Dakar: flood=LOW(0.05) fire=LOW(0.14)
[2026-03-25T14:39:06.868+0000] {climarisk_dag.py:145} INFO - ✅ Kinshasa: flood=LOW(0.05) fire=LOW(0.14)
[2026-03-25T14:39:07.248+0000] {climarisk_dag.py:145} INFO - ✅ Luanda: flood=LOW(0.05) fire=LOW(0.14)
[2026-03-25T14:39:07.597+0000] {climarisk_dag.py:145} INFO - ✅ Khartoum: flood=LOW(0.05) fire=LOW(0.14)
[2026-03-25T14:39:07.954+0000] {climarisk_dag.py:145} INFO - ✅ Harare: flood=LOW(0.05) fire=LOW(0.14)
[2026-03-25T14:39:08.288+0000] {climarisk_dag.py:145} INFO - ✅ Lusaka: flood=LOW(0.05) fire=LOW(0.14)
[2026-03-25T14:39:08.601+0000] {climarisk_dag.py:145} INFO - ✅ Maputo: flood=LOW(0.05) fire=LOW(0.14)
[2026-03-25T14:39:08.990+0000] {climarisk_dag.py:145} INFO - ✅ Antananarivo: flood=LOW(0.05) fire=LOW(0.14)
[2026-03-25T14:39:09.307+0000] {climarisk_dag.py:145} INFO - ✅ Abidjan: flood=LOW(0.05) fire=LOW(0.14)
[2026-03-25T14:39:09.637+0000] {climarisk_dag.py:145} INFO - ✅ Douala: flood=LOW(0.05) fire=LOW(0.14)
[2026-03-25T14:39:10.005+0000] {climarisk_dag.py:145} INFO - ✅ Niamey: flood=LOW(0.05) fire=LOW(0.14)
[2026-03-25T14:39:10.403+0000] {climarisk_dag.py:145} INFO - ✅ Ouagadougou: flood=LOW(0.05) fire=LOW(0.14)
[2026-03-25T14:39:10.733+0000] {climarisk_dag.py:145} INFO - ✅ Bamako: flood=LOW(0.05) fire=LOW(0.14)
[2026-03-25T14:39:11.140+0000] {climarisk_dag.py:145} INFO - ✅ Windhoek: flood=LOW(0.05) fire=LOW(0.14)
[2026-03-25T14:39:11.477+0000] {climarisk_dag.py:145} INFO - ✅ Port Harcourt: flood=LOW(0.05) fire=LOW(0.14)
[2026-03-25T14:39:11.806+0000] {climarisk_dag.py:145} INFO - ✅ Warri: flood=LOW(0.05) fire=LOW(0.14)
[2026-03-25T14:39:12.121+0000] {climarisk_dag.py:145} INFO - ✅ Calabar: flood=LOW(0.05) fire=LOW(0.14)
[2026-03-25T14:39:12.445+0000] {climarisk_dag.py:145} INFO - ✅ Beijing: flood=LOW(0.05) fire=LOW(0.14)
[2026-03-25T14:39:12.764+0000] {climarisk_dag.py:145} INFO - ✅ Shanghai: flood=LOW(0.05) fire=LOW(0.14)
[2026-03-25T14:39:13.141+0000] {climarisk_dag.py:145} INFO - ✅ Guangzhou: flood=LOW(0.05) fire=LOW(0.14)
[2026-03-25T14:39:13.484+0000] {climarisk_dag.py:145} INFO - ✅ Chengdu: flood=LOW(0.05) fire=LOW(0.14)
[2026-03-25T14:39:13.851+0000] {climarisk_dag.py:145} INFO - ✅ Wuhan: flood=LOW(0.05) fire=LOW(0.14)
[2026-03-25T14:39:14.225+0000] {climarisk_dag.py:145} INFO - ✅ Chongqing: flood=LOW(0.05) fire=LOW(0.14)
[2026-03-25T14:39:14.607+0000] {climarisk_dag.py:145} INFO - ✅ Zhengzhou: flood=LOW(0.05) fire=LOW(0.14)
[2026-03-25T14:39:14.994+0000] {climarisk_dag.py:145} INFO - ✅ Changsha: flood=LOW(0.05) fire=LOW(0.14)
[2026-03-25T14:39:15.355+0000] {climarisk_dag.py:145} INFO - ✅ Nanchang: flood=LOW(0.05) fire=LOW(0.14)
[2026-03-25T14:39:15.720+0000] {climarisk_dag.py:145} INFO - ✅ Yichang: flood=LOW(0.05) fire=LOW(0.14)
[2026-03-25T14:39:16.038+0000] {climarisk_dag.py:145} INFO - ✅ Haikou: flood=LOW(0.05) fire=LOW(0.14)
[2026-03-25T14:39:16.382+0000] {climarisk_dag.py:145} INFO - ✅ Hong Kong: flood=LOW(0.05) fire=LOW(0.14)
[2026-03-25T14:39:17.615+0000] {climarisk_dag.py:145} INFO - ✅ Taipei: flood=LOW(0.05) fire=LOW(0.14)
[2026-03-25T14:39:17.951+0000] {climarisk_dag.py:145} INFO - ✅ Kaohsiung: flood=LOW(0.05) fire=LOW(0.14)
[2026-03-25T14:39:18.109+0000] {climarisk_dag.py:145} INFO - ✅ Mumbai: flood=LOW(0.05) fire=LOW(0.14)
[2026-03-25T14:39:18.434+0000] {climarisk_dag.py:145} INFO - ✅ Delhi: flood=LOW(0.05) fire=LOW(0.14)
[2026-03-25T14:39:18.781+0000] {climarisk_dag.py:145} INFO - ✅ Bangalore: flood=LOW(0.05) fire=LOW(0.14)
[2026-03-25T14:39:19.152+0000] {climarisk_dag.py:145} INFO - ✅ Chennai: flood=LOW(0.05) fire=LOW(0.14)
[2026-03-25T14:39:19.517+0000] {climarisk_dag.py:145} INFO - ✅ Kolkata: flood=LOW(0.05) fire=LOW(0.14)
[2026-03-25T14:39:19.862+0000] {climarisk_dag.py:145} INFO - ✅ Patna: flood=LOW(0.05) fire=LOW(0.14)
[2026-03-25T14:39:20.166+0000] {climarisk_dag.py:145} INFO - ✅ Guwahati: flood=LOW(0.05) fire=LOW(0.14)
[2026-03-25T14:39:20.532+0000] {climarisk_dag.py:145} INFO - ✅ Varanasi: flood=LOW(0.05) fire=LOW(0.14)
[2026-03-25T14:39:20.877+0000] {climarisk_dag.py:145} INFO - ✅ Muzaffarpur: flood=LOW(0.05) fire=LOW(0.14)
[2026-03-25T14:39:21.229+0000] {climarisk_dag.py:145} INFO - ✅ Visakhapatnam: flood=LOW(0.05) fire=LOW(0.14)
[2026-03-25T14:39:21.542+0000] {climarisk_dag.py:145} INFO - ✅ Vijayawada: flood=LOW(0.05) fire=LOW(0.14)
[2026-03-25T14:39:21.877+0000] {climarisk_dag.py:145} INFO - ✅ Tokyo: flood=LOW(0.05) fire=LOW(0.14)
[2026-03-25T14:39:22.239+0000] {climarisk_dag.py:145} INFO - ✅ Osaka: flood=LOW(0.05) fire=LOW(0.14)
[2026-03-25T14:39:22.619+0000] {climarisk_dag.py:145} INFO - ✅ Sapporo: flood=LOW(0.05) fire=LOW(0.14)
[2026-03-25T14:39:22.931+0000] {climarisk_dag.py:145} INFO - ✅ Naha: flood=LOW(0.05) fire=LOW(0.14)
[2026-03-25T14:39:23.234+0000] {climarisk_dag.py:145} INFO - ✅ Seoul: flood=LOW(0.05) fire=LOW(0.14)
[2026-03-25T14:39:23.596+0000] {climarisk_dag.py:145} INFO - ✅ Busan: flood=LOW(0.05) fire=LOW(0.14)
[2026-03-25T14:39:23.956+0000] {climarisk_dag.py:145} INFO - ✅ Bangkok: flood=LOW(0.05) fire=LOW(0.14)
[2026-03-25T14:39:24.322+0000] {climarisk_dag.py:145} INFO - ✅ Chiang Mai: flood=LOW(0.05) fire=LOW(0.14)
[2026-03-25T14:39:24.682+0000] {climarisk_dag.py:145} INFO - ✅ Jakarta: flood=LOW(0.05) fire=LOW(0.14)
[2026-03-25T14:39:25.051+0000] {climarisk_dag.py:145} INFO - ✅ Surabaya: flood=LOW(0.05) fire=LOW(0.14)
[2026-03-25T14:39:25.368+0000] {climarisk_dag.py:145} INFO - ✅ Medan: flood=LOW(0.05) fire=LOW(0.14)
[2026-03-25T14:39:25.680+0000] {climarisk_dag.py:145} INFO - ✅ Manila: flood=LOW(0.05) fire=LOW(0.14)
[2026-03-25T14:39:26.004+0000] {climarisk_dag.py:145} INFO - ✅ Cebu: flood=LOW(0.05) fire=LOW(0.14)
[2026-03-25T14:39:26.318+0000] {climarisk_dag.py:145} INFO - ✅ Tacloban: flood=LOW(0.05) fire=LOW(0.14)
[2026-03-25T14:39:26.668+0000] {climarisk_dag.py:145} INFO - ✅ Legazpi: flood=LOW(0.05) fire=LOW(0.14)
[2026-03-25T14:39:27.030+0000] {climarisk_dag.py:145} INFO - ✅ Zamboanga: flood=LOW(0.05) fire=LOW(0.14)
[2026-03-25T14:39:27.352+0000] {climarisk_dag.py:145} INFO - ✅ Kuala Lumpur: flood=LOW(0.05) fire=LOW(0.14)
[2026-03-25T14:39:27.668+0000] {climarisk_dag.py:145} INFO - ✅ Singapore: flood=LOW(0.05) fire=LOW(0.14)
[2026-03-25T14:39:28.016+0000] {climarisk_dag.py:145} INFO - ✅ Ho Chi Minh City: flood=LOW(0.05) fire=LOW(0.14)
[2026-03-25T14:39:28.353+0000] {climarisk_dag.py:145} INFO - ✅ Hanoi: flood=LOW(0.05) fire=LOW(0.14)
[2026-03-25T14:39:28.670+0000] {climarisk_dag.py:145} INFO - ✅ Da Nang: flood=LOW(0.05) fire=LOW(0.14)
[2026-03-25T14:39:28.981+0000] {climarisk_dag.py:145} INFO - ✅ Can Tho: flood=LOW(0.05) fire=LOW(0.14)
[2026-03-25T14:39:29.291+0000] {climarisk_dag.py:145} INFO - ✅ My Tho: flood=LOW(0.05) fire=LOW(0.14)
[2026-03-25T14:39:29.649+0000] {climarisk_dag.py:145} INFO - ✅ Dhaka: flood=LOW(0.05) fire=LOW(0.14)
[2026-03-25T14:39:29.965+0000] {climarisk_dag.py:145} INFO - ✅ Chittagong: flood=LOW(0.05) fire=LOW(0.14)
[2026-03-25T14:39:30.273+0000] {climarisk_dag.py:145} INFO - ✅ Sylhet: flood=LOW(0.05) fire=LOW(0.14)
[2026-03-25T14:39:30.581+0000] {climarisk_dag.py:145} INFO - ✅ Khulna: flood=LOW(0.05) fire=LOW(0.14)
[2026-03-25T14:39:30.937+0000] {climarisk_dag.py:145} INFO - ✅ Cox's Bazar: flood=LOW(0.05) fire=LOW(0.14)
[2026-03-25T14:39:31.304+0000] {climarisk_dag.py:145} INFO - ✅ Karachi: flood=LOW(0.05) fire=LOW(0.14)
[2026-03-25T14:39:31.651+0000] {climarisk_dag.py:145} INFO - ✅ Lahore: flood=LOW(0.05) fire=LOW(0.14)
[2026-03-25T14:39:31.985+0000] {climarisk_dag.py:145} INFO - ✅ Colombo: flood=LOW(0.05) fire=LOW(0.14)
[2026-03-25T14:39:32.302+0000] {climarisk_dag.py:145} INFO - ✅ Kathmandu: flood=LOW(0.05) fire=LOW(0.14)
[2026-03-25T14:39:32.666+0000] {climarisk_dag.py:145} INFO - ✅ Yangon: flood=LOW(0.05) fire=LOW(0.14)
[2026-03-25T14:39:33.069+0000] {climarisk_dag.py:145} INFO - ✅ Sittwe: flood=LOW(0.05) fire=LOW(0.14)
[2026-03-25T14:39:33.415+0000] {climarisk_dag.py:145} INFO - ✅ Phnom Penh: flood=LOW(0.05) fire=LOW(0.14)
[2026-03-25T14:39:33.792+0000] {climarisk_dag.py:145} INFO - ✅ Riyadh: flood=LOW(0.05) fire=LOW(0.14)
[2026-03-25T14:39:34.154+0000] {climarisk_dag.py:145} INFO - ✅ Dubai: flood=LOW(0.05) fire=LOW(0.14)
[2026-03-25T14:39:34.528+0000] {climarisk_dag.py:145} INFO - ✅ Tehran: flood=LOW(0.05) fire=LOW(0.14)
[2026-03-25T14:39:34.938+0000] {climarisk_dag.py:145} INFO - ✅ Istanbul: flood=LOW(0.05) fire=LOW(0.14)
[2026-03-25T14:39:35.331+0000] {climarisk_dag.py:145} INFO - ✅ Ankara: flood=LOW(0.05) fire=LOW(0.14)
[2026-03-25T14:39:35.652+0000] {climarisk_dag.py:145} INFO - ✅ Baghdad: flood=LOW(0.05) fire=LOW(0.14)
[2026-03-25T14:39:35.999+0000] {climarisk_dag.py:145} INFO - ✅ Baku: flood=LOW(0.05) fire=LOW(0.14)
[2026-03-25T14:39:36.368+0000] {climarisk_dag.py:145} INFO - ✅ Tashkent: flood=LOW(0.05) fire=LOW(0.14)
[2026-03-25T14:39:36.754+0000] {climarisk_dag.py:145} INFO - ✅ Almaty: flood=LOW(0.05) fire=LOW(0.14)
[2026-03-25T14:39:37.150+0000] {climarisk_dag.py:145} INFO - ✅ Guam: flood=LOW(0.05) fire=LOW(0.14)
[2026-03-25T14:39:37.531+0000] {climarisk_dag.py:145} INFO - ✅ Paris: flood=LOW(0.05) fire=LOW(0.14)
[2026-03-25T14:39:37.894+0000] {climarisk_dag.py:145} INFO - ✅ Lyon: flood=LOW(0.05) fire=LOW(0.14)
[2026-03-25T14:39:38.392+0000] {climarisk_dag.py:145} INFO - ✅ Marseille: flood=LOW(0.05) fire=LOW(0.14)
[2026-03-25T14:39:38.985+0000] {climarisk_dag.py:145} INFO - ✅ Toulouse: flood=LOW(0.05) fire=LOW(0.14)
[2026-03-25T14:39:39.467+0000] {climarisk_dag.py:145} INFO - ✅ Bordeaux: flood=LOW(0.05) fire=LOW(0.14)
[2026-03-25T14:39:39.865+0000] {climarisk_dag.py:145} INFO - ✅ Nantes: flood=LOW(0.05) fire=LOW(0.14)
[2026-03-25T14:39:40.298+0000] {climarisk_dag.py:145} INFO - ✅ Strasbourg: flood=LOW(0.05) fire=LOW(0.14)
[2026-03-25T14:39:40.713+0000] {climarisk_dag.py:145} INFO - ✅ Lille: flood=LOW(0.05) fire=LOW(0.14)
[2026-03-25T14:39:41.116+0000] {climarisk_dag.py:145} INFO - ✅ Montpellier: flood=LOW(0.05) fire=LOW(0.14)
[2026-03-25T14:39:41.534+0000] {climarisk_dag.py:145} INFO - ✅ Nice: flood=LOW(0.05) fire=LOW(0.14)
[2026-03-25T14:39:41.938+0000] {climarisk_dag.py:145} INFO - ✅ London: flood=LOW(0.05) fire=LOW(0.14)
[2026-03-25T14:39:42.431+0000] {climarisk_dag.py:145} INFO - ✅ Birmingham: flood=LOW(0.05) fire=LOW(0.14)
[2026-03-25T14:39:42.826+0000] {climarisk_dag.py:145} INFO - ✅ Manchester: flood=LOW(0.05) fire=LOW(0.14)
[2026-03-25T14:39:43.190+0000] {climarisk_dag.py:145} INFO - ✅ Berlin: flood=LOW(0.05) fire=LOW(0.14)
[2026-03-25T14:39:43.635+0000] {climarisk_dag.py:145} INFO - ✅ Hamburg: flood=LOW(0.05) fire=LOW(0.14)
[2026-03-25T14:39:44.088+0000] {climarisk_dag.py:145} INFO - ✅ Munich: flood=LOW(0.05) fire=LOW(0.14)
[2026-03-25T14:39:44.580+0000] {climarisk_dag.py:145} INFO - ✅ Frankfurt: flood=LOW(0.05) fire=LOW(0.14)
[2026-03-25T14:39:45.065+0000] {climarisk_dag.py:145} INFO - ✅ Madrid: flood=LOW(0.05) fire=LOW(0.14)
[2026-03-25T14:39:45.542+0000] {climarisk_dag.py:145} INFO - ✅ Barcelona: flood=LOW(0.05) fire=LOW(0.14)
[2026-03-25T14:39:46.023+0000] {climarisk_dag.py:145} INFO - ✅ Valencia: flood=LOW(0.05) fire=LOW(0.14)
[2026-03-25T14:39:46.788+0000] {climarisk_dag.py:145} INFO - ✅ Malaga: flood=LOW(0.05) fire=LOW(0.14)
[2026-03-25T14:39:47.229+0000] {climarisk_dag.py:145} INFO - ✅ Rome: flood=LOW(0.05) fire=LOW(0.14)
[2026-03-25T14:39:48.330+0000] {climarisk_dag.py:145} INFO - ✅ Milan: flood=LOW(0.05) fire=LOW(0.14)
[2026-03-25T14:39:48.934+0000] {climarisk_dag.py:145} INFO - ✅ Palermo: flood=LOW(0.05) fire=LOW(0.14)
[2026-03-25T14:39:49.380+0000] {climarisk_dag.py:145} INFO - ✅ Amsterdam: flood=LOW(0.05) fire=LOW(0.14)
[2026-03-25T14:39:49.741+0000] {climarisk_dag.py:145} INFO - ✅ Brussels: flood=LOW(0.05) fire=LOW(0.14)
[2026-03-25T14:39:50.063+0000] {climarisk_dag.py:145} INFO - ✅ Vienna: flood=LOW(0.05) fire=LOW(0.14)
[2026-03-25T14:39:50.484+0000] {climarisk_dag.py:145} INFO - ✅ Zurich: flood=LOW(0.05) fire=LOW(0.14)
[2026-03-25T14:39:50.830+0000] {climarisk_dag.py:145} INFO - ✅ Stockholm: flood=LOW(0.05) fire=LOW(0.14)
[2026-03-25T14:39:51.203+0000] {climarisk_dag.py:145} INFO - ✅ Oslo: flood=LOW(0.05) fire=LOW(0.14)
[2026-03-25T14:39:51.676+0000] {climarisk_dag.py:145} INFO - ✅ Copenhagen: flood=LOW(0.05) fire=LOW(0.14)
[2026-03-25T14:39:52.048+0000] {climarisk_dag.py:145} INFO - ✅ Helsinki: flood=LOW(0.05) fire=LOW(0.14)
[2026-03-25T14:39:52.388+0000] {climarisk_dag.py:145} INFO - ✅ Warsaw: flood=LOW(0.05) fire=LOW(0.14)
[2026-03-25T14:39:52.766+0000] {climarisk_dag.py:145} INFO - ✅ Prague: flood=LOW(0.05) fire=LOW(0.14)
[2026-03-25T14:39:53.094+0000] {climarisk_dag.py:145} INFO - ✅ Budapest: flood=LOW(0.05) fire=LOW(0.14)
[2026-03-25T14:39:53.425+0000] {climarisk_dag.py:145} INFO - ✅ Bucharest: flood=LOW(0.05) fire=LOW(0.14)
[2026-03-25T14:39:53.804+0000] {climarisk_dag.py:145} INFO - ✅ Athens: flood=LOW(0.05) fire=LOW(0.14)
[2026-03-25T14:39:54.187+0000] {climarisk_dag.py:145} INFO - ✅ Thessaloniki: flood=LOW(0.05) fire=LOW(0.14)
[2026-03-25T14:39:54.559+0000] {climarisk_dag.py:145} INFO - ✅ Lisbon: flood=LOW(0.05) fire=LOW(0.14)
[2026-03-25T14:39:54.985+0000] {climarisk_dag.py:145} INFO - ✅ Moscow: flood=LOW(0.05) fire=LOW(0.14)
[2026-03-25T14:39:55.318+0000] {climarisk_dag.py:145} INFO - ✅ Saint Petersburg: flood=LOW(0.05) fire=LOW(0.14)
[2026-03-25T14:39:55.649+0000] {climarisk_dag.py:145} INFO - ✅ Krasnoyarsk: flood=LOW(0.05) fire=LOW(0.14)
[2026-03-25T14:39:55.978+0000] {climarisk_dag.py:145} INFO - ✅ Irkutsk: flood=LOW(0.05) fire=LOW(0.14)
[2026-03-25T14:39:56.400+0000] {climarisk_dag.py:145} INFO - ✅ Yakutsk: flood=LOW(0.05) fire=LOW(0.14)
[2026-03-25T14:39:56.800+0000] {climarisk_dag.py:145} INFO - ✅ Khabarovsk: flood=LOW(0.05) fire=LOW(0.14)
[2026-03-25T14:39:57.185+0000] {climarisk_dag.py:145} INFO - ✅ Kyiv: flood=LOW(0.05) fire=LOW(0.14)
[2026-03-25T14:39:57.529+0000] {climarisk_dag.py:145} INFO - ✅ New York: flood=LOW(0.05) fire=LOW(0.14)
[2026-03-25T14:39:57.926+0000] {climarisk_dag.py:145} INFO - ✅ Los Angeles: flood=LOW(0.05) fire=LOW(0.14)
[2026-03-25T14:39:58.659+0000] {climarisk_dag.py:145} INFO - ✅ Chicago: flood=LOW(0.05) fire=LOW(0.14)
[2026-03-25T14:39:59.000+0000] {climarisk_dag.py:145} INFO - ✅ Houston: flood=LOW(0.05) fire=LOW(0.14)
[2026-03-25T14:39:59.366+0000] {climarisk_dag.py:145} INFO - ✅ Miami: flood=LOW(0.05) fire=LOW(0.14)
[2026-03-25T14:39:59.737+0000] {climarisk_dag.py:145} INFO - ✅ New Orleans: flood=LOW(0.05) fire=LOW(0.14)
[2026-03-25T14:40:00.069+0000] {climarisk_dag.py:145} INFO - ✅ Seattle: flood=LOW(0.05) fire=LOW(0.14)
[2026-03-25T14:40:03.591+0000] {climarisk_dag.py:145} INFO - ✅ Sacramento: flood=LOW(0.05) fire=LOW(0.14)
[2026-03-25T14:40:05.217+0000] {climarisk_dag.py:145} INFO - ✅ Fresno: flood=LOW(0.05) fire=LOW(0.14)
[2026-03-25T14:40:05.448+0000] {climarisk_dag.py:145} INFO - ✅ Redding: flood=LOW(0.05) fire=LOW(0.14)
[2026-03-25T14:40:06.968+0000] {climarisk_dag.py:145} INFO - ✅ Memphis: flood=LOW(0.05) fire=LOW(0.14)
[2026-03-25T14:40:07.236+0000] {climarisk_dag.py:145} INFO - ✅ Toronto: flood=LOW(0.05) fire=LOW(0.14)
[2026-03-25T14:40:07.515+0000] {climarisk_dag.py:145} INFO - ✅ Montreal: flood=LOW(0.05) fire=LOW(0.14)
[2026-03-25T14:40:09.346+0000] {climarisk_dag.py:145} INFO - ✅ Vancouver: flood=LOW(0.05) fire=LOW(0.14)
[2026-03-25T14:40:11.385+0000] {climarisk_dag.py:145} INFO - ✅ Mexico City: flood=LOW(0.05) fire=LOW(0.14)
[2026-03-25T14:40:12.379+0000] {climarisk_dag.py:145} INFO - ✅ Veracruz: flood=LOW(0.05) fire=LOW(0.14)
[2026-03-25T14:40:13.399+0000] {climarisk_dag.py:145} INFO - ✅ Cancún: flood=LOW(0.05) fire=LOW(0.14)
[2026-03-25T14:40:14.327+0000] {climarisk_dag.py:145} INFO - ✅ São Paulo: flood=LOW(0.05) fire=LOW(0.14)
[2026-03-25T14:40:15.223+0000] {climarisk_dag.py:145} INFO - ✅ Rio de Janeiro: flood=LOW(0.05) fire=LOW(0.14)
[2026-03-25T14:40:15.961+0000] {climarisk_dag.py:145} INFO - ✅ Belém: flood=LOW(0.05) fire=LOW(0.14)
[2026-03-25T14:40:16.605+0000] {climarisk_dag.py:145} INFO - ✅ Marabá: flood=LOW(0.05) fire=LOW(0.14)
[2026-03-25T14:40:17.181+0000] {climarisk_dag.py:145} INFO - ✅ Sinop: flood=LOW(0.05) fire=LOW(0.14)
[2026-03-25T14:40:17.724+0000] {climarisk_dag.py:145} INFO - ✅ Porto Velho: flood=LOW(0.05) fire=LOW(0.14)
[2026-03-25T14:40:19.073+0000] {climarisk_dag.py:145} INFO - ✅ Buenos Aires: flood=LOW(0.05) fire=LOW(0.14)
[2026-03-25T14:40:19.472+0000] {climarisk_dag.py:145} INFO - ✅ Lima: flood=LOW(0.05) fire=LOW(0.14)
[2026-03-25T14:40:19.833+0000] {climarisk_dag.py:145} INFO - ✅ Bogotá: flood=LOW(0.05) fire=LOW(0.14)
[2026-03-25T14:40:20.214+0000] {climarisk_dag.py:145} INFO - ✅ Santiago: flood=LOW(0.05) fire=LOW(0.14)
[2026-03-25T14:40:20.522+0000] {climarisk_dag.py:145} INFO - ✅ Port-au-Prince: flood=LOW(0.05) fire=LOW(0.14)
[2026-03-25T14:40:20.845+0000] {climarisk_dag.py:145} INFO - ✅ San Juan: flood=LOW(0.05) fire=LOW(0.14)
[2026-03-25T14:40:21.180+0000] {climarisk_dag.py:145} INFO - ✅ Kingston: flood=LOW(0.05) fire=LOW(0.14)
[2026-03-25T14:40:21.502+0000] {climarisk_dag.py:145} INFO - ✅ Port of Spain: flood=LOW(0.05) fire=LOW(0.14)
[2026-03-25T14:40:21.901+0000] {climarisk_dag.py:145} INFO - ✅ Sydney: flood=LOW(0.05) fire=LOW(0.14)
[2026-03-25T14:40:22.251+0000] {climarisk_dag.py:145} INFO - ✅ Melbourne: flood=LOW(0.05) fire=LOW(0.14)
[2026-03-25T14:40:22.588+0000] {climarisk_dag.py:145} INFO - ✅ Brisbane: flood=LOW(0.05) fire=LOW(0.14)
[2026-03-25T14:40:22.915+0000] {climarisk_dag.py:145} INFO - ✅ Darwin: flood=LOW(0.05) fire=LOW(0.14)
[2026-03-25T14:40:23.276+0000] {climarisk_dag.py:145} INFO - ✅ Alice Springs: flood=LOW(0.05) fire=LOW(0.14)
[2026-03-25T14:40:23.668+0000] {climarisk_dag.py:145} INFO - ✅ Cairns: flood=LOW(0.05) fire=LOW(0.14)
[2026-03-25T14:40:24.066+0000] {climarisk_dag.py:145} INFO - ✅ Auckland: flood=LOW(0.05) fire=LOW(0.14)
[2026-03-25T14:40:24.444+0000] {climarisk_dag.py:145} INFO - ✅ Port Moresby: flood=LOW(0.05) fire=LOW(0.14)
[2026-03-25T14:40:24.444+0000] {climarisk_dag.py:157} INFO - ✅ Done: 291 OK, 0 errors, 127.3s
[2026-03-25T14:40:24.460+0000] {python.py:237} INFO - Done. Returned value was: None
[2026-03-25T14:40:24.461+0000] {taskinstance.py:441} INFO - ::group::Post task execution logs
[2026-03-25T14:40:24.471+0000] {taskinstance.py:1206} INFO - Marking task as SUCCESS. dag_id=***_predictions, task_id=predict_all_zones, run_id=scheduled__2026-03-25T14:33:00+00:00, execution_date=20260325T143300, start_date=20260325T143816, end_date=20260325T144024
[2026-03-25T14:40:24.506+0000] {local_task_job_runner.py:240} INFO - Task exited with return code 0
[2026-03-25T14:40:24.529+0000] {taskinstance.py:3498} INFO - 1 downstream tasks scheduled from follow-on schedule check
[2026-03-25T14:40:24.531+0000] {local_task_job_runner.py:222} INFO - ::endgroup::
