[2026-03-25T21:34:34.030+0000] {local_task_job_runner.py:120} INFO - ::group::Pre task execution logs
[2026-03-25T21:34:34.084+0000] {taskinstance.py:2076} INFO - Dependencies all met for dep_context=non-requeueable deps ti=<TaskInstance: climarisk_predictions.predict_all_zones scheduled__2026-03-25T21:10:00+00:00 [queued]>
[2026-03-25T21:34:34.094+0000] {taskinstance.py:2076} INFO - Dependencies all met for dep_context=requeueable deps ti=<TaskInstance: climarisk_predictions.predict_all_zones scheduled__2026-03-25T21:10:00+00:00 [queued]>
[2026-03-25T21:34:34.098+0000] {taskinstance.py:2306} INFO - Starting attempt 2 of 2
[2026-03-25T21:34:34.115+0000] {taskinstance.py:2330} INFO - Executing <Task(PythonOperator): predict_all_zones> on 2026-03-25 21:10:00+00:00
[2026-03-25T21:34:34.125+0000] {logging_mixin.py:188} WARNING - /home/airflow/.local/lib/python3.12/site-packages/airflow/task/task_runner/standard_task_runner.py:61 DeprecationWarning: This process (pid=669) is multi-threaded, use of fork() may lead to deadlocks in the child.
[2026-03-25T21:34:34.126+0000] {standard_task_runner.py:63} INFO - Started process 670 to run task
[2026-03-25T21:34:34.125+0000] {standard_task_runner.py:90} INFO - Running: ['airflow', 'tasks', 'run', '***_predictions', 'predict_all_zones', 'scheduled__2026-03-25T21:10:00+00:00', '--job-id', '584', '--raw', '--subdir', 'DAGS_FOLDER/***_dag.py', '--cfg-path', '/tmp/tmp3ih5j6rm']
[2026-03-25T21:34:34.128+0000] {standard_task_runner.py:91} INFO - Job 584: Subtask predict_all_zones
[2026-03-25T21:34:34.231+0000] {task_command.py:426} INFO - Running <TaskInstance: climarisk_predictions.predict_all_zones scheduled__2026-03-25T21:10:00+00:00 [running]> on host 6146f0e8983c
[2026-03-25T21:34:34.389+0000] {taskinstance.py:2648} INFO - Exporting env vars: AIRFLOW_CTX_DAG_OWNER='***' AIRFLOW_CTX_DAG_ID='***_predictions' AIRFLOW_CTX_TASK_ID='predict_all_zones' AIRFLOW_CTX_EXECUTION_DATE='2026-03-25T21:10:00+00:00' AIRFLOW_CTX_TRY_NUMBER='2' AIRFLOW_CTX_DAG_RUN_ID='scheduled__2026-03-25T21:10:00+00:00'
[2026-03-25T21:34:34.391+0000] {taskinstance.py:430} INFO - ::endgroup::
[2026-03-25T21:34:42.143+0000] {climarisk_dag.py:144} INFO - ✅ Alger: flood=MEDIUM(0.39) fire=LOW(0.05)
[2026-03-25T21:34:46.627+0000] {climarisk_dag.py:144} INFO - ✅ Cairo: flood=HIGH(0.71) fire=LOW(0.05)
[2026-03-25T21:34:50.037+0000] {climarisk_dag.py:144} INFO - ✅ Lagos: flood=HIGH(0.87) fire=LOW(0.14)
[2026-03-25T21:34:53.260+0000] {climarisk_dag.py:144} INFO - ✅ Kano: flood=MEDIUM(0.50) fire=MEDIUM(0.32)
[2026-03-25T21:34:58.792+0000] {climarisk_dag.py:144} INFO - ✅ Abuja: flood=MEDIUM(0.35) fire=LOW(0.05)
[2026-03-25T21:35:04.153+0000] {climarisk_dag.py:144} INFO - ✅ Johannesburg: flood=LOW(0.29) fire=LOW(0.08)
[2026-03-25T21:35:10.002+0000] {climarisk_dag.py:144} INFO - ✅ Cape Town: flood=HIGH(0.84) fire=LOW(0.08)
[2026-03-25T21:35:14.026+0000] {climarisk_dag.py:144} INFO - ✅ Nairobi: flood=LOW(0.24) fire=LOW(0.05)
[2026-03-25T21:35:20.407+0000] {climarisk_dag.py:144} INFO - ✅ Addis Ababa: flood=LOW(0.01) fire=LOW(0.05)
[2026-03-25T21:35:24.696+0000] {climarisk_dag.py:144} INFO - ✅ Dar es Salaam: flood=MEDIUM(0.41) fire=LOW(0.05)
[2026-03-25T21:35:27.544+0000] {climarisk_dag.py:144} INFO - ✅ Accra: flood=HIGH(0.87) fire=LOW(0.13)
[2026-03-25T21:35:30.260+0000] {climarisk_dag.py:144} INFO - ✅ Casablanca: flood=MEDIUM(0.50) fire=LOW(0.07)
[2026-03-25T21:35:32.771+0000] {climarisk_dag.py:144} INFO - ✅ Mohammedia: flood=MEDIUM(0.48) fire=LOW(0.07)
[2026-03-25T21:35:36.004+0000] {climarisk_dag.py:144} INFO - ✅ El Jadida: flood=HIGH(0.88) fire=LOW(0.07)
[2026-03-25T21:35:38.581+0000] {climarisk_dag.py:144} INFO - ✅ Settat: flood=LOW(0.22) fire=LOW(0.05)
[2026-03-25T21:35:43.184+0000] {climarisk_dag.py:144} INFO - ✅ Berrechid: flood=LOW(0.12) fire=LOW(0.05)
[2026-03-25T21:35:48.227+0000] {climarisk_dag.py:144} INFO - ✅ Benslimane: flood=LOW(0.12) fire=LOW(0.05)
[2026-03-25T21:35:50.108+0000] {climarisk_dag.py:144} INFO - ✅ Sidi Bennour: flood=LOW(0.11) fire=LOW(0.06)
[2026-03-25T21:35:55.921+0000] {climarisk_dag.py:144} INFO - ✅ Azemmour: flood=HIGH(0.90) fire=LOW(0.07)
[2026-03-25T21:36:01.011+0000] {climarisk_dag.py:144} INFO - ✅ Mediouna: flood=LOW(0.12) fire=LOW(0.05)
[2026-03-25T21:36:04.626+0000] {climarisk_dag.py:144} INFO - ✅ Nouaceur: flood=LOW(0.12) fire=LOW(0.05)
[2026-03-25T21:36:08.816+0000] {climarisk_dag.py:144} INFO - ✅ Rabat: flood=MEDIUM(0.40) fire=LOW(0.07)
[2026-03-25T21:36:12.950+0000] {climarisk_dag.py:144} INFO - ✅ Salé: flood=MEDIUM(0.48) fire=LOW(0.07)
[2026-03-25T21:36:15.914+0000] {climarisk_dag.py:144} INFO - ✅ Kénitra: flood=HIGH(0.73) fire=LOW(0.05)
[2026-03-25T21:36:18.643+0000] {climarisk_dag.py:144} INFO - ✅ Témara: flood=MEDIUM(0.43) fire=LOW(0.07)
[2026-03-25T21:36:20.902+0000] {climarisk_dag.py:144} INFO - ✅ Skhirat: flood=MEDIUM(0.41) fire=LOW(0.07)
[2026-03-25T21:36:25.746+0000] {climarisk_dag.py:144} INFO - ✅ Tiflet: flood=LOW(0.28) fire=LOW(0.06)
[2026-03-25T21:36:30.654+0000] {climarisk_dag.py:144} INFO - ✅ Khémisset: flood=MEDIUM(0.39) fire=LOW(0.05)
[2026-03-25T21:36:35.675+0000] {climarisk_dag.py:144} INFO - ✅ Sidi Slimane: flood=MEDIUM(0.47) fire=LOW(0.07)
[2026-03-25T21:36:41.277+0000] {climarisk_dag.py:144} INFO - ✅ Sidi Kacem: flood=MEDIUM(0.45) fire=LOW(0.07)
[2026-03-25T21:36:46.346+0000] {climarisk_dag.py:144} INFO - ✅ Souk el Arba: flood=MEDIUM(0.42) fire=LOW(0.06)
[2026-03-25T21:36:50.389+0000] {climarisk_dag.py:144} INFO - ✅ Ouazzane: flood=LOW(0.28) fire=LOW(0.05)
[2026-03-25T21:36:55.173+0000] {climarisk_dag.py:144} INFO - ✅ Fès: flood=LOW(0.23) fire=LOW(0.05)
[2026-03-25T21:36:58.787+0000] {climarisk_dag.py:144} INFO - ✅ Meknès: flood=LOW(0.22) fire=LOW(0.05)
[2026-03-25T21:37:01.415+0000] {climarisk_dag.py:144} INFO - ✅ Ifrane: flood=MEDIUM(0.37) fire=LOW(0.05)
[2026-03-25T21:37:04.023+0000] {climarisk_dag.py:144} INFO - ✅ Azrou: flood=HIGH(0.75) fire=LOW(0.05)
[2026-03-25T21:37:06.672+0000] {climarisk_dag.py:144} INFO - ✅ Taounate: flood=LOW(0.29) fire=LOW(0.05)
[2026-03-25T21:37:09.380+0000] {climarisk_dag.py:144} INFO - ✅ Taza: flood=LOW(0.28) fire=LOW(0.05)
[2026-03-25T21:37:12.062+0000] {climarisk_dag.py:144} INFO - ✅ Sefrou: flood=MEDIUM(0.33) fire=LOW(0.05)
[2026-03-25T21:37:14.774+0000] {climarisk_dag.py:144} INFO - ✅ Boulemane: flood=LOW(0.26) fire=LOW(0.05)
[2026-03-25T21:37:17.480+0000] {climarisk_dag.py:144} INFO - ✅ El Hajeb: flood=MEDIUM(0.66) fire=LOW(0.05)
[2026-03-25T21:37:19.276+0000] {climarisk_dag.py:144} INFO - ✅ Missour: flood=MEDIUM(0.49) fire=LOW(0.05)
[2026-03-25T21:37:24.993+0000] {climarisk_dag.py:144} INFO - ✅ Guercif: flood=LOW(0.18) fire=LOW(0.05)
[2026-03-25T21:37:29.255+0000] {climarisk_dag.py:144} INFO - ✅ Marrakech: flood=LOW(0.12) fire=LOW(0.05)
[2026-03-25T21:37:34.217+0000] {climarisk_dag.py:144} INFO - ✅ Safi: flood=HIGH(0.87) fire=LOW(0.07)
[2026-03-25T21:37:40.822+0000] {climarisk_dag.py:144} INFO - ✅ Essaouira: flood=CRITICAL(0.94) fire=LOW(0.07)
[2026-03-25T21:37:45.350+0000] {climarisk_dag.py:144} INFO - ✅ El Kelaa des Sraghna: flood=LOW(0.14) fire=LOW(0.05)
[2026-03-25T21:37:49.059+0000] {climarisk_dag.py:144} INFO - ✅ Chichaoua: flood=MEDIUM(0.40) fire=LOW(0.07)
[2026-03-25T21:37:53.954+0000] {climarisk_dag.py:144} INFO - ✅ Youssoufia: flood=LOW(0.15) fire=LOW(0.05)
[2026-03-25T21:37:59.365+0000] {climarisk_dag.py:144} INFO - ✅ Ben Guerir: flood=MEDIUM(0.32) fire=LOW(0.05)
[2026-03-25T21:38:04.118+0000] {climarisk_dag.py:144} INFO - ✅ Tahanaout: flood=LOW(0.19) fire=LOW(0.05)
[2026-03-25T21:38:06.905+0000] {climarisk_dag.py:144} INFO - ✅ Ait Ourir: flood=LOW(0.11) fire=LOW(0.05)
[2026-03-25T21:38:09.522+0000] {climarisk_dag.py:144} INFO - ✅ Demnate: flood=LOW(0.09) fire=LOW(0.05)
[2026-03-25T21:38:12.186+0000] {climarisk_dag.py:144} INFO - ✅ Tanger: flood=CRITICAL(0.91) fire=LOW(0.06)
[2026-03-25T21:38:17.684+0000] {climarisk_dag.py:144} INFO - ✅ Tétouan: flood=MEDIUM(0.43) fire=LOW(0.06)
[2026-03-25T21:38:22.747+0000] {climarisk_dag.py:144} INFO - ✅ Al Hoceïma: flood=HIGH(0.87) fire=LOW(0.06)
[2026-03-25T21:38:26.874+0000] {climarisk_dag.py:144} INFO - ✅ Larache: flood=HIGH(0.86) fire=LOW(0.13)
[2026-03-25T21:38:32.335+0000] {climarisk_dag.py:144} INFO - ✅ Chefchaouen: flood=MEDIUM(0.66) fire=LOW(0.09)
[2026-03-25T21:38:36.245+0000] {climarisk_dag.py:144} INFO - ✅ Asilah: flood=CRITICAL(0.95) fire=LOW(0.07)
[2026-03-25T21:38:38.840+0000] {climarisk_dag.py:144} INFO - ✅ Fnideq: flood=MEDIUM(0.42) fire=LOW(0.06)
[2026-03-25T21:38:41.376+0000] {climarisk_dag.py:144} INFO - ✅ Martil: flood=MEDIUM(0.46) fire=LOW(0.06)
[2026-03-25T21:38:44.016+0000] {climarisk_dag.py:144} INFO - ✅ Mdiq: flood=HIGH(0.81) fire=LOW(0.06)
[2026-03-25T21:38:45.558+0000] {climarisk_dag.py:144} INFO - ✅ Ksar el Kebir: flood=HIGH(0.86) fire=LOW(0.07)
[2026-03-25T21:38:48.235+0000] {climarisk_dag.py:144} INFO - ✅ Ouazzane: flood=LOW(0.28) fire=LOW(0.05)
[2026-03-25T21:38:52.745+0000] {climarisk_dag.py:144} INFO - ✅ Targuist: flood=MEDIUM(0.67) fire=LOW(0.05)
[2026-03-25T21:38:57.932+0000] {climarisk_dag.py:144} INFO - ✅ Imzouren: flood=HIGH(0.87) fire=LOW(0.05)
[2026-03-25T21:39:00.536+0000] {climarisk_dag.py:144} INFO - ✅ Beni Mellal-Khenifra: flood=LOW(0.10) fire=LOW(0.05)
[2026-03-25T21:39:03.277+0000] {climarisk_dag.py:144} INFO - ✅ Khénifra: flood=HIGH(0.72) fire=LOW(0.05)
[2026-03-25T21:39:06.150+0000] {climarisk_dag.py:144} INFO - ✅ Azilal: flood=MEDIUM(0.55) fire=LOW(0.05)
[2026-03-25T21:39:08.795+0000] {climarisk_dag.py:144} INFO - ✅ Nanjing: flood=MEDIUM(0.64) fire=LOW(0.07)
[2026-03-25T21:39:14.437+0000] {climarisk_dag.py:144} INFO - ✅ Khouribga: flood=MEDIUM(0.68) fire=LOW(0.05)
[2026-03-25T21:39:19.554+0000] {climarisk_dag.py:144} INFO - ✅ Fkih Ben Salah: flood=LOW(0.17) fire=LOW(0.05)
[2026-03-25T21:39:24.859+0000] {climarisk_dag.py:144} INFO - ✅ Souk Sebt: flood=LOW(0.02) fire=LOW(0.05)
[2026-03-25T21:39:30.015+0000] {climarisk_dag.py:144} INFO - ✅ Midelt: flood=MEDIUM(0.41) fire=LOW(0.05)
[2026-03-25T21:39:32.666+0000] {climarisk_dag.py:144} INFO - ✅ Zaouiat Cheikh: flood=LOW(0.07) fire=LOW(0.05)
[2026-03-25T21:39:35.421+0000] {climarisk_dag.py:144} INFO - ✅ Oujda: flood=MEDIUM(0.42) fire=LOW(0.05)
[2026-03-25T21:39:37.971+0000] {climarisk_dag.py:144} INFO - ✅ Nador: flood=HIGH(0.86) fire=LOW(0.06)
[2026-03-25T21:39:40.599+0000] {climarisk_dag.py:144} INFO - ✅ Berkane: flood=LOW(0.12) fire=LOW(0.05)
[2026-03-25T21:39:43.325+0000] {climarisk_dag.py:144} INFO - ✅ Taourirt: flood=LOW(0.16) fire=LOW(0.05)
[2026-03-25T21:39:44.920+0000] {climarisk_dag.py:144} INFO - ✅ Jerada: flood=LOW(0.06) fire=LOW(0.05)
[2026-03-25T21:39:47.584+0000] {climarisk_dag.py:144} INFO - ✅ Figuig: flood=LOW(0.03) fire=LOW(0.05)
[2026-03-25T21:39:50.339+0000] {climarisk_dag.py:144} INFO - ✅ Bouarfa: flood=MEDIUM(0.33) fire=LOW(0.05)
[2026-03-25T21:39:53.013+0000] {climarisk_dag.py:144} INFO - ✅ Selouane: flood=MEDIUM(0.43) fire=LOW(0.06)
[2026-03-25T21:39:57.664+0000] {climarisk_dag.py:144} INFO - ✅ Zaio: flood=MEDIUM(0.39) fire=LOW(0.05)
[2026-03-25T21:40:09.595+0000] {climarisk_dag.py:144} INFO - ✅ Agadir: flood=MEDIUM(0.40) fire=LOW(0.07)
[2026-03-25T21:40:16.675+0000] {climarisk_dag.py:144} INFO - ✅ Inezgane: flood=MEDIUM(0.46) fire=LOW(0.07)
[2026-03-25T21:40:20.748+0000] {climarisk_dag.py:144} INFO - ✅ Tiznit: flood=MEDIUM(0.42) fire=LOW(0.07)
[2026-03-25T21:40:23.483+0000] {climarisk_dag.py:144} INFO - ✅ Taroudannt: flood=MEDIUM(0.39) fire=LOW(0.06)
[2026-03-25T21:40:26.404+0000] {climarisk_dag.py:144} INFO - ✅ Ouarzazate: flood=MEDIUM(0.34) fire=LOW(0.05)
[2026-03-25T21:40:29.344+0000] {climarisk_dag.py:144} INFO - ✅ Ait Melloul: flood=MEDIUM(0.50) fire=LOW(0.07)
[2026-03-25T21:40:32.821+0000] {climarisk_dag.py:144} INFO - ✅ Biougra: flood=LOW(0.11) fire=LOW(0.05)
[2026-03-25T21:41:07.863+0000] {climarisk_dag.py:152} ERROR - ❌ Chtouka Ait Baha: HTTPConnectionPool(host='backend', port=8000): Read timed out. (read timeout=30)
[2026-03-25T21:41:37.105+0000] {climarisk_dag.py:152} ERROR - ❌ Tata: HTTPConnectionPool(host='backend', port=8000): Read timed out. (read timeout=30)
[2026-03-25T21:42:06.175+0000] {climarisk_dag.py:152} ERROR - ❌ Sidi Ifni: HTTPConnectionPool(host='backend', port=8000): Read timed out. (read timeout=30)
[2026-03-25T21:42:35.377+0000] {climarisk_dag.py:152} ERROR - ❌ Massa: HTTPConnectionPool(host='backend', port=8000): Read timed out. (read timeout=30)
[2026-03-25T21:43:04.812+0000] {climarisk_dag.py:152} ERROR - ❌ Errachidia: HTTPConnectionPool(host='backend', port=8000): Read timed out. (read timeout=30)
[2026-03-25T21:43:34.439+0000] {climarisk_dag.py:152} ERROR - ❌ Zagora: HTTPConnectionPool(host='backend', port=8000): Read timed out. (read timeout=30)
[2026-03-25T21:44:04.073+0000] {climarisk_dag.py:152} ERROR - ❌ Tinghir: HTTPConnectionPool(host='backend', port=8000): Read timed out. (read timeout=30)
[2026-03-25T21:44:33.697+0000] {climarisk_dag.py:152} ERROR - ❌ Ouarzazate: HTTPConnectionPool(host='backend', port=8000): Read timed out. (read timeout=30)
[2026-03-25T21:44:58.837+0000] {climarisk_dag.py:144} INFO - ✅ Rissani: flood=LOW(0.08) fire=LOW(0.05)
[2026-03-25T21:45:01.540+0000] {climarisk_dag.py:144} INFO - ✅ Erfoud: flood=LOW(0.04) fire=LOW(0.05)
[2026-03-25T21:45:04.938+0000] {climarisk_dag.py:144} INFO - ✅ Merzouga: flood=LOW(0.08) fire=LOW(0.05)
[2026-03-25T21:45:08.835+0000] {climarisk_dag.py:144} INFO - ✅ Alnif: flood=LOW(0.03) fire=LOW(0.05)
[2026-03-25T21:45:15.656+0000] {climarisk_dag.py:144} INFO - ✅ Goulmima: flood=LOW(0.04) fire=LOW(0.05)
[2026-03-25T21:45:18.824+0000] {climarisk_dag.py:144} INFO - ✅ Laâyoune: flood=LOW(0.11) fire=LOW(0.05)
[2026-03-25T21:45:22.819+0000] {climarisk_dag.py:144} INFO - ✅ Boujdour: flood=LOW(0.15) fire=LOW(0.08)
[2026-03-25T21:45:26.575+0000] {climarisk_dag.py:144} INFO - ✅ Tarfaya: flood=LOW(0.15) fire=LOW(0.08)
[2026-03-25T21:45:30.049+0000] {climarisk_dag.py:144} INFO - ✅ Smara: flood=LOW(0.03) fire=LOW(0.11)
[2026-03-25T21:45:34.903+0000] {climarisk_dag.py:144} INFO - ✅ El Marsa: flood=LOW(0.21) fire=LOW(0.05)
[2026-03-25T21:45:36.428+0000] {climarisk_dag.py:144} INFO - ✅ Dakhla: flood=LOW(0.15) fire=LOW(0.08)
[2026-03-25T21:45:38.924+0000] {climarisk_dag.py:144} INFO - ✅ Aousserd: flood=LOW(0.13) fire=LOW(0.25)
[2026-03-25T21:45:41.550+0000] {climarisk_dag.py:144} INFO - ✅ Guelmim: flood=LOW(0.06) fire=LOW(0.07)
[2026-03-25T21:45:46.651+0000] {climarisk_dag.py:144} INFO - ✅ Tan-Tan: flood=LOW(0.15) fire=LOW(0.08)
[2026-03-25T21:45:51.681+0000] {climarisk_dag.py:144} INFO - ✅ Assa: flood=LOW(0.09) fire=LOW(0.05)
[2026-03-25T21:45:56.619+0000] {climarisk_dag.py:144} INFO - ✅ Zag: flood=LOW(0.03) fire=LOW(0.11)
[2026-03-25T21:45:59.559+0000] {climarisk_dag.py:144} INFO - ✅ Sidi Ifni: flood=LOW(0.23) fire=LOW(0.07)
[2026-03-25T21:46:02.699+0000] {climarisk_dag.py:144} INFO - ✅ Tiznit: flood=LOW(0.14) fire=LOW(0.07)
[2026-03-25T21:46:05.377+0000] {climarisk_dag.py:144} INFO - ✅ Tunis: flood=LOW(0.15) fire=LOW(0.05)
[2026-03-25T21:46:09.578+0000] {climarisk_dag.py:144} INFO - ✅ Kampala: flood=LOW(0.08) fire=LOW(0.05)
[2026-03-25T21:46:15.997+0000] {climarisk_dag.py:144} INFO - ✅ Dakar: flood=LOW(0.15) fire=LOW(0.10)
[2026-03-25T21:46:21.530+0000] {climarisk_dag.py:144} INFO - ✅ Kinshasa: flood=LOW(0.06) fire=LOW(0.05)
[2026-03-25T21:46:25.050+0000] {climarisk_dag.py:144} INFO - ✅ Luanda: flood=LOW(0.25) fire=LOW(0.05)
[2026-03-25T21:46:29.580+0000] {climarisk_dag.py:144} INFO - ✅ Khartoum: flood=LOW(0.15) fire=MEDIUM(0.32)
[2026-03-25T21:46:32.951+0000] {climarisk_dag.py:144} INFO - ✅ Harare: flood=LOW(0.03) fire=LOW(0.10)
[2026-03-25T21:46:44.669+0000] {climarisk_dag.py:144} INFO - ✅ Lusaka: flood=LOW(0.03) fire=LOW(0.09)
[2026-03-25T21:46:49.952+0000] {climarisk_dag.py:144} INFO - ✅ Maputo: flood=LOW(0.29) fire=LOW(0.05)
[2026-03-25T21:46:54.600+0000] {climarisk_dag.py:144} INFO - ✅ Antananarivo: flood=LOW(0.07) fire=LOW(0.08)
[2026-03-25T21:47:00.431+0000] {climarisk_dag.py:144} INFO - ✅ Abidjan: flood=LOW(0.15) fire=LOW(0.13)
[2026-03-25T21:47:03.390+0000] {climarisk_dag.py:144} INFO - ✅ Douala: flood=MEDIUM(0.49) fire=LOW(0.14)
[2026-03-25T21:47:04.866+0000] {climarisk_dag.py:144} INFO - ✅ Niamey: flood=LOW(0.14) fire=LOW(0.05)
[2026-03-25T21:47:07.599+0000] {climarisk_dag.py:144} INFO - ✅ Ouagadougou: flood=LOW(0.15) fire=LOW(0.15)
[2026-03-25T21:47:10.431+0000] {climarisk_dag.py:144} INFO - ✅ Bamako: flood=LOW(0.15) fire=LOW(0.26)
[2026-03-25T21:47:13.701+0000] {climarisk_dag.py:144} INFO - ✅ Windhoek: flood=LOW(0.03) fire=LOW(0.05)
[2026-03-25T21:47:19.048+0000] {climarisk_dag.py:144} INFO - ✅ Port Harcourt: flood=MEDIUM(0.49) fire=LOW(0.05)
[2026-03-25T21:47:23.730+0000] {climarisk_dag.py:144} INFO - ✅ Warri: flood=MEDIUM(0.51) fire=LOW(0.05)
[2026-03-25T21:47:29.849+0000] {climarisk_dag.py:144} INFO - ✅ Calabar: flood=MEDIUM(0.44) fire=LOW(0.05)
[2026-03-25T21:47:33.041+0000] {climarisk_dag.py:144} INFO - ✅ Beijing: flood=LOW(0.15) fire=LOW(0.07)
[2026-03-25T21:47:36.420+0000] {climarisk_dag.py:144} INFO - ✅ Shanghai: flood=MEDIUM(0.54) fire=LOW(0.05)
[2026-03-25T21:47:40.403+0000] {climarisk_dag.py:144} INFO - ✅ Guangzhou: flood=HIGH(0.79) fire=LOW(0.05)
[2026-03-25T21:47:45.232+0000] {climarisk_dag.py:144} INFO - ✅ Chengdu: flood=LOW(0.09) fire=LOW(0.08)
[2026-03-25T21:47:49.833+0000] {climarisk_dag.py:144} INFO - ✅ Wuhan: flood=LOW(0.27) fire=LOW(0.05)
[2026-03-25T21:47:54.934+0000] {climarisk_dag.py:144} INFO - ✅ Chongqing: flood=LOW(0.13) fire=LOW(0.05)
[2026-03-25T21:48:00.587+0000] {climarisk_dag.py:144} INFO - ✅ Zhengzhou: flood=LOW(0.15) fire=LOW(0.10)
[2026-03-25T21:48:02.274+0000] {climarisk_dag.py:144} INFO - ✅ Changsha: flood=MEDIUM(0.41) fire=LOW(0.05)
[2026-03-25T21:48:05.960+0000] {climarisk_dag.py:144} INFO - ✅ Nanchang: flood=MEDIUM(0.51) fire=LOW(0.05)
[2026-03-25T21:48:11.601+0000] {climarisk_dag.py:144} INFO - ✅ Yichang: flood=LOW(0.15) fire=LOW(0.07)
[2026-03-25T21:48:16.655+0000] {climarisk_dag.py:144} INFO - ✅ Haikou: flood=LOW(0.15) fire=LOW(0.13)
[2026-03-25T21:48:19.418+0000] {climarisk_dag.py:144} INFO - ✅ Hong Kong: flood=LOW(0.15) fire=LOW(0.11)
[2026-03-25T21:48:21.979+0000] {climarisk_dag.py:144} INFO - ✅ Taipei: flood=LOW(0.15) fire=LOW(0.09)
[2026-03-25T21:48:24.564+0000] {climarisk_dag.py:144} INFO - ✅ Kaohsiung: flood=HIGH(0.85) fire=LOW(0.05)
[2026-03-25T21:48:29.137+0000] {climarisk_dag.py:144} INFO - ✅ Mumbai: flood=LOW(0.15) fire=LOW(0.13)
[2026-03-25T21:48:33.338+0000] {climarisk_dag.py:144} INFO - ✅ Delhi: flood=LOW(0.09) fire=LOW(0.14)
[2026-03-25T21:48:36.149+0000] {climarisk_dag.py:144} INFO - ✅ Bangalore: flood=LOW(0.03) fire=LOW(0.12)
[2026-03-25T21:48:38.736+0000] {climarisk_dag.py:144} INFO - ✅ Chennai: flood=LOW(0.15) fire=LOW(0.12)
[2026-03-25T21:48:41.741+0000] {climarisk_dag.py:144} INFO - ✅ Kolkata: flood=HIGH(0.73) fire=LOW(0.05)
[2026-03-25T21:48:44.469+0000] {climarisk_dag.py:144} INFO - ✅ Patna: flood=LOW(0.15) fire=LOW(0.14)
[2026-03-25T21:48:49.476+0000] {climarisk_dag.py:144} INFO - ✅ Guwahati: flood=LOW(0.22) fire=LOW(0.05)
[2026-03-25T21:48:53.427+0000] {climarisk_dag.py:144} INFO - ✅ Varanasi: flood=LOW(0.15) fire=LOW(0.14)
[2026-03-25T21:48:59.243+0000] {climarisk_dag.py:144} INFO - ✅ Muzaffarpur: flood=LOW(0.15) fire=LOW(0.11)
[2026-03-25T21:49:04.604+0000] {climarisk_dag.py:144} INFO - ✅ Visakhapatnam: flood=MEDIUM(0.47) fire=LOW(0.05)
[2026-03-25T21:49:09.337+0000] {climarisk_dag.py:144} INFO - ✅ Vijayawada: flood=LOW(0.15) fire=LOW(0.13)
[2026-03-25T21:49:12.067+0000] {climarisk_dag.py:144} INFO - ✅ Tokyo: flood=MEDIUM(0.54) fire=LOW(0.05)
[2026-03-25T21:49:18.393+0000] {climarisk_dag.py:144} INFO - ✅ Osaka: flood=MEDIUM(0.36) fire=LOW(0.05)
[2026-03-25T21:49:23.585+0000] {climarisk_dag.py:144} INFO - ✅ Sapporo: flood=MEDIUM(0.39) fire=LOW(0.05)
[2026-03-25T21:49:28.656+0000] {climarisk_dag.py:144} INFO - ✅ Naha: flood=MEDIUM(0.41) fire=LOW(0.05)
[2026-03-25T21:49:31.033+0000] {climarisk_dag.py:144} INFO - ✅ Seoul: flood=LOW(0.15) fire=LOW(0.05)
[2026-03-25T21:49:35.501+0000] {climarisk_dag.py:144} INFO - ✅ Busan: flood=LOW(0.15) fire=LOW(0.05)
[2026-03-25T21:49:38.805+0000] {climarisk_dag.py:144} INFO - ✅ Bangkok: flood=LOW(0.15) fire=LOW(0.14)
[2026-03-25T21:49:41.571+0000] {climarisk_dag.py:144} INFO - ✅ Chiang Mai: flood=LOW(0.15) fire=LOW(0.26)
[2026-03-25T21:49:44.849+0000] {climarisk_dag.py:144} INFO - ✅ Jakarta: flood=CRITICAL(0.96) fire=LOW(0.05)
[2026-03-25T21:49:48.675+0000] {climarisk_dag.py:144} INFO - ✅ Surabaya: flood=CRITICAL(0.98) fire=LOW(0.05)
[2026-03-25T21:49:54.998+0000] {climarisk_dag.py:144} INFO - ✅ Medan: flood=MEDIUM(0.55) fire=LOW(0.05)
[2026-03-25T21:50:00.633+0000] {climarisk_dag.py:144} INFO - ✅ Manila: flood=LOW(0.15) fire=LOW(0.14)
[2026-03-25T21:50:05.940+0000] {climarisk_dag.py:152} ERROR - ❌ Cebu: 500 Server Error: Internal Server Error for url: http://backend:8000/api/predictions/fire/174
[2026-03-25T21:50:06.341+0000] {climarisk_dag.py:152} ERROR - ❌ Tacloban: 500 Server Error: Internal Server Error for url: http://backend:8000/api/predictions/flood/175
[2026-03-25T21:50:11.155+0000] {climarisk_dag.py:144} INFO - ✅ Legazpi: flood=LOW(0.15) fire=LOW(0.11)
[2026-03-25T21:50:14.531+0000] {climarisk_dag.py:144} INFO - ✅ Zamboanga: flood=CRITICAL(0.98) fire=LOW(0.05)
[2026-03-25T21:50:18.124+0000] {climarisk_dag.py:144} INFO - ✅ Kuala Lumpur: flood=LOW(0.15) fire=LOW(0.14)
[2026-03-25T21:50:22.740+0000] {climarisk_dag.py:144} INFO - ✅ Singapore: flood=LOW(0.15) fire=LOW(0.14)
[2026-03-25T21:50:28.470+0000] {climarisk_dag.py:144} INFO - ✅ Ho Chi Minh City: flood=LOW(0.15) fire=LOW(0.12)
[2026-03-25T21:50:33.907+0000] {climarisk_dag.py:144} INFO - ✅ Hanoi: flood=LOW(0.15) fire=LOW(0.12)
[2026-03-25T21:50:38.931+0000] {climarisk_dag.py:144} INFO - ✅ Da Nang: flood=LOW(0.15) fire=LOW(0.11)
[2026-03-25T21:50:42.406+0000] {climarisk_dag.py:144} INFO - ✅ Can Tho: flood=LOW(0.15) fire=LOW(0.12)
[2026-03-25T21:50:46.901+0000] {climarisk_dag.py:144} INFO - ✅ My Tho: flood=LOW(0.15) fire=LOW(0.12)
[2026-03-25T21:50:54.505+0000] {climarisk_dag.py:144} INFO - ✅ Dhaka: flood=HIGH(0.77) fire=LOW(0.05)
[2026-03-25T21:50:57.828+0000] {climarisk_dag.py:144} INFO - ✅ Chittagong: flood=CRITICAL(0.98) fire=LOW(0.05)
[2026-03-25T21:51:01.512+0000] {climarisk_dag.py:144} INFO - ✅ Sylhet: flood=CRITICAL(0.98) fire=LOW(0.05)
[2026-03-25T21:51:05.307+0000] {climarisk_dag.py:144} INFO - ✅ Khulna: flood=HIGH(0.78) fire=LOW(0.05)
[2026-03-25T21:51:08.858+0000] {climarisk_dag.py:144} INFO - ✅ Cox's Bazar: flood=HIGH(0.84) fire=LOW(0.05)
[2026-03-25T21:51:11.628+0000] {climarisk_dag.py:144} INFO - ✅ Karachi: flood=LOW(0.15) fire=LOW(0.14)
[2026-03-25T21:51:14.391+0000] {climarisk_dag.py:144} INFO - ✅ Lahore: flood=LOW(0.17) fire=LOW(0.05)
[2026-03-25T21:51:20.640+0000] {climarisk_dag.py:144} INFO - ✅ Colombo: flood=MEDIUM(0.66) fire=LOW(0.05)
[2026-03-25T21:51:24.373+0000] {climarisk_dag.py:144} INFO - ✅ Kathmandu: flood=LOW(0.07) fire=LOW(0.05)
[2026-03-25T21:51:28.234+0000] {climarisk_dag.py:144} INFO - ✅ Yangon: flood=LOW(0.15) fire=LOW(0.15)
[2026-03-25T21:51:34.083+0000] {climarisk_dag.py:144} INFO - ✅ Sittwe: flood=LOW(0.15) fire=LOW(0.13)
[2026-03-25T21:51:37.681+0000] {climarisk_dag.py:144} INFO - ✅ Phnom Penh: flood=LOW(0.15) fire=LOW(0.15)
[2026-03-25T21:51:40.302+0000] {climarisk_dag.py:144} INFO - ✅ Riyadh: flood=LOW(0.22) fire=LOW(0.05)
[2026-03-25T21:51:43.040+0000] {climarisk_dag.py:144} INFO - ✅ Dubai: flood=LOW(0.25) fire=LOW(0.05)
[2026-03-25T21:51:45.580+0000] {climarisk_dag.py:144} INFO - ✅ Tehran: flood=LOW(0.02) fire=LOW(0.05)
[2026-03-25T21:51:48.539+0000] {climarisk_dag.py:144} INFO - ✅ Istanbul: flood=LOW(0.20) fire=LOW(0.05)
[2026-03-25T21:51:52.151+0000] {climarisk_dag.py:144} INFO - ✅ Ankara: flood=LOW(0.02) fire=LOW(0.05)
[2026-03-25T21:51:59.325+0000] {climarisk_dag.py:144} INFO - ✅ Baghdad: flood=LOW(0.23) fire=LOW(0.05)
[2026-03-25T21:52:04.565+0000] {climarisk_dag.py:144} INFO - ✅ Baku: flood=LOW(0.20) fire=LOW(0.05)
[2026-03-25T21:52:09.028+0000] {climarisk_dag.py:144} INFO - ✅ Tashkent: flood=LOW(0.07) fire=LOW(0.09)
[2026-03-25T21:52:12.390+0000] {climarisk_dag.py:144} INFO - ✅ Almaty: flood=LOW(0.03) fire=LOW(0.05)
[2026-03-25T21:52:15.215+0000] {climarisk_dag.py:144} INFO - ✅ Guam: flood=MEDIUM(0.67) fire=LOW(0.05)
[2026-03-25T21:52:17.895+0000] {climarisk_dag.py:144} INFO - ✅ Paris: flood=MEDIUM(0.41) fire=LOW(0.05)
[2026-03-25T21:52:20.761+0000] {climarisk_dag.py:144} INFO - ✅ Lyon: flood=LOW(0.08) fire=LOW(0.05)
[2026-03-25T21:52:23.491+0000] {climarisk_dag.py:144} INFO - ✅ Marseille: flood=LOW(0.15) fire=LOW(0.09)
[2026-03-25T21:52:25.829+0000] {climarisk_dag.py:144} INFO - ✅ Toulouse: flood=LOW(0.03) fire=LOW(0.05)
[2026-03-25T21:52:31.559+0000] {climarisk_dag.py:144} INFO - ✅ Bordeaux: flood=LOW(0.11) fire=LOW(0.05)
[2026-03-25T21:52:36.881+0000] {climarisk_dag.py:144} INFO - ✅ Nantes: flood=LOW(0.25) fire=LOW(0.05)
[2026-03-25T21:52:41.886+0000] {climarisk_dag.py:144} INFO - ✅ Strasbourg: flood=LOW(0.05) fire=LOW(0.05)
[2026-03-25T21:52:46.519+0000] {climarisk_dag.py:144} INFO - ✅ Lille: flood=LOW(0.26) fire=LOW(0.05)
[2026-03-25T21:52:49.150+0000] {climarisk_dag.py:144} INFO - ✅ Montpellier: flood=LOW(0.15) fire=LOW(0.05)
[2026-03-25T21:52:51.948+0000] {climarisk_dag.py:144} INFO - ✅ Nice: flood=LOW(0.15) fire=LOW(0.05)
[2026-03-25T21:52:54.369+0000] {climarisk_dag.py:144} INFO - ✅ London: flood=LOW(0.18) fire=LOW(0.05)
[2026-03-25T21:53:00.182+0000] {climarisk_dag.py:144} INFO - ✅ Birmingham: flood=LOW(0.10) fire=LOW(0.05)
[2026-03-25T21:53:05.010+0000] {climarisk_dag.py:144} INFO - ✅ Manchester: flood=LOW(0.29) fire=LOW(0.05)
[2026-03-25T21:53:09.360+0000] {climarisk_dag.py:144} INFO - ✅ Berlin: flood=LOW(0.27) fire=LOW(0.05)
[2026-03-25T21:53:13.539+0000] {climarisk_dag.py:144} INFO - ✅ Hamburg: flood=MEDIUM(0.32) fire=LOW(0.05)
[2026-03-25T21:53:16.135+0000] {climarisk_dag.py:144} INFO - ✅ Munich: flood=LOW(0.15) fire=LOW(0.05)
[2026-03-25T21:53:21.481+0000] {climarisk_dag.py:144} INFO - ✅ Frankfurt: flood=LOW(0.09) fire=LOW(0.05)
[2026-03-25T21:53:25.977+0000] {climarisk_dag.py:144} INFO - ✅ Madrid: flood=LOW(0.07) fire=LOW(0.08)
[2026-03-25T21:53:31.335+0000] {climarisk_dag.py:144} INFO - ✅ Barcelona: flood=LOW(0.15) fire=LOW(0.05)
[2026-03-25T21:53:36.093+0000] {climarisk_dag.py:144} INFO - ✅ Valencia: flood=LOW(0.15) fire=LOW(0.05)
[2026-03-25T21:53:42.314+0000] {climarisk_dag.py:144} INFO - ✅ Malaga: flood=LOW(0.15) fire=LOW(0.06)
[2026-03-25T21:53:44.973+0000] {climarisk_dag.py:144} INFO - ✅ Rome: flood=LOW(0.13) fire=LOW(0.05)
[2026-03-25T21:53:47.613+0000] {climarisk_dag.py:144} INFO - ✅ Milan: flood=LOW(0.05) fire=LOW(0.05)
[2026-03-25T21:53:54.669+0000] {climarisk_dag.py:144} INFO - ✅ Palermo: flood=LOW(0.12) fire=LOW(0.05)
[2026-03-25T21:53:59.051+0000] {climarisk_dag.py:144} INFO - ✅ Amsterdam: flood=MEDIUM(0.44) fire=LOW(0.05)
[2026-03-25T21:54:01.686+0000] {climarisk_dag.py:144} INFO - ✅ Brussels: flood=MEDIUM(0.35) fire=LOW(0.05)
[2026-03-25T21:54:04.652+0000] {climarisk_dag.py:144} INFO - ✅ Vienna: flood=LOW(0.16) fire=LOW(0.05)
[2026-03-25T21:54:07.307+0000] {climarisk_dag.py:144} INFO - ✅ Zurich: flood=LOW(0.15) fire=LOW(0.05)
[2026-03-25T21:54:13.052+0000] {climarisk_dag.py:144} INFO - ✅ Stockholm: flood=LOW(0.27) fire=LOW(0.05)
[2026-03-25T21:54:17.038+0000] {climarisk_dag.py:144} INFO - ✅ Oslo: flood=MEDIUM(0.36) fire=LOW(0.05)
[2026-03-25T21:54:20.529+0000] {climarisk_dag.py:144} INFO - ✅ Copenhagen: flood=LOW(0.30) fire=LOW(0.05)
[2026-03-25T21:54:26.480+0000] {climarisk_dag.py:144} INFO - ✅ Helsinki: flood=MEDIUM(0.37) fire=LOW(0.05)
[2026-03-25T21:54:30.906+0000] {climarisk_dag.py:144} INFO - ✅ Warsaw: flood=LOW(0.05) fire=LOW(0.05)
[2026-03-25T21:54:35.665+0000] {climarisk_dag.py:144} INFO - ✅ Prague: flood=LOW(0.11) fire=LOW(0.05)
[2026-03-25T21:54:39.726+0000] {climarisk_dag.py:144} INFO - ✅ Budapest: flood=LOW(0.15) fire=LOW(0.05)
[2026-03-25T21:54:45.222+0000] {climarisk_dag.py:144} INFO - ✅ Bucharest: flood=LOW(0.09) fire=LOW(0.05)
[2026-03-25T21:54:48.440+0000] {climarisk_dag.py:144} INFO - ✅ Athens: flood=LOW(0.13) fire=LOW(0.05)
[2026-03-25T21:54:53.243+0000] {climarisk_dag.py:144} INFO - ✅ Thessaloniki: flood=LOW(0.18) fire=LOW(0.05)
[2026-03-25T21:54:55.841+0000] {climarisk_dag.py:144} INFO - ✅ Lisbon: flood=LOW(0.15) fire=LOW(0.07)
[2026-03-25T21:55:00.572+0000] {climarisk_dag.py:144} INFO - ✅ Moscow: flood=LOW(0.05) fire=LOW(0.05)
[2026-03-25T21:55:05.486+0000] {climarisk_dag.py:144} INFO - ✅ Saint Petersburg: flood=LOW(0.15) fire=LOW(0.05)
[2026-03-25T21:55:10.758+0000] {climarisk_dag.py:144} INFO - ✅ Krasnoyarsk: flood=LOW(0.06) fire=LOW(0.05)
[2026-03-25T21:55:15.687+0000] {climarisk_dag.py:144} INFO - ✅ Irkutsk: flood=LOW(0.07) fire=LOW(0.05)
[2026-03-25T21:55:19.075+0000] {climarisk_dag.py:144} INFO - ✅ Yakutsk: flood=LOW(0.15) fire=LOW(0.05)
[2026-03-25T21:55:20.501+0000] {climarisk_dag.py:144} INFO - ✅ Khabarovsk: flood=LOW(0.15) fire=LOW(0.05)
[2026-03-25T21:55:23.157+0000] {climarisk_dag.py:144} INFO - ✅ Kyiv: flood=LOW(0.15) fire=LOW(0.05)
[2026-03-25T21:55:25.774+0000] {climarisk_dag.py:144} INFO - ✅ New York: flood=LOW(0.25) fire=LOW(0.05)
[2026-03-25T21:55:29.266+0000] {climarisk_dag.py:144} INFO - ✅ Los Angeles: flood=LOW(0.15) fire=LOW(0.15)
[2026-03-25T21:55:31.796+0000] {climarisk_dag.py:144} INFO - ✅ Chicago: flood=LOW(0.13) fire=LOW(0.05)
[2026-03-25T21:55:34.468+0000] {climarisk_dag.py:144} INFO - ✅ Houston: flood=LOW(0.15) fire=LOW(0.13)
[2026-03-25T21:55:37.121+0000] {climarisk_dag.py:144} INFO - ✅ Miami: flood=MEDIUM(0.41) fire=LOW(0.05)
[2026-03-25T21:55:42.719+0000] {climarisk_dag.py:144} INFO - ✅ New Orleans: flood=LOW(0.15) fire=LOW(0.15)
[2026-03-25T21:55:47.097+0000] {climarisk_dag.py:144} INFO - ✅ Seattle: flood=LOW(0.15) fire=LOW(0.05)
[2026-03-25T21:55:51.278+0000] {climarisk_dag.py:144} INFO - ✅ Sacramento: flood=LOW(0.15) fire=LOW(0.08)
[2026-03-25T21:56:23.300+0000] {climarisk_dag.py:152} ERROR - ❌ Fresno: HTTPConnectionPool(host='backend', port=8000): Read timed out. (read timeout=30)
[2026-03-25T21:56:52.592+0000] {climarisk_dag.py:152} ERROR - ❌ Redding: HTTPConnectionPool(host='backend', port=8000): Read timed out. (read timeout=30)
[2026-03-25T21:57:21.809+0000] {climarisk_dag.py:152} ERROR - ❌ Memphis: HTTPConnectionPool(host='backend', port=8000): Read timed out. (read timeout=30)
[2026-03-25T21:57:41.320+0000] {climarisk_dag.py:144} INFO - ✅ Toronto: flood=LOW(0.18) fire=LOW(0.05)
[2026-03-25T21:57:43.879+0000] {climarisk_dag.py:144} INFO - ✅ Montreal: flood=LOW(0.23) fire=LOW(0.05)
[2026-03-25T21:57:48.733+0000] {climarisk_dag.py:144} INFO - ✅ Vancouver: flood=LOW(0.27) fire=LOW(0.05)
[2026-03-25T21:57:54.051+0000] {climarisk_dag.py:144} INFO - ✅ Mexico City: flood=LOW(0.03) fire=LOW(0.06)
[2026-03-25T21:57:58.985+0000] {climarisk_dag.py:144} INFO - ✅ Veracruz: flood=MEDIUM(0.47) fire=LOW(0.05)
[2026-03-25T21:58:02.420+0000] {climarisk_dag.py:144} INFO - ✅ Cancún: flood=LOW(0.15) fire=LOW(0.09)
[2026-03-25T21:58:06.641+0000] {climarisk_dag.py:144} INFO - ✅ São Paulo: flood=LOW(0.10) fire=LOW(0.05)
[2026-03-25T21:58:10.241+0000] {climarisk_dag.py:144} INFO - ✅ Rio de Janeiro: flood=LOW(0.15) fire=LOW(0.12)
[2026-03-25T21:58:12.847+0000] {climarisk_dag.py:144} INFO - ✅ Belém: flood=MEDIUM(0.39) fire=LOW(0.12)
[2026-03-25T21:58:15.581+0000] {climarisk_dag.py:144} INFO - ✅ Marabá: flood=LOW(0.13) fire=LOW(0.05)
[2026-03-25T21:58:19.565+0000] {climarisk_dag.py:144} INFO - ✅ Sinop: flood=MEDIUM(0.55) fire=LOW(0.05)
[2026-03-25T21:58:24.647+0000] {climarisk_dag.py:144} INFO - ✅ Porto Velho: flood=MEDIUM(0.48) fire=LOW(0.05)
[2026-03-25T21:58:30.192+0000] {climarisk_dag.py:144} INFO - ✅ Buenos Aires: flood=LOW(0.15) fire=LOW(0.10)
[2026-03-25T21:58:33.842+0000] {climarisk_dag.py:144} INFO - ✅ Lima: flood=LOW(0.07) fire=LOW(0.10)
[2026-03-25T21:58:37.585+0000] {climarisk_dag.py:144} INFO - ✅ Bogotá: flood=LOW(0.10) fire=LOW(0.05)
[2026-03-25T21:58:43.899+0000] {climarisk_dag.py:144} INFO - ✅ Santiago: flood=LOW(0.07) fire=LOW(0.07)
[2026-03-25T21:58:47.720+0000] {climarisk_dag.py:144} INFO - ✅ Port-au-Prince: flood=MEDIUM(0.35) fire=LOW(0.05)
[2026-03-25T21:58:50.509+0000] {climarisk_dag.py:144} INFO - ✅ San Juan: flood=MEDIUM(0.63) fire=LOW(0.05)
[2026-03-25T21:58:53.199+0000] {climarisk_dag.py:144} INFO - ✅ Kingston: flood=MEDIUM(0.30) fire=LOW(0.05)
[2026-03-25T21:58:55.867+0000] {climarisk_dag.py:144} INFO - ✅ Port of Spain: flood=LOW(0.15) fire=LOW(0.14)
[2026-03-25T21:58:58.478+0000] {climarisk_dag.py:144} INFO - ✅ Sydney: flood=LOW(0.17) fire=LOW(0.05)
[2026-03-25T21:59:01.077+0000] {climarisk_dag.py:144} INFO - ✅ Melbourne: flood=MEDIUM(0.36) fire=LOW(0.05)
[2026-03-25T21:59:03.658+0000] {climarisk_dag.py:144} INFO - ✅ Brisbane: flood=LOW(0.15) fire=LOW(0.09)
[2026-03-25T21:59:06.294+0000] {climarisk_dag.py:144} INFO - ✅ Darwin: flood=HIGH(0.87) fire=LOW(0.12)
[2026-03-25T21:59:08.906+0000] {climarisk_dag.py:144} INFO - ✅ Alice Springs: flood=LOW(0.07) fire=LOW(0.06)
[2026-03-25T21:59:11.620+0000] {climarisk_dag.py:144} INFO - ✅ Cairns: flood=LOW(0.15) fire=LOW(0.09)
[2026-03-25T21:59:13.843+0000] {climarisk_dag.py:144} INFO - ✅ Auckland: flood=MEDIUM(0.52) fire=LOW(0.05)
[2026-03-25T21:59:15.745+0000] {climarisk_dag.py:144} INFO - ✅ Port Moresby: flood=MEDIUM(0.64) fire=LOW(0.05)
[2026-03-25T21:59:17.247+0000] {climarisk_dag.py:156} INFO - ✅ Done: 278 OK, 13 errors, 1482.5s
[2026-03-25T21:59:17.316+0000] {taskinstance.py:441} INFO - ::group::Post task execution logs
[2026-03-25T21:59:17.318+0000] {taskinstance.py:2905} ERROR - Task failed with exception
Traceback (most recent call last):
  File "/home/airflow/.local/lib/python3.12/site-packages/airflow/models/taskinstance.py", line 465, in _execute_task
    result = _execute_callable(context=context, **execute_callable_kwargs)
             ^^^^^^^^^^^^^^^^^^^^^^^^^^^^^^^^^^^^^^^^^^^^^^^^^^^^^^^^^^^^^
  File "/home/airflow/.local/lib/python3.12/site-packages/airflow/models/taskinstance.py", line 432, in _execute_callable
    return execute_callable(context=context, **execute_callable_kwargs)
           ^^^^^^^^^^^^^^^^^^^^^^^^^^^^^^^^^^^^^^^^^^^^^^^^^^^^^^^^^^^^
  File "/home/airflow/.local/lib/python3.12/site-packages/airflow/models/baseoperator.py", line 400, in wrapper
    return func(self, *args, **kwargs)
           ^^^^^^^^^^^^^^^^^^^^^^^^^^^
  File "/home/airflow/.local/lib/python3.12/site-packages/airflow/operators/python.py", line 235, in execute
    return_value = self.execute_callable()
                   ^^^^^^^^^^^^^^^^^^^^^^^
  File "/home/airflow/.local/lib/python3.12/site-packages/airflow/operators/python.py", line 252, in execute_callable
    return self.python_callable(*self.op_args, **self.op_kwargs)
           ^^^^^^^^^^^^^^^^^^^^^^^^^^^^^^^^^^^^^^^^^^^^^^^^^^^^^
  File "/opt/airflow/dags/climarisk_dag.py", line 165, in predict_all_zones
    raise Exception(f"{errors} zone(s) failed — check logs above")
Exception: 13 zone(s) failed — check logs above
[2026-03-25T21:59:17.358+0000] {taskinstance.py:1206} INFO - Marking task as FAILED. dag_id=***_predictions, task_id=predict_all_zones, run_id=scheduled__2026-03-25T21:10:00+00:00, execution_date=20260325T211000, start_date=20260325T213434, end_date=20260325T215917
[2026-03-25T21:59:17.380+0000] {standard_task_runner.py:110} ERROR - Failed to execute job 584 for task predict_all_zones (13 zone(s) failed — check logs above; 670)
[2026-03-25T21:59:18.279+0000] {local_task_job_runner.py:240} INFO - Task exited with return code 1
[2026-03-25T21:59:18.309+0000] {taskinstance.py:3498} INFO - 0 downstream tasks scheduled from follow-on schedule check
[2026-03-25T21:59:18.312+0000] {local_task_job_runner.py:222} INFO - ::endgroup::
