[2026-03-25T21:24:22.705+0000] {local_task_job_runner.py:120} INFO - ::group::Pre task execution logs
[2026-03-25T21:24:22.738+0000] {taskinstance.py:2076} INFO - Dependencies all met for dep_context=non-requeueable deps ti=<TaskInstance: climarisk_predictions.predict_all_zones scheduled__2026-03-25T21:10:00+00:00 [queued]>
[2026-03-25T21:24:22.747+0000] {taskinstance.py:2076} INFO - Dependencies all met for dep_context=requeueable deps ti=<TaskInstance: climarisk_predictions.predict_all_zones scheduled__2026-03-25T21:10:00+00:00 [queued]>
[2026-03-25T21:24:22.747+0000] {taskinstance.py:2306} INFO - Starting attempt 1 of 2
[2026-03-25T21:24:22.758+0000] {taskinstance.py:2330} INFO - Executing <Task(PythonOperator): predict_all_zones> on 2026-03-25 21:10:00+00:00
[2026-03-25T21:24:22.765+0000] {logging_mixin.py:188} WARNING - /home/airflow/.local/lib/python3.12/site-packages/airflow/task/task_runner/standard_task_runner.py:61 DeprecationWarning: This process (pid=318) is multi-threaded, use of fork() may lead to deadlocks in the child.
[2026-03-25T21:24:22.766+0000] {standard_task_runner.py:63} INFO - Started process 319 to run task
[2026-03-25T21:24:22.765+0000] {standard_task_runner.py:90} INFO - Running: ['airflow', 'tasks', 'run', '***_predictions', 'predict_all_zones', 'scheduled__2026-03-25T21:10:00+00:00', '--job-id', '583', '--raw', '--subdir', 'DAGS_FOLDER/***_dag.py', '--cfg-path', '/tmp/tmphm405c7i']
[2026-03-25T21:24:22.767+0000] {standard_task_runner.py:91} INFO - Job 583: Subtask predict_all_zones
[2026-03-25T21:24:22.843+0000] {task_command.py:426} INFO - Running <TaskInstance: climarisk_predictions.predict_all_zones scheduled__2026-03-25T21:10:00+00:00 [running]> on host 6146f0e8983c
[2026-03-25T21:24:22.956+0000] {taskinstance.py:2648} INFO - Exporting env vars: AIRFLOW_CTX_DAG_OWNER='***' AIRFLOW_CTX_DAG_ID='***_predictions' AIRFLOW_CTX_TASK_ID='predict_all_zones' AIRFLOW_CTX_EXECUTION_DATE='2026-03-25T21:10:00+00:00' AIRFLOW_CTX_TRY_NUMBER='1' AIRFLOW_CTX_DAG_RUN_ID='scheduled__2026-03-25T21:10:00+00:00'
[2026-03-25T21:24:22.957+0000] {taskinstance.py:430} INFO - ::endgroup::
[2026-03-25T21:24:23.210+0000] {climarisk_dag.py:152} ERROR - ❌ Alger: 500 Server Error: Internal Server Error for url: http://backend:8000/api/predictions/flood/1
[2026-03-25T21:24:23.233+0000] {climarisk_dag.py:152} ERROR - ❌ Cairo: 500 Server Error: Internal Server Error for url: http://backend:8000/api/predictions/flood/2
[2026-03-25T21:24:23.257+0000] {climarisk_dag.py:152} ERROR - ❌ Lagos: 500 Server Error: Internal Server Error for url: http://backend:8000/api/predictions/flood/3
[2026-03-25T21:24:23.278+0000] {climarisk_dag.py:152} ERROR - ❌ Kano: 500 Server Error: Internal Server Error for url: http://backend:8000/api/predictions/flood/4
[2026-03-25T21:24:23.298+0000] {climarisk_dag.py:152} ERROR - ❌ Abuja: 500 Server Error: Internal Server Error for url: http://backend:8000/api/predictions/flood/5
[2026-03-25T21:24:23.320+0000] {climarisk_dag.py:152} ERROR - ❌ Johannesburg: 500 Server Error: Internal Server Error for url: http://backend:8000/api/predictions/flood/6
[2026-03-25T21:24:23.338+0000] {climarisk_dag.py:152} ERROR - ❌ Cape Town: 500 Server Error: Internal Server Error for url: http://backend:8000/api/predictions/flood/7
[2026-03-25T21:24:23.357+0000] {climarisk_dag.py:152} ERROR - ❌ Nairobi: 500 Server Error: Internal Server Error for url: http://backend:8000/api/predictions/flood/8
[2026-03-25T21:24:23.376+0000] {climarisk_dag.py:152} ERROR - ❌ Addis Ababa: 500 Server Error: Internal Server Error for url: http://backend:8000/api/predictions/flood/9
[2026-03-25T21:24:23.395+0000] {climarisk_dag.py:152} ERROR - ❌ Dar es Salaam: 500 Server Error: Internal Server Error for url: http://backend:8000/api/predictions/flood/10
[2026-03-25T21:24:23.412+0000] {climarisk_dag.py:152} ERROR - ❌ Accra: 500 Server Error: Internal Server Error for url: http://backend:8000/api/predictions/flood/11
[2026-03-25T21:24:23.429+0000] {climarisk_dag.py:152} ERROR - ❌ Casablanca: 500 Server Error: Internal Server Error for url: http://backend:8000/api/predictions/flood/12
[2026-03-25T21:24:23.446+0000] {climarisk_dag.py:152} ERROR - ❌ Mohammedia: 500 Server Error: Internal Server Error for url: http://backend:8000/api/predictions/flood/13
[2026-03-25T21:24:23.462+0000] {climarisk_dag.py:152} ERROR - ❌ El Jadida: 500 Server Error: Internal Server Error for url: http://backend:8000/api/predictions/flood/14
[2026-03-25T21:24:23.479+0000] {climarisk_dag.py:152} ERROR - ❌ Settat: 500 Server Error: Internal Server Error for url: http://backend:8000/api/predictions/flood/15
[2026-03-25T21:24:23.495+0000] {climarisk_dag.py:152} ERROR - ❌ Berrechid: 500 Server Error: Internal Server Error for url: http://backend:8000/api/predictions/flood/16
[2026-03-25T21:24:23.511+0000] {climarisk_dag.py:152} ERROR - ❌ Benslimane: 500 Server Error: Internal Server Error for url: http://backend:8000/api/predictions/flood/17
[2026-03-25T21:24:23.527+0000] {climarisk_dag.py:152} ERROR - ❌ Sidi Bennour: 500 Server Error: Internal Server Error for url: http://backend:8000/api/predictions/flood/18
[2026-03-25T21:24:23.544+0000] {climarisk_dag.py:152} ERROR - ❌ Azemmour: 500 Server Error: Internal Server Error for url: http://backend:8000/api/predictions/flood/19
[2026-03-25T21:24:23.560+0000] {climarisk_dag.py:152} ERROR - ❌ Mediouna: 500 Server Error: Internal Server Error for url: http://backend:8000/api/predictions/flood/20
[2026-03-25T21:24:23.575+0000] {climarisk_dag.py:152} ERROR - ❌ Nouaceur: 500 Server Error: Internal Server Error for url: http://backend:8000/api/predictions/flood/21
[2026-03-25T21:24:23.591+0000] {climarisk_dag.py:152} ERROR - ❌ Rabat: 500 Server Error: Internal Server Error for url: http://backend:8000/api/predictions/flood/22
[2026-03-25T21:24:23.613+0000] {climarisk_dag.py:152} ERROR - ❌ Salé: 500 Server Error: Internal Server Error for url: http://backend:8000/api/predictions/flood/23
[2026-03-25T21:24:23.636+0000] {climarisk_dag.py:152} ERROR - ❌ Kénitra: 500 Server Error: Internal Server Error for url: http://backend:8000/api/predictions/flood/24
[2026-03-25T21:24:23.661+0000] {climarisk_dag.py:152} ERROR - ❌ Témara: 500 Server Error: Internal Server Error for url: http://backend:8000/api/predictions/flood/25
[2026-03-25T21:24:23.687+0000] {climarisk_dag.py:152} ERROR - ❌ Skhirat: 500 Server Error: Internal Server Error for url: http://backend:8000/api/predictions/flood/26
[2026-03-25T21:24:23.710+0000] {climarisk_dag.py:152} ERROR - ❌ Tiflet: 500 Server Error: Internal Server Error for url: http://backend:8000/api/predictions/flood/27
[2026-03-25T21:24:23.735+0000] {climarisk_dag.py:152} ERROR - ❌ Khémisset: 500 Server Error: Internal Server Error for url: http://backend:8000/api/predictions/flood/28
[2026-03-25T21:24:23.758+0000] {climarisk_dag.py:152} ERROR - ❌ Sidi Slimane: 500 Server Error: Internal Server Error for url: http://backend:8000/api/predictions/flood/29
[2026-03-25T21:24:23.782+0000] {climarisk_dag.py:152} ERROR - ❌ Sidi Kacem: 500 Server Error: Internal Server Error for url: http://backend:8000/api/predictions/flood/30
[2026-03-25T21:24:23.806+0000] {climarisk_dag.py:152} ERROR - ❌ Souk el Arba: 500 Server Error: Internal Server Error for url: http://backend:8000/api/predictions/flood/31
[2026-03-25T21:24:23.830+0000] {climarisk_dag.py:152} ERROR - ❌ Ouazzane: 500 Server Error: Internal Server Error for url: http://backend:8000/api/predictions/flood/32
[2026-03-25T21:24:23.852+0000] {climarisk_dag.py:152} ERROR - ❌ Fès: 500 Server Error: Internal Server Error for url: http://backend:8000/api/predictions/flood/33
[2026-03-25T21:24:23.872+0000] {climarisk_dag.py:152} ERROR - ❌ Meknès: 500 Server Error: Internal Server Error for url: http://backend:8000/api/predictions/flood/34
[2026-03-25T21:24:23.895+0000] {climarisk_dag.py:152} ERROR - ❌ Ifrane: 500 Server Error: Internal Server Error for url: http://backend:8000/api/predictions/flood/35
[2026-03-25T21:24:23.916+0000] {climarisk_dag.py:152} ERROR - ❌ Azrou: 500 Server Error: Internal Server Error for url: http://backend:8000/api/predictions/flood/36
[2026-03-25T21:24:23.936+0000] {climarisk_dag.py:152} ERROR - ❌ Taounate: 500 Server Error: Internal Server Error for url: http://backend:8000/api/predictions/flood/37
[2026-03-25T21:24:23.957+0000] {climarisk_dag.py:152} ERROR - ❌ Taza: 500 Server Error: Internal Server Error for url: http://backend:8000/api/predictions/flood/38
[2026-03-25T21:24:23.977+0000] {climarisk_dag.py:152} ERROR - ❌ Sefrou: 500 Server Error: Internal Server Error for url: http://backend:8000/api/predictions/flood/39
[2026-03-25T21:24:23.999+0000] {climarisk_dag.py:152} ERROR - ❌ Boulemane: 500 Server Error: Internal Server Error for url: http://backend:8000/api/predictions/flood/40
[2026-03-25T21:24:24.020+0000] {climarisk_dag.py:152} ERROR - ❌ El Hajeb: 500 Server Error: Internal Server Error for url: http://backend:8000/api/predictions/flood/41
[2026-03-25T21:24:24.041+0000] {climarisk_dag.py:152} ERROR - ❌ Missour: 500 Server Error: Internal Server Error for url: http://backend:8000/api/predictions/flood/42
[2026-03-25T21:24:24.065+0000] {climarisk_dag.py:152} ERROR - ❌ Guercif: 500 Server Error: Internal Server Error for url: http://backend:8000/api/predictions/flood/43
[2026-03-25T21:24:24.090+0000] {climarisk_dag.py:152} ERROR - ❌ Marrakech: 500 Server Error: Internal Server Error for url: http://backend:8000/api/predictions/flood/44
[2026-03-25T21:24:24.113+0000] {climarisk_dag.py:152} ERROR - ❌ Safi: 500 Server Error: Internal Server Error for url: http://backend:8000/api/predictions/flood/45
[2026-03-25T21:24:24.134+0000] {climarisk_dag.py:152} ERROR - ❌ Essaouira: 500 Server Error: Internal Server Error for url: http://backend:8000/api/predictions/flood/46
[2026-03-25T21:24:24.157+0000] {climarisk_dag.py:152} ERROR - ❌ El Kelaa des Sraghna: 500 Server Error: Internal Server Error for url: http://backend:8000/api/predictions/flood/47
[2026-03-25T21:24:24.178+0000] {climarisk_dag.py:152} ERROR - ❌ Chichaoua: 500 Server Error: Internal Server Error for url: http://backend:8000/api/predictions/flood/48
[2026-03-25T21:24:24.199+0000] {climarisk_dag.py:152} ERROR - ❌ Youssoufia: 500 Server Error: Internal Server Error for url: http://backend:8000/api/predictions/flood/49
[2026-03-25T21:24:24.222+0000] {climarisk_dag.py:152} ERROR - ❌ Ben Guerir: 500 Server Error: Internal Server Error for url: http://backend:8000/api/predictions/flood/50
[2026-03-25T21:24:24.243+0000] {climarisk_dag.py:152} ERROR - ❌ Tahanaout: 500 Server Error: Internal Server Error for url: http://backend:8000/api/predictions/flood/51
[2026-03-25T21:24:24.265+0000] {climarisk_dag.py:152} ERROR - ❌ Ait Ourir: 500 Server Error: Internal Server Error for url: http://backend:8000/api/predictions/flood/52
[2026-03-25T21:24:24.286+0000] {climarisk_dag.py:152} ERROR - ❌ Demnate: 500 Server Error: Internal Server Error for url: http://backend:8000/api/predictions/flood/53
[2026-03-25T21:24:24.306+0000] {climarisk_dag.py:152} ERROR - ❌ Tanger: 500 Server Error: Internal Server Error for url: http://backend:8000/api/predictions/flood/54
[2026-03-25T21:24:24.327+0000] {climarisk_dag.py:152} ERROR - ❌ Tétouan: 500 Server Error: Internal Server Error for url: http://backend:8000/api/predictions/flood/55
[2026-03-25T21:24:24.347+0000] {climarisk_dag.py:152} ERROR - ❌ Al Hoceïma: 500 Server Error: Internal Server Error for url: http://backend:8000/api/predictions/flood/56
[2026-03-25T21:24:24.368+0000] {climarisk_dag.py:152} ERROR - ❌ Larache: 500 Server Error: Internal Server Error for url: http://backend:8000/api/predictions/flood/57
[2026-03-25T21:24:24.389+0000] {climarisk_dag.py:152} ERROR - ❌ Chefchaouen: 500 Server Error: Internal Server Error for url: http://backend:8000/api/predictions/flood/58
[2026-03-25T21:24:24.409+0000] {climarisk_dag.py:152} ERROR - ❌ Asilah: 500 Server Error: Internal Server Error for url: http://backend:8000/api/predictions/flood/59
[2026-03-25T21:24:24.431+0000] {climarisk_dag.py:152} ERROR - ❌ Fnideq: 500 Server Error: Internal Server Error for url: http://backend:8000/api/predictions/flood/60
[2026-03-25T21:24:24.454+0000] {climarisk_dag.py:152} ERROR - ❌ Martil: 500 Server Error: Internal Server Error for url: http://backend:8000/api/predictions/flood/61
[2026-03-25T21:24:24.478+0000] {climarisk_dag.py:152} ERROR - ❌ Mdiq: 500 Server Error: Internal Server Error for url: http://backend:8000/api/predictions/flood/62
[2026-03-25T21:24:24.499+0000] {climarisk_dag.py:152} ERROR - ❌ Ksar el Kebir: 500 Server Error: Internal Server Error for url: http://backend:8000/api/predictions/flood/63
[2026-03-25T21:24:24.523+0000] {climarisk_dag.py:152} ERROR - ❌ Ouazzane: 500 Server Error: Internal Server Error for url: http://backend:8000/api/predictions/flood/64
[2026-03-25T21:24:24.544+0000] {climarisk_dag.py:152} ERROR - ❌ Targuist: 500 Server Error: Internal Server Error for url: http://backend:8000/api/predictions/flood/65
[2026-03-25T21:24:24.568+0000] {climarisk_dag.py:152} ERROR - ❌ Imzouren: 500 Server Error: Internal Server Error for url: http://backend:8000/api/predictions/flood/66
[2026-03-25T21:24:24.593+0000] {climarisk_dag.py:152} ERROR - ❌ Beni Mellal-Khenifra: 500 Server Error: Internal Server Error for url: http://backend:8000/api/predictions/flood/67
[2026-03-25T21:24:24.617+0000] {climarisk_dag.py:152} ERROR - ❌ Khénifra: 500 Server Error: Internal Server Error for url: http://backend:8000/api/predictions/flood/68
[2026-03-25T21:24:24.640+0000] {climarisk_dag.py:152} ERROR - ❌ Azilal: 500 Server Error: Internal Server Error for url: http://backend:8000/api/predictions/flood/69
[2026-03-25T21:24:24.670+0000] {climarisk_dag.py:152} ERROR - ❌ Nanjing: 500 Server Error: Internal Server Error for url: http://backend:8000/api/predictions/flood/142
[2026-03-25T21:24:24.696+0000] {climarisk_dag.py:152} ERROR - ❌ Khouribga: 500 Server Error: Internal Server Error for url: http://backend:8000/api/predictions/flood/70
[2026-03-25T21:24:24.720+0000] {climarisk_dag.py:152} ERROR - ❌ Fkih Ben Salah: 500 Server Error: Internal Server Error for url: http://backend:8000/api/predictions/flood/71
[2026-03-25T21:24:24.744+0000] {climarisk_dag.py:152} ERROR - ❌ Souk Sebt: 500 Server Error: Internal Server Error for url: http://backend:8000/api/predictions/flood/72
[2026-03-25T21:24:24.766+0000] {climarisk_dag.py:152} ERROR - ❌ Midelt: 500 Server Error: Internal Server Error for url: http://backend:8000/api/predictions/flood/73
[2026-03-25T21:24:24.789+0000] {climarisk_dag.py:152} ERROR - ❌ Zaouiat Cheikh: 500 Server Error: Internal Server Error for url: http://backend:8000/api/predictions/flood/74
[2026-03-25T21:24:24.812+0000] {climarisk_dag.py:152} ERROR - ❌ Oujda: 500 Server Error: Internal Server Error for url: http://backend:8000/api/predictions/flood/75
[2026-03-25T21:24:24.836+0000] {climarisk_dag.py:152} ERROR - ❌ Nador: 500 Server Error: Internal Server Error for url: http://backend:8000/api/predictions/flood/76
[2026-03-25T21:24:24.858+0000] {climarisk_dag.py:152} ERROR - ❌ Berkane: 500 Server Error: Internal Server Error for url: http://backend:8000/api/predictions/flood/77
[2026-03-25T21:24:24.881+0000] {climarisk_dag.py:152} ERROR - ❌ Taourirt: 500 Server Error: Internal Server Error for url: http://backend:8000/api/predictions/flood/78
[2026-03-25T21:24:24.905+0000] {climarisk_dag.py:152} ERROR - ❌ Jerada: 500 Server Error: Internal Server Error for url: http://backend:8000/api/predictions/flood/79
[2026-03-25T21:24:24.926+0000] {climarisk_dag.py:152} ERROR - ❌ Figuig: 500 Server Error: Internal Server Error for url: http://backend:8000/api/predictions/flood/80
[2026-03-25T21:24:24.949+0000] {climarisk_dag.py:152} ERROR - ❌ Bouarfa: 500 Server Error: Internal Server Error for url: http://backend:8000/api/predictions/flood/81
[2026-03-25T21:24:24.969+0000] {climarisk_dag.py:152} ERROR - ❌ Selouane: 500 Server Error: Internal Server Error for url: http://backend:8000/api/predictions/flood/82
[2026-03-25T21:24:24.993+0000] {climarisk_dag.py:152} ERROR - ❌ Zaio: 500 Server Error: Internal Server Error for url: http://backend:8000/api/predictions/flood/83
[2026-03-25T21:24:25.018+0000] {climarisk_dag.py:152} ERROR - ❌ Agadir: 500 Server Error: Internal Server Error for url: http://backend:8000/api/predictions/flood/84
[2026-03-25T21:24:25.042+0000] {climarisk_dag.py:152} ERROR - ❌ Inezgane: 500 Server Error: Internal Server Error for url: http://backend:8000/api/predictions/flood/85
[2026-03-25T21:24:25.067+0000] {climarisk_dag.py:152} ERROR - ❌ Tiznit: 500 Server Error: Internal Server Error for url: http://backend:8000/api/predictions/flood/86
[2026-03-25T21:24:25.091+0000] {climarisk_dag.py:152} ERROR - ❌ Taroudannt: 500 Server Error: Internal Server Error for url: http://backend:8000/api/predictions/flood/87
[2026-03-25T21:24:25.117+0000] {climarisk_dag.py:152} ERROR - ❌ Ouarzazate: 500 Server Error: Internal Server Error for url: http://backend:8000/api/predictions/flood/88
[2026-03-25T21:24:25.141+0000] {climarisk_dag.py:152} ERROR - ❌ Ait Melloul: 500 Server Error: Internal Server Error for url: http://backend:8000/api/predictions/flood/89
[2026-03-25T21:24:25.164+0000] {climarisk_dag.py:152} ERROR - ❌ Biougra: 500 Server Error: Internal Server Error for url: http://backend:8000/api/predictions/flood/90
[2026-03-25T21:24:25.186+0000] {climarisk_dag.py:152} ERROR - ❌ Chtouka Ait Baha: 500 Server Error: Internal Server Error for url: http://backend:8000/api/predictions/flood/91
[2026-03-25T21:24:25.207+0000] {climarisk_dag.py:152} ERROR - ❌ Tata: 500 Server Error: Internal Server Error for url: http://backend:8000/api/predictions/flood/92
[2026-03-25T21:24:25.227+0000] {climarisk_dag.py:152} ERROR - ❌ Sidi Ifni: 500 Server Error: Internal Server Error for url: http://backend:8000/api/predictions/flood/93
[2026-03-25T21:24:25.250+0000] {climarisk_dag.py:152} ERROR - ❌ Massa: 500 Server Error: Internal Server Error for url: http://backend:8000/api/predictions/flood/94
[2026-03-25T21:24:25.281+0000] {climarisk_dag.py:152} ERROR - ❌ Errachidia: 500 Server Error: Internal Server Error for url: http://backend:8000/api/predictions/flood/95
[2026-03-25T21:24:25.318+0000] {climarisk_dag.py:152} ERROR - ❌ Zagora: 500 Server Error: Internal Server Error for url: http://backend:8000/api/predictions/flood/96
[2026-03-25T21:24:25.342+0000] {climarisk_dag.py:152} ERROR - ❌ Tinghir: 500 Server Error: Internal Server Error for url: http://backend:8000/api/predictions/flood/97
[2026-03-25T21:24:25.366+0000] {climarisk_dag.py:152} ERROR - ❌ Ouarzazate: 500 Server Error: Internal Server Error for url: http://backend:8000/api/predictions/flood/98
[2026-03-25T21:24:25.392+0000] {climarisk_dag.py:152} ERROR - ❌ Rissani: 500 Server Error: Internal Server Error for url: http://backend:8000/api/predictions/flood/99
[2026-03-25T21:24:25.415+0000] {climarisk_dag.py:152} ERROR - ❌ Erfoud: 500 Server Error: Internal Server Error for url: http://backend:8000/api/predictions/flood/100
[2026-03-25T21:24:25.443+0000] {climarisk_dag.py:152} ERROR - ❌ Merzouga: 500 Server Error: Internal Server Error for url: http://backend:8000/api/predictions/flood/101
[2026-03-25T21:24:25.469+0000] {climarisk_dag.py:152} ERROR - ❌ Alnif: 500 Server Error: Internal Server Error for url: http://backend:8000/api/predictions/flood/102
[2026-03-25T21:24:25.500+0000] {climarisk_dag.py:152} ERROR - ❌ Goulmima: 500 Server Error: Internal Server Error for url: http://backend:8000/api/predictions/flood/103
[2026-03-25T21:24:25.531+0000] {climarisk_dag.py:152} ERROR - ❌ Laâyoune: 500 Server Error: Internal Server Error for url: http://backend:8000/api/predictions/flood/104
[2026-03-25T21:24:25.560+0000] {climarisk_dag.py:152} ERROR - ❌ Boujdour: 500 Server Error: Internal Server Error for url: http://backend:8000/api/predictions/flood/105
[2026-03-25T21:24:25.594+0000] {climarisk_dag.py:152} ERROR - ❌ Tarfaya: 500 Server Error: Internal Server Error for url: http://backend:8000/api/predictions/flood/106
[2026-03-25T21:24:25.630+0000] {climarisk_dag.py:152} ERROR - ❌ Smara: 500 Server Error: Internal Server Error for url: http://backend:8000/api/predictions/flood/107
[2026-03-25T21:24:25.659+0000] {climarisk_dag.py:152} ERROR - ❌ El Marsa: 500 Server Error: Internal Server Error for url: http://backend:8000/api/predictions/flood/108
[2026-03-25T21:24:25.685+0000] {climarisk_dag.py:152} ERROR - ❌ Dakhla: 500 Server Error: Internal Server Error for url: http://backend:8000/api/predictions/flood/109
[2026-03-25T21:24:25.711+0000] {climarisk_dag.py:152} ERROR - ❌ Aousserd: 500 Server Error: Internal Server Error for url: http://backend:8000/api/predictions/flood/110
[2026-03-25T21:24:25.734+0000] {climarisk_dag.py:152} ERROR - ❌ Guelmim: 500 Server Error: Internal Server Error for url: http://backend:8000/api/predictions/flood/111
[2026-03-25T21:24:25.755+0000] {climarisk_dag.py:152} ERROR - ❌ Tan-Tan: 500 Server Error: Internal Server Error for url: http://backend:8000/api/predictions/flood/112
[2026-03-25T21:24:25.778+0000] {climarisk_dag.py:152} ERROR - ❌ Assa: 500 Server Error: Internal Server Error for url: http://backend:8000/api/predictions/flood/113
[2026-03-25T21:24:25.801+0000] {climarisk_dag.py:152} ERROR - ❌ Zag: 500 Server Error: Internal Server Error for url: http://backend:8000/api/predictions/flood/114
[2026-03-25T21:24:25.826+0000] {climarisk_dag.py:152} ERROR - ❌ Sidi Ifni: 500 Server Error: Internal Server Error for url: http://backend:8000/api/predictions/flood/115
[2026-03-25T21:24:25.850+0000] {climarisk_dag.py:152} ERROR - ❌ Tiznit: 500 Server Error: Internal Server Error for url: http://backend:8000/api/predictions/flood/116
[2026-03-25T21:24:25.873+0000] {climarisk_dag.py:152} ERROR - ❌ Tunis: 500 Server Error: Internal Server Error for url: http://backend:8000/api/predictions/flood/117
[2026-03-25T21:24:25.899+0000] {climarisk_dag.py:152} ERROR - ❌ Kampala: 500 Server Error: Internal Server Error for url: http://backend:8000/api/predictions/flood/118
[2026-03-25T21:24:25.928+0000] {climarisk_dag.py:152} ERROR - ❌ Dakar: 500 Server Error: Internal Server Error for url: http://backend:8000/api/predictions/flood/119
[2026-03-25T21:24:25.959+0000] {climarisk_dag.py:152} ERROR - ❌ Kinshasa: 500 Server Error: Internal Server Error for url: http://backend:8000/api/predictions/flood/120
[2026-03-25T21:24:25.990+0000] {climarisk_dag.py:152} ERROR - ❌ Luanda: 500 Server Error: Internal Server Error for url: http://backend:8000/api/predictions/flood/121
[2026-03-25T21:24:26.021+0000] {climarisk_dag.py:152} ERROR - ❌ Khartoum: 500 Server Error: Internal Server Error for url: http://backend:8000/api/predictions/flood/122
[2026-03-25T21:24:26.052+0000] {climarisk_dag.py:152} ERROR - ❌ Harare: 500 Server Error: Internal Server Error for url: http://backend:8000/api/predictions/flood/123
[2026-03-25T21:24:26.082+0000] {climarisk_dag.py:152} ERROR - ❌ Lusaka: 500 Server Error: Internal Server Error for url: http://backend:8000/api/predictions/flood/124
[2026-03-25T21:24:26.117+0000] {climarisk_dag.py:152} ERROR - ❌ Maputo: 500 Server Error: Internal Server Error for url: http://backend:8000/api/predictions/flood/125
[2026-03-25T21:24:26.147+0000] {climarisk_dag.py:152} ERROR - ❌ Antananarivo: 500 Server Error: Internal Server Error for url: http://backend:8000/api/predictions/flood/126
[2026-03-25T21:24:26.176+0000] {climarisk_dag.py:152} ERROR - ❌ Abidjan: 500 Server Error: Internal Server Error for url: http://backend:8000/api/predictions/flood/127
[2026-03-25T21:24:26.207+0000] {climarisk_dag.py:152} ERROR - ❌ Douala: 500 Server Error: Internal Server Error for url: http://backend:8000/api/predictions/flood/128
[2026-03-25T21:24:26.235+0000] {climarisk_dag.py:152} ERROR - ❌ Niamey: 500 Server Error: Internal Server Error for url: http://backend:8000/api/predictions/flood/129
[2026-03-25T21:24:26.261+0000] {climarisk_dag.py:152} ERROR - ❌ Ouagadougou: 500 Server Error: Internal Server Error for url: http://backend:8000/api/predictions/flood/130
[2026-03-25T21:24:26.285+0000] {climarisk_dag.py:152} ERROR - ❌ Bamako: 500 Server Error: Internal Server Error for url: http://backend:8000/api/predictions/flood/131
[2026-03-25T21:24:26.309+0000] {climarisk_dag.py:152} ERROR - ❌ Windhoek: 500 Server Error: Internal Server Error for url: http://backend:8000/api/predictions/flood/132
[2026-03-25T21:24:26.333+0000] {climarisk_dag.py:152} ERROR - ❌ Port Harcourt: 500 Server Error: Internal Server Error for url: http://backend:8000/api/predictions/flood/133
[2026-03-25T21:24:26.363+0000] {climarisk_dag.py:152} ERROR - ❌ Warri: 500 Server Error: Internal Server Error for url: http://backend:8000/api/predictions/flood/134
[2026-03-25T21:24:26.389+0000] {climarisk_dag.py:152} ERROR - ❌ Calabar: 500 Server Error: Internal Server Error for url: http://backend:8000/api/predictions/flood/135
[2026-03-25T21:24:26.417+0000] {climarisk_dag.py:152} ERROR - ❌ Beijing: 500 Server Error: Internal Server Error for url: http://backend:8000/api/predictions/flood/136
[2026-03-25T21:24:26.442+0000] {climarisk_dag.py:152} ERROR - ❌ Shanghai: 500 Server Error: Internal Server Error for url: http://backend:8000/api/predictions/flood/137
[2026-03-25T21:24:26.467+0000] {climarisk_dag.py:152} ERROR - ❌ Guangzhou: 500 Server Error: Internal Server Error for url: http://backend:8000/api/predictions/flood/138
[2026-03-25T21:24:26.491+0000] {climarisk_dag.py:152} ERROR - ❌ Chengdu: 500 Server Error: Internal Server Error for url: http://backend:8000/api/predictions/flood/139
[2026-03-25T21:24:26.513+0000] {climarisk_dag.py:152} ERROR - ❌ Wuhan: 500 Server Error: Internal Server Error for url: http://backend:8000/api/predictions/flood/140
[2026-03-25T21:24:26.536+0000] {climarisk_dag.py:152} ERROR - ❌ Chongqing: 500 Server Error: Internal Server Error for url: http://backend:8000/api/predictions/flood/141
[2026-03-25T21:24:26.561+0000] {climarisk_dag.py:152} ERROR - ❌ Zhengzhou: 500 Server Error: Internal Server Error for url: http://backend:8000/api/predictions/flood/143
[2026-03-25T21:24:26.584+0000] {climarisk_dag.py:152} ERROR - ❌ Changsha: 500 Server Error: Internal Server Error for url: http://backend:8000/api/predictions/flood/144
[2026-03-25T21:24:26.613+0000] {climarisk_dag.py:152} ERROR - ❌ Nanchang: 500 Server Error: Internal Server Error for url: http://backend:8000/api/predictions/flood/145
[2026-03-25T21:24:26.646+0000] {climarisk_dag.py:152} ERROR - ❌ Yichang: 500 Server Error: Internal Server Error for url: http://backend:8000/api/predictions/flood/146
[2026-03-25T21:24:26.682+0000] {climarisk_dag.py:152} ERROR - ❌ Haikou: 500 Server Error: Internal Server Error for url: http://backend:8000/api/predictions/flood/147
[2026-03-25T21:24:26.715+0000] {climarisk_dag.py:152} ERROR - ❌ Hong Kong: 500 Server Error: Internal Server Error for url: http://backend:8000/api/predictions/flood/148
[2026-03-25T21:24:26.741+0000] {climarisk_dag.py:152} ERROR - ❌ Taipei: 500 Server Error: Internal Server Error for url: http://backend:8000/api/predictions/flood/149
[2026-03-25T21:24:26.768+0000] {climarisk_dag.py:152} ERROR - ❌ Kaohsiung: 500 Server Error: Internal Server Error for url: http://backend:8000/api/predictions/flood/150
[2026-03-25T21:24:26.795+0000] {climarisk_dag.py:152} ERROR - ❌ Mumbai: 500 Server Error: Internal Server Error for url: http://backend:8000/api/predictions/flood/151
[2026-03-25T21:24:26.824+0000] {climarisk_dag.py:152} ERROR - ❌ Delhi: 500 Server Error: Internal Server Error for url: http://backend:8000/api/predictions/flood/152
[2026-03-25T21:24:26.853+0000] {climarisk_dag.py:152} ERROR - ❌ Bangalore: 500 Server Error: Internal Server Error for url: http://backend:8000/api/predictions/flood/153
[2026-03-25T21:24:26.881+0000] {climarisk_dag.py:152} ERROR - ❌ Chennai: 500 Server Error: Internal Server Error for url: http://backend:8000/api/predictions/flood/154
[2026-03-25T21:24:26.913+0000] {climarisk_dag.py:152} ERROR - ❌ Kolkata: 500 Server Error: Internal Server Error for url: http://backend:8000/api/predictions/flood/155
[2026-03-25T21:24:26.941+0000] {climarisk_dag.py:152} ERROR - ❌ Patna: 500 Server Error: Internal Server Error for url: http://backend:8000/api/predictions/flood/156
[2026-03-25T21:24:26.971+0000] {climarisk_dag.py:152} ERROR - ❌ Guwahati: 500 Server Error: Internal Server Error for url: http://backend:8000/api/predictions/flood/157
[2026-03-25T21:24:27.000+0000] {climarisk_dag.py:152} ERROR - ❌ Varanasi: 500 Server Error: Internal Server Error for url: http://backend:8000/api/predictions/flood/158
[2026-03-25T21:24:27.037+0000] {climarisk_dag.py:152} ERROR - ❌ Muzaffarpur: 500 Server Error: Internal Server Error for url: http://backend:8000/api/predictions/flood/159
[2026-03-25T21:24:27.063+0000] {climarisk_dag.py:152} ERROR - ❌ Visakhapatnam: 500 Server Error: Internal Server Error for url: http://backend:8000/api/predictions/flood/160
[2026-03-25T21:24:27.093+0000] {climarisk_dag.py:152} ERROR - ❌ Vijayawada: 500 Server Error: Internal Server Error for url: http://backend:8000/api/predictions/flood/161
[2026-03-25T21:24:27.129+0000] {climarisk_dag.py:152} ERROR - ❌ Tokyo: 500 Server Error: Internal Server Error for url: http://backend:8000/api/predictions/flood/162
[2026-03-25T21:24:27.160+0000] {climarisk_dag.py:152} ERROR - ❌ Osaka: 500 Server Error: Internal Server Error for url: http://backend:8000/api/predictions/flood/163
[2026-03-25T21:24:27.499+0000] {climarisk_dag.py:152} ERROR - ❌ Sapporo: 500 Server Error: Internal Server Error for url: http://backend:8000/api/predictions/flood/164
[2026-03-25T21:24:28.577+0000] {climarisk_dag.py:144} INFO - ✅ Naha: flood=MEDIUM(0.65) fire=LOW(0.10)
[2026-03-25T21:24:31.145+0000] {climarisk_dag.py:144} INFO - ✅ Seoul: flood=MEDIUM(0.50) fire=LOW(0.05)
[2026-03-25T21:24:33.701+0000] {climarisk_dag.py:144} INFO - ✅ Busan: flood=HIGH(0.86) fire=LOW(0.05)
[2026-03-25T21:24:36.563+0000] {climarisk_dag.py:144} INFO - ✅ Bangkok: flood=CRITICAL(0.99) fire=LOW(0.14)
[2026-03-25T21:24:39.155+0000] {climarisk_dag.py:144} INFO - ✅ Chiang Mai: flood=MEDIUM(0.40) fire=LOW(0.24)
[2026-03-25T21:24:41.741+0000] {climarisk_dag.py:144} INFO - ✅ Jakarta: flood=HIGH(0.83) fire=LOW(0.05)
[2026-03-25T21:24:45.132+0000] {climarisk_dag.py:144} INFO - ✅ Surabaya: flood=CRITICAL(0.99) fire=LOW(0.05)
[2026-03-25T21:24:49.870+0000] {climarisk_dag.py:144} INFO - ✅ Medan: flood=MEDIUM(0.51) fire=LOW(0.12)
[2026-03-25T21:24:54.462+0000] {climarisk_dag.py:144} INFO - ✅ Manila: flood=HIGH(0.82) fire=LOW(0.14)
[2026-03-25T21:24:57.058+0000] {climarisk_dag.py:144} INFO - ✅ Cebu: flood=MEDIUM(0.60) fire=LOW(0.05)
[2026-03-25T21:24:59.732+0000] {climarisk_dag.py:144} INFO - ✅ Tacloban: flood=MEDIUM(0.42) fire=LOW(0.05)
[2026-03-25T21:25:02.301+0000] {climarisk_dag.py:144} INFO - ✅ Legazpi: flood=CRITICAL(0.93) fire=LOW(0.11)
[2026-03-25T21:25:04.508+0000] {climarisk_dag.py:144} INFO - ✅ Zamboanga: flood=HIGH(0.89) fire=LOW(0.05)
[2026-03-25T21:25:08.440+0000] {climarisk_dag.py:144} INFO - ✅ Kuala Lumpur: flood=MEDIUM(0.43) fire=LOW(0.14)
[2026-03-25T21:25:12.602+0000] {climarisk_dag.py:144} INFO - ✅ Singapore: flood=HIGH(0.90) fire=LOW(0.14)
[2026-03-25T21:25:18.277+0000] {climarisk_dag.py:144} INFO - ✅ Ho Chi Minh City: flood=CRITICAL(0.99) fire=LOW(0.12)
[2026-03-25T21:25:22.060+0000] {climarisk_dag.py:144} INFO - ✅ Hanoi: flood=HIGH(0.78) fire=LOW(0.12)
[2026-03-25T21:25:26.215+0000] {climarisk_dag.py:144} INFO - ✅ Da Nang: flood=CRITICAL(0.99) fire=LOW(0.11)
[2026-03-25T21:25:30.103+0000] {climarisk_dag.py:144} INFO - ✅ Can Tho: flood=CRITICAL(0.99) fire=LOW(0.12)
[2026-03-25T21:25:33.129+0000] {climarisk_dag.py:144} INFO - ✅ My Tho: flood=CRITICAL(0.99) fire=LOW(0.12)
[2026-03-25T21:25:35.673+0000] {climarisk_dag.py:144} INFO - ✅ Dhaka: flood=HIGH(0.80) fire=LOW(0.05)
[2026-03-25T21:25:38.250+0000] {climarisk_dag.py:144} INFO - ✅ Chittagong: flood=CRITICAL(0.92) fire=LOW(0.05)
[2026-03-25T21:25:40.829+0000] {climarisk_dag.py:144} INFO - ✅ Sylhet: flood=MEDIUM(0.65) fire=LOW(0.05)
[2026-03-25T21:25:43.495+0000] {climarisk_dag.py:144} INFO - ✅ Khulna: flood=CRITICAL(0.94) fire=LOW(0.05)
[2026-03-25T21:25:46.346+0000] {climarisk_dag.py:144} INFO - ✅ Cox's Bazar: flood=HIGH(0.89) fire=LOW(0.05)
[2026-03-25T21:25:48.938+0000] {climarisk_dag.py:144} INFO - ✅ Karachi: flood=CRITICAL(0.99) fire=LOW(0.14)
[2026-03-25T21:25:51.793+0000] {climarisk_dag.py:144} INFO - ✅ Lahore: flood=LOW(0.11) fire=LOW(0.10)
[2026-03-25T21:25:56.876+0000] {climarisk_dag.py:144} INFO - ✅ Colombo: flood=HIGH(0.90) fire=LOW(0.05)
[2026-03-25T21:26:02.236+0000] {climarisk_dag.py:144} INFO - ✅ Kathmandu: flood=MEDIUM(0.63) fire=LOW(0.08)
[2026-03-25T21:26:06.569+0000] {climarisk_dag.py:144} INFO - ✅ Yangon: flood=CRITICAL(0.99) fire=LOW(0.14)
[2026-03-25T21:26:14.692+0000] {climarisk_dag.py:144} INFO - ✅ Sittwe: flood=CRITICAL(0.95) fire=LOW(0.13)
[2026-03-25T21:26:19.427+0000] {climarisk_dag.py:144} INFO - ✅ Phnom Penh: flood=HIGH(0.70) fire=LOW(0.14)
[2026-03-25T21:26:23.159+0000] {climarisk_dag.py:144} INFO - ✅ Riyadh: flood=HIGH(0.70) fire=LOW(0.05)
[2026-03-25T21:26:28.663+0000] {climarisk_dag.py:144} INFO - ✅ Dubai: flood=CRITICAL(0.99) fire=LOW(0.05)
[2026-03-25T21:26:32.921+0000] {climarisk_dag.py:144} INFO - ✅ Tehran: flood=MEDIUM(0.37) fire=LOW(0.05)
[2026-03-25T21:26:36.813+0000] {climarisk_dag.py:144} INFO - ✅ Istanbul: flood=MEDIUM(0.66) fire=LOW(0.05)
[2026-03-25T21:26:40.314+0000] {climarisk_dag.py:144} INFO - ✅ Ankara: flood=LOW(0.30) fire=LOW(0.05)
[2026-03-25T21:26:43.454+0000] {climarisk_dag.py:144} INFO - ✅ Baghdad: flood=LOW(0.21) fire=LOW(0.05)
[2026-03-25T21:26:46.953+0000] {climarisk_dag.py:144} INFO - ✅ Baku: flood=HIGH(0.80) fire=LOW(0.05)
[2026-03-25T21:26:49.647+0000] {climarisk_dag.py:144} INFO - ✅ Tashkent: flood=MEDIUM(0.44) fire=LOW(0.08)
[2026-03-25T21:26:54.456+0000] {climarisk_dag.py:144} INFO - ✅ Almaty: flood=MEDIUM(0.67) fire=LOW(0.05)
[2026-03-25T21:26:59.170+0000] {climarisk_dag.py:144} INFO - ✅ Guam: flood=MEDIUM(0.70) fire=LOW(0.05)
[2026-03-25T21:27:04.982+0000] {climarisk_dag.py:144} INFO - ✅ Paris: flood=HIGH(0.84) fire=LOW(0.05)
[2026-03-25T21:27:08.629+0000] {climarisk_dag.py:144} INFO - ✅ Lyon: flood=LOW(0.13) fire=LOW(0.05)
[2026-03-25T21:27:16.215+0000] {climarisk_dag.py:144} INFO - ✅ Marseille: flood=CRITICAL(0.99) fire=LOW(0.09)
[2026-03-25T21:27:20.454+0000] {climarisk_dag.py:144} INFO - ✅ Toulouse: flood=LOW(0.11) fire=LOW(0.05)
[2026-03-25T21:27:25.179+0000] {climarisk_dag.py:144} INFO - ✅ Bordeaux: flood=MEDIUM(0.40) fire=LOW(0.05)
[2026-03-25T21:27:30.013+0000] {climarisk_dag.py:144} INFO - ✅ Nantes: flood=MEDIUM(0.58) fire=LOW(0.05)
[2026-03-25T21:27:34.276+0000] {climarisk_dag.py:144} INFO - ✅ Strasbourg: flood=LOW(0.11) fire=LOW(0.05)
[2026-03-25T21:27:39.530+0000] {climarisk_dag.py:144} INFO - ✅ Lille: flood=MEDIUM(0.47) fire=LOW(0.05)
[2026-03-25T21:27:42.800+0000] {climarisk_dag.py:144} INFO - ✅ Montpellier: flood=HIGH(0.87) fire=LOW(0.05)
[2026-03-25T21:27:48.233+0000] {climarisk_dag.py:144} INFO - ✅ Nice: flood=HIGH(0.84) fire=LOW(0.05)
[2026-03-25T21:27:54.710+0000] {climarisk_dag.py:144} INFO - ✅ London: flood=MEDIUM(0.46) fire=LOW(0.05)
[2026-03-25T21:27:59.344+0000] {climarisk_dag.py:144} INFO - ✅ Birmingham: flood=LOW(0.19) fire=LOW(0.05)
[2026-03-25T21:28:02.660+0000] {climarisk_dag.py:144} INFO - ✅ Manchester: flood=LOW(0.27) fire=LOW(0.05)
[2026-03-25T21:28:06.433+0000] {climarisk_dag.py:144} INFO - ✅ Berlin: flood=MEDIUM(0.53) fire=LOW(0.05)
[2026-03-25T21:28:09.017+0000] {climarisk_dag.py:144} INFO - ✅ Hamburg: flood=HIGH(0.81) fire=LOW(0.05)
[2026-03-25T21:28:11.761+0000] {climarisk_dag.py:144} INFO - ✅ Munich: flood=MEDIUM(0.65) fire=LOW(0.05)
[2026-03-25T21:28:14.353+0000] {climarisk_dag.py:144} INFO - ✅ Frankfurt: flood=LOW(0.20) fire=LOW(0.05)
[2026-03-25T21:28:16.940+0000] {climarisk_dag.py:144} INFO - ✅ Madrid: flood=MEDIUM(0.66) fire=LOW(0.08)
[2026-03-25T21:28:19.793+0000] {climarisk_dag.py:144} INFO - ✅ Barcelona: flood=MEDIUM(0.58) fire=LOW(0.05)
[2026-03-25T21:28:23.097+0000] {climarisk_dag.py:144} INFO - ✅ Valencia: flood=HIGH(0.75) fire=LOW(0.05)
[2026-03-25T21:28:28.124+0000] {climarisk_dag.py:144} INFO - ✅ Malaga: flood=CRITICAL(0.90) fire=LOW(0.06)
[2026-03-25T21:28:32.738+0000] {climarisk_dag.py:144} INFO - ✅ Rome: flood=MEDIUM(0.47) fire=LOW(0.05)
[2026-03-25T21:28:38.517+0000] {climarisk_dag.py:144} INFO - ✅ Milan: flood=LOW(0.13) fire=LOW(0.05)
[2026-03-25T21:28:43.005+0000] {climarisk_dag.py:144} INFO - ✅ Palermo: flood=MEDIUM(0.47) fire=LOW(0.05)
[2026-03-25T21:28:46.862+0000] {climarisk_dag.py:144} INFO - ✅ Amsterdam: flood=CRITICAL(0.97) fire=LOW(0.05)
[2026-03-25T21:28:49.511+0000] {climarisk_dag.py:144} INFO - ✅ Brussels: flood=HIGH(0.72) fire=LOW(0.05)
[2026-03-25T21:28:54.198+0000] {climarisk_dag.py:144} INFO - ✅ Vienna: flood=LOW(0.27) fire=LOW(0.05)
[2026-03-25T21:28:59.196+0000] {climarisk_dag.py:144} INFO - ✅ Zurich: flood=MEDIUM(0.52) fire=LOW(0.05)
[2026-03-25T21:29:03.438+0000] {climarisk_dag.py:144} INFO - ✅ Stockholm: flood=MEDIUM(0.60) fire=LOW(0.05)
[2026-03-25T21:29:08.991+0000] {climarisk_dag.py:144} INFO - ✅ Oslo: flood=MEDIUM(0.50) fire=LOW(0.05)
[2026-03-25T21:29:12.309+0000] {climarisk_dag.py:144} INFO - ✅ Copenhagen: flood=HIGH(0.74) fire=LOW(0.05)
[2026-03-25T21:29:14.941+0000] {climarisk_dag.py:144} INFO - ✅ Helsinki: flood=HIGH(0.87) fire=LOW(0.05)
[2026-03-25T21:29:19.477+0000] {climarisk_dag.py:144} INFO - ✅ Warsaw: flood=LOW(0.12) fire=LOW(0.05)
[2026-03-25T21:29:24.856+0000] {climarisk_dag.py:144} INFO - ✅ Prague: flood=LOW(0.12) fire=LOW(0.05)
[2026-03-25T21:29:29.517+0000] {climarisk_dag.py:144} INFO - ✅ Budapest: flood=LOW(0.23) fire=LOW(0.05)
[2026-03-25T21:29:33.262+0000] {climarisk_dag.py:144} INFO - ✅ Bucharest: flood=MEDIUM(0.38) fire=LOW(0.05)
[2026-03-25T21:29:37.593+0000] {climarisk_dag.py:144} INFO - ✅ Athens: flood=MEDIUM(0.57) fire=LOW(0.05)
[2026-03-25T21:29:40.168+0000] {climarisk_dag.py:144} INFO - ✅ Thessaloniki: flood=MEDIUM(0.60) fire=LOW(0.05)
[2026-03-25T21:29:42.823+0000] {climarisk_dag.py:144} INFO - ✅ Lisbon: flood=HIGH(0.84) fire=LOW(0.07)
[2026-03-25T21:29:45.473+0000] {climarisk_dag.py:144} INFO - ✅ Moscow: flood=LOW(0.10) fire=LOW(0.05)
[2026-03-25T21:29:49.021+0000] {climarisk_dag.py:144} INFO - ✅ Saint Petersburg: flood=MEDIUM(0.39) fire=LOW(0.05)
[2026-03-25T21:29:51.855+0000] {climarisk_dag.py:144} INFO - ✅ Krasnoyarsk: flood=LOW(0.10) fire=LOW(0.05)
[2026-03-25T21:29:54.948+0000] {climarisk_dag.py:144} INFO - ✅ Irkutsk: flood=MEDIUM(0.42) fire=LOW(0.05)
[2026-03-25T21:29:57.786+0000] {climarisk_dag.py:144} INFO - ✅ Yakutsk: flood=LOW(0.17) fire=LOW(0.05)
[2026-03-25T21:30:07.477+0000] {climarisk_dag.py:152} ERROR - ❌ Khabarovsk: 500 Server Error: Internal Server Error for url: http://backend:8000/api/predictions/fire/251
[2026-03-25T21:30:08.046+0000] {climarisk_dag.py:152} ERROR - ❌ Kyiv: 500 Server Error: Internal Server Error for url: http://backend:8000/api/predictions/flood/252
[2026-03-25T21:30:08.425+0000] {climarisk_dag.py:152} ERROR - ❌ New York: 500 Server Error: Internal Server Error for url: http://backend:8000/api/predictions/flood/253
[2026-03-25T21:30:08.772+0000] {climarisk_dag.py:152} ERROR - ❌ Los Angeles: 500 Server Error: Internal Server Error for url: http://backend:8000/api/predictions/flood/254
[2026-03-25T21:30:09.159+0000] {climarisk_dag.py:152} ERROR - ❌ Chicago: 500 Server Error: Internal Server Error for url: http://backend:8000/api/predictions/flood/255
[2026-03-25T21:30:09.655+0000] {climarisk_dag.py:152} ERROR - ❌ Houston: 500 Server Error: Internal Server Error for url: http://backend:8000/api/predictions/flood/256
[2026-03-25T21:30:15.505+0000] {climarisk_dag.py:152} ERROR - ❌ Miami: 500 Server Error: Internal Server Error for url: http://backend:8000/api/predictions/fire/257
[2026-03-25T21:30:20.432+0000] {climarisk_dag.py:144} INFO - ✅ New Orleans: flood=HIGH(0.80) fire=LOW(0.15)
[2026-03-25T21:30:23.696+0000] {climarisk_dag.py:144} INFO - ✅ Seattle: flood=MEDIUM(0.38) fire=LOW(0.05)
[2026-03-25T21:30:26.434+0000] {climarisk_dag.py:144} INFO - ✅ Sacramento: flood=CRITICAL(0.90) fire=LOW(0.08)
[2026-03-25T21:30:28.312+0000] {climarisk_dag.py:144} INFO - ✅ Fresno: flood=HIGH(0.88) fire=LOW(0.15)
[2026-03-25T21:30:30.948+0000] {climarisk_dag.py:144} INFO - ✅ Redding: flood=MEDIUM(0.40) fire=LOW(0.07)
[2026-03-25T21:30:33.516+0000] {climarisk_dag.py:144} INFO - ✅ Memphis: flood=MEDIUM(0.45) fire=LOW(0.06)
[2026-03-25T21:30:36.736+0000] {climarisk_dag.py:144} INFO - ✅ Toronto: flood=MEDIUM(0.46) fire=LOW(0.05)
[2026-03-25T21:30:41.741+0000] {climarisk_dag.py:144} INFO - ✅ Montreal: flood=MEDIUM(0.43) fire=LOW(0.05)
[2026-03-25T21:30:46.606+0000] {climarisk_dag.py:144} INFO - ✅ Vancouver: flood=MEDIUM(0.54) fire=LOW(0.05)
[2026-03-25T21:30:53.535+0000] {climarisk_dag.py:144} INFO - ✅ Mexico City: flood=MEDIUM(0.56) fire=LOW(0.09)
[2026-03-25T21:30:57.319+0000] {climarisk_dag.py:144} INFO - ✅ Veracruz: flood=HIGH(0.88) fire=LOW(0.05)
[2026-03-25T21:31:01.085+0000] {climarisk_dag.py:144} INFO - ✅ Cancún: flood=HIGH(0.87) fire=LOW(0.09)
[2026-03-25T21:31:04.686+0000] {climarisk_dag.py:144} INFO - ✅ São Paulo: flood=MEDIUM(0.65) fire=LOW(0.10)
[2026-03-25T21:31:09.854+0000] {climarisk_dag.py:144} INFO - ✅ Rio de Janeiro: flood=HIGH(0.87) fire=LOW(0.12)
[2026-03-25T21:31:15.000+0000] {climarisk_dag.py:144} INFO - ✅ Belém: flood=MEDIUM(0.55) fire=LOW(0.05)
[2026-03-25T21:31:20.089+0000] {climarisk_dag.py:144} INFO - ✅ Marabá: flood=LOW(0.05) fire=LOW(0.05)
[2026-03-25T21:31:27.291+0000] {climarisk_dag.py:144} INFO - ✅ Sinop: flood=LOW(0.17) fire=LOW(0.05)
[2026-03-25T21:31:30.036+0000] {climarisk_dag.py:144} INFO - ✅ Porto Velho: flood=LOW(0.10) fire=LOW(0.05)
[2026-03-25T21:31:32.728+0000] {climarisk_dag.py:144} INFO - ✅ Buenos Aires: flood=HIGH(0.78) fire=LOW(0.10)
[2026-03-25T21:31:35.690+0000] {climarisk_dag.py:144} INFO - ✅ Lima: flood=MEDIUM(0.43) fire=LOW(0.10)
[2026-03-25T21:31:40.172+0000] {climarisk_dag.py:144} INFO - ✅ Bogotá: flood=LOW(0.28) fire=LOW(0.05)
[2026-03-25T21:31:44.033+0000] {climarisk_dag.py:144} INFO - ✅ Santiago: flood=MEDIUM(0.66) fire=LOW(0.07)
[2026-03-25T21:31:47.644+0000] {climarisk_dag.py:144} INFO - ✅ Port-au-Prince: flood=MEDIUM(0.47) fire=LOW(0.05)
[2026-03-25T21:31:53.238+0000] {climarisk_dag.py:144} INFO - ✅ San Juan: flood=CRITICAL(0.97) fire=LOW(0.05)
[2026-03-25T21:31:57.192+0000] {climarisk_dag.py:144} INFO - ✅ Kingston: flood=MEDIUM(0.40) fire=LOW(0.05)
[2026-03-25T21:31:59.901+0000] {climarisk_dag.py:144} INFO - ✅ Port of Spain: flood=MEDIUM(0.37) fire=LOW(0.14)
[2026-03-25T21:32:02.473+0000] {climarisk_dag.py:144} INFO - ✅ Sydney: flood=LOW(0.21) fire=LOW(0.05)
[2026-03-25T21:32:05.239+0000] {climarisk_dag.py:144} INFO - ✅ Melbourne: flood=MEDIUM(0.70) fire=LOW(0.05)
[2026-03-25T21:32:10.141+0000] {climarisk_dag.py:144} INFO - ✅ Brisbane: flood=HIGH(0.78) fire=LOW(0.09)
[2026-03-25T21:32:14.933+0000] {climarisk_dag.py:144} INFO - ✅ Darwin: flood=HIGH(0.87) fire=LOW(0.13)
[2026-03-25T21:32:21.291+0000] {climarisk_dag.py:144} INFO - ✅ Alice Springs: flood=MEDIUM(0.66) fire=LOW(0.07)
[2026-03-25T21:32:26.039+0000] {climarisk_dag.py:144} INFO - ✅ Cairns: flood=HIGH(0.84) fire=LOW(0.10)
[2026-03-25T21:32:29.138+0000] {climarisk_dag.py:144} INFO - ✅ Auckland: flood=LOW(0.01) fire=LOW(0.05)
[2026-03-25T21:32:31.740+0000] {climarisk_dag.py:144} INFO - ✅ Port Moresby: flood=MEDIUM(0.52) fire=LOW(0.05)
[2026-03-25T21:32:33.242+0000] {climarisk_dag.py:156} INFO - ✅ Done: 120 OK, 171 errors, 490.1s
[2026-03-25T21:32:33.263+0000] {taskinstance.py:441} INFO - ::group::Post task execution logs
[2026-03-25T21:32:33.265+0000] {taskinstance.py:2905} ERROR - Task failed with exception
Traceback (most recent call last):
  File "/home/airflow/.local/lib/python3.12/site-packages/airflow/models/taskinstance.py", line 465, in _execute_task
    result = _execute_callable(context=context, **execute_callable_kwargs)
             ^^^^^^^^^^^^^^^^^^^^^^^^^^^^^^^^^^^^^^^^^^^^^^^^^^^^^^^^^^^^^
  File "/home/airflow/.local/lib/python3.12/site-packages/airflow/models/taskinstance.py", line 432, in _execute_callable
    return execute_callable(context=context, **execute_callable_kwargs)
           ^^^^^^^^^^^^^^^^^^^^^^^^^^^^^^^^^^^^^^^^^^^^^^^^^^^^^^^^^^^^
  File "/home/airflow/.local/lib/python3.12/site-packages/airflow/models/baseoperator.py", line 400, in wrapper
    return func(self, *args, **kwargs)
           ^^^^^^^^^^^^^^^^^^^^^^^^^^^
  File "/home/airflow/.local/lib/python3.12/site-packages/airflow/operators/python.py", line 235, in execute
    return_value = self.execute_callable()
                   ^^^^^^^^^^^^^^^^^^^^^^^
  File "/home/airflow/.local/lib/python3.12/site-packages/airflow/operators/python.py", line 252, in execute_callable
    return self.python_callable(*self.op_args, **self.op_kwargs)
           ^^^^^^^^^^^^^^^^^^^^^^^^^^^^^^^^^^^^^^^^^^^^^^^^^^^^^
  File "/opt/airflow/dags/climarisk_dag.py", line 165, in predict_all_zones
    raise Exception(f"{errors} zone(s) failed — check logs above")
Exception: 171 zone(s) failed — check logs above
[2026-03-25T21:32:33.285+0000] {taskinstance.py:1206} INFO - Marking task as UP_FOR_RETRY. dag_id=***_predictions, task_id=predict_all_zones, run_id=scheduled__2026-03-25T21:10:00+00:00, execution_date=20260325T211000, start_date=20260325T212422, end_date=20260325T213233
[2026-03-25T21:32:33.301+0000] {standard_task_runner.py:110} ERROR - Failed to execute job 583 for task predict_all_zones (171 zone(s) failed — check logs above; 319)
[2026-03-25T21:32:33.316+0000] {local_task_job_runner.py:240} INFO - Task exited with return code 1
[2026-03-25T21:32:33.341+0000] {taskinstance.py:3498} INFO - 0 downstream tasks scheduled from follow-on schedule check
[2026-03-25T21:32:33.345+0000] {local_task_job_runner.py:222} INFO - ::endgroup::
