[2026-03-23T22:08:35.666+0000] {local_task_job_runner.py:120} INFO - ::group::Pre task execution logs
[2026-03-23T22:08:35.722+0000] {taskinstance.py:2076} INFO - Dependencies all met for dep_context=non-requeueable deps ti=<TaskInstance: climarisk_predictions.predict_all_zones scheduled__2026-03-23T22:07:00+00:00 [queued]>
[2026-03-23T22:08:35.734+0000] {taskinstance.py:2076} INFO - Dependencies all met for dep_context=requeueable deps ti=<TaskInstance: climarisk_predictions.predict_all_zones scheduled__2026-03-23T22:07:00+00:00 [queued]>
[2026-03-23T22:08:35.741+0000] {taskinstance.py:2306} INFO - Starting attempt 1 of 2
[2026-03-23T22:08:35.766+0000] {taskinstance.py:2330} INFO - Executing <Task(PythonOperator): predict_all_zones> on 2026-03-23 22:07:00+00:00
[2026-03-23T22:08:35.777+0000] {logging_mixin.py:188} WARNING - /home/airflow/.local/lib/python3.12/site-packages/airflow/task/task_runner/standard_task_runner.py:61 DeprecationWarning: This process (pid=6322) is multi-threaded, use of fork() may lead to deadlocks in the child.
[2026-03-23T22:08:35.780+0000] {standard_task_runner.py:63} INFO - Started process 6323 to run task
[2026-03-23T22:08:35.780+0000] {standard_task_runner.py:90} INFO - Running: ['airflow', 'tasks', 'run', '***_predictions', 'predict_all_zones', 'scheduled__2026-03-23T22:07:00+00:00', '--job-id', '252', '--raw', '--subdir', 'DAGS_FOLDER/***_dag.py', '--cfg-path', '/tmp/tmpeyp6u_tt']
[2026-03-23T22:08:35.786+0000] {standard_task_runner.py:91} INFO - Job 252: Subtask predict_all_zones
[2026-03-23T22:08:35.918+0000] {task_command.py:426} INFO - Running <TaskInstance: climarisk_predictions.predict_all_zones scheduled__2026-03-23T22:07:00+00:00 [running]> on host 6146f0e8983c
[2026-03-23T22:08:36.105+0000] {taskinstance.py:2648} INFO - Exporting env vars: AIRFLOW_CTX_DAG_OWNER='***' AIRFLOW_CTX_DAG_ID='***_predictions' AIRFLOW_CTX_TASK_ID='predict_all_zones' AIRFLOW_CTX_EXECUTION_DATE='2026-03-23T22:07:00+00:00' AIRFLOW_CTX_TRY_NUMBER='1' AIRFLOW_CTX_DAG_RUN_ID='scheduled__2026-03-23T22:07:00+00:00'
[2026-03-23T22:08:36.107+0000] {taskinstance.py:430} INFO - ::endgroup::
[2026-03-23T22:08:36.164+0000] {climarisk_dag.py:194} ERROR - ❌ Alger: 404 Client Error: Not Found for url: http://backend:8000/api/predict/flood/
[2026-03-23T22:08:36.170+0000] {climarisk_dag.py:194} ERROR - ❌ Cairo: 404 Client Error: Not Found for url: http://backend:8000/api/predict/flood/
[2026-03-23T22:08:36.175+0000] {climarisk_dag.py:194} ERROR - ❌ Lagos: 404 Client Error: Not Found for url: http://backend:8000/api/predict/flood/
[2026-03-23T22:08:36.180+0000] {climarisk_dag.py:194} ERROR - ❌ Kano: 404 Client Error: Not Found for url: http://backend:8000/api/predict/flood/
[2026-03-23T22:08:36.185+0000] {climarisk_dag.py:194} ERROR - ❌ Abuja: 404 Client Error: Not Found for url: http://backend:8000/api/predict/flood/
[2026-03-23T22:08:36.190+0000] {climarisk_dag.py:194} ERROR - ❌ Johannesburg: 404 Client Error: Not Found for url: http://backend:8000/api/predict/flood/
[2026-03-23T22:08:36.195+0000] {climarisk_dag.py:194} ERROR - ❌ Cape Town: 404 Client Error: Not Found for url: http://backend:8000/api/predict/flood/
[2026-03-23T22:08:36.200+0000] {climarisk_dag.py:194} ERROR - ❌ Nairobi: 404 Client Error: Not Found for url: http://backend:8000/api/predict/flood/
[2026-03-23T22:08:36.204+0000] {climarisk_dag.py:194} ERROR - ❌ Addis Ababa: 404 Client Error: Not Found for url: http://backend:8000/api/predict/flood/
[2026-03-23T22:08:36.209+0000] {climarisk_dag.py:194} ERROR - ❌ Dar es Salaam: 404 Client Error: Not Found for url: http://backend:8000/api/predict/flood/
[2026-03-23T22:08:36.213+0000] {climarisk_dag.py:194} ERROR - ❌ Accra: 404 Client Error: Not Found for url: http://backend:8000/api/predict/flood/
[2026-03-23T22:08:36.217+0000] {climarisk_dag.py:194} ERROR - ❌ Casablanca: 404 Client Error: Not Found for url: http://backend:8000/api/predict/flood/
[2026-03-23T22:08:36.221+0000] {climarisk_dag.py:194} ERROR - ❌ Mohammedia: 404 Client Error: Not Found for url: http://backend:8000/api/predict/flood/
[2026-03-23T22:08:36.225+0000] {climarisk_dag.py:194} ERROR - ❌ El Jadida: 404 Client Error: Not Found for url: http://backend:8000/api/predict/flood/
[2026-03-23T22:08:36.229+0000] {climarisk_dag.py:194} ERROR - ❌ Settat: 404 Client Error: Not Found for url: http://backend:8000/api/predict/flood/
[2026-03-23T22:08:36.233+0000] {climarisk_dag.py:194} ERROR - ❌ Berrechid: 404 Client Error: Not Found for url: http://backend:8000/api/predict/flood/
[2026-03-23T22:08:36.237+0000] {climarisk_dag.py:194} ERROR - ❌ Benslimane: 404 Client Error: Not Found for url: http://backend:8000/api/predict/flood/
[2026-03-23T22:08:36.241+0000] {climarisk_dag.py:194} ERROR - ❌ Sidi Bennour: 404 Client Error: Not Found for url: http://backend:8000/api/predict/flood/
[2026-03-23T22:08:36.245+0000] {climarisk_dag.py:194} ERROR - ❌ Azemmour: 404 Client Error: Not Found for url: http://backend:8000/api/predict/flood/
[2026-03-23T22:08:36.248+0000] {climarisk_dag.py:194} ERROR - ❌ Mediouna: 404 Client Error: Not Found for url: http://backend:8000/api/predict/flood/
[2026-03-23T22:08:36.252+0000] {climarisk_dag.py:194} ERROR - ❌ Nouaceur: 404 Client Error: Not Found for url: http://backend:8000/api/predict/flood/
[2026-03-23T22:08:36.255+0000] {climarisk_dag.py:194} ERROR - ❌ Rabat: 404 Client Error: Not Found for url: http://backend:8000/api/predict/flood/
[2026-03-23T22:08:36.258+0000] {climarisk_dag.py:194} ERROR - ❌ Salé: 404 Client Error: Not Found for url: http://backend:8000/api/predict/flood/
[2026-03-23T22:08:36.262+0000] {climarisk_dag.py:194} ERROR - ❌ Kénitra: 404 Client Error: Not Found for url: http://backend:8000/api/predict/flood/
[2026-03-23T22:08:36.265+0000] {climarisk_dag.py:194} ERROR - ❌ Témara: 404 Client Error: Not Found for url: http://backend:8000/api/predict/flood/
[2026-03-23T22:08:36.269+0000] {climarisk_dag.py:194} ERROR - ❌ Skhirat: 404 Client Error: Not Found for url: http://backend:8000/api/predict/flood/
[2026-03-23T22:08:36.273+0000] {climarisk_dag.py:194} ERROR - ❌ Tiflet: 404 Client Error: Not Found for url: http://backend:8000/api/predict/flood/
[2026-03-23T22:08:36.277+0000] {climarisk_dag.py:194} ERROR - ❌ Khémisset: 404 Client Error: Not Found for url: http://backend:8000/api/predict/flood/
[2026-03-23T22:08:36.280+0000] {climarisk_dag.py:194} ERROR - ❌ Sidi Slimane: 404 Client Error: Not Found for url: http://backend:8000/api/predict/flood/
[2026-03-23T22:08:36.284+0000] {climarisk_dag.py:194} ERROR - ❌ Sidi Kacem: 404 Client Error: Not Found for url: http://backend:8000/api/predict/flood/
[2026-03-23T22:08:36.288+0000] {climarisk_dag.py:194} ERROR - ❌ Souk el Arba: 404 Client Error: Not Found for url: http://backend:8000/api/predict/flood/
[2026-03-23T22:08:36.291+0000] {climarisk_dag.py:194} ERROR - ❌ Ouazzane: 404 Client Error: Not Found for url: http://backend:8000/api/predict/flood/
[2026-03-23T22:08:36.295+0000] {climarisk_dag.py:194} ERROR - ❌ Fès: 404 Client Error: Not Found for url: http://backend:8000/api/predict/flood/
[2026-03-23T22:08:36.298+0000] {climarisk_dag.py:194} ERROR - ❌ Meknès: 404 Client Error: Not Found for url: http://backend:8000/api/predict/flood/
[2026-03-23T22:08:36.301+0000] {climarisk_dag.py:194} ERROR - ❌ Ifrane: 404 Client Error: Not Found for url: http://backend:8000/api/predict/flood/
[2026-03-23T22:08:36.304+0000] {climarisk_dag.py:194} ERROR - ❌ Azrou: 404 Client Error: Not Found for url: http://backend:8000/api/predict/flood/
[2026-03-23T22:08:36.307+0000] {climarisk_dag.py:194} ERROR - ❌ Taounate: 404 Client Error: Not Found for url: http://backend:8000/api/predict/flood/
[2026-03-23T22:08:36.310+0000] {climarisk_dag.py:194} ERROR - ❌ Taza: 404 Client Error: Not Found for url: http://backend:8000/api/predict/flood/
[2026-03-23T22:08:36.315+0000] {climarisk_dag.py:194} ERROR - ❌ Sefrou: 404 Client Error: Not Found for url: http://backend:8000/api/predict/flood/
[2026-03-23T22:08:36.319+0000] {climarisk_dag.py:194} ERROR - ❌ Boulemane: 404 Client Error: Not Found for url: http://backend:8000/api/predict/flood/
[2026-03-23T22:08:36.325+0000] {climarisk_dag.py:194} ERROR - ❌ El Hajeb: 404 Client Error: Not Found for url: http://backend:8000/api/predict/flood/
[2026-03-23T22:08:36.334+0000] {climarisk_dag.py:194} ERROR - ❌ Missour: 404 Client Error: Not Found for url: http://backend:8000/api/predict/flood/
[2026-03-23T22:08:36.339+0000] {climarisk_dag.py:194} ERROR - ❌ Guercif: 404 Client Error: Not Found for url: http://backend:8000/api/predict/flood/
[2026-03-23T22:08:36.344+0000] {climarisk_dag.py:194} ERROR - ❌ Marrakech: 404 Client Error: Not Found for url: http://backend:8000/api/predict/flood/
[2026-03-23T22:08:36.347+0000] {climarisk_dag.py:194} ERROR - ❌ Safi: 404 Client Error: Not Found for url: http://backend:8000/api/predict/flood/
[2026-03-23T22:08:36.351+0000] {climarisk_dag.py:194} ERROR - ❌ Essaouira: 404 Client Error: Not Found for url: http://backend:8000/api/predict/flood/
[2026-03-23T22:08:36.354+0000] {climarisk_dag.py:194} ERROR - ❌ El Kelaa des Sraghna: 404 Client Error: Not Found for url: http://backend:8000/api/predict/flood/
[2026-03-23T22:08:36.357+0000] {climarisk_dag.py:194} ERROR - ❌ Chichaoua: 404 Client Error: Not Found for url: http://backend:8000/api/predict/flood/
[2026-03-23T22:08:36.361+0000] {climarisk_dag.py:194} ERROR - ❌ Youssoufia: 404 Client Error: Not Found for url: http://backend:8000/api/predict/flood/
[2026-03-23T22:08:36.365+0000] {climarisk_dag.py:194} ERROR - ❌ Ben Guerir: 404 Client Error: Not Found for url: http://backend:8000/api/predict/flood/
[2026-03-23T22:08:36.369+0000] {climarisk_dag.py:194} ERROR - ❌ Tahanaout: 404 Client Error: Not Found for url: http://backend:8000/api/predict/flood/
[2026-03-23T22:08:36.372+0000] {climarisk_dag.py:194} ERROR - ❌ Ait Ourir: 404 Client Error: Not Found for url: http://backend:8000/api/predict/flood/
[2026-03-23T22:08:36.376+0000] {climarisk_dag.py:194} ERROR - ❌ Demnate: 404 Client Error: Not Found for url: http://backend:8000/api/predict/flood/
[2026-03-23T22:08:36.382+0000] {climarisk_dag.py:194} ERROR - ❌ Tanger: 404 Client Error: Not Found for url: http://backend:8000/api/predict/flood/
[2026-03-23T22:08:36.385+0000] {climarisk_dag.py:194} ERROR - ❌ Tétouan: 404 Client Error: Not Found for url: http://backend:8000/api/predict/flood/
[2026-03-23T22:08:36.389+0000] {climarisk_dag.py:194} ERROR - ❌ Al Hoceïma: 404 Client Error: Not Found for url: http://backend:8000/api/predict/flood/
[2026-03-23T22:08:36.392+0000] {climarisk_dag.py:194} ERROR - ❌ Larache: 404 Client Error: Not Found for url: http://backend:8000/api/predict/flood/
[2026-03-23T22:08:36.395+0000] {climarisk_dag.py:194} ERROR - ❌ Chefchaouen: 404 Client Error: Not Found for url: http://backend:8000/api/predict/flood/
[2026-03-23T22:08:36.399+0000] {climarisk_dag.py:194} ERROR - ❌ Asilah: 404 Client Error: Not Found for url: http://backend:8000/api/predict/flood/
[2026-03-23T22:08:36.402+0000] {climarisk_dag.py:194} ERROR - ❌ Fnideq: 404 Client Error: Not Found for url: http://backend:8000/api/predict/flood/
[2026-03-23T22:08:36.405+0000] {climarisk_dag.py:194} ERROR - ❌ Martil: 404 Client Error: Not Found for url: http://backend:8000/api/predict/flood/
[2026-03-23T22:08:36.409+0000] {climarisk_dag.py:194} ERROR - ❌ Mdiq: 404 Client Error: Not Found for url: http://backend:8000/api/predict/flood/
[2026-03-23T22:08:36.414+0000] {climarisk_dag.py:194} ERROR - ❌ Ksar el Kebir: 404 Client Error: Not Found for url: http://backend:8000/api/predict/flood/
[2026-03-23T22:08:36.417+0000] {climarisk_dag.py:194} ERROR - ❌ Ouazzane: 404 Client Error: Not Found for url: http://backend:8000/api/predict/flood/
[2026-03-23T22:08:36.422+0000] {climarisk_dag.py:194} ERROR - ❌ Targuist: 404 Client Error: Not Found for url: http://backend:8000/api/predict/flood/
[2026-03-23T22:08:36.427+0000] {climarisk_dag.py:194} ERROR - ❌ Imzouren: 404 Client Error: Not Found for url: http://backend:8000/api/predict/flood/
[2026-03-23T22:08:36.430+0000] {climarisk_dag.py:194} ERROR - ❌ Beni Mellal-Khenifra: 404 Client Error: Not Found for url: http://backend:8000/api/predict/flood/
[2026-03-23T22:08:36.435+0000] {climarisk_dag.py:194} ERROR - ❌ Khénifra: 404 Client Error: Not Found for url: http://backend:8000/api/predict/flood/
[2026-03-23T22:08:36.438+0000] {climarisk_dag.py:194} ERROR - ❌ Azilal: 404 Client Error: Not Found for url: http://backend:8000/api/predict/flood/
[2026-03-23T22:08:36.442+0000] {climarisk_dag.py:194} ERROR - ❌ Nanjing: 404 Client Error: Not Found for url: http://backend:8000/api/predict/flood/
[2026-03-23T22:08:36.446+0000] {climarisk_dag.py:194} ERROR - ❌ Khouribga: 404 Client Error: Not Found for url: http://backend:8000/api/predict/flood/
[2026-03-23T22:08:36.451+0000] {climarisk_dag.py:194} ERROR - ❌ Fkih Ben Salah: 404 Client Error: Not Found for url: http://backend:8000/api/predict/flood/
[2026-03-23T22:08:36.455+0000] {climarisk_dag.py:194} ERROR - ❌ Souk Sebt: 404 Client Error: Not Found for url: http://backend:8000/api/predict/flood/
[2026-03-23T22:08:36.460+0000] {climarisk_dag.py:194} ERROR - ❌ Midelt: 404 Client Error: Not Found for url: http://backend:8000/api/predict/flood/
[2026-03-23T22:08:36.464+0000] {climarisk_dag.py:194} ERROR - ❌ Zaouiat Cheikh: 404 Client Error: Not Found for url: http://backend:8000/api/predict/flood/
[2026-03-23T22:08:36.468+0000] {climarisk_dag.py:194} ERROR - ❌ Oujda: 404 Client Error: Not Found for url: http://backend:8000/api/predict/flood/
[2026-03-23T22:08:36.472+0000] {climarisk_dag.py:194} ERROR - ❌ Nador: 404 Client Error: Not Found for url: http://backend:8000/api/predict/flood/
[2026-03-23T22:08:36.477+0000] {climarisk_dag.py:194} ERROR - ❌ Berkane: 404 Client Error: Not Found for url: http://backend:8000/api/predict/flood/
[2026-03-23T22:08:36.480+0000] {climarisk_dag.py:194} ERROR - ❌ Taourirt: 404 Client Error: Not Found for url: http://backend:8000/api/predict/flood/
[2026-03-23T22:08:36.484+0000] {climarisk_dag.py:194} ERROR - ❌ Jerada: 404 Client Error: Not Found for url: http://backend:8000/api/predict/flood/
[2026-03-23T22:08:36.487+0000] {climarisk_dag.py:194} ERROR - ❌ Figuig: 404 Client Error: Not Found for url: http://backend:8000/api/predict/flood/
[2026-03-23T22:08:36.490+0000] {climarisk_dag.py:194} ERROR - ❌ Bouarfa: 404 Client Error: Not Found for url: http://backend:8000/api/predict/flood/
[2026-03-23T22:08:36.495+0000] {climarisk_dag.py:194} ERROR - ❌ Selouane: 404 Client Error: Not Found for url: http://backend:8000/api/predict/flood/
[2026-03-23T22:08:36.499+0000] {climarisk_dag.py:194} ERROR - ❌ Zaio: 404 Client Error: Not Found for url: http://backend:8000/api/predict/flood/
[2026-03-23T22:08:36.505+0000] {climarisk_dag.py:194} ERROR - ❌ Agadir: 404 Client Error: Not Found for url: http://backend:8000/api/predict/flood/
[2026-03-23T22:08:36.509+0000] {climarisk_dag.py:194} ERROR - ❌ Inezgane: 404 Client Error: Not Found for url: http://backend:8000/api/predict/flood/
[2026-03-23T22:08:36.513+0000] {climarisk_dag.py:194} ERROR - ❌ Tiznit: 404 Client Error: Not Found for url: http://backend:8000/api/predict/flood/
[2026-03-23T22:08:36.519+0000] {climarisk_dag.py:194} ERROR - ❌ Taroudannt: 404 Client Error: Not Found for url: http://backend:8000/api/predict/flood/
[2026-03-23T22:08:36.524+0000] {climarisk_dag.py:194} ERROR - ❌ Ouarzazate: 404 Client Error: Not Found for url: http://backend:8000/api/predict/flood/
[2026-03-23T22:08:36.527+0000] {climarisk_dag.py:194} ERROR - ❌ Ait Melloul: 404 Client Error: Not Found for url: http://backend:8000/api/predict/flood/
[2026-03-23T22:08:36.531+0000] {climarisk_dag.py:194} ERROR - ❌ Biougra: 404 Client Error: Not Found for url: http://backend:8000/api/predict/flood/
[2026-03-23T22:08:36.535+0000] {climarisk_dag.py:194} ERROR - ❌ Chtouka Ait Baha: 404 Client Error: Not Found for url: http://backend:8000/api/predict/flood/
[2026-03-23T22:08:36.539+0000] {climarisk_dag.py:194} ERROR - ❌ Tata: 404 Client Error: Not Found for url: http://backend:8000/api/predict/flood/
[2026-03-23T22:08:36.542+0000] {climarisk_dag.py:194} ERROR - ❌ Sidi Ifni: 404 Client Error: Not Found for url: http://backend:8000/api/predict/flood/
[2026-03-23T22:08:36.546+0000] {climarisk_dag.py:194} ERROR - ❌ Massa: 404 Client Error: Not Found for url: http://backend:8000/api/predict/flood/
[2026-03-23T22:08:36.550+0000] {climarisk_dag.py:194} ERROR - ❌ Errachidia: 404 Client Error: Not Found for url: http://backend:8000/api/predict/flood/
[2026-03-23T22:08:36.554+0000] {climarisk_dag.py:194} ERROR - ❌ Zagora: 404 Client Error: Not Found for url: http://backend:8000/api/predict/flood/
[2026-03-23T22:08:36.558+0000] {climarisk_dag.py:194} ERROR - ❌ Tinghir: 404 Client Error: Not Found for url: http://backend:8000/api/predict/flood/
[2026-03-23T22:08:36.561+0000] {climarisk_dag.py:194} ERROR - ❌ Ouarzazate: 404 Client Error: Not Found for url: http://backend:8000/api/predict/flood/
[2026-03-23T22:08:36.565+0000] {climarisk_dag.py:194} ERROR - ❌ Rissani: 404 Client Error: Not Found for url: http://backend:8000/api/predict/flood/
[2026-03-23T22:08:36.568+0000] {climarisk_dag.py:194} ERROR - ❌ Erfoud: 404 Client Error: Not Found for url: http://backend:8000/api/predict/flood/
[2026-03-23T22:08:36.571+0000] {climarisk_dag.py:194} ERROR - ❌ Merzouga: 404 Client Error: Not Found for url: http://backend:8000/api/predict/flood/
[2026-03-23T22:08:36.574+0000] {climarisk_dag.py:194} ERROR - ❌ Alnif: 404 Client Error: Not Found for url: http://backend:8000/api/predict/flood/
[2026-03-23T22:08:36.578+0000] {climarisk_dag.py:194} ERROR - ❌ Goulmima: 404 Client Error: Not Found for url: http://backend:8000/api/predict/flood/
[2026-03-23T22:08:36.581+0000] {climarisk_dag.py:194} ERROR - ❌ Laâyoune: 404 Client Error: Not Found for url: http://backend:8000/api/predict/flood/
[2026-03-23T22:08:36.585+0000] {climarisk_dag.py:194} ERROR - ❌ Boujdour: 404 Client Error: Not Found for url: http://backend:8000/api/predict/flood/
[2026-03-23T22:08:36.589+0000] {climarisk_dag.py:194} ERROR - ❌ Tarfaya: 404 Client Error: Not Found for url: http://backend:8000/api/predict/flood/
[2026-03-23T22:08:36.592+0000] {climarisk_dag.py:194} ERROR - ❌ Smara: 404 Client Error: Not Found for url: http://backend:8000/api/predict/flood/
[2026-03-23T22:08:36.595+0000] {climarisk_dag.py:194} ERROR - ❌ El Marsa: 404 Client Error: Not Found for url: http://backend:8000/api/predict/flood/
[2026-03-23T22:08:36.599+0000] {climarisk_dag.py:194} ERROR - ❌ Dakhla: 404 Client Error: Not Found for url: http://backend:8000/api/predict/flood/
[2026-03-23T22:08:36.602+0000] {climarisk_dag.py:194} ERROR - ❌ Aousserd: 404 Client Error: Not Found for url: http://backend:8000/api/predict/flood/
[2026-03-23T22:08:36.605+0000] {climarisk_dag.py:194} ERROR - ❌ Guelmim: 404 Client Error: Not Found for url: http://backend:8000/api/predict/flood/
[2026-03-23T22:08:36.608+0000] {climarisk_dag.py:194} ERROR - ❌ Tan-Tan: 404 Client Error: Not Found for url: http://backend:8000/api/predict/flood/
[2026-03-23T22:08:36.611+0000] {climarisk_dag.py:194} ERROR - ❌ Assa: 404 Client Error: Not Found for url: http://backend:8000/api/predict/flood/
[2026-03-23T22:08:36.615+0000] {climarisk_dag.py:194} ERROR - ❌ Zag: 404 Client Error: Not Found for url: http://backend:8000/api/predict/flood/
[2026-03-23T22:08:36.618+0000] {climarisk_dag.py:194} ERROR - ❌ Sidi Ifni: 404 Client Error: Not Found for url: http://backend:8000/api/predict/flood/
[2026-03-23T22:08:36.621+0000] {climarisk_dag.py:194} ERROR - ❌ Tiznit: 404 Client Error: Not Found for url: http://backend:8000/api/predict/flood/
[2026-03-23T22:08:36.624+0000] {climarisk_dag.py:194} ERROR - ❌ Tunis: 404 Client Error: Not Found for url: http://backend:8000/api/predict/flood/
[2026-03-23T22:08:36.627+0000] {climarisk_dag.py:194} ERROR - ❌ Kampala: 404 Client Error: Not Found for url: http://backend:8000/api/predict/flood/
[2026-03-23T22:08:36.630+0000] {climarisk_dag.py:194} ERROR - ❌ Dakar: 404 Client Error: Not Found for url: http://backend:8000/api/predict/flood/
[2026-03-23T22:08:36.633+0000] {climarisk_dag.py:194} ERROR - ❌ Kinshasa: 404 Client Error: Not Found for url: http://backend:8000/api/predict/flood/
[2026-03-23T22:08:36.636+0000] {climarisk_dag.py:194} ERROR - ❌ Luanda: 404 Client Error: Not Found for url: http://backend:8000/api/predict/flood/
[2026-03-23T22:08:36.638+0000] {climarisk_dag.py:194} ERROR - ❌ Khartoum: 404 Client Error: Not Found for url: http://backend:8000/api/predict/flood/
[2026-03-23T22:08:36.641+0000] {climarisk_dag.py:194} ERROR - ❌ Harare: 404 Client Error: Not Found for url: http://backend:8000/api/predict/flood/
[2026-03-23T22:08:36.644+0000] {climarisk_dag.py:194} ERROR - ❌ Lusaka: 404 Client Error: Not Found for url: http://backend:8000/api/predict/flood/
[2026-03-23T22:08:36.647+0000] {climarisk_dag.py:194} ERROR - ❌ Maputo: 404 Client Error: Not Found for url: http://backend:8000/api/predict/flood/
[2026-03-23T22:08:36.650+0000] {climarisk_dag.py:194} ERROR - ❌ Antananarivo: 404 Client Error: Not Found for url: http://backend:8000/api/predict/flood/
[2026-03-23T22:08:36.653+0000] {climarisk_dag.py:194} ERROR - ❌ Abidjan: 404 Client Error: Not Found for url: http://backend:8000/api/predict/flood/
[2026-03-23T22:08:36.656+0000] {climarisk_dag.py:194} ERROR - ❌ Douala: 404 Client Error: Not Found for url: http://backend:8000/api/predict/flood/
[2026-03-23T22:08:36.658+0000] {climarisk_dag.py:194} ERROR - ❌ Niamey: 404 Client Error: Not Found for url: http://backend:8000/api/predict/flood/
[2026-03-23T22:08:36.661+0000] {climarisk_dag.py:194} ERROR - ❌ Ouagadougou: 404 Client Error: Not Found for url: http://backend:8000/api/predict/flood/
[2026-03-23T22:08:36.664+0000] {climarisk_dag.py:194} ERROR - ❌ Bamako: 404 Client Error: Not Found for url: http://backend:8000/api/predict/flood/
[2026-03-23T22:08:36.668+0000] {climarisk_dag.py:194} ERROR - ❌ Windhoek: 404 Client Error: Not Found for url: http://backend:8000/api/predict/flood/
[2026-03-23T22:08:36.672+0000] {climarisk_dag.py:194} ERROR - ❌ Port Harcourt: 404 Client Error: Not Found for url: http://backend:8000/api/predict/flood/
[2026-03-23T22:08:36.675+0000] {climarisk_dag.py:194} ERROR - ❌ Warri: 404 Client Error: Not Found for url: http://backend:8000/api/predict/flood/
[2026-03-23T22:08:36.677+0000] {climarisk_dag.py:194} ERROR - ❌ Calabar: 404 Client Error: Not Found for url: http://backend:8000/api/predict/flood/
[2026-03-23T22:08:36.680+0000] {climarisk_dag.py:194} ERROR - ❌ Beijing: 404 Client Error: Not Found for url: http://backend:8000/api/predict/flood/
[2026-03-23T22:08:36.684+0000] {climarisk_dag.py:194} ERROR - ❌ Shanghai: 404 Client Error: Not Found for url: http://backend:8000/api/predict/flood/
[2026-03-23T22:08:36.687+0000] {climarisk_dag.py:194} ERROR - ❌ Guangzhou: 404 Client Error: Not Found for url: http://backend:8000/api/predict/flood/
[2026-03-23T22:08:36.690+0000] {climarisk_dag.py:194} ERROR - ❌ Chengdu: 404 Client Error: Not Found for url: http://backend:8000/api/predict/flood/
[2026-03-23T22:08:36.693+0000] {climarisk_dag.py:194} ERROR - ❌ Wuhan: 404 Client Error: Not Found for url: http://backend:8000/api/predict/flood/
[2026-03-23T22:08:36.696+0000] {climarisk_dag.py:194} ERROR - ❌ Chongqing: 404 Client Error: Not Found for url: http://backend:8000/api/predict/flood/
[2026-03-23T22:08:36.699+0000] {climarisk_dag.py:194} ERROR - ❌ Zhengzhou: 404 Client Error: Not Found for url: http://backend:8000/api/predict/flood/
[2026-03-23T22:08:36.703+0000] {climarisk_dag.py:194} ERROR - ❌ Changsha: 404 Client Error: Not Found for url: http://backend:8000/api/predict/flood/
[2026-03-23T22:08:36.705+0000] {climarisk_dag.py:194} ERROR - ❌ Nanchang: 404 Client Error: Not Found for url: http://backend:8000/api/predict/flood/
[2026-03-23T22:08:36.708+0000] {climarisk_dag.py:194} ERROR - ❌ Yichang: 404 Client Error: Not Found for url: http://backend:8000/api/predict/flood/
[2026-03-23T22:08:36.712+0000] {climarisk_dag.py:194} ERROR - ❌ Haikou: 404 Client Error: Not Found for url: http://backend:8000/api/predict/flood/
[2026-03-23T22:08:36.715+0000] {climarisk_dag.py:194} ERROR - ❌ Hong Kong: 404 Client Error: Not Found for url: http://backend:8000/api/predict/flood/
[2026-03-23T22:08:36.718+0000] {climarisk_dag.py:194} ERROR - ❌ Taipei: 404 Client Error: Not Found for url: http://backend:8000/api/predict/flood/
[2026-03-23T22:08:36.720+0000] {climarisk_dag.py:194} ERROR - ❌ Kaohsiung: 404 Client Error: Not Found for url: http://backend:8000/api/predict/flood/
[2026-03-23T22:08:36.723+0000] {climarisk_dag.py:194} ERROR - ❌ Mumbai: 404 Client Error: Not Found for url: http://backend:8000/api/predict/flood/
[2026-03-23T22:08:36.726+0000] {climarisk_dag.py:194} ERROR - ❌ Delhi: 404 Client Error: Not Found for url: http://backend:8000/api/predict/flood/
[2026-03-23T22:08:36.729+0000] {climarisk_dag.py:194} ERROR - ❌ Bangalore: 404 Client Error: Not Found for url: http://backend:8000/api/predict/flood/
[2026-03-23T22:08:36.732+0000] {climarisk_dag.py:194} ERROR - ❌ Chennai: 404 Client Error: Not Found for url: http://backend:8000/api/predict/flood/
[2026-03-23T22:08:36.735+0000] {climarisk_dag.py:194} ERROR - ❌ Kolkata: 404 Client Error: Not Found for url: http://backend:8000/api/predict/flood/
[2026-03-23T22:08:36.738+0000] {climarisk_dag.py:194} ERROR - ❌ Patna: 404 Client Error: Not Found for url: http://backend:8000/api/predict/flood/
[2026-03-23T22:08:36.740+0000] {climarisk_dag.py:194} ERROR - ❌ Guwahati: 404 Client Error: Not Found for url: http://backend:8000/api/predict/flood/
[2026-03-23T22:08:36.743+0000] {climarisk_dag.py:194} ERROR - ❌ Varanasi: 404 Client Error: Not Found for url: http://backend:8000/api/predict/flood/
[2026-03-23T22:08:36.746+0000] {climarisk_dag.py:194} ERROR - ❌ Muzaffarpur: 404 Client Error: Not Found for url: http://backend:8000/api/predict/flood/
[2026-03-23T22:08:36.749+0000] {climarisk_dag.py:194} ERROR - ❌ Visakhapatnam: 404 Client Error: Not Found for url: http://backend:8000/api/predict/flood/
[2026-03-23T22:08:36.752+0000] {climarisk_dag.py:194} ERROR - ❌ Vijayawada: 404 Client Error: Not Found for url: http://backend:8000/api/predict/flood/
[2026-03-23T22:08:36.754+0000] {climarisk_dag.py:194} ERROR - ❌ Tokyo: 404 Client Error: Not Found for url: http://backend:8000/api/predict/flood/
[2026-03-23T22:08:36.757+0000] {climarisk_dag.py:194} ERROR - ❌ Osaka: 404 Client Error: Not Found for url: http://backend:8000/api/predict/flood/
[2026-03-23T22:08:36.759+0000] {climarisk_dag.py:194} ERROR - ❌ Sapporo: 404 Client Error: Not Found for url: http://backend:8000/api/predict/flood/
[2026-03-23T22:08:36.762+0000] {climarisk_dag.py:194} ERROR - ❌ Naha: 404 Client Error: Not Found for url: http://backend:8000/api/predict/flood/
[2026-03-23T22:08:36.765+0000] {climarisk_dag.py:194} ERROR - ❌ Seoul: 404 Client Error: Not Found for url: http://backend:8000/api/predict/flood/
[2026-03-23T22:08:36.768+0000] {climarisk_dag.py:194} ERROR - ❌ Busan: 404 Client Error: Not Found for url: http://backend:8000/api/predict/flood/
[2026-03-23T22:08:36.771+0000] {climarisk_dag.py:194} ERROR - ❌ Bangkok: 404 Client Error: Not Found for url: http://backend:8000/api/predict/flood/
[2026-03-23T22:08:36.774+0000] {climarisk_dag.py:194} ERROR - ❌ Chiang Mai: 404 Client Error: Not Found for url: http://backend:8000/api/predict/flood/
[2026-03-23T22:08:36.777+0000] {climarisk_dag.py:194} ERROR - ❌ Jakarta: 404 Client Error: Not Found for url: http://backend:8000/api/predict/flood/
[2026-03-23T22:08:36.780+0000] {climarisk_dag.py:194} ERROR - ❌ Surabaya: 404 Client Error: Not Found for url: http://backend:8000/api/predict/flood/
[2026-03-23T22:08:36.783+0000] {climarisk_dag.py:194} ERROR - ❌ Medan: 404 Client Error: Not Found for url: http://backend:8000/api/predict/flood/
[2026-03-23T22:08:36.787+0000] {climarisk_dag.py:194} ERROR - ❌ Manila: 404 Client Error: Not Found for url: http://backend:8000/api/predict/flood/
[2026-03-23T22:08:36.790+0000] {climarisk_dag.py:194} ERROR - ❌ Cebu: 404 Client Error: Not Found for url: http://backend:8000/api/predict/flood/
[2026-03-23T22:08:36.792+0000] {climarisk_dag.py:194} ERROR - ❌ Tacloban: 404 Client Error: Not Found for url: http://backend:8000/api/predict/flood/
[2026-03-23T22:08:36.795+0000] {climarisk_dag.py:194} ERROR - ❌ Legazpi: 404 Client Error: Not Found for url: http://backend:8000/api/predict/flood/
[2026-03-23T22:08:36.798+0000] {climarisk_dag.py:194} ERROR - ❌ Zamboanga: 404 Client Error: Not Found for url: http://backend:8000/api/predict/flood/
[2026-03-23T22:08:36.801+0000] {climarisk_dag.py:194} ERROR - ❌ Kuala Lumpur: 404 Client Error: Not Found for url: http://backend:8000/api/predict/flood/
[2026-03-23T22:08:36.805+0000] {climarisk_dag.py:194} ERROR - ❌ Singapore: 404 Client Error: Not Found for url: http://backend:8000/api/predict/flood/
[2026-03-23T22:08:36.808+0000] {climarisk_dag.py:194} ERROR - ❌ Ho Chi Minh City: 404 Client Error: Not Found for url: http://backend:8000/api/predict/flood/
[2026-03-23T22:08:36.811+0000] {climarisk_dag.py:194} ERROR - ❌ Hanoi: 404 Client Error: Not Found for url: http://backend:8000/api/predict/flood/
[2026-03-23T22:08:36.814+0000] {climarisk_dag.py:194} ERROR - ❌ Da Nang: 404 Client Error: Not Found for url: http://backend:8000/api/predict/flood/
[2026-03-23T22:08:36.817+0000] {climarisk_dag.py:194} ERROR - ❌ Can Tho: 404 Client Error: Not Found for url: http://backend:8000/api/predict/flood/
[2026-03-23T22:08:36.821+0000] {climarisk_dag.py:194} ERROR - ❌ My Tho: 404 Client Error: Not Found for url: http://backend:8000/api/predict/flood/
[2026-03-23T22:08:36.824+0000] {climarisk_dag.py:194} ERROR - ❌ Dhaka: 404 Client Error: Not Found for url: http://backend:8000/api/predict/flood/
[2026-03-23T22:08:36.827+0000] {climarisk_dag.py:194} ERROR - ❌ Chittagong: 404 Client Error: Not Found for url: http://backend:8000/api/predict/flood/
[2026-03-23T22:08:36.830+0000] {climarisk_dag.py:194} ERROR - ❌ Sylhet: 404 Client Error: Not Found for url: http://backend:8000/api/predict/flood/
[2026-03-23T22:08:36.832+0000] {climarisk_dag.py:194} ERROR - ❌ Khulna: 404 Client Error: Not Found for url: http://backend:8000/api/predict/flood/
[2026-03-23T22:08:36.836+0000] {climarisk_dag.py:194} ERROR - ❌ Cox's Bazar: 404 Client Error: Not Found for url: http://backend:8000/api/predict/flood/
[2026-03-23T22:08:36.839+0000] {climarisk_dag.py:194} ERROR - ❌ Karachi: 404 Client Error: Not Found for url: http://backend:8000/api/predict/flood/
[2026-03-23T22:08:36.842+0000] {climarisk_dag.py:194} ERROR - ❌ Lahore: 404 Client Error: Not Found for url: http://backend:8000/api/predict/flood/
[2026-03-23T22:08:36.844+0000] {climarisk_dag.py:194} ERROR - ❌ Colombo: 404 Client Error: Not Found for url: http://backend:8000/api/predict/flood/
[2026-03-23T22:08:36.847+0000] {climarisk_dag.py:194} ERROR - ❌ Kathmandu: 404 Client Error: Not Found for url: http://backend:8000/api/predict/flood/
[2026-03-23T22:08:36.850+0000] {climarisk_dag.py:194} ERROR - ❌ Yangon: 404 Client Error: Not Found for url: http://backend:8000/api/predict/flood/
[2026-03-23T22:08:36.853+0000] {climarisk_dag.py:194} ERROR - ❌ Sittwe: 404 Client Error: Not Found for url: http://backend:8000/api/predict/flood/
[2026-03-23T22:08:36.856+0000] {climarisk_dag.py:194} ERROR - ❌ Phnom Penh: 404 Client Error: Not Found for url: http://backend:8000/api/predict/flood/
[2026-03-23T22:08:36.859+0000] {climarisk_dag.py:194} ERROR - ❌ Riyadh: 404 Client Error: Not Found for url: http://backend:8000/api/predict/flood/
[2026-03-23T22:08:36.861+0000] {climarisk_dag.py:194} ERROR - ❌ Dubai: 404 Client Error: Not Found for url: http://backend:8000/api/predict/flood/
[2026-03-23T22:08:36.864+0000] {climarisk_dag.py:194} ERROR - ❌ Tehran: 404 Client Error: Not Found for url: http://backend:8000/api/predict/flood/
[2026-03-23T22:08:36.867+0000] {climarisk_dag.py:194} ERROR - ❌ Istanbul: 404 Client Error: Not Found for url: http://backend:8000/api/predict/flood/
[2026-03-23T22:08:36.871+0000] {climarisk_dag.py:194} ERROR - ❌ Ankara: 404 Client Error: Not Found for url: http://backend:8000/api/predict/flood/
[2026-03-23T22:08:36.874+0000] {climarisk_dag.py:194} ERROR - ❌ Baghdad: 404 Client Error: Not Found for url: http://backend:8000/api/predict/flood/
[2026-03-23T22:08:36.877+0000] {climarisk_dag.py:194} ERROR - ❌ Baku: 404 Client Error: Not Found for url: http://backend:8000/api/predict/flood/
[2026-03-23T22:08:36.880+0000] {climarisk_dag.py:194} ERROR - ❌ Tashkent: 404 Client Error: Not Found for url: http://backend:8000/api/predict/flood/
[2026-03-23T22:08:36.883+0000] {climarisk_dag.py:194} ERROR - ❌ Almaty: 404 Client Error: Not Found for url: http://backend:8000/api/predict/flood/
[2026-03-23T22:08:36.885+0000] {climarisk_dag.py:194} ERROR - ❌ Guam: 404 Client Error: Not Found for url: http://backend:8000/api/predict/flood/
[2026-03-23T22:08:36.888+0000] {climarisk_dag.py:194} ERROR - ❌ Paris: 404 Client Error: Not Found for url: http://backend:8000/api/predict/flood/
[2026-03-23T22:08:36.890+0000] {climarisk_dag.py:194} ERROR - ❌ Lyon: 404 Client Error: Not Found for url: http://backend:8000/api/predict/flood/
[2026-03-23T22:08:36.893+0000] {climarisk_dag.py:194} ERROR - ❌ Marseille: 404 Client Error: Not Found for url: http://backend:8000/api/predict/flood/
[2026-03-23T22:08:36.895+0000] {climarisk_dag.py:194} ERROR - ❌ Toulouse: 404 Client Error: Not Found for url: http://backend:8000/api/predict/flood/
[2026-03-23T22:08:36.898+0000] {climarisk_dag.py:194} ERROR - ❌ Bordeaux: 404 Client Error: Not Found for url: http://backend:8000/api/predict/flood/
[2026-03-23T22:08:36.902+0000] {climarisk_dag.py:194} ERROR - ❌ Nantes: 404 Client Error: Not Found for url: http://backend:8000/api/predict/flood/
[2026-03-23T22:08:36.905+0000] {climarisk_dag.py:194} ERROR - ❌ Strasbourg: 404 Client Error: Not Found for url: http://backend:8000/api/predict/flood/
[2026-03-23T22:08:36.908+0000] {climarisk_dag.py:194} ERROR - ❌ Lille: 404 Client Error: Not Found for url: http://backend:8000/api/predict/flood/
[2026-03-23T22:08:36.911+0000] {climarisk_dag.py:194} ERROR - ❌ Montpellier: 404 Client Error: Not Found for url: http://backend:8000/api/predict/flood/
[2026-03-23T22:08:36.915+0000] {climarisk_dag.py:194} ERROR - ❌ Nice: 404 Client Error: Not Found for url: http://backend:8000/api/predict/flood/
[2026-03-23T22:08:36.918+0000] {climarisk_dag.py:194} ERROR - ❌ London: 404 Client Error: Not Found for url: http://backend:8000/api/predict/flood/
[2026-03-23T22:08:36.922+0000] {climarisk_dag.py:194} ERROR - ❌ Birmingham: 404 Client Error: Not Found for url: http://backend:8000/api/predict/flood/
[2026-03-23T22:08:36.925+0000] {climarisk_dag.py:194} ERROR - ❌ Manchester: 404 Client Error: Not Found for url: http://backend:8000/api/predict/flood/
[2026-03-23T22:08:36.928+0000] {climarisk_dag.py:194} ERROR - ❌ Berlin: 404 Client Error: Not Found for url: http://backend:8000/api/predict/flood/
[2026-03-23T22:08:36.931+0000] {climarisk_dag.py:194} ERROR - ❌ Hamburg: 404 Client Error: Not Found for url: http://backend:8000/api/predict/flood/
[2026-03-23T22:08:36.935+0000] {climarisk_dag.py:194} ERROR - ❌ Munich: 404 Client Error: Not Found for url: http://backend:8000/api/predict/flood/
[2026-03-23T22:08:36.938+0000] {climarisk_dag.py:194} ERROR - ❌ Frankfurt: 404 Client Error: Not Found for url: http://backend:8000/api/predict/flood/
[2026-03-23T22:08:36.943+0000] {climarisk_dag.py:194} ERROR - ❌ Madrid: 404 Client Error: Not Found for url: http://backend:8000/api/predict/flood/
[2026-03-23T22:08:36.947+0000] {climarisk_dag.py:194} ERROR - ❌ Barcelona: 404 Client Error: Not Found for url: http://backend:8000/api/predict/flood/
[2026-03-23T22:08:36.951+0000] {climarisk_dag.py:194} ERROR - ❌ Valencia: 404 Client Error: Not Found for url: http://backend:8000/api/predict/flood/
[2026-03-23T22:08:36.955+0000] {climarisk_dag.py:194} ERROR - ❌ Malaga: 404 Client Error: Not Found for url: http://backend:8000/api/predict/flood/
[2026-03-23T22:08:36.958+0000] {climarisk_dag.py:194} ERROR - ❌ Rome: 404 Client Error: Not Found for url: http://backend:8000/api/predict/flood/
[2026-03-23T22:08:36.961+0000] {climarisk_dag.py:194} ERROR - ❌ Milan: 404 Client Error: Not Found for url: http://backend:8000/api/predict/flood/
[2026-03-23T22:08:36.965+0000] {climarisk_dag.py:194} ERROR - ❌ Palermo: 404 Client Error: Not Found for url: http://backend:8000/api/predict/flood/
[2026-03-23T22:08:36.968+0000] {climarisk_dag.py:194} ERROR - ❌ Amsterdam: 404 Client Error: Not Found for url: http://backend:8000/api/predict/flood/
[2026-03-23T22:08:36.972+0000] {climarisk_dag.py:194} ERROR - ❌ Brussels: 404 Client Error: Not Found for url: http://backend:8000/api/predict/flood/
[2026-03-23T22:08:36.976+0000] {climarisk_dag.py:194} ERROR - ❌ Vienna: 404 Client Error: Not Found for url: http://backend:8000/api/predict/flood/
[2026-03-23T22:08:36.979+0000] {climarisk_dag.py:194} ERROR - ❌ Zurich: 404 Client Error: Not Found for url: http://backend:8000/api/predict/flood/
[2026-03-23T22:08:36.982+0000] {climarisk_dag.py:194} ERROR - ❌ Stockholm: 404 Client Error: Not Found for url: http://backend:8000/api/predict/flood/
[2026-03-23T22:08:36.986+0000] {climarisk_dag.py:194} ERROR - ❌ Oslo: 404 Client Error: Not Found for url: http://backend:8000/api/predict/flood/
[2026-03-23T22:08:36.989+0000] {climarisk_dag.py:194} ERROR - ❌ Copenhagen: 404 Client Error: Not Found for url: http://backend:8000/api/predict/flood/
[2026-03-23T22:08:36.993+0000] {climarisk_dag.py:194} ERROR - ❌ Helsinki: 404 Client Error: Not Found for url: http://backend:8000/api/predict/flood/
[2026-03-23T22:08:36.995+0000] {climarisk_dag.py:194} ERROR - ❌ Warsaw: 404 Client Error: Not Found for url: http://backend:8000/api/predict/flood/
[2026-03-23T22:08:36.999+0000] {climarisk_dag.py:194} ERROR - ❌ Prague: 404 Client Error: Not Found for url: http://backend:8000/api/predict/flood/
[2026-03-23T22:08:37.003+0000] {climarisk_dag.py:194} ERROR - ❌ Budapest: 404 Client Error: Not Found for url: http://backend:8000/api/predict/flood/
[2026-03-23T22:08:37.007+0000] {climarisk_dag.py:194} ERROR - ❌ Bucharest: 404 Client Error: Not Found for url: http://backend:8000/api/predict/flood/
[2026-03-23T22:08:37.010+0000] {climarisk_dag.py:194} ERROR - ❌ Athens: 404 Client Error: Not Found for url: http://backend:8000/api/predict/flood/
[2026-03-23T22:08:37.013+0000] {climarisk_dag.py:194} ERROR - ❌ Thessaloniki: 404 Client Error: Not Found for url: http://backend:8000/api/predict/flood/
[2026-03-23T22:08:37.016+0000] {climarisk_dag.py:194} ERROR - ❌ Lisbon: 404 Client Error: Not Found for url: http://backend:8000/api/predict/flood/
[2026-03-23T22:08:37.019+0000] {climarisk_dag.py:194} ERROR - ❌ Moscow: 404 Client Error: Not Found for url: http://backend:8000/api/predict/flood/
[2026-03-23T22:08:37.023+0000] {climarisk_dag.py:194} ERROR - ❌ Saint Petersburg: 404 Client Error: Not Found for url: http://backend:8000/api/predict/flood/
[2026-03-23T22:08:37.028+0000] {climarisk_dag.py:194} ERROR - ❌ Krasnoyarsk: 404 Client Error: Not Found for url: http://backend:8000/api/predict/flood/
[2026-03-23T22:08:37.032+0000] {climarisk_dag.py:194} ERROR - ❌ Irkutsk: 404 Client Error: Not Found for url: http://backend:8000/api/predict/flood/
[2026-03-23T22:08:37.036+0000] {climarisk_dag.py:194} ERROR - ❌ Yakutsk: 404 Client Error: Not Found for url: http://backend:8000/api/predict/flood/
[2026-03-23T22:08:37.040+0000] {climarisk_dag.py:194} ERROR - ❌ Khabarovsk: 404 Client Error: Not Found for url: http://backend:8000/api/predict/flood/
[2026-03-23T22:08:37.044+0000] {climarisk_dag.py:194} ERROR - ❌ Kyiv: 404 Client Error: Not Found for url: http://backend:8000/api/predict/flood/
[2026-03-23T22:08:37.049+0000] {climarisk_dag.py:194} ERROR - ❌ New York: 404 Client Error: Not Found for url: http://backend:8000/api/predict/flood/
[2026-03-23T22:08:37.053+0000] {climarisk_dag.py:194} ERROR - ❌ Los Angeles: 404 Client Error: Not Found for url: http://backend:8000/api/predict/flood/
[2026-03-23T22:08:37.057+0000] {climarisk_dag.py:194} ERROR - ❌ Chicago: 404 Client Error: Not Found for url: http://backend:8000/api/predict/flood/
[2026-03-23T22:08:37.061+0000] {climarisk_dag.py:194} ERROR - ❌ Houston: 404 Client Error: Not Found for url: http://backend:8000/api/predict/flood/
[2026-03-23T22:08:37.065+0000] {climarisk_dag.py:194} ERROR - ❌ Miami: 404 Client Error: Not Found for url: http://backend:8000/api/predict/flood/
[2026-03-23T22:08:37.069+0000] {climarisk_dag.py:194} ERROR - ❌ New Orleans: 404 Client Error: Not Found for url: http://backend:8000/api/predict/flood/
[2026-03-23T22:08:37.073+0000] {climarisk_dag.py:194} ERROR - ❌ Seattle: 404 Client Error: Not Found for url: http://backend:8000/api/predict/flood/
[2026-03-23T22:08:37.077+0000] {climarisk_dag.py:194} ERROR - ❌ Sacramento: 404 Client Error: Not Found for url: http://backend:8000/api/predict/flood/
[2026-03-23T22:08:37.081+0000] {climarisk_dag.py:194} ERROR - ❌ Fresno: 404 Client Error: Not Found for url: http://backend:8000/api/predict/flood/
[2026-03-23T22:08:37.084+0000] {climarisk_dag.py:194} ERROR - ❌ Redding: 404 Client Error: Not Found for url: http://backend:8000/api/predict/flood/
[2026-03-23T22:08:37.088+0000] {climarisk_dag.py:194} ERROR - ❌ Memphis: 404 Client Error: Not Found for url: http://backend:8000/api/predict/flood/
[2026-03-23T22:08:37.091+0000] {climarisk_dag.py:194} ERROR - ❌ Toronto: 404 Client Error: Not Found for url: http://backend:8000/api/predict/flood/
[2026-03-23T22:08:37.095+0000] {climarisk_dag.py:194} ERROR - ❌ Montreal: 404 Client Error: Not Found for url: http://backend:8000/api/predict/flood/
[2026-03-23T22:08:37.097+0000] {climarisk_dag.py:194} ERROR - ❌ Vancouver: 404 Client Error: Not Found for url: http://backend:8000/api/predict/flood/
[2026-03-23T22:08:37.101+0000] {climarisk_dag.py:194} ERROR - ❌ Mexico City: 404 Client Error: Not Found for url: http://backend:8000/api/predict/flood/
[2026-03-23T22:08:37.104+0000] {climarisk_dag.py:194} ERROR - ❌ Veracruz: 404 Client Error: Not Found for url: http://backend:8000/api/predict/flood/
[2026-03-23T22:08:37.107+0000] {climarisk_dag.py:194} ERROR - ❌ Cancún: 404 Client Error: Not Found for url: http://backend:8000/api/predict/flood/
[2026-03-23T22:08:37.110+0000] {climarisk_dag.py:194} ERROR - ❌ São Paulo: 404 Client Error: Not Found for url: http://backend:8000/api/predict/flood/
[2026-03-23T22:08:37.113+0000] {climarisk_dag.py:194} ERROR - ❌ Rio de Janeiro: 404 Client Error: Not Found for url: http://backend:8000/api/predict/flood/
[2026-03-23T22:08:37.115+0000] {climarisk_dag.py:194} ERROR - ❌ Belém: 404 Client Error: Not Found for url: http://backend:8000/api/predict/flood/
[2026-03-23T22:08:37.118+0000] {climarisk_dag.py:194} ERROR - ❌ Marabá: 404 Client Error: Not Found for url: http://backend:8000/api/predict/flood/
[2026-03-23T22:08:37.121+0000] {climarisk_dag.py:194} ERROR - ❌ Sinop: 404 Client Error: Not Found for url: http://backend:8000/api/predict/flood/
[2026-03-23T22:08:37.124+0000] {climarisk_dag.py:194} ERROR - ❌ Porto Velho: 404 Client Error: Not Found for url: http://backend:8000/api/predict/flood/
[2026-03-23T22:08:37.128+0000] {climarisk_dag.py:194} ERROR - ❌ Buenos Aires: 404 Client Error: Not Found for url: http://backend:8000/api/predict/flood/
[2026-03-23T22:08:37.131+0000] {climarisk_dag.py:194} ERROR - ❌ Lima: 404 Client Error: Not Found for url: http://backend:8000/api/predict/flood/
[2026-03-23T22:08:37.134+0000] {climarisk_dag.py:194} ERROR - ❌ Bogotá: 404 Client Error: Not Found for url: http://backend:8000/api/predict/flood/
[2026-03-23T22:08:37.139+0000] {climarisk_dag.py:194} ERROR - ❌ Santiago: 404 Client Error: Not Found for url: http://backend:8000/api/predict/flood/
[2026-03-23T22:08:37.144+0000] {climarisk_dag.py:194} ERROR - ❌ Port-au-Prince: 404 Client Error: Not Found for url: http://backend:8000/api/predict/flood/
[2026-03-23T22:08:37.147+0000] {climarisk_dag.py:194} ERROR - ❌ San Juan: 404 Client Error: Not Found for url: http://backend:8000/api/predict/flood/
[2026-03-23T22:08:37.149+0000] {climarisk_dag.py:194} ERROR - ❌ Kingston: 404 Client Error: Not Found for url: http://backend:8000/api/predict/flood/
[2026-03-23T22:08:37.152+0000] {climarisk_dag.py:194} ERROR - ❌ Port of Spain: 404 Client Error: Not Found for url: http://backend:8000/api/predict/flood/
[2026-03-23T22:08:37.157+0000] {climarisk_dag.py:194} ERROR - ❌ Sydney: 404 Client Error: Not Found for url: http://backend:8000/api/predict/flood/
[2026-03-23T22:08:37.160+0000] {climarisk_dag.py:194} ERROR - ❌ Melbourne: 404 Client Error: Not Found for url: http://backend:8000/api/predict/flood/
[2026-03-23T22:08:37.163+0000] {climarisk_dag.py:194} ERROR - ❌ Brisbane: 404 Client Error: Not Found for url: http://backend:8000/api/predict/flood/
[2026-03-23T22:08:37.165+0000] {climarisk_dag.py:194} ERROR - ❌ Darwin: 404 Client Error: Not Found for url: http://backend:8000/api/predict/flood/
[2026-03-23T22:08:37.168+0000] {climarisk_dag.py:194} ERROR - ❌ Alice Springs: 404 Client Error: Not Found for url: http://backend:8000/api/predict/flood/
[2026-03-23T22:08:37.172+0000] {climarisk_dag.py:194} ERROR - ❌ Cairns: 404 Client Error: Not Found for url: http://backend:8000/api/predict/flood/
[2026-03-23T22:08:37.176+0000] {climarisk_dag.py:194} ERROR - ❌ Auckland: 404 Client Error: Not Found for url: http://backend:8000/api/predict/flood/
[2026-03-23T22:08:37.179+0000] {climarisk_dag.py:194} ERROR - ❌ Port Moresby: 404 Client Error: Not Found for url: http://backend:8000/api/predict/flood/
[2026-03-23T22:08:37.179+0000] {climarisk_dag.py:201} INFO - ✅ Done: 0 OK, 291 errors, 1.0s
[2026-03-23T22:08:37.233+0000] {taskinstance.py:441} INFO - ::group::Post task execution logs
[2026-03-23T22:08:37.235+0000] {taskinstance.py:2905} ERROR - Task failed with exception
Traceback (most recent call last):
  File "/home/airflow/.local/lib/python3.12/site-packages/airflow/models/taskinstance.py", line 465, in _execute_task
    result = _execute_callable(context=context, **execute_callable_kwargs)
             ^^^^^^^^^^^^^^^^^^^^^^^^^^^^^^^^^^^^^^^^^^^^^^^^^^^^^^^^^^^^^
  File "/home/airflow/.local/lib/python3.12/site-packages/airflow/models/taskinstance.py", line 432, in _execute_callable
    return execute_callable(context=context, **execute_callable_kwargs)
           ^^^^^^^^^^^^^^^^^^^^^^^^^^^^^^^^^^^^^^^^^^^^^^^^^^^^^^^^^^^^
  File "/home/airflow/.local/lib/python3.12/site-packages/airflow/models/baseoperator.py", line 400, in wrapper
    return func(self, *args, **kwargs)
           ^^^^^^^^^^^^^^^^^^^^^^^^^^^
  File "/home/airflow/.local/lib/python3.12/site-packages/airflow/operators/python.py", line 235, in execute
    return_value = self.execute_callable()
                   ^^^^^^^^^^^^^^^^^^^^^^^
  File "/home/airflow/.local/lib/python3.12/site-packages/airflow/operators/python.py", line 252, in execute_callable
    return self.python_callable(*self.op_args, **self.op_kwargs)
           ^^^^^^^^^^^^^^^^^^^^^^^^^^^^^^^^^^^^^^^^^^^^^^^^^^^^^
  File "/opt/airflow/dags/climarisk_dag.py", line 210, in predict_all_zones
    raise Exception(f"{errors} zone(s) failed — check logs above")
Exception: 291 zone(s) failed — check logs above
[2026-03-23T22:08:37.269+0000] {taskinstance.py:1206} INFO - Marking task as UP_FOR_RETRY. dag_id=***_predictions, task_id=predict_all_zones, run_id=scheduled__2026-03-23T22:07:00+00:00, execution_date=20260323T220700, start_date=20260323T220835, end_date=20260323T220837
[2026-03-23T22:08:37.290+0000] {standard_task_runner.py:110} ERROR - Failed to execute job 252 for task predict_all_zones (291 zone(s) failed — check logs above; 6323)
[2026-03-23T22:08:37.332+0000] {local_task_job_runner.py:240} INFO - Task exited with return code 1
[2026-03-23T22:08:37.387+0000] {taskinstance.py:3498} INFO - 0 downstream tasks scheduled from follow-on schedule check
[2026-03-23T22:08:37.392+0000] {local_task_job_runner.py:222} INFO - ::endgroup::
