[2026-03-23T20:14:08.704+0000] {local_task_job_runner.py:120} INFO - ::group::Pre task execution logs
[2026-03-23T20:14:08.737+0000] {taskinstance.py:2076} INFO - Dependencies all met for dep_context=non-requeueable deps ti=<TaskInstance: climarisk_predictions.get_active_zones scheduled__2026-03-23T20:13:00+00:00 [queued]>
[2026-03-23T20:14:08.744+0000] {taskinstance.py:2076} INFO - Dependencies all met for dep_context=requeueable deps ti=<TaskInstance: climarisk_predictions.get_active_zones scheduled__2026-03-23T20:13:00+00:00 [queued]>
[2026-03-23T20:14:08.745+0000] {taskinstance.py:2306} INFO - Starting attempt 1 of 2
[2026-03-23T20:14:08.756+0000] {taskinstance.py:2330} INFO - Executing <Task(PythonOperator): get_active_zones> on 2026-03-23 20:13:00+00:00
[2026-03-23T20:14:08.762+0000] {logging_mixin.py:188} WARNING - /home/airflow/.local/lib/python3.12/site-packages/airflow/task/task_runner/standard_task_runner.py:61 DeprecationWarning: This process (pid=2053) is multi-threaded, use of fork() may lead to deadlocks in the child.
[2026-03-23T20:14:08.763+0000] {standard_task_runner.py:63} INFO - Started process 2054 to run task
[2026-03-23T20:14:08.762+0000] {standard_task_runner.py:90} INFO - Running: ['airflow', 'tasks', 'run', '***_predictions', 'get_active_zones', 'scheduled__2026-03-23T20:13:00+00:00', '--job-id', '78', '--raw', '--subdir', 'DAGS_FOLDER/***_dag.py', '--cfg-path', '/tmp/tmp00t0lck7']
[2026-03-23T20:14:08.764+0000] {standard_task_runner.py:91} INFO - Job 78: Subtask get_active_zones
[2026-03-23T20:14:08.842+0000] {task_command.py:426} INFO - Running <TaskInstance: climarisk_predictions.get_active_zones scheduled__2026-03-23T20:13:00+00:00 [running]> on host 6146f0e8983c
[2026-03-23T20:14:08.941+0000] {taskinstance.py:2648} INFO - Exporting env vars: AIRFLOW_CTX_DAG_OWNER='***' AIRFLOW_CTX_DAG_ID='***_predictions' AIRFLOW_CTX_TASK_ID='get_active_zones' AIRFLOW_CTX_EXECUTION_DATE='2026-03-23T20:13:00+00:00' AIRFLOW_CTX_TRY_NUMBER='1' AIRFLOW_CTX_DAG_RUN_ID='scheduled__2026-03-23T20:13:00+00:00'
[2026-03-23T20:14:08.942+0000] {taskinstance.py:430} INFO - ::endgroup::
[2026-03-23T20:14:09.003+0000] {taskinstance.py:441} INFO - ::group::Post task execution logs
[2026-03-23T20:14:09.004+0000] {taskinstance.py:2905} ERROR - Task failed with exception
Traceback (most recent call last):
  File "/home/airflow/.local/lib/python3.12/site-packages/airflow/models/taskinstance.py", line 465, in _execute_task
    result = _execute_callable(context=context, **execute_callable_kwargs)
             ^^^^^^^^^^^^^^^^^^^^^^^^^^^^^^^^^^^^^^^^^^^^^^^^^^^^^^^^^^^^^
  File "/home/airflow/.local/lib/python3.12/site-packages/airflow/models/taskinstance.py", line 432, in _execute_callable
    return execute_callable(context=context, **execute_callable_kwargs)
           ^^^^^^^^^^^^^^^^^^^^^^^^^^^^^^^^^^^^^^^^^^^^^^^^^^^^^^^^^^^^
  File "/home/airflow/.local/lib/python3.12/site-packages/airflow/models/baseoperator.py", line 400, in wrapper
    return func(self, *args, **kwargs)
           ^^^^^^^^^^^^^^^^^^^^^^^^^^^
  File "/home/airflow/.local/lib/python3.12/site-packages/airflow/operators/python.py", line 235, in execute
    return_value = self.execute_callable()
                   ^^^^^^^^^^^^^^^^^^^^^^^
  File "/home/airflow/.local/lib/python3.12/site-packages/airflow/operators/python.py", line 252, in execute_callable
    return self.python_callable(*self.op_args, **self.op_kwargs)
           ^^^^^^^^^^^^^^^^^^^^^^^^^^^^^^^^^^^^^^^^^^^^^^^^^^^^^
  File "/opt/airflow/dags/climarisk_dag.py", line 43, in get_active_zones
    from core.database import SessionLocal
  File "/app/core/database.py", line 2, in <module>
    from sqlalchemy.ext.asyncio import create_async_engine, AsyncSession, async_sessionmaker
ImportError: cannot import name 'async_sessionmaker' from 'sqlalchemy.ext.asyncio' (/home/airflow/.local/lib/python3.12/site-packages/sqlalchemy/ext/asyncio/__init__.py)
[2026-03-23T20:14:09.029+0000] {taskinstance.py:1206} INFO - Marking task as UP_FOR_RETRY. dag_id=***_predictions, task_id=get_active_zones, run_id=scheduled__2026-03-23T20:13:00+00:00, execution_date=20260323T201300, start_date=20260323T201408, end_date=20260323T201409
[2026-03-23T20:14:09.042+0000] {standard_task_runner.py:110} ERROR - Failed to execute job 78 for task get_active_zones (cannot import name 'async_sessionmaker' from 'sqlalchemy.ext.asyncio' (/home/airflow/.local/lib/python3.12/site-packages/sqlalchemy/ext/asyncio/__init__.py); 2054)
[2026-03-23T20:14:09.059+0000] {local_task_job_runner.py:240} INFO - Task exited with return code 1
[2026-03-23T20:14:09.083+0000] {taskinstance.py:3498} INFO - 0 downstream tasks scheduled from follow-on schedule check
[2026-03-23T20:14:09.086+0000] {local_task_job_runner.py:222} INFO - ::endgroup::
