[2026-03-26T05:18:14.214+0000] {processor.py:161} INFO - Started process (PID=1366) to work on /opt/airflow/dags/climarisk_dag.py
[2026-03-26T05:18:14.215+0000] {processor.py:830} INFO - Processing file /opt/airflow/dags/climarisk_dag.py for tasks to queue
[2026-03-26T05:18:14.218+0000] {logging_mixin.py:188} INFO - [2026-03-26T05:18:14.218+0000] {dagbag.py:545} INFO - Filling up the DagBag from /opt/airflow/dags/climarisk_dag.py
[2026-03-26T05:18:14.250+0000] {processor.py:840} INFO - DAG(s) 'climarisk_predictions' retrieved from /opt/airflow/dags/climarisk_dag.py
[2026-03-26T05:18:14.289+0000] {logging_mixin.py:188} INFO - [2026-03-26T05:18:14.289+0000] {dag.py:3096} INFO - Sync 1 DAGs
[2026-03-26T05:18:14.329+0000] {logging_mixin.py:188} INFO - [2026-03-26T05:18:14.328+0000] {dag.py:3954} INFO - Setting next_dagrun for climarisk_predictions to 2026-03-26 00:00:00+00:00, run_after=2026-03-26 05:00:00+00:00
[2026-03-26T05:18:14.369+0000] {processor.py:183} INFO - Processing /opt/airflow/dags/climarisk_dag.py took 0.164 seconds
[2026-03-26T08:18:34.895+0000] {processor.py:161} INFO - Started process (PID=1381) to work on /opt/airflow/dags/climarisk_dag.py
[2026-03-26T08:18:34.899+0000] {processor.py:830} INFO - Processing file /opt/airflow/dags/climarisk_dag.py for tasks to queue
[2026-03-26T08:18:34.911+0000] {logging_mixin.py:188} INFO - [2026-03-26T08:18:34.909+0000] {dagbag.py:545} INFO - Filling up the DagBag from /opt/airflow/dags/climarisk_dag.py
[2026-03-26T08:18:35.020+0000] {processor.py:840} INFO - DAG(s) 'climarisk_predictions' retrieved from /opt/airflow/dags/climarisk_dag.py
[2026-03-26T08:18:35.120+0000] {logging_mixin.py:188} INFO - [2026-03-26T08:18:35.120+0000] {dag.py:3096} INFO - Sync 1 DAGs
[2026-03-26T08:18:35.239+0000] {processor.py:183} INFO - Processing /opt/airflow/dags/climarisk_dag.py took 0.375 seconds
[2026-03-26T08:18:53.849+0000] {processor.py:161} INFO - Started process (PID=1393) to work on /opt/airflow/dags/climarisk_dag.py
[2026-03-26T08:18:53.852+0000] {processor.py:830} INFO - Processing file /opt/airflow/dags/climarisk_dag.py for tasks to queue
[2026-03-26T08:18:53.857+0000] {logging_mixin.py:188} INFO - [2026-03-26T08:18:53.856+0000] {dagbag.py:545} INFO - Filling up the DagBag from /opt/airflow/dags/climarisk_dag.py
[2026-03-26T08:18:53.902+0000] {processor.py:840} INFO - DAG(s) 'climarisk_predictions' retrieved from /opt/airflow/dags/climarisk_dag.py
[2026-03-26T08:18:53.948+0000] {logging_mixin.py:188} INFO - [2026-03-26T08:18:53.947+0000] {taskinstance.py:2907} ERROR - {'DAG Id': 'climarisk_predictions', 'Task Id': 'predict_all_zones', 'Run Id': 'scheduled__2026-03-26T00:00:00+00:00', 'Hostname': '6146f0e8983c'}
[2026-03-26T08:18:53.982+0000] {logging_mixin.py:188} INFO - [2026-03-26T08:18:53.982+0000] {taskinstance.py:1206} INFO - Marking task as FAILED. dag_id=climarisk_predictions, task_id=predict_all_zones, run_id=scheduled__2026-03-26T00:00:00+00:00, execution_date=20260326T000000, start_date=20260326T051818, end_date=20260326T081853
[2026-03-26T08:18:53.995+0000] {processor.py:791} INFO - Executed failure callback for <TaskInstance: climarisk_predictions.predict_all_zones scheduled__2026-03-26T00:00:00+00:00 [failed]> in state failed
[2026-03-26T08:18:54.014+0000] {logging_mixin.py:188} INFO - [2026-03-26T08:18:54.014+0000] {dag.py:3096} INFO - Sync 1 DAGs
[2026-03-26T08:18:54.064+0000] {processor.py:183} INFO - Processing /opt/airflow/dags/climarisk_dag.py took 0.224 seconds
[2026-03-26T08:18:56.151+0000] {processor.py:161} INFO - Started process (PID=1400) to work on /opt/airflow/dags/climarisk_dag.py
[2026-03-26T08:18:56.153+0000] {processor.py:830} INFO - Processing file /opt/airflow/dags/climarisk_dag.py for tasks to queue
[2026-03-26T08:18:56.155+0000] {logging_mixin.py:188} INFO - [2026-03-26T08:18:56.154+0000] {dagbag.py:545} INFO - Filling up the DagBag from /opt/airflow/dags/climarisk_dag.py
[2026-03-26T08:18:56.196+0000] {processor.py:840} INFO - DAG(s) 'climarisk_predictions' retrieved from /opt/airflow/dags/climarisk_dag.py
[2026-03-26T08:18:56.228+0000] {logging_mixin.py:188} INFO - [2026-03-26T08:18:56.228+0000] {dag.py:3096} INFO - Sync 1 DAGs
[2026-03-26T08:18:56.255+0000] {logging_mixin.py:188} INFO - [2026-03-26T08:18:56.254+0000] {dag.py:3954} INFO - Setting next_dagrun for climarisk_predictions to 2026-03-26 05:00:00+00:00, run_after=2026-03-26 10:00:00+00:00
[2026-03-26T08:18:56.280+0000] {processor.py:183} INFO - Processing /opt/airflow/dags/climarisk_dag.py took 0.135 seconds
[2026-03-26T08:18:56.335+0000] {processor.py:161} INFO - Started process (PID=1405) to work on /opt/airflow/dags/climarisk_dag.py
[2026-03-26T08:18:56.336+0000] {processor.py:830} INFO - Processing file /opt/airflow/dags/climarisk_dag.py for tasks to queue
[2026-03-26T08:18:56.338+0000] {logging_mixin.py:188} INFO - [2026-03-26T08:18:56.337+0000] {dagbag.py:545} INFO - Filling up the DagBag from /opt/airflow/dags/climarisk_dag.py
[2026-03-26T08:18:56.371+0000] {processor.py:840} INFO - DAG(s) 'climarisk_predictions' retrieved from /opt/airflow/dags/climarisk_dag.py
[2026-03-26T08:18:56.405+0000] {logging_mixin.py:188} INFO - [2026-03-26T08:18:56.404+0000] {dag.py:3096} INFO - Sync 1 DAGs
[2026-03-26T08:18:56.431+0000] {logging_mixin.py:188} INFO - [2026-03-26T08:18:56.431+0000] {dag.py:3954} INFO - Setting next_dagrun for climarisk_predictions to 2026-03-26 05:00:00+00:00, run_after=2026-03-26 10:00:00+00:00
[2026-03-26T08:18:56.450+0000] {processor.py:183} INFO - Processing /opt/airflow/dags/climarisk_dag.py took 0.121 seconds
[2026-03-26T08:18:56.510+0000] {processor.py:161} INFO - Started process (PID=1410) to work on /opt/airflow/dags/climarisk_dag.py
[2026-03-26T08:18:56.511+0000] {processor.py:830} INFO - Processing file /opt/airflow/dags/climarisk_dag.py for tasks to queue
[2026-03-26T08:18:56.513+0000] {logging_mixin.py:188} INFO - [2026-03-26T08:18:56.512+0000] {dagbag.py:545} INFO - Filling up the DagBag from /opt/airflow/dags/climarisk_dag.py
[2026-03-26T08:18:56.543+0000] {processor.py:840} INFO - DAG(s) 'climarisk_predictions' retrieved from /opt/airflow/dags/climarisk_dag.py
[2026-03-26T08:18:56.574+0000] {logging_mixin.py:188} INFO - [2026-03-26T08:18:56.574+0000] {dag.py:3096} INFO - Sync 1 DAGs
[2026-03-26T08:18:56.600+0000] {logging_mixin.py:188} INFO - [2026-03-26T08:18:56.600+0000] {dag.py:3954} INFO - Setting next_dagrun for climarisk_predictions to 2026-03-26 05:00:00+00:00, run_after=2026-03-26 10:00:00+00:00
[2026-03-26T08:18:56.621+0000] {processor.py:183} INFO - Processing /opt/airflow/dags/climarisk_dag.py took 0.117 seconds
[2026-03-26T08:18:58.574+0000] {processor.py:161} INFO - Started process (PID=1422) to work on /opt/airflow/dags/climarisk_dag.py
[2026-03-26T08:18:58.574+0000] {processor.py:830} INFO - Processing file /opt/airflow/dags/climarisk_dag.py for tasks to queue
[2026-03-26T08:18:58.576+0000] {logging_mixin.py:188} INFO - [2026-03-26T08:18:58.576+0000] {dagbag.py:545} INFO - Filling up the DagBag from /opt/airflow/dags/climarisk_dag.py
[2026-03-26T08:18:58.612+0000] {processor.py:840} INFO - DAG(s) 'climarisk_predictions' retrieved from /opt/airflow/dags/climarisk_dag.py
[2026-03-26T08:18:58.644+0000] {logging_mixin.py:188} INFO - [2026-03-26T08:18:58.644+0000] {dag.py:3096} INFO - Sync 1 DAGs
[2026-03-26T08:18:58.670+0000] {logging_mixin.py:188} INFO - [2026-03-26T08:18:58.670+0000] {dag.py:3954} INFO - Setting next_dagrun for climarisk_predictions to 2026-03-26 05:00:00+00:00, run_after=2026-03-26 10:00:00+00:00
[2026-03-26T08:18:58.697+0000] {processor.py:183} INFO - Processing /opt/airflow/dags/climarisk_dag.py took 0.130 seconds
[2026-03-26T08:19:01.757+0000] {processor.py:161} INFO - Started process (PID=1427) to work on /opt/airflow/dags/climarisk_dag.py
[2026-03-26T08:19:01.758+0000] {processor.py:830} INFO - Processing file /opt/airflow/dags/climarisk_dag.py for tasks to queue
[2026-03-26T08:19:01.760+0000] {logging_mixin.py:188} INFO - [2026-03-26T08:19:01.760+0000] {dagbag.py:545} INFO - Filling up the DagBag from /opt/airflow/dags/climarisk_dag.py
[2026-03-26T08:19:01.798+0000] {processor.py:840} INFO - DAG(s) 'climarisk_predictions' retrieved from /opt/airflow/dags/climarisk_dag.py
[2026-03-26T08:19:01.844+0000] {logging_mixin.py:188} INFO - [2026-03-26T08:19:01.843+0000] {dag.py:3096} INFO - Sync 1 DAGs
[2026-03-26T08:19:01.873+0000] {logging_mixin.py:188} INFO - [2026-03-26T08:19:01.873+0000] {dag.py:3954} INFO - Setting next_dagrun for climarisk_predictions to 2026-03-26 05:00:00+00:00, run_after=2026-03-26 10:00:00+00:00
[2026-03-26T08:19:01.903+0000] {processor.py:183} INFO - Processing /opt/airflow/dags/climarisk_dag.py took 0.156 seconds
[2026-03-26T08:19:03.836+0000] {processor.py:161} INFO - Started process (PID=1432) to work on /opt/airflow/dags/climarisk_dag.py
[2026-03-26T08:19:03.837+0000] {processor.py:830} INFO - Processing file /opt/airflow/dags/climarisk_dag.py for tasks to queue
[2026-03-26T08:19:03.840+0000] {logging_mixin.py:188} INFO - [2026-03-26T08:19:03.840+0000] {dagbag.py:545} INFO - Filling up the DagBag from /opt/airflow/dags/climarisk_dag.py
[2026-03-26T08:19:03.883+0000] {processor.py:840} INFO - DAG(s) 'climarisk_predictions' retrieved from /opt/airflow/dags/climarisk_dag.py
[2026-03-26T08:19:03.923+0000] {logging_mixin.py:188} INFO - [2026-03-26T08:19:03.923+0000] {dag.py:3096} INFO - Sync 1 DAGs
[2026-03-26T08:19:03.956+0000] {logging_mixin.py:188} INFO - [2026-03-26T08:19:03.956+0000] {dag.py:3954} INFO - Setting next_dagrun for climarisk_predictions to 2026-03-26 05:00:00+00:00, run_after=2026-03-26 10:00:00+00:00
[2026-03-26T08:19:03.995+0000] {processor.py:183} INFO - Processing /opt/airflow/dags/climarisk_dag.py took 0.166 seconds
[2026-03-26T08:19:08.056+0000] {processor.py:161} INFO - Started process (PID=1437) to work on /opt/airflow/dags/climarisk_dag.py
[2026-03-26T08:19:08.057+0000] {processor.py:830} INFO - Processing file /opt/airflow/dags/climarisk_dag.py for tasks to queue
[2026-03-26T08:19:08.059+0000] {logging_mixin.py:188} INFO - [2026-03-26T08:19:08.059+0000] {dagbag.py:545} INFO - Filling up the DagBag from /opt/airflow/dags/climarisk_dag.py
[2026-03-26T08:19:08.097+0000] {processor.py:840} INFO - DAG(s) 'climarisk_predictions' retrieved from /opt/airflow/dags/climarisk_dag.py
[2026-03-26T08:19:08.128+0000] {logging_mixin.py:188} INFO - [2026-03-26T08:19:08.128+0000] {dag.py:3096} INFO - Sync 1 DAGs
[2026-03-26T08:19:08.157+0000] {logging_mixin.py:188} INFO - [2026-03-26T08:19:08.156+0000] {dag.py:3954} INFO - Setting next_dagrun for climarisk_predictions to 2026-03-26 05:00:00+00:00, run_after=2026-03-26 10:00:00+00:00
[2026-03-26T08:19:08.187+0000] {processor.py:183} INFO - Processing /opt/airflow/dags/climarisk_dag.py took 0.136 seconds
[2026-03-26T08:19:10.138+0000] {processor.py:161} INFO - Started process (PID=1442) to work on /opt/airflow/dags/climarisk_dag.py
[2026-03-26T08:19:10.139+0000] {processor.py:830} INFO - Processing file /opt/airflow/dags/climarisk_dag.py for tasks to queue
[2026-03-26T08:19:10.141+0000] {logging_mixin.py:188} INFO - [2026-03-26T08:19:10.141+0000] {dagbag.py:545} INFO - Filling up the DagBag from /opt/airflow/dags/climarisk_dag.py
[2026-03-26T08:19:10.179+0000] {processor.py:840} INFO - DAG(s) 'climarisk_predictions' retrieved from /opt/airflow/dags/climarisk_dag.py
[2026-03-26T08:19:10.212+0000] {logging_mixin.py:188} INFO - [2026-03-26T08:19:10.212+0000] {dag.py:3096} INFO - Sync 1 DAGs
[2026-03-26T08:19:10.235+0000] {logging_mixin.py:188} INFO - [2026-03-26T08:19:10.235+0000] {dag.py:3954} INFO - Setting next_dagrun for climarisk_predictions to 2026-03-26 05:00:00+00:00, run_after=2026-03-26 10:00:00+00:00
[2026-03-26T08:19:10.264+0000] {processor.py:183} INFO - Processing /opt/airflow/dags/climarisk_dag.py took 0.132 seconds
[2026-03-26T08:19:12.310+0000] {processor.py:161} INFO - Started process (PID=1454) to work on /opt/airflow/dags/climarisk_dag.py
[2026-03-26T08:19:12.311+0000] {processor.py:830} INFO - Processing file /opt/airflow/dags/climarisk_dag.py for tasks to queue
[2026-03-26T08:19:12.313+0000] {logging_mixin.py:188} INFO - [2026-03-26T08:19:12.312+0000] {dagbag.py:545} INFO - Filling up the DagBag from /opt/airflow/dags/climarisk_dag.py
[2026-03-26T08:19:12.350+0000] {processor.py:840} INFO - DAG(s) 'climarisk_predictions' retrieved from /opt/airflow/dags/climarisk_dag.py
[2026-03-26T08:19:12.383+0000] {logging_mixin.py:188} INFO - [2026-03-26T08:19:12.383+0000] {dag.py:3096} INFO - Sync 1 DAGs
[2026-03-26T08:19:12.408+0000] {logging_mixin.py:188} INFO - [2026-03-26T08:19:12.408+0000] {dag.py:3954} INFO - Setting next_dagrun for climarisk_predictions to 2026-03-26 05:00:00+00:00, run_after=2026-03-26 10:00:00+00:00
[2026-03-26T08:19:12.435+0000] {processor.py:183} INFO - Processing /opt/airflow/dags/climarisk_dag.py took 0.132 seconds
[2026-03-26T08:19:12.496+0000] {processor.py:161} INFO - Started process (PID=1459) to work on /opt/airflow/dags/climarisk_dag.py
[2026-03-26T08:19:12.497+0000] {processor.py:830} INFO - Processing file /opt/airflow/dags/climarisk_dag.py for tasks to queue
[2026-03-26T08:19:12.499+0000] {logging_mixin.py:188} INFO - [2026-03-26T08:19:12.499+0000] {dagbag.py:545} INFO - Filling up the DagBag from /opt/airflow/dags/climarisk_dag.py
[2026-03-26T08:19:12.530+0000] {processor.py:840} INFO - DAG(s) 'climarisk_predictions' retrieved from /opt/airflow/dags/climarisk_dag.py
[2026-03-26T08:19:12.565+0000] {logging_mixin.py:188} INFO - [2026-03-26T08:19:12.565+0000] {dag.py:3096} INFO - Sync 1 DAGs
[2026-03-26T08:19:12.590+0000] {logging_mixin.py:188} INFO - [2026-03-26T08:19:12.590+0000] {dag.py:3954} INFO - Setting next_dagrun for climarisk_predictions to 2026-03-26 05:00:00+00:00, run_after=2026-03-26 10:00:00+00:00
[2026-03-26T08:19:12.613+0000] {processor.py:183} INFO - Processing /opt/airflow/dags/climarisk_dag.py took 0.123 seconds
[2026-03-26T08:19:12.687+0000] {processor.py:161} INFO - Started process (PID=1464) to work on /opt/airflow/dags/climarisk_dag.py
[2026-03-26T08:19:12.688+0000] {processor.py:830} INFO - Processing file /opt/airflow/dags/climarisk_dag.py for tasks to queue
[2026-03-26T08:19:12.691+0000] {logging_mixin.py:188} INFO - [2026-03-26T08:19:12.691+0000] {dagbag.py:545} INFO - Filling up the DagBag from /opt/airflow/dags/climarisk_dag.py
[2026-03-26T08:19:12.716+0000] {processor.py:840} INFO - DAG(s) 'climarisk_predictions' retrieved from /opt/airflow/dags/climarisk_dag.py
[2026-03-26T08:19:12.751+0000] {logging_mixin.py:188} INFO - [2026-03-26T08:19:12.751+0000] {dag.py:3096} INFO - Sync 1 DAGs
[2026-03-26T08:19:12.776+0000] {logging_mixin.py:188} INFO - [2026-03-26T08:19:12.776+0000] {dag.py:3954} INFO - Setting next_dagrun for climarisk_predictions to 2026-03-26 05:00:00+00:00, run_after=2026-03-26 10:00:00+00:00
[2026-03-26T08:19:12.796+0000] {processor.py:183} INFO - Processing /opt/airflow/dags/climarisk_dag.py took 0.116 seconds
[2026-03-26T08:19:14.746+0000] {processor.py:161} INFO - Started process (PID=1469) to work on /opt/airflow/dags/climarisk_dag.py
[2026-03-26T08:19:14.748+0000] {processor.py:830} INFO - Processing file /opt/airflow/dags/climarisk_dag.py for tasks to queue
[2026-03-26T08:19:14.751+0000] {logging_mixin.py:188} INFO - [2026-03-26T08:19:14.750+0000] {dagbag.py:545} INFO - Filling up the DagBag from /opt/airflow/dags/climarisk_dag.py
[2026-03-26T08:19:14.797+0000] {processor.py:840} INFO - DAG(s) 'climarisk_predictions' retrieved from /opt/airflow/dags/climarisk_dag.py
[2026-03-26T08:19:14.843+0000] {logging_mixin.py:188} INFO - [2026-03-26T08:19:14.842+0000] {dag.py:3096} INFO - Sync 1 DAGs
[2026-03-26T08:19:14.874+0000] {logging_mixin.py:188} INFO - [2026-03-26T08:19:14.873+0000] {dag.py:3954} INFO - Setting next_dagrun for climarisk_predictions to 2026-03-26 05:00:00+00:00, run_after=2026-03-26 10:00:00+00:00
[2026-03-26T08:19:14.908+0000] {processor.py:183} INFO - Processing /opt/airflow/dags/climarisk_dag.py took 0.168 seconds
[2026-03-26T08:19:19.920+0000] {processor.py:161} INFO - Started process (PID=1474) to work on /opt/airflow/dags/climarisk_dag.py
[2026-03-26T08:19:19.922+0000] {processor.py:830} INFO - Processing file /opt/airflow/dags/climarisk_dag.py for tasks to queue
[2026-03-26T08:19:19.924+0000] {logging_mixin.py:188} INFO - [2026-03-26T08:19:19.923+0000] {dagbag.py:545} INFO - Filling up the DagBag from /opt/airflow/dags/climarisk_dag.py
[2026-03-26T08:19:19.969+0000] {processor.py:840} INFO - DAG(s) 'climarisk_predictions' retrieved from /opt/airflow/dags/climarisk_dag.py
[2026-03-26T08:19:20.011+0000] {logging_mixin.py:188} INFO - [2026-03-26T08:19:20.011+0000] {dag.py:3096} INFO - Sync 1 DAGs
[2026-03-26T08:19:20.041+0000] {logging_mixin.py:188} INFO - [2026-03-26T08:19:20.041+0000] {dag.py:3954} INFO - Setting next_dagrun for climarisk_predictions to 2026-03-26 05:00:00+00:00, run_after=2026-03-26 10:00:00+00:00
[2026-03-26T08:19:20.071+0000] {processor.py:183} INFO - Processing /opt/airflow/dags/climarisk_dag.py took 0.158 seconds
[2026-03-26T08:19:24.041+0000] {processor.py:161} INFO - Started process (PID=1479) to work on /opt/airflow/dags/climarisk_dag.py
[2026-03-26T08:19:24.042+0000] {processor.py:830} INFO - Processing file /opt/airflow/dags/climarisk_dag.py for tasks to queue
[2026-03-26T08:19:24.044+0000] {logging_mixin.py:188} INFO - [2026-03-26T08:19:24.043+0000] {dagbag.py:545} INFO - Filling up the DagBag from /opt/airflow/dags/climarisk_dag.py
[2026-03-26T08:19:24.082+0000] {processor.py:840} INFO - DAG(s) 'climarisk_predictions' retrieved from /opt/airflow/dags/climarisk_dag.py
[2026-03-26T08:19:24.118+0000] {logging_mixin.py:188} INFO - [2026-03-26T08:19:24.118+0000] {dag.py:3096} INFO - Sync 1 DAGs
[2026-03-26T08:19:24.143+0000] {logging_mixin.py:188} INFO - [2026-03-26T08:19:24.143+0000] {dag.py:3954} INFO - Setting next_dagrun for climarisk_predictions to 2026-03-26 05:00:00+00:00, run_after=2026-03-26 10:00:00+00:00
[2026-03-26T08:19:24.170+0000] {processor.py:183} INFO - Processing /opt/airflow/dags/climarisk_dag.py took 0.135 seconds
[2026-03-26T08:19:54.923+0000] {processor.py:161} INFO - Started process (PID=1497) to work on /opt/airflow/dags/climarisk_dag.py
[2026-03-26T08:19:54.924+0000] {processor.py:830} INFO - Processing file /opt/airflow/dags/climarisk_dag.py for tasks to queue
[2026-03-26T08:19:54.926+0000] {logging_mixin.py:188} INFO - [2026-03-26T08:19:54.926+0000] {dagbag.py:545} INFO - Filling up the DagBag from /opt/airflow/dags/climarisk_dag.py
[2026-03-26T08:19:54.947+0000] {processor.py:840} INFO - DAG(s) 'climarisk_predictions' retrieved from /opt/airflow/dags/climarisk_dag.py
[2026-03-26T08:19:54.978+0000] {logging_mixin.py:188} INFO - [2026-03-26T08:19:54.977+0000] {dag.py:3096} INFO - Sync 1 DAGs
[2026-03-26T08:19:55.003+0000] {logging_mixin.py:188} INFO - [2026-03-26T08:19:55.002+0000] {dag.py:3954} INFO - Setting next_dagrun for climarisk_predictions to 2026-03-26 05:00:00+00:00, run_after=2026-03-26 10:00:00+00:00
[2026-03-26T08:19:55.026+0000] {processor.py:183} INFO - Processing /opt/airflow/dags/climarisk_dag.py took 0.108 seconds
[2026-03-26T08:20:25.165+0000] {processor.py:161} INFO - Started process (PID=1521) to work on /opt/airflow/dags/climarisk_dag.py
[2026-03-26T08:20:25.169+0000] {processor.py:830} INFO - Processing file /opt/airflow/dags/climarisk_dag.py for tasks to queue
[2026-03-26T08:20:25.187+0000] {logging_mixin.py:188} INFO - [2026-03-26T08:20:25.185+0000] {dagbag.py:545} INFO - Filling up the DagBag from /opt/airflow/dags/climarisk_dag.py
[2026-03-26T08:20:25.298+0000] {processor.py:840} INFO - DAG(s) 'climarisk_predictions' retrieved from /opt/airflow/dags/climarisk_dag.py
[2026-03-26T08:20:25.375+0000] {logging_mixin.py:188} INFO - [2026-03-26T08:20:25.374+0000] {dag.py:3096} INFO - Sync 1 DAGs
[2026-03-26T08:20:25.423+0000] {logging_mixin.py:188} INFO - [2026-03-26T08:20:25.422+0000] {dag.py:3954} INFO - Setting next_dagrun for climarisk_predictions to 2026-03-26 05:00:00+00:00, run_after=2026-03-26 10:00:00+00:00
[2026-03-26T08:20:25.462+0000] {processor.py:183} INFO - Processing /opt/airflow/dags/climarisk_dag.py took 0.324 seconds
[2026-03-26T08:20:56.102+0000] {processor.py:161} INFO - Started process (PID=1538) to work on /opt/airflow/dags/climarisk_dag.py
[2026-03-26T08:20:56.104+0000] {processor.py:830} INFO - Processing file /opt/airflow/dags/climarisk_dag.py for tasks to queue
[2026-03-26T08:20:56.106+0000] {logging_mixin.py:188} INFO - [2026-03-26T08:20:56.106+0000] {dagbag.py:545} INFO - Filling up the DagBag from /opt/airflow/dags/climarisk_dag.py
[2026-03-26T08:20:56.140+0000] {processor.py:840} INFO - DAG(s) 'climarisk_predictions' retrieved from /opt/airflow/dags/climarisk_dag.py
[2026-03-26T08:20:56.178+0000] {logging_mixin.py:188} INFO - [2026-03-26T08:20:56.178+0000] {dag.py:3096} INFO - Sync 1 DAGs
[2026-03-26T08:20:56.209+0000] {logging_mixin.py:188} INFO - [2026-03-26T08:20:56.209+0000] {dag.py:3954} INFO - Setting next_dagrun for climarisk_predictions to 2026-03-26 05:00:00+00:00, run_after=2026-03-26 10:00:00+00:00
[2026-03-26T08:20:56.231+0000] {processor.py:183} INFO - Processing /opt/airflow/dags/climarisk_dag.py took 0.135 seconds
[2026-03-26T08:21:27.266+0000] {processor.py:161} INFO - Started process (PID=1555) to work on /opt/airflow/dags/climarisk_dag.py
[2026-03-26T08:21:27.267+0000] {processor.py:830} INFO - Processing file /opt/airflow/dags/climarisk_dag.py for tasks to queue
[2026-03-26T08:21:27.269+0000] {logging_mixin.py:188} INFO - [2026-03-26T08:21:27.269+0000] {dagbag.py:545} INFO - Filling up the DagBag from /opt/airflow/dags/climarisk_dag.py
[2026-03-26T08:21:27.295+0000] {processor.py:840} INFO - DAG(s) 'climarisk_predictions' retrieved from /opt/airflow/dags/climarisk_dag.py
[2026-03-26T08:21:27.325+0000] {logging_mixin.py:188} INFO - [2026-03-26T08:21:27.324+0000] {dag.py:3096} INFO - Sync 1 DAGs
[2026-03-26T08:21:27.346+0000] {logging_mixin.py:188} INFO - [2026-03-26T08:21:27.346+0000] {dag.py:3954} INFO - Setting next_dagrun for climarisk_predictions to 2026-03-26 05:00:00+00:00, run_after=2026-03-26 10:00:00+00:00
[2026-03-26T08:21:27.365+0000] {processor.py:183} INFO - Processing /opt/airflow/dags/climarisk_dag.py took 0.105 seconds
[2026-03-26T08:21:58.244+0000] {processor.py:161} INFO - Started process (PID=1573) to work on /opt/airflow/dags/climarisk_dag.py
[2026-03-26T08:21:58.245+0000] {processor.py:830} INFO - Processing file /opt/airflow/dags/climarisk_dag.py for tasks to queue
[2026-03-26T08:21:58.247+0000] {logging_mixin.py:188} INFO - [2026-03-26T08:21:58.247+0000] {dagbag.py:545} INFO - Filling up the DagBag from /opt/airflow/dags/climarisk_dag.py
[2026-03-26T08:21:58.291+0000] {processor.py:840} INFO - DAG(s) 'climarisk_predictions' retrieved from /opt/airflow/dags/climarisk_dag.py
[2026-03-26T08:21:58.331+0000] {logging_mixin.py:188} INFO - [2026-03-26T08:21:58.331+0000] {dag.py:3096} INFO - Sync 1 DAGs
[2026-03-26T08:21:58.359+0000] {logging_mixin.py:188} INFO - [2026-03-26T08:21:58.359+0000] {dag.py:3954} INFO - Setting next_dagrun for climarisk_predictions to 2026-03-26 05:00:00+00:00, run_after=2026-03-26 10:00:00+00:00
[2026-03-26T08:21:58.380+0000] {processor.py:183} INFO - Processing /opt/airflow/dags/climarisk_dag.py took 0.144 seconds
[2026-03-26T08:22:29.353+0000] {processor.py:161} INFO - Started process (PID=1591) to work on /opt/airflow/dags/climarisk_dag.py
[2026-03-26T08:22:29.354+0000] {processor.py:830} INFO - Processing file /opt/airflow/dags/climarisk_dag.py for tasks to queue
[2026-03-26T08:22:29.356+0000] {logging_mixin.py:188} INFO - [2026-03-26T08:22:29.356+0000] {dagbag.py:545} INFO - Filling up the DagBag from /opt/airflow/dags/climarisk_dag.py
[2026-03-26T08:22:29.385+0000] {processor.py:840} INFO - DAG(s) 'climarisk_predictions' retrieved from /opt/airflow/dags/climarisk_dag.py
[2026-03-26T08:22:29.421+0000] {logging_mixin.py:188} INFO - [2026-03-26T08:22:29.421+0000] {dag.py:3096} INFO - Sync 1 DAGs
[2026-03-26T08:22:29.446+0000] {logging_mixin.py:188} INFO - [2026-03-26T08:22:29.446+0000] {dag.py:3954} INFO - Setting next_dagrun for climarisk_predictions to 2026-03-26 05:00:00+00:00, run_after=2026-03-26 10:00:00+00:00
[2026-03-26T08:22:29.468+0000] {processor.py:183} INFO - Processing /opt/airflow/dags/climarisk_dag.py took 0.123 seconds
[2026-03-26T08:23:00.289+0000] {processor.py:161} INFO - Started process (PID=1608) to work on /opt/airflow/dags/climarisk_dag.py
[2026-03-26T08:23:00.290+0000] {processor.py:830} INFO - Processing file /opt/airflow/dags/climarisk_dag.py for tasks to queue
[2026-03-26T08:23:00.291+0000] {logging_mixin.py:188} INFO - [2026-03-26T08:23:00.291+0000] {dagbag.py:545} INFO - Filling up the DagBag from /opt/airflow/dags/climarisk_dag.py
[2026-03-26T08:23:00.317+0000] {processor.py:840} INFO - DAG(s) 'climarisk_predictions' retrieved from /opt/airflow/dags/climarisk_dag.py
[2026-03-26T08:23:00.346+0000] {logging_mixin.py:188} INFO - [2026-03-26T08:23:00.346+0000] {dag.py:3096} INFO - Sync 1 DAGs
[2026-03-26T08:23:00.369+0000] {logging_mixin.py:188} INFO - [2026-03-26T08:23:00.369+0000] {dag.py:3954} INFO - Setting next_dagrun for climarisk_predictions to 2026-03-26 05:00:00+00:00, run_after=2026-03-26 10:00:00+00:00
[2026-03-26T08:23:00.395+0000] {processor.py:183} INFO - Processing /opt/airflow/dags/climarisk_dag.py took 0.113 seconds
[2026-03-26T08:23:31.346+0000] {processor.py:161} INFO - Started process (PID=1625) to work on /opt/airflow/dags/climarisk_dag.py
[2026-03-26T08:23:31.347+0000] {processor.py:830} INFO - Processing file /opt/airflow/dags/climarisk_dag.py for tasks to queue
[2026-03-26T08:23:31.348+0000] {logging_mixin.py:188} INFO - [2026-03-26T08:23:31.348+0000] {dagbag.py:545} INFO - Filling up the DagBag from /opt/airflow/dags/climarisk_dag.py
[2026-03-26T08:23:31.379+0000] {processor.py:840} INFO - DAG(s) 'climarisk_predictions' retrieved from /opt/airflow/dags/climarisk_dag.py
[2026-03-26T08:23:31.409+0000] {logging_mixin.py:188} INFO - [2026-03-26T08:23:31.409+0000] {dag.py:3096} INFO - Sync 1 DAGs
[2026-03-26T08:23:31.439+0000] {logging_mixin.py:188} INFO - [2026-03-26T08:23:31.439+0000] {dag.py:3954} INFO - Setting next_dagrun for climarisk_predictions to 2026-03-26 05:00:00+00:00, run_after=2026-03-26 10:00:00+00:00
[2026-03-26T08:23:31.462+0000] {processor.py:183} INFO - Processing /opt/airflow/dags/climarisk_dag.py took 0.123 seconds
[2026-03-26T08:24:01.566+0000] {processor.py:161} INFO - Started process (PID=1649) to work on /opt/airflow/dags/climarisk_dag.py
[2026-03-26T08:24:01.567+0000] {processor.py:830} INFO - Processing file /opt/airflow/dags/climarisk_dag.py for tasks to queue
[2026-03-26T08:24:01.569+0000] {logging_mixin.py:188} INFO - [2026-03-26T08:24:01.569+0000] {dagbag.py:545} INFO - Filling up the DagBag from /opt/airflow/dags/climarisk_dag.py
[2026-03-26T08:24:01.591+0000] {processor.py:840} INFO - DAG(s) 'climarisk_predictions' retrieved from /opt/airflow/dags/climarisk_dag.py
[2026-03-26T08:24:01.619+0000] {logging_mixin.py:188} INFO - [2026-03-26T08:24:01.619+0000] {dag.py:3096} INFO - Sync 1 DAGs
[2026-03-26T08:24:01.642+0000] {logging_mixin.py:188} INFO - [2026-03-26T08:24:01.641+0000] {dag.py:3954} INFO - Setting next_dagrun for climarisk_predictions to 2026-03-26 05:00:00+00:00, run_after=2026-03-26 10:00:00+00:00
[2026-03-26T08:24:01.660+0000] {processor.py:183} INFO - Processing /opt/airflow/dags/climarisk_dag.py took 0.101 seconds
[2026-03-26T08:24:32.701+0000] {processor.py:161} INFO - Started process (PID=1666) to work on /opt/airflow/dags/climarisk_dag.py
[2026-03-26T08:24:32.702+0000] {processor.py:830} INFO - Processing file /opt/airflow/dags/climarisk_dag.py for tasks to queue
[2026-03-26T08:24:32.704+0000] {logging_mixin.py:188} INFO - [2026-03-26T08:24:32.704+0000] {dagbag.py:545} INFO - Filling up the DagBag from /opt/airflow/dags/climarisk_dag.py
[2026-03-26T08:24:32.734+0000] {processor.py:840} INFO - DAG(s) 'climarisk_predictions' retrieved from /opt/airflow/dags/climarisk_dag.py
[2026-03-26T08:24:32.773+0000] {logging_mixin.py:188} INFO - [2026-03-26T08:24:32.772+0000] {dag.py:3096} INFO - Sync 1 DAGs
[2026-03-26T08:24:32.800+0000] {logging_mixin.py:188} INFO - [2026-03-26T08:24:32.800+0000] {dag.py:3954} INFO - Setting next_dagrun for climarisk_predictions to 2026-03-26 05:00:00+00:00, run_after=2026-03-26 10:00:00+00:00
[2026-03-26T08:24:32.826+0000] {processor.py:183} INFO - Processing /opt/airflow/dags/climarisk_dag.py took 0.133 seconds
[2026-03-26T08:25:03.787+0000] {processor.py:161} INFO - Started process (PID=1683) to work on /opt/airflow/dags/climarisk_dag.py
[2026-03-26T08:25:03.788+0000] {processor.py:830} INFO - Processing file /opt/airflow/dags/climarisk_dag.py for tasks to queue
[2026-03-26T08:25:03.789+0000] {logging_mixin.py:188} INFO - [2026-03-26T08:25:03.789+0000] {dagbag.py:545} INFO - Filling up the DagBag from /opt/airflow/dags/climarisk_dag.py
[2026-03-26T08:25:03.813+0000] {processor.py:840} INFO - DAG(s) 'climarisk_predictions' retrieved from /opt/airflow/dags/climarisk_dag.py
[2026-03-26T08:25:03.841+0000] {logging_mixin.py:188} INFO - [2026-03-26T08:25:03.841+0000] {dag.py:3096} INFO - Sync 1 DAGs
[2026-03-26T08:25:03.863+0000] {logging_mixin.py:188} INFO - [2026-03-26T08:25:03.863+0000] {dag.py:3954} INFO - Setting next_dagrun for climarisk_predictions to 2026-03-26 05:00:00+00:00, run_after=2026-03-26 10:00:00+00:00
[2026-03-26T08:25:03.884+0000] {processor.py:183} INFO - Processing /opt/airflow/dags/climarisk_dag.py took 0.103 seconds
[2026-03-26T08:25:34.901+0000] {processor.py:161} INFO - Started process (PID=1700) to work on /opt/airflow/dags/climarisk_dag.py
[2026-03-26T08:25:34.902+0000] {processor.py:830} INFO - Processing file /opt/airflow/dags/climarisk_dag.py for tasks to queue
[2026-03-26T08:25:34.904+0000] {logging_mixin.py:188} INFO - [2026-03-26T08:25:34.904+0000] {dagbag.py:545} INFO - Filling up the DagBag from /opt/airflow/dags/climarisk_dag.py
[2026-03-26T08:25:34.927+0000] {processor.py:840} INFO - DAG(s) 'climarisk_predictions' retrieved from /opt/airflow/dags/climarisk_dag.py
[2026-03-26T08:25:34.953+0000] {logging_mixin.py:188} INFO - [2026-03-26T08:25:34.953+0000] {dag.py:3096} INFO - Sync 1 DAGs
[2026-03-26T08:25:34.974+0000] {logging_mixin.py:188} INFO - [2026-03-26T08:25:34.974+0000] {dag.py:3954} INFO - Setting next_dagrun for climarisk_predictions to 2026-03-26 05:00:00+00:00, run_after=2026-03-26 10:00:00+00:00
[2026-03-26T08:25:34.991+0000] {processor.py:183} INFO - Processing /opt/airflow/dags/climarisk_dag.py took 0.095 seconds
[2026-03-26T08:26:05.970+0000] {processor.py:161} INFO - Started process (PID=1717) to work on /opt/airflow/dags/climarisk_dag.py
[2026-03-26T08:26:05.971+0000] {processor.py:830} INFO - Processing file /opt/airflow/dags/climarisk_dag.py for tasks to queue
[2026-03-26T08:26:05.973+0000] {logging_mixin.py:188} INFO - [2026-03-26T08:26:05.973+0000] {dagbag.py:545} INFO - Filling up the DagBag from /opt/airflow/dags/climarisk_dag.py
[2026-03-26T08:26:05.995+0000] {processor.py:840} INFO - DAG(s) 'climarisk_predictions' retrieved from /opt/airflow/dags/climarisk_dag.py
[2026-03-26T08:26:06.024+0000] {logging_mixin.py:188} INFO - [2026-03-26T08:26:06.024+0000] {dag.py:3096} INFO - Sync 1 DAGs
[2026-03-26T08:26:06.053+0000] {logging_mixin.py:188} INFO - [2026-03-26T08:26:06.053+0000] {dag.py:3954} INFO - Setting next_dagrun for climarisk_predictions to 2026-03-26 05:00:00+00:00, run_after=2026-03-26 10:00:00+00:00
[2026-03-26T08:26:06.074+0000] {processor.py:183} INFO - Processing /opt/airflow/dags/climarisk_dag.py took 0.110 seconds
[2026-03-26T08:26:36.918+0000] {processor.py:161} INFO - Started process (PID=1734) to work on /opt/airflow/dags/climarisk_dag.py
[2026-03-26T08:26:36.919+0000] {processor.py:830} INFO - Processing file /opt/airflow/dags/climarisk_dag.py for tasks to queue
[2026-03-26T08:26:36.921+0000] {logging_mixin.py:188} INFO - [2026-03-26T08:26:36.921+0000] {dagbag.py:545} INFO - Filling up the DagBag from /opt/airflow/dags/climarisk_dag.py
[2026-03-26T08:26:36.951+0000] {processor.py:840} INFO - DAG(s) 'climarisk_predictions' retrieved from /opt/airflow/dags/climarisk_dag.py
[2026-03-26T08:26:36.990+0000] {logging_mixin.py:188} INFO - [2026-03-26T08:26:36.990+0000] {dag.py:3096} INFO - Sync 1 DAGs
[2026-03-26T08:26:37.021+0000] {logging_mixin.py:188} INFO - [2026-03-26T08:26:37.021+0000] {dag.py:3954} INFO - Setting next_dagrun for climarisk_predictions to 2026-03-26 05:00:00+00:00, run_after=2026-03-26 10:00:00+00:00
[2026-03-26T08:26:37.053+0000] {processor.py:183} INFO - Processing /opt/airflow/dags/climarisk_dag.py took 0.141 seconds
[2026-03-26T08:27:07.987+0000] {processor.py:161} INFO - Started process (PID=1751) to work on /opt/airflow/dags/climarisk_dag.py
[2026-03-26T08:27:07.989+0000] {processor.py:830} INFO - Processing file /opt/airflow/dags/climarisk_dag.py for tasks to queue
[2026-03-26T08:27:07.993+0000] {logging_mixin.py:188} INFO - [2026-03-26T08:27:07.992+0000] {dagbag.py:545} INFO - Filling up the DagBag from /opt/airflow/dags/climarisk_dag.py
[2026-03-26T08:27:08.022+0000] {processor.py:840} INFO - DAG(s) 'climarisk_predictions' retrieved from /opt/airflow/dags/climarisk_dag.py
[2026-03-26T08:27:08.058+0000] {logging_mixin.py:188} INFO - [2026-03-26T08:27:08.058+0000] {dag.py:3096} INFO - Sync 1 DAGs
[2026-03-26T08:27:08.087+0000] {logging_mixin.py:188} INFO - [2026-03-26T08:27:08.086+0000] {dag.py:3954} INFO - Setting next_dagrun for climarisk_predictions to 2026-03-26 05:00:00+00:00, run_after=2026-03-26 10:00:00+00:00
[2026-03-26T08:27:08.107+0000] {processor.py:183} INFO - Processing /opt/airflow/dags/climarisk_dag.py took 0.126 seconds
[2026-03-26T08:27:38.880+0000] {processor.py:161} INFO - Started process (PID=1774) to work on /opt/airflow/dags/climarisk_dag.py
[2026-03-26T08:27:38.881+0000] {processor.py:830} INFO - Processing file /opt/airflow/dags/climarisk_dag.py for tasks to queue
[2026-03-26T08:27:38.883+0000] {logging_mixin.py:188} INFO - [2026-03-26T08:27:38.882+0000] {dagbag.py:545} INFO - Filling up the DagBag from /opt/airflow/dags/climarisk_dag.py
[2026-03-26T08:27:38.910+0000] {processor.py:840} INFO - DAG(s) 'climarisk_predictions' retrieved from /opt/airflow/dags/climarisk_dag.py
[2026-03-26T08:27:38.941+0000] {logging_mixin.py:188} INFO - [2026-03-26T08:27:38.941+0000] {dag.py:3096} INFO - Sync 1 DAGs
[2026-03-26T08:27:38.965+0000] {logging_mixin.py:188} INFO - [2026-03-26T08:27:38.965+0000] {dag.py:3954} INFO - Setting next_dagrun for climarisk_predictions to 2026-03-26 05:00:00+00:00, run_after=2026-03-26 10:00:00+00:00
[2026-03-26T08:27:38.990+0000] {processor.py:183} INFO - Processing /opt/airflow/dags/climarisk_dag.py took 0.116 seconds
[2026-03-26T08:28:09.894+0000] {processor.py:161} INFO - Started process (PID=1791) to work on /opt/airflow/dags/climarisk_dag.py
[2026-03-26T08:28:09.895+0000] {processor.py:830} INFO - Processing file /opt/airflow/dags/climarisk_dag.py for tasks to queue
[2026-03-26T08:28:09.897+0000] {logging_mixin.py:188} INFO - [2026-03-26T08:28:09.897+0000] {dagbag.py:545} INFO - Filling up the DagBag from /opt/airflow/dags/climarisk_dag.py
[2026-03-26T08:28:09.918+0000] {processor.py:840} INFO - DAG(s) 'climarisk_predictions' retrieved from /opt/airflow/dags/climarisk_dag.py
[2026-03-26T08:28:09.952+0000] {logging_mixin.py:188} INFO - [2026-03-26T08:28:09.951+0000] {dag.py:3096} INFO - Sync 1 DAGs
[2026-03-26T08:28:09.986+0000] {logging_mixin.py:188} INFO - [2026-03-26T08:28:09.986+0000] {dag.py:3954} INFO - Setting next_dagrun for climarisk_predictions to 2026-03-26 05:00:00+00:00, run_after=2026-03-26 10:00:00+00:00
[2026-03-26T08:28:10.012+0000] {processor.py:183} INFO - Processing /opt/airflow/dags/climarisk_dag.py took 0.124 seconds
[2026-03-26T08:28:40.875+0000] {processor.py:161} INFO - Started process (PID=1808) to work on /opt/airflow/dags/climarisk_dag.py
[2026-03-26T08:28:40.876+0000] {processor.py:830} INFO - Processing file /opt/airflow/dags/climarisk_dag.py for tasks to queue
[2026-03-26T08:28:40.878+0000] {logging_mixin.py:188} INFO - [2026-03-26T08:28:40.878+0000] {dagbag.py:545} INFO - Filling up the DagBag from /opt/airflow/dags/climarisk_dag.py
[2026-03-26T08:28:40.909+0000] {processor.py:840} INFO - DAG(s) 'climarisk_predictions' retrieved from /opt/airflow/dags/climarisk_dag.py
[2026-03-26T08:28:40.952+0000] {logging_mixin.py:188} INFO - [2026-03-26T08:28:40.952+0000] {dag.py:3096} INFO - Sync 1 DAGs
[2026-03-26T08:28:40.983+0000] {logging_mixin.py:188} INFO - [2026-03-26T08:28:40.982+0000] {dag.py:3954} INFO - Setting next_dagrun for climarisk_predictions to 2026-03-26 05:00:00+00:00, run_after=2026-03-26 10:00:00+00:00
[2026-03-26T08:28:41.004+0000] {processor.py:183} INFO - Processing /opt/airflow/dags/climarisk_dag.py took 0.138 seconds
[2026-03-26T08:29:11.567+0000] {processor.py:161} INFO - Started process (PID=1826) to work on /opt/airflow/dags/climarisk_dag.py
[2026-03-26T08:29:11.568+0000] {processor.py:830} INFO - Processing file /opt/airflow/dags/climarisk_dag.py for tasks to queue
[2026-03-26T08:29:11.570+0000] {logging_mixin.py:188} INFO - [2026-03-26T08:29:11.569+0000] {dagbag.py:545} INFO - Filling up the DagBag from /opt/airflow/dags/climarisk_dag.py
[2026-03-26T08:29:11.591+0000] {processor.py:840} INFO - DAG(s) 'climarisk_predictions' retrieved from /opt/airflow/dags/climarisk_dag.py
[2026-03-26T08:29:11.618+0000] {logging_mixin.py:188} INFO - [2026-03-26T08:29:11.618+0000] {dag.py:3096} INFO - Sync 1 DAGs
[2026-03-26T08:29:11.639+0000] {logging_mixin.py:188} INFO - [2026-03-26T08:29:11.639+0000] {dag.py:3954} INFO - Setting next_dagrun for climarisk_predictions to 2026-03-26 05:00:00+00:00, run_after=2026-03-26 10:00:00+00:00
[2026-03-26T08:29:11.656+0000] {processor.py:183} INFO - Processing /opt/airflow/dags/climarisk_dag.py took 0.094 seconds
[2026-03-26T08:29:42.616+0000] {processor.py:161} INFO - Started process (PID=1843) to work on /opt/airflow/dags/climarisk_dag.py
[2026-03-26T08:29:42.617+0000] {processor.py:830} INFO - Processing file /opt/airflow/dags/climarisk_dag.py for tasks to queue
[2026-03-26T08:29:42.619+0000] {logging_mixin.py:188} INFO - [2026-03-26T08:29:42.619+0000] {dagbag.py:545} INFO - Filling up the DagBag from /opt/airflow/dags/climarisk_dag.py
[2026-03-26T08:29:42.642+0000] {processor.py:840} INFO - DAG(s) 'climarisk_predictions' retrieved from /opt/airflow/dags/climarisk_dag.py
[2026-03-26T08:29:42.676+0000] {logging_mixin.py:188} INFO - [2026-03-26T08:29:42.675+0000] {dag.py:3096} INFO - Sync 1 DAGs
[2026-03-26T08:29:42.702+0000] {logging_mixin.py:188} INFO - [2026-03-26T08:29:42.701+0000] {dag.py:3954} INFO - Setting next_dagrun for climarisk_predictions to 2026-03-26 05:00:00+00:00, run_after=2026-03-26 10:00:00+00:00
[2026-03-26T08:29:42.722+0000] {processor.py:183} INFO - Processing /opt/airflow/dags/climarisk_dag.py took 0.112 seconds
[2026-03-26T08:30:13.575+0000] {processor.py:161} INFO - Started process (PID=1860) to work on /opt/airflow/dags/climarisk_dag.py
[2026-03-26T08:30:13.577+0000] {processor.py:830} INFO - Processing file /opt/airflow/dags/climarisk_dag.py for tasks to queue
[2026-03-26T08:30:13.579+0000] {logging_mixin.py:188} INFO - [2026-03-26T08:30:13.578+0000] {dagbag.py:545} INFO - Filling up the DagBag from /opt/airflow/dags/climarisk_dag.py
[2026-03-26T08:30:13.609+0000] {processor.py:840} INFO - DAG(s) 'climarisk_predictions' retrieved from /opt/airflow/dags/climarisk_dag.py
[2026-03-26T08:30:13.639+0000] {logging_mixin.py:188} INFO - [2026-03-26T08:30:13.639+0000] {dag.py:3096} INFO - Sync 1 DAGs
[2026-03-26T08:30:13.668+0000] {logging_mixin.py:188} INFO - [2026-03-26T08:30:13.667+0000] {dag.py:3954} INFO - Setting next_dagrun for climarisk_predictions to 2026-03-26 05:00:00+00:00, run_after=2026-03-26 10:00:00+00:00
[2026-03-26T08:30:13.694+0000] {processor.py:183} INFO - Processing /opt/airflow/dags/climarisk_dag.py took 0.128 seconds
[2026-03-26T08:30:44.738+0000] {processor.py:161} INFO - Started process (PID=1883) to work on /opt/airflow/dags/climarisk_dag.py
[2026-03-26T08:30:44.739+0000] {processor.py:830} INFO - Processing file /opt/airflow/dags/climarisk_dag.py for tasks to queue
[2026-03-26T08:30:44.742+0000] {logging_mixin.py:188} INFO - [2026-03-26T08:30:44.741+0000] {dagbag.py:545} INFO - Filling up the DagBag from /opt/airflow/dags/climarisk_dag.py
[2026-03-26T08:30:44.765+0000] {processor.py:840} INFO - DAG(s) 'climarisk_predictions' retrieved from /opt/airflow/dags/climarisk_dag.py
[2026-03-26T08:30:44.793+0000] {logging_mixin.py:188} INFO - [2026-03-26T08:30:44.793+0000] {dag.py:3096} INFO - Sync 1 DAGs
[2026-03-26T08:30:44.819+0000] {logging_mixin.py:188} INFO - [2026-03-26T08:30:44.819+0000] {dag.py:3954} INFO - Setting next_dagrun for climarisk_predictions to 2026-03-26 05:00:00+00:00, run_after=2026-03-26 10:00:00+00:00
[2026-03-26T08:30:44.843+0000] {processor.py:183} INFO - Processing /opt/airflow/dags/climarisk_dag.py took 0.117 seconds
[2026-03-26T08:31:15.661+0000] {processor.py:161} INFO - Started process (PID=1900) to work on /opt/airflow/dags/climarisk_dag.py
[2026-03-26T08:31:15.662+0000] {processor.py:830} INFO - Processing file /opt/airflow/dags/climarisk_dag.py for tasks to queue
[2026-03-26T08:31:15.663+0000] {logging_mixin.py:188} INFO - [2026-03-26T08:31:15.663+0000] {dagbag.py:545} INFO - Filling up the DagBag from /opt/airflow/dags/climarisk_dag.py
[2026-03-26T08:31:15.688+0000] {processor.py:840} INFO - DAG(s) 'climarisk_predictions' retrieved from /opt/airflow/dags/climarisk_dag.py
[2026-03-26T08:31:15.716+0000] {logging_mixin.py:188} INFO - [2026-03-26T08:31:15.716+0000] {dag.py:3096} INFO - Sync 1 DAGs
[2026-03-26T08:31:15.739+0000] {logging_mixin.py:188} INFO - [2026-03-26T08:31:15.738+0000] {dag.py:3954} INFO - Setting next_dagrun for climarisk_predictions to 2026-03-26 05:00:00+00:00, run_after=2026-03-26 10:00:00+00:00
[2026-03-26T08:31:15.757+0000] {processor.py:183} INFO - Processing /opt/airflow/dags/climarisk_dag.py took 0.101 seconds
[2026-03-26T08:31:46.679+0000] {processor.py:161} INFO - Started process (PID=1917) to work on /opt/airflow/dags/climarisk_dag.py
[2026-03-26T08:31:46.680+0000] {processor.py:830} INFO - Processing file /opt/airflow/dags/climarisk_dag.py for tasks to queue
[2026-03-26T08:31:46.682+0000] {logging_mixin.py:188} INFO - [2026-03-26T08:31:46.682+0000] {dagbag.py:545} INFO - Filling up the DagBag from /opt/airflow/dags/climarisk_dag.py
[2026-03-26T08:31:46.710+0000] {processor.py:840} INFO - DAG(s) 'climarisk_predictions' retrieved from /opt/airflow/dags/climarisk_dag.py
[2026-03-26T08:31:46.744+0000] {logging_mixin.py:188} INFO - [2026-03-26T08:31:46.744+0000] {dag.py:3096} INFO - Sync 1 DAGs
[2026-03-26T08:31:46.771+0000] {logging_mixin.py:188} INFO - [2026-03-26T08:31:46.770+0000] {dag.py:3954} INFO - Setting next_dagrun for climarisk_predictions to 2026-03-26 05:00:00+00:00, run_after=2026-03-26 10:00:00+00:00
[2026-03-26T08:31:46.795+0000] {processor.py:183} INFO - Processing /opt/airflow/dags/climarisk_dag.py took 0.125 seconds
[2026-03-26T08:32:17.612+0000] {processor.py:161} INFO - Started process (PID=1934) to work on /opt/airflow/dags/climarisk_dag.py
[2026-03-26T08:32:17.614+0000] {processor.py:830} INFO - Processing file /opt/airflow/dags/climarisk_dag.py for tasks to queue
[2026-03-26T08:32:17.616+0000] {logging_mixin.py:188} INFO - [2026-03-26T08:32:17.615+0000] {dagbag.py:545} INFO - Filling up the DagBag from /opt/airflow/dags/climarisk_dag.py
[2026-03-26T08:32:17.641+0000] {processor.py:840} INFO - DAG(s) 'climarisk_predictions' retrieved from /opt/airflow/dags/climarisk_dag.py
[2026-03-26T08:32:17.671+0000] {logging_mixin.py:188} INFO - [2026-03-26T08:32:17.670+0000] {dag.py:3096} INFO - Sync 1 DAGs
[2026-03-26T08:32:17.695+0000] {logging_mixin.py:188} INFO - [2026-03-26T08:32:17.695+0000] {dag.py:3954} INFO - Setting next_dagrun for climarisk_predictions to 2026-03-26 05:00:00+00:00, run_after=2026-03-26 10:00:00+00:00
[2026-03-26T08:32:17.715+0000] {processor.py:183} INFO - Processing /opt/airflow/dags/climarisk_dag.py took 0.109 seconds
[2026-03-26T08:32:48.570+0000] {processor.py:161} INFO - Started process (PID=1951) to work on /opt/airflow/dags/climarisk_dag.py
[2026-03-26T08:32:48.571+0000] {processor.py:830} INFO - Processing file /opt/airflow/dags/climarisk_dag.py for tasks to queue
[2026-03-26T08:32:48.573+0000] {logging_mixin.py:188} INFO - [2026-03-26T08:32:48.573+0000] {dagbag.py:545} INFO - Filling up the DagBag from /opt/airflow/dags/climarisk_dag.py
[2026-03-26T08:32:48.597+0000] {processor.py:840} INFO - DAG(s) 'climarisk_predictions' retrieved from /opt/airflow/dags/climarisk_dag.py
[2026-03-26T08:32:48.623+0000] {logging_mixin.py:188} INFO - [2026-03-26T08:32:48.623+0000] {dag.py:3096} INFO - Sync 1 DAGs
[2026-03-26T08:32:48.646+0000] {logging_mixin.py:188} INFO - [2026-03-26T08:32:48.646+0000] {dag.py:3954} INFO - Setting next_dagrun for climarisk_predictions to 2026-03-26 05:00:00+00:00, run_after=2026-03-26 10:00:00+00:00
[2026-03-26T08:32:48.666+0000] {processor.py:183} INFO - Processing /opt/airflow/dags/climarisk_dag.py took 0.103 seconds
[2026-03-26T08:33:19.512+0000] {processor.py:161} INFO - Started process (PID=1968) to work on /opt/airflow/dags/climarisk_dag.py
[2026-03-26T08:33:19.513+0000] {processor.py:830} INFO - Processing file /opt/airflow/dags/climarisk_dag.py for tasks to queue
[2026-03-26T08:33:19.515+0000] {logging_mixin.py:188} INFO - [2026-03-26T08:33:19.514+0000] {dagbag.py:545} INFO - Filling up the DagBag from /opt/airflow/dags/climarisk_dag.py
[2026-03-26T08:33:19.532+0000] {processor.py:840} INFO - DAG(s) 'climarisk_predictions' retrieved from /opt/airflow/dags/climarisk_dag.py
[2026-03-26T08:33:19.561+0000] {logging_mixin.py:188} INFO - [2026-03-26T08:33:19.560+0000] {dag.py:3096} INFO - Sync 1 DAGs
[2026-03-26T08:33:19.582+0000] {logging_mixin.py:188} INFO - [2026-03-26T08:33:19.582+0000] {dag.py:3954} INFO - Setting next_dagrun for climarisk_predictions to 2026-03-26 05:00:00+00:00, run_after=2026-03-26 10:00:00+00:00
[2026-03-26T08:33:19.602+0000] {processor.py:183} INFO - Processing /opt/airflow/dags/climarisk_dag.py took 0.095 seconds
[2026-03-26T08:33:50.498+0000] {processor.py:161} INFO - Started process (PID=1985) to work on /opt/airflow/dags/climarisk_dag.py
[2026-03-26T08:33:50.499+0000] {processor.py:830} INFO - Processing file /opt/airflow/dags/climarisk_dag.py for tasks to queue
[2026-03-26T08:33:50.501+0000] {logging_mixin.py:188} INFO - [2026-03-26T08:33:50.501+0000] {dagbag.py:545} INFO - Filling up the DagBag from /opt/airflow/dags/climarisk_dag.py
[2026-03-26T08:33:50.525+0000] {processor.py:840} INFO - DAG(s) 'climarisk_predictions' retrieved from /opt/airflow/dags/climarisk_dag.py
[2026-03-26T08:33:50.555+0000] {logging_mixin.py:188} INFO - [2026-03-26T08:33:50.555+0000] {dag.py:3096} INFO - Sync 1 DAGs
[2026-03-26T08:33:50.584+0000] {logging_mixin.py:188} INFO - [2026-03-26T08:33:50.583+0000] {dag.py:3954} INFO - Setting next_dagrun for climarisk_predictions to 2026-03-26 05:00:00+00:00, run_after=2026-03-26 10:00:00+00:00
[2026-03-26T08:33:50.602+0000] {processor.py:183} INFO - Processing /opt/airflow/dags/climarisk_dag.py took 0.109 seconds
[2026-03-26T08:34:21.435+0000] {processor.py:161} INFO - Started process (PID=2008) to work on /opt/airflow/dags/climarisk_dag.py
[2026-03-26T08:34:21.436+0000] {processor.py:830} INFO - Processing file /opt/airflow/dags/climarisk_dag.py for tasks to queue
[2026-03-26T08:34:21.439+0000] {logging_mixin.py:188} INFO - [2026-03-26T08:34:21.438+0000] {dagbag.py:545} INFO - Filling up the DagBag from /opt/airflow/dags/climarisk_dag.py
[2026-03-26T08:34:21.467+0000] {processor.py:840} INFO - DAG(s) 'climarisk_predictions' retrieved from /opt/airflow/dags/climarisk_dag.py
[2026-03-26T08:34:21.496+0000] {logging_mixin.py:188} INFO - [2026-03-26T08:34:21.496+0000] {dag.py:3096} INFO - Sync 1 DAGs
[2026-03-26T08:34:21.519+0000] {logging_mixin.py:188} INFO - [2026-03-26T08:34:21.519+0000] {dag.py:3954} INFO - Setting next_dagrun for climarisk_predictions to 2026-03-26 05:00:00+00:00, run_after=2026-03-26 10:00:00+00:00
[2026-03-26T08:34:21.545+0000] {processor.py:183} INFO - Processing /opt/airflow/dags/climarisk_dag.py took 0.117 seconds
[2026-03-26T08:34:52.493+0000] {processor.py:161} INFO - Started process (PID=2025) to work on /opt/airflow/dags/climarisk_dag.py
[2026-03-26T08:34:52.495+0000] {processor.py:830} INFO - Processing file /opt/airflow/dags/climarisk_dag.py for tasks to queue
[2026-03-26T08:34:52.497+0000] {logging_mixin.py:188} INFO - [2026-03-26T08:34:52.497+0000] {dagbag.py:545} INFO - Filling up the DagBag from /opt/airflow/dags/climarisk_dag.py
[2026-03-26T08:34:52.522+0000] {processor.py:840} INFO - DAG(s) 'climarisk_predictions' retrieved from /opt/airflow/dags/climarisk_dag.py
[2026-03-26T08:34:52.552+0000] {logging_mixin.py:188} INFO - [2026-03-26T08:34:52.552+0000] {dag.py:3096} INFO - Sync 1 DAGs
[2026-03-26T08:34:52.580+0000] {logging_mixin.py:188} INFO - [2026-03-26T08:34:52.579+0000] {dag.py:3954} INFO - Setting next_dagrun for climarisk_predictions to 2026-03-26 05:00:00+00:00, run_after=2026-03-26 10:00:00+00:00
[2026-03-26T08:34:52.602+0000] {processor.py:183} INFO - Processing /opt/airflow/dags/climarisk_dag.py took 0.115 seconds
[2026-03-26T08:35:23.436+0000] {processor.py:161} INFO - Started process (PID=2042) to work on /opt/airflow/dags/climarisk_dag.py
[2026-03-26T08:35:23.437+0000] {processor.py:830} INFO - Processing file /opt/airflow/dags/climarisk_dag.py for tasks to queue
[2026-03-26T08:35:23.439+0000] {logging_mixin.py:188} INFO - [2026-03-26T08:35:23.439+0000] {dagbag.py:545} INFO - Filling up the DagBag from /opt/airflow/dags/climarisk_dag.py
[2026-03-26T08:35:23.461+0000] {processor.py:840} INFO - DAG(s) 'climarisk_predictions' retrieved from /opt/airflow/dags/climarisk_dag.py
[2026-03-26T08:35:23.490+0000] {logging_mixin.py:188} INFO - [2026-03-26T08:35:23.490+0000] {dag.py:3096} INFO - Sync 1 DAGs
[2026-03-26T08:35:23.514+0000] {logging_mixin.py:188} INFO - [2026-03-26T08:35:23.514+0000] {dag.py:3954} INFO - Setting next_dagrun for climarisk_predictions to 2026-03-26 05:00:00+00:00, run_after=2026-03-26 10:00:00+00:00
[2026-03-26T08:35:23.537+0000] {processor.py:183} INFO - Processing /opt/airflow/dags/climarisk_dag.py took 0.106 seconds
