[2026-03-25T15:20:18.442+0000] {local_task_job_runner.py:120} INFO - ::group::Pre task execution logs
[2026-03-25T15:20:18.476+0000] {taskinstance.py:2076} INFO - Dependencies all met for dep_context=non-requeueable deps ti=<TaskInstance: climarisk_predictions.predict_all_zones scheduled__2026-03-25T15:17:00+00:00 [queued]>
[2026-03-25T15:20:18.492+0000] {taskinstance.py:2076} INFO - Dependencies all met for dep_context=requeueable deps ti=<TaskInstance: climarisk_predictions.predict_all_zones scheduled__2026-03-25T15:17:00+00:00 [queued]>
[2026-03-25T15:20:18.493+0000] {taskinstance.py:2306} INFO - Starting attempt 2 of 2
[2026-03-25T15:20:18.507+0000] {taskinstance.py:2330} INFO - Executing <Task(PythonOperator): predict_all_zones> on 2026-03-25 15:17:00+00:00
[2026-03-25T15:20:18.514+0000] {logging_mixin.py:188} WARNING - /home/airflow/.local/lib/python3.12/site-packages/airflow/task/task_runner/standard_task_runner.py:61 DeprecationWarning: This process (pid=253) is multi-threaded, use of fork() may lead to deadlocks in the child.
[2026-03-25T15:20:18.516+0000] {standard_task_runner.py:63} INFO - Started process 256 to run task
[2026-03-25T15:20:18.516+0000] {standard_task_runner.py:90} INFO - Running: ['airflow', 'tasks', 'run', '***_predictions', 'predict_all_zones', 'scheduled__2026-03-25T15:17:00+00:00', '--job-id', '553', '--raw', '--subdir', 'DAGS_FOLDER/***_dag.py', '--cfg-path', '/tmp/tmpfd8jgvyz']
[2026-03-25T15:20:18.518+0000] {standard_task_runner.py:91} INFO - Job 553: Subtask predict_all_zones
[2026-03-25T15:20:18.610+0000] {task_command.py:426} INFO - Running <TaskInstance: climarisk_predictions.predict_all_zones scheduled__2026-03-25T15:17:00+00:00 [running]> on host 6146f0e8983c
[2026-03-25T15:20:18.764+0000] {taskinstance.py:2648} INFO - Exporting env vars: AIRFLOW_CTX_DAG_OWNER='***' AIRFLOW_CTX_DAG_ID='***_predictions' AIRFLOW_CTX_TASK_ID='predict_all_zones' AIRFLOW_CTX_EXECUTION_DATE='2026-03-25T15:17:00+00:00' AIRFLOW_CTX_TRY_NUMBER='2' AIRFLOW_CTX_DAG_RUN_ID='scheduled__2026-03-25T15:17:00+00:00'
[2026-03-25T15:20:18.765+0000] {taskinstance.py:430} INFO - ::endgroup::
[2026-03-25T15:20:20.273+0000] {climarisk_dag.py:144} INFO - ✅ Alger: flood=HIGH(0.72) fire=LOW(0.05)
[2026-03-25T15:20:21.019+0000] {climarisk_dag.py:144} INFO - ✅ Cairo: flood=MEDIUM(0.31) fire=LOW(0.05)
[2026-03-25T15:20:21.798+0000] {climarisk_dag.py:144} INFO - ✅ Lagos: flood=MEDIUM(0.47) fire=LOW(0.14)
[2026-03-25T15:20:22.581+0000] {climarisk_dag.py:144} INFO - ✅ Kano: flood=LOW(0.00) fire=MEDIUM(0.33)
[2026-03-25T15:20:23.445+0000] {climarisk_dag.py:144} INFO - ✅ Abuja: flood=LOW(0.01) fire=LOW(0.05)
[2026-03-25T15:20:24.432+0000] {climarisk_dag.py:144} INFO - ✅ Johannesburg: flood=LOW(0.04) fire=LOW(0.05)
[2026-03-25T15:20:25.274+0000] {climarisk_dag.py:144} INFO - ✅ Cape Town: flood=MEDIUM(0.40) fire=LOW(0.07)
[2026-03-25T15:20:26.145+0000] {climarisk_dag.py:144} INFO - ✅ Nairobi: flood=LOW(0.00) fire=LOW(0.08)
[2026-03-25T15:20:27.192+0000] {climarisk_dag.py:144} INFO - ✅ Addis Ababa: flood=LOW(0.03) fire=LOW(0.05)
[2026-03-25T15:20:29.034+0000] {climarisk_dag.py:144} INFO - ✅ Dar es Salaam: flood=HIGH(0.56) fire=LOW(0.05)
[2026-03-25T15:20:30.131+0000] {climarisk_dag.py:144} INFO - ✅ Accra: flood=HIGH(0.72) fire=LOW(0.13)
[2026-03-25T15:20:30.897+0000] {climarisk_dag.py:144} INFO - ✅ Casablanca: flood=LOW(0.28) fire=LOW(0.05)
[2026-03-25T15:20:31.678+0000] {climarisk_dag.py:144} INFO - ✅ Mohammedia: flood=LOW(0.11) fire=LOW(0.07)
[2026-03-25T15:20:32.463+0000] {climarisk_dag.py:144} INFO - ✅ El Jadida: flood=HIGH(0.62) fire=LOW(0.07)
[2026-03-25T15:20:33.219+0000] {climarisk_dag.py:144} INFO - ✅ Settat: flood=LOW(0.00) fire=LOW(0.05)
[2026-03-25T15:20:34.024+0000] {climarisk_dag.py:144} INFO - ✅ Berrechid: flood=LOW(0.00) fire=LOW(0.05)
[2026-03-25T15:20:34.740+0000] {climarisk_dag.py:144} INFO - ✅ Benslimane: flood=LOW(0.00) fire=LOW(0.05)
[2026-03-25T15:20:35.498+0000] {climarisk_dag.py:144} INFO - ✅ Sidi Bennour: flood=LOW(0.00) fire=LOW(0.06)
[2026-03-25T15:20:36.320+0000] {climarisk_dag.py:144} INFO - ✅ Azemmour: flood=HIGH(0.73) fire=LOW(0.07)
[2026-03-25T15:20:37.078+0000] {climarisk_dag.py:144} INFO - ✅ Mediouna: flood=LOW(0.00) fire=LOW(0.05)
[2026-03-25T15:20:37.715+0000] {climarisk_dag.py:144} INFO - ✅ Nouaceur: flood=LOW(0.00) fire=LOW(0.05)
[2026-03-25T15:20:38.427+0000] {climarisk_dag.py:144} INFO - ✅ Rabat: flood=MEDIUM(0.37) fire=LOW(0.07)
[2026-03-25T15:20:39.106+0000] {climarisk_dag.py:144} INFO - ✅ Salé: flood=MEDIUM(0.48) fire=LOW(0.07)
[2026-03-25T15:20:39.821+0000] {climarisk_dag.py:144} INFO - ✅ Kénitra: flood=LOW(0.15) fire=LOW(0.07)
[2026-03-25T15:20:40.582+0000] {climarisk_dag.py:144} INFO - ✅ Témara: flood=HIGH(0.71) fire=LOW(0.07)
[2026-03-25T15:20:41.324+0000] {climarisk_dag.py:144} INFO - ✅ Skhirat: flood=HIGH(0.71) fire=LOW(0.07)
[2026-03-25T15:20:42.104+0000] {climarisk_dag.py:144} INFO - ✅ Tiflet: flood=LOW(0.01) fire=LOW(0.06)
[2026-03-25T15:20:42.751+0000] {climarisk_dag.py:144} INFO - ✅ Khémisset: flood=LOW(0.01) fire=LOW(0.05)
[2026-03-25T15:20:43.394+0000] {climarisk_dag.py:144} INFO - ✅ Sidi Slimane: flood=MEDIUM(0.47) fire=LOW(0.06)
[2026-03-25T15:20:44.053+0000] {climarisk_dag.py:144} INFO - ✅ Sidi Kacem: flood=LOW(0.25) fire=LOW(0.08)
[2026-03-25T15:20:44.799+0000] {climarisk_dag.py:144} INFO - ✅ Souk el Arba: flood=HIGH(0.72) fire=LOW(0.06)
[2026-03-25T15:20:45.580+0000] {climarisk_dag.py:144} INFO - ✅ Ouazzane: flood=LOW(0.02) fire=LOW(0.05)
[2026-03-25T15:20:46.325+0000] {climarisk_dag.py:144} INFO - ✅ Fès: flood=LOW(0.02) fire=LOW(0.05)
[2026-03-25T15:20:47.190+0000] {climarisk_dag.py:144} INFO - ✅ Meknès: flood=LOW(0.01) fire=LOW(0.05)
[2026-03-25T15:20:47.999+0000] {climarisk_dag.py:144} INFO - ✅ Ifrane: flood=LOW(0.06) fire=LOW(0.05)
[2026-03-25T15:20:48.659+0000] {climarisk_dag.py:144} INFO - ✅ Azrou: flood=LOW(0.06) fire=LOW(0.05)
[2026-03-25T15:20:49.588+0000] {climarisk_dag.py:144} INFO - ✅ Taounate: flood=LOW(0.02) fire=LOW(0.05)
[2026-03-25T15:20:50.325+0000] {climarisk_dag.py:144} INFO - ✅ Taza: flood=LOW(0.06) fire=LOW(0.05)
[2026-03-25T15:20:51.072+0000] {climarisk_dag.py:144} INFO - ✅ Sefrou: flood=LOW(0.04) fire=LOW(0.05)
[2026-03-25T15:20:51.844+0000] {climarisk_dag.py:144} INFO - ✅ Boulemane: flood=LOW(0.05) fire=LOW(0.05)
[2026-03-25T15:20:52.572+0000] {climarisk_dag.py:144} INFO - ✅ El Hajeb: flood=LOW(0.02) fire=LOW(0.05)
[2026-03-25T15:20:53.296+0000] {climarisk_dag.py:144} INFO - ✅ Missour: flood=LOW(0.03) fire=LOW(0.05)
[2026-03-25T15:20:54.053+0000] {climarisk_dag.py:144} INFO - ✅ Guercif: flood=LOW(0.04) fire=LOW(0.05)
[2026-03-25T15:20:54.840+0000] {climarisk_dag.py:144} INFO - ✅ Marrakech: flood=LOW(0.01) fire=LOW(0.05)
[2026-03-25T15:20:55.561+0000] {climarisk_dag.py:144} INFO - ✅ Safi: flood=HIGH(0.54) fire=LOW(0.07)
[2026-03-25T15:20:56.299+0000] {climarisk_dag.py:144} INFO - ✅ Essaouira: flood=MEDIUM(0.47) fire=LOW(0.07)
[2026-03-25T15:20:58.088+0000] {climarisk_dag.py:144} INFO - ✅ El Kelaa des Sraghna: flood=LOW(0.01) fire=LOW(0.05)
[2026-03-25T15:20:59.714+0000] {climarisk_dag.py:144} INFO - ✅ Chichaoua: flood=LOW(0.02) fire=LOW(0.05)
[2026-03-25T15:21:00.433+0000] {climarisk_dag.py:144} INFO - ✅ Youssoufia: flood=LOW(0.00) fire=LOW(0.05)
[2026-03-25T15:21:01.151+0000] {climarisk_dag.py:144} INFO - ✅ Ben Guerir: flood=LOW(0.01) fire=LOW(0.05)
[2026-03-25T15:21:01.880+0000] {climarisk_dag.py:144} INFO - ✅ Tahanaout: flood=LOW(0.04) fire=LOW(0.05)
[2026-03-25T15:21:02.612+0000] {climarisk_dag.py:144} INFO - ✅ Ait Ourir: flood=LOW(0.05) fire=LOW(0.05)
[2026-03-25T15:21:03.379+0000] {climarisk_dag.py:144} INFO - ✅ Demnate: flood=LOW(0.00) fire=LOW(0.05)
[2026-03-25T15:21:04.123+0000] {climarisk_dag.py:144} INFO - ✅ Tanger: flood=HIGH(0.79) fire=LOW(0.06)
[2026-03-25T15:21:04.800+0000] {climarisk_dag.py:144} INFO - ✅ Tétouan: flood=LOW(0.01) fire=LOW(0.06)
[2026-03-25T15:21:05.358+0000] {climarisk_dag.py:144} INFO - ✅ Al Hoceïma: flood=HIGH(0.73) fire=LOW(0.06)
[2026-03-25T15:21:06.075+0000] {climarisk_dag.py:144} INFO - ✅ Larache: flood=HIGH(0.54) fire=LOW(0.11)
[2026-03-25T15:21:06.750+0000] {climarisk_dag.py:144} INFO - ✅ Chefchaouen: flood=LOW(0.00) fire=LOW(0.10)
[2026-03-25T15:21:07.456+0000] {climarisk_dag.py:144} INFO - ✅ Asilah: flood=HIGH(0.68) fire=LOW(0.06)
[2026-03-25T15:21:08.097+0000] {climarisk_dag.py:144} INFO - ✅ Fnideq: flood=LOW(0.24) fire=LOW(0.07)
[2026-03-25T15:21:08.853+0000] {climarisk_dag.py:144} INFO - ✅ Martil: flood=LOW(0.24) fire=LOW(0.06)
[2026-03-25T15:21:09.556+0000] {climarisk_dag.py:144} INFO - ✅ Mdiq: flood=LOW(0.14) fire=LOW(0.06)
[2026-03-25T15:21:10.278+0000] {climarisk_dag.py:144} INFO - ✅ Ksar el Kebir: flood=HIGH(0.56) fire=LOW(0.06)
[2026-03-25T15:21:10.988+0000] {climarisk_dag.py:144} INFO - ✅ Ouazzane: flood=LOW(0.02) fire=LOW(0.05)
[2026-03-25T15:21:11.672+0000] {climarisk_dag.py:144} INFO - ✅ Targuist: flood=LOW(0.00) fire=LOW(0.05)
[2026-03-25T15:21:12.502+0000] {climarisk_dag.py:144} INFO - ✅ Imzouren: flood=HIGH(0.72) fire=LOW(0.05)
[2026-03-25T15:21:13.312+0000] {climarisk_dag.py:144} INFO - ✅ Beni Mellal-Khenifra: flood=LOW(0.06) fire=LOW(0.05)
[2026-03-25T15:21:14.304+0000] {climarisk_dag.py:144} INFO - ✅ Khénifra: flood=LOW(0.04) fire=LOW(0.05)
[2026-03-25T15:21:15.013+0000] {climarisk_dag.py:144} INFO - ✅ Azilal: flood=LOW(0.10) fire=LOW(0.05)
[2026-03-25T15:21:15.636+0000] {climarisk_dag.py:144} INFO - ✅ Nanjing: flood=LOW(0.17) fire=LOW(0.05)
[2026-03-25T15:21:16.363+0000] {climarisk_dag.py:144} INFO - ✅ Khouribga: flood=LOW(0.05) fire=LOW(0.05)
[2026-03-25T15:21:17.024+0000] {climarisk_dag.py:144} INFO - ✅ Fkih Ben Salah: flood=LOW(0.03) fire=LOW(0.05)
[2026-03-25T15:21:17.659+0000] {climarisk_dag.py:144} INFO - ✅ Souk Sebt: flood=LOW(0.01) fire=LOW(0.05)
[2026-03-25T15:21:18.383+0000] {climarisk_dag.py:144} INFO - ✅ Midelt: flood=LOW(0.03) fire=LOW(0.05)
[2026-03-25T15:21:19.058+0000] {climarisk_dag.py:144} INFO - ✅ Zaouiat Cheikh: flood=LOW(0.06) fire=LOW(0.05)
[2026-03-25T15:21:19.767+0000] {climarisk_dag.py:144} INFO - ✅ Oujda: flood=LOW(0.05) fire=LOW(0.05)
[2026-03-25T15:21:20.418+0000] {climarisk_dag.py:144} INFO - ✅ Nador: flood=LOW(0.18) fire=LOW(0.06)
[2026-03-25T15:21:21.080+0000] {climarisk_dag.py:144} INFO - ✅ Berkane: flood=LOW(0.00) fire=LOW(0.05)
[2026-03-25T15:21:21.777+0000] {climarisk_dag.py:144} INFO - ✅ Taourirt: flood=LOW(0.02) fire=LOW(0.05)
[2026-03-25T15:21:22.503+0000] {climarisk_dag.py:144} INFO - ✅ Jerada: flood=LOW(0.04) fire=LOW(0.05)
[2026-03-25T15:21:23.161+0000] {climarisk_dag.py:144} INFO - ✅ Figuig: flood=LOW(0.03) fire=LOW(0.05)
[2026-03-25T15:21:23.892+0000] {climarisk_dag.py:144} INFO - ✅ Bouarfa: flood=LOW(0.04) fire=LOW(0.05)
[2026-03-25T15:21:24.599+0000] {climarisk_dag.py:144} INFO - ✅ Selouane: flood=LOW(0.26) fire=LOW(0.06)
[2026-03-25T15:21:25.284+0000] {climarisk_dag.py:144} INFO - ✅ Zaio: flood=LOW(0.00) fire=LOW(0.05)
[2026-03-25T15:21:25.947+0000] {climarisk_dag.py:144} INFO - ✅ Agadir: flood=LOW(0.27) fire=LOW(0.07)
[2026-03-25T15:21:26.692+0000] {climarisk_dag.py:144} INFO - ✅ Inezgane: flood=LOW(0.15) fire=LOW(0.05)
[2026-03-25T15:21:27.428+0000] {climarisk_dag.py:144} INFO - ✅ Tiznit: flood=LOW(0.01) fire=LOW(0.05)
[2026-03-25T15:21:28.119+0000] {climarisk_dag.py:144} INFO - ✅ Taroudannt: flood=LOW(0.01) fire=LOW(0.05)
[2026-03-25T15:21:28.841+0000] {climarisk_dag.py:144} INFO - ✅ Ouarzazate: flood=LOW(0.17) fire=LOW(0.05)
[2026-03-25T15:21:30.484+0000] {climarisk_dag.py:144} INFO - ✅ Ait Melloul: flood=LOW(0.16) fire=LOW(0.05)
[2026-03-25T15:21:31.171+0000] {climarisk_dag.py:144} INFO - ✅ Biougra: flood=LOW(0.01) fire=LOW(0.07)
[2026-03-25T15:21:31.861+0000] {climarisk_dag.py:144} INFO - ✅ Chtouka Ait Baha: flood=LOW(0.03) fire=LOW(0.06)
[2026-03-25T15:21:32.618+0000] {climarisk_dag.py:144} INFO - ✅ Tata: flood=LOW(0.03) fire=LOW(0.05)
[2026-03-25T15:21:33.332+0000] {climarisk_dag.py:144} INFO - ✅ Sidi Ifni: flood=HIGH(0.51) fire=LOW(0.07)
[2026-03-25T15:21:34.005+0000] {climarisk_dag.py:144} INFO - ✅ Massa: flood=LOW(0.25) fire=LOW(0.05)
[2026-03-25T15:21:34.704+0000] {climarisk_dag.py:144} INFO - ✅ Errachidia: flood=LOW(0.05) fire=LOW(0.05)
[2026-03-25T15:21:35.252+0000] {climarisk_dag.py:144} INFO - ✅ Zagora: flood=LOW(0.08) fire=LOW(0.05)
[2026-03-25T15:21:35.976+0000] {climarisk_dag.py:144} INFO - ✅ Tinghir: flood=LOW(0.05) fire=LOW(0.05)
[2026-03-25T15:21:36.647+0000] {climarisk_dag.py:144} INFO - ✅ Ouarzazate: flood=LOW(0.17) fire=LOW(0.05)
[2026-03-25T15:21:37.324+0000] {climarisk_dag.py:144} INFO - ✅ Rissani: flood=LOW(0.09) fire=LOW(0.05)
[2026-03-25T15:21:38.005+0000] {climarisk_dag.py:144} INFO - ✅ Erfoud: flood=LOW(0.08) fire=LOW(0.05)
[2026-03-25T15:21:38.675+0000] {climarisk_dag.py:144} INFO - ✅ Merzouga: flood=LOW(0.05) fire=LOW(0.05)
[2026-03-25T15:21:39.406+0000] {climarisk_dag.py:144} INFO - ✅ Alnif: flood=LOW(0.06) fire=LOW(0.05)
[2026-03-25T15:21:40.045+0000] {climarisk_dag.py:144} INFO - ✅ Goulmima: flood=LOW(0.04) fire=LOW(0.05)
[2026-03-25T15:21:40.737+0000] {climarisk_dag.py:144} INFO - ✅ Laâyoune: flood=LOW(0.26) fire=LOW(0.05)
[2026-03-25T15:21:41.419+0000] {climarisk_dag.py:144} INFO - ✅ Boujdour: flood=HIGH(0.54) fire=LOW(0.08)
[2026-03-25T15:21:42.083+0000] {climarisk_dag.py:144} INFO - ✅ Tarfaya: flood=MEDIUM(0.39) fire=LOW(0.08)
[2026-03-25T15:21:42.830+0000] {climarisk_dag.py:144} INFO - ✅ Smara: flood=LOW(0.01) fire=LOW(0.10)
[2026-03-25T15:21:43.531+0000] {climarisk_dag.py:144} INFO - ✅ El Marsa: flood=LOW(0.13) fire=LOW(0.05)
[2026-03-25T15:21:44.278+0000] {climarisk_dag.py:144} INFO - ✅ Dakhla: flood=HIGH(0.71) fire=LOW(0.08)
[2026-03-25T15:21:44.985+0000] {climarisk_dag.py:144} INFO - ✅ Aousserd: flood=LOW(0.00) fire=LOW(0.27)
[2026-03-25T15:21:45.712+0000] {climarisk_dag.py:144} INFO - ✅ Guelmim: flood=LOW(0.00) fire=LOW(0.07)
[2026-03-25T15:21:46.436+0000] {climarisk_dag.py:144} INFO - ✅ Tan-Tan: flood=HIGH(0.80) fire=LOW(0.08)
[2026-03-25T15:21:47.175+0000] {climarisk_dag.py:144} INFO - ✅ Assa: flood=LOW(0.01) fire=LOW(0.05)
[2026-03-25T15:21:47.886+0000] {climarisk_dag.py:144} INFO - ✅ Zag: flood=LOW(0.00) fire=LOW(0.05)
[2026-03-25T15:21:48.588+0000] {climarisk_dag.py:144} INFO - ✅ Sidi Ifni: flood=HIGH(0.51) fire=LOW(0.07)
[2026-03-25T15:21:49.317+0000] {climarisk_dag.py:144} INFO - ✅ Tiznit: flood=LOW(0.01) fire=LOW(0.05)
[2026-03-25T15:21:50.013+0000] {climarisk_dag.py:144} INFO - ✅ Tunis: flood=HIGH(0.56) fire=LOW(0.05)
[2026-03-25T15:21:50.687+0000] {climarisk_dag.py:144} INFO - ✅ Kampala: flood=LOW(0.02) fire=LOW(0.05)
[2026-03-25T15:21:51.403+0000] {climarisk_dag.py:144} INFO - ✅ Dakar: flood=HIGH(0.59) fire=LOW(0.09)
[2026-03-25T15:21:52.097+0000] {climarisk_dag.py:144} INFO - ✅ Kinshasa: flood=LOW(0.01) fire=LOW(0.05)
[2026-03-25T15:21:52.805+0000] {climarisk_dag.py:144} INFO - ✅ Luanda: flood=LOW(0.06) fire=LOW(0.05)
[2026-03-25T15:21:53.561+0000] {climarisk_dag.py:144} INFO - ✅ Khartoum: flood=LOW(0.00) fire=MEDIUM(0.33)
[2026-03-25T15:21:54.260+0000] {climarisk_dag.py:144} INFO - ✅ Harare: flood=LOW(0.00) fire=LOW(0.11)
[2026-03-25T15:21:54.997+0000] {climarisk_dag.py:144} INFO - ✅ Lusaka: flood=LOW(0.00) fire=LOW(0.09)
[2026-03-25T15:21:55.696+0000] {climarisk_dag.py:144} INFO - ✅ Maputo: flood=LOW(0.11) fire=LOW(0.12)
[2026-03-25T15:21:56.434+0000] {climarisk_dag.py:144} INFO - ✅ Antananarivo: flood=LOW(0.02) fire=LOW(0.05)
[2026-03-25T15:21:57.158+0000] {climarisk_dag.py:144} INFO - ✅ Abidjan: flood=LOW(0.27) fire=LOW(0.13)
[2026-03-25T15:21:57.897+0000] {climarisk_dag.py:144} INFO - ✅ Douala: flood=HIGH(0.76) fire=LOW(0.14)
[2026-03-25T15:21:58.671+0000] {climarisk_dag.py:144} INFO - ✅ Niamey: flood=LOW(0.01) fire=LOW(0.05)
[2026-03-25T15:21:59.420+0000] {climarisk_dag.py:144} INFO - ✅ Ouagadougou: flood=LOW(0.00) fire=LOW(0.05)
[2026-03-25T15:22:01.053+0000] {climarisk_dag.py:144} INFO - ✅ Bamako: flood=LOW(0.00) fire=LOW(0.28)
[2026-03-25T15:22:01.798+0000] {climarisk_dag.py:144} INFO - ✅ Windhoek: flood=LOW(0.04) fire=LOW(0.10)
[2026-03-25T15:22:02.482+0000] {climarisk_dag.py:144} INFO - ✅ Port Harcourt: flood=LOW(0.26) fire=LOW(0.05)
[2026-03-25T15:22:03.143+0000] {climarisk_dag.py:144} INFO - ✅ Warri: flood=HIGH(0.78) fire=LOW(0.05)
[2026-03-25T15:22:03.817+0000] {climarisk_dag.py:144} INFO - ✅ Calabar: flood=MEDIUM(0.38) fire=LOW(0.05)
[2026-03-25T15:22:04.494+0000] {climarisk_dag.py:144} INFO - ✅ Beijing: flood=HIGH(0.79) fire=LOW(0.15)
[2026-03-25T15:22:05.062+0000] {climarisk_dag.py:144} INFO - ✅ Shanghai: flood=HIGH(0.56) fire=LOW(0.05)
[2026-03-25T15:22:05.781+0000] {climarisk_dag.py:144} INFO - ✅ Guangzhou: flood=MEDIUM(0.40) fire=LOW(0.12)
[2026-03-25T15:22:06.462+0000] {climarisk_dag.py:144} INFO - ✅ Chengdu: flood=LOW(0.01) fire=LOW(0.05)
[2026-03-25T15:22:07.070+0000] {climarisk_dag.py:144} INFO - ✅ Wuhan: flood=LOW(0.09) fire=LOW(0.09)
[2026-03-25T15:22:07.775+0000] {climarisk_dag.py:144} INFO - ✅ Chongqing: flood=LOW(0.01) fire=LOW(0.05)
[2026-03-25T15:22:08.490+0000] {climarisk_dag.py:144} INFO - ✅ Zhengzhou: flood=LOW(0.01) fire=LOW(0.08)
[2026-03-25T15:22:09.224+0000] {climarisk_dag.py:144} INFO - ✅ Changsha: flood=LOW(0.14) fire=LOW(0.05)
[2026-03-25T15:22:09.929+0000] {climarisk_dag.py:144} INFO - ✅ Nanchang: flood=HIGH(0.66) fire=LOW(0.05)
[2026-03-25T15:22:10.635+0000] {climarisk_dag.py:144} INFO - ✅ Yichang: flood=LOW(0.26) fire=LOW(0.05)
[2026-03-25T15:22:11.317+0000] {climarisk_dag.py:144} INFO - ✅ Haikou: flood=MEDIUM(0.37) fire=LOW(0.12)
[2026-03-25T15:22:12.015+0000] {climarisk_dag.py:144} INFO - ✅ Hong Kong: flood=LOW(0.22) fire=LOW(0.11)
[2026-03-25T15:22:12.681+0000] {climarisk_dag.py:144} INFO - ✅ Taipei: flood=LOW(0.17) fire=LOW(0.05)
[2026-03-25T15:22:13.337+0000] {climarisk_dag.py:144} INFO - ✅ Kaohsiung: flood=MEDIUM(0.44) fire=LOW(0.05)
[2026-03-25T15:22:14.039+0000] {climarisk_dag.py:144} INFO - ✅ Mumbai: flood=CRITICAL(0.82) fire=LOW(0.14)
[2026-03-25T15:22:14.756+0000] {climarisk_dag.py:144} INFO - ✅ Delhi: flood=LOW(0.00) fire=LOW(0.13)
[2026-03-25T15:22:15.456+0000] {climarisk_dag.py:144} INFO - ✅ Bangalore: flood=LOW(0.00) fire=LOW(0.15)
[2026-03-25T15:22:16.137+0000] {climarisk_dag.py:144} INFO - ✅ Chennai: flood=MEDIUM(0.39) fire=LOW(0.12)
[2026-03-25T15:22:16.894+0000] {climarisk_dag.py:144} INFO - ✅ Kolkata: flood=LOW(0.21) fire=LOW(0.05)
[2026-03-25T15:22:17.632+0000] {climarisk_dag.py:144} INFO - ✅ Patna: flood=LOW(0.26) fire=LOW(0.14)
[2026-03-25T15:22:18.356+0000] {climarisk_dag.py:144} INFO - ✅ Guwahati: flood=HIGH(0.58) fire=LOW(0.05)
[2026-03-25T15:22:19.111+0000] {climarisk_dag.py:144} INFO - ✅ Varanasi: flood=LOW(0.28) fire=LOW(0.13)
[2026-03-25T15:22:19.763+0000] {climarisk_dag.py:144} INFO - ✅ Muzaffarpur: flood=LOW(0.26) fire=LOW(0.11)
[2026-03-25T15:22:20.531+0000] {climarisk_dag.py:144} INFO - ✅ Visakhapatnam: flood=LOW(0.26) fire=LOW(0.12)
[2026-03-25T15:22:21.252+0000] {climarisk_dag.py:144} INFO - ✅ Vijayawada: flood=HIGH(0.80) fire=LOW(0.12)
[2026-03-25T15:22:21.936+0000] {climarisk_dag.py:144} INFO - ✅ Tokyo: flood=HIGH(0.74) fire=LOW(0.05)
[2026-03-25T15:22:22.655+0000] {climarisk_dag.py:144} INFO - ✅ Osaka: flood=LOW(0.14) fire=LOW(0.05)
[2026-03-25T15:22:23.330+0000] {climarisk_dag.py:144} INFO - ✅ Sapporo: flood=LOW(0.28) fire=LOW(0.05)
[2026-03-25T15:22:24.070+0000] {climarisk_dag.py:144} INFO - ✅ Naha: flood=LOW(0.20) fire=LOW(0.10)
[2026-03-25T15:22:24.792+0000] {climarisk_dag.py:144} INFO - ✅ Seoul: flood=HIGH(0.54) fire=LOW(0.05)
[2026-03-25T15:22:25.541+0000] {climarisk_dag.py:144} INFO - ✅ Busan: flood=HIGH(0.56) fire=LOW(0.05)
[2026-03-25T15:22:26.254+0000] {climarisk_dag.py:144} INFO - ✅ Bangkok: flood=HIGH(0.70) fire=LOW(0.14)
[2026-03-25T15:22:26.984+0000] {climarisk_dag.py:144} INFO - ✅ Chiang Mai: flood=LOW(0.00) fire=LOW(0.26)
[2026-03-25T15:22:27.719+0000] {climarisk_dag.py:144} INFO - ✅ Jakarta: flood=HIGH(0.65) fire=LOW(0.05)
[2026-03-25T15:22:28.462+0000] {climarisk_dag.py:144} INFO - ✅ Surabaya: flood=CRITICAL(0.83) fire=LOW(0.05)
[2026-03-25T15:22:29.178+0000] {climarisk_dag.py:144} INFO - ✅ Medan: flood=HIGH(0.56) fire=LOW(0.12)
[2026-03-25T15:22:29.890+0000] {climarisk_dag.py:144} INFO - ✅ Manila: flood=MEDIUM(0.39) fire=LOW(0.13)
[2026-03-25T15:22:30.545+0000] {climarisk_dag.py:144} INFO - ✅ Cebu: flood=LOW(0.17) fire=LOW(0.05)
[2026-03-25T15:22:32.160+0000] {climarisk_dag.py:144} INFO - ✅ Tacloban: flood=LOW(0.24) fire=LOW(0.05)
[2026-03-25T15:22:32.916+0000] {climarisk_dag.py:144} INFO - ✅ Legazpi: flood=HIGH(0.63) fire=LOW(0.05)
[2026-03-25T15:22:33.665+0000] {climarisk_dag.py:144} INFO - ✅ Zamboanga: flood=HIGH(0.64) fire=LOW(0.05)
[2026-03-25T15:22:34.392+0000] {climarisk_dag.py:144} INFO - ✅ Kuala Lumpur: flood=LOW(0.27) fire=LOW(0.13)
[2026-03-25T15:22:34.917+0000] {climarisk_dag.py:144} INFO - ✅ Singapore: flood=HIGH(0.79) fire=LOW(0.13)
[2026-03-25T15:22:35.583+0000] {climarisk_dag.py:144} INFO - ✅ Ho Chi Minh City: flood=CRITICAL(0.82) fire=LOW(0.12)
[2026-03-25T15:22:36.192+0000] {climarisk_dag.py:144} INFO - ✅ Hanoi: flood=MEDIUM(0.37) fire=LOW(0.11)
[2026-03-25T15:22:36.894+0000] {climarisk_dag.py:144} INFO - ✅ Da Nang: flood=CRITICAL(0.82) fire=LOW(0.10)
[2026-03-25T15:22:37.572+0000] {climarisk_dag.py:144} INFO - ✅ Can Tho: flood=HIGH(0.70) fire=LOW(0.11)
[2026-03-25T15:22:38.266+0000] {climarisk_dag.py:144} INFO - ✅ My Tho: flood=CRITICAL(0.82) fire=LOW(0.11)
[2026-03-25T15:22:39.028+0000] {climarisk_dag.py:144} INFO - ✅ Dhaka: flood=LOW(0.16) fire=LOW(0.05)
[2026-03-25T15:22:39.722+0000] {climarisk_dag.py:144} INFO - ✅ Chittagong: flood=HIGH(0.68) fire=LOW(0.13)
[2026-03-25T15:22:40.436+0000] {climarisk_dag.py:144} INFO - ✅ Sylhet: flood=LOW(0.20) fire=LOW(0.05)
[2026-03-25T15:22:41.146+0000] {climarisk_dag.py:144} INFO - ✅ Khulna: flood=HIGH(0.70) fire=LOW(0.05)
[2026-03-25T15:22:41.888+0000] {climarisk_dag.py:144} INFO - ✅ Cox's Bazar: flood=HIGH(0.68) fire=LOW(0.12)
[2026-03-25T15:22:42.601+0000] {climarisk_dag.py:144} INFO - ✅ Karachi: flood=CRITICAL(0.86) fire=LOW(0.14)
[2026-03-25T15:22:43.364+0000] {climarisk_dag.py:144} INFO - ✅ Lahore: flood=LOW(0.00) fire=LOW(0.14)
[2026-03-25T15:22:44.031+0000] {climarisk_dag.py:144} INFO - ✅ Colombo: flood=HIGH(0.68) fire=LOW(0.14)
[2026-03-25T15:22:44.761+0000] {climarisk_dag.py:144} INFO - ✅ Kathmandu: flood=LOW(0.11) fire=LOW(0.05)
[2026-03-25T15:22:45.485+0000] {climarisk_dag.py:144} INFO - ✅ Yangon: flood=CRITICAL(0.86) fire=LOW(0.13)
[2026-03-25T15:22:46.189+0000] {climarisk_dag.py:144} INFO - ✅ Sittwe: flood=HIGH(0.71) fire=LOW(0.13)
[2026-03-25T15:22:46.843+0000] {climarisk_dag.py:144} INFO - ✅ Phnom Penh: flood=MEDIUM(0.41) fire=LOW(0.14)
[2026-03-25T15:22:47.525+0000] {climarisk_dag.py:144} INFO - ✅ Riyadh: flood=LOW(0.06) fire=LOW(0.05)
[2026-03-25T15:22:48.241+0000] {climarisk_dag.py:144} INFO - ✅ Dubai: flood=HIGH(0.53) fire=LOW(0.05)
[2026-03-25T15:22:48.954+0000] {climarisk_dag.py:144} INFO - ✅ Tehran: flood=LOW(0.04) fire=LOW(0.05)
[2026-03-25T15:22:49.706+0000] {climarisk_dag.py:144} INFO - ✅ Istanbul: flood=LOW(0.16) fire=LOW(0.06)
[2026-03-25T15:22:50.411+0000] {climarisk_dag.py:144} INFO - ✅ Ankara: flood=LOW(0.02) fire=LOW(0.05)
[2026-03-25T15:22:51.156+0000] {climarisk_dag.py:144} INFO - ✅ Baghdad: flood=HIGH(0.57) fire=LOW(0.05)
[2026-03-25T15:22:51.898+0000] {climarisk_dag.py:144} INFO - ✅ Baku: flood=LOW(0.12) fire=LOW(0.05)
[2026-03-25T15:22:52.629+0000] {climarisk_dag.py:144} INFO - ✅ Tashkent: flood=LOW(0.00) fire=LOW(0.09)
[2026-03-25T15:22:53.269+0000] {climarisk_dag.py:144} INFO - ✅ Almaty: flood=LOW(0.00) fire=LOW(0.05)
[2026-03-25T15:22:53.931+0000] {climarisk_dag.py:144} INFO - ✅ Guam: flood=CRITICAL(0.81) fire=LOW(0.13)
[2026-03-25T15:22:54.652+0000] {climarisk_dag.py:144} INFO - ✅ Paris: flood=LOW(0.29) fire=LOW(0.05)
[2026-03-25T15:22:55.405+0000] {climarisk_dag.py:144} INFO - ✅ Lyon: flood=LOW(0.00) fire=LOW(0.05)
[2026-03-25T15:22:56.190+0000] {climarisk_dag.py:144} INFO - ✅ Marseille: flood=CRITICAL(0.82) fire=LOW(0.08)
[2026-03-25T15:22:56.887+0000] {climarisk_dag.py:144} INFO - ✅ Toulouse: flood=LOW(0.00) fire=LOW(0.05)
[2026-03-25T15:22:57.683+0000] {climarisk_dag.py:144} INFO - ✅ Bordeaux: flood=LOW(0.09) fire=LOW(0.05)
[2026-03-25T15:22:58.463+0000] {climarisk_dag.py:144} INFO - ✅ Nantes: flood=LOW(0.15) fire=LOW(0.05)
[2026-03-25T15:22:59.237+0000] {climarisk_dag.py:144} INFO - ✅ Strasbourg: flood=LOW(0.00) fire=LOW(0.05)
[2026-03-25T15:22:59.931+0000] {climarisk_dag.py:144} INFO - ✅ Lille: flood=HIGH(0.55) fire=LOW(0.05)
[2026-03-25T15:23:00.716+0000] {climarisk_dag.py:144} INFO - ✅ Montpellier: flood=HIGH(0.70) fire=LOW(0.05)
[2026-03-25T15:23:01.465+0000] {climarisk_dag.py:144} INFO - ✅ Nice: flood=MEDIUM(0.48) fire=LOW(0.05)
[2026-03-25T15:23:03.078+0000] {climarisk_dag.py:144} INFO - ✅ London: flood=LOW(0.22) fire=LOW(0.05)
[2026-03-25T15:23:03.857+0000] {climarisk_dag.py:144} INFO - ✅ Birmingham: flood=LOW(0.00) fire=LOW(0.05)
[2026-03-25T15:23:04.603+0000] {climarisk_dag.py:144} INFO - ✅ Manchester: flood=MEDIUM(0.35) fire=LOW(0.05)
[2026-03-25T15:23:05.093+0000] {climarisk_dag.py:144} INFO - ✅ Berlin: flood=LOW(0.15) fire=LOW(0.05)
[2026-03-25T15:23:05.795+0000] {climarisk_dag.py:144} INFO - ✅ Hamburg: flood=LOW(0.17) fire=LOW(0.05)
[2026-03-25T15:23:06.491+0000] {climarisk_dag.py:144} INFO - ✅ Munich: flood=LOW(0.03) fire=LOW(0.05)
[2026-03-25T15:23:07.186+0000] {climarisk_dag.py:144} INFO - ✅ Frankfurt: flood=LOW(0.00) fire=LOW(0.05)
[2026-03-25T15:23:07.954+0000] {climarisk_dag.py:144} INFO - ✅ Madrid: flood=LOW(0.00) fire=LOW(0.09)
[2026-03-25T15:23:08.623+0000] {climarisk_dag.py:144} INFO - ✅ Barcelona: flood=LOW(0.12) fire=LOW(0.05)
[2026-03-25T15:23:09.396+0000] {climarisk_dag.py:144} INFO - ✅ Valencia: flood=MEDIUM(0.40) fire=LOW(0.05)
[2026-03-25T15:23:10.120+0000] {climarisk_dag.py:144} INFO - ✅ Malaga: flood=HIGH(0.66) fire=LOW(0.06)
[2026-03-25T15:23:10.860+0000] {climarisk_dag.py:144} INFO - ✅ Rome: flood=LOW(0.10) fire=LOW(0.05)
[2026-03-25T15:23:11.638+0000] {climarisk_dag.py:144} INFO - ✅ Milan: flood=LOW(0.00) fire=LOW(0.05)
[2026-03-25T15:23:12.374+0000] {climarisk_dag.py:144} INFO - ✅ Palermo: flood=LOW(0.11) fire=LOW(0.05)
[2026-03-25T15:23:13.118+0000] {climarisk_dag.py:144} INFO - ✅ Amsterdam: flood=CRITICAL(0.91) fire=LOW(0.05)
[2026-03-25T15:23:13.819+0000] {climarisk_dag.py:144} INFO - ✅ Brussels: flood=HIGH(0.77) fire=LOW(0.05)
[2026-03-25T15:23:14.585+0000] {climarisk_dag.py:144} INFO - ✅ Vienna: flood=LOW(0.01) fire=LOW(0.05)
[2026-03-25T15:23:15.287+0000] {climarisk_dag.py:144} INFO - ✅ Zurich: flood=LOW(0.01) fire=LOW(0.05)
[2026-03-25T15:23:16.033+0000] {climarisk_dag.py:144} INFO - ✅ Stockholm: flood=LOW(0.24) fire=LOW(0.05)
[2026-03-25T15:23:16.771+0000] {climarisk_dag.py:144} INFO - ✅ Oslo: flood=MEDIUM(0.38) fire=LOW(0.05)
[2026-03-25T15:23:17.562+0000] {climarisk_dag.py:144} INFO - ✅ Copenhagen: flood=LOW(0.16) fire=LOW(0.05)
[2026-03-25T15:23:18.311+0000] {climarisk_dag.py:144} INFO - ✅ Helsinki: flood=MEDIUM(0.44) fire=LOW(0.05)
[2026-03-25T15:23:19.065+0000] {climarisk_dag.py:144} INFO - ✅ Warsaw: flood=LOW(0.01) fire=LOW(0.05)
[2026-03-25T15:23:19.822+0000] {climarisk_dag.py:144} INFO - ✅ Prague: flood=LOW(0.00) fire=LOW(0.05)
[2026-03-25T15:23:20.576+0000] {climarisk_dag.py:144} INFO - ✅ Budapest: flood=LOW(0.01) fire=LOW(0.05)
[2026-03-25T15:23:21.333+0000] {climarisk_dag.py:144} INFO - ✅ Bucharest: flood=LOW(0.26) fire=LOW(0.05)
[2026-03-25T15:23:22.064+0000] {climarisk_dag.py:144} INFO - ✅ Athens: flood=MEDIUM(0.44) fire=LOW(0.05)
[2026-03-25T15:23:22.805+0000] {climarisk_dag.py:144} INFO - ✅ Thessaloniki: flood=MEDIUM(0.31) fire=LOW(0.05)
[2026-03-25T15:23:23.554+0000] {climarisk_dag.py:144} INFO - ✅ Lisbon: flood=HIGH(0.71) fire=LOW(0.07)
[2026-03-25T15:23:24.276+0000] {climarisk_dag.py:144} INFO - ✅ Moscow: flood=LOW(0.00) fire=LOW(0.05)
[2026-03-25T15:23:24.999+0000] {climarisk_dag.py:144} INFO - ✅ Saint Petersburg: flood=MEDIUM(0.37) fire=LOW(0.05)
[2026-03-25T15:23:25.741+0000] {climarisk_dag.py:144} INFO - ✅ Krasnoyarsk: flood=LOW(0.00) fire=LOW(0.05)
[2026-03-25T15:23:26.475+0000] {climarisk_dag.py:144} INFO - ✅ Irkutsk: flood=LOW(0.00) fire=LOW(0.05)
[2026-03-25T15:23:27.225+0000] {climarisk_dag.py:144} INFO - ✅ Yakutsk: flood=LOW(0.00) fire=LOW(0.05)
[2026-03-25T15:23:27.964+0000] {climarisk_dag.py:144} INFO - ✅ Khabarovsk: flood=HIGH(0.53) fire=LOW(0.05)
[2026-03-25T15:23:28.675+0000] {climarisk_dag.py:144} INFO - ✅ Kyiv: flood=LOW(0.00) fire=LOW(0.05)
[2026-03-25T15:23:29.360+0000] {climarisk_dag.py:144} INFO - ✅ New York: flood=LOW(0.20) fire=LOW(0.05)
[2026-03-25T15:23:30.073+0000] {climarisk_dag.py:144} INFO - ✅ Los Angeles: flood=HIGH(0.71) fire=LOW(0.16)
[2026-03-25T15:23:30.808+0000] {climarisk_dag.py:144} INFO - ✅ Chicago: flood=LOW(0.00) fire=LOW(0.05)
[2026-03-25T15:23:31.575+0000] {climarisk_dag.py:144} INFO - ✅ Houston: flood=MEDIUM(0.49) fire=LOW(0.13)
[2026-03-25T15:23:32.331+0000] {climarisk_dag.py:144} INFO - ✅ Miami: flood=MEDIUM(0.47) fire=LOW(0.05)
[2026-03-25T15:23:33.939+0000] {climarisk_dag.py:144} INFO - ✅ New Orleans: flood=MEDIUM(0.49) fire=LOW(0.13)
[2026-03-25T15:23:34.616+0000] {climarisk_dag.py:144} INFO - ✅ Seattle: flood=LOW(0.08) fire=LOW(0.05)
[2026-03-25T15:23:35.220+0000] {climarisk_dag.py:144} INFO - ✅ Sacramento: flood=HIGH(0.66) fire=LOW(0.08)
[2026-03-25T15:23:35.881+0000] {climarisk_dag.py:144} INFO - ✅ Fresno: flood=HIGH(0.71) fire=LOW(0.16)
[2026-03-25T15:23:36.615+0000] {climarisk_dag.py:144} INFO - ✅ Redding: flood=LOW(0.00) fire=LOW(0.05)
[2026-03-25T15:23:37.356+0000] {climarisk_dag.py:144} INFO - ✅ Memphis: flood=HIGH(0.71) fire=LOW(0.05)
[2026-03-25T15:23:38.040+0000] {climarisk_dag.py:144} INFO - ✅ Toronto: flood=LOW(0.23) fire=LOW(0.05)
[2026-03-25T15:23:38.768+0000] {climarisk_dag.py:144} INFO - ✅ Montreal: flood=LOW(0.29) fire=LOW(0.05)
[2026-03-25T15:23:39.509+0000] {climarisk_dag.py:144} INFO - ✅ Vancouver: flood=MEDIUM(0.31) fire=LOW(0.05)
[2026-03-25T15:23:40.297+0000] {climarisk_dag.py:144} INFO - ✅ Mexico City: flood=LOW(0.00) fire=LOW(0.10)
[2026-03-25T15:23:40.986+0000] {climarisk_dag.py:144} INFO - ✅ Veracruz: flood=MEDIUM(0.43) fire=LOW(0.05)
[2026-03-25T15:23:41.692+0000] {climarisk_dag.py:144} INFO - ✅ Cancún: flood=MEDIUM(0.41) fire=LOW(0.09)
[2026-03-25T15:23:42.408+0000] {climarisk_dag.py:144} INFO - ✅ São Paulo: flood=LOW(0.03) fire=LOW(0.10)
[2026-03-25T15:23:43.108+0000] {climarisk_dag.py:144} INFO - ✅ Rio de Janeiro: flood=LOW(0.17) fire=LOW(0.12)
[2026-03-25T15:23:43.840+0000] {climarisk_dag.py:144} INFO - ✅ Belém: flood=MEDIUM(0.31) fire=LOW(0.05)
[2026-03-25T15:23:44.595+0000] {climarisk_dag.py:144} INFO - ✅ Marabá: flood=LOW(0.10) fire=LOW(0.05)
[2026-03-25T15:23:45.329+0000] {climarisk_dag.py:144} INFO - ✅ Sinop: flood=LOW(0.02) fire=LOW(0.05)
[2026-03-25T15:23:46.088+0000] {climarisk_dag.py:144} INFO - ✅ Porto Velho: flood=LOW(0.13) fire=LOW(0.05)
[2026-03-25T15:23:46.836+0000] {climarisk_dag.py:144} INFO - ✅ Buenos Aires: flood=MEDIUM(0.37) fire=LOW(0.10)
[2026-03-25T15:23:47.560+0000] {climarisk_dag.py:144} INFO - ✅ Lima: flood=LOW(0.01) fire=LOW(0.10)
[2026-03-25T15:23:48.250+0000] {climarisk_dag.py:144} INFO - ✅ Bogotá: flood=LOW(0.17) fire=LOW(0.05)
[2026-03-25T15:23:48.962+0000] {climarisk_dag.py:144} INFO - ✅ Santiago: flood=LOW(0.00) fire=LOW(0.07)
[2026-03-25T15:23:49.679+0000] {climarisk_dag.py:144} INFO - ✅ Port-au-Prince: flood=LOW(0.13) fire=LOW(0.05)
[2026-03-25T15:23:50.440+0000] {climarisk_dag.py:144} INFO - ✅ San Juan: flood=HIGH(0.62) fire=LOW(0.05)
[2026-03-25T15:23:51.199+0000] {climarisk_dag.py:144} INFO - ✅ Kingston: flood=LOW(0.27) fire=LOW(0.11)
[2026-03-25T15:23:51.874+0000] {climarisk_dag.py:144} INFO - ✅ Port of Spain: flood=LOW(0.26) fire=LOW(0.14)
[2026-03-25T15:23:52.593+0000] {climarisk_dag.py:144} INFO - ✅ Sydney: flood=LOW(0.24) fire=LOW(0.05)
[2026-03-25T15:23:53.335+0000] {climarisk_dag.py:144} INFO - ✅ Melbourne: flood=LOW(0.13) fire=LOW(0.05)
[2026-03-25T15:23:54.084+0000] {climarisk_dag.py:144} INFO - ✅ Brisbane: flood=MEDIUM(0.37) fire=LOW(0.09)
[2026-03-25T15:23:54.802+0000] {climarisk_dag.py:144} INFO - ✅ Darwin: flood=MEDIUM(0.47) fire=LOW(0.13)
[2026-03-25T15:23:55.531+0000] {climarisk_dag.py:144} INFO - ✅ Alice Springs: flood=LOW(0.00) fire=LOW(0.08)
[2026-03-25T15:23:56.220+0000] {climarisk_dag.py:144} INFO - ✅ Cairns: flood=HIGH(0.68) fire=LOW(0.09)
[2026-03-25T15:23:57.061+0000] {climarisk_dag.py:144} INFO - ✅ Auckland: flood=LOW(0.04) fire=LOW(0.05)
[2026-03-25T15:23:57.917+0000] {climarisk_dag.py:144} INFO - ✅ Port Moresby: flood=LOW(0.12) fire=LOW(0.05)
[2026-03-25T15:23:57.917+0000] {climarisk_dag.py:156} INFO - ✅ Done: 291 OK, 0 errors, 218.8s
[2026-03-25T15:23:57.935+0000] {python.py:237} INFO - Done. Returned value was: None
[2026-03-25T15:23:57.935+0000] {taskinstance.py:441} INFO - ::group::Post task execution logs
[2026-03-25T15:23:57.947+0000] {taskinstance.py:1206} INFO - Marking task as SUCCESS. dag_id=***_predictions, task_id=predict_all_zones, run_id=scheduled__2026-03-25T15:17:00+00:00, execution_date=20260325T151700, start_date=20260325T152018, end_date=20260325T152357
[2026-03-25T15:23:57.966+0000] {local_task_job_runner.py:240} INFO - Task exited with return code 0
[2026-03-25T15:23:57.996+0000] {taskinstance.py:3498} INFO - 1 downstream tasks scheduled from follow-on schedule check
[2026-03-25T15:23:57.999+0000] {local_task_job_runner.py:222} INFO - ::endgroup::
