[2026-03-25T15:07:03.842+0000] {local_task_job_runner.py:120} INFO - ::group::Pre task execution logs
[2026-03-25T15:07:03.880+0000] {taskinstance.py:2076} INFO - Dependencies all met for dep_context=non-requeueable deps ti=<TaskInstance: climarisk_predictions.predict_all_zones scheduled__2026-03-25T15:03:00+00:00 [queued]>
[2026-03-25T15:07:03.890+0000] {taskinstance.py:2076} INFO - Dependencies all met for dep_context=requeueable deps ti=<TaskInstance: climarisk_predictions.predict_all_zones scheduled__2026-03-25T15:03:00+00:00 [queued]>
[2026-03-25T15:07:03.891+0000] {taskinstance.py:2306} INFO - Starting attempt 1 of 2
[2026-03-25T15:07:03.905+0000] {taskinstance.py:2330} INFO - Executing <Task(PythonOperator): predict_all_zones> on 2026-03-25 15:03:00+00:00
[2026-03-25T15:07:03.911+0000] {logging_mixin.py:188} WARNING - /home/airflow/.local/lib/python3.12/site-packages/airflow/task/task_runner/standard_task_runner.py:61 DeprecationWarning: This process (pid=2547) is multi-threaded, use of fork() may lead to deadlocks in the child.
[2026-03-25T15:07:03.912+0000] {standard_task_runner.py:63} INFO - Started process 2548 to run task
[2026-03-25T15:07:03.912+0000] {standard_task_runner.py:90} INFO - Running: ['airflow', 'tasks', 'run', '***_predictions', 'predict_all_zones', 'scheduled__2026-03-25T15:03:00+00:00', '--job-id', '538', '--raw', '--subdir', 'DAGS_FOLDER/***_dag.py', '--cfg-path', '/tmp/tmp_h1mekyn']
[2026-03-25T15:07:03.914+0000] {standard_task_runner.py:91} INFO - Job 538: Subtask predict_all_zones
[2026-03-25T15:07:03.993+0000] {task_command.py:426} INFO - Running <TaskInstance: climarisk_predictions.predict_all_zones scheduled__2026-03-25T15:03:00+00:00 [running]> on host 6146f0e8983c
[2026-03-25T15:07:04.092+0000] {taskinstance.py:2648} INFO - Exporting env vars: AIRFLOW_CTX_DAG_OWNER='***' AIRFLOW_CTX_DAG_ID='***_predictions' AIRFLOW_CTX_TASK_ID='predict_all_zones' AIRFLOW_CTX_EXECUTION_DATE='2026-03-25T15:03:00+00:00' AIRFLOW_CTX_TRY_NUMBER='1' AIRFLOW_CTX_DAG_RUN_ID='scheduled__2026-03-25T15:03:00+00:00'
[2026-03-25T15:07:04.094+0000] {taskinstance.py:430} INFO - ::endgroup::
[2026-03-25T15:07:04.718+0000] {climarisk_dag.py:153} ERROR - ❌ Alger: 500 Server Error: Internal Server Error for url: http://backend:8000/api/predictions/flood
[2026-03-25T15:07:05.058+0000] {climarisk_dag.py:153} ERROR - ❌ Cairo: 500 Server Error: Internal Server Error for url: http://backend:8000/api/predictions/flood
[2026-03-25T15:07:05.386+0000] {climarisk_dag.py:153} ERROR - ❌ Lagos: 500 Server Error: Internal Server Error for url: http://backend:8000/api/predictions/flood
[2026-03-25T15:07:05.756+0000] {climarisk_dag.py:153} ERROR - ❌ Kano: 500 Server Error: Internal Server Error for url: http://backend:8000/api/predictions/flood
[2026-03-25T15:07:06.099+0000] {climarisk_dag.py:153} ERROR - ❌ Abuja: 500 Server Error: Internal Server Error for url: http://backend:8000/api/predictions/flood
[2026-03-25T15:07:06.461+0000] {climarisk_dag.py:153} ERROR - ❌ Johannesburg: 500 Server Error: Internal Server Error for url: http://backend:8000/api/predictions/flood
[2026-03-25T15:07:06.836+0000] {climarisk_dag.py:153} ERROR - ❌ Cape Town: 500 Server Error: Internal Server Error for url: http://backend:8000/api/predictions/flood
[2026-03-25T15:07:07.210+0000] {climarisk_dag.py:153} ERROR - ❌ Nairobi: 500 Server Error: Internal Server Error for url: http://backend:8000/api/predictions/flood
[2026-03-25T15:07:07.594+0000] {climarisk_dag.py:153} ERROR - ❌ Addis Ababa: 500 Server Error: Internal Server Error for url: http://backend:8000/api/predictions/flood
[2026-03-25T15:07:08.010+0000] {climarisk_dag.py:153} ERROR - ❌ Dar es Salaam: 500 Server Error: Internal Server Error for url: http://backend:8000/api/predictions/flood
[2026-03-25T15:07:08.380+0000] {climarisk_dag.py:153} ERROR - ❌ Accra: 500 Server Error: Internal Server Error for url: http://backend:8000/api/predictions/flood
[2026-03-25T15:07:08.742+0000] {climarisk_dag.py:153} ERROR - ❌ Casablanca: 500 Server Error: Internal Server Error for url: http://backend:8000/api/predictions/flood
[2026-03-25T15:07:09.146+0000] {climarisk_dag.py:153} ERROR - ❌ Mohammedia: 500 Server Error: Internal Server Error for url: http://backend:8000/api/predictions/flood
[2026-03-25T15:07:09.524+0000] {climarisk_dag.py:153} ERROR - ❌ El Jadida: 500 Server Error: Internal Server Error for url: http://backend:8000/api/predictions/flood
[2026-03-25T15:07:09.697+0000] {climarisk_dag.py:153} ERROR - ❌ Settat: 500 Server Error: Internal Server Error for url: http://backend:8000/api/predictions/flood
[2026-03-25T15:07:10.056+0000] {climarisk_dag.py:153} ERROR - ❌ Berrechid: 500 Server Error: Internal Server Error for url: http://backend:8000/api/predictions/flood
[2026-03-25T15:07:10.370+0000] {climarisk_dag.py:153} ERROR - ❌ Benslimane: 500 Server Error: Internal Server Error for url: http://backend:8000/api/predictions/flood
[2026-03-25T15:07:10.725+0000] {climarisk_dag.py:153} ERROR - ❌ Sidi Bennour: 500 Server Error: Internal Server Error for url: http://backend:8000/api/predictions/flood
[2026-03-25T15:07:11.063+0000] {climarisk_dag.py:153} ERROR - ❌ Azemmour: 500 Server Error: Internal Server Error for url: http://backend:8000/api/predictions/flood
[2026-03-25T15:07:11.412+0000] {climarisk_dag.py:153} ERROR - ❌ Mediouna: 500 Server Error: Internal Server Error for url: http://backend:8000/api/predictions/flood
[2026-03-25T15:07:11.766+0000] {climarisk_dag.py:153} ERROR - ❌ Nouaceur: 500 Server Error: Internal Server Error for url: http://backend:8000/api/predictions/flood
[2026-03-25T15:07:12.120+0000] {climarisk_dag.py:153} ERROR - ❌ Rabat: 500 Server Error: Internal Server Error for url: http://backend:8000/api/predictions/flood
[2026-03-25T15:07:12.511+0000] {climarisk_dag.py:153} ERROR - ❌ Salé: 500 Server Error: Internal Server Error for url: http://backend:8000/api/predictions/flood
[2026-03-25T15:07:12.906+0000] {climarisk_dag.py:153} ERROR - ❌ Kénitra: 500 Server Error: Internal Server Error for url: http://backend:8000/api/predictions/flood
[2026-03-25T15:07:13.256+0000] {climarisk_dag.py:153} ERROR - ❌ Témara: 500 Server Error: Internal Server Error for url: http://backend:8000/api/predictions/flood
[2026-03-25T15:07:13.737+0000] {climarisk_dag.py:153} ERROR - ❌ Skhirat: 500 Server Error: Internal Server Error for url: http://backend:8000/api/predictions/flood
[2026-03-25T15:07:14.067+0000] {climarisk_dag.py:153} ERROR - ❌ Tiflet: 500 Server Error: Internal Server Error for url: http://backend:8000/api/predictions/flood
[2026-03-25T15:07:14.443+0000] {climarisk_dag.py:153} ERROR - ❌ Khémisset: 500 Server Error: Internal Server Error for url: http://backend:8000/api/predictions/flood
[2026-03-25T15:07:14.806+0000] {climarisk_dag.py:153} ERROR - ❌ Sidi Slimane: 500 Server Error: Internal Server Error for url: http://backend:8000/api/predictions/flood
[2026-03-25T15:07:15.162+0000] {climarisk_dag.py:153} ERROR - ❌ Sidi Kacem: 500 Server Error: Internal Server Error for url: http://backend:8000/api/predictions/flood
[2026-03-25T15:07:15.459+0000] {climarisk_dag.py:153} ERROR - ❌ Souk el Arba: 500 Server Error: Internal Server Error for url: http://backend:8000/api/predictions/flood
[2026-03-25T15:07:15.791+0000] {climarisk_dag.py:153} ERROR - ❌ Ouazzane: 500 Server Error: Internal Server Error for url: http://backend:8000/api/predictions/flood
[2026-03-25T15:07:17.084+0000] {climarisk_dag.py:153} ERROR - ❌ Fès: 500 Server Error: Internal Server Error for url: http://backend:8000/api/predictions/flood
[2026-03-25T15:07:17.456+0000] {climarisk_dag.py:153} ERROR - ❌ Meknès: 500 Server Error: Internal Server Error for url: http://backend:8000/api/predictions/flood
[2026-03-25T15:07:17.812+0000] {climarisk_dag.py:153} ERROR - ❌ Ifrane: 500 Server Error: Internal Server Error for url: http://backend:8000/api/predictions/flood
[2026-03-25T15:07:18.170+0000] {climarisk_dag.py:153} ERROR - ❌ Azrou: 500 Server Error: Internal Server Error for url: http://backend:8000/api/predictions/flood
[2026-03-25T15:07:18.501+0000] {climarisk_dag.py:153} ERROR - ❌ Taounate: 500 Server Error: Internal Server Error for url: http://backend:8000/api/predictions/flood
[2026-03-25T15:07:18.855+0000] {climarisk_dag.py:153} ERROR - ❌ Taza: 500 Server Error: Internal Server Error for url: http://backend:8000/api/predictions/flood
[2026-03-25T15:07:19.189+0000] {climarisk_dag.py:153} ERROR - ❌ Sefrou: 500 Server Error: Internal Server Error for url: http://backend:8000/api/predictions/flood
[2026-03-25T15:07:19.561+0000] {climarisk_dag.py:153} ERROR - ❌ Boulemane: 500 Server Error: Internal Server Error for url: http://backend:8000/api/predictions/flood
[2026-03-25T15:07:19.941+0000] {climarisk_dag.py:153} ERROR - ❌ El Hajeb: 500 Server Error: Internal Server Error for url: http://backend:8000/api/predictions/flood
[2026-03-25T15:07:20.298+0000] {climarisk_dag.py:153} ERROR - ❌ Missour: 500 Server Error: Internal Server Error for url: http://backend:8000/api/predictions/flood
[2026-03-25T15:07:20.642+0000] {climarisk_dag.py:153} ERROR - ❌ Guercif: 500 Server Error: Internal Server Error for url: http://backend:8000/api/predictions/flood
[2026-03-25T15:07:20.994+0000] {climarisk_dag.py:153} ERROR - ❌ Marrakech: 500 Server Error: Internal Server Error for url: http://backend:8000/api/predictions/flood
[2026-03-25T15:07:21.353+0000] {climarisk_dag.py:153} ERROR - ❌ Safi: 500 Server Error: Internal Server Error for url: http://backend:8000/api/predictions/flood
[2026-03-25T15:07:21.694+0000] {climarisk_dag.py:153} ERROR - ❌ Essaouira: 500 Server Error: Internal Server Error for url: http://backend:8000/api/predictions/flood
[2026-03-25T15:07:22.037+0000] {climarisk_dag.py:153} ERROR - ❌ El Kelaa des Sraghna: 500 Server Error: Internal Server Error for url: http://backend:8000/api/predictions/flood
[2026-03-25T15:07:22.446+0000] {climarisk_dag.py:153} ERROR - ❌ Chichaoua: 500 Server Error: Internal Server Error for url: http://backend:8000/api/predictions/flood
[2026-03-25T15:07:22.820+0000] {climarisk_dag.py:153} ERROR - ❌ Youssoufia: 500 Server Error: Internal Server Error for url: http://backend:8000/api/predictions/flood
[2026-03-25T15:07:23.136+0000] {climarisk_dag.py:153} ERROR - ❌ Ben Guerir: 500 Server Error: Internal Server Error for url: http://backend:8000/api/predictions/flood
[2026-03-25T15:07:23.492+0000] {climarisk_dag.py:153} ERROR - ❌ Tahanaout: 500 Server Error: Internal Server Error for url: http://backend:8000/api/predictions/flood
[2026-03-25T15:07:23.839+0000] {climarisk_dag.py:153} ERROR - ❌ Ait Ourir: 500 Server Error: Internal Server Error for url: http://backend:8000/api/predictions/flood
[2026-03-25T15:07:24.185+0000] {climarisk_dag.py:153} ERROR - ❌ Demnate: 500 Server Error: Internal Server Error for url: http://backend:8000/api/predictions/flood
[2026-03-25T15:07:24.523+0000] {climarisk_dag.py:153} ERROR - ❌ Tanger: 500 Server Error: Internal Server Error for url: http://backend:8000/api/predictions/flood
[2026-03-25T15:07:24.833+0000] {climarisk_dag.py:153} ERROR - ❌ Tétouan: 500 Server Error: Internal Server Error for url: http://backend:8000/api/predictions/flood
[2026-03-25T15:07:25.146+0000] {climarisk_dag.py:153} ERROR - ❌ Al Hoceïma: 500 Server Error: Internal Server Error for url: http://backend:8000/api/predictions/flood
[2026-03-25T15:07:25.478+0000] {climarisk_dag.py:153} ERROR - ❌ Larache: 500 Server Error: Internal Server Error for url: http://backend:8000/api/predictions/flood
[2026-03-25T15:07:25.834+0000] {climarisk_dag.py:153} ERROR - ❌ Chefchaouen: 500 Server Error: Internal Server Error for url: http://backend:8000/api/predictions/flood
[2026-03-25T15:07:26.194+0000] {climarisk_dag.py:153} ERROR - ❌ Asilah: 500 Server Error: Internal Server Error for url: http://backend:8000/api/predictions/flood
[2026-03-25T15:07:26.547+0000] {climarisk_dag.py:153} ERROR - ❌ Fnideq: 500 Server Error: Internal Server Error for url: http://backend:8000/api/predictions/flood
[2026-03-25T15:07:26.902+0000] {climarisk_dag.py:153} ERROR - ❌ Martil: 500 Server Error: Internal Server Error for url: http://backend:8000/api/predictions/flood
[2026-03-25T15:07:27.264+0000] {climarisk_dag.py:153} ERROR - ❌ Mdiq: 500 Server Error: Internal Server Error for url: http://backend:8000/api/predictions/flood
[2026-03-25T15:07:27.598+0000] {climarisk_dag.py:153} ERROR - ❌ Ksar el Kebir: 500 Server Error: Internal Server Error for url: http://backend:8000/api/predictions/flood
[2026-03-25T15:07:27.933+0000] {climarisk_dag.py:153} ERROR - ❌ Ouazzane: 500 Server Error: Internal Server Error for url: http://backend:8000/api/predictions/flood
[2026-03-25T15:07:28.235+0000] {climarisk_dag.py:153} ERROR - ❌ Targuist: 500 Server Error: Internal Server Error for url: http://backend:8000/api/predictions/flood
[2026-03-25T15:07:28.578+0000] {climarisk_dag.py:153} ERROR - ❌ Imzouren: 500 Server Error: Internal Server Error for url: http://backend:8000/api/predictions/flood
[2026-03-25T15:07:28.932+0000] {climarisk_dag.py:153} ERROR - ❌ Beni Mellal-Khenifra: 500 Server Error: Internal Server Error for url: http://backend:8000/api/predictions/flood
[2026-03-25T15:07:29.241+0000] {climarisk_dag.py:153} ERROR - ❌ Khénifra: 500 Server Error: Internal Server Error for url: http://backend:8000/api/predictions/flood
[2026-03-25T15:07:29.559+0000] {climarisk_dag.py:153} ERROR - ❌ Azilal: 500 Server Error: Internal Server Error for url: http://backend:8000/api/predictions/flood
[2026-03-25T15:07:29.904+0000] {climarisk_dag.py:153} ERROR - ❌ Nanjing: 500 Server Error: Internal Server Error for url: http://backend:8000/api/predictions/flood
[2026-03-25T15:07:30.262+0000] {climarisk_dag.py:153} ERROR - ❌ Khouribga: 500 Server Error: Internal Server Error for url: http://backend:8000/api/predictions/flood
[2026-03-25T15:07:30.616+0000] {climarisk_dag.py:153} ERROR - ❌ Fkih Ben Salah: 500 Server Error: Internal Server Error for url: http://backend:8000/api/predictions/flood
[2026-03-25T15:07:31.006+0000] {climarisk_dag.py:153} ERROR - ❌ Souk Sebt: 500 Server Error: Internal Server Error for url: http://backend:8000/api/predictions/flood
[2026-03-25T15:07:31.314+0000] {climarisk_dag.py:153} ERROR - ❌ Midelt: 500 Server Error: Internal Server Error for url: http://backend:8000/api/predictions/flood
[2026-03-25T15:07:31.690+0000] {climarisk_dag.py:153} ERROR - ❌ Zaouiat Cheikh: 500 Server Error: Internal Server Error for url: http://backend:8000/api/predictions/flood
[2026-03-25T15:07:32.001+0000] {climarisk_dag.py:153} ERROR - ❌ Oujda: 500 Server Error: Internal Server Error for url: http://backend:8000/api/predictions/flood
[2026-03-25T15:07:32.335+0000] {climarisk_dag.py:153} ERROR - ❌ Nador: 500 Server Error: Internal Server Error for url: http://backend:8000/api/predictions/flood
[2026-03-25T15:07:32.706+0000] {climarisk_dag.py:153} ERROR - ❌ Berkane: 500 Server Error: Internal Server Error for url: http://backend:8000/api/predictions/flood
[2026-03-25T15:07:33.027+0000] {climarisk_dag.py:153} ERROR - ❌ Taourirt: 500 Server Error: Internal Server Error for url: http://backend:8000/api/predictions/flood
[2026-03-25T15:07:33.399+0000] {climarisk_dag.py:153} ERROR - ❌ Jerada: 500 Server Error: Internal Server Error for url: http://backend:8000/api/predictions/flood
[2026-03-25T15:07:33.747+0000] {climarisk_dag.py:153} ERROR - ❌ Figuig: 500 Server Error: Internal Server Error for url: http://backend:8000/api/predictions/flood
[2026-03-25T15:07:34.091+0000] {climarisk_dag.py:153} ERROR - ❌ Bouarfa: 500 Server Error: Internal Server Error for url: http://backend:8000/api/predictions/flood
[2026-03-25T15:07:34.461+0000] {climarisk_dag.py:153} ERROR - ❌ Selouane: 500 Server Error: Internal Server Error for url: http://backend:8000/api/predictions/flood
[2026-03-25T15:07:34.865+0000] {climarisk_dag.py:153} ERROR - ❌ Zaio: 500 Server Error: Internal Server Error for url: http://backend:8000/api/predictions/flood
[2026-03-25T15:07:35.213+0000] {climarisk_dag.py:153} ERROR - ❌ Agadir: 500 Server Error: Internal Server Error for url: http://backend:8000/api/predictions/flood
[2026-03-25T15:07:35.564+0000] {climarisk_dag.py:153} ERROR - ❌ Inezgane: 500 Server Error: Internal Server Error for url: http://backend:8000/api/predictions/flood
[2026-03-25T15:07:35.936+0000] {climarisk_dag.py:153} ERROR - ❌ Tiznit: 500 Server Error: Internal Server Error for url: http://backend:8000/api/predictions/flood
[2026-03-25T15:07:36.290+0000] {climarisk_dag.py:153} ERROR - ❌ Taroudannt: 500 Server Error: Internal Server Error for url: http://backend:8000/api/predictions/flood
[2026-03-25T15:07:36.650+0000] {climarisk_dag.py:153} ERROR - ❌ Ouarzazate: 500 Server Error: Internal Server Error for url: http://backend:8000/api/predictions/flood
[2026-03-25T15:07:37.090+0000] {climarisk_dag.py:153} ERROR - ❌ Ait Melloul: 500 Server Error: Internal Server Error for url: http://backend:8000/api/predictions/flood
[2026-03-25T15:07:37.456+0000] {climarisk_dag.py:153} ERROR - ❌ Biougra: 500 Server Error: Internal Server Error for url: http://backend:8000/api/predictions/flood
[2026-03-25T15:07:37.815+0000] {climarisk_dag.py:153} ERROR - ❌ Chtouka Ait Baha: 500 Server Error: Internal Server Error for url: http://backend:8000/api/predictions/flood
[2026-03-25T15:07:38.189+0000] {climarisk_dag.py:153} ERROR - ❌ Tata: 500 Server Error: Internal Server Error for url: http://backend:8000/api/predictions/flood
[2026-03-25T15:07:38.558+0000] {climarisk_dag.py:153} ERROR - ❌ Sidi Ifni: 500 Server Error: Internal Server Error for url: http://backend:8000/api/predictions/flood
[2026-03-25T15:07:38.913+0000] {climarisk_dag.py:153} ERROR - ❌ Massa: 500 Server Error: Internal Server Error for url: http://backend:8000/api/predictions/flood
[2026-03-25T15:07:39.279+0000] {climarisk_dag.py:153} ERROR - ❌ Errachidia: 500 Server Error: Internal Server Error for url: http://backend:8000/api/predictions/flood
[2026-03-25T15:07:39.444+0000] {climarisk_dag.py:153} ERROR - ❌ Zagora: 500 Server Error: Internal Server Error for url: http://backend:8000/api/predictions/flood
[2026-03-25T15:07:39.774+0000] {climarisk_dag.py:153} ERROR - ❌ Tinghir: 500 Server Error: Internal Server Error for url: http://backend:8000/api/predictions/flood
[2026-03-25T15:07:40.139+0000] {climarisk_dag.py:153} ERROR - ❌ Ouarzazate: 500 Server Error: Internal Server Error for url: http://backend:8000/api/predictions/flood
[2026-03-25T15:07:40.499+0000] {climarisk_dag.py:153} ERROR - ❌ Rissani: 500 Server Error: Internal Server Error for url: http://backend:8000/api/predictions/flood
[2026-03-25T15:07:40.891+0000] {climarisk_dag.py:153} ERROR - ❌ Erfoud: 500 Server Error: Internal Server Error for url: http://backend:8000/api/predictions/flood
[2026-03-25T15:07:41.242+0000] {climarisk_dag.py:153} ERROR - ❌ Merzouga: 500 Server Error: Internal Server Error for url: http://backend:8000/api/predictions/flood
[2026-03-25T15:07:41.580+0000] {climarisk_dag.py:153} ERROR - ❌ Alnif: 500 Server Error: Internal Server Error for url: http://backend:8000/api/predictions/flood
[2026-03-25T15:07:41.928+0000] {climarisk_dag.py:153} ERROR - ❌ Goulmima: 500 Server Error: Internal Server Error for url: http://backend:8000/api/predictions/flood
[2026-03-25T15:07:42.277+0000] {climarisk_dag.py:153} ERROR - ❌ Laâyoune: 500 Server Error: Internal Server Error for url: http://backend:8000/api/predictions/flood
[2026-03-25T15:07:42.590+0000] {climarisk_dag.py:153} ERROR - ❌ Boujdour: 500 Server Error: Internal Server Error for url: http://backend:8000/api/predictions/flood
[2026-03-25T15:07:42.933+0000] {climarisk_dag.py:153} ERROR - ❌ Tarfaya: 500 Server Error: Internal Server Error for url: http://backend:8000/api/predictions/flood
[2026-03-25T15:07:43.271+0000] {climarisk_dag.py:153} ERROR - ❌ Smara: 500 Server Error: Internal Server Error for url: http://backend:8000/api/predictions/flood
[2026-03-25T15:07:43.611+0000] {climarisk_dag.py:153} ERROR - ❌ El Marsa: 500 Server Error: Internal Server Error for url: http://backend:8000/api/predictions/flood
[2026-03-25T15:07:43.963+0000] {climarisk_dag.py:153} ERROR - ❌ Dakhla: 500 Server Error: Internal Server Error for url: http://backend:8000/api/predictions/flood
[2026-03-25T15:07:44.306+0000] {climarisk_dag.py:153} ERROR - ❌ Aousserd: 500 Server Error: Internal Server Error for url: http://backend:8000/api/predictions/flood
[2026-03-25T15:07:44.725+0000] {climarisk_dag.py:153} ERROR - ❌ Guelmim: 500 Server Error: Internal Server Error for url: http://backend:8000/api/predictions/flood
[2026-03-25T15:07:45.084+0000] {climarisk_dag.py:153} ERROR - ❌ Tan-Tan: 500 Server Error: Internal Server Error for url: http://backend:8000/api/predictions/flood
[2026-03-25T15:07:45.438+0000] {climarisk_dag.py:153} ERROR - ❌ Assa: 500 Server Error: Internal Server Error for url: http://backend:8000/api/predictions/flood
[2026-03-25T15:07:45.782+0000] {climarisk_dag.py:153} ERROR - ❌ Zag: 500 Server Error: Internal Server Error for url: http://backend:8000/api/predictions/flood
[2026-03-25T15:07:46.142+0000] {climarisk_dag.py:153} ERROR - ❌ Sidi Ifni: 500 Server Error: Internal Server Error for url: http://backend:8000/api/predictions/flood
[2026-03-25T15:07:46.492+0000] {climarisk_dag.py:153} ERROR - ❌ Tiznit: 500 Server Error: Internal Server Error for url: http://backend:8000/api/predictions/flood
[2026-03-25T15:07:46.836+0000] {climarisk_dag.py:153} ERROR - ❌ Tunis: 500 Server Error: Internal Server Error for url: http://backend:8000/api/predictions/flood
[2026-03-25T15:07:48.173+0000] {climarisk_dag.py:153} ERROR - ❌ Kampala: 500 Server Error: Internal Server Error for url: http://backend:8000/api/predictions/flood
[2026-03-25T15:07:48.656+0000] {climarisk_dag.py:153} ERROR - ❌ Dakar: 500 Server Error: Internal Server Error for url: http://backend:8000/api/predictions/flood
[2026-03-25T15:07:49.056+0000] {climarisk_dag.py:153} ERROR - ❌ Kinshasa: 500 Server Error: Internal Server Error for url: http://backend:8000/api/predictions/flood
[2026-03-25T15:07:49.440+0000] {climarisk_dag.py:153} ERROR - ❌ Luanda: 500 Server Error: Internal Server Error for url: http://backend:8000/api/predictions/flood
[2026-03-25T15:07:49.753+0000] {climarisk_dag.py:153} ERROR - ❌ Khartoum: 500 Server Error: Internal Server Error for url: http://backend:8000/api/predictions/flood
[2026-03-25T15:07:50.110+0000] {climarisk_dag.py:153} ERROR - ❌ Harare: 500 Server Error: Internal Server Error for url: http://backend:8000/api/predictions/flood
[2026-03-25T15:07:50.502+0000] {climarisk_dag.py:153} ERROR - ❌ Lusaka: 500 Server Error: Internal Server Error for url: http://backend:8000/api/predictions/flood
[2026-03-25T15:07:50.807+0000] {climarisk_dag.py:153} ERROR - ❌ Maputo: 500 Server Error: Internal Server Error for url: http://backend:8000/api/predictions/flood
[2026-03-25T15:07:51.175+0000] {climarisk_dag.py:153} ERROR - ❌ Antananarivo: 500 Server Error: Internal Server Error for url: http://backend:8000/api/predictions/flood
[2026-03-25T15:07:51.516+0000] {climarisk_dag.py:153} ERROR - ❌ Abidjan: 500 Server Error: Internal Server Error for url: http://backend:8000/api/predictions/flood
[2026-03-25T15:07:51.865+0000] {climarisk_dag.py:153} ERROR - ❌ Douala: 500 Server Error: Internal Server Error for url: http://backend:8000/api/predictions/flood
[2026-03-25T15:07:52.198+0000] {climarisk_dag.py:153} ERROR - ❌ Niamey: 500 Server Error: Internal Server Error for url: http://backend:8000/api/predictions/flood
[2026-03-25T15:07:52.618+0000] {climarisk_dag.py:153} ERROR - ❌ Ouagadougou: 500 Server Error: Internal Server Error for url: http://backend:8000/api/predictions/flood
[2026-03-25T15:07:52.987+0000] {climarisk_dag.py:153} ERROR - ❌ Bamako: 500 Server Error: Internal Server Error for url: http://backend:8000/api/predictions/flood
[2026-03-25T15:07:53.327+0000] {climarisk_dag.py:153} ERROR - ❌ Windhoek: 500 Server Error: Internal Server Error for url: http://backend:8000/api/predictions/flood
[2026-03-25T15:07:53.639+0000] {climarisk_dag.py:153} ERROR - ❌ Port Harcourt: 500 Server Error: Internal Server Error for url: http://backend:8000/api/predictions/flood
[2026-03-25T15:07:53.981+0000] {climarisk_dag.py:153} ERROR - ❌ Warri: 500 Server Error: Internal Server Error for url: http://backend:8000/api/predictions/flood
[2026-03-25T15:07:54.331+0000] {climarisk_dag.py:153} ERROR - ❌ Calabar: 500 Server Error: Internal Server Error for url: http://backend:8000/api/predictions/flood
[2026-03-25T15:07:54.702+0000] {climarisk_dag.py:153} ERROR - ❌ Beijing: 500 Server Error: Internal Server Error for url: http://backend:8000/api/predictions/flood
[2026-03-25T15:07:55.006+0000] {climarisk_dag.py:153} ERROR - ❌ Shanghai: 500 Server Error: Internal Server Error for url: http://backend:8000/api/predictions/flood
[2026-03-25T15:07:55.305+0000] {climarisk_dag.py:153} ERROR - ❌ Guangzhou: 500 Server Error: Internal Server Error for url: http://backend:8000/api/predictions/flood
[2026-03-25T15:07:55.658+0000] {climarisk_dag.py:153} ERROR - ❌ Chengdu: 500 Server Error: Internal Server Error for url: http://backend:8000/api/predictions/flood
[2026-03-25T15:07:56.012+0000] {climarisk_dag.py:153} ERROR - ❌ Wuhan: 500 Server Error: Internal Server Error for url: http://backend:8000/api/predictions/flood
[2026-03-25T15:07:56.365+0000] {climarisk_dag.py:153} ERROR - ❌ Chongqing: 500 Server Error: Internal Server Error for url: http://backend:8000/api/predictions/flood
[2026-03-25T15:07:56.704+0000] {climarisk_dag.py:153} ERROR - ❌ Zhengzhou: 500 Server Error: Internal Server Error for url: http://backend:8000/api/predictions/flood
[2026-03-25T15:07:57.026+0000] {climarisk_dag.py:153} ERROR - ❌ Changsha: 500 Server Error: Internal Server Error for url: http://backend:8000/api/predictions/flood
[2026-03-25T15:07:57.339+0000] {climarisk_dag.py:153} ERROR - ❌ Nanchang: 500 Server Error: Internal Server Error for url: http://backend:8000/api/predictions/flood
[2026-03-25T15:07:57.667+0000] {climarisk_dag.py:153} ERROR - ❌ Yichang: 500 Server Error: Internal Server Error for url: http://backend:8000/api/predictions/flood
[2026-03-25T15:07:58.026+0000] {climarisk_dag.py:153} ERROR - ❌ Haikou: 500 Server Error: Internal Server Error for url: http://backend:8000/api/predictions/flood
[2026-03-25T15:07:58.421+0000] {climarisk_dag.py:153} ERROR - ❌ Hong Kong: 500 Server Error: Internal Server Error for url: http://backend:8000/api/predictions/flood
[2026-03-25T15:07:58.778+0000] {climarisk_dag.py:153} ERROR - ❌ Taipei: 500 Server Error: Internal Server Error for url: http://backend:8000/api/predictions/flood
[2026-03-25T15:07:59.132+0000] {climarisk_dag.py:153} ERROR - ❌ Kaohsiung: 500 Server Error: Internal Server Error for url: http://backend:8000/api/predictions/flood
[2026-03-25T15:07:59.500+0000] {climarisk_dag.py:153} ERROR - ❌ Mumbai: 500 Server Error: Internal Server Error for url: http://backend:8000/api/predictions/flood
[2026-03-25T15:07:59.851+0000] {climarisk_dag.py:153} ERROR - ❌ Delhi: 500 Server Error: Internal Server Error for url: http://backend:8000/api/predictions/flood
[2026-03-25T15:08:00.239+0000] {climarisk_dag.py:153} ERROR - ❌ Bangalore: 500 Server Error: Internal Server Error for url: http://backend:8000/api/predictions/flood
[2026-03-25T15:08:00.584+0000] {climarisk_dag.py:153} ERROR - ❌ Chennai: 500 Server Error: Internal Server Error for url: http://backend:8000/api/predictions/flood
[2026-03-25T15:08:00.952+0000] {climarisk_dag.py:153} ERROR - ❌ Kolkata: 500 Server Error: Internal Server Error for url: http://backend:8000/api/predictions/flood
[2026-03-25T15:08:01.270+0000] {climarisk_dag.py:153} ERROR - ❌ Patna: 500 Server Error: Internal Server Error for url: http://backend:8000/api/predictions/flood
[2026-03-25T15:08:01.629+0000] {climarisk_dag.py:153} ERROR - ❌ Guwahati: 500 Server Error: Internal Server Error for url: http://backend:8000/api/predictions/flood
[2026-03-25T15:08:01.938+0000] {climarisk_dag.py:153} ERROR - ❌ Varanasi: 500 Server Error: Internal Server Error for url: http://backend:8000/api/predictions/flood
[2026-03-25T15:08:02.283+0000] {climarisk_dag.py:153} ERROR - ❌ Muzaffarpur: 500 Server Error: Internal Server Error for url: http://backend:8000/api/predictions/flood
[2026-03-25T15:08:02.673+0000] {climarisk_dag.py:153} ERROR - ❌ Visakhapatnam: 500 Server Error: Internal Server Error for url: http://backend:8000/api/predictions/flood
[2026-03-25T15:08:03.030+0000] {climarisk_dag.py:153} ERROR - ❌ Vijayawada: 500 Server Error: Internal Server Error for url: http://backend:8000/api/predictions/flood
[2026-03-25T15:08:03.409+0000] {climarisk_dag.py:153} ERROR - ❌ Tokyo: 500 Server Error: Internal Server Error for url: http://backend:8000/api/predictions/flood
[2026-03-25T15:08:03.767+0000] {climarisk_dag.py:153} ERROR - ❌ Osaka: 500 Server Error: Internal Server Error for url: http://backend:8000/api/predictions/flood
[2026-03-25T15:08:04.133+0000] {climarisk_dag.py:153} ERROR - ❌ Sapporo: 500 Server Error: Internal Server Error for url: http://backend:8000/api/predictions/flood
[2026-03-25T15:08:04.483+0000] {climarisk_dag.py:153} ERROR - ❌ Naha: 500 Server Error: Internal Server Error for url: http://backend:8000/api/predictions/flood
[2026-03-25T15:08:04.845+0000] {climarisk_dag.py:153} ERROR - ❌ Seoul: 500 Server Error: Internal Server Error for url: http://backend:8000/api/predictions/flood
[2026-03-25T15:08:05.190+0000] {climarisk_dag.py:153} ERROR - ❌ Busan: 500 Server Error: Internal Server Error for url: http://backend:8000/api/predictions/flood
[2026-03-25T15:08:05.511+0000] {climarisk_dag.py:153} ERROR - ❌ Bangkok: 500 Server Error: Internal Server Error for url: http://backend:8000/api/predictions/flood
[2026-03-25T15:08:05.880+0000] {climarisk_dag.py:153} ERROR - ❌ Chiang Mai: 500 Server Error: Internal Server Error for url: http://backend:8000/api/predictions/flood
[2026-03-25T15:08:06.255+0000] {climarisk_dag.py:153} ERROR - ❌ Jakarta: 500 Server Error: Internal Server Error for url: http://backend:8000/api/predictions/flood
[2026-03-25T15:08:06.574+0000] {climarisk_dag.py:153} ERROR - ❌ Surabaya: 500 Server Error: Internal Server Error for url: http://backend:8000/api/predictions/flood
[2026-03-25T15:08:06.878+0000] {climarisk_dag.py:153} ERROR - ❌ Medan: 500 Server Error: Internal Server Error for url: http://backend:8000/api/predictions/flood
[2026-03-25T15:08:07.230+0000] {climarisk_dag.py:153} ERROR - ❌ Manila: 500 Server Error: Internal Server Error for url: http://backend:8000/api/predictions/flood
[2026-03-25T15:08:07.605+0000] {climarisk_dag.py:153} ERROR - ❌ Cebu: 500 Server Error: Internal Server Error for url: http://backend:8000/api/predictions/flood
[2026-03-25T15:08:07.928+0000] {climarisk_dag.py:153} ERROR - ❌ Tacloban: 500 Server Error: Internal Server Error for url: http://backend:8000/api/predictions/flood
[2026-03-25T15:08:08.260+0000] {climarisk_dag.py:153} ERROR - ❌ Legazpi: 500 Server Error: Internal Server Error for url: http://backend:8000/api/predictions/flood
[2026-03-25T15:08:08.562+0000] {climarisk_dag.py:153} ERROR - ❌ Zamboanga: 500 Server Error: Internal Server Error for url: http://backend:8000/api/predictions/flood
[2026-03-25T15:08:08.920+0000] {climarisk_dag.py:153} ERROR - ❌ Kuala Lumpur: 500 Server Error: Internal Server Error for url: http://backend:8000/api/predictions/flood
[2026-03-25T15:08:09.257+0000] {climarisk_dag.py:153} ERROR - ❌ Singapore: 500 Server Error: Internal Server Error for url: http://backend:8000/api/predictions/flood
[2026-03-25T15:08:09.452+0000] {climarisk_dag.py:153} ERROR - ❌ Ho Chi Minh City: 500 Server Error: Internal Server Error for url: http://backend:8000/api/predictions/flood
[2026-03-25T15:08:09.809+0000] {climarisk_dag.py:153} ERROR - ❌ Hanoi: 500 Server Error: Internal Server Error for url: http://backend:8000/api/predictions/flood
[2026-03-25T15:08:10.201+0000] {climarisk_dag.py:153} ERROR - ❌ Da Nang: 500 Server Error: Internal Server Error for url: http://backend:8000/api/predictions/flood
[2026-03-25T15:08:10.559+0000] {climarisk_dag.py:153} ERROR - ❌ Can Tho: 500 Server Error: Internal Server Error for url: http://backend:8000/api/predictions/flood
[2026-03-25T15:08:10.914+0000] {climarisk_dag.py:153} ERROR - ❌ My Tho: 500 Server Error: Internal Server Error for url: http://backend:8000/api/predictions/flood
[2026-03-25T15:08:11.236+0000] {climarisk_dag.py:153} ERROR - ❌ Dhaka: 500 Server Error: Internal Server Error for url: http://backend:8000/api/predictions/flood
[2026-03-25T15:08:11.543+0000] {climarisk_dag.py:153} ERROR - ❌ Chittagong: 500 Server Error: Internal Server Error for url: http://backend:8000/api/predictions/flood
[2026-03-25T15:08:11.878+0000] {climarisk_dag.py:153} ERROR - ❌ Sylhet: 500 Server Error: Internal Server Error for url: http://backend:8000/api/predictions/flood
[2026-03-25T15:08:12.216+0000] {climarisk_dag.py:153} ERROR - ❌ Khulna: 500 Server Error: Internal Server Error for url: http://backend:8000/api/predictions/flood
[2026-03-25T15:08:12.541+0000] {climarisk_dag.py:153} ERROR - ❌ Cox's Bazar: 500 Server Error: Internal Server Error for url: http://backend:8000/api/predictions/flood
[2026-03-25T15:08:12.904+0000] {climarisk_dag.py:153} ERROR - ❌ Karachi: 500 Server Error: Internal Server Error for url: http://backend:8000/api/predictions/flood
[2026-03-25T15:08:13.286+0000] {climarisk_dag.py:153} ERROR - ❌ Lahore: 500 Server Error: Internal Server Error for url: http://backend:8000/api/predictions/flood
[2026-03-25T15:08:13.644+0000] {climarisk_dag.py:153} ERROR - ❌ Colombo: 500 Server Error: Internal Server Error for url: http://backend:8000/api/predictions/flood
[2026-03-25T15:08:13.975+0000] {climarisk_dag.py:153} ERROR - ❌ Kathmandu: 500 Server Error: Internal Server Error for url: http://backend:8000/api/predictions/flood
[2026-03-25T15:08:14.288+0000] {climarisk_dag.py:153} ERROR - ❌ Yangon: 500 Server Error: Internal Server Error for url: http://backend:8000/api/predictions/flood
[2026-03-25T15:08:14.649+0000] {climarisk_dag.py:153} ERROR - ❌ Sittwe: 500 Server Error: Internal Server Error for url: http://backend:8000/api/predictions/flood
[2026-03-25T15:08:14.962+0000] {climarisk_dag.py:153} ERROR - ❌ Phnom Penh: 500 Server Error: Internal Server Error for url: http://backend:8000/api/predictions/flood
[2026-03-25T15:08:15.354+0000] {climarisk_dag.py:153} ERROR - ❌ Riyadh: 500 Server Error: Internal Server Error for url: http://backend:8000/api/predictions/flood
[2026-03-25T15:08:16.067+0000] {climarisk_dag.py:153} ERROR - ❌ Dubai: 500 Server Error: Internal Server Error for url: http://backend:8000/api/predictions/flood
[2026-03-25T15:08:16.439+0000] {climarisk_dag.py:153} ERROR - ❌ Tehran: 500 Server Error: Internal Server Error for url: http://backend:8000/api/predictions/flood
[2026-03-25T15:08:16.803+0000] {climarisk_dag.py:153} ERROR - ❌ Istanbul: 500 Server Error: Internal Server Error for url: http://backend:8000/api/predictions/flood
[2026-03-25T15:08:17.253+0000] {climarisk_dag.py:153} ERROR - ❌ Ankara: 500 Server Error: Internal Server Error for url: http://backend:8000/api/predictions/flood
[2026-03-25T15:08:17.667+0000] {climarisk_dag.py:153} ERROR - ❌ Baghdad: 500 Server Error: Internal Server Error for url: http://backend:8000/api/predictions/flood
[2026-03-25T15:08:18.893+0000] {climarisk_dag.py:153} ERROR - ❌ Baku: 500 Server Error: Internal Server Error for url: http://backend:8000/api/predictions/flood
[2026-03-25T15:08:19.293+0000] {climarisk_dag.py:153} ERROR - ❌ Tashkent: 500 Server Error: Internal Server Error for url: http://backend:8000/api/predictions/flood
[2026-03-25T15:08:19.683+0000] {climarisk_dag.py:153} ERROR - ❌ Almaty: 500 Server Error: Internal Server Error for url: http://backend:8000/api/predictions/flood
[2026-03-25T15:08:20.011+0000] {climarisk_dag.py:153} ERROR - ❌ Guam: 500 Server Error: Internal Server Error for url: http://backend:8000/api/predictions/flood
[2026-03-25T15:08:20.400+0000] {climarisk_dag.py:153} ERROR - ❌ Paris: 500 Server Error: Internal Server Error for url: http://backend:8000/api/predictions/flood
[2026-03-25T15:08:20.783+0000] {climarisk_dag.py:153} ERROR - ❌ Lyon: 500 Server Error: Internal Server Error for url: http://backend:8000/api/predictions/flood
[2026-03-25T15:08:21.154+0000] {climarisk_dag.py:153} ERROR - ❌ Marseille: 500 Server Error: Internal Server Error for url: http://backend:8000/api/predictions/flood
[2026-03-25T15:08:21.609+0000] {climarisk_dag.py:153} ERROR - ❌ Toulouse: 500 Server Error: Internal Server Error for url: http://backend:8000/api/predictions/flood
[2026-03-25T15:08:21.921+0000] {climarisk_dag.py:153} ERROR - ❌ Bordeaux: 500 Server Error: Internal Server Error for url: http://backend:8000/api/predictions/flood
[2026-03-25T15:08:22.359+0000] {climarisk_dag.py:153} ERROR - ❌ Nantes: 500 Server Error: Internal Server Error for url: http://backend:8000/api/predictions/flood
[2026-03-25T15:08:22.793+0000] {climarisk_dag.py:153} ERROR - ❌ Strasbourg: 500 Server Error: Internal Server Error for url: http://backend:8000/api/predictions/flood
[2026-03-25T15:08:23.171+0000] {climarisk_dag.py:153} ERROR - ❌ Lille: 500 Server Error: Internal Server Error for url: http://backend:8000/api/predictions/flood
[2026-03-25T15:08:23.521+0000] {climarisk_dag.py:153} ERROR - ❌ Montpellier: 500 Server Error: Internal Server Error for url: http://backend:8000/api/predictions/flood
[2026-03-25T15:08:23.920+0000] {climarisk_dag.py:153} ERROR - ❌ Nice: 500 Server Error: Internal Server Error for url: http://backend:8000/api/predictions/flood
[2026-03-25T15:08:24.399+0000] {climarisk_dag.py:153} ERROR - ❌ London: 500 Server Error: Internal Server Error for url: http://backend:8000/api/predictions/flood
[2026-03-25T15:08:24.842+0000] {climarisk_dag.py:153} ERROR - ❌ Birmingham: 500 Server Error: Internal Server Error for url: http://backend:8000/api/predictions/flood
[2026-03-25T15:08:25.219+0000] {climarisk_dag.py:153} ERROR - ❌ Manchester: 500 Server Error: Internal Server Error for url: http://backend:8000/api/predictions/flood
[2026-03-25T15:08:25.669+0000] {climarisk_dag.py:153} ERROR - ❌ Berlin: 500 Server Error: Internal Server Error for url: http://backend:8000/api/predictions/flood
[2026-03-25T15:08:26.168+0000] {climarisk_dag.py:153} ERROR - ❌ Hamburg: 500 Server Error: Internal Server Error for url: http://backend:8000/api/predictions/flood
[2026-03-25T15:08:26.572+0000] {climarisk_dag.py:153} ERROR - ❌ Munich: 500 Server Error: Internal Server Error for url: http://backend:8000/api/predictions/flood
[2026-03-25T15:08:26.955+0000] {climarisk_dag.py:153} ERROR - ❌ Frankfurt: 500 Server Error: Internal Server Error for url: http://backend:8000/api/predictions/flood
[2026-03-25T15:08:27.303+0000] {climarisk_dag.py:153} ERROR - ❌ Madrid: 500 Server Error: Internal Server Error for url: http://backend:8000/api/predictions/flood
[2026-03-25T15:08:27.681+0000] {climarisk_dag.py:153} ERROR - ❌ Barcelona: 500 Server Error: Internal Server Error for url: http://backend:8000/api/predictions/flood
[2026-03-25T15:08:28.059+0000] {climarisk_dag.py:153} ERROR - ❌ Valencia: 500 Server Error: Internal Server Error for url: http://backend:8000/api/predictions/flood
[2026-03-25T15:08:28.433+0000] {climarisk_dag.py:153} ERROR - ❌ Malaga: 500 Server Error: Internal Server Error for url: http://backend:8000/api/predictions/flood
[2026-03-25T15:08:28.812+0000] {climarisk_dag.py:153} ERROR - ❌ Rome: 500 Server Error: Internal Server Error for url: http://backend:8000/api/predictions/flood
[2026-03-25T15:08:29.257+0000] {climarisk_dag.py:153} ERROR - ❌ Milan: 500 Server Error: Internal Server Error for url: http://backend:8000/api/predictions/flood
[2026-03-25T15:08:29.670+0000] {climarisk_dag.py:153} ERROR - ❌ Palermo: 500 Server Error: Internal Server Error for url: http://backend:8000/api/predictions/flood
[2026-03-25T15:08:30.085+0000] {climarisk_dag.py:153} ERROR - ❌ Amsterdam: 500 Server Error: Internal Server Error for url: http://backend:8000/api/predictions/flood
[2026-03-25T15:08:30.498+0000] {climarisk_dag.py:153} ERROR - ❌ Brussels: 500 Server Error: Internal Server Error for url: http://backend:8000/api/predictions/flood
[2026-03-25T15:08:30.887+0000] {climarisk_dag.py:153} ERROR - ❌ Vienna: 500 Server Error: Internal Server Error for url: http://backend:8000/api/predictions/flood
[2026-03-25T15:08:31.264+0000] {climarisk_dag.py:153} ERROR - ❌ Zurich: 500 Server Error: Internal Server Error for url: http://backend:8000/api/predictions/flood
[2026-03-25T15:08:31.670+0000] {climarisk_dag.py:153} ERROR - ❌ Stockholm: 500 Server Error: Internal Server Error for url: http://backend:8000/api/predictions/flood
[2026-03-25T15:08:32.114+0000] {climarisk_dag.py:153} ERROR - ❌ Oslo: 500 Server Error: Internal Server Error for url: http://backend:8000/api/predictions/flood
[2026-03-25T15:08:32.499+0000] {climarisk_dag.py:153} ERROR - ❌ Copenhagen: 500 Server Error: Internal Server Error for url: http://backend:8000/api/predictions/flood
[2026-03-25T15:08:32.938+0000] {climarisk_dag.py:153} ERROR - ❌ Helsinki: 500 Server Error: Internal Server Error for url: http://backend:8000/api/predictions/flood
[2026-03-25T15:08:33.300+0000] {climarisk_dag.py:153} ERROR - ❌ Warsaw: 500 Server Error: Internal Server Error for url: http://backend:8000/api/predictions/flood
[2026-03-25T15:08:33.713+0000] {climarisk_dag.py:153} ERROR - ❌ Prague: 500 Server Error: Internal Server Error for url: http://backend:8000/api/predictions/flood
[2026-03-25T15:08:34.073+0000] {climarisk_dag.py:153} ERROR - ❌ Budapest: 500 Server Error: Internal Server Error for url: http://backend:8000/api/predictions/flood
[2026-03-25T15:08:34.485+0000] {climarisk_dag.py:153} ERROR - ❌ Bucharest: 500 Server Error: Internal Server Error for url: http://backend:8000/api/predictions/flood
[2026-03-25T15:08:34.891+0000] {climarisk_dag.py:153} ERROR - ❌ Athens: 500 Server Error: Internal Server Error for url: http://backend:8000/api/predictions/flood
[2026-03-25T15:08:35.221+0000] {climarisk_dag.py:153} ERROR - ❌ Thessaloniki: 500 Server Error: Internal Server Error for url: http://backend:8000/api/predictions/flood
[2026-03-25T15:08:35.611+0000] {climarisk_dag.py:153} ERROR - ❌ Lisbon: 500 Server Error: Internal Server Error for url: http://backend:8000/api/predictions/flood
[2026-03-25T15:08:35.930+0000] {climarisk_dag.py:153} ERROR - ❌ Moscow: 500 Server Error: Internal Server Error for url: http://backend:8000/api/predictions/flood
[2026-03-25T15:08:36.318+0000] {climarisk_dag.py:153} ERROR - ❌ Saint Petersburg: 500 Server Error: Internal Server Error for url: http://backend:8000/api/predictions/flood
[2026-03-25T15:08:36.747+0000] {climarisk_dag.py:153} ERROR - ❌ Krasnoyarsk: 500 Server Error: Internal Server Error for url: http://backend:8000/api/predictions/flood
[2026-03-25T15:08:37.128+0000] {climarisk_dag.py:153} ERROR - ❌ Irkutsk: 500 Server Error: Internal Server Error for url: http://backend:8000/api/predictions/flood
[2026-03-25T15:08:37.512+0000] {climarisk_dag.py:153} ERROR - ❌ Yakutsk: 500 Server Error: Internal Server Error for url: http://backend:8000/api/predictions/flood
[2026-03-25T15:08:37.965+0000] {climarisk_dag.py:153} ERROR - ❌ Khabarovsk: 500 Server Error: Internal Server Error for url: http://backend:8000/api/predictions/flood
[2026-03-25T15:08:38.354+0000] {climarisk_dag.py:153} ERROR - ❌ Kyiv: 500 Server Error: Internal Server Error for url: http://backend:8000/api/predictions/flood
[2026-03-25T15:08:38.675+0000] {climarisk_dag.py:153} ERROR - ❌ New York: 500 Server Error: Internal Server Error for url: http://backend:8000/api/predictions/flood
[2026-03-25T15:08:39.059+0000] {climarisk_dag.py:153} ERROR - ❌ Los Angeles: 500 Server Error: Internal Server Error for url: http://backend:8000/api/predictions/flood
[2026-03-25T15:08:39.429+0000] {climarisk_dag.py:153} ERROR - ❌ Chicago: 500 Server Error: Internal Server Error for url: http://backend:8000/api/predictions/flood
[2026-03-25T15:08:39.961+0000] {climarisk_dag.py:153} ERROR - ❌ Houston: 500 Server Error: Internal Server Error for url: http://backend:8000/api/predictions/flood
[2026-03-25T15:08:40.355+0000] {climarisk_dag.py:153} ERROR - ❌ Miami: 500 Server Error: Internal Server Error for url: http://backend:8000/api/predictions/flood
[2026-03-25T15:08:40.698+0000] {climarisk_dag.py:153} ERROR - ❌ New Orleans: 500 Server Error: Internal Server Error for url: http://backend:8000/api/predictions/flood
[2026-03-25T15:08:41.126+0000] {climarisk_dag.py:153} ERROR - ❌ Seattle: 500 Server Error: Internal Server Error for url: http://backend:8000/api/predictions/flood
[2026-03-25T15:08:41.462+0000] {climarisk_dag.py:153} ERROR - ❌ Sacramento: 500 Server Error: Internal Server Error for url: http://backend:8000/api/predictions/flood
[2026-03-25T15:08:41.865+0000] {climarisk_dag.py:153} ERROR - ❌ Fresno: 500 Server Error: Internal Server Error for url: http://backend:8000/api/predictions/flood
[2026-03-25T15:08:42.227+0000] {climarisk_dag.py:153} ERROR - ❌ Redding: 500 Server Error: Internal Server Error for url: http://backend:8000/api/predictions/flood
[2026-03-25T15:08:42.585+0000] {climarisk_dag.py:153} ERROR - ❌ Memphis: 500 Server Error: Internal Server Error for url: http://backend:8000/api/predictions/flood
[2026-03-25T15:08:42.936+0000] {climarisk_dag.py:153} ERROR - ❌ Toronto: 500 Server Error: Internal Server Error for url: http://backend:8000/api/predictions/flood
[2026-03-25T15:08:43.271+0000] {climarisk_dag.py:153} ERROR - ❌ Montreal: 500 Server Error: Internal Server Error for url: http://backend:8000/api/predictions/flood
[2026-03-25T15:08:43.683+0000] {climarisk_dag.py:153} ERROR - ❌ Vancouver: 500 Server Error: Internal Server Error for url: http://backend:8000/api/predictions/flood
[2026-03-25T15:08:44.052+0000] {climarisk_dag.py:153} ERROR - ❌ Mexico City: 500 Server Error: Internal Server Error for url: http://backend:8000/api/predictions/flood
[2026-03-25T15:08:44.435+0000] {climarisk_dag.py:153} ERROR - ❌ Veracruz: 500 Server Error: Internal Server Error for url: http://backend:8000/api/predictions/flood
[2026-03-25T15:08:44.816+0000] {climarisk_dag.py:153} ERROR - ❌ Cancún: 500 Server Error: Internal Server Error for url: http://backend:8000/api/predictions/flood
[2026-03-25T15:08:45.167+0000] {climarisk_dag.py:153} ERROR - ❌ São Paulo: 500 Server Error: Internal Server Error for url: http://backend:8000/api/predictions/flood
[2026-03-25T15:08:45.623+0000] {climarisk_dag.py:153} ERROR - ❌ Rio de Janeiro: 500 Server Error: Internal Server Error for url: http://backend:8000/api/predictions/flood
[2026-03-25T15:08:45.973+0000] {climarisk_dag.py:153} ERROR - ❌ Belém: 500 Server Error: Internal Server Error for url: http://backend:8000/api/predictions/flood
[2026-03-25T15:08:46.376+0000] {climarisk_dag.py:153} ERROR - ❌ Marabá: 500 Server Error: Internal Server Error for url: http://backend:8000/api/predictions/flood
[2026-03-25T15:08:46.793+0000] {climarisk_dag.py:153} ERROR - ❌ Sinop: 500 Server Error: Internal Server Error for url: http://backend:8000/api/predictions/flood
[2026-03-25T15:08:47.218+0000] {climarisk_dag.py:153} ERROR - ❌ Porto Velho: 500 Server Error: Internal Server Error for url: http://backend:8000/api/predictions/flood
[2026-03-25T15:08:47.661+0000] {climarisk_dag.py:153} ERROR - ❌ Buenos Aires: 500 Server Error: Internal Server Error for url: http://backend:8000/api/predictions/flood
[2026-03-25T15:08:48.058+0000] {climarisk_dag.py:153} ERROR - ❌ Lima: 500 Server Error: Internal Server Error for url: http://backend:8000/api/predictions/flood
[2026-03-25T15:08:48.412+0000] {climarisk_dag.py:153} ERROR - ❌ Bogotá: 500 Server Error: Internal Server Error for url: http://backend:8000/api/predictions/flood
[2026-03-25T15:08:49.732+0000] {climarisk_dag.py:153} ERROR - ❌ Santiago: 500 Server Error: Internal Server Error for url: http://backend:8000/api/predictions/flood
[2026-03-25T15:08:50.114+0000] {climarisk_dag.py:153} ERROR - ❌ Port-au-Prince: 500 Server Error: Internal Server Error for url: http://backend:8000/api/predictions/flood
[2026-03-25T15:08:50.460+0000] {climarisk_dag.py:153} ERROR - ❌ San Juan: 500 Server Error: Internal Server Error for url: http://backend:8000/api/predictions/flood
[2026-03-25T15:08:50.867+0000] {climarisk_dag.py:153} ERROR - ❌ Kingston: 500 Server Error: Internal Server Error for url: http://backend:8000/api/predictions/flood
[2026-03-25T15:08:51.270+0000] {climarisk_dag.py:153} ERROR - ❌ Port of Spain: 500 Server Error: Internal Server Error for url: http://backend:8000/api/predictions/flood
[2026-03-25T15:08:51.687+0000] {climarisk_dag.py:153} ERROR - ❌ Sydney: 500 Server Error: Internal Server Error for url: http://backend:8000/api/predictions/flood
[2026-03-25T15:08:52.098+0000] {climarisk_dag.py:153} ERROR - ❌ Melbourne: 500 Server Error: Internal Server Error for url: http://backend:8000/api/predictions/flood
[2026-03-25T15:08:52.627+0000] {climarisk_dag.py:153} ERROR - ❌ Brisbane: 500 Server Error: Internal Server Error for url: http://backend:8000/api/predictions/flood
[2026-03-25T15:08:52.980+0000] {climarisk_dag.py:153} ERROR - ❌ Darwin: 500 Server Error: Internal Server Error for url: http://backend:8000/api/predictions/flood
[2026-03-25T15:08:53.421+0000] {climarisk_dag.py:153} ERROR - ❌ Alice Springs: 500 Server Error: Internal Server Error for url: http://backend:8000/api/predictions/flood
[2026-03-25T15:08:53.816+0000] {climarisk_dag.py:153} ERROR - ❌ Cairns: 500 Server Error: Internal Server Error for url: http://backend:8000/api/predictions/flood
[2026-03-25T15:08:54.254+0000] {climarisk_dag.py:153} ERROR - ❌ Auckland: 500 Server Error: Internal Server Error for url: http://backend:8000/api/predictions/flood
[2026-03-25T15:08:54.600+0000] {climarisk_dag.py:153} ERROR - ❌ Port Moresby: 500 Server Error: Internal Server Error for url: http://backend:8000/api/predictions/flood
[2026-03-25T15:08:54.600+0000] {climarisk_dag.py:157} INFO - ✅ Done: 0 OK, 291 errors, 110.3s
[2026-03-25T15:08:54.617+0000] {taskinstance.py:441} INFO - ::group::Post task execution logs
[2026-03-25T15:08:54.618+0000] {taskinstance.py:2905} ERROR - Task failed with exception
Traceback (most recent call last):
  File "/home/airflow/.local/lib/python3.12/site-packages/airflow/models/taskinstance.py", line 465, in _execute_task
    result = _execute_callable(context=context, **execute_callable_kwargs)
             ^^^^^^^^^^^^^^^^^^^^^^^^^^^^^^^^^^^^^^^^^^^^^^^^^^^^^^^^^^^^^
  File "/home/airflow/.local/lib/python3.12/site-packages/airflow/models/taskinstance.py", line 432, in _execute_callable
    return execute_callable(context=context, **execute_callable_kwargs)
           ^^^^^^^^^^^^^^^^^^^^^^^^^^^^^^^^^^^^^^^^^^^^^^^^^^^^^^^^^^^^
  File "/home/airflow/.local/lib/python3.12/site-packages/airflow/models/baseoperator.py", line 400, in wrapper
    return func(self, *args, **kwargs)
           ^^^^^^^^^^^^^^^^^^^^^^^^^^^
  File "/home/airflow/.local/lib/python3.12/site-packages/airflow/operators/python.py", line 235, in execute
    return_value = self.execute_callable()
                   ^^^^^^^^^^^^^^^^^^^^^^^
  File "/home/airflow/.local/lib/python3.12/site-packages/airflow/operators/python.py", line 252, in execute_callable
    return self.python_callable(*self.op_args, **self.op_kwargs)
           ^^^^^^^^^^^^^^^^^^^^^^^^^^^^^^^^^^^^^^^^^^^^^^^^^^^^^
  File "/opt/airflow/dags/climarisk_dag.py", line 166, in predict_all_zones
    raise Exception(f"{errors} zone(s) failed — check logs above")
Exception: 291 zone(s) failed — check logs above
[2026-03-25T15:08:54.632+0000] {taskinstance.py:1206} INFO - Marking task as UP_FOR_RETRY. dag_id=***_predictions, task_id=predict_all_zones, run_id=scheduled__2026-03-25T15:03:00+00:00, execution_date=20260325T150300, start_date=20260325T150703, end_date=20260325T150854
[2026-03-25T15:08:54.643+0000] {standard_task_runner.py:110} ERROR - Failed to execute job 538 for task predict_all_zones (291 zone(s) failed — check logs above; 2548)
[2026-03-25T15:08:54.682+0000] {local_task_job_runner.py:240} INFO - Task exited with return code 1
[2026-03-25T15:08:54.703+0000] {taskinstance.py:3498} INFO - 0 downstream tasks scheduled from follow-on schedule check
[2026-03-25T15:08:54.705+0000] {local_task_job_runner.py:222} INFO - ::endgroup::
