[2026-03-25T16:07:58.064+0000] {local_task_job_runner.py:120} INFO - ::group::Pre task execution logs
[2026-03-25T16:07:58.105+0000] {taskinstance.py:2076} INFO - Dependencies all met for dep_context=non-requeueable deps ti=<TaskInstance: climarisk_predictions.predict_all_zones scheduled__2026-03-25T15:50:00+00:00 [queued]>
[2026-03-25T16:07:58.114+0000] {taskinstance.py:2076} INFO - Dependencies all met for dep_context=requeueable deps ti=<TaskInstance: climarisk_predictions.predict_all_zones scheduled__2026-03-25T15:50:00+00:00 [queued]>
[2026-03-25T16:07:58.116+0000] {taskinstance.py:2306} INFO - Starting attempt 2 of 2
[2026-03-25T16:07:58.132+0000] {taskinstance.py:2330} INFO - Executing <Task(PythonOperator): predict_all_zones> on 2026-03-25 15:50:00+00:00
[2026-03-25T16:07:58.139+0000] {logging_mixin.py:188} WARNING - /home/airflow/.local/lib/python3.12/site-packages/airflow/task/task_runner/standard_task_runner.py:61 DeprecationWarning: This process (pid=738) is multi-threaded, use of fork() may lead to deadlocks in the child.
[2026-03-25T16:07:58.140+0000] {standard_task_runner.py:63} INFO - Started process 739 to run task
[2026-03-25T16:07:58.139+0000] {standard_task_runner.py:90} INFO - Running: ['airflow', 'tasks', 'run', '***_predictions', 'predict_all_zones', 'scheduled__2026-03-25T15:50:00+00:00', '--job-id', '571', '--raw', '--subdir', 'DAGS_FOLDER/***_dag.py', '--cfg-path', '/tmp/tmpr9hzklow']
[2026-03-25T16:07:58.141+0000] {standard_task_runner.py:91} INFO - Job 571: Subtask predict_all_zones
[2026-03-25T16:07:58.222+0000] {task_command.py:426} INFO - Running <TaskInstance: climarisk_predictions.predict_all_zones scheduled__2026-03-25T15:50:00+00:00 [running]> on host 6146f0e8983c
[2026-03-25T16:07:58.333+0000] {taskinstance.py:2648} INFO - Exporting env vars: AIRFLOW_CTX_DAG_OWNER='***' AIRFLOW_CTX_DAG_ID='***_predictions' AIRFLOW_CTX_TASK_ID='predict_all_zones' AIRFLOW_CTX_EXECUTION_DATE='2026-03-25T15:50:00+00:00' AIRFLOW_CTX_TRY_NUMBER='2' AIRFLOW_CTX_DAG_RUN_ID='scheduled__2026-03-25T15:50:00+00:00'
[2026-03-25T16:07:58.334+0000] {taskinstance.py:430} INFO - ::endgroup::
[2026-03-25T16:07:58.983+0000] {climarisk_dag.py:152} ERROR - ❌ Alger: 500 Server Error: Internal Server Error for url: http://backend:8000/api/predictions/flood/1
[2026-03-25T16:07:59.367+0000] {climarisk_dag.py:152} ERROR - ❌ Cairo: 500 Server Error: Internal Server Error for url: http://backend:8000/api/predictions/flood/2
[2026-03-25T16:07:59.807+0000] {climarisk_dag.py:152} ERROR - ❌ Lagos: 500 Server Error: Internal Server Error for url: http://backend:8000/api/predictions/flood/3
[2026-03-25T16:08:00.244+0000] {climarisk_dag.py:152} ERROR - ❌ Kano: 500 Server Error: Internal Server Error for url: http://backend:8000/api/predictions/flood/4
[2026-03-25T16:08:00.686+0000] {climarisk_dag.py:152} ERROR - ❌ Abuja: 500 Server Error: Internal Server Error for url: http://backend:8000/api/predictions/flood/5
[2026-03-25T16:08:01.123+0000] {climarisk_dag.py:152} ERROR - ❌ Johannesburg: 500 Server Error: Internal Server Error for url: http://backend:8000/api/predictions/flood/6
[2026-03-25T16:08:01.535+0000] {climarisk_dag.py:152} ERROR - ❌ Cape Town: 500 Server Error: Internal Server Error for url: http://backend:8000/api/predictions/flood/7
[2026-03-25T16:08:02.019+0000] {climarisk_dag.py:152} ERROR - ❌ Nairobi: 500 Server Error: Internal Server Error for url: http://backend:8000/api/predictions/flood/8
[2026-03-25T16:08:02.490+0000] {climarisk_dag.py:152} ERROR - ❌ Addis Ababa: 500 Server Error: Internal Server Error for url: http://backend:8000/api/predictions/flood/9
[2026-03-25T16:08:02.915+0000] {climarisk_dag.py:152} ERROR - ❌ Dar es Salaam: 500 Server Error: Internal Server Error for url: http://backend:8000/api/predictions/flood/10
[2026-03-25T16:08:03.349+0000] {climarisk_dag.py:152} ERROR - ❌ Accra: 500 Server Error: Internal Server Error for url: http://backend:8000/api/predictions/flood/11
[2026-03-25T16:08:03.721+0000] {climarisk_dag.py:152} ERROR - ❌ Casablanca: 500 Server Error: Internal Server Error for url: http://backend:8000/api/predictions/flood/12
[2026-03-25T16:08:04.121+0000] {climarisk_dag.py:152} ERROR - ❌ Mohammedia: 500 Server Error: Internal Server Error for url: http://backend:8000/api/predictions/flood/13
[2026-03-25T16:08:04.492+0000] {climarisk_dag.py:152} ERROR - ❌ El Jadida: 500 Server Error: Internal Server Error for url: http://backend:8000/api/predictions/flood/14
[2026-03-25T16:08:04.939+0000] {climarisk_dag.py:152} ERROR - ❌ Settat: 500 Server Error: Internal Server Error for url: http://backend:8000/api/predictions/flood/15
[2026-03-25T16:08:05.369+0000] {climarisk_dag.py:152} ERROR - ❌ Berrechid: 500 Server Error: Internal Server Error for url: http://backend:8000/api/predictions/flood/16
[2026-03-25T16:08:05.860+0000] {climarisk_dag.py:152} ERROR - ❌ Benslimane: 500 Server Error: Internal Server Error for url: http://backend:8000/api/predictions/flood/17
[2026-03-25T16:08:06.300+0000] {climarisk_dag.py:152} ERROR - ❌ Sidi Bennour: 500 Server Error: Internal Server Error for url: http://backend:8000/api/predictions/flood/18
[2026-03-25T16:08:06.742+0000] {climarisk_dag.py:152} ERROR - ❌ Azemmour: 500 Server Error: Internal Server Error for url: http://backend:8000/api/predictions/flood/19
[2026-03-25T16:08:07.180+0000] {climarisk_dag.py:152} ERROR - ❌ Mediouna: 500 Server Error: Internal Server Error for url: http://backend:8000/api/predictions/flood/20
[2026-03-25T16:08:07.668+0000] {climarisk_dag.py:152} ERROR - ❌ Nouaceur: 500 Server Error: Internal Server Error for url: http://backend:8000/api/predictions/flood/21
[2026-03-25T16:08:08.116+0000] {climarisk_dag.py:152} ERROR - ❌ Rabat: 500 Server Error: Internal Server Error for url: http://backend:8000/api/predictions/flood/22
[2026-03-25T16:08:08.558+0000] {climarisk_dag.py:152} ERROR - ❌ Salé: 500 Server Error: Internal Server Error for url: http://backend:8000/api/predictions/flood/23
[2026-03-25T16:08:08.948+0000] {climarisk_dag.py:152} ERROR - ❌ Kénitra: 500 Server Error: Internal Server Error for url: http://backend:8000/api/predictions/flood/24
[2026-03-25T16:08:09.336+0000] {climarisk_dag.py:152} ERROR - ❌ Témara: 500 Server Error: Internal Server Error for url: http://backend:8000/api/predictions/flood/25
[2026-03-25T16:08:09.784+0000] {climarisk_dag.py:152} ERROR - ❌ Skhirat: 500 Server Error: Internal Server Error for url: http://backend:8000/api/predictions/flood/26
[2026-03-25T16:08:10.216+0000] {climarisk_dag.py:152} ERROR - ❌ Tiflet: 500 Server Error: Internal Server Error for url: http://backend:8000/api/predictions/flood/27
[2026-03-25T16:08:10.650+0000] {climarisk_dag.py:152} ERROR - ❌ Khémisset: 500 Server Error: Internal Server Error for url: http://backend:8000/api/predictions/flood/28
[2026-03-25T16:08:11.072+0000] {climarisk_dag.py:152} ERROR - ❌ Sidi Slimane: 500 Server Error: Internal Server Error for url: http://backend:8000/api/predictions/flood/29
[2026-03-25T16:08:11.446+0000] {climarisk_dag.py:152} ERROR - ❌ Sidi Kacem: 500 Server Error: Internal Server Error for url: http://backend:8000/api/predictions/flood/30
[2026-03-25T16:08:11.874+0000] {climarisk_dag.py:152} ERROR - ❌ Souk el Arba: 500 Server Error: Internal Server Error for url: http://backend:8000/api/predictions/flood/31
[2026-03-25T16:08:12.253+0000] {climarisk_dag.py:152} ERROR - ❌ Ouazzane: 500 Server Error: Internal Server Error for url: http://backend:8000/api/predictions/flood/32
[2026-03-25T16:08:12.671+0000] {climarisk_dag.py:152} ERROR - ❌ Fès: 500 Server Error: Internal Server Error for url: http://backend:8000/api/predictions/flood/33
[2026-03-25T16:08:13.059+0000] {climarisk_dag.py:152} ERROR - ❌ Meknès: 500 Server Error: Internal Server Error for url: http://backend:8000/api/predictions/flood/34
[2026-03-25T16:08:13.439+0000] {climarisk_dag.py:152} ERROR - ❌ Ifrane: 500 Server Error: Internal Server Error for url: http://backend:8000/api/predictions/flood/35
[2026-03-25T16:08:13.876+0000] {climarisk_dag.py:152} ERROR - ❌ Azrou: 500 Server Error: Internal Server Error for url: http://backend:8000/api/predictions/flood/36
[2026-03-25T16:08:14.329+0000] {climarisk_dag.py:152} ERROR - ❌ Taounate: 500 Server Error: Internal Server Error for url: http://backend:8000/api/predictions/flood/37
[2026-03-25T16:08:14.869+0000] {climarisk_dag.py:152} ERROR - ❌ Taza: 500 Server Error: Internal Server Error for url: http://backend:8000/api/predictions/flood/38
[2026-03-25T16:08:15.488+0000] {climarisk_dag.py:152} ERROR - ❌ Sefrou: 500 Server Error: Internal Server Error for url: http://backend:8000/api/predictions/flood/39
[2026-03-25T16:08:16.090+0000] {climarisk_dag.py:152} ERROR - ❌ Boulemane: 500 Server Error: Internal Server Error for url: http://backend:8000/api/predictions/flood/40
[2026-03-25T16:08:16.654+0000] {climarisk_dag.py:152} ERROR - ❌ El Hajeb: 500 Server Error: Internal Server Error for url: http://backend:8000/api/predictions/flood/41
[2026-03-25T16:08:17.280+0000] {climarisk_dag.py:152} ERROR - ❌ Missour: 500 Server Error: Internal Server Error for url: http://backend:8000/api/predictions/flood/42
[2026-03-25T16:08:17.989+0000] {climarisk_dag.py:152} ERROR - ❌ Guercif: 500 Server Error: Internal Server Error for url: http://backend:8000/api/predictions/flood/43
[2026-03-25T16:08:18.382+0000] {climarisk_dag.py:152} ERROR - ❌ Marrakech: 500 Server Error: Internal Server Error for url: http://backend:8000/api/predictions/flood/44
[2026-03-25T16:08:18.817+0000] {climarisk_dag.py:152} ERROR - ❌ Safi: 500 Server Error: Internal Server Error for url: http://backend:8000/api/predictions/flood/45
[2026-03-25T16:08:19.183+0000] {climarisk_dag.py:152} ERROR - ❌ Essaouira: 500 Server Error: Internal Server Error for url: http://backend:8000/api/predictions/flood/46
[2026-03-25T16:08:19.546+0000] {climarisk_dag.py:152} ERROR - ❌ El Kelaa des Sraghna: 500 Server Error: Internal Server Error for url: http://backend:8000/api/predictions/flood/47
[2026-03-25T16:08:19.949+0000] {climarisk_dag.py:152} ERROR - ❌ Chichaoua: 500 Server Error: Internal Server Error for url: http://backend:8000/api/predictions/flood/48
[2026-03-25T16:08:20.379+0000] {climarisk_dag.py:152} ERROR - ❌ Youssoufia: 500 Server Error: Internal Server Error for url: http://backend:8000/api/predictions/flood/49
[2026-03-25T16:08:20.759+0000] {climarisk_dag.py:152} ERROR - ❌ Ben Guerir: 500 Server Error: Internal Server Error for url: http://backend:8000/api/predictions/flood/50
[2026-03-25T16:08:21.318+0000] {climarisk_dag.py:152} ERROR - ❌ Tahanaout: 500 Server Error: Internal Server Error for url: http://backend:8000/api/predictions/flood/51
[2026-03-25T16:08:21.793+0000] {climarisk_dag.py:152} ERROR - ❌ Ait Ourir: 500 Server Error: Internal Server Error for url: http://backend:8000/api/predictions/flood/52
[2026-03-25T16:08:22.184+0000] {climarisk_dag.py:152} ERROR - ❌ Demnate: 500 Server Error: Internal Server Error for url: http://backend:8000/api/predictions/flood/53
[2026-03-25T16:08:22.559+0000] {climarisk_dag.py:152} ERROR - ❌ Tanger: 500 Server Error: Internal Server Error for url: http://backend:8000/api/predictions/flood/54
[2026-03-25T16:08:23.975+0000] {climarisk_dag.py:152} ERROR - ❌ Tétouan: 500 Server Error: Internal Server Error for url: http://backend:8000/api/predictions/flood/55
[2026-03-25T16:08:24.420+0000] {climarisk_dag.py:152} ERROR - ❌ Al Hoceïma: 500 Server Error: Internal Server Error for url: http://backend:8000/api/predictions/flood/56
[2026-03-25T16:08:24.789+0000] {climarisk_dag.py:152} ERROR - ❌ Larache: 500 Server Error: Internal Server Error for url: http://backend:8000/api/predictions/flood/57
[2026-03-25T16:08:25.170+0000] {climarisk_dag.py:152} ERROR - ❌ Chefchaouen: 500 Server Error: Internal Server Error for url: http://backend:8000/api/predictions/flood/58
[2026-03-25T16:08:25.610+0000] {climarisk_dag.py:152} ERROR - ❌ Asilah: 500 Server Error: Internal Server Error for url: http://backend:8000/api/predictions/flood/59
[2026-03-25T16:08:26.052+0000] {climarisk_dag.py:152} ERROR - ❌ Fnideq: 500 Server Error: Internal Server Error for url: http://backend:8000/api/predictions/flood/60
[2026-03-25T16:08:26.422+0000] {climarisk_dag.py:152} ERROR - ❌ Martil: 500 Server Error: Internal Server Error for url: http://backend:8000/api/predictions/flood/61
[2026-03-25T16:08:26.892+0000] {climarisk_dag.py:152} ERROR - ❌ Mdiq: 500 Server Error: Internal Server Error for url: http://backend:8000/api/predictions/flood/62
[2026-03-25T16:08:27.339+0000] {climarisk_dag.py:152} ERROR - ❌ Ksar el Kebir: 500 Server Error: Internal Server Error for url: http://backend:8000/api/predictions/flood/63
[2026-03-25T16:08:27.827+0000] {climarisk_dag.py:152} ERROR - ❌ Ouazzane: 500 Server Error: Internal Server Error for url: http://backend:8000/api/predictions/flood/64
[2026-03-25T16:08:28.203+0000] {climarisk_dag.py:152} ERROR - ❌ Targuist: 500 Server Error: Internal Server Error for url: http://backend:8000/api/predictions/flood/65
[2026-03-25T16:08:28.654+0000] {climarisk_dag.py:152} ERROR - ❌ Imzouren: 500 Server Error: Internal Server Error for url: http://backend:8000/api/predictions/flood/66
[2026-03-25T16:08:29.122+0000] {climarisk_dag.py:152} ERROR - ❌ Beni Mellal-Khenifra: 500 Server Error: Internal Server Error for url: http://backend:8000/api/predictions/flood/67
[2026-03-25T16:08:29.565+0000] {climarisk_dag.py:152} ERROR - ❌ Khénifra: 500 Server Error: Internal Server Error for url: http://backend:8000/api/predictions/flood/68
[2026-03-25T16:08:29.955+0000] {climarisk_dag.py:152} ERROR - ❌ Azilal: 500 Server Error: Internal Server Error for url: http://backend:8000/api/predictions/flood/69
[2026-03-25T16:08:30.392+0000] {climarisk_dag.py:152} ERROR - ❌ Nanjing: 500 Server Error: Internal Server Error for url: http://backend:8000/api/predictions/flood/142
[2026-03-25T16:08:30.884+0000] {climarisk_dag.py:152} ERROR - ❌ Khouribga: 500 Server Error: Internal Server Error for url: http://backend:8000/api/predictions/flood/70
[2026-03-25T16:08:31.260+0000] {climarisk_dag.py:152} ERROR - ❌ Fkih Ben Salah: 500 Server Error: Internal Server Error for url: http://backend:8000/api/predictions/flood/71
[2026-03-25T16:08:31.734+0000] {climarisk_dag.py:152} ERROR - ❌ Souk Sebt: 500 Server Error: Internal Server Error for url: http://backend:8000/api/predictions/flood/72
[2026-03-25T16:08:32.126+0000] {climarisk_dag.py:152} ERROR - ❌ Midelt: 500 Server Error: Internal Server Error for url: http://backend:8000/api/predictions/flood/73
[2026-03-25T16:08:32.512+0000] {climarisk_dag.py:152} ERROR - ❌ Zaouiat Cheikh: 500 Server Error: Internal Server Error for url: http://backend:8000/api/predictions/flood/74
[2026-03-25T16:08:32.944+0000] {climarisk_dag.py:152} ERROR - ❌ Oujda: 500 Server Error: Internal Server Error for url: http://backend:8000/api/predictions/flood/75
[2026-03-25T16:08:33.405+0000] {climarisk_dag.py:152} ERROR - ❌ Nador: 500 Server Error: Internal Server Error for url: http://backend:8000/api/predictions/flood/76
[2026-03-25T16:08:33.878+0000] {climarisk_dag.py:152} ERROR - ❌ Berkane: 500 Server Error: Internal Server Error for url: http://backend:8000/api/predictions/flood/77
[2026-03-25T16:08:34.260+0000] {climarisk_dag.py:152} ERROR - ❌ Taourirt: 500 Server Error: Internal Server Error for url: http://backend:8000/api/predictions/flood/78
[2026-03-25T16:08:34.722+0000] {climarisk_dag.py:152} ERROR - ❌ Jerada: 500 Server Error: Internal Server Error for url: http://backend:8000/api/predictions/flood/79
[2026-03-25T16:08:35.136+0000] {climarisk_dag.py:152} ERROR - ❌ Figuig: 500 Server Error: Internal Server Error for url: http://backend:8000/api/predictions/flood/80
[2026-03-25T16:08:35.612+0000] {climarisk_dag.py:152} ERROR - ❌ Bouarfa: 500 Server Error: Internal Server Error for url: http://backend:8000/api/predictions/flood/81
[2026-03-25T16:08:36.093+0000] {climarisk_dag.py:152} ERROR - ❌ Selouane: 500 Server Error: Internal Server Error for url: http://backend:8000/api/predictions/flood/82
[2026-03-25T16:08:36.537+0000] {climarisk_dag.py:152} ERROR - ❌ Zaio: 500 Server Error: Internal Server Error for url: http://backend:8000/api/predictions/flood/83
[2026-03-25T16:08:36.997+0000] {climarisk_dag.py:152} ERROR - ❌ Agadir: 500 Server Error: Internal Server Error for url: http://backend:8000/api/predictions/flood/84
[2026-03-25T16:08:37.392+0000] {climarisk_dag.py:152} ERROR - ❌ Inezgane: 500 Server Error: Internal Server Error for url: http://backend:8000/api/predictions/flood/85
[2026-03-25T16:08:37.852+0000] {climarisk_dag.py:152} ERROR - ❌ Tiznit: 500 Server Error: Internal Server Error for url: http://backend:8000/api/predictions/flood/86
[2026-03-25T16:08:38.297+0000] {climarisk_dag.py:152} ERROR - ❌ Taroudannt: 500 Server Error: Internal Server Error for url: http://backend:8000/api/predictions/flood/87
[2026-03-25T16:08:38.764+0000] {climarisk_dag.py:152} ERROR - ❌ Ouarzazate: 500 Server Error: Internal Server Error for url: http://backend:8000/api/predictions/flood/88
[2026-03-25T16:08:39.204+0000] {climarisk_dag.py:152} ERROR - ❌ Ait Melloul: 500 Server Error: Internal Server Error for url: http://backend:8000/api/predictions/flood/89
[2026-03-25T16:08:39.662+0000] {climarisk_dag.py:152} ERROR - ❌ Biougra: 500 Server Error: Internal Server Error for url: http://backend:8000/api/predictions/flood/90
[2026-03-25T16:08:40.098+0000] {climarisk_dag.py:152} ERROR - ❌ Chtouka Ait Baha: 500 Server Error: Internal Server Error for url: http://backend:8000/api/predictions/flood/91
[2026-03-25T16:08:40.598+0000] {climarisk_dag.py:152} ERROR - ❌ Tata: 500 Server Error: Internal Server Error for url: http://backend:8000/api/predictions/flood/92
[2026-03-25T16:08:41.053+0000] {climarisk_dag.py:152} ERROR - ❌ Sidi Ifni: 500 Server Error: Internal Server Error for url: http://backend:8000/api/predictions/flood/93
[2026-03-25T16:08:41.497+0000] {climarisk_dag.py:152} ERROR - ❌ Massa: 500 Server Error: Internal Server Error for url: http://backend:8000/api/predictions/flood/94
[2026-03-25T16:08:41.886+0000] {climarisk_dag.py:152} ERROR - ❌ Errachidia: 500 Server Error: Internal Server Error for url: http://backend:8000/api/predictions/flood/95
[2026-03-25T16:08:42.278+0000] {climarisk_dag.py:152} ERROR - ❌ Zagora: 500 Server Error: Internal Server Error for url: http://backend:8000/api/predictions/flood/96
[2026-03-25T16:08:42.693+0000] {climarisk_dag.py:152} ERROR - ❌ Tinghir: 500 Server Error: Internal Server Error for url: http://backend:8000/api/predictions/flood/97
[2026-03-25T16:08:43.120+0000] {climarisk_dag.py:152} ERROR - ❌ Ouarzazate: 500 Server Error: Internal Server Error for url: http://backend:8000/api/predictions/flood/98
[2026-03-25T16:08:43.553+0000] {climarisk_dag.py:152} ERROR - ❌ Rissani: 500 Server Error: Internal Server Error for url: http://backend:8000/api/predictions/flood/99
[2026-03-25T16:08:44.020+0000] {climarisk_dag.py:152} ERROR - ❌ Erfoud: 500 Server Error: Internal Server Error for url: http://backend:8000/api/predictions/flood/100
[2026-03-25T16:08:44.452+0000] {climarisk_dag.py:152} ERROR - ❌ Merzouga: 500 Server Error: Internal Server Error for url: http://backend:8000/api/predictions/flood/101
[2026-03-25T16:08:44.926+0000] {climarisk_dag.py:152} ERROR - ❌ Alnif: 500 Server Error: Internal Server Error for url: http://backend:8000/api/predictions/flood/102
[2026-03-25T16:08:45.357+0000] {climarisk_dag.py:152} ERROR - ❌ Goulmima: 500 Server Error: Internal Server Error for url: http://backend:8000/api/predictions/flood/103
[2026-03-25T16:08:45.803+0000] {climarisk_dag.py:152} ERROR - ❌ Laâyoune: 500 Server Error: Internal Server Error for url: http://backend:8000/api/predictions/flood/104
[2026-03-25T16:08:46.286+0000] {climarisk_dag.py:152} ERROR - ❌ Boujdour: 500 Server Error: Internal Server Error for url: http://backend:8000/api/predictions/flood/105
[2026-03-25T16:08:46.734+0000] {climarisk_dag.py:152} ERROR - ❌ Tarfaya: 500 Server Error: Internal Server Error for url: http://backend:8000/api/predictions/flood/106
[2026-03-25T16:08:47.192+0000] {climarisk_dag.py:152} ERROR - ❌ Smara: 500 Server Error: Internal Server Error for url: http://backend:8000/api/predictions/flood/107
[2026-03-25T16:08:47.645+0000] {climarisk_dag.py:152} ERROR - ❌ El Marsa: 500 Server Error: Internal Server Error for url: http://backend:8000/api/predictions/flood/108
[2026-03-25T16:08:48.123+0000] {climarisk_dag.py:152} ERROR - ❌ Dakhla: 500 Server Error: Internal Server Error for url: http://backend:8000/api/predictions/flood/109
[2026-03-25T16:08:48.342+0000] {climarisk_dag.py:152} ERROR - ❌ Aousserd: 500 Server Error: Internal Server Error for url: http://backend:8000/api/predictions/flood/110
[2026-03-25T16:08:48.778+0000] {climarisk_dag.py:152} ERROR - ❌ Guelmim: 500 Server Error: Internal Server Error for url: http://backend:8000/api/predictions/flood/111
[2026-03-25T16:08:49.217+0000] {climarisk_dag.py:152} ERROR - ❌ Tan-Tan: 500 Server Error: Internal Server Error for url: http://backend:8000/api/predictions/flood/112
[2026-03-25T16:08:49.597+0000] {climarisk_dag.py:152} ERROR - ❌ Assa: 500 Server Error: Internal Server Error for url: http://backend:8000/api/predictions/flood/113
[2026-03-25T16:08:50.026+0000] {climarisk_dag.py:152} ERROR - ❌ Zag: 500 Server Error: Internal Server Error for url: http://backend:8000/api/predictions/flood/114
[2026-03-25T16:08:50.403+0000] {climarisk_dag.py:152} ERROR - ❌ Sidi Ifni: 500 Server Error: Internal Server Error for url: http://backend:8000/api/predictions/flood/115
[2026-03-25T16:08:50.839+0000] {climarisk_dag.py:152} ERROR - ❌ Tiznit: 500 Server Error: Internal Server Error for url: http://backend:8000/api/predictions/flood/116
[2026-03-25T16:08:51.273+0000] {climarisk_dag.py:152} ERROR - ❌ Tunis: 500 Server Error: Internal Server Error for url: http://backend:8000/api/predictions/flood/117
[2026-03-25T16:08:51.633+0000] {climarisk_dag.py:152} ERROR - ❌ Kampala: 500 Server Error: Internal Server Error for url: http://backend:8000/api/predictions/flood/118
[2026-03-25T16:08:52.048+0000] {climarisk_dag.py:152} ERROR - ❌ Dakar: 500 Server Error: Internal Server Error for url: http://backend:8000/api/predictions/flood/119
[2026-03-25T16:08:52.400+0000] {climarisk_dag.py:152} ERROR - ❌ Kinshasa: 500 Server Error: Internal Server Error for url: http://backend:8000/api/predictions/flood/120
[2026-03-25T16:08:52.817+0000] {climarisk_dag.py:152} ERROR - ❌ Luanda: 500 Server Error: Internal Server Error for url: http://backend:8000/api/predictions/flood/121
[2026-03-25T16:08:53.235+0000] {climarisk_dag.py:152} ERROR - ❌ Khartoum: 500 Server Error: Internal Server Error for url: http://backend:8000/api/predictions/flood/122
[2026-03-25T16:08:53.666+0000] {climarisk_dag.py:152} ERROR - ❌ Harare: 500 Server Error: Internal Server Error for url: http://backend:8000/api/predictions/flood/123
[2026-03-25T16:08:54.960+0000] {climarisk_dag.py:152} ERROR - ❌ Lusaka: 500 Server Error: Internal Server Error for url: http://backend:8000/api/predictions/flood/124
[2026-03-25T16:08:55.359+0000] {climarisk_dag.py:152} ERROR - ❌ Maputo: 500 Server Error: Internal Server Error for url: http://backend:8000/api/predictions/flood/125
[2026-03-25T16:08:55.756+0000] {climarisk_dag.py:152} ERROR - ❌ Antananarivo: 500 Server Error: Internal Server Error for url: http://backend:8000/api/predictions/flood/126
[2026-03-25T16:08:56.219+0000] {climarisk_dag.py:152} ERROR - ❌ Abidjan: 500 Server Error: Internal Server Error for url: http://backend:8000/api/predictions/flood/127
[2026-03-25T16:08:56.609+0000] {climarisk_dag.py:152} ERROR - ❌ Douala: 500 Server Error: Internal Server Error for url: http://backend:8000/api/predictions/flood/128
[2026-03-25T16:08:57.054+0000] {climarisk_dag.py:152} ERROR - ❌ Niamey: 500 Server Error: Internal Server Error for url: http://backend:8000/api/predictions/flood/129
[2026-03-25T16:08:57.558+0000] {climarisk_dag.py:152} ERROR - ❌ Ouagadougou: 500 Server Error: Internal Server Error for url: http://backend:8000/api/predictions/flood/130
[2026-03-25T16:08:57.972+0000] {climarisk_dag.py:152} ERROR - ❌ Bamako: 500 Server Error: Internal Server Error for url: http://backend:8000/api/predictions/flood/131
[2026-03-25T16:08:58.395+0000] {climarisk_dag.py:152} ERROR - ❌ Windhoek: 500 Server Error: Internal Server Error for url: http://backend:8000/api/predictions/flood/132
[2026-03-25T16:08:58.806+0000] {climarisk_dag.py:152} ERROR - ❌ Port Harcourt: 500 Server Error: Internal Server Error for url: http://backend:8000/api/predictions/flood/133
[2026-03-25T16:08:59.247+0000] {climarisk_dag.py:152} ERROR - ❌ Warri: 500 Server Error: Internal Server Error for url: http://backend:8000/api/predictions/flood/134
[2026-03-25T16:08:59.653+0000] {climarisk_dag.py:152} ERROR - ❌ Calabar: 500 Server Error: Internal Server Error for url: http://backend:8000/api/predictions/flood/135
[2026-03-25T16:09:00.103+0000] {climarisk_dag.py:152} ERROR - ❌ Beijing: 500 Server Error: Internal Server Error for url: http://backend:8000/api/predictions/flood/136
[2026-03-25T16:09:00.526+0000] {climarisk_dag.py:152} ERROR - ❌ Shanghai: 500 Server Error: Internal Server Error for url: http://backend:8000/api/predictions/flood/137
[2026-03-25T16:09:00.923+0000] {climarisk_dag.py:152} ERROR - ❌ Guangzhou: 500 Server Error: Internal Server Error for url: http://backend:8000/api/predictions/flood/138
[2026-03-25T16:09:01.388+0000] {climarisk_dag.py:152} ERROR - ❌ Chengdu: 500 Server Error: Internal Server Error for url: http://backend:8000/api/predictions/flood/139
[2026-03-25T16:09:01.869+0000] {climarisk_dag.py:152} ERROR - ❌ Wuhan: 500 Server Error: Internal Server Error for url: http://backend:8000/api/predictions/flood/140
[2026-03-25T16:09:02.380+0000] {climarisk_dag.py:152} ERROR - ❌ Chongqing: 500 Server Error: Internal Server Error for url: http://backend:8000/api/predictions/flood/141
[2026-03-25T16:09:02.801+0000] {climarisk_dag.py:152} ERROR - ❌ Zhengzhou: 500 Server Error: Internal Server Error for url: http://backend:8000/api/predictions/flood/143
[2026-03-25T16:09:03.323+0000] {climarisk_dag.py:152} ERROR - ❌ Changsha: 500 Server Error: Internal Server Error for url: http://backend:8000/api/predictions/flood/144
[2026-03-25T16:09:03.733+0000] {climarisk_dag.py:152} ERROR - ❌ Nanchang: 500 Server Error: Internal Server Error for url: http://backend:8000/api/predictions/flood/145
[2026-03-25T16:09:04.108+0000] {climarisk_dag.py:152} ERROR - ❌ Yichang: 500 Server Error: Internal Server Error for url: http://backend:8000/api/predictions/flood/146
[2026-03-25T16:09:04.530+0000] {climarisk_dag.py:152} ERROR - ❌ Haikou: 500 Server Error: Internal Server Error for url: http://backend:8000/api/predictions/flood/147
[2026-03-25T16:09:04.981+0000] {climarisk_dag.py:152} ERROR - ❌ Hong Kong: 500 Server Error: Internal Server Error for url: http://backend:8000/api/predictions/flood/148
[2026-03-25T16:09:05.411+0000] {climarisk_dag.py:152} ERROR - ❌ Taipei: 500 Server Error: Internal Server Error for url: http://backend:8000/api/predictions/flood/149
[2026-03-25T16:09:05.863+0000] {climarisk_dag.py:152} ERROR - ❌ Kaohsiung: 500 Server Error: Internal Server Error for url: http://backend:8000/api/predictions/flood/150
[2026-03-25T16:09:06.243+0000] {climarisk_dag.py:152} ERROR - ❌ Mumbai: 500 Server Error: Internal Server Error for url: http://backend:8000/api/predictions/flood/151
[2026-03-25T16:09:06.677+0000] {climarisk_dag.py:152} ERROR - ❌ Delhi: 500 Server Error: Internal Server Error for url: http://backend:8000/api/predictions/flood/152
[2026-03-25T16:09:07.126+0000] {climarisk_dag.py:152} ERROR - ❌ Bangalore: 500 Server Error: Internal Server Error for url: http://backend:8000/api/predictions/flood/153
[2026-03-25T16:09:07.517+0000] {climarisk_dag.py:152} ERROR - ❌ Chennai: 500 Server Error: Internal Server Error for url: http://backend:8000/api/predictions/flood/154
[2026-03-25T16:09:07.920+0000] {climarisk_dag.py:152} ERROR - ❌ Kolkata: 500 Server Error: Internal Server Error for url: http://backend:8000/api/predictions/flood/155
[2026-03-25T16:09:08.298+0000] {climarisk_dag.py:152} ERROR - ❌ Patna: 500 Server Error: Internal Server Error for url: http://backend:8000/api/predictions/flood/156
[2026-03-25T16:09:08.741+0000] {climarisk_dag.py:152} ERROR - ❌ Guwahati: 500 Server Error: Internal Server Error for url: http://backend:8000/api/predictions/flood/157
[2026-03-25T16:09:09.132+0000] {climarisk_dag.py:152} ERROR - ❌ Varanasi: 500 Server Error: Internal Server Error for url: http://backend:8000/api/predictions/flood/158
[2026-03-25T16:09:09.582+0000] {climarisk_dag.py:152} ERROR - ❌ Muzaffarpur: 500 Server Error: Internal Server Error for url: http://backend:8000/api/predictions/flood/159
[2026-03-25T16:09:09.973+0000] {climarisk_dag.py:152} ERROR - ❌ Visakhapatnam: 500 Server Error: Internal Server Error for url: http://backend:8000/api/predictions/flood/160
[2026-03-25T16:09:10.414+0000] {climarisk_dag.py:152} ERROR - ❌ Vijayawada: 500 Server Error: Internal Server Error for url: http://backend:8000/api/predictions/flood/161
[2026-03-25T16:09:10.834+0000] {climarisk_dag.py:152} ERROR - ❌ Tokyo: 500 Server Error: Internal Server Error for url: http://backend:8000/api/predictions/flood/162
[2026-03-25T16:09:11.271+0000] {climarisk_dag.py:152} ERROR - ❌ Osaka: 500 Server Error: Internal Server Error for url: http://backend:8000/api/predictions/flood/163
[2026-03-25T16:09:11.691+0000] {climarisk_dag.py:152} ERROR - ❌ Sapporo: 500 Server Error: Internal Server Error for url: http://backend:8000/api/predictions/flood/164
[2026-03-25T16:09:12.066+0000] {climarisk_dag.py:152} ERROR - ❌ Naha: 500 Server Error: Internal Server Error for url: http://backend:8000/api/predictions/flood/165
[2026-03-25T16:09:12.465+0000] {climarisk_dag.py:152} ERROR - ❌ Seoul: 500 Server Error: Internal Server Error for url: http://backend:8000/api/predictions/flood/166
[2026-03-25T16:09:12.908+0000] {climarisk_dag.py:152} ERROR - ❌ Busan: 500 Server Error: Internal Server Error for url: http://backend:8000/api/predictions/flood/167
[2026-03-25T16:09:13.270+0000] {climarisk_dag.py:152} ERROR - ❌ Bangkok: 500 Server Error: Internal Server Error for url: http://backend:8000/api/predictions/flood/168
[2026-03-25T16:09:13.672+0000] {climarisk_dag.py:152} ERROR - ❌ Chiang Mai: 500 Server Error: Internal Server Error for url: http://backend:8000/api/predictions/flood/169
[2026-03-25T16:09:14.086+0000] {climarisk_dag.py:152} ERROR - ❌ Jakarta: 500 Server Error: Internal Server Error for url: http://backend:8000/api/predictions/flood/170
[2026-03-25T16:09:14.479+0000] {climarisk_dag.py:152} ERROR - ❌ Surabaya: 500 Server Error: Internal Server Error for url: http://backend:8000/api/predictions/flood/171
[2026-03-25T16:09:14.881+0000] {climarisk_dag.py:152} ERROR - ❌ Medan: 500 Server Error: Internal Server Error for url: http://backend:8000/api/predictions/flood/172
[2026-03-25T16:09:15.254+0000] {climarisk_dag.py:152} ERROR - ❌ Manila: 500 Server Error: Internal Server Error for url: http://backend:8000/api/predictions/flood/173
[2026-03-25T16:09:15.625+0000] {climarisk_dag.py:152} ERROR - ❌ Cebu: 500 Server Error: Internal Server Error for url: http://backend:8000/api/predictions/flood/174
[2026-03-25T16:09:16.024+0000] {climarisk_dag.py:152} ERROR - ❌ Tacloban: 500 Server Error: Internal Server Error for url: http://backend:8000/api/predictions/flood/175
[2026-03-25T16:09:16.438+0000] {climarisk_dag.py:152} ERROR - ❌ Legazpi: 500 Server Error: Internal Server Error for url: http://backend:8000/api/predictions/flood/176
[2026-03-25T16:09:16.866+0000] {climarisk_dag.py:152} ERROR - ❌ Zamboanga: 500 Server Error: Internal Server Error for url: http://backend:8000/api/predictions/flood/177
[2026-03-25T16:09:17.301+0000] {climarisk_dag.py:152} ERROR - ❌ Kuala Lumpur: 500 Server Error: Internal Server Error for url: http://backend:8000/api/predictions/flood/178
[2026-03-25T16:09:17.737+0000] {climarisk_dag.py:152} ERROR - ❌ Singapore: 500 Server Error: Internal Server Error for url: http://backend:8000/api/predictions/flood/179
[2026-03-25T16:09:17.989+0000] {climarisk_dag.py:152} ERROR - ❌ Ho Chi Minh City: 500 Server Error: Internal Server Error for url: http://backend:8000/api/predictions/flood/180
[2026-03-25T16:09:18.408+0000] {climarisk_dag.py:152} ERROR - ❌ Hanoi: 500 Server Error: Internal Server Error for url: http://backend:8000/api/predictions/flood/181
[2026-03-25T16:09:18.864+0000] {climarisk_dag.py:152} ERROR - ❌ Da Nang: 500 Server Error: Internal Server Error for url: http://backend:8000/api/predictions/flood/182
[2026-03-25T16:09:19.293+0000] {climarisk_dag.py:152} ERROR - ❌ Can Tho: 500 Server Error: Internal Server Error for url: http://backend:8000/api/predictions/flood/183
[2026-03-25T16:09:19.744+0000] {climarisk_dag.py:152} ERROR - ❌ My Tho: 500 Server Error: Internal Server Error for url: http://backend:8000/api/predictions/flood/184
[2026-03-25T16:09:20.154+0000] {climarisk_dag.py:152} ERROR - ❌ Dhaka: 500 Server Error: Internal Server Error for url: http://backend:8000/api/predictions/flood/185
[2026-03-25T16:09:20.531+0000] {climarisk_dag.py:152} ERROR - ❌ Chittagong: 500 Server Error: Internal Server Error for url: http://backend:8000/api/predictions/flood/186
[2026-03-25T16:09:20.910+0000] {climarisk_dag.py:152} ERROR - ❌ Sylhet: 500 Server Error: Internal Server Error for url: http://backend:8000/api/predictions/flood/187
[2026-03-25T16:09:21.365+0000] {climarisk_dag.py:152} ERROR - ❌ Khulna: 500 Server Error: Internal Server Error for url: http://backend:8000/api/predictions/flood/188
[2026-03-25T16:09:21.761+0000] {climarisk_dag.py:152} ERROR - ❌ Cox's Bazar: 500 Server Error: Internal Server Error for url: http://backend:8000/api/predictions/flood/189
[2026-03-25T16:09:22.190+0000] {climarisk_dag.py:152} ERROR - ❌ Karachi: 500 Server Error: Internal Server Error for url: http://backend:8000/api/predictions/flood/190
[2026-03-25T16:09:22.555+0000] {climarisk_dag.py:152} ERROR - ❌ Lahore: 500 Server Error: Internal Server Error for url: http://backend:8000/api/predictions/flood/191
[2026-03-25T16:09:23.024+0000] {climarisk_dag.py:152} ERROR - ❌ Colombo: 500 Server Error: Internal Server Error for url: http://backend:8000/api/predictions/flood/192
[2026-03-25T16:09:23.448+0000] {climarisk_dag.py:152} ERROR - ❌ Kathmandu: 500 Server Error: Internal Server Error for url: http://backend:8000/api/predictions/flood/193
[2026-03-25T16:09:23.830+0000] {climarisk_dag.py:152} ERROR - ❌ Yangon: 500 Server Error: Internal Server Error for url: http://backend:8000/api/predictions/flood/194
[2026-03-25T16:09:24.256+0000] {climarisk_dag.py:152} ERROR - ❌ Sittwe: 500 Server Error: Internal Server Error for url: http://backend:8000/api/predictions/flood/195
[2026-03-25T16:09:25.639+0000] {climarisk_dag.py:152} ERROR - ❌ Phnom Penh: 500 Server Error: Internal Server Error for url: http://backend:8000/api/predictions/flood/196
[2026-03-25T16:09:26.111+0000] {climarisk_dag.py:152} ERROR - ❌ Riyadh: 500 Server Error: Internal Server Error for url: http://backend:8000/api/predictions/flood/197
[2026-03-25T16:09:26.539+0000] {climarisk_dag.py:152} ERROR - ❌ Dubai: 500 Server Error: Internal Server Error for url: http://backend:8000/api/predictions/flood/198
[2026-03-25T16:09:26.992+0000] {climarisk_dag.py:152} ERROR - ❌ Tehran: 500 Server Error: Internal Server Error for url: http://backend:8000/api/predictions/flood/199
[2026-03-25T16:09:27.415+0000] {climarisk_dag.py:152} ERROR - ❌ Istanbul: 500 Server Error: Internal Server Error for url: http://backend:8000/api/predictions/flood/200
[2026-03-25T16:09:27.849+0000] {climarisk_dag.py:152} ERROR - ❌ Ankara: 500 Server Error: Internal Server Error for url: http://backend:8000/api/predictions/flood/201
[2026-03-25T16:09:28.241+0000] {climarisk_dag.py:152} ERROR - ❌ Baghdad: 500 Server Error: Internal Server Error for url: http://backend:8000/api/predictions/flood/202
[2026-03-25T16:09:28.606+0000] {climarisk_dag.py:152} ERROR - ❌ Baku: 500 Server Error: Internal Server Error for url: http://backend:8000/api/predictions/flood/203
[2026-03-25T16:09:29.081+0000] {climarisk_dag.py:152} ERROR - ❌ Tashkent: 500 Server Error: Internal Server Error for url: http://backend:8000/api/predictions/flood/204
[2026-03-25T16:09:29.514+0000] {climarisk_dag.py:152} ERROR - ❌ Almaty: 500 Server Error: Internal Server Error for url: http://backend:8000/api/predictions/flood/205
[2026-03-25T16:09:29.906+0000] {climarisk_dag.py:152} ERROR - ❌ Guam: 500 Server Error: Internal Server Error for url: http://backend:8000/api/predictions/flood/206
[2026-03-25T16:09:30.399+0000] {climarisk_dag.py:152} ERROR - ❌ Paris: 500 Server Error: Internal Server Error for url: http://backend:8000/api/predictions/flood/207
[2026-03-25T16:09:30.822+0000] {climarisk_dag.py:152} ERROR - ❌ Lyon: 500 Server Error: Internal Server Error for url: http://backend:8000/api/predictions/flood/208
[2026-03-25T16:09:31.207+0000] {climarisk_dag.py:152} ERROR - ❌ Marseille: 500 Server Error: Internal Server Error for url: http://backend:8000/api/predictions/flood/209
[2026-03-25T16:09:31.655+0000] {climarisk_dag.py:152} ERROR - ❌ Toulouse: 500 Server Error: Internal Server Error for url: http://backend:8000/api/predictions/flood/210
[2026-03-25T16:09:32.095+0000] {climarisk_dag.py:152} ERROR - ❌ Bordeaux: 500 Server Error: Internal Server Error for url: http://backend:8000/api/predictions/flood/211
[2026-03-25T16:09:32.497+0000] {climarisk_dag.py:152} ERROR - ❌ Nantes: 500 Server Error: Internal Server Error for url: http://backend:8000/api/predictions/flood/212
[2026-03-25T16:09:32.887+0000] {climarisk_dag.py:152} ERROR - ❌ Strasbourg: 500 Server Error: Internal Server Error for url: http://backend:8000/api/predictions/flood/213
[2026-03-25T16:09:33.406+0000] {climarisk_dag.py:152} ERROR - ❌ Lille: 500 Server Error: Internal Server Error for url: http://backend:8000/api/predictions/flood/214
[2026-03-25T16:09:33.819+0000] {climarisk_dag.py:152} ERROR - ❌ Montpellier: 500 Server Error: Internal Server Error for url: http://backend:8000/api/predictions/flood/215
[2026-03-25T16:09:34.207+0000] {climarisk_dag.py:152} ERROR - ❌ Nice: 500 Server Error: Internal Server Error for url: http://backend:8000/api/predictions/flood/216
[2026-03-25T16:09:34.664+0000] {climarisk_dag.py:152} ERROR - ❌ London: 500 Server Error: Internal Server Error for url: http://backend:8000/api/predictions/flood/217
[2026-03-25T16:09:35.041+0000] {climarisk_dag.py:152} ERROR - ❌ Birmingham: 500 Server Error: Internal Server Error for url: http://backend:8000/api/predictions/flood/218
[2026-03-25T16:09:35.494+0000] {climarisk_dag.py:152} ERROR - ❌ Manchester: 500 Server Error: Internal Server Error for url: http://backend:8000/api/predictions/flood/219
[2026-03-25T16:09:35.948+0000] {climarisk_dag.py:152} ERROR - ❌ Berlin: 500 Server Error: Internal Server Error for url: http://backend:8000/api/predictions/flood/220
[2026-03-25T16:09:36.333+0000] {climarisk_dag.py:152} ERROR - ❌ Hamburg: 500 Server Error: Internal Server Error for url: http://backend:8000/api/predictions/flood/221
[2026-03-25T16:09:36.775+0000] {climarisk_dag.py:152} ERROR - ❌ Munich: 500 Server Error: Internal Server Error for url: http://backend:8000/api/predictions/flood/222
[2026-03-25T16:09:37.212+0000] {climarisk_dag.py:152} ERROR - ❌ Frankfurt: 500 Server Error: Internal Server Error for url: http://backend:8000/api/predictions/flood/223
[2026-03-25T16:09:37.624+0000] {climarisk_dag.py:152} ERROR - ❌ Madrid: 500 Server Error: Internal Server Error for url: http://backend:8000/api/predictions/flood/224
[2026-03-25T16:09:38.084+0000] {climarisk_dag.py:152} ERROR - ❌ Barcelona: 500 Server Error: Internal Server Error for url: http://backend:8000/api/predictions/flood/225
[2026-03-25T16:09:38.553+0000] {climarisk_dag.py:152} ERROR - ❌ Valencia: 500 Server Error: Internal Server Error for url: http://backend:8000/api/predictions/flood/226
[2026-03-25T16:09:38.992+0000] {climarisk_dag.py:152} ERROR - ❌ Malaga: 500 Server Error: Internal Server Error for url: http://backend:8000/api/predictions/flood/227
[2026-03-25T16:09:39.437+0000] {climarisk_dag.py:152} ERROR - ❌ Rome: 500 Server Error: Internal Server Error for url: http://backend:8000/api/predictions/flood/228
[2026-03-25T16:09:39.873+0000] {climarisk_dag.py:152} ERROR - ❌ Milan: 500 Server Error: Internal Server Error for url: http://backend:8000/api/predictions/flood/229
[2026-03-25T16:09:40.330+0000] {climarisk_dag.py:152} ERROR - ❌ Palermo: 500 Server Error: Internal Server Error for url: http://backend:8000/api/predictions/flood/230
[2026-03-25T16:09:40.723+0000] {climarisk_dag.py:152} ERROR - ❌ Amsterdam: 500 Server Error: Internal Server Error for url: http://backend:8000/api/predictions/flood/231
[2026-03-25T16:09:41.125+0000] {climarisk_dag.py:152} ERROR - ❌ Brussels: 500 Server Error: Internal Server Error for url: http://backend:8000/api/predictions/flood/232
[2026-03-25T16:09:41.494+0000] {climarisk_dag.py:152} ERROR - ❌ Vienna: 500 Server Error: Internal Server Error for url: http://backend:8000/api/predictions/flood/233
[2026-03-25T16:09:41.887+0000] {climarisk_dag.py:152} ERROR - ❌ Zurich: 500 Server Error: Internal Server Error for url: http://backend:8000/api/predictions/flood/234
[2026-03-25T16:09:42.339+0000] {climarisk_dag.py:152} ERROR - ❌ Stockholm: 500 Server Error: Internal Server Error for url: http://backend:8000/api/predictions/flood/235
[2026-03-25T16:09:42.702+0000] {climarisk_dag.py:152} ERROR - ❌ Oslo: 500 Server Error: Internal Server Error for url: http://backend:8000/api/predictions/flood/236
[2026-03-25T16:09:43.081+0000] {climarisk_dag.py:152} ERROR - ❌ Copenhagen: 500 Server Error: Internal Server Error for url: http://backend:8000/api/predictions/flood/237
[2026-03-25T16:09:43.512+0000] {climarisk_dag.py:152} ERROR - ❌ Helsinki: 500 Server Error: Internal Server Error for url: http://backend:8000/api/predictions/flood/238
[2026-03-25T16:09:43.969+0000] {climarisk_dag.py:152} ERROR - ❌ Warsaw: 500 Server Error: Internal Server Error for url: http://backend:8000/api/predictions/flood/239
[2026-03-25T16:09:44.398+0000] {climarisk_dag.py:152} ERROR - ❌ Prague: 500 Server Error: Internal Server Error for url: http://backend:8000/api/predictions/flood/240
[2026-03-25T16:09:44.770+0000] {climarisk_dag.py:152} ERROR - ❌ Budapest: 500 Server Error: Internal Server Error for url: http://backend:8000/api/predictions/flood/241
[2026-03-25T16:09:45.239+0000] {climarisk_dag.py:152} ERROR - ❌ Bucharest: 500 Server Error: Internal Server Error for url: http://backend:8000/api/predictions/flood/242
[2026-03-25T16:09:45.662+0000] {climarisk_dag.py:152} ERROR - ❌ Athens: 500 Server Error: Internal Server Error for url: http://backend:8000/api/predictions/flood/243
[2026-03-25T16:09:46.125+0000] {climarisk_dag.py:152} ERROR - ❌ Thessaloniki: 500 Server Error: Internal Server Error for url: http://backend:8000/api/predictions/flood/244
[2026-03-25T16:09:46.493+0000] {climarisk_dag.py:152} ERROR - ❌ Lisbon: 500 Server Error: Internal Server Error for url: http://backend:8000/api/predictions/flood/245
[2026-03-25T16:09:46.933+0000] {climarisk_dag.py:152} ERROR - ❌ Moscow: 500 Server Error: Internal Server Error for url: http://backend:8000/api/predictions/flood/246
[2026-03-25T16:09:47.354+0000] {climarisk_dag.py:152} ERROR - ❌ Saint Petersburg: 500 Server Error: Internal Server Error for url: http://backend:8000/api/predictions/flood/247
[2026-03-25T16:09:47.792+0000] {climarisk_dag.py:152} ERROR - ❌ Krasnoyarsk: 500 Server Error: Internal Server Error for url: http://backend:8000/api/predictions/flood/248
[2026-03-25T16:09:48.000+0000] {climarisk_dag.py:152} ERROR - ❌ Irkutsk: 500 Server Error: Internal Server Error for url: http://backend:8000/api/predictions/flood/249
[2026-03-25T16:09:48.477+0000] {climarisk_dag.py:152} ERROR - ❌ Yakutsk: 500 Server Error: Internal Server Error for url: http://backend:8000/api/predictions/flood/250
[2026-03-25T16:09:48.982+0000] {climarisk_dag.py:152} ERROR - ❌ Khabarovsk: 500 Server Error: Internal Server Error for url: http://backend:8000/api/predictions/flood/251
[2026-03-25T16:09:49.335+0000] {climarisk_dag.py:152} ERROR - ❌ Kyiv: 500 Server Error: Internal Server Error for url: http://backend:8000/api/predictions/flood/252
[2026-03-25T16:09:49.735+0000] {climarisk_dag.py:152} ERROR - ❌ New York: 500 Server Error: Internal Server Error for url: http://backend:8000/api/predictions/flood/253
[2026-03-25T16:09:50.101+0000] {climarisk_dag.py:152} ERROR - ❌ Los Angeles: 500 Server Error: Internal Server Error for url: http://backend:8000/api/predictions/flood/254
[2026-03-25T16:09:50.485+0000] {climarisk_dag.py:152} ERROR - ❌ Chicago: 500 Server Error: Internal Server Error for url: http://backend:8000/api/predictions/flood/255
[2026-03-25T16:09:50.931+0000] {climarisk_dag.py:152} ERROR - ❌ Houston: 500 Server Error: Internal Server Error for url: http://backend:8000/api/predictions/flood/256
[2026-03-25T16:09:51.306+0000] {climarisk_dag.py:152} ERROR - ❌ Miami: 500 Server Error: Internal Server Error for url: http://backend:8000/api/predictions/flood/257
[2026-03-25T16:09:51.736+0000] {climarisk_dag.py:152} ERROR - ❌ New Orleans: 500 Server Error: Internal Server Error for url: http://backend:8000/api/predictions/flood/258
[2026-03-25T16:09:52.153+0000] {climarisk_dag.py:152} ERROR - ❌ Seattle: 500 Server Error: Internal Server Error for url: http://backend:8000/api/predictions/flood/259
[2026-03-25T16:09:52.524+0000] {climarisk_dag.py:152} ERROR - ❌ Sacramento: 500 Server Error: Internal Server Error for url: http://backend:8000/api/predictions/flood/260
[2026-03-25T16:09:52.961+0000] {climarisk_dag.py:152} ERROR - ❌ Fresno: 500 Server Error: Internal Server Error for url: http://backend:8000/api/predictions/flood/261
[2026-03-25T16:09:53.374+0000] {climarisk_dag.py:152} ERROR - ❌ Redding: 500 Server Error: Internal Server Error for url: http://backend:8000/api/predictions/flood/262
[2026-03-25T16:09:53.734+0000] {climarisk_dag.py:152} ERROR - ❌ Memphis: 500 Server Error: Internal Server Error for url: http://backend:8000/api/predictions/flood/263
[2026-03-25T16:09:54.165+0000] {climarisk_dag.py:152} ERROR - ❌ Toronto: 500 Server Error: Internal Server Error for url: http://backend:8000/api/predictions/flood/264
[2026-03-25T16:09:54.574+0000] {climarisk_dag.py:152} ERROR - ❌ Montreal: 500 Server Error: Internal Server Error for url: http://backend:8000/api/predictions/flood/265
[2026-03-25T16:09:54.976+0000] {climarisk_dag.py:152} ERROR - ❌ Vancouver: 500 Server Error: Internal Server Error for url: http://backend:8000/api/predictions/flood/266
[2026-03-25T16:09:55.350+0000] {climarisk_dag.py:152} ERROR - ❌ Mexico City: 500 Server Error: Internal Server Error for url: http://backend:8000/api/predictions/flood/267
[2026-03-25T16:09:56.632+0000] {climarisk_dag.py:152} ERROR - ❌ Veracruz: 500 Server Error: Internal Server Error for url: http://backend:8000/api/predictions/flood/268
[2026-03-25T16:09:57.009+0000] {climarisk_dag.py:152} ERROR - ❌ Cancún: 500 Server Error: Internal Server Error for url: http://backend:8000/api/predictions/flood/269
[2026-03-25T16:09:57.396+0000] {climarisk_dag.py:152} ERROR - ❌ São Paulo: 500 Server Error: Internal Server Error for url: http://backend:8000/api/predictions/flood/270
[2026-03-25T16:09:57.838+0000] {climarisk_dag.py:152} ERROR - ❌ Rio de Janeiro: 500 Server Error: Internal Server Error for url: http://backend:8000/api/predictions/flood/271
[2026-03-25T16:09:58.277+0000] {climarisk_dag.py:152} ERROR - ❌ Belém: 500 Server Error: Internal Server Error for url: http://backend:8000/api/predictions/flood/272
[2026-03-25T16:09:58.728+0000] {climarisk_dag.py:152} ERROR - ❌ Marabá: 500 Server Error: Internal Server Error for url: http://backend:8000/api/predictions/flood/273
[2026-03-25T16:09:59.119+0000] {climarisk_dag.py:152} ERROR - ❌ Sinop: 500 Server Error: Internal Server Error for url: http://backend:8000/api/predictions/flood/274
[2026-03-25T16:09:59.479+0000] {climarisk_dag.py:152} ERROR - ❌ Porto Velho: 500 Server Error: Internal Server Error for url: http://backend:8000/api/predictions/flood/275
[2026-03-25T16:09:59.929+0000] {climarisk_dag.py:152} ERROR - ❌ Buenos Aires: 500 Server Error: Internal Server Error for url: http://backend:8000/api/predictions/flood/276
[2026-03-25T16:10:00.389+0000] {climarisk_dag.py:152} ERROR - ❌ Lima: 500 Server Error: Internal Server Error for url: http://backend:8000/api/predictions/flood/277
[2026-03-25T16:10:03.175+0000] {climarisk_dag.py:152} ERROR - ❌ Bogotá: 500 Server Error: Internal Server Error for url: http://backend:8000/api/predictions/flood/278
[2026-03-25T16:10:03.608+0000] {climarisk_dag.py:152} ERROR - ❌ Santiago: 500 Server Error: Internal Server Error for url: http://backend:8000/api/predictions/flood/279
[2026-03-25T16:10:04.067+0000] {climarisk_dag.py:152} ERROR - ❌ Port-au-Prince: 500 Server Error: Internal Server Error for url: http://backend:8000/api/predictions/flood/280
[2026-03-25T16:10:04.275+0000] {climarisk_dag.py:152} ERROR - ❌ San Juan: 500 Server Error: Internal Server Error for url: http://backend:8000/api/predictions/flood/281
[2026-03-25T16:10:04.663+0000] {climarisk_dag.py:152} ERROR - ❌ Kingston: 500 Server Error: Internal Server Error for url: http://backend:8000/api/predictions/flood/282
[2026-03-25T16:10:04.937+0000] {climarisk_dag.py:152} ERROR - ❌ Port of Spain: 500 Server Error: Internal Server Error for url: http://backend:8000/api/predictions/flood/283
[2026-03-25T16:10:05.442+0000] {climarisk_dag.py:152} ERROR - ❌ Sydney: 500 Server Error: Internal Server Error for url: http://backend:8000/api/predictions/flood/284
[2026-03-25T16:10:06.003+0000] {climarisk_dag.py:152} ERROR - ❌ Melbourne: 500 Server Error: Internal Server Error for url: http://backend:8000/api/predictions/flood/285
[2026-03-25T16:10:07.282+0000] {climarisk_dag.py:152} ERROR - ❌ Brisbane: 500 Server Error: Internal Server Error for url: http://backend:8000/api/predictions/flood/286
[2026-03-25T16:10:07.752+0000] {climarisk_dag.py:152} ERROR - ❌ Darwin: 500 Server Error: Internal Server Error for url: http://backend:8000/api/predictions/flood/287
[2026-03-25T16:10:09.328+0000] {climarisk_dag.py:152} ERROR - ❌ Alice Springs: 500 Server Error: Internal Server Error for url: http://backend:8000/api/predictions/flood/288
[2026-03-25T16:10:09.866+0000] {climarisk_dag.py:152} ERROR - ❌ Cairns: 500 Server Error: Internal Server Error for url: http://backend:8000/api/predictions/flood/289
[2026-03-25T16:10:10.129+0000] {climarisk_dag.py:152} ERROR - ❌ Auckland: 500 Server Error: Internal Server Error for url: http://backend:8000/api/predictions/flood/290
[2026-03-25T16:10:10.620+0000] {climarisk_dag.py:152} ERROR - ❌ Port Moresby: 500 Server Error: Internal Server Error for url: http://backend:8000/api/predictions/flood/291
[2026-03-25T16:10:10.621+0000] {climarisk_dag.py:156} INFO - ✅ Done: 0 OK, 291 errors, 132.0s
[2026-03-25T16:10:10.639+0000] {taskinstance.py:441} INFO - ::group::Post task execution logs
[2026-03-25T16:10:10.640+0000] {taskinstance.py:2905} ERROR - Task failed with exception
Traceback (most recent call last):
  File "/home/airflow/.local/lib/python3.12/site-packages/airflow/models/taskinstance.py", line 465, in _execute_task
    result = _execute_callable(context=context, **execute_callable_kwargs)
             ^^^^^^^^^^^^^^^^^^^^^^^^^^^^^^^^^^^^^^^^^^^^^^^^^^^^^^^^^^^^^
  File "/home/airflow/.local/lib/python3.12/site-packages/airflow/models/taskinstance.py", line 432, in _execute_callable
    return execute_callable(context=context, **execute_callable_kwargs)
           ^^^^^^^^^^^^^^^^^^^^^^^^^^^^^^^^^^^^^^^^^^^^^^^^^^^^^^^^^^^^
  File "/home/airflow/.local/lib/python3.12/site-packages/airflow/models/baseoperator.py", line 400, in wrapper
    return func(self, *args, **kwargs)
           ^^^^^^^^^^^^^^^^^^^^^^^^^^^
  File "/home/airflow/.local/lib/python3.12/site-packages/airflow/operators/python.py", line 235, in execute
    return_value = self.execute_callable()
                   ^^^^^^^^^^^^^^^^^^^^^^^
  File "/home/airflow/.local/lib/python3.12/site-packages/airflow/operators/python.py", line 252, in execute_callable
    return self.python_callable(*self.op_args, **self.op_kwargs)
           ^^^^^^^^^^^^^^^^^^^^^^^^^^^^^^^^^^^^^^^^^^^^^^^^^^^^^
  File "/opt/airflow/dags/climarisk_dag.py", line 165, in predict_all_zones
    raise Exception(f"{errors} zone(s) failed — check logs above")
Exception: 291 zone(s) failed — check logs above
[2026-03-25T16:10:10.659+0000] {taskinstance.py:1206} INFO - Marking task as FAILED. dag_id=***_predictions, task_id=predict_all_zones, run_id=scheduled__2026-03-25T15:50:00+00:00, execution_date=20260325T155000, start_date=20260325T160758, end_date=20260325T161010
[2026-03-25T16:10:10.677+0000] {standard_task_runner.py:110} ERROR - Failed to execute job 571 for task predict_all_zones (291 zone(s) failed — check logs above; 739)
[2026-03-25T16:10:10.689+0000] {local_task_job_runner.py:240} INFO - Task exited with return code 1
[2026-03-25T16:10:10.720+0000] {taskinstance.py:3498} INFO - 1 downstream tasks scheduled from follow-on schedule check
[2026-03-25T16:10:10.723+0000] {local_task_job_runner.py:222} INFO - ::endgroup::
