[2026-03-23T23:16:02.830+0000] {local_task_job_runner.py:120} INFO - ::group::Pre task execution logs
[2026-03-23T23:16:02.883+0000] {taskinstance.py:2076} INFO - Dependencies all met for dep_context=non-requeueable deps ti=<TaskInstance: climarisk_predictions.predict_all_zones scheduled__2026-03-23T23:15:00+00:00 [queued]>
[2026-03-23T23:16:02.895+0000] {taskinstance.py:2076} INFO - Dependencies all met for dep_context=requeueable deps ti=<TaskInstance: climarisk_predictions.predict_all_zones scheduled__2026-03-23T23:15:00+00:00 [queued]>
[2026-03-23T23:16:02.896+0000] {taskinstance.py:2306} INFO - Starting attempt 1 of 2
[2026-03-23T23:16:02.915+0000] {taskinstance.py:2330} INFO - Executing <Task(PythonOperator): predict_all_zones> on 2026-03-23 23:15:00+00:00
[2026-03-23T23:16:02.927+0000] {logging_mixin.py:188} WARNING - /home/airflow/.local/lib/python3.12/site-packages/airflow/task/task_runner/standard_task_runner.py:61 DeprecationWarning: This process (pid=8755) is multi-threaded, use of fork() may lead to deadlocks in the child.
[2026-03-23T23:16:02.926+0000] {standard_task_runner.py:90} INFO - Running: ['airflow', 'tasks', 'run', '***_predictions', 'predict_all_zones', 'scheduled__2026-03-23T23:15:00+00:00', '--job-id', '318', '--raw', '--subdir', 'DAGS_FOLDER/***_dag.py', '--cfg-path', '/tmp/tmptzdcwl2g']
[2026-03-23T23:16:02.929+0000] {standard_task_runner.py:63} INFO - Started process 8756 to run task
[2026-03-23T23:16:02.929+0000] {standard_task_runner.py:91} INFO - Job 318: Subtask predict_all_zones
[2026-03-23T23:16:03.040+0000] {task_command.py:426} INFO - Running <TaskInstance: climarisk_predictions.predict_all_zones scheduled__2026-03-23T23:15:00+00:00 [running]> on host 6146f0e8983c
[2026-03-23T23:16:03.237+0000] {taskinstance.py:2648} INFO - Exporting env vars: AIRFLOW_CTX_DAG_OWNER='***' AIRFLOW_CTX_DAG_ID='***_predictions' AIRFLOW_CTX_TASK_ID='predict_all_zones' AIRFLOW_CTX_EXECUTION_DATE='2026-03-23T23:15:00+00:00' AIRFLOW_CTX_TRY_NUMBER='1' AIRFLOW_CTX_DAG_RUN_ID='scheduled__2026-03-23T23:15:00+00:00'
[2026-03-23T23:16:03.238+0000] {taskinstance.py:430} INFO - ::endgroup::
[2026-03-23T23:16:04.961+0000] {climarisk_dag.py:145} INFO - ✅ Alger: flood=LOW(0.00) fire=LOW(0.14)
[2026-03-23T23:16:05.482+0000] {climarisk_dag.py:145} INFO - ✅ Cairo: flood=LOW(0.00) fire=LOW(0.14)
[2026-03-23T23:16:06.005+0000] {climarisk_dag.py:145} INFO - ✅ Lagos: flood=LOW(0.00) fire=LOW(0.14)
[2026-03-23T23:16:06.649+0000] {climarisk_dag.py:145} INFO - ✅ Kano: flood=LOW(0.00) fire=LOW(0.14)
[2026-03-23T23:16:07.333+0000] {climarisk_dag.py:145} INFO - ✅ Abuja: flood=LOW(0.00) fire=LOW(0.14)
[2026-03-23T23:16:08.179+0000] {climarisk_dag.py:145} INFO - ✅ Johannesburg: flood=LOW(0.00) fire=LOW(0.14)
[2026-03-23T23:16:08.924+0000] {climarisk_dag.py:145} INFO - ✅ Cape Town: flood=LOW(0.00) fire=LOW(0.14)
[2026-03-23T23:16:09.529+0000] {climarisk_dag.py:145} INFO - ✅ Nairobi: flood=LOW(0.00) fire=LOW(0.14)
[2026-03-23T23:16:10.133+0000] {climarisk_dag.py:145} INFO - ✅ Addis Ababa: flood=LOW(0.00) fire=LOW(0.14)
[2026-03-23T23:16:10.826+0000] {climarisk_dag.py:145} INFO - ✅ Dar es Salaam: flood=LOW(0.00) fire=LOW(0.14)
[2026-03-23T23:16:11.386+0000] {climarisk_dag.py:145} INFO - ✅ Accra: flood=LOW(0.00) fire=LOW(0.14)
[2026-03-23T23:16:12.164+0000] {climarisk_dag.py:145} INFO - ✅ Casablanca: flood=LOW(0.00) fire=LOW(0.14)
[2026-03-23T23:16:12.778+0000] {climarisk_dag.py:145} INFO - ✅ Mohammedia: flood=LOW(0.00) fire=LOW(0.14)
[2026-03-23T23:16:13.364+0000] {climarisk_dag.py:145} INFO - ✅ El Jadida: flood=LOW(0.00) fire=LOW(0.14)
[2026-03-23T23:16:14.976+0000] {climarisk_dag.py:145} INFO - ✅ Settat: flood=LOW(0.00) fire=LOW(0.14)
[2026-03-23T23:16:15.703+0000] {climarisk_dag.py:145} INFO - ✅ Berrechid: flood=LOW(0.00) fire=LOW(0.14)
[2026-03-23T23:16:16.405+0000] {climarisk_dag.py:145} INFO - ✅ Benslimane: flood=LOW(0.00) fire=LOW(0.14)
[2026-03-23T23:16:16.989+0000] {climarisk_dag.py:145} INFO - ✅ Sidi Bennour: flood=LOW(0.00) fire=LOW(0.14)
[2026-03-23T23:16:17.804+0000] {climarisk_dag.py:145} INFO - ✅ Azemmour: flood=LOW(0.00) fire=LOW(0.14)
[2026-03-23T23:16:18.480+0000] {climarisk_dag.py:145} INFO - ✅ Mediouna: flood=LOW(0.00) fire=LOW(0.14)
[2026-03-23T23:16:19.185+0000] {climarisk_dag.py:145} INFO - ✅ Nouaceur: flood=LOW(0.00) fire=LOW(0.14)
[2026-03-23T23:16:19.827+0000] {climarisk_dag.py:145} INFO - ✅ Rabat: flood=LOW(0.00) fire=LOW(0.14)
[2026-03-23T23:16:20.649+0000] {climarisk_dag.py:145} INFO - ✅ Salé: flood=LOW(0.00) fire=LOW(0.14)
[2026-03-23T23:16:21.401+0000] {climarisk_dag.py:145} INFO - ✅ Kénitra: flood=LOW(0.00) fire=LOW(0.14)
[2026-03-23T23:16:22.327+0000] {climarisk_dag.py:145} INFO - ✅ Témara: flood=LOW(0.00) fire=LOW(0.14)
[2026-03-23T23:16:23.231+0000] {climarisk_dag.py:145} INFO - ✅ Skhirat: flood=LOW(0.00) fire=LOW(0.14)
[2026-03-23T23:16:23.769+0000] {climarisk_dag.py:145} INFO - ✅ Tiflet: flood=LOW(0.00) fire=LOW(0.14)
[2026-03-23T23:16:24.903+0000] {climarisk_dag.py:145} INFO - ✅ Khémisset: flood=LOW(0.00) fire=LOW(0.14)
[2026-03-23T23:16:25.539+0000] {climarisk_dag.py:145} INFO - ✅ Sidi Slimane: flood=LOW(0.00) fire=LOW(0.14)
[2026-03-23T23:16:26.251+0000] {climarisk_dag.py:145} INFO - ✅ Sidi Kacem: flood=LOW(0.00) fire=LOW(0.14)
[2026-03-23T23:16:26.983+0000] {climarisk_dag.py:145} INFO - ✅ Souk el Arba: flood=LOW(0.00) fire=LOW(0.14)
[2026-03-23T23:16:27.627+0000] {climarisk_dag.py:145} INFO - ✅ Ouazzane: flood=LOW(0.00) fire=LOW(0.14)
[2026-03-23T23:16:28.248+0000] {climarisk_dag.py:145} INFO - ✅ Fès: flood=LOW(0.00) fire=LOW(0.14)
[2026-03-23T23:16:30.929+0000] {climarisk_dag.py:145} INFO - ✅ Meknès: flood=LOW(0.00) fire=LOW(0.14)
[2026-03-23T23:16:34.172+0000] {climarisk_dag.py:145} INFO - ✅ Ifrane: flood=LOW(0.00) fire=LOW(0.14)
[2026-03-23T23:16:36.208+0000] {climarisk_dag.py:145} INFO - ✅ Azrou: flood=LOW(0.00) fire=LOW(0.14)
[2026-03-23T23:16:37.394+0000] {climarisk_dag.py:145} INFO - ✅ Taounate: flood=LOW(0.00) fire=LOW(0.14)
[2026-03-23T23:16:38.870+0000] {climarisk_dag.py:145} INFO - ✅ Taza: flood=LOW(0.00) fire=LOW(0.14)
[2026-03-23T23:16:39.415+0000] {climarisk_dag.py:145} INFO - ✅ Sefrou: flood=LOW(0.00) fire=LOW(0.14)
[2026-03-23T23:16:39.842+0000] {climarisk_dag.py:145} INFO - ✅ Boulemane: flood=LOW(0.00) fire=LOW(0.14)
[2026-03-23T23:16:40.412+0000] {climarisk_dag.py:145} INFO - ✅ El Hajeb: flood=LOW(0.00) fire=LOW(0.14)
[2026-03-23T23:16:41.016+0000] {climarisk_dag.py:145} INFO - ✅ Missour: flood=LOW(0.00) fire=LOW(0.14)
[2026-03-23T23:16:41.554+0000] {climarisk_dag.py:145} INFO - ✅ Guercif: flood=LOW(0.00) fire=LOW(0.14)
[2026-03-23T23:16:42.139+0000] {climarisk_dag.py:145} INFO - ✅ Marrakech: flood=LOW(0.00) fire=LOW(0.14)
[2026-03-23T23:16:42.941+0000] {climarisk_dag.py:145} INFO - ✅ Safi: flood=LOW(0.00) fire=LOW(0.14)
[2026-03-23T23:16:43.644+0000] {climarisk_dag.py:145} INFO - ✅ Essaouira: flood=LOW(0.00) fire=LOW(0.14)
[2026-03-23T23:16:44.422+0000] {climarisk_dag.py:145} INFO - ✅ El Kelaa des Sraghna: flood=LOW(0.00) fire=LOW(0.14)
[2026-03-23T23:16:45.934+0000] {climarisk_dag.py:145} INFO - ✅ Chichaoua: flood=LOW(0.00) fire=LOW(0.14)
[2026-03-23T23:16:47.125+0000] {climarisk_dag.py:145} INFO - ✅ Youssoufia: flood=LOW(0.00) fire=LOW(0.14)
[2026-03-23T23:16:48.378+0000] {climarisk_dag.py:145} INFO - ✅ Ben Guerir: flood=LOW(0.00) fire=LOW(0.14)
[2026-03-23T23:16:54.498+0000] {climarisk_dag.py:145} INFO - ✅ Tahanaout: flood=LOW(0.00) fire=LOW(0.14)
[2026-03-23T23:16:57.083+0000] {climarisk_dag.py:145} INFO - ✅ Ait Ourir: flood=LOW(0.00) fire=LOW(0.14)
[2026-03-23T23:16:58.778+0000] {climarisk_dag.py:145} INFO - ✅ Demnate: flood=LOW(0.00) fire=LOW(0.14)
[2026-03-23T23:17:01.087+0000] {climarisk_dag.py:145} INFO - ✅ Tanger: flood=LOW(0.00) fire=LOW(0.14)
[2026-03-23T23:17:03.038+0000] {climarisk_dag.py:145} INFO - ✅ Tétouan: flood=LOW(0.00) fire=LOW(0.14)
[2026-03-23T23:17:04.528+0000] {climarisk_dag.py:145} INFO - ✅ Al Hoceïma: flood=LOW(0.00) fire=LOW(0.14)
[2026-03-23T23:17:06.706+0000] {climarisk_dag.py:145} INFO - ✅ Larache: flood=LOW(0.00) fire=LOW(0.14)
[2026-03-23T23:17:08.816+0000] {climarisk_dag.py:145} INFO - ✅ Chefchaouen: flood=LOW(0.00) fire=LOW(0.14)
[2026-03-23T23:17:10.237+0000] {climarisk_dag.py:145} INFO - ✅ Asilah: flood=LOW(0.00) fire=LOW(0.14)
[2026-03-23T23:17:11.718+0000] {climarisk_dag.py:145} INFO - ✅ Fnideq: flood=LOW(0.00) fire=LOW(0.14)
[2026-03-23T23:17:13.338+0000] {climarisk_dag.py:145} INFO - ✅ Martil: flood=LOW(0.00) fire=LOW(0.14)
[2026-03-23T23:17:14.954+0000] {climarisk_dag.py:145} INFO - ✅ Mdiq: flood=LOW(0.00) fire=LOW(0.14)
[2026-03-23T23:17:17.180+0000] {climarisk_dag.py:145} INFO - ✅ Ksar el Kebir: flood=LOW(0.00) fire=LOW(0.14)
[2026-03-23T23:17:18.809+0000] {climarisk_dag.py:145} INFO - ✅ Ouazzane: flood=LOW(0.00) fire=LOW(0.14)
[2026-03-23T23:17:20.337+0000] {climarisk_dag.py:145} INFO - ✅ Targuist: flood=LOW(0.00) fire=LOW(0.14)
[2026-03-23T23:17:21.693+0000] {climarisk_dag.py:145} INFO - ✅ Imzouren: flood=LOW(0.00) fire=LOW(0.14)
[2026-03-23T23:17:22.828+0000] {climarisk_dag.py:145} INFO - ✅ Beni Mellal-Khenifra: flood=LOW(0.00) fire=LOW(0.14)
[2026-03-23T23:17:23.382+0000] {climarisk_dag.py:145} INFO - ✅ Khénifra: flood=LOW(0.00) fire=LOW(0.14)
[2026-03-23T23:17:24.012+0000] {climarisk_dag.py:145} INFO - ✅ Azilal: flood=LOW(0.00) fire=LOW(0.14)
[2026-03-23T23:17:24.827+0000] {climarisk_dag.py:145} INFO - ✅ Nanjing: flood=LOW(0.00) fire=LOW(0.14)
[2026-03-23T23:17:25.649+0000] {climarisk_dag.py:145} INFO - ✅ Khouribga: flood=LOW(0.00) fire=LOW(0.14)
[2026-03-23T23:17:26.264+0000] {climarisk_dag.py:145} INFO - ✅ Fkih Ben Salah: flood=LOW(0.00) fire=LOW(0.14)
[2026-03-23T23:17:27.037+0000] {climarisk_dag.py:145} INFO - ✅ Souk Sebt: flood=LOW(0.00) fire=LOW(0.14)
[2026-03-23T23:17:27.707+0000] {climarisk_dag.py:145} INFO - ✅ Midelt: flood=LOW(0.00) fire=LOW(0.14)
[2026-03-23T23:17:28.508+0000] {climarisk_dag.py:145} INFO - ✅ Zaouiat Cheikh: flood=LOW(0.00) fire=LOW(0.14)
[2026-03-23T23:17:29.507+0000] {climarisk_dag.py:145} INFO - ✅ Oujda: flood=LOW(0.00) fire=LOW(0.14)
[2026-03-23T23:17:30.294+0000] {climarisk_dag.py:145} INFO - ✅ Nador: flood=LOW(0.00) fire=LOW(0.14)
[2026-03-23T23:17:31.076+0000] {climarisk_dag.py:145} INFO - ✅ Berkane: flood=LOW(0.00) fire=LOW(0.14)
[2026-03-23T23:17:31.893+0000] {climarisk_dag.py:145} INFO - ✅ Taourirt: flood=LOW(0.00) fire=LOW(0.14)
[2026-03-23T23:17:33.028+0000] {climarisk_dag.py:145} INFO - ✅ Jerada: flood=LOW(0.00) fire=LOW(0.14)
[2026-03-23T23:17:34.219+0000] {climarisk_dag.py:145} INFO - ✅ Figuig: flood=LOW(0.00) fire=LOW(0.14)
[2026-03-23T23:17:35.431+0000] {climarisk_dag.py:145} INFO - ✅ Bouarfa: flood=LOW(0.00) fire=LOW(0.14)
[2026-03-23T23:17:36.027+0000] {climarisk_dag.py:145} INFO - ✅ Selouane: flood=LOW(0.00) fire=LOW(0.14)
[2026-03-23T23:17:36.645+0000] {climarisk_dag.py:145} INFO - ✅ Zaio: flood=LOW(0.00) fire=LOW(0.14)
[2026-03-23T23:17:37.429+0000] {climarisk_dag.py:145} INFO - ✅ Agadir: flood=LOW(0.00) fire=LOW(0.14)
[2026-03-23T23:17:38.413+0000] {climarisk_dag.py:145} INFO - ✅ Inezgane: flood=LOW(0.00) fire=LOW(0.14)
[2026-03-23T23:17:39.812+0000] {climarisk_dag.py:145} INFO - ✅ Tiznit: flood=LOW(0.00) fire=LOW(0.14)
[2026-03-23T23:17:41.659+0000] {climarisk_dag.py:145} INFO - ✅ Taroudannt: flood=LOW(0.00) fire=LOW(0.14)
[2026-03-23T23:17:42.213+0000] {climarisk_dag.py:145} INFO - ✅ Ouarzazate: flood=LOW(0.00) fire=LOW(0.14)
[2026-03-23T23:17:42.796+0000] {climarisk_dag.py:145} INFO - ✅ Ait Melloul: flood=LOW(0.00) fire=LOW(0.14)
[2026-03-23T23:17:43.376+0000] {climarisk_dag.py:145} INFO - ✅ Biougra: flood=LOW(0.00) fire=LOW(0.14)
[2026-03-23T23:17:44.009+0000] {climarisk_dag.py:145} INFO - ✅ Chtouka Ait Baha: flood=LOW(0.00) fire=LOW(0.14)
[2026-03-23T23:17:44.551+0000] {climarisk_dag.py:145} INFO - ✅ Tata: flood=LOW(0.00) fire=LOW(0.14)
[2026-03-23T23:17:45.113+0000] {climarisk_dag.py:145} INFO - ✅ Sidi Ifni: flood=LOW(0.00) fire=LOW(0.14)
[2026-03-23T23:17:45.779+0000] {climarisk_dag.py:145} INFO - ✅ Massa: flood=LOW(0.00) fire=LOW(0.14)
[2026-03-23T23:17:47.334+0000] {climarisk_dag.py:145} INFO - ✅ Errachidia: flood=LOW(0.00) fire=LOW(0.14)
[2026-03-23T23:17:48.075+0000] {climarisk_dag.py:145} INFO - ✅ Zagora: flood=LOW(0.00) fire=LOW(0.14)
[2026-03-23T23:17:48.678+0000] {climarisk_dag.py:145} INFO - ✅ Tinghir: flood=LOW(0.00) fire=LOW(0.14)
[2026-03-23T23:17:49.279+0000] {climarisk_dag.py:145} INFO - ✅ Ouarzazate: flood=LOW(0.00) fire=LOW(0.14)
[2026-03-23T23:17:49.798+0000] {climarisk_dag.py:145} INFO - ✅ Rissani: flood=LOW(0.00) fire=LOW(0.14)
[2026-03-23T23:17:50.578+0000] {climarisk_dag.py:145} INFO - ✅ Erfoud: flood=LOW(0.00) fire=LOW(0.14)
[2026-03-23T23:17:51.273+0000] {climarisk_dag.py:145} INFO - ✅ Merzouga: flood=LOW(0.00) fire=LOW(0.14)
[2026-03-23T23:17:51.876+0000] {climarisk_dag.py:145} INFO - ✅ Alnif: flood=LOW(0.00) fire=LOW(0.14)
[2026-03-23T23:17:52.540+0000] {climarisk_dag.py:145} INFO - ✅ Goulmima: flood=LOW(0.00) fire=LOW(0.14)
[2026-03-23T23:17:53.266+0000] {climarisk_dag.py:145} INFO - ✅ Laâyoune: flood=LOW(0.00) fire=LOW(0.14)
[2026-03-23T23:17:53.880+0000] {climarisk_dag.py:145} INFO - ✅ Boujdour: flood=LOW(0.00) fire=LOW(0.14)
[2026-03-23T23:17:54.610+0000] {climarisk_dag.py:145} INFO - ✅ Tarfaya: flood=LOW(0.00) fire=LOW(0.14)
[2026-03-23T23:17:55.279+0000] {climarisk_dag.py:145} INFO - ✅ Smara: flood=LOW(0.00) fire=LOW(0.14)
[2026-03-23T23:17:55.849+0000] {climarisk_dag.py:145} INFO - ✅ El Marsa: flood=LOW(0.00) fire=LOW(0.14)
[2026-03-23T23:17:56.534+0000] {climarisk_dag.py:145} INFO - ✅ Dakhla: flood=LOW(0.00) fire=LOW(0.14)
[2026-03-23T23:17:57.101+0000] {climarisk_dag.py:145} INFO - ✅ Aousserd: flood=LOW(0.00) fire=LOW(0.14)
[2026-03-23T23:17:57.780+0000] {climarisk_dag.py:145} INFO - ✅ Guelmim: flood=LOW(0.00) fire=LOW(0.14)
[2026-03-23T23:17:58.349+0000] {climarisk_dag.py:145} INFO - ✅ Tan-Tan: flood=LOW(0.00) fire=LOW(0.14)
[2026-03-23T23:17:58.827+0000] {climarisk_dag.py:145} INFO - ✅ Assa: flood=LOW(0.00) fire=LOW(0.14)
[2026-03-23T23:17:59.366+0000] {climarisk_dag.py:145} INFO - ✅ Zag: flood=LOW(0.00) fire=LOW(0.14)
[2026-03-23T23:17:59.992+0000] {climarisk_dag.py:145} INFO - ✅ Sidi Ifni: flood=LOW(0.00) fire=LOW(0.14)
[2026-03-23T23:18:00.662+0000] {climarisk_dag.py:145} INFO - ✅ Tiznit: flood=LOW(0.00) fire=LOW(0.14)
[2026-03-23T23:18:01.917+0000] {climarisk_dag.py:145} INFO - ✅ Tunis: flood=LOW(0.00) fire=LOW(0.14)
[2026-03-23T23:18:03.482+0000] {climarisk_dag.py:145} INFO - ✅ Kampala: flood=LOW(0.00) fire=LOW(0.14)
[2026-03-23T23:18:06.396+0000] {climarisk_dag.py:145} INFO - ✅ Dakar: flood=LOW(0.00) fire=LOW(0.14)
[2026-03-23T23:18:08.188+0000] {climarisk_dag.py:145} INFO - ✅ Kinshasa: flood=LOW(0.00) fire=LOW(0.14)
[2026-03-23T23:18:08.852+0000] {climarisk_dag.py:145} INFO - ✅ Luanda: flood=LOW(0.00) fire=LOW(0.14)
[2026-03-23T23:18:09.512+0000] {climarisk_dag.py:145} INFO - ✅ Khartoum: flood=LOW(0.00) fire=LOW(0.14)
[2026-03-23T23:18:10.095+0000] {climarisk_dag.py:145} INFO - ✅ Harare: flood=LOW(0.00) fire=LOW(0.14)
[2026-03-23T23:18:10.818+0000] {climarisk_dag.py:145} INFO - ✅ Lusaka: flood=LOW(0.00) fire=LOW(0.14)
[2026-03-23T23:18:11.337+0000] {climarisk_dag.py:145} INFO - ✅ Maputo: flood=LOW(0.00) fire=LOW(0.14)
[2026-03-23T23:18:11.897+0000] {climarisk_dag.py:145} INFO - ✅ Antananarivo: flood=LOW(0.00) fire=LOW(0.14)
[2026-03-23T23:18:12.483+0000] {climarisk_dag.py:145} INFO - ✅ Abidjan: flood=LOW(0.00) fire=LOW(0.14)
[2026-03-23T23:18:13.105+0000] {climarisk_dag.py:145} INFO - ✅ Douala: flood=LOW(0.00) fire=LOW(0.14)
[2026-03-23T23:18:13.752+0000] {climarisk_dag.py:145} INFO - ✅ Niamey: flood=LOW(0.00) fire=LOW(0.14)
[2026-03-23T23:18:14.564+0000] {climarisk_dag.py:145} INFO - ✅ Ouagadougou: flood=LOW(0.00) fire=LOW(0.14)
[2026-03-23T23:18:15.139+0000] {climarisk_dag.py:145} INFO - ✅ Bamako: flood=LOW(0.00) fire=LOW(0.14)
[2026-03-23T23:18:16.318+0000] {climarisk_dag.py:145} INFO - ✅ Windhoek: flood=LOW(0.00) fire=LOW(0.14)
[2026-03-23T23:18:18.510+0000] {climarisk_dag.py:145} INFO - ✅ Port Harcourt: flood=LOW(0.00) fire=LOW(0.14)
[2026-03-23T23:18:19.894+0000] {climarisk_dag.py:145} INFO - ✅ Warri: flood=LOW(0.00) fire=LOW(0.14)
[2026-03-23T23:18:20.403+0000] {climarisk_dag.py:145} INFO - ✅ Calabar: flood=LOW(0.00) fire=LOW(0.14)
[2026-03-23T23:18:21.027+0000] {climarisk_dag.py:145} INFO - ✅ Beijing: flood=LOW(0.00) fire=LOW(0.14)
[2026-03-23T23:18:21.635+0000] {climarisk_dag.py:145} INFO - ✅ Shanghai: flood=LOW(0.00) fire=LOW(0.14)
[2026-03-23T23:18:22.325+0000] {climarisk_dag.py:145} INFO - ✅ Guangzhou: flood=LOW(0.00) fire=LOW(0.14)
[2026-03-23T23:18:23.049+0000] {climarisk_dag.py:145} INFO - ✅ Chengdu: flood=LOW(0.00) fire=LOW(0.14)
[2026-03-23T23:18:23.713+0000] {climarisk_dag.py:145} INFO - ✅ Wuhan: flood=LOW(0.00) fire=LOW(0.14)
[2026-03-23T23:18:24.313+0000] {climarisk_dag.py:145} INFO - ✅ Chongqing: flood=LOW(0.00) fire=LOW(0.14)
[2026-03-23T23:18:24.817+0000] {climarisk_dag.py:145} INFO - ✅ Zhengzhou: flood=LOW(0.00) fire=LOW(0.14)
[2026-03-23T23:18:25.431+0000] {climarisk_dag.py:145} INFO - ✅ Changsha: flood=LOW(0.00) fire=LOW(0.14)
[2026-03-23T23:18:26.389+0000] {climarisk_dag.py:145} INFO - ✅ Nanchang: flood=LOW(0.00) fire=LOW(0.14)
[2026-03-23T23:18:27.466+0000] {climarisk_dag.py:145} INFO - ✅ Yichang: flood=LOW(0.00) fire=LOW(0.14)
[2026-03-23T23:18:28.780+0000] {climarisk_dag.py:145} INFO - ✅ Haikou: flood=LOW(0.00) fire=LOW(0.14)
[2026-03-23T23:18:30.355+0000] {climarisk_dag.py:145} INFO - ✅ Hong Kong: flood=LOW(0.00) fire=LOW(0.14)
[2026-03-23T23:18:30.941+0000] {climarisk_dag.py:145} INFO - ✅ Taipei: flood=LOW(0.00) fire=LOW(0.14)
[2026-03-23T23:18:31.725+0000] {climarisk_dag.py:145} INFO - ✅ Kaohsiung: flood=LOW(0.00) fire=LOW(0.14)
[2026-03-23T23:18:32.403+0000] {climarisk_dag.py:145} INFO - ✅ Mumbai: flood=LOW(0.00) fire=LOW(0.14)
[2026-03-23T23:18:33.058+0000] {climarisk_dag.py:145} INFO - ✅ Delhi: flood=LOW(0.00) fire=LOW(0.14)
[2026-03-23T23:18:33.728+0000] {climarisk_dag.py:145} INFO - ✅ Bangalore: flood=LOW(0.00) fire=LOW(0.14)
[2026-03-23T23:18:34.470+0000] {climarisk_dag.py:145} INFO - ✅ Chennai: flood=LOW(0.00) fire=LOW(0.14)
[2026-03-23T23:18:35.081+0000] {climarisk_dag.py:145} INFO - ✅ Kolkata: flood=LOW(0.00) fire=LOW(0.14)
[2026-03-23T23:18:35.590+0000] {climarisk_dag.py:145} INFO - ✅ Patna: flood=LOW(0.00) fire=LOW(0.14)
[2026-03-23T23:18:36.099+0000] {climarisk_dag.py:145} INFO - ✅ Guwahati: flood=LOW(0.00) fire=LOW(0.14)
[2026-03-23T23:18:36.635+0000] {climarisk_dag.py:145} INFO - ✅ Varanasi: flood=LOW(0.00) fire=LOW(0.14)
[2026-03-23T23:18:37.182+0000] {climarisk_dag.py:145} INFO - ✅ Muzaffarpur: flood=LOW(0.00) fire=LOW(0.14)
[2026-03-23T23:18:37.708+0000] {climarisk_dag.py:145} INFO - ✅ Visakhapatnam: flood=LOW(0.00) fire=LOW(0.14)
[2026-03-23T23:18:38.282+0000] {climarisk_dag.py:145} INFO - ✅ Vijayawada: flood=LOW(0.00) fire=LOW(0.14)
[2026-03-23T23:18:38.737+0000] {climarisk_dag.py:145} INFO - ✅ Tokyo: flood=LOW(0.00) fire=LOW(0.14)
[2026-03-23T23:18:39.288+0000] {climarisk_dag.py:145} INFO - ✅ Osaka: flood=LOW(0.00) fire=LOW(0.14)
[2026-03-23T23:18:39.860+0000] {climarisk_dag.py:145} INFO - ✅ Sapporo: flood=LOW(0.00) fire=LOW(0.14)
[2026-03-23T23:18:40.570+0000] {climarisk_dag.py:145} INFO - ✅ Naha: flood=LOW(0.00) fire=LOW(0.14)
[2026-03-23T23:18:41.090+0000] {climarisk_dag.py:145} INFO - ✅ Seoul: flood=LOW(0.00) fire=LOW(0.14)
[2026-03-23T23:18:41.701+0000] {climarisk_dag.py:145} INFO - ✅ Busan: flood=LOW(0.00) fire=LOW(0.14)
[2026-03-23T23:18:42.346+0000] {climarisk_dag.py:145} INFO - ✅ Bangkok: flood=LOW(0.00) fire=LOW(0.14)
[2026-03-23T23:18:43.061+0000] {climarisk_dag.py:145} INFO - ✅ Chiang Mai: flood=LOW(0.00) fire=LOW(0.14)
[2026-03-23T23:18:43.588+0000] {climarisk_dag.py:145} INFO - ✅ Jakarta: flood=LOW(0.00) fire=LOW(0.14)
[2026-03-23T23:18:44.132+0000] {climarisk_dag.py:145} INFO - ✅ Surabaya: flood=LOW(0.00) fire=LOW(0.14)
[2026-03-23T23:18:44.784+0000] {climarisk_dag.py:145} INFO - ✅ Medan: flood=LOW(0.00) fire=LOW(0.14)
[2026-03-23T23:18:45.383+0000] {climarisk_dag.py:145} INFO - ✅ Manila: flood=LOW(0.00) fire=LOW(0.14)
[2026-03-23T23:18:46.088+0000] {climarisk_dag.py:145} INFO - ✅ Cebu: flood=LOW(0.00) fire=LOW(0.14)
[2026-03-23T23:18:47.151+0000] {climarisk_dag.py:145} INFO - ✅ Tacloban: flood=LOW(0.00) fire=LOW(0.14)
[2026-03-23T23:18:48.977+0000] {climarisk_dag.py:145} INFO - ✅ Legazpi: flood=LOW(0.00) fire=LOW(0.14)
[2026-03-23T23:18:49.867+0000] {climarisk_dag.py:145} INFO - ✅ Zamboanga: flood=LOW(0.00) fire=LOW(0.14)
[2026-03-23T23:18:50.761+0000] {climarisk_dag.py:145} INFO - ✅ Kuala Lumpur: flood=LOW(0.00) fire=LOW(0.14)
[2026-03-23T23:18:51.397+0000] {climarisk_dag.py:145} INFO - ✅ Singapore: flood=LOW(0.00) fire=LOW(0.14)
[2026-03-23T23:18:52.075+0000] {climarisk_dag.py:145} INFO - ✅ Ho Chi Minh City: flood=LOW(0.00) fire=LOW(0.14)
[2026-03-23T23:18:52.763+0000] {climarisk_dag.py:145} INFO - ✅ Hanoi: flood=LOW(0.00) fire=LOW(0.14)
[2026-03-23T23:18:53.420+0000] {climarisk_dag.py:145} INFO - ✅ Da Nang: flood=LOW(0.00) fire=LOW(0.14)
[2026-03-23T23:18:54.020+0000] {climarisk_dag.py:145} INFO - ✅ Can Tho: flood=LOW(0.00) fire=LOW(0.14)
[2026-03-23T23:18:54.640+0000] {climarisk_dag.py:145} INFO - ✅ My Tho: flood=LOW(0.00) fire=LOW(0.14)
[2026-03-23T23:18:55.244+0000] {climarisk_dag.py:145} INFO - ✅ Dhaka: flood=LOW(0.00) fire=LOW(0.14)
[2026-03-23T23:18:55.892+0000] {climarisk_dag.py:145} INFO - ✅ Chittagong: flood=LOW(0.00) fire=LOW(0.14)
[2026-03-23T23:18:56.420+0000] {climarisk_dag.py:145} INFO - ✅ Sylhet: flood=LOW(0.00) fire=LOW(0.14)
[2026-03-23T23:18:57.010+0000] {climarisk_dag.py:145} INFO - ✅ Khulna: flood=LOW(0.00) fire=LOW(0.14)
[2026-03-23T23:18:57.806+0000] {climarisk_dag.py:145} INFO - ✅ Cox's Bazar: flood=LOW(0.00) fire=LOW(0.14)
[2026-03-23T23:18:58.557+0000] {climarisk_dag.py:145} INFO - ✅ Karachi: flood=LOW(0.00) fire=LOW(0.14)
[2026-03-23T23:18:59.261+0000] {climarisk_dag.py:145} INFO - ✅ Lahore: flood=LOW(0.00) fire=LOW(0.14)
[2026-03-23T23:18:59.980+0000] {climarisk_dag.py:145} INFO - ✅ Colombo: flood=LOW(0.00) fire=LOW(0.14)
[2026-03-23T23:19:00.641+0000] {climarisk_dag.py:145} INFO - ✅ Kathmandu: flood=LOW(0.00) fire=LOW(0.14)
[2026-03-23T23:19:01.456+0000] {climarisk_dag.py:145} INFO - ✅ Yangon: flood=LOW(0.00) fire=LOW(0.14)
[2026-03-23T23:19:02.084+0000] {climarisk_dag.py:145} INFO - ✅ Sittwe: flood=LOW(0.00) fire=LOW(0.14)
[2026-03-23T23:19:02.808+0000] {climarisk_dag.py:145} INFO - ✅ Phnom Penh: flood=LOW(0.00) fire=LOW(0.14)
[2026-03-23T23:19:03.559+0000] {climarisk_dag.py:145} INFO - ✅ Riyadh: flood=LOW(0.00) fire=LOW(0.14)
[2026-03-23T23:19:05.397+0000] {climarisk_dag.py:145} INFO - ✅ Dubai: flood=LOW(0.00) fire=LOW(0.14)
[2026-03-23T23:19:08.245+0000] {climarisk_dag.py:145} INFO - ✅ Tehran: flood=LOW(0.00) fire=LOW(0.14)
[2026-03-23T23:19:10.234+0000] {climarisk_dag.py:145} INFO - ✅ Istanbul: flood=LOW(0.00) fire=LOW(0.14)
[2026-03-23T23:19:11.507+0000] {climarisk_dag.py:145} INFO - ✅ Ankara: flood=LOW(0.00) fire=LOW(0.14)
[2026-03-23T23:19:12.963+0000] {climarisk_dag.py:145} INFO - ✅ Baghdad: flood=LOW(0.00) fire=LOW(0.14)
[2026-03-23T23:19:13.580+0000] {climarisk_dag.py:145} INFO - ✅ Baku: flood=LOW(0.00) fire=LOW(0.14)
[2026-03-23T23:19:14.222+0000] {climarisk_dag.py:145} INFO - ✅ Tashkent: flood=LOW(0.00) fire=LOW(0.14)
[2026-03-23T23:19:14.805+0000] {climarisk_dag.py:145} INFO - ✅ Almaty: flood=LOW(0.00) fire=LOW(0.14)
[2026-03-23T23:19:15.327+0000] {climarisk_dag.py:145} INFO - ✅ Guam: flood=LOW(0.00) fire=LOW(0.14)
[2026-03-23T23:19:15.866+0000] {climarisk_dag.py:145} INFO - ✅ Paris: flood=LOW(0.00) fire=LOW(0.14)
[2026-03-23T23:19:16.408+0000] {climarisk_dag.py:145} INFO - ✅ Lyon: flood=LOW(0.00) fire=LOW(0.14)
[2026-03-23T23:19:16.993+0000] {climarisk_dag.py:145} INFO - ✅ Marseille: flood=LOW(0.00) fire=LOW(0.14)
[2026-03-23T23:19:17.539+0000] {climarisk_dag.py:145} INFO - ✅ Toulouse: flood=LOW(0.00) fire=LOW(0.14)
[2026-03-23T23:19:18.320+0000] {climarisk_dag.py:145} INFO - ✅ Bordeaux: flood=LOW(0.00) fire=LOW(0.14)
[2026-03-23T23:19:19.891+0000] {climarisk_dag.py:145} INFO - ✅ Nantes: flood=LOW(0.00) fire=LOW(0.14)
[2026-03-23T23:19:20.556+0000] {climarisk_dag.py:145} INFO - ✅ Strasbourg: flood=LOW(0.00) fire=LOW(0.14)
[2026-03-23T23:19:21.124+0000] {climarisk_dag.py:145} INFO - ✅ Lille: flood=LOW(0.00) fire=LOW(0.14)
[2026-03-23T23:19:21.721+0000] {climarisk_dag.py:145} INFO - ✅ Montpellier: flood=LOW(0.00) fire=LOW(0.14)
[2026-03-23T23:19:22.291+0000] {climarisk_dag.py:145} INFO - ✅ Nice: flood=LOW(0.00) fire=LOW(0.14)
[2026-03-23T23:19:22.924+0000] {climarisk_dag.py:145} INFO - ✅ London: flood=LOW(0.00) fire=LOW(0.14)
[2026-03-23T23:19:23.616+0000] {climarisk_dag.py:145} INFO - ✅ Birmingham: flood=LOW(0.00) fire=LOW(0.14)
[2026-03-23T23:19:24.217+0000] {climarisk_dag.py:145} INFO - ✅ Manchester: flood=LOW(0.00) fire=LOW(0.14)
[2026-03-23T23:19:25.188+0000] {climarisk_dag.py:145} INFO - ✅ Berlin: flood=LOW(0.00) fire=LOW(0.14)
[2026-03-23T23:19:25.823+0000] {climarisk_dag.py:145} INFO - ✅ Hamburg: flood=LOW(0.00) fire=LOW(0.14)
[2026-03-23T23:19:26.485+0000] {climarisk_dag.py:145} INFO - ✅ Munich: flood=LOW(0.00) fire=LOW(0.14)
[2026-03-23T23:19:27.310+0000] {climarisk_dag.py:145} INFO - ✅ Frankfurt: flood=LOW(0.00) fire=LOW(0.14)
[2026-03-23T23:19:27.959+0000] {climarisk_dag.py:145} INFO - ✅ Madrid: flood=LOW(0.00) fire=LOW(0.14)
[2026-03-23T23:19:28.529+0000] {climarisk_dag.py:145} INFO - ✅ Barcelona: flood=LOW(0.00) fire=LOW(0.14)
[2026-03-23T23:19:29.395+0000] {climarisk_dag.py:145} INFO - ✅ Valencia: flood=LOW(0.00) fire=LOW(0.14)
[2026-03-23T23:19:30.030+0000] {climarisk_dag.py:145} INFO - ✅ Malaga: flood=LOW(0.00) fire=LOW(0.14)
[2026-03-23T23:19:30.603+0000] {climarisk_dag.py:145} INFO - ✅ Rome: flood=LOW(0.00) fire=LOW(0.14)
[2026-03-23T23:19:31.250+0000] {climarisk_dag.py:145} INFO - ✅ Milan: flood=LOW(0.00) fire=LOW(0.14)
[2026-03-23T23:19:31.912+0000] {climarisk_dag.py:145} INFO - ✅ Palermo: flood=LOW(0.00) fire=LOW(0.14)
[2026-03-23T23:19:33.275+0000] {climarisk_dag.py:145} INFO - ✅ Amsterdam: flood=LOW(0.00) fire=LOW(0.14)
[2026-03-23T23:19:34.809+0000] {climarisk_dag.py:145} INFO - ✅ Brussels: flood=LOW(0.00) fire=LOW(0.14)
[2026-03-23T23:19:36.390+0000] {climarisk_dag.py:145} INFO - ✅ Vienna: flood=LOW(0.00) fire=LOW(0.14)
[2026-03-23T23:19:39.292+0000] {climarisk_dag.py:145} INFO - ✅ Zurich: flood=LOW(0.00) fire=LOW(0.14)
[2026-03-23T23:19:40.688+0000] {climarisk_dag.py:145} INFO - ✅ Stockholm: flood=LOW(0.00) fire=LOW(0.14)
[2026-03-23T23:19:41.338+0000] {climarisk_dag.py:145} INFO - ✅ Oslo: flood=LOW(0.00) fire=LOW(0.14)
[2026-03-23T23:19:41.899+0000] {climarisk_dag.py:145} INFO - ✅ Copenhagen: flood=LOW(0.00) fire=LOW(0.14)
[2026-03-23T23:19:42.489+0000] {climarisk_dag.py:145} INFO - ✅ Helsinki: flood=LOW(0.00) fire=LOW(0.14)
[2026-03-23T23:19:43.022+0000] {climarisk_dag.py:145} INFO - ✅ Warsaw: flood=LOW(0.00) fire=LOW(0.14)
[2026-03-23T23:19:43.677+0000] {climarisk_dag.py:145} INFO - ✅ Prague: flood=LOW(0.00) fire=LOW(0.14)
[2026-03-23T23:19:44.293+0000] {climarisk_dag.py:145} INFO - ✅ Budapest: flood=LOW(0.00) fire=LOW(0.14)
[2026-03-23T23:19:45.179+0000] {climarisk_dag.py:145} INFO - ✅ Bucharest: flood=LOW(0.00) fire=LOW(0.14)
[2026-03-23T23:19:45.906+0000] {climarisk_dag.py:145} INFO - ✅ Athens: flood=LOW(0.00) fire=LOW(0.14)
[2026-03-23T23:19:46.491+0000] {climarisk_dag.py:145} INFO - ✅ Thessaloniki: flood=LOW(0.00) fire=LOW(0.14)
[2026-03-23T23:19:47.184+0000] {climarisk_dag.py:145} INFO - ✅ Lisbon: flood=LOW(0.00) fire=LOW(0.14)
[2026-03-23T23:19:47.921+0000] {climarisk_dag.py:145} INFO - ✅ Moscow: flood=LOW(0.00) fire=LOW(0.14)
[2026-03-23T23:19:48.515+0000] {climarisk_dag.py:145} INFO - ✅ Saint Petersburg: flood=LOW(0.00) fire=LOW(0.14)
[2026-03-23T23:19:49.119+0000] {climarisk_dag.py:145} INFO - ✅ Krasnoyarsk: flood=LOW(0.00) fire=LOW(0.14)
[2026-03-23T23:19:50.727+0000] {climarisk_dag.py:145} INFO - ✅ Irkutsk: flood=LOW(0.00) fire=LOW(0.14)
[2026-03-23T23:19:51.448+0000] {climarisk_dag.py:145} INFO - ✅ Yakutsk: flood=LOW(0.00) fire=LOW(0.14)
[2026-03-23T23:19:51.992+0000] {climarisk_dag.py:145} INFO - ✅ Khabarovsk: flood=LOW(0.00) fire=LOW(0.14)
[2026-03-23T23:19:52.624+0000] {climarisk_dag.py:145} INFO - ✅ Kyiv: flood=LOW(0.00) fire=LOW(0.14)
[2026-03-23T23:19:53.152+0000] {climarisk_dag.py:145} INFO - ✅ New York: flood=LOW(0.00) fire=LOW(0.14)
[2026-03-23T23:19:54.274+0000] {climarisk_dag.py:145} INFO - ✅ Los Angeles: flood=LOW(0.00) fire=LOW(0.14)
[2026-03-23T23:19:55.669+0000] {climarisk_dag.py:145} INFO - ✅ Chicago: flood=LOW(0.00) fire=LOW(0.14)
[2026-03-23T23:19:57.668+0000] {climarisk_dag.py:145} INFO - ✅ Houston: flood=LOW(0.00) fire=LOW(0.14)
[2026-03-23T23:20:00.098+0000] {climarisk_dag.py:145} INFO - ✅ Miami: flood=LOW(0.00) fire=LOW(0.14)
[2026-03-23T23:20:04.937+0000] {climarisk_dag.py:145} INFO - ✅ New Orleans: flood=LOW(0.00) fire=LOW(0.14)
[2026-03-23T23:20:05.360+0000] {climarisk_dag.py:145} INFO - ✅ Seattle: flood=LOW(0.00) fire=LOW(0.14)
[2026-03-23T23:20:07.419+0000] {climarisk_dag.py:145} INFO - ✅ Sacramento: flood=LOW(0.00) fire=LOW(0.14)
[2026-03-23T23:20:09.792+0000] {climarisk_dag.py:145} INFO - ✅ Fresno: flood=LOW(0.00) fire=LOW(0.14)
[2026-03-23T23:20:11.061+0000] {climarisk_dag.py:145} INFO - ✅ Redding: flood=LOW(0.00) fire=LOW(0.14)
[2026-03-23T23:20:12.355+0000] {climarisk_dag.py:145} INFO - ✅ Memphis: flood=LOW(0.00) fire=LOW(0.14)
[2026-03-23T23:20:13.287+0000] {climarisk_dag.py:145} INFO - ✅ Toronto: flood=LOW(0.00) fire=LOW(0.14)
[2026-03-23T23:20:14.228+0000] {climarisk_dag.py:145} INFO - ✅ Montreal: flood=LOW(0.00) fire=LOW(0.14)
[2026-03-23T23:20:15.056+0000] {climarisk_dag.py:145} INFO - ✅ Vancouver: flood=LOW(0.00) fire=LOW(0.14)
[2026-03-23T23:20:15.627+0000] {climarisk_dag.py:145} INFO - ✅ Mexico City: flood=LOW(0.00) fire=LOW(0.14)
[2026-03-23T23:20:16.278+0000] {climarisk_dag.py:145} INFO - ✅ Veracruz: flood=LOW(0.00) fire=LOW(0.14)
[2026-03-23T23:20:17.029+0000] {climarisk_dag.py:145} INFO - ✅ Cancún: flood=LOW(0.00) fire=LOW(0.14)
[2026-03-23T23:20:17.847+0000] {climarisk_dag.py:145} INFO - ✅ São Paulo: flood=LOW(0.00) fire=LOW(0.14)
[2026-03-23T23:20:18.643+0000] {climarisk_dag.py:145} INFO - ✅ Rio de Janeiro: flood=LOW(0.00) fire=LOW(0.14)
[2026-03-23T23:20:19.309+0000] {climarisk_dag.py:145} INFO - ✅ Belém: flood=LOW(0.00) fire=LOW(0.14)
[2026-03-23T23:20:19.997+0000] {climarisk_dag.py:145} INFO - ✅ Marabá: flood=LOW(0.00) fire=LOW(0.14)
[2026-03-23T23:20:21.605+0000] {climarisk_dag.py:145} INFO - ✅ Sinop: flood=LOW(0.00) fire=LOW(0.14)
[2026-03-23T23:20:22.471+0000] {climarisk_dag.py:145} INFO - ✅ Porto Velho: flood=LOW(0.00) fire=LOW(0.14)
[2026-03-23T23:20:23.086+0000] {climarisk_dag.py:145} INFO - ✅ Buenos Aires: flood=LOW(0.00) fire=LOW(0.14)
[2026-03-23T23:20:23.666+0000] {climarisk_dag.py:145} INFO - ✅ Lima: flood=LOW(0.00) fire=LOW(0.14)
[2026-03-23T23:20:24.213+0000] {climarisk_dag.py:145} INFO - ✅ Bogotá: flood=LOW(0.00) fire=LOW(0.14)
[2026-03-23T23:20:24.993+0000] {climarisk_dag.py:145} INFO - ✅ Santiago: flood=LOW(0.00) fire=LOW(0.14)
[2026-03-23T23:20:25.522+0000] {climarisk_dag.py:145} INFO - ✅ Port-au-Prince: flood=LOW(0.00) fire=LOW(0.14)
[2026-03-23T23:20:26.271+0000] {climarisk_dag.py:145} INFO - ✅ San Juan: flood=LOW(0.00) fire=LOW(0.14)
[2026-03-23T23:20:26.910+0000] {climarisk_dag.py:145} INFO - ✅ Kingston: flood=LOW(0.00) fire=LOW(0.14)
[2026-03-23T23:20:27.723+0000] {climarisk_dag.py:145} INFO - ✅ Port of Spain: flood=LOW(0.00) fire=LOW(0.14)
[2026-03-23T23:20:28.340+0000] {climarisk_dag.py:145} INFO - ✅ Sydney: flood=LOW(0.00) fire=LOW(0.14)
[2026-03-23T23:20:28.971+0000] {climarisk_dag.py:145} INFO - ✅ Melbourne: flood=LOW(0.00) fire=LOW(0.14)
[2026-03-23T23:20:29.823+0000] {climarisk_dag.py:145} INFO - ✅ Brisbane: flood=LOW(0.00) fire=LOW(0.14)
[2026-03-23T23:20:30.552+0000] {climarisk_dag.py:145} INFO - ✅ Darwin: flood=LOW(0.00) fire=LOW(0.14)
[2026-03-23T23:20:31.378+0000] {climarisk_dag.py:145} INFO - ✅ Alice Springs: flood=LOW(0.00) fire=LOW(0.14)
[2026-03-23T23:20:32.174+0000] {climarisk_dag.py:145} INFO - ✅ Cairns: flood=LOW(0.00) fire=LOW(0.14)
[2026-03-23T23:20:32.864+0000] {climarisk_dag.py:145} INFO - ✅ Auckland: flood=LOW(0.00) fire=LOW(0.14)
[2026-03-23T23:20:33.535+0000] {climarisk_dag.py:145} INFO - ✅ Port Moresby: flood=LOW(0.00) fire=LOW(0.14)
[2026-03-23T23:20:33.536+0000] {climarisk_dag.py:157} INFO - ✅ Done: 291 OK, 0 errors, 269.9s
[2026-03-23T23:20:33.569+0000] {python.py:237} INFO - Done. Returned value was: None
[2026-03-23T23:20:33.570+0000] {taskinstance.py:441} INFO - ::group::Post task execution logs
[2026-03-23T23:20:33.601+0000] {taskinstance.py:1206} INFO - Marking task as SUCCESS. dag_id=***_predictions, task_id=predict_all_zones, run_id=scheduled__2026-03-23T23:15:00+00:00, execution_date=20260323T231500, start_date=20260323T231602, end_date=20260323T232033
[2026-03-23T23:20:33.656+0000] {local_task_job_runner.py:240} INFO - Task exited with return code 0
[2026-03-23T23:20:33.698+0000] {taskinstance.py:3498} INFO - 1 downstream tasks scheduled from follow-on schedule check
[2026-03-23T23:20:33.702+0000] {local_task_job_runner.py:222} INFO - ::endgroup::
