[2026-03-23T22:34:12.821+0000] {local_task_job_runner.py:120} INFO - ::group::Pre task execution logs
[2026-03-23T22:34:12.885+0000] {taskinstance.py:2076} INFO - Dependencies all met for dep_context=non-requeueable deps ti=<TaskInstance: climarisk_predictions.predict_all_zones scheduled__2026-03-23T22:31:00+00:00 [queued]>
[2026-03-23T22:34:12.899+0000] {taskinstance.py:2076} INFO - Dependencies all met for dep_context=requeueable deps ti=<TaskInstance: climarisk_predictions.predict_all_zones scheduled__2026-03-23T22:31:00+00:00 [queued]>
[2026-03-23T22:34:12.926+0000] {taskinstance.py:2306} INFO - Starting attempt 2 of 2
[2026-03-23T22:34:12.948+0000] {taskinstance.py:2330} INFO - Executing <Task(PythonOperator): predict_all_zones> on 2026-03-23 22:31:00+00:00
[2026-03-23T22:34:12.958+0000] {standard_task_runner.py:90} INFO - Running: ['airflow', 'tasks', 'run', '***_predictions', 'predict_all_zones', 'scheduled__2026-03-23T22:31:00+00:00', '--job-id', '297', '--raw', '--subdir', 'DAGS_FOLDER/***_dag.py', '--cfg-path', '/tmp/tmpoam9pxt1']
[2026-03-23T22:34:12.959+0000] {logging_mixin.py:188} WARNING - /home/airflow/.local/lib/python3.12/site-packages/airflow/task/task_runner/standard_task_runner.py:61 DeprecationWarning: This process (pid=7279) is multi-threaded, use of fork() may lead to deadlocks in the child.
[2026-03-23T22:34:12.961+0000] {standard_task_runner.py:91} INFO - Job 297: Subtask predict_all_zones
[2026-03-23T22:34:12.962+0000] {standard_task_runner.py:63} INFO - Started process 7280 to run task
[2026-03-23T22:34:13.094+0000] {task_command.py:426} INFO - Running <TaskInstance: climarisk_predictions.predict_all_zones scheduled__2026-03-23T22:31:00+00:00 [running]> on host 6146f0e8983c
[2026-03-23T22:34:13.328+0000] {taskinstance.py:2648} INFO - Exporting env vars: AIRFLOW_CTX_DAG_OWNER='***' AIRFLOW_CTX_DAG_ID='***_predictions' AIRFLOW_CTX_TASK_ID='predict_all_zones' AIRFLOW_CTX_EXECUTION_DATE='2026-03-23T22:31:00+00:00' AIRFLOW_CTX_TRY_NUMBER='2' AIRFLOW_CTX_DAG_RUN_ID='scheduled__2026-03-23T22:31:00+00:00'
[2026-03-23T22:34:13.330+0000] {taskinstance.py:430} INFO - ::endgroup::
[2026-03-23T22:34:13.393+0000] {climarisk_dag.py:194} ERROR - ❌ Alger: 404 Client Error: Not Found for url: http://backend:8000/api/predict/flood/
[2026-03-23T22:34:13.398+0000] {climarisk_dag.py:194} ERROR - ❌ Cairo: 404 Client Error: Not Found for url: http://backend:8000/api/predict/flood/
[2026-03-23T22:34:13.402+0000] {climarisk_dag.py:194} ERROR - ❌ Lagos: 404 Client Error: Not Found for url: http://backend:8000/api/predict/flood/
[2026-03-23T22:34:13.407+0000] {climarisk_dag.py:194} ERROR - ❌ Kano: 404 Client Error: Not Found for url: http://backend:8000/api/predict/flood/
[2026-03-23T22:34:13.412+0000] {climarisk_dag.py:194} ERROR - ❌ Abuja: 404 Client Error: Not Found for url: http://backend:8000/api/predict/flood/
[2026-03-23T22:34:13.416+0000] {climarisk_dag.py:194} ERROR - ❌ Johannesburg: 404 Client Error: Not Found for url: http://backend:8000/api/predict/flood/
[2026-03-23T22:34:13.420+0000] {climarisk_dag.py:194} ERROR - ❌ Cape Town: 404 Client Error: Not Found for url: http://backend:8000/api/predict/flood/
[2026-03-23T22:34:13.425+0000] {climarisk_dag.py:194} ERROR - ❌ Nairobi: 404 Client Error: Not Found for url: http://backend:8000/api/predict/flood/
[2026-03-23T22:34:13.429+0000] {climarisk_dag.py:194} ERROR - ❌ Addis Ababa: 404 Client Error: Not Found for url: http://backend:8000/api/predict/flood/
[2026-03-23T22:34:13.433+0000] {climarisk_dag.py:194} ERROR - ❌ Dar es Salaam: 404 Client Error: Not Found for url: http://backend:8000/api/predict/flood/
[2026-03-23T22:34:13.439+0000] {climarisk_dag.py:194} ERROR - ❌ Accra: 404 Client Error: Not Found for url: http://backend:8000/api/predict/flood/
[2026-03-23T22:34:13.444+0000] {climarisk_dag.py:194} ERROR - ❌ Casablanca: 404 Client Error: Not Found for url: http://backend:8000/api/predict/flood/
[2026-03-23T22:34:13.447+0000] {climarisk_dag.py:194} ERROR - ❌ Mohammedia: 404 Client Error: Not Found for url: http://backend:8000/api/predict/flood/
[2026-03-23T22:34:13.452+0000] {climarisk_dag.py:194} ERROR - ❌ El Jadida: 404 Client Error: Not Found for url: http://backend:8000/api/predict/flood/
[2026-03-23T22:34:13.456+0000] {climarisk_dag.py:194} ERROR - ❌ Settat: 404 Client Error: Not Found for url: http://backend:8000/api/predict/flood/
[2026-03-23T22:34:13.462+0000] {climarisk_dag.py:194} ERROR - ❌ Berrechid: 404 Client Error: Not Found for url: http://backend:8000/api/predict/flood/
[2026-03-23T22:34:13.467+0000] {climarisk_dag.py:194} ERROR - ❌ Benslimane: 404 Client Error: Not Found for url: http://backend:8000/api/predict/flood/
[2026-03-23T22:34:13.472+0000] {climarisk_dag.py:194} ERROR - ❌ Sidi Bennour: 404 Client Error: Not Found for url: http://backend:8000/api/predict/flood/
[2026-03-23T22:34:13.478+0000] {climarisk_dag.py:194} ERROR - ❌ Azemmour: 404 Client Error: Not Found for url: http://backend:8000/api/predict/flood/
[2026-03-23T22:34:13.485+0000] {climarisk_dag.py:194} ERROR - ❌ Mediouna: 404 Client Error: Not Found for url: http://backend:8000/api/predict/flood/
[2026-03-23T22:34:13.490+0000] {climarisk_dag.py:194} ERROR - ❌ Nouaceur: 404 Client Error: Not Found for url: http://backend:8000/api/predict/flood/
[2026-03-23T22:34:13.497+0000] {climarisk_dag.py:194} ERROR - ❌ Rabat: 404 Client Error: Not Found for url: http://backend:8000/api/predict/flood/
[2026-03-23T22:34:13.527+0000] {climarisk_dag.py:194} ERROR - ❌ Salé: 404 Client Error: Not Found for url: http://backend:8000/api/predict/flood/
[2026-03-23T22:34:13.533+0000] {climarisk_dag.py:194} ERROR - ❌ Kénitra: 404 Client Error: Not Found for url: http://backend:8000/api/predict/flood/
[2026-03-23T22:34:13.539+0000] {climarisk_dag.py:194} ERROR - ❌ Témara: 404 Client Error: Not Found for url: http://backend:8000/api/predict/flood/
[2026-03-23T22:34:13.546+0000] {climarisk_dag.py:194} ERROR - ❌ Skhirat: 404 Client Error: Not Found for url: http://backend:8000/api/predict/flood/
[2026-03-23T22:34:13.550+0000] {climarisk_dag.py:194} ERROR - ❌ Tiflet: 404 Client Error: Not Found for url: http://backend:8000/api/predict/flood/
[2026-03-23T22:34:13.554+0000] {climarisk_dag.py:194} ERROR - ❌ Khémisset: 404 Client Error: Not Found for url: http://backend:8000/api/predict/flood/
[2026-03-23T22:34:13.559+0000] {climarisk_dag.py:194} ERROR - ❌ Sidi Slimane: 404 Client Error: Not Found for url: http://backend:8000/api/predict/flood/
[2026-03-23T22:34:13.563+0000] {climarisk_dag.py:194} ERROR - ❌ Sidi Kacem: 404 Client Error: Not Found for url: http://backend:8000/api/predict/flood/
[2026-03-23T22:34:13.567+0000] {climarisk_dag.py:194} ERROR - ❌ Souk el Arba: 404 Client Error: Not Found for url: http://backend:8000/api/predict/flood/
[2026-03-23T22:34:13.571+0000] {climarisk_dag.py:194} ERROR - ❌ Ouazzane: 404 Client Error: Not Found for url: http://backend:8000/api/predict/flood/
[2026-03-23T22:34:13.577+0000] {climarisk_dag.py:194} ERROR - ❌ Fès: 404 Client Error: Not Found for url: http://backend:8000/api/predict/flood/
[2026-03-23T22:34:13.582+0000] {climarisk_dag.py:194} ERROR - ❌ Meknès: 404 Client Error: Not Found for url: http://backend:8000/api/predict/flood/
[2026-03-23T22:34:13.585+0000] {climarisk_dag.py:194} ERROR - ❌ Ifrane: 404 Client Error: Not Found for url: http://backend:8000/api/predict/flood/
[2026-03-23T22:34:13.589+0000] {climarisk_dag.py:194} ERROR - ❌ Azrou: 404 Client Error: Not Found for url: http://backend:8000/api/predict/flood/
[2026-03-23T22:34:13.596+0000] {climarisk_dag.py:194} ERROR - ❌ Taounate: 404 Client Error: Not Found for url: http://backend:8000/api/predict/flood/
[2026-03-23T22:34:13.601+0000] {climarisk_dag.py:194} ERROR - ❌ Taza: 404 Client Error: Not Found for url: http://backend:8000/api/predict/flood/
[2026-03-23T22:34:13.605+0000] {climarisk_dag.py:194} ERROR - ❌ Sefrou: 404 Client Error: Not Found for url: http://backend:8000/api/predict/flood/
[2026-03-23T22:34:13.609+0000] {climarisk_dag.py:194} ERROR - ❌ Boulemane: 404 Client Error: Not Found for url: http://backend:8000/api/predict/flood/
[2026-03-23T22:34:13.613+0000] {climarisk_dag.py:194} ERROR - ❌ El Hajeb: 404 Client Error: Not Found for url: http://backend:8000/api/predict/flood/
[2026-03-23T22:34:13.617+0000] {climarisk_dag.py:194} ERROR - ❌ Missour: 404 Client Error: Not Found for url: http://backend:8000/api/predict/flood/
[2026-03-23T22:34:13.620+0000] {climarisk_dag.py:194} ERROR - ❌ Guercif: 404 Client Error: Not Found for url: http://backend:8000/api/predict/flood/
[2026-03-23T22:34:13.625+0000] {climarisk_dag.py:194} ERROR - ❌ Marrakech: 404 Client Error: Not Found for url: http://backend:8000/api/predict/flood/
[2026-03-23T22:34:13.628+0000] {climarisk_dag.py:194} ERROR - ❌ Safi: 404 Client Error: Not Found for url: http://backend:8000/api/predict/flood/
[2026-03-23T22:34:13.632+0000] {climarisk_dag.py:194} ERROR - ❌ Essaouira: 404 Client Error: Not Found for url: http://backend:8000/api/predict/flood/
[2026-03-23T22:34:13.636+0000] {climarisk_dag.py:194} ERROR - ❌ El Kelaa des Sraghna: 404 Client Error: Not Found for url: http://backend:8000/api/predict/flood/
[2026-03-23T22:34:13.640+0000] {climarisk_dag.py:194} ERROR - ❌ Chichaoua: 404 Client Error: Not Found for url: http://backend:8000/api/predict/flood/
[2026-03-23T22:34:13.644+0000] {climarisk_dag.py:194} ERROR - ❌ Youssoufia: 404 Client Error: Not Found for url: http://backend:8000/api/predict/flood/
[2026-03-23T22:34:13.648+0000] {climarisk_dag.py:194} ERROR - ❌ Ben Guerir: 404 Client Error: Not Found for url: http://backend:8000/api/predict/flood/
[2026-03-23T22:34:13.652+0000] {climarisk_dag.py:194} ERROR - ❌ Tahanaout: 404 Client Error: Not Found for url: http://backend:8000/api/predict/flood/
[2026-03-23T22:34:13.659+0000] {climarisk_dag.py:194} ERROR - ❌ Ait Ourir: 404 Client Error: Not Found for url: http://backend:8000/api/predict/flood/
[2026-03-23T22:34:13.664+0000] {climarisk_dag.py:194} ERROR - ❌ Demnate: 404 Client Error: Not Found for url: http://backend:8000/api/predict/flood/
[2026-03-23T22:34:13.670+0000] {climarisk_dag.py:194} ERROR - ❌ Tanger: 404 Client Error: Not Found for url: http://backend:8000/api/predict/flood/
[2026-03-23T22:34:13.674+0000] {climarisk_dag.py:194} ERROR - ❌ Tétouan: 404 Client Error: Not Found for url: http://backend:8000/api/predict/flood/
[2026-03-23T22:34:13.677+0000] {climarisk_dag.py:194} ERROR - ❌ Al Hoceïma: 404 Client Error: Not Found for url: http://backend:8000/api/predict/flood/
[2026-03-23T22:34:13.680+0000] {climarisk_dag.py:194} ERROR - ❌ Larache: 404 Client Error: Not Found for url: http://backend:8000/api/predict/flood/
[2026-03-23T22:34:13.683+0000] {climarisk_dag.py:194} ERROR - ❌ Chefchaouen: 404 Client Error: Not Found for url: http://backend:8000/api/predict/flood/
[2026-03-23T22:34:13.687+0000] {climarisk_dag.py:194} ERROR - ❌ Asilah: 404 Client Error: Not Found for url: http://backend:8000/api/predict/flood/
[2026-03-23T22:34:13.690+0000] {climarisk_dag.py:194} ERROR - ❌ Fnideq: 404 Client Error: Not Found for url: http://backend:8000/api/predict/flood/
[2026-03-23T22:34:13.692+0000] {climarisk_dag.py:194} ERROR - ❌ Martil: 404 Client Error: Not Found for url: http://backend:8000/api/predict/flood/
[2026-03-23T22:34:13.696+0000] {climarisk_dag.py:194} ERROR - ❌ Mdiq: 404 Client Error: Not Found for url: http://backend:8000/api/predict/flood/
[2026-03-23T22:34:13.699+0000] {climarisk_dag.py:194} ERROR - ❌ Ksar el Kebir: 404 Client Error: Not Found for url: http://backend:8000/api/predict/flood/
[2026-03-23T22:34:13.702+0000] {climarisk_dag.py:194} ERROR - ❌ Ouazzane: 404 Client Error: Not Found for url: http://backend:8000/api/predict/flood/
[2026-03-23T22:34:13.705+0000] {climarisk_dag.py:194} ERROR - ❌ Targuist: 404 Client Error: Not Found for url: http://backend:8000/api/predict/flood/
[2026-03-23T22:34:13.708+0000] {climarisk_dag.py:194} ERROR - ❌ Imzouren: 404 Client Error: Not Found for url: http://backend:8000/api/predict/flood/
[2026-03-23T22:34:13.712+0000] {climarisk_dag.py:194} ERROR - ❌ Beni Mellal-Khenifra: 404 Client Error: Not Found for url: http://backend:8000/api/predict/flood/
[2026-03-23T22:34:13.717+0000] {climarisk_dag.py:194} ERROR - ❌ Khénifra: 404 Client Error: Not Found for url: http://backend:8000/api/predict/flood/
[2026-03-23T22:34:13.721+0000] {climarisk_dag.py:194} ERROR - ❌ Azilal: 404 Client Error: Not Found for url: http://backend:8000/api/predict/flood/
[2026-03-23T22:34:13.725+0000] {climarisk_dag.py:194} ERROR - ❌ Nanjing: 404 Client Error: Not Found for url: http://backend:8000/api/predict/flood/
[2026-03-23T22:34:13.728+0000] {climarisk_dag.py:194} ERROR - ❌ Khouribga: 404 Client Error: Not Found for url: http://backend:8000/api/predict/flood/
[2026-03-23T22:34:13.731+0000] {climarisk_dag.py:194} ERROR - ❌ Fkih Ben Salah: 404 Client Error: Not Found for url: http://backend:8000/api/predict/flood/
[2026-03-23T22:34:13.734+0000] {climarisk_dag.py:194} ERROR - ❌ Souk Sebt: 404 Client Error: Not Found for url: http://backend:8000/api/predict/flood/
[2026-03-23T22:34:13.737+0000] {climarisk_dag.py:194} ERROR - ❌ Midelt: 404 Client Error: Not Found for url: http://backend:8000/api/predict/flood/
[2026-03-23T22:34:13.740+0000] {climarisk_dag.py:194} ERROR - ❌ Zaouiat Cheikh: 404 Client Error: Not Found for url: http://backend:8000/api/predict/flood/
[2026-03-23T22:34:13.743+0000] {climarisk_dag.py:194} ERROR - ❌ Oujda: 404 Client Error: Not Found for url: http://backend:8000/api/predict/flood/
[2026-03-23T22:34:13.746+0000] {climarisk_dag.py:194} ERROR - ❌ Nador: 404 Client Error: Not Found for url: http://backend:8000/api/predict/flood/
[2026-03-23T22:34:13.749+0000] {climarisk_dag.py:194} ERROR - ❌ Berkane: 404 Client Error: Not Found for url: http://backend:8000/api/predict/flood/
[2026-03-23T22:34:13.751+0000] {climarisk_dag.py:194} ERROR - ❌ Taourirt: 404 Client Error: Not Found for url: http://backend:8000/api/predict/flood/
[2026-03-23T22:34:13.755+0000] {climarisk_dag.py:194} ERROR - ❌ Jerada: 404 Client Error: Not Found for url: http://backend:8000/api/predict/flood/
[2026-03-23T22:34:13.758+0000] {climarisk_dag.py:194} ERROR - ❌ Figuig: 404 Client Error: Not Found for url: http://backend:8000/api/predict/flood/
[2026-03-23T22:34:13.762+0000] {climarisk_dag.py:194} ERROR - ❌ Bouarfa: 404 Client Error: Not Found for url: http://backend:8000/api/predict/flood/
[2026-03-23T22:34:13.765+0000] {climarisk_dag.py:194} ERROR - ❌ Selouane: 404 Client Error: Not Found for url: http://backend:8000/api/predict/flood/
[2026-03-23T22:34:13.767+0000] {climarisk_dag.py:194} ERROR - ❌ Zaio: 404 Client Error: Not Found for url: http://backend:8000/api/predict/flood/
[2026-03-23T22:34:13.771+0000] {climarisk_dag.py:194} ERROR - ❌ Agadir: 404 Client Error: Not Found for url: http://backend:8000/api/predict/flood/
[2026-03-23T22:34:13.774+0000] {climarisk_dag.py:194} ERROR - ❌ Inezgane: 404 Client Error: Not Found for url: http://backend:8000/api/predict/flood/
[2026-03-23T22:34:13.778+0000] {climarisk_dag.py:194} ERROR - ❌ Tiznit: 404 Client Error: Not Found for url: http://backend:8000/api/predict/flood/
[2026-03-23T22:34:13.781+0000] {climarisk_dag.py:194} ERROR - ❌ Taroudannt: 404 Client Error: Not Found for url: http://backend:8000/api/predict/flood/
[2026-03-23T22:34:13.784+0000] {climarisk_dag.py:194} ERROR - ❌ Ouarzazate: 404 Client Error: Not Found for url: http://backend:8000/api/predict/flood/
[2026-03-23T22:34:13.787+0000] {climarisk_dag.py:194} ERROR - ❌ Ait Melloul: 404 Client Error: Not Found for url: http://backend:8000/api/predict/flood/
[2026-03-23T22:34:13.790+0000] {climarisk_dag.py:194} ERROR - ❌ Biougra: 404 Client Error: Not Found for url: http://backend:8000/api/predict/flood/
[2026-03-23T22:34:13.793+0000] {climarisk_dag.py:194} ERROR - ❌ Chtouka Ait Baha: 404 Client Error: Not Found for url: http://backend:8000/api/predict/flood/
[2026-03-23T22:34:13.797+0000] {climarisk_dag.py:194} ERROR - ❌ Tata: 404 Client Error: Not Found for url: http://backend:8000/api/predict/flood/
[2026-03-23T22:34:13.800+0000] {climarisk_dag.py:194} ERROR - ❌ Sidi Ifni: 404 Client Error: Not Found for url: http://backend:8000/api/predict/flood/
[2026-03-23T22:34:13.804+0000] {climarisk_dag.py:194} ERROR - ❌ Massa: 404 Client Error: Not Found for url: http://backend:8000/api/predict/flood/
[2026-03-23T22:34:13.807+0000] {climarisk_dag.py:194} ERROR - ❌ Errachidia: 404 Client Error: Not Found for url: http://backend:8000/api/predict/flood/
[2026-03-23T22:34:13.810+0000] {climarisk_dag.py:194} ERROR - ❌ Zagora: 404 Client Error: Not Found for url: http://backend:8000/api/predict/flood/
[2026-03-23T22:34:13.813+0000] {climarisk_dag.py:194} ERROR - ❌ Tinghir: 404 Client Error: Not Found for url: http://backend:8000/api/predict/flood/
[2026-03-23T22:34:13.816+0000] {climarisk_dag.py:194} ERROR - ❌ Ouarzazate: 404 Client Error: Not Found for url: http://backend:8000/api/predict/flood/
[2026-03-23T22:34:13.821+0000] {climarisk_dag.py:194} ERROR - ❌ Rissani: 404 Client Error: Not Found for url: http://backend:8000/api/predict/flood/
[2026-03-23T22:34:13.824+0000] {climarisk_dag.py:194} ERROR - ❌ Erfoud: 404 Client Error: Not Found for url: http://backend:8000/api/predict/flood/
[2026-03-23T22:34:13.827+0000] {climarisk_dag.py:194} ERROR - ❌ Merzouga: 404 Client Error: Not Found for url: http://backend:8000/api/predict/flood/
[2026-03-23T22:34:13.830+0000] {climarisk_dag.py:194} ERROR - ❌ Alnif: 404 Client Error: Not Found for url: http://backend:8000/api/predict/flood/
[2026-03-23T22:34:13.833+0000] {climarisk_dag.py:194} ERROR - ❌ Goulmima: 404 Client Error: Not Found for url: http://backend:8000/api/predict/flood/
[2026-03-23T22:34:13.836+0000] {climarisk_dag.py:194} ERROR - ❌ Laâyoune: 404 Client Error: Not Found for url: http://backend:8000/api/predict/flood/
[2026-03-23T22:34:13.839+0000] {climarisk_dag.py:194} ERROR - ❌ Boujdour: 404 Client Error: Not Found for url: http://backend:8000/api/predict/flood/
[2026-03-23T22:34:13.842+0000] {climarisk_dag.py:194} ERROR - ❌ Tarfaya: 404 Client Error: Not Found for url: http://backend:8000/api/predict/flood/
[2026-03-23T22:34:13.845+0000] {climarisk_dag.py:194} ERROR - ❌ Smara: 404 Client Error: Not Found for url: http://backend:8000/api/predict/flood/
[2026-03-23T22:34:13.848+0000] {climarisk_dag.py:194} ERROR - ❌ El Marsa: 404 Client Error: Not Found for url: http://backend:8000/api/predict/flood/
[2026-03-23T22:34:13.851+0000] {climarisk_dag.py:194} ERROR - ❌ Dakhla: 404 Client Error: Not Found for url: http://backend:8000/api/predict/flood/
[2026-03-23T22:34:13.855+0000] {climarisk_dag.py:194} ERROR - ❌ Aousserd: 404 Client Error: Not Found for url: http://backend:8000/api/predict/flood/
[2026-03-23T22:34:13.858+0000] {climarisk_dag.py:194} ERROR - ❌ Guelmim: 404 Client Error: Not Found for url: http://backend:8000/api/predict/flood/
[2026-03-23T22:34:13.861+0000] {climarisk_dag.py:194} ERROR - ❌ Tan-Tan: 404 Client Error: Not Found for url: http://backend:8000/api/predict/flood/
[2026-03-23T22:34:13.864+0000] {climarisk_dag.py:194} ERROR - ❌ Assa: 404 Client Error: Not Found for url: http://backend:8000/api/predict/flood/
[2026-03-23T22:34:13.867+0000] {climarisk_dag.py:194} ERROR - ❌ Zag: 404 Client Error: Not Found for url: http://backend:8000/api/predict/flood/
[2026-03-23T22:34:13.870+0000] {climarisk_dag.py:194} ERROR - ❌ Sidi Ifni: 404 Client Error: Not Found for url: http://backend:8000/api/predict/flood/
[2026-03-23T22:34:13.874+0000] {climarisk_dag.py:194} ERROR - ❌ Tiznit: 404 Client Error: Not Found for url: http://backend:8000/api/predict/flood/
[2026-03-23T22:34:13.877+0000] {climarisk_dag.py:194} ERROR - ❌ Tunis: 404 Client Error: Not Found for url: http://backend:8000/api/predict/flood/
[2026-03-23T22:34:13.881+0000] {climarisk_dag.py:194} ERROR - ❌ Kampala: 404 Client Error: Not Found for url: http://backend:8000/api/predict/flood/
[2026-03-23T22:34:13.885+0000] {climarisk_dag.py:194} ERROR - ❌ Dakar: 404 Client Error: Not Found for url: http://backend:8000/api/predict/flood/
[2026-03-23T22:34:13.888+0000] {climarisk_dag.py:194} ERROR - ❌ Kinshasa: 404 Client Error: Not Found for url: http://backend:8000/api/predict/flood/
[2026-03-23T22:34:13.892+0000] {climarisk_dag.py:194} ERROR - ❌ Luanda: 404 Client Error: Not Found for url: http://backend:8000/api/predict/flood/
[2026-03-23T22:34:13.896+0000] {climarisk_dag.py:194} ERROR - ❌ Khartoum: 404 Client Error: Not Found for url: http://backend:8000/api/predict/flood/
[2026-03-23T22:34:13.900+0000] {climarisk_dag.py:194} ERROR - ❌ Harare: 404 Client Error: Not Found for url: http://backend:8000/api/predict/flood/
[2026-03-23T22:34:13.904+0000] {climarisk_dag.py:194} ERROR - ❌ Lusaka: 404 Client Error: Not Found for url: http://backend:8000/api/predict/flood/
[2026-03-23T22:34:13.907+0000] {climarisk_dag.py:194} ERROR - ❌ Maputo: 404 Client Error: Not Found for url: http://backend:8000/api/predict/flood/
[2026-03-23T22:34:13.910+0000] {climarisk_dag.py:194} ERROR - ❌ Antananarivo: 404 Client Error: Not Found for url: http://backend:8000/api/predict/flood/
[2026-03-23T22:34:13.913+0000] {climarisk_dag.py:194} ERROR - ❌ Abidjan: 404 Client Error: Not Found for url: http://backend:8000/api/predict/flood/
[2026-03-23T22:34:13.917+0000] {climarisk_dag.py:194} ERROR - ❌ Douala: 404 Client Error: Not Found for url: http://backend:8000/api/predict/flood/
[2026-03-23T22:34:13.920+0000] {climarisk_dag.py:194} ERROR - ❌ Niamey: 404 Client Error: Not Found for url: http://backend:8000/api/predict/flood/
[2026-03-23T22:34:13.923+0000] {climarisk_dag.py:194} ERROR - ❌ Ouagadougou: 404 Client Error: Not Found for url: http://backend:8000/api/predict/flood/
[2026-03-23T22:34:13.926+0000] {climarisk_dag.py:194} ERROR - ❌ Bamako: 404 Client Error: Not Found for url: http://backend:8000/api/predict/flood/
[2026-03-23T22:34:13.930+0000] {climarisk_dag.py:194} ERROR - ❌ Windhoek: 404 Client Error: Not Found for url: http://backend:8000/api/predict/flood/
[2026-03-23T22:34:13.934+0000] {climarisk_dag.py:194} ERROR - ❌ Port Harcourt: 404 Client Error: Not Found for url: http://backend:8000/api/predict/flood/
[2026-03-23T22:34:13.937+0000] {climarisk_dag.py:194} ERROR - ❌ Warri: 404 Client Error: Not Found for url: http://backend:8000/api/predict/flood/
[2026-03-23T22:34:13.941+0000] {climarisk_dag.py:194} ERROR - ❌ Calabar: 404 Client Error: Not Found for url: http://backend:8000/api/predict/flood/
[2026-03-23T22:34:13.945+0000] {climarisk_dag.py:194} ERROR - ❌ Beijing: 404 Client Error: Not Found for url: http://backend:8000/api/predict/flood/
[2026-03-23T22:34:13.948+0000] {climarisk_dag.py:194} ERROR - ❌ Shanghai: 404 Client Error: Not Found for url: http://backend:8000/api/predict/flood/
[2026-03-23T22:34:13.951+0000] {climarisk_dag.py:194} ERROR - ❌ Guangzhou: 404 Client Error: Not Found for url: http://backend:8000/api/predict/flood/
[2026-03-23T22:34:13.954+0000] {climarisk_dag.py:194} ERROR - ❌ Chengdu: 404 Client Error: Not Found for url: http://backend:8000/api/predict/flood/
[2026-03-23T22:34:13.957+0000] {climarisk_dag.py:194} ERROR - ❌ Wuhan: 404 Client Error: Not Found for url: http://backend:8000/api/predict/flood/
[2026-03-23T22:34:13.960+0000] {climarisk_dag.py:194} ERROR - ❌ Chongqing: 404 Client Error: Not Found for url: http://backend:8000/api/predict/flood/
[2026-03-23T22:34:13.963+0000] {climarisk_dag.py:194} ERROR - ❌ Zhengzhou: 404 Client Error: Not Found for url: http://backend:8000/api/predict/flood/
[2026-03-23T22:34:13.966+0000] {climarisk_dag.py:194} ERROR - ❌ Changsha: 404 Client Error: Not Found for url: http://backend:8000/api/predict/flood/
[2026-03-23T22:34:13.970+0000] {climarisk_dag.py:194} ERROR - ❌ Nanchang: 404 Client Error: Not Found for url: http://backend:8000/api/predict/flood/
[2026-03-23T22:34:13.974+0000] {climarisk_dag.py:194} ERROR - ❌ Yichang: 404 Client Error: Not Found for url: http://backend:8000/api/predict/flood/
[2026-03-23T22:34:13.977+0000] {climarisk_dag.py:194} ERROR - ❌ Haikou: 404 Client Error: Not Found for url: http://backend:8000/api/predict/flood/
[2026-03-23T22:34:13.981+0000] {climarisk_dag.py:194} ERROR - ❌ Hong Kong: 404 Client Error: Not Found for url: http://backend:8000/api/predict/flood/
[2026-03-23T22:34:13.984+0000] {climarisk_dag.py:194} ERROR - ❌ Taipei: 404 Client Error: Not Found for url: http://backend:8000/api/predict/flood/
[2026-03-23T22:34:13.988+0000] {climarisk_dag.py:194} ERROR - ❌ Kaohsiung: 404 Client Error: Not Found for url: http://backend:8000/api/predict/flood/
[2026-03-23T22:34:13.992+0000] {climarisk_dag.py:194} ERROR - ❌ Mumbai: 404 Client Error: Not Found for url: http://backend:8000/api/predict/flood/
[2026-03-23T22:34:13.995+0000] {climarisk_dag.py:194} ERROR - ❌ Delhi: 404 Client Error: Not Found for url: http://backend:8000/api/predict/flood/
[2026-03-23T22:34:13.999+0000] {climarisk_dag.py:194} ERROR - ❌ Bangalore: 404 Client Error: Not Found for url: http://backend:8000/api/predict/flood/
[2026-03-23T22:34:14.003+0000] {climarisk_dag.py:194} ERROR - ❌ Chennai: 404 Client Error: Not Found for url: http://backend:8000/api/predict/flood/
[2026-03-23T22:34:14.007+0000] {climarisk_dag.py:194} ERROR - ❌ Kolkata: 404 Client Error: Not Found for url: http://backend:8000/api/predict/flood/
[2026-03-23T22:34:14.010+0000] {climarisk_dag.py:194} ERROR - ❌ Patna: 404 Client Error: Not Found for url: http://backend:8000/api/predict/flood/
[2026-03-23T22:34:14.014+0000] {climarisk_dag.py:194} ERROR - ❌ Guwahati: 404 Client Error: Not Found for url: http://backend:8000/api/predict/flood/
[2026-03-23T22:34:14.017+0000] {climarisk_dag.py:194} ERROR - ❌ Varanasi: 404 Client Error: Not Found for url: http://backend:8000/api/predict/flood/
[2026-03-23T22:34:14.023+0000] {climarisk_dag.py:194} ERROR - ❌ Muzaffarpur: 404 Client Error: Not Found for url: http://backend:8000/api/predict/flood/
[2026-03-23T22:34:14.026+0000] {climarisk_dag.py:194} ERROR - ❌ Visakhapatnam: 404 Client Error: Not Found for url: http://backend:8000/api/predict/flood/
[2026-03-23T22:34:14.030+0000] {climarisk_dag.py:194} ERROR - ❌ Vijayawada: 404 Client Error: Not Found for url: http://backend:8000/api/predict/flood/
[2026-03-23T22:34:14.034+0000] {climarisk_dag.py:194} ERROR - ❌ Tokyo: 404 Client Error: Not Found for url: http://backend:8000/api/predict/flood/
[2026-03-23T22:34:14.037+0000] {climarisk_dag.py:194} ERROR - ❌ Osaka: 404 Client Error: Not Found for url: http://backend:8000/api/predict/flood/
[2026-03-23T22:34:14.041+0000] {climarisk_dag.py:194} ERROR - ❌ Sapporo: 404 Client Error: Not Found for url: http://backend:8000/api/predict/flood/
[2026-03-23T22:34:14.044+0000] {climarisk_dag.py:194} ERROR - ❌ Naha: 404 Client Error: Not Found for url: http://backend:8000/api/predict/flood/
[2026-03-23T22:34:14.047+0000] {climarisk_dag.py:194} ERROR - ❌ Seoul: 404 Client Error: Not Found for url: http://backend:8000/api/predict/flood/
[2026-03-23T22:34:14.052+0000] {climarisk_dag.py:194} ERROR - ❌ Busan: 404 Client Error: Not Found for url: http://backend:8000/api/predict/flood/
[2026-03-23T22:34:14.056+0000] {climarisk_dag.py:194} ERROR - ❌ Bangkok: 404 Client Error: Not Found for url: http://backend:8000/api/predict/flood/
[2026-03-23T22:34:14.059+0000] {climarisk_dag.py:194} ERROR - ❌ Chiang Mai: 404 Client Error: Not Found for url: http://backend:8000/api/predict/flood/
[2026-03-23T22:34:14.062+0000] {climarisk_dag.py:194} ERROR - ❌ Jakarta: 404 Client Error: Not Found for url: http://backend:8000/api/predict/flood/
[2026-03-23T22:34:14.066+0000] {climarisk_dag.py:194} ERROR - ❌ Surabaya: 404 Client Error: Not Found for url: http://backend:8000/api/predict/flood/
[2026-03-23T22:34:14.071+0000] {climarisk_dag.py:194} ERROR - ❌ Medan: 404 Client Error: Not Found for url: http://backend:8000/api/predict/flood/
[2026-03-23T22:34:14.074+0000] {climarisk_dag.py:194} ERROR - ❌ Manila: 404 Client Error: Not Found for url: http://backend:8000/api/predict/flood/
[2026-03-23T22:34:14.078+0000] {climarisk_dag.py:194} ERROR - ❌ Cebu: 404 Client Error: Not Found for url: http://backend:8000/api/predict/flood/
[2026-03-23T22:34:14.081+0000] {climarisk_dag.py:194} ERROR - ❌ Tacloban: 404 Client Error: Not Found for url: http://backend:8000/api/predict/flood/
[2026-03-23T22:34:14.085+0000] {climarisk_dag.py:194} ERROR - ❌ Legazpi: 404 Client Error: Not Found for url: http://backend:8000/api/predict/flood/
[2026-03-23T22:34:14.088+0000] {climarisk_dag.py:194} ERROR - ❌ Zamboanga: 404 Client Error: Not Found for url: http://backend:8000/api/predict/flood/
[2026-03-23T22:34:14.092+0000] {climarisk_dag.py:194} ERROR - ❌ Kuala Lumpur: 404 Client Error: Not Found for url: http://backend:8000/api/predict/flood/
[2026-03-23T22:34:14.095+0000] {climarisk_dag.py:194} ERROR - ❌ Singapore: 404 Client Error: Not Found for url: http://backend:8000/api/predict/flood/
[2026-03-23T22:34:14.098+0000] {climarisk_dag.py:194} ERROR - ❌ Ho Chi Minh City: 404 Client Error: Not Found for url: http://backend:8000/api/predict/flood/
[2026-03-23T22:34:14.101+0000] {climarisk_dag.py:194} ERROR - ❌ Hanoi: 404 Client Error: Not Found for url: http://backend:8000/api/predict/flood/
[2026-03-23T22:34:14.105+0000] {climarisk_dag.py:194} ERROR - ❌ Da Nang: 404 Client Error: Not Found for url: http://backend:8000/api/predict/flood/
[2026-03-23T22:34:14.108+0000] {climarisk_dag.py:194} ERROR - ❌ Can Tho: 404 Client Error: Not Found for url: http://backend:8000/api/predict/flood/
[2026-03-23T22:34:14.112+0000] {climarisk_dag.py:194} ERROR - ❌ My Tho: 404 Client Error: Not Found for url: http://backend:8000/api/predict/flood/
[2026-03-23T22:34:14.115+0000] {climarisk_dag.py:194} ERROR - ❌ Dhaka: 404 Client Error: Not Found for url: http://backend:8000/api/predict/flood/
[2026-03-23T22:34:14.119+0000] {climarisk_dag.py:194} ERROR - ❌ Chittagong: 404 Client Error: Not Found for url: http://backend:8000/api/predict/flood/
[2026-03-23T22:34:14.122+0000] {climarisk_dag.py:194} ERROR - ❌ Sylhet: 404 Client Error: Not Found for url: http://backend:8000/api/predict/flood/
[2026-03-23T22:34:14.126+0000] {climarisk_dag.py:194} ERROR - ❌ Khulna: 404 Client Error: Not Found for url: http://backend:8000/api/predict/flood/
[2026-03-23T22:34:14.131+0000] {climarisk_dag.py:194} ERROR - ❌ Cox's Bazar: 404 Client Error: Not Found for url: http://backend:8000/api/predict/flood/
[2026-03-23T22:34:14.135+0000] {climarisk_dag.py:194} ERROR - ❌ Karachi: 404 Client Error: Not Found for url: http://backend:8000/api/predict/flood/
[2026-03-23T22:34:14.139+0000] {climarisk_dag.py:194} ERROR - ❌ Lahore: 404 Client Error: Not Found for url: http://backend:8000/api/predict/flood/
[2026-03-23T22:34:14.143+0000] {climarisk_dag.py:194} ERROR - ❌ Colombo: 404 Client Error: Not Found for url: http://backend:8000/api/predict/flood/
[2026-03-23T22:34:14.146+0000] {climarisk_dag.py:194} ERROR - ❌ Kathmandu: 404 Client Error: Not Found for url: http://backend:8000/api/predict/flood/
[2026-03-23T22:34:14.150+0000] {climarisk_dag.py:194} ERROR - ❌ Yangon: 404 Client Error: Not Found for url: http://backend:8000/api/predict/flood/
[2026-03-23T22:34:14.153+0000] {climarisk_dag.py:194} ERROR - ❌ Sittwe: 404 Client Error: Not Found for url: http://backend:8000/api/predict/flood/
[2026-03-23T22:34:14.156+0000] {climarisk_dag.py:194} ERROR - ❌ Phnom Penh: 404 Client Error: Not Found for url: http://backend:8000/api/predict/flood/
[2026-03-23T22:34:14.159+0000] {climarisk_dag.py:194} ERROR - ❌ Riyadh: 404 Client Error: Not Found for url: http://backend:8000/api/predict/flood/
[2026-03-23T22:34:14.162+0000] {climarisk_dag.py:194} ERROR - ❌ Dubai: 404 Client Error: Not Found for url: http://backend:8000/api/predict/flood/
[2026-03-23T22:34:14.166+0000] {climarisk_dag.py:194} ERROR - ❌ Tehran: 404 Client Error: Not Found for url: http://backend:8000/api/predict/flood/
[2026-03-23T22:34:14.169+0000] {climarisk_dag.py:194} ERROR - ❌ Istanbul: 404 Client Error: Not Found for url: http://backend:8000/api/predict/flood/
[2026-03-23T22:34:14.173+0000] {climarisk_dag.py:194} ERROR - ❌ Ankara: 404 Client Error: Not Found for url: http://backend:8000/api/predict/flood/
[2026-03-23T22:34:14.178+0000] {climarisk_dag.py:194} ERROR - ❌ Baghdad: 404 Client Error: Not Found for url: http://backend:8000/api/predict/flood/
[2026-03-23T22:34:14.181+0000] {climarisk_dag.py:194} ERROR - ❌ Baku: 404 Client Error: Not Found for url: http://backend:8000/api/predict/flood/
[2026-03-23T22:34:14.185+0000] {climarisk_dag.py:194} ERROR - ❌ Tashkent: 404 Client Error: Not Found for url: http://backend:8000/api/predict/flood/
[2026-03-23T22:34:14.189+0000] {climarisk_dag.py:194} ERROR - ❌ Almaty: 404 Client Error: Not Found for url: http://backend:8000/api/predict/flood/
[2026-03-23T22:34:14.192+0000] {climarisk_dag.py:194} ERROR - ❌ Guam: 404 Client Error: Not Found for url: http://backend:8000/api/predict/flood/
[2026-03-23T22:34:14.195+0000] {climarisk_dag.py:194} ERROR - ❌ Paris: 404 Client Error: Not Found for url: http://backend:8000/api/predict/flood/
[2026-03-23T22:34:14.198+0000] {climarisk_dag.py:194} ERROR - ❌ Lyon: 404 Client Error: Not Found for url: http://backend:8000/api/predict/flood/
[2026-03-23T22:34:14.203+0000] {climarisk_dag.py:194} ERROR - ❌ Marseille: 404 Client Error: Not Found for url: http://backend:8000/api/predict/flood/
[2026-03-23T22:34:14.207+0000] {climarisk_dag.py:194} ERROR - ❌ Toulouse: 404 Client Error: Not Found for url: http://backend:8000/api/predict/flood/
[2026-03-23T22:34:14.210+0000] {climarisk_dag.py:194} ERROR - ❌ Bordeaux: 404 Client Error: Not Found for url: http://backend:8000/api/predict/flood/
[2026-03-23T22:34:14.213+0000] {climarisk_dag.py:194} ERROR - ❌ Nantes: 404 Client Error: Not Found for url: http://backend:8000/api/predict/flood/
[2026-03-23T22:34:14.216+0000] {climarisk_dag.py:194} ERROR - ❌ Strasbourg: 404 Client Error: Not Found for url: http://backend:8000/api/predict/flood/
[2026-03-23T22:34:14.220+0000] {climarisk_dag.py:194} ERROR - ❌ Lille: 404 Client Error: Not Found for url: http://backend:8000/api/predict/flood/
[2026-03-23T22:34:14.223+0000] {climarisk_dag.py:194} ERROR - ❌ Montpellier: 404 Client Error: Not Found for url: http://backend:8000/api/predict/flood/
[2026-03-23T22:34:14.226+0000] {climarisk_dag.py:194} ERROR - ❌ Nice: 404 Client Error: Not Found for url: http://backend:8000/api/predict/flood/
[2026-03-23T22:34:14.228+0000] {climarisk_dag.py:194} ERROR - ❌ London: 404 Client Error: Not Found for url: http://backend:8000/api/predict/flood/
[2026-03-23T22:34:14.231+0000] {climarisk_dag.py:194} ERROR - ❌ Birmingham: 404 Client Error: Not Found for url: http://backend:8000/api/predict/flood/
[2026-03-23T22:34:14.234+0000] {climarisk_dag.py:194} ERROR - ❌ Manchester: 404 Client Error: Not Found for url: http://backend:8000/api/predict/flood/
[2026-03-23T22:34:14.237+0000] {climarisk_dag.py:194} ERROR - ❌ Berlin: 404 Client Error: Not Found for url: http://backend:8000/api/predict/flood/
[2026-03-23T22:34:14.240+0000] {climarisk_dag.py:194} ERROR - ❌ Hamburg: 404 Client Error: Not Found for url: http://backend:8000/api/predict/flood/
[2026-03-23T22:34:14.243+0000] {climarisk_dag.py:194} ERROR - ❌ Munich: 404 Client Error: Not Found for url: http://backend:8000/api/predict/flood/
[2026-03-23T22:34:14.246+0000] {climarisk_dag.py:194} ERROR - ❌ Frankfurt: 404 Client Error: Not Found for url: http://backend:8000/api/predict/flood/
[2026-03-23T22:34:14.249+0000] {climarisk_dag.py:194} ERROR - ❌ Madrid: 404 Client Error: Not Found for url: http://backend:8000/api/predict/flood/
[2026-03-23T22:34:14.251+0000] {climarisk_dag.py:194} ERROR - ❌ Barcelona: 404 Client Error: Not Found for url: http://backend:8000/api/predict/flood/
[2026-03-23T22:34:14.254+0000] {climarisk_dag.py:194} ERROR - ❌ Valencia: 404 Client Error: Not Found for url: http://backend:8000/api/predict/flood/
[2026-03-23T22:34:14.257+0000] {climarisk_dag.py:194} ERROR - ❌ Malaga: 404 Client Error: Not Found for url: http://backend:8000/api/predict/flood/
[2026-03-23T22:34:14.260+0000] {climarisk_dag.py:194} ERROR - ❌ Rome: 404 Client Error: Not Found for url: http://backend:8000/api/predict/flood/
[2026-03-23T22:34:14.263+0000] {climarisk_dag.py:194} ERROR - ❌ Milan: 404 Client Error: Not Found for url: http://backend:8000/api/predict/flood/
[2026-03-23T22:34:14.266+0000] {climarisk_dag.py:194} ERROR - ❌ Palermo: 404 Client Error: Not Found for url: http://backend:8000/api/predict/flood/
[2026-03-23T22:34:14.269+0000] {climarisk_dag.py:194} ERROR - ❌ Amsterdam: 404 Client Error: Not Found for url: http://backend:8000/api/predict/flood/
[2026-03-23T22:34:14.272+0000] {climarisk_dag.py:194} ERROR - ❌ Brussels: 404 Client Error: Not Found for url: http://backend:8000/api/predict/flood/
[2026-03-23T22:34:14.275+0000] {climarisk_dag.py:194} ERROR - ❌ Vienna: 404 Client Error: Not Found for url: http://backend:8000/api/predict/flood/
[2026-03-23T22:34:14.278+0000] {climarisk_dag.py:194} ERROR - ❌ Zurich: 404 Client Error: Not Found for url: http://backend:8000/api/predict/flood/
[2026-03-23T22:34:14.281+0000] {climarisk_dag.py:194} ERROR - ❌ Stockholm: 404 Client Error: Not Found for url: http://backend:8000/api/predict/flood/
[2026-03-23T22:34:14.284+0000] {climarisk_dag.py:194} ERROR - ❌ Oslo: 404 Client Error: Not Found for url: http://backend:8000/api/predict/flood/
[2026-03-23T22:34:14.287+0000] {climarisk_dag.py:194} ERROR - ❌ Copenhagen: 404 Client Error: Not Found for url: http://backend:8000/api/predict/flood/
[2026-03-23T22:34:14.290+0000] {climarisk_dag.py:194} ERROR - ❌ Helsinki: 404 Client Error: Not Found for url: http://backend:8000/api/predict/flood/
[2026-03-23T22:34:14.293+0000] {climarisk_dag.py:194} ERROR - ❌ Warsaw: 404 Client Error: Not Found for url: http://backend:8000/api/predict/flood/
[2026-03-23T22:34:14.297+0000] {climarisk_dag.py:194} ERROR - ❌ Prague: 404 Client Error: Not Found for url: http://backend:8000/api/predict/flood/
[2026-03-23T22:34:14.300+0000] {climarisk_dag.py:194} ERROR - ❌ Budapest: 404 Client Error: Not Found for url: http://backend:8000/api/predict/flood/
[2026-03-23T22:34:14.304+0000] {climarisk_dag.py:194} ERROR - ❌ Bucharest: 404 Client Error: Not Found for url: http://backend:8000/api/predict/flood/
[2026-03-23T22:34:14.307+0000] {climarisk_dag.py:194} ERROR - ❌ Athens: 404 Client Error: Not Found for url: http://backend:8000/api/predict/flood/
[2026-03-23T22:34:14.310+0000] {climarisk_dag.py:194} ERROR - ❌ Thessaloniki: 404 Client Error: Not Found for url: http://backend:8000/api/predict/flood/
[2026-03-23T22:34:14.313+0000] {climarisk_dag.py:194} ERROR - ❌ Lisbon: 404 Client Error: Not Found for url: http://backend:8000/api/predict/flood/
[2026-03-23T22:34:14.316+0000] {climarisk_dag.py:194} ERROR - ❌ Moscow: 404 Client Error: Not Found for url: http://backend:8000/api/predict/flood/
[2026-03-23T22:34:14.319+0000] {climarisk_dag.py:194} ERROR - ❌ Saint Petersburg: 404 Client Error: Not Found for url: http://backend:8000/api/predict/flood/
[2026-03-23T22:34:14.322+0000] {climarisk_dag.py:194} ERROR - ❌ Krasnoyarsk: 404 Client Error: Not Found for url: http://backend:8000/api/predict/flood/
[2026-03-23T22:34:14.325+0000] {climarisk_dag.py:194} ERROR - ❌ Irkutsk: 404 Client Error: Not Found for url: http://backend:8000/api/predict/flood/
[2026-03-23T22:34:14.328+0000] {climarisk_dag.py:194} ERROR - ❌ Yakutsk: 404 Client Error: Not Found for url: http://backend:8000/api/predict/flood/
[2026-03-23T22:34:14.330+0000] {climarisk_dag.py:194} ERROR - ❌ Khabarovsk: 404 Client Error: Not Found for url: http://backend:8000/api/predict/flood/
[2026-03-23T22:34:14.333+0000] {climarisk_dag.py:194} ERROR - ❌ Kyiv: 404 Client Error: Not Found for url: http://backend:8000/api/predict/flood/
[2026-03-23T22:34:14.336+0000] {climarisk_dag.py:194} ERROR - ❌ New York: 404 Client Error: Not Found for url: http://backend:8000/api/predict/flood/
[2026-03-23T22:34:14.340+0000] {climarisk_dag.py:194} ERROR - ❌ Los Angeles: 404 Client Error: Not Found for url: http://backend:8000/api/predict/flood/
[2026-03-23T22:34:14.344+0000] {climarisk_dag.py:194} ERROR - ❌ Chicago: 404 Client Error: Not Found for url: http://backend:8000/api/predict/flood/
[2026-03-23T22:34:14.347+0000] {climarisk_dag.py:194} ERROR - ❌ Houston: 404 Client Error: Not Found for url: http://backend:8000/api/predict/flood/
[2026-03-23T22:34:14.350+0000] {climarisk_dag.py:194} ERROR - ❌ Miami: 404 Client Error: Not Found for url: http://backend:8000/api/predict/flood/
[2026-03-23T22:34:14.354+0000] {climarisk_dag.py:194} ERROR - ❌ New Orleans: 404 Client Error: Not Found for url: http://backend:8000/api/predict/flood/
[2026-03-23T22:34:14.358+0000] {climarisk_dag.py:194} ERROR - ❌ Seattle: 404 Client Error: Not Found for url: http://backend:8000/api/predict/flood/
[2026-03-23T22:34:14.361+0000] {climarisk_dag.py:194} ERROR - ❌ Sacramento: 404 Client Error: Not Found for url: http://backend:8000/api/predict/flood/
[2026-03-23T22:34:14.364+0000] {climarisk_dag.py:194} ERROR - ❌ Fresno: 404 Client Error: Not Found for url: http://backend:8000/api/predict/flood/
[2026-03-23T22:34:14.368+0000] {climarisk_dag.py:194} ERROR - ❌ Redding: 404 Client Error: Not Found for url: http://backend:8000/api/predict/flood/
[2026-03-23T22:34:14.372+0000] {climarisk_dag.py:194} ERROR - ❌ Memphis: 404 Client Error: Not Found for url: http://backend:8000/api/predict/flood/
[2026-03-23T22:34:14.376+0000] {climarisk_dag.py:194} ERROR - ❌ Toronto: 404 Client Error: Not Found for url: http://backend:8000/api/predict/flood/
[2026-03-23T22:34:14.379+0000] {climarisk_dag.py:194} ERROR - ❌ Montreal: 404 Client Error: Not Found for url: http://backend:8000/api/predict/flood/
[2026-03-23T22:34:14.383+0000] {climarisk_dag.py:194} ERROR - ❌ Vancouver: 404 Client Error: Not Found for url: http://backend:8000/api/predict/flood/
[2026-03-23T22:34:14.387+0000] {climarisk_dag.py:194} ERROR - ❌ Mexico City: 404 Client Error: Not Found for url: http://backend:8000/api/predict/flood/
[2026-03-23T22:34:14.390+0000] {climarisk_dag.py:194} ERROR - ❌ Veracruz: 404 Client Error: Not Found for url: http://backend:8000/api/predict/flood/
[2026-03-23T22:34:14.393+0000] {climarisk_dag.py:194} ERROR - ❌ Cancún: 404 Client Error: Not Found for url: http://backend:8000/api/predict/flood/
[2026-03-23T22:34:14.396+0000] {climarisk_dag.py:194} ERROR - ❌ São Paulo: 404 Client Error: Not Found for url: http://backend:8000/api/predict/flood/
[2026-03-23T22:34:14.399+0000] {climarisk_dag.py:194} ERROR - ❌ Rio de Janeiro: 404 Client Error: Not Found for url: http://backend:8000/api/predict/flood/
[2026-03-23T22:34:14.402+0000] {climarisk_dag.py:194} ERROR - ❌ Belém: 404 Client Error: Not Found for url: http://backend:8000/api/predict/flood/
[2026-03-23T22:34:14.407+0000] {climarisk_dag.py:194} ERROR - ❌ Marabá: 404 Client Error: Not Found for url: http://backend:8000/api/predict/flood/
[2026-03-23T22:34:14.410+0000] {climarisk_dag.py:194} ERROR - ❌ Sinop: 404 Client Error: Not Found for url: http://backend:8000/api/predict/flood/
[2026-03-23T22:34:14.414+0000] {climarisk_dag.py:194} ERROR - ❌ Porto Velho: 404 Client Error: Not Found for url: http://backend:8000/api/predict/flood/
[2026-03-23T22:34:14.417+0000] {climarisk_dag.py:194} ERROR - ❌ Buenos Aires: 404 Client Error: Not Found for url: http://backend:8000/api/predict/flood/
[2026-03-23T22:34:14.421+0000] {climarisk_dag.py:194} ERROR - ❌ Lima: 404 Client Error: Not Found for url: http://backend:8000/api/predict/flood/
[2026-03-23T22:34:14.424+0000] {climarisk_dag.py:194} ERROR - ❌ Bogotá: 404 Client Error: Not Found for url: http://backend:8000/api/predict/flood/
[2026-03-23T22:34:14.428+0000] {climarisk_dag.py:194} ERROR - ❌ Santiago: 404 Client Error: Not Found for url: http://backend:8000/api/predict/flood/
[2026-03-23T22:34:14.432+0000] {climarisk_dag.py:194} ERROR - ❌ Port-au-Prince: 404 Client Error: Not Found for url: http://backend:8000/api/predict/flood/
[2026-03-23T22:34:14.435+0000] {climarisk_dag.py:194} ERROR - ❌ San Juan: 404 Client Error: Not Found for url: http://backend:8000/api/predict/flood/
[2026-03-23T22:34:14.439+0000] {climarisk_dag.py:194} ERROR - ❌ Kingston: 404 Client Error: Not Found for url: http://backend:8000/api/predict/flood/
[2026-03-23T22:34:14.442+0000] {climarisk_dag.py:194} ERROR - ❌ Port of Spain: 404 Client Error: Not Found for url: http://backend:8000/api/predict/flood/
[2026-03-23T22:34:14.445+0000] {climarisk_dag.py:194} ERROR - ❌ Sydney: 404 Client Error: Not Found for url: http://backend:8000/api/predict/flood/
[2026-03-23T22:34:14.449+0000] {climarisk_dag.py:194} ERROR - ❌ Melbourne: 404 Client Error: Not Found for url: http://backend:8000/api/predict/flood/
[2026-03-23T22:34:14.453+0000] {climarisk_dag.py:194} ERROR - ❌ Brisbane: 404 Client Error: Not Found for url: http://backend:8000/api/predict/flood/
[2026-03-23T22:34:14.456+0000] {climarisk_dag.py:194} ERROR - ❌ Darwin: 404 Client Error: Not Found for url: http://backend:8000/api/predict/flood/
[2026-03-23T22:34:14.460+0000] {climarisk_dag.py:194} ERROR - ❌ Alice Springs: 404 Client Error: Not Found for url: http://backend:8000/api/predict/flood/
[2026-03-23T22:34:14.463+0000] {climarisk_dag.py:194} ERROR - ❌ Cairns: 404 Client Error: Not Found for url: http://backend:8000/api/predict/flood/
[2026-03-23T22:34:14.467+0000] {climarisk_dag.py:194} ERROR - ❌ Auckland: 404 Client Error: Not Found for url: http://backend:8000/api/predict/flood/
[2026-03-23T22:34:14.470+0000] {climarisk_dag.py:194} ERROR - ❌ Port Moresby: 404 Client Error: Not Found for url: http://backend:8000/api/predict/flood/
[2026-03-23T22:34:14.471+0000] {climarisk_dag.py:201} INFO - ✅ Done: 0 OK, 291 errors, 1.1s
[2026-03-23T22:34:14.523+0000] {taskinstance.py:441} INFO - ::group::Post task execution logs
[2026-03-23T22:34:14.525+0000] {taskinstance.py:2905} ERROR - Task failed with exception
Traceback (most recent call last):
  File "/home/airflow/.local/lib/python3.12/site-packages/airflow/models/taskinstance.py", line 465, in _execute_task
    result = _execute_callable(context=context, **execute_callable_kwargs)
             ^^^^^^^^^^^^^^^^^^^^^^^^^^^^^^^^^^^^^^^^^^^^^^^^^^^^^^^^^^^^^
  File "/home/airflow/.local/lib/python3.12/site-packages/airflow/models/taskinstance.py", line 432, in _execute_callable
    return execute_callable(context=context, **execute_callable_kwargs)
           ^^^^^^^^^^^^^^^^^^^^^^^^^^^^^^^^^^^^^^^^^^^^^^^^^^^^^^^^^^^^
  File "/home/airflow/.local/lib/python3.12/site-packages/airflow/models/baseoperator.py", line 400, in wrapper
    return func(self, *args, **kwargs)
           ^^^^^^^^^^^^^^^^^^^^^^^^^^^
  File "/home/airflow/.local/lib/python3.12/site-packages/airflow/operators/python.py", line 235, in execute
    return_value = self.execute_callable()
                   ^^^^^^^^^^^^^^^^^^^^^^^
  File "/home/airflow/.local/lib/python3.12/site-packages/airflow/operators/python.py", line 252, in execute_callable
    return self.python_callable(*self.op_args, **self.op_kwargs)
           ^^^^^^^^^^^^^^^^^^^^^^^^^^^^^^^^^^^^^^^^^^^^^^^^^^^^^
  File "/opt/airflow/dags/climarisk_dag.py", line 210, in predict_all_zones
    raise Exception(f"{errors} zone(s) failed — check logs above")
Exception: 291 zone(s) failed — check logs above
[2026-03-23T22:34:14.560+0000] {taskinstance.py:1206} INFO - Marking task as FAILED. dag_id=***_predictions, task_id=predict_all_zones, run_id=scheduled__2026-03-23T22:31:00+00:00, execution_date=20260323T223100, start_date=20260323T223412, end_date=20260323T223414
[2026-03-23T22:34:14.603+0000] {standard_task_runner.py:110} ERROR - Failed to execute job 297 for task predict_all_zones (291 zone(s) failed — check logs above; 7280)
[2026-03-23T22:34:14.624+0000] {local_task_job_runner.py:240} INFO - Task exited with return code 1
[2026-03-23T22:34:14.668+0000] {taskinstance.py:3498} INFO - 1 downstream tasks scheduled from follow-on schedule check
[2026-03-23T22:34:14.673+0000] {local_task_job_runner.py:222} INFO - ::endgroup::
