[2026-03-23T23:02:02.982+0000] {local_task_job_runner.py:120} INFO - ::group::Pre task execution logs
[2026-03-23T23:02:03.053+0000] {taskinstance.py:2076} INFO - Dependencies all met for dep_context=non-requeueable deps ti=<TaskInstance: climarisk_predictions.predict_all_zones scheduled__2026-03-23T22:30:00+00:00 [queued]>
[2026-03-23T23:02:03.068+0000] {taskinstance.py:2076} INFO - Dependencies all met for dep_context=requeueable deps ti=<TaskInstance: climarisk_predictions.predict_all_zones scheduled__2026-03-23T22:30:00+00:00 [queued]>
[2026-03-23T23:02:03.070+0000] {taskinstance.py:2306} INFO - Starting attempt 2 of 2
[2026-03-23T23:02:03.091+0000] {taskinstance.py:2330} INFO - Executing <Task(PythonOperator): predict_all_zones> on 2026-03-23 22:30:00+00:00
[2026-03-23T23:02:03.105+0000] {logging_mixin.py:188} WARNING - /home/airflow/.local/lib/python3.12/site-packages/airflow/task/task_runner/standard_task_runner.py:61 DeprecationWarning: This process (pid=8244) is multi-threaded, use of fork() may lead to deadlocks in the child.
[2026-03-23T23:02:03.102+0000] {standard_task_runner.py:90} INFO - Running: ['airflow', 'tasks', 'run', '***_predictions', 'predict_all_zones', 'scheduled__2026-03-23T22:30:00+00:00', '--job-id', '309', '--raw', '--subdir', 'DAGS_FOLDER/***_dag.py', '--cfg-path', '/tmp/tmp4jx9wlq0']
[2026-03-23T23:02:03.106+0000] {standard_task_runner.py:63} INFO - Started process 8245 to run task
[2026-03-23T23:02:03.107+0000] {standard_task_runner.py:91} INFO - Job 309: Subtask predict_all_zones
[2026-03-23T23:02:03.245+0000] {task_command.py:426} INFO - Running <TaskInstance: climarisk_predictions.predict_all_zones scheduled__2026-03-23T22:30:00+00:00 [running]> on host 6146f0e8983c
[2026-03-23T23:02:03.448+0000] {taskinstance.py:2648} INFO - Exporting env vars: AIRFLOW_CTX_DAG_OWNER='***' AIRFLOW_CTX_DAG_ID='***_predictions' AIRFLOW_CTX_TASK_ID='predict_all_zones' AIRFLOW_CTX_EXECUTION_DATE='2026-03-23T22:30:00+00:00' AIRFLOW_CTX_TRY_NUMBER='2' AIRFLOW_CTX_DAG_RUN_ID='scheduled__2026-03-23T22:30:00+00:00'
[2026-03-23T23:02:03.449+0000] {taskinstance.py:430} INFO - ::endgroup::
[2026-03-23T23:02:03.506+0000] {taskinstance.py:441} INFO - ::group::Post task execution logs
[2026-03-23T23:02:03.507+0000] {taskinstance.py:2905} ERROR - Task failed with exception
Traceback (most recent call last):
  File "/opt/airflow/dags/climarisk_dag.py", line 110, in predict_all_zones
    token = _get_token()
            ^^^^^^^^^^^^
  File "/opt/airflow/dags/climarisk_dag.py", line 65, in _get_token
    resp.raise_for_status()
  File "/home/airflow/.local/lib/python3.12/site-packages/requests/models.py", line 1021, in raise_for_status
    raise HTTPError(http_error_msg, response=self)
requests.exceptions.HTTPError: 401 Client Error: Unauthorized for url: http://backend:8000/api/auth/login

During handling of the above exception, another exception occurred:

Traceback (most recent call last):
  File "/home/airflow/.local/lib/python3.12/site-packages/airflow/models/taskinstance.py", line 465, in _execute_task
    result = _execute_callable(context=context, **execute_callable_kwargs)
             ^^^^^^^^^^^^^^^^^^^^^^^^^^^^^^^^^^^^^^^^^^^^^^^^^^^^^^^^^^^^^
  File "/home/airflow/.local/lib/python3.12/site-packages/airflow/models/taskinstance.py", line 432, in _execute_callable
    return execute_callable(context=context, **execute_callable_kwargs)
           ^^^^^^^^^^^^^^^^^^^^^^^^^^^^^^^^^^^^^^^^^^^^^^^^^^^^^^^^^^^^
  File "/home/airflow/.local/lib/python3.12/site-packages/airflow/models/baseoperator.py", line 400, in wrapper
    return func(self, *args, **kwargs)
           ^^^^^^^^^^^^^^^^^^^^^^^^^^^
  File "/home/airflow/.local/lib/python3.12/site-packages/airflow/operators/python.py", line 235, in execute
    return_value = self.execute_callable()
                   ^^^^^^^^^^^^^^^^^^^^^^^
  File "/home/airflow/.local/lib/python3.12/site-packages/airflow/operators/python.py", line 252, in execute_callable
    return self.python_callable(*self.op_args, **self.op_kwargs)
           ^^^^^^^^^^^^^^^^^^^^^^^^^^^^^^^^^^^^^^^^^^^^^^^^^^^^^
  File "/opt/airflow/dags/climarisk_dag.py", line 112, in predict_all_zones
    raise Exception(f"Failed to authenticate with backend: {e}")
Exception: Failed to authenticate with backend: 401 Client Error: Unauthorized for url: http://backend:8000/api/auth/login
[2026-03-23T23:02:03.541+0000] {taskinstance.py:1206} INFO - Marking task as FAILED. dag_id=***_predictions, task_id=predict_all_zones, run_id=scheduled__2026-03-23T22:30:00+00:00, execution_date=20260323T223000, start_date=20260323T230203, end_date=20260323T230203
[2026-03-23T23:02:03.560+0000] {standard_task_runner.py:110} ERROR - Failed to execute job 309 for task predict_all_zones (Failed to authenticate with backend: 401 Client Error: Unauthorized for url: http://backend:8000/api/auth/login; 8245)
[2026-03-23T23:02:03.605+0000] {local_task_job_runner.py:240} INFO - Task exited with return code 1
[2026-03-23T23:02:03.654+0000] {taskinstance.py:3498} INFO - 1 downstream tasks scheduled from follow-on schedule check
[2026-03-23T23:02:03.659+0000] {local_task_job_runner.py:222} INFO - ::endgroup::
