[2026-03-24T16:00:02.129+0000] {local_task_job_runner.py:120} INFO - ::group::Pre task execution logs
[2026-03-24T16:00:02.177+0000] {taskinstance.py:2076} INFO - Dependencies all met for dep_context=non-requeueable deps ti=<TaskInstance: climarisk_predictions.predict_all_zones scheduled__2026-03-24T15:30:00+00:00 [queued]>
[2026-03-24T16:00:02.186+0000] {taskinstance.py:2076} INFO - Dependencies all met for dep_context=requeueable deps ti=<TaskInstance: climarisk_predictions.predict_all_zones scheduled__2026-03-24T15:30:00+00:00 [queued]>
[2026-03-24T16:00:02.188+0000] {taskinstance.py:2306} INFO - Starting attempt 1 of 2
[2026-03-24T16:00:02.203+0000] {taskinstance.py:2330} INFO - Executing <Task(PythonOperator): predict_all_zones> on 2026-03-24 15:30:00+00:00
[2026-03-24T16:00:02.214+0000] {logging_mixin.py:188} WARNING - /home/airflow/.local/lib/python3.12/site-packages/airflow/task/task_runner/standard_task_runner.py:61 DeprecationWarning: This process (pid=22458) is multi-threaded, use of fork() may lead to deadlocks in the child.
[2026-03-24T16:00:02.212+0000] {standard_task_runner.py:90} INFO - Running: ['airflow', 'tasks', 'run', '***_predictions', 'predict_all_zones', 'scheduled__2026-03-24T15:30:00+00:00', '--job-id', '438', '--raw', '--subdir', 'DAGS_FOLDER/***_dag.py', '--cfg-path', '/tmp/tmpm0dv4_fl']
[2026-03-24T16:00:02.215+0000] {standard_task_runner.py:63} INFO - Started process 22459 to run task
[2026-03-24T16:00:02.216+0000] {standard_task_runner.py:91} INFO - Job 438: Subtask predict_all_zones
[2026-03-24T16:00:02.311+0000] {task_command.py:426} INFO - Running <TaskInstance: climarisk_predictions.predict_all_zones scheduled__2026-03-24T15:30:00+00:00 [running]> on host 6146f0e8983c
[2026-03-24T16:00:02.524+0000] {taskinstance.py:2648} INFO - Exporting env vars: AIRFLOW_CTX_DAG_OWNER='***' AIRFLOW_CTX_DAG_ID='***_predictions' AIRFLOW_CTX_TASK_ID='predict_all_zones' AIRFLOW_CTX_EXECUTION_DATE='2026-03-24T15:30:00+00:00' AIRFLOW_CTX_TRY_NUMBER='1' AIRFLOW_CTX_DAG_RUN_ID='scheduled__2026-03-24T15:30:00+00:00'
[2026-03-24T16:00:02.525+0000] {taskinstance.py:430} INFO - ::endgroup::
[2026-03-24T16:00:06.851+0000] {climarisk_dag.py:145} INFO - ✅ Alger: flood=LOW(0.00) fire=LOW(0.14)
[2026-03-24T16:00:07.138+0000] {climarisk_dag.py:145} INFO - ✅ Cairo: flood=LOW(0.00) fire=LOW(0.14)
[2026-03-24T16:00:07.473+0000] {climarisk_dag.py:145} INFO - ✅ Lagos: flood=LOW(0.00) fire=LOW(0.14)
[2026-03-24T16:00:10.060+0000] {climarisk_dag.py:145} INFO - ✅ Kano: flood=LOW(0.00) fire=LOW(0.14)
[2026-03-24T16:00:14.417+0000] {climarisk_dag.py:145} INFO - ✅ Abuja: flood=LOW(0.00) fire=LOW(0.14)
[2026-03-24T16:00:16.692+0000] {climarisk_dag.py:145} INFO - ✅ Johannesburg: flood=LOW(0.00) fire=LOW(0.14)
[2026-03-24T16:00:18.312+0000] {climarisk_dag.py:145} INFO - ✅ Cape Town: flood=LOW(0.00) fire=LOW(0.14)
[2026-03-24T16:00:19.944+0000] {climarisk_dag.py:145} INFO - ✅ Nairobi: flood=LOW(0.00) fire=LOW(0.14)
[2026-03-24T16:00:21.594+0000] {climarisk_dag.py:145} INFO - ✅ Addis Ababa: flood=LOW(0.00) fire=LOW(0.14)
[2026-03-24T16:00:23.023+0000] {climarisk_dag.py:145} INFO - ✅ Dar es Salaam: flood=LOW(0.00) fire=LOW(0.14)
[2026-03-24T16:00:24.312+0000] {climarisk_dag.py:145} INFO - ✅ Accra: flood=LOW(0.00) fire=LOW(0.14)
[2026-03-24T16:00:26.591+0000] {climarisk_dag.py:145} INFO - ✅ Casablanca: flood=LOW(0.00) fire=LOW(0.14)
[2026-03-24T16:00:27.782+0000] {climarisk_dag.py:145} INFO - ✅ Mohammedia: flood=LOW(0.00) fire=LOW(0.14)
[2026-03-24T16:00:29.841+0000] {climarisk_dag.py:145} INFO - ✅ El Jadida: flood=LOW(0.00) fire=LOW(0.14)
[2026-03-24T16:00:31.270+0000] {climarisk_dag.py:145} INFO - ✅ Settat: flood=LOW(0.00) fire=LOW(0.14)
[2026-03-24T16:00:32.296+0000] {climarisk_dag.py:145} INFO - ✅ Berrechid: flood=LOW(0.00) fire=LOW(0.14)
[2026-03-24T16:00:33.272+0000] {climarisk_dag.py:145} INFO - ✅ Benslimane: flood=LOW(0.00) fire=LOW(0.14)
[2026-03-24T16:00:34.184+0000] {climarisk_dag.py:145} INFO - ✅ Sidi Bennour: flood=LOW(0.00) fire=LOW(0.14)
[2026-03-24T16:00:35.415+0000] {climarisk_dag.py:145} INFO - ✅ Azemmour: flood=LOW(0.00) fire=LOW(0.14)
[2026-03-24T16:00:36.225+0000] {climarisk_dag.py:145} INFO - ✅ Mediouna: flood=LOW(0.00) fire=LOW(0.14)
[2026-03-24T16:00:37.015+0000] {climarisk_dag.py:145} INFO - ✅ Nouaceur: flood=LOW(0.00) fire=LOW(0.14)
[2026-03-24T16:00:37.754+0000] {climarisk_dag.py:145} INFO - ✅ Rabat: flood=LOW(0.00) fire=LOW(0.14)
[2026-03-24T16:00:38.422+0000] {climarisk_dag.py:145} INFO - ✅ Salé: flood=LOW(0.00) fire=LOW(0.14)
[2026-03-24T16:00:39.234+0000] {climarisk_dag.py:145} INFO - ✅ Kénitra: flood=LOW(0.00) fire=LOW(0.14)
[2026-03-24T16:00:39.987+0000] {climarisk_dag.py:145} INFO - ✅ Témara: flood=LOW(0.00) fire=LOW(0.14)
[2026-03-24T16:00:40.978+0000] {climarisk_dag.py:145} INFO - ✅ Skhirat: flood=LOW(0.00) fire=LOW(0.14)
[2026-03-24T16:00:41.741+0000] {climarisk_dag.py:145} INFO - ✅ Tiflet: flood=LOW(0.00) fire=LOW(0.14)
[2026-03-24T16:00:42.446+0000] {climarisk_dag.py:145} INFO - ✅ Khémisset: flood=LOW(0.00) fire=LOW(0.14)
[2026-03-24T16:00:43.117+0000] {climarisk_dag.py:145} INFO - ✅ Sidi Slimane: flood=LOW(0.00) fire=LOW(0.14)
[2026-03-24T16:00:43.887+0000] {climarisk_dag.py:145} INFO - ✅ Sidi Kacem: flood=LOW(0.00) fire=LOW(0.14)
[2026-03-24T16:00:44.872+0000] {climarisk_dag.py:145} INFO - ✅ Souk el Arba: flood=LOW(0.00) fire=LOW(0.14)
[2026-03-24T16:00:45.587+0000] {climarisk_dag.py:145} INFO - ✅ Ouazzane: flood=LOW(0.00) fire=LOW(0.14)
[2026-03-24T16:00:46.188+0000] {climarisk_dag.py:145} INFO - ✅ Fès: flood=LOW(0.00) fire=LOW(0.14)
[2026-03-24T16:00:46.790+0000] {climarisk_dag.py:145} INFO - ✅ Meknès: flood=LOW(0.00) fire=LOW(0.14)
[2026-03-24T16:00:47.608+0000] {climarisk_dag.py:145} INFO - ✅ Ifrane: flood=LOW(0.00) fire=LOW(0.14)
[2026-03-24T16:00:48.175+0000] {climarisk_dag.py:145} INFO - ✅ Azrou: flood=LOW(0.00) fire=LOW(0.14)
[2026-03-24T16:00:48.983+0000] {climarisk_dag.py:145} INFO - ✅ Taounate: flood=LOW(0.00) fire=LOW(0.14)
[2026-03-24T16:00:49.558+0000] {climarisk_dag.py:145} INFO - ✅ Taza: flood=LOW(0.00) fire=LOW(0.14)
[2026-03-24T16:00:50.098+0000] {climarisk_dag.py:145} INFO - ✅ Sefrou: flood=LOW(0.00) fire=LOW(0.14)
[2026-03-24T16:00:50.727+0000] {climarisk_dag.py:145} INFO - ✅ Boulemane: flood=LOW(0.00) fire=LOW(0.14)
[2026-03-24T16:00:51.374+0000] {climarisk_dag.py:145} INFO - ✅ El Hajeb: flood=LOW(0.00) fire=LOW(0.14)
[2026-03-24T16:00:51.972+0000] {climarisk_dag.py:145} INFO - ✅ Missour: flood=LOW(0.00) fire=LOW(0.14)
[2026-03-24T16:00:52.502+0000] {climarisk_dag.py:145} INFO - ✅ Guercif: flood=LOW(0.00) fire=LOW(0.14)
[2026-03-24T16:00:53.167+0000] {climarisk_dag.py:145} INFO - ✅ Marrakech: flood=LOW(0.00) fire=LOW(0.14)
[2026-03-24T16:00:53.695+0000] {climarisk_dag.py:145} INFO - ✅ Safi: flood=LOW(0.00) fire=LOW(0.14)
[2026-03-24T16:00:54.205+0000] {climarisk_dag.py:145} INFO - ✅ Essaouira: flood=LOW(0.00) fire=LOW(0.14)
[2026-03-24T16:00:54.871+0000] {climarisk_dag.py:145} INFO - ✅ El Kelaa des Sraghna: flood=LOW(0.00) fire=LOW(0.14)
[2026-03-24T16:00:55.418+0000] {climarisk_dag.py:145} INFO - ✅ Chichaoua: flood=LOW(0.00) fire=LOW(0.14)
[2026-03-24T16:00:55.961+0000] {climarisk_dag.py:145} INFO - ✅ Youssoufia: flood=LOW(0.00) fire=LOW(0.14)
[2026-03-24T16:00:57.538+0000] {climarisk_dag.py:145} INFO - ✅ Ben Guerir: flood=LOW(0.00) fire=LOW(0.14)
[2026-03-24T16:00:58.576+0000] {climarisk_dag.py:145} INFO - ✅ Tahanaout: flood=LOW(0.00) fire=LOW(0.14)
[2026-03-24T16:00:59.439+0000] {climarisk_dag.py:145} INFO - ✅ Ait Ourir: flood=LOW(0.00) fire=LOW(0.14)
[2026-03-24T16:01:00.456+0000] {climarisk_dag.py:145} INFO - ✅ Demnate: flood=LOW(0.00) fire=LOW(0.14)
[2026-03-24T16:01:01.032+0000] {climarisk_dag.py:145} INFO - ✅ Tanger: flood=LOW(0.00) fire=LOW(0.14)
[2026-03-24T16:01:01.623+0000] {climarisk_dag.py:145} INFO - ✅ Tétouan: flood=LOW(0.00) fire=LOW(0.14)
[2026-03-24T16:01:02.228+0000] {climarisk_dag.py:145} INFO - ✅ Al Hoceïma: flood=LOW(0.00) fire=LOW(0.14)
[2026-03-24T16:01:02.953+0000] {climarisk_dag.py:145} INFO - ✅ Larache: flood=LOW(0.00) fire=LOW(0.14)
[2026-03-24T16:01:03.450+0000] {climarisk_dag.py:145} INFO - ✅ Chefchaouen: flood=LOW(0.00) fire=LOW(0.14)
[2026-03-24T16:01:03.903+0000] {climarisk_dag.py:145} INFO - ✅ Asilah: flood=LOW(0.00) fire=LOW(0.14)
[2026-03-24T16:01:04.343+0000] {climarisk_dag.py:145} INFO - ✅ Fnideq: flood=LOW(0.00) fire=LOW(0.14)
[2026-03-24T16:01:04.808+0000] {climarisk_dag.py:145} INFO - ✅ Martil: flood=LOW(0.00) fire=LOW(0.14)
[2026-03-24T16:01:06.314+0000] {climarisk_dag.py:145} INFO - ✅ Mdiq: flood=LOW(0.00) fire=LOW(0.14)
[2026-03-24T16:01:06.796+0000] {climarisk_dag.py:145} INFO - ✅ Ksar el Kebir: flood=LOW(0.00) fire=LOW(0.14)
[2026-03-24T16:01:07.293+0000] {climarisk_dag.py:145} INFO - ✅ Ouazzane: flood=LOW(0.00) fire=LOW(0.14)
[2026-03-24T16:01:07.729+0000] {climarisk_dag.py:145} INFO - ✅ Targuist: flood=LOW(0.00) fire=LOW(0.14)
[2026-03-24T16:01:08.143+0000] {climarisk_dag.py:145} INFO - ✅ Imzouren: flood=LOW(0.00) fire=LOW(0.14)
[2026-03-24T16:01:08.509+0000] {climarisk_dag.py:145} INFO - ✅ Beni Mellal-Khenifra: flood=LOW(0.00) fire=LOW(0.14)
[2026-03-24T16:01:08.934+0000] {climarisk_dag.py:145} INFO - ✅ Khénifra: flood=LOW(0.00) fire=LOW(0.14)
[2026-03-24T16:01:09.348+0000] {climarisk_dag.py:145} INFO - ✅ Azilal: flood=LOW(0.00) fire=LOW(0.14)
[2026-03-24T16:01:09.828+0000] {climarisk_dag.py:145} INFO - ✅ Nanjing: flood=LOW(0.00) fire=LOW(0.14)
[2026-03-24T16:01:10.291+0000] {climarisk_dag.py:145} INFO - ✅ Khouribga: flood=LOW(0.00) fire=LOW(0.14)
[2026-03-24T16:01:10.747+0000] {climarisk_dag.py:145} INFO - ✅ Fkih Ben Salah: flood=LOW(0.00) fire=LOW(0.14)
[2026-03-24T16:01:11.220+0000] {climarisk_dag.py:145} INFO - ✅ Souk Sebt: flood=LOW(0.00) fire=LOW(0.14)
[2026-03-24T16:01:11.675+0000] {climarisk_dag.py:145} INFO - ✅ Midelt: flood=LOW(0.00) fire=LOW(0.14)
[2026-03-24T16:01:12.101+0000] {climarisk_dag.py:145} INFO - ✅ Zaouiat Cheikh: flood=LOW(0.00) fire=LOW(0.14)
[2026-03-24T16:01:12.560+0000] {climarisk_dag.py:145} INFO - ✅ Oujda: flood=LOW(0.00) fire=LOW(0.14)
[2026-03-24T16:01:13.018+0000] {climarisk_dag.py:145} INFO - ✅ Nador: flood=LOW(0.00) fire=LOW(0.14)
[2026-03-24T16:01:13.445+0000] {climarisk_dag.py:145} INFO - ✅ Berkane: flood=LOW(0.00) fire=LOW(0.14)
[2026-03-24T16:01:13.831+0000] {climarisk_dag.py:145} INFO - ✅ Taourirt: flood=LOW(0.00) fire=LOW(0.14)
[2026-03-24T16:01:14.272+0000] {climarisk_dag.py:145} INFO - ✅ Jerada: flood=LOW(0.00) fire=LOW(0.14)
[2026-03-24T16:01:14.676+0000] {climarisk_dag.py:145} INFO - ✅ Figuig: flood=LOW(0.00) fire=LOW(0.14)
[2026-03-24T16:01:15.117+0000] {climarisk_dag.py:145} INFO - ✅ Bouarfa: flood=LOW(0.00) fire=LOW(0.14)
[2026-03-24T16:01:15.516+0000] {climarisk_dag.py:145} INFO - ✅ Selouane: flood=LOW(0.00) fire=LOW(0.14)
[2026-03-24T16:01:15.931+0000] {climarisk_dag.py:145} INFO - ✅ Zaio: flood=LOW(0.00) fire=LOW(0.14)
[2026-03-24T16:01:16.363+0000] {climarisk_dag.py:145} INFO - ✅ Agadir: flood=LOW(0.00) fire=LOW(0.14)
[2026-03-24T16:01:16.800+0000] {climarisk_dag.py:145} INFO - ✅ Inezgane: flood=LOW(0.00) fire=LOW(0.14)
[2026-03-24T16:01:17.242+0000] {climarisk_dag.py:145} INFO - ✅ Tiznit: flood=LOW(0.00) fire=LOW(0.14)
[2026-03-24T16:01:17.653+0000] {climarisk_dag.py:145} INFO - ✅ Taroudannt: flood=LOW(0.00) fire=LOW(0.14)
[2026-03-24T16:01:18.064+0000] {climarisk_dag.py:145} INFO - ✅ Ouarzazate: flood=LOW(0.00) fire=LOW(0.14)
[2026-03-24T16:01:18.587+0000] {climarisk_dag.py:145} INFO - ✅ Ait Melloul: flood=LOW(0.00) fire=LOW(0.14)
[2026-03-24T16:01:18.977+0000] {climarisk_dag.py:145} INFO - ✅ Biougra: flood=LOW(0.00) fire=LOW(0.14)
[2026-03-24T16:01:19.392+0000] {climarisk_dag.py:145} INFO - ✅ Chtouka Ait Baha: flood=LOW(0.00) fire=LOW(0.14)
[2026-03-24T16:01:19.774+0000] {climarisk_dag.py:145} INFO - ✅ Tata: flood=LOW(0.00) fire=LOW(0.14)
[2026-03-24T16:01:20.251+0000] {climarisk_dag.py:145} INFO - ✅ Sidi Ifni: flood=LOW(0.00) fire=LOW(0.14)
[2026-03-24T16:01:20.650+0000] {climarisk_dag.py:145} INFO - ✅ Massa: flood=LOW(0.00) fire=LOW(0.14)
[2026-03-24T16:01:21.032+0000] {climarisk_dag.py:145} INFO - ✅ Errachidia: flood=LOW(0.00) fire=LOW(0.14)
[2026-03-24T16:01:21.404+0000] {climarisk_dag.py:145} INFO - ✅ Zagora: flood=LOW(0.00) fire=LOW(0.14)
[2026-03-24T16:01:21.866+0000] {climarisk_dag.py:145} INFO - ✅ Tinghir: flood=LOW(0.00) fire=LOW(0.14)
[2026-03-24T16:01:22.241+0000] {climarisk_dag.py:145} INFO - ✅ Ouarzazate: flood=LOW(0.00) fire=LOW(0.14)
[2026-03-24T16:01:22.722+0000] {climarisk_dag.py:145} INFO - ✅ Rissani: flood=LOW(0.00) fire=LOW(0.14)
[2026-03-24T16:01:23.211+0000] {climarisk_dag.py:145} INFO - ✅ Erfoud: flood=LOW(0.00) fire=LOW(0.14)
[2026-03-24T16:01:23.671+0000] {climarisk_dag.py:145} INFO - ✅ Merzouga: flood=LOW(0.00) fire=LOW(0.14)
[2026-03-24T16:01:24.128+0000] {climarisk_dag.py:145} INFO - ✅ Alnif: flood=LOW(0.00) fire=LOW(0.14)
[2026-03-24T16:01:24.601+0000] {climarisk_dag.py:145} INFO - ✅ Goulmima: flood=LOW(0.00) fire=LOW(0.14)
[2026-03-24T16:01:25.047+0000] {climarisk_dag.py:145} INFO - ✅ Laâyoune: flood=LOW(0.00) fire=LOW(0.14)
[2026-03-24T16:01:25.451+0000] {climarisk_dag.py:145} INFO - ✅ Boujdour: flood=LOW(0.00) fire=LOW(0.14)
[2026-03-24T16:01:25.876+0000] {climarisk_dag.py:145} INFO - ✅ Tarfaya: flood=LOW(0.00) fire=LOW(0.14)
[2026-03-24T16:01:26.296+0000] {climarisk_dag.py:145} INFO - ✅ Smara: flood=LOW(0.00) fire=LOW(0.14)
[2026-03-24T16:01:26.674+0000] {climarisk_dag.py:145} INFO - ✅ El Marsa: flood=LOW(0.00) fire=LOW(0.14)
[2026-03-24T16:01:27.095+0000] {climarisk_dag.py:145} INFO - ✅ Dakhla: flood=LOW(0.00) fire=LOW(0.14)
[2026-03-24T16:01:28.519+0000] {climarisk_dag.py:145} INFO - ✅ Aousserd: flood=LOW(0.00) fire=LOW(0.14)
[2026-03-24T16:01:28.955+0000] {climarisk_dag.py:145} INFO - ✅ Guelmim: flood=LOW(0.00) fire=LOW(0.14)
[2026-03-24T16:01:29.400+0000] {climarisk_dag.py:145} INFO - ✅ Tan-Tan: flood=LOW(0.00) fire=LOW(0.14)
[2026-03-24T16:01:29.792+0000] {climarisk_dag.py:145} INFO - ✅ Assa: flood=LOW(0.00) fire=LOW(0.14)
[2026-03-24T16:01:30.210+0000] {climarisk_dag.py:145} INFO - ✅ Zag: flood=LOW(0.00) fire=LOW(0.14)
[2026-03-24T16:01:30.583+0000] {climarisk_dag.py:145} INFO - ✅ Sidi Ifni: flood=LOW(0.00) fire=LOW(0.14)
[2026-03-24T16:01:31.014+0000] {climarisk_dag.py:145} INFO - ✅ Tiznit: flood=LOW(0.00) fire=LOW(0.14)
[2026-03-24T16:01:31.457+0000] {climarisk_dag.py:145} INFO - ✅ Tunis: flood=LOW(0.00) fire=LOW(0.14)
[2026-03-24T16:01:31.900+0000] {climarisk_dag.py:145} INFO - ✅ Kampala: flood=LOW(0.00) fire=LOW(0.14)
[2026-03-24T16:01:32.363+0000] {climarisk_dag.py:145} INFO - ✅ Dakar: flood=LOW(0.00) fire=LOW(0.14)
[2026-03-24T16:01:32.834+0000] {climarisk_dag.py:145} INFO - ✅ Kinshasa: flood=LOW(0.00) fire=LOW(0.14)
[2026-03-24T16:01:33.298+0000] {climarisk_dag.py:145} INFO - ✅ Luanda: flood=LOW(0.00) fire=LOW(0.14)
[2026-03-24T16:01:33.715+0000] {climarisk_dag.py:145} INFO - ✅ Khartoum: flood=LOW(0.00) fire=LOW(0.14)
[2026-03-24T16:01:34.190+0000] {climarisk_dag.py:145} INFO - ✅ Harare: flood=LOW(0.00) fire=LOW(0.14)
[2026-03-24T16:01:34.595+0000] {climarisk_dag.py:145} INFO - ✅ Lusaka: flood=LOW(0.00) fire=LOW(0.14)
[2026-03-24T16:01:35.042+0000] {climarisk_dag.py:145} INFO - ✅ Maputo: flood=LOW(0.00) fire=LOW(0.14)
[2026-03-24T16:01:35.420+0000] {climarisk_dag.py:145} INFO - ✅ Antananarivo: flood=LOW(0.00) fire=LOW(0.14)
[2026-03-24T16:01:35.847+0000] {climarisk_dag.py:145} INFO - ✅ Abidjan: flood=LOW(0.00) fire=LOW(0.14)
[2026-03-24T16:01:36.275+0000] {climarisk_dag.py:145} INFO - ✅ Douala: flood=LOW(0.00) fire=LOW(0.14)
[2026-03-24T16:01:36.614+0000] {climarisk_dag.py:145} INFO - ✅ Niamey: flood=LOW(0.00) fire=LOW(0.14)
[2026-03-24T16:01:37.003+0000] {climarisk_dag.py:145} INFO - ✅ Ouagadougou: flood=LOW(0.00) fire=LOW(0.14)
[2026-03-24T16:01:37.432+0000] {climarisk_dag.py:145} INFO - ✅ Bamako: flood=LOW(0.00) fire=LOW(0.14)
[2026-03-24T16:01:37.821+0000] {climarisk_dag.py:145} INFO - ✅ Windhoek: flood=LOW(0.00) fire=LOW(0.14)
[2026-03-24T16:01:38.292+0000] {climarisk_dag.py:145} INFO - ✅ Port Harcourt: flood=LOW(0.00) fire=LOW(0.14)
[2026-03-24T16:01:38.747+0000] {climarisk_dag.py:145} INFO - ✅ Warri: flood=LOW(0.00) fire=LOW(0.14)
[2026-03-24T16:01:39.112+0000] {climarisk_dag.py:145} INFO - ✅ Calabar: flood=LOW(0.00) fire=LOW(0.14)
[2026-03-24T16:01:39.604+0000] {climarisk_dag.py:145} INFO - ✅ Beijing: flood=LOW(0.00) fire=LOW(0.14)
[2026-03-24T16:01:40.079+0000] {climarisk_dag.py:145} INFO - ✅ Shanghai: flood=LOW(0.00) fire=LOW(0.14)
[2026-03-24T16:01:40.546+0000] {climarisk_dag.py:145} INFO - ✅ Guangzhou: flood=LOW(0.00) fire=LOW(0.14)
[2026-03-24T16:01:40.939+0000] {climarisk_dag.py:145} INFO - ✅ Chengdu: flood=LOW(0.00) fire=LOW(0.14)
[2026-03-24T16:01:41.341+0000] {climarisk_dag.py:145} INFO - ✅ Wuhan: flood=LOW(0.00) fire=LOW(0.14)
[2026-03-24T16:01:41.802+0000] {climarisk_dag.py:145} INFO - ✅ Chongqing: flood=LOW(0.00) fire=LOW(0.14)
[2026-03-24T16:01:42.205+0000] {climarisk_dag.py:145} INFO - ✅ Zhengzhou: flood=LOW(0.00) fire=LOW(0.14)
[2026-03-24T16:01:42.621+0000] {climarisk_dag.py:145} INFO - ✅ Changsha: flood=LOW(0.00) fire=LOW(0.14)
[2026-03-24T16:01:43.080+0000] {climarisk_dag.py:145} INFO - ✅ Nanchang: flood=LOW(0.00) fire=LOW(0.14)
[2026-03-24T16:01:43.437+0000] {climarisk_dag.py:145} INFO - ✅ Yichang: flood=LOW(0.00) fire=LOW(0.14)
[2026-03-24T16:01:43.824+0000] {climarisk_dag.py:145} INFO - ✅ Haikou: flood=LOW(0.00) fire=LOW(0.14)
[2026-03-24T16:01:44.249+0000] {climarisk_dag.py:145} INFO - ✅ Hong Kong: flood=LOW(0.00) fire=LOW(0.14)
[2026-03-24T16:01:44.650+0000] {climarisk_dag.py:145} INFO - ✅ Taipei: flood=LOW(0.00) fire=LOW(0.14)
[2026-03-24T16:01:45.044+0000] {climarisk_dag.py:145} INFO - ✅ Kaohsiung: flood=LOW(0.00) fire=LOW(0.14)
[2026-03-24T16:01:45.524+0000] {climarisk_dag.py:145} INFO - ✅ Mumbai: flood=LOW(0.00) fire=LOW(0.14)
[2026-03-24T16:01:45.941+0000] {climarisk_dag.py:145} INFO - ✅ Delhi: flood=LOW(0.00) fire=LOW(0.14)
[2026-03-24T16:01:46.376+0000] {climarisk_dag.py:145} INFO - ✅ Bangalore: flood=LOW(0.00) fire=LOW(0.14)
[2026-03-24T16:01:46.871+0000] {climarisk_dag.py:145} INFO - ✅ Chennai: flood=LOW(0.00) fire=LOW(0.14)
[2026-03-24T16:01:47.322+0000] {climarisk_dag.py:145} INFO - ✅ Kolkata: flood=LOW(0.00) fire=LOW(0.14)
[2026-03-24T16:01:47.849+0000] {climarisk_dag.py:145} INFO - ✅ Patna: flood=LOW(0.00) fire=LOW(0.14)
[2026-03-24T16:01:48.269+0000] {climarisk_dag.py:145} INFO - ✅ Guwahati: flood=LOW(0.00) fire=LOW(0.14)
[2026-03-24T16:01:48.687+0000] {climarisk_dag.py:145} INFO - ✅ Varanasi: flood=LOW(0.00) fire=LOW(0.14)
[2026-03-24T16:01:49.144+0000] {climarisk_dag.py:145} INFO - ✅ Muzaffarpur: flood=LOW(0.00) fire=LOW(0.14)
[2026-03-24T16:01:49.596+0000] {climarisk_dag.py:145} INFO - ✅ Visakhapatnam: flood=LOW(0.00) fire=LOW(0.14)
[2026-03-24T16:01:50.032+0000] {climarisk_dag.py:145} INFO - ✅ Vijayawada: flood=LOW(0.00) fire=LOW(0.14)
[2026-03-24T16:01:50.408+0000] {climarisk_dag.py:145} INFO - ✅ Tokyo: flood=LOW(0.00) fire=LOW(0.14)
[2026-03-24T16:01:50.797+0000] {climarisk_dag.py:145} INFO - ✅ Osaka: flood=LOW(0.00) fire=LOW(0.14)
[2026-03-24T16:01:51.224+0000] {climarisk_dag.py:145} INFO - ✅ Sapporo: flood=LOW(0.00) fire=LOW(0.14)
[2026-03-24T16:01:51.667+0000] {climarisk_dag.py:145} INFO - ✅ Naha: flood=LOW(0.00) fire=LOW(0.14)
[2026-03-24T16:01:52.204+0000] {climarisk_dag.py:145} INFO - ✅ Seoul: flood=LOW(0.00) fire=LOW(0.14)
[2026-03-24T16:01:52.714+0000] {climarisk_dag.py:145} INFO - ✅ Busan: flood=LOW(0.00) fire=LOW(0.14)
[2026-03-24T16:01:53.300+0000] {climarisk_dag.py:145} INFO - ✅ Bangkok: flood=LOW(0.00) fire=LOW(0.14)
[2026-03-24T16:01:53.796+0000] {climarisk_dag.py:145} INFO - ✅ Chiang Mai: flood=LOW(0.00) fire=LOW(0.14)
[2026-03-24T16:01:54.487+0000] {climarisk_dag.py:145} INFO - ✅ Jakarta: flood=LOW(0.00) fire=LOW(0.14)
[2026-03-24T16:01:55.057+0000] {climarisk_dag.py:145} INFO - ✅ Surabaya: flood=LOW(0.00) fire=LOW(0.14)
[2026-03-24T16:01:55.456+0000] {climarisk_dag.py:145} INFO - ✅ Medan: flood=LOW(0.00) fire=LOW(0.14)
[2026-03-24T16:01:55.945+0000] {climarisk_dag.py:145} INFO - ✅ Manila: flood=LOW(0.00) fire=LOW(0.14)
[2026-03-24T16:01:56.405+0000] {climarisk_dag.py:145} INFO - ✅ Cebu: flood=LOW(0.00) fire=LOW(0.14)
[2026-03-24T16:01:56.937+0000] {climarisk_dag.py:145} INFO - ✅ Tacloban: flood=LOW(0.00) fire=LOW(0.14)
[2026-03-24T16:01:57.456+0000] {climarisk_dag.py:145} INFO - ✅ Legazpi: flood=LOW(0.00) fire=LOW(0.14)
[2026-03-24T16:01:57.956+0000] {climarisk_dag.py:145} INFO - ✅ Zamboanga: flood=LOW(0.00) fire=LOW(0.14)
[2026-03-24T16:01:59.445+0000] {climarisk_dag.py:145} INFO - ✅ Kuala Lumpur: flood=LOW(0.00) fire=LOW(0.14)
[2026-03-24T16:02:00.068+0000] {climarisk_dag.py:145} INFO - ✅ Singapore: flood=LOW(0.00) fire=LOW(0.14)
[2026-03-24T16:02:00.546+0000] {climarisk_dag.py:145} INFO - ✅ Ho Chi Minh City: flood=LOW(0.00) fire=LOW(0.14)
[2026-03-24T16:02:00.961+0000] {climarisk_dag.py:145} INFO - ✅ Hanoi: flood=LOW(0.00) fire=LOW(0.14)
[2026-03-24T16:02:01.422+0000] {climarisk_dag.py:145} INFO - ✅ Da Nang: flood=LOW(0.00) fire=LOW(0.14)
[2026-03-24T16:02:01.786+0000] {climarisk_dag.py:145} INFO - ✅ Can Tho: flood=LOW(0.00) fire=LOW(0.14)
[2026-03-24T16:02:02.274+0000] {climarisk_dag.py:145} INFO - ✅ My Tho: flood=LOW(0.00) fire=LOW(0.14)
[2026-03-24T16:02:02.721+0000] {climarisk_dag.py:145} INFO - ✅ Dhaka: flood=LOW(0.00) fire=LOW(0.14)
[2026-03-24T16:02:03.115+0000] {climarisk_dag.py:145} INFO - ✅ Chittagong: flood=LOW(0.00) fire=LOW(0.14)
[2026-03-24T16:02:03.530+0000] {climarisk_dag.py:145} INFO - ✅ Sylhet: flood=LOW(0.00) fire=LOW(0.14)
[2026-03-24T16:02:03.937+0000] {climarisk_dag.py:145} INFO - ✅ Khulna: flood=LOW(0.00) fire=LOW(0.14)
[2026-03-24T16:02:04.478+0000] {climarisk_dag.py:145} INFO - ✅ Cox's Bazar: flood=LOW(0.00) fire=LOW(0.14)
[2026-03-24T16:02:05.007+0000] {climarisk_dag.py:145} INFO - ✅ Karachi: flood=LOW(0.00) fire=LOW(0.14)
[2026-03-24T16:02:05.478+0000] {climarisk_dag.py:145} INFO - ✅ Lahore: flood=LOW(0.00) fire=LOW(0.14)
[2026-03-24T16:02:05.953+0000] {climarisk_dag.py:145} INFO - ✅ Colombo: flood=LOW(0.00) fire=LOW(0.14)
[2026-03-24T16:02:06.360+0000] {climarisk_dag.py:145} INFO - ✅ Kathmandu: flood=LOW(0.00) fire=LOW(0.14)
[2026-03-24T16:02:06.790+0000] {climarisk_dag.py:145} INFO - ✅ Yangon: flood=LOW(0.00) fire=LOW(0.14)
[2026-03-24T16:02:07.320+0000] {climarisk_dag.py:145} INFO - ✅ Sittwe: flood=LOW(0.00) fire=LOW(0.14)
[2026-03-24T16:02:07.726+0000] {climarisk_dag.py:145} INFO - ✅ Phnom Penh: flood=LOW(0.00) fire=LOW(0.14)
[2026-03-24T16:02:08.137+0000] {climarisk_dag.py:145} INFO - ✅ Riyadh: flood=LOW(0.00) fire=LOW(0.14)
[2026-03-24T16:02:08.645+0000] {climarisk_dag.py:145} INFO - ✅ Dubai: flood=LOW(0.00) fire=LOW(0.14)
[2026-03-24T16:02:09.122+0000] {climarisk_dag.py:145} INFO - ✅ Tehran: flood=LOW(0.00) fire=LOW(0.14)
[2026-03-24T16:02:09.532+0000] {climarisk_dag.py:145} INFO - ✅ Istanbul: flood=LOW(0.00) fire=LOW(0.14)
[2026-03-24T16:02:09.980+0000] {climarisk_dag.py:145} INFO - ✅ Ankara: flood=LOW(0.00) fire=LOW(0.14)
[2026-03-24T16:02:10.520+0000] {climarisk_dag.py:145} INFO - ✅ Baghdad: flood=LOW(0.00) fire=LOW(0.14)
[2026-03-24T16:02:10.991+0000] {climarisk_dag.py:145} INFO - ✅ Baku: flood=LOW(0.00) fire=LOW(0.14)
[2026-03-24T16:02:11.491+0000] {climarisk_dag.py:145} INFO - ✅ Tashkent: flood=LOW(0.00) fire=LOW(0.14)
[2026-03-24T16:02:11.916+0000] {climarisk_dag.py:145} INFO - ✅ Almaty: flood=LOW(0.00) fire=LOW(0.14)
[2026-03-24T16:02:12.397+0000] {climarisk_dag.py:145} INFO - ✅ Guam: flood=LOW(0.00) fire=LOW(0.14)
[2026-03-24T16:02:12.877+0000] {climarisk_dag.py:145} INFO - ✅ Paris: flood=LOW(0.00) fire=LOW(0.14)
[2026-03-24T16:02:13.393+0000] {climarisk_dag.py:145} INFO - ✅ Lyon: flood=LOW(0.00) fire=LOW(0.14)
[2026-03-24T16:02:13.847+0000] {climarisk_dag.py:145} INFO - ✅ Marseille: flood=LOW(0.00) fire=LOW(0.14)
[2026-03-24T16:02:14.314+0000] {climarisk_dag.py:145} INFO - ✅ Toulouse: flood=LOW(0.00) fire=LOW(0.14)
[2026-03-24T16:02:14.727+0000] {climarisk_dag.py:145} INFO - ✅ Bordeaux: flood=LOW(0.00) fire=LOW(0.14)
[2026-03-24T16:02:15.185+0000] {climarisk_dag.py:145} INFO - ✅ Nantes: flood=LOW(0.00) fire=LOW(0.14)
[2026-03-24T16:02:15.621+0000] {climarisk_dag.py:145} INFO - ✅ Strasbourg: flood=LOW(0.00) fire=LOW(0.14)
[2026-03-24T16:02:16.004+0000] {climarisk_dag.py:145} INFO - ✅ Lille: flood=LOW(0.00) fire=LOW(0.14)
[2026-03-24T16:02:16.486+0000] {climarisk_dag.py:145} INFO - ✅ Montpellier: flood=LOW(0.00) fire=LOW(0.14)
[2026-03-24T16:02:16.872+0000] {climarisk_dag.py:145} INFO - ✅ Nice: flood=LOW(0.00) fire=LOW(0.14)
[2026-03-24T16:02:17.290+0000] {climarisk_dag.py:145} INFO - ✅ London: flood=LOW(0.00) fire=LOW(0.14)
[2026-03-24T16:02:17.729+0000] {climarisk_dag.py:145} INFO - ✅ Birmingham: flood=LOW(0.00) fire=LOW(0.14)
[2026-03-24T16:02:18.141+0000] {climarisk_dag.py:145} INFO - ✅ Manchester: flood=LOW(0.00) fire=LOW(0.14)
[2026-03-24T16:02:18.587+0000] {climarisk_dag.py:145} INFO - ✅ Berlin: flood=LOW(0.00) fire=LOW(0.14)
[2026-03-24T16:02:19.053+0000] {climarisk_dag.py:145} INFO - ✅ Hamburg: flood=LOW(0.00) fire=LOW(0.14)
[2026-03-24T16:02:19.488+0000] {climarisk_dag.py:145} INFO - ✅ Munich: flood=LOW(0.00) fire=LOW(0.14)
[2026-03-24T16:02:19.881+0000] {climarisk_dag.py:145} INFO - ✅ Frankfurt: flood=LOW(0.00) fire=LOW(0.14)
[2026-03-24T16:02:20.319+0000] {climarisk_dag.py:145} INFO - ✅ Madrid: flood=LOW(0.00) fire=LOW(0.14)
[2026-03-24T16:02:20.735+0000] {climarisk_dag.py:145} INFO - ✅ Barcelona: flood=LOW(0.00) fire=LOW(0.14)
[2026-03-24T16:02:21.253+0000] {climarisk_dag.py:145} INFO - ✅ Valencia: flood=LOW(0.00) fire=LOW(0.14)
[2026-03-24T16:02:21.707+0000] {climarisk_dag.py:145} INFO - ✅ Malaga: flood=LOW(0.00) fire=LOW(0.14)
[2026-03-24T16:02:22.358+0000] {climarisk_dag.py:145} INFO - ✅ Rome: flood=LOW(0.00) fire=LOW(0.14)
[2026-03-24T16:02:22.951+0000] {climarisk_dag.py:145} INFO - ✅ Milan: flood=LOW(0.00) fire=LOW(0.14)
[2026-03-24T16:02:23.439+0000] {climarisk_dag.py:145} INFO - ✅ Palermo: flood=LOW(0.00) fire=LOW(0.14)
[2026-03-24T16:02:23.968+0000] {climarisk_dag.py:145} INFO - ✅ Amsterdam: flood=LOW(0.00) fire=LOW(0.14)
[2026-03-24T16:02:24.526+0000] {climarisk_dag.py:145} INFO - ✅ Brussels: flood=LOW(0.00) fire=LOW(0.14)
[2026-03-24T16:02:24.929+0000] {climarisk_dag.py:145} INFO - ✅ Vienna: flood=LOW(0.00) fire=LOW(0.14)
[2026-03-24T16:02:25.378+0000] {climarisk_dag.py:145} INFO - ✅ Zurich: flood=LOW(0.00) fire=LOW(0.14)
[2026-03-24T16:02:25.837+0000] {climarisk_dag.py:145} INFO - ✅ Stockholm: flood=LOW(0.00) fire=LOW(0.14)
[2026-03-24T16:02:26.304+0000] {climarisk_dag.py:145} INFO - ✅ Oslo: flood=LOW(0.00) fire=LOW(0.14)
[2026-03-24T16:02:26.750+0000] {climarisk_dag.py:145} INFO - ✅ Copenhagen: flood=LOW(0.00) fire=LOW(0.14)
[2026-03-24T16:02:27.323+0000] {climarisk_dag.py:145} INFO - ✅ Helsinki: flood=LOW(0.00) fire=LOW(0.14)
[2026-03-24T16:02:28.017+0000] {climarisk_dag.py:145} INFO - ✅ Warsaw: flood=LOW(0.00) fire=LOW(0.14)
[2026-03-24T16:02:28.433+0000] {climarisk_dag.py:145} INFO - ✅ Prague: flood=LOW(0.00) fire=LOW(0.14)
[2026-03-24T16:02:28.863+0000] {climarisk_dag.py:145} INFO - ✅ Budapest: flood=LOW(0.00) fire=LOW(0.14)
[2026-03-24T16:02:29.339+0000] {climarisk_dag.py:145} INFO - ✅ Bucharest: flood=LOW(0.00) fire=LOW(0.14)
[2026-03-24T16:02:30.683+0000] {climarisk_dag.py:145} INFO - ✅ Athens: flood=LOW(0.00) fire=LOW(0.14)
[2026-03-24T16:02:31.105+0000] {climarisk_dag.py:145} INFO - ✅ Thessaloniki: flood=LOW(0.00) fire=LOW(0.14)
[2026-03-24T16:02:31.581+0000] {climarisk_dag.py:145} INFO - ✅ Lisbon: flood=LOW(0.00) fire=LOW(0.14)
[2026-03-24T16:02:31.996+0000] {climarisk_dag.py:145} INFO - ✅ Moscow: flood=LOW(0.00) fire=LOW(0.14)
[2026-03-24T16:02:32.366+0000] {climarisk_dag.py:145} INFO - ✅ Saint Petersburg: flood=LOW(0.00) fire=LOW(0.14)
[2026-03-24T16:02:32.777+0000] {climarisk_dag.py:145} INFO - ✅ Krasnoyarsk: flood=LOW(0.00) fire=LOW(0.14)
[2026-03-24T16:02:33.263+0000] {climarisk_dag.py:145} INFO - ✅ Irkutsk: flood=LOW(0.00) fire=LOW(0.14)
[2026-03-24T16:02:33.654+0000] {climarisk_dag.py:145} INFO - ✅ Yakutsk: flood=LOW(0.00) fire=LOW(0.14)
[2026-03-24T16:02:34.042+0000] {climarisk_dag.py:145} INFO - ✅ Khabarovsk: flood=LOW(0.00) fire=LOW(0.14)
[2026-03-24T16:02:34.431+0000] {climarisk_dag.py:145} INFO - ✅ Kyiv: flood=LOW(0.00) fire=LOW(0.14)
[2026-03-24T16:02:34.853+0000] {climarisk_dag.py:145} INFO - ✅ New York: flood=LOW(0.00) fire=LOW(0.14)
[2026-03-24T16:02:35.262+0000] {climarisk_dag.py:145} INFO - ✅ Los Angeles: flood=LOW(0.00) fire=LOW(0.14)
[2026-03-24T16:02:35.672+0000] {climarisk_dag.py:145} INFO - ✅ Chicago: flood=LOW(0.00) fire=LOW(0.14)
[2026-03-24T16:02:36.096+0000] {climarisk_dag.py:145} INFO - ✅ Houston: flood=LOW(0.00) fire=LOW(0.14)
[2026-03-24T16:02:36.511+0000] {climarisk_dag.py:145} INFO - ✅ Miami: flood=LOW(0.00) fire=LOW(0.14)
[2026-03-24T16:02:36.917+0000] {climarisk_dag.py:145} INFO - ✅ New Orleans: flood=LOW(0.00) fire=LOW(0.14)
[2026-03-24T16:02:37.362+0000] {climarisk_dag.py:145} INFO - ✅ Seattle: flood=LOW(0.00) fire=LOW(0.14)
[2026-03-24T16:02:37.818+0000] {climarisk_dag.py:145} INFO - ✅ Sacramento: flood=LOW(0.00) fire=LOW(0.14)
[2026-03-24T16:02:38.181+0000] {climarisk_dag.py:145} INFO - ✅ Fresno: flood=LOW(0.00) fire=LOW(0.14)
[2026-03-24T16:02:38.569+0000] {climarisk_dag.py:145} INFO - ✅ Redding: flood=LOW(0.00) fire=LOW(0.14)
[2026-03-24T16:02:39.023+0000] {climarisk_dag.py:145} INFO - ✅ Memphis: flood=LOW(0.00) fire=LOW(0.14)
[2026-03-24T16:02:39.443+0000] {climarisk_dag.py:145} INFO - ✅ Toronto: flood=LOW(0.00) fire=LOW(0.14)
[2026-03-24T16:02:39.865+0000] {climarisk_dag.py:145} INFO - ✅ Montreal: flood=LOW(0.00) fire=LOW(0.14)
[2026-03-24T16:02:40.258+0000] {climarisk_dag.py:145} INFO - ✅ Vancouver: flood=LOW(0.00) fire=LOW(0.14)
[2026-03-24T16:02:40.720+0000] {climarisk_dag.py:145} INFO - ✅ Mexico City: flood=LOW(0.00) fire=LOW(0.14)
[2026-03-24T16:02:41.154+0000] {climarisk_dag.py:145} INFO - ✅ Veracruz: flood=LOW(0.00) fire=LOW(0.14)
[2026-03-24T16:02:41.594+0000] {climarisk_dag.py:145} INFO - ✅ Cancún: flood=LOW(0.00) fire=LOW(0.14)
[2026-03-24T16:02:42.058+0000] {climarisk_dag.py:145} INFO - ✅ São Paulo: flood=LOW(0.00) fire=LOW(0.14)
[2026-03-24T16:02:42.509+0000] {climarisk_dag.py:145} INFO - ✅ Rio de Janeiro: flood=LOW(0.00) fire=LOW(0.14)
[2026-03-24T16:02:42.945+0000] {climarisk_dag.py:145} INFO - ✅ Belém: flood=LOW(0.00) fire=LOW(0.14)
[2026-03-24T16:02:43.402+0000] {climarisk_dag.py:145} INFO - ✅ Marabá: flood=LOW(0.00) fire=LOW(0.14)
[2026-03-24T16:02:43.825+0000] {climarisk_dag.py:145} INFO - ✅ Sinop: flood=LOW(0.00) fire=LOW(0.14)
[2026-03-24T16:02:44.280+0000] {climarisk_dag.py:145} INFO - ✅ Porto Velho: flood=LOW(0.00) fire=LOW(0.14)
[2026-03-24T16:02:44.709+0000] {climarisk_dag.py:145} INFO - ✅ Buenos Aires: flood=LOW(0.00) fire=LOW(0.14)
[2026-03-24T16:02:45.127+0000] {climarisk_dag.py:145} INFO - ✅ Lima: flood=LOW(0.00) fire=LOW(0.14)
[2026-03-24T16:02:45.574+0000] {climarisk_dag.py:145} INFO - ✅ Bogotá: flood=LOW(0.00) fire=LOW(0.14)
[2026-03-24T16:02:46.020+0000] {climarisk_dag.py:145} INFO - ✅ Santiago: flood=LOW(0.00) fire=LOW(0.14)
[2026-03-24T16:02:46.386+0000] {climarisk_dag.py:145} INFO - ✅ Port-au-Prince: flood=LOW(0.00) fire=LOW(0.14)
[2026-03-24T16:02:46.757+0000] {climarisk_dag.py:145} INFO - ✅ San Juan: flood=LOW(0.00) fire=LOW(0.14)
[2026-03-24T16:02:47.188+0000] {climarisk_dag.py:145} INFO - ✅ Kingston: flood=LOW(0.00) fire=LOW(0.14)
[2026-03-24T16:02:47.659+0000] {climarisk_dag.py:145} INFO - ✅ Port of Spain: flood=LOW(0.00) fire=LOW(0.14)
[2026-03-24T16:02:48.059+0000] {climarisk_dag.py:145} INFO - ✅ Sydney: flood=LOW(0.00) fire=LOW(0.14)
[2026-03-24T16:02:48.509+0000] {climarisk_dag.py:145} INFO - ✅ Melbourne: flood=LOW(0.00) fire=LOW(0.14)
[2026-03-24T16:02:48.951+0000] {climarisk_dag.py:145} INFO - ✅ Brisbane: flood=LOW(0.00) fire=LOW(0.14)
[2026-03-24T16:02:49.347+0000] {climarisk_dag.py:145} INFO - ✅ Darwin: flood=LOW(0.00) fire=LOW(0.14)
[2026-03-24T16:02:49.766+0000] {climarisk_dag.py:145} INFO - ✅ Alice Springs: flood=LOW(0.00) fire=LOW(0.14)
[2026-03-24T16:02:50.196+0000] {climarisk_dag.py:145} INFO - ✅ Cairns: flood=LOW(0.00) fire=LOW(0.14)
[2026-03-24T16:02:50.602+0000] {climarisk_dag.py:145} INFO - ✅ Auckland: flood=LOW(0.00) fire=LOW(0.14)
[2026-03-24T16:02:51.013+0000] {climarisk_dag.py:145} INFO - ✅ Port Moresby: flood=LOW(0.00) fire=LOW(0.14)
[2026-03-24T16:02:51.015+0000] {climarisk_dag.py:157} INFO - ✅ Done: 291 OK, 0 errors, 168.1s
[2026-03-24T16:02:51.052+0000] {python.py:237} INFO - Done. Returned value was: None
[2026-03-24T16:02:51.053+0000] {taskinstance.py:441} INFO - ::group::Post task execution logs
[2026-03-24T16:02:51.076+0000] {taskinstance.py:1206} INFO - Marking task as SUCCESS. dag_id=***_predictions, task_id=predict_all_zones, run_id=scheduled__2026-03-24T15:30:00+00:00, execution_date=20260324T153000, start_date=20260324T160002, end_date=20260324T160251
[2026-03-24T16:02:51.134+0000] {local_task_job_runner.py:240} INFO - Task exited with return code 0
[2026-03-24T16:02:51.184+0000] {taskinstance.py:3498} INFO - 1 downstream tasks scheduled from follow-on schedule check
[2026-03-24T16:02:51.189+0000] {local_task_job_runner.py:222} INFO - ::endgroup::
