[2026-03-23T22:23:36.278+0000] {local_task_job_runner.py:120} INFO - ::group::Pre task execution logs
[2026-03-23T22:23:36.328+0000] {taskinstance.py:2076} INFO - Dependencies all met for dep_context=non-requeueable deps ti=<TaskInstance: climarisk_predictions.predict_all_zones scheduled__2026-03-23T22:22:00+00:00 [queued]>
[2026-03-23T22:23:36.339+0000] {taskinstance.py:2076} INFO - Dependencies all met for dep_context=requeueable deps ti=<TaskInstance: climarisk_predictions.predict_all_zones scheduled__2026-03-23T22:22:00+00:00 [queued]>
[2026-03-23T22:23:36.345+0000] {taskinstance.py:2306} INFO - Starting attempt 1 of 2
[2026-03-23T22:23:36.363+0000] {taskinstance.py:2330} INFO - Executing <Task(PythonOperator): predict_all_zones> on 2026-03-23 22:22:00+00:00
[2026-03-23T22:23:36.375+0000] {logging_mixin.py:188} WARNING - /home/airflow/.local/lib/python3.12/site-packages/airflow/task/task_runner/standard_task_runner.py:61 DeprecationWarning: This process (pid=6885) is multi-threaded, use of fork() may lead to deadlocks in the child.
[2026-03-23T22:23:36.376+0000] {standard_task_runner.py:63} INFO - Started process 6886 to run task
[2026-03-23T22:23:36.375+0000] {standard_task_runner.py:90} INFO - Running: ['airflow', 'tasks', 'run', '***_predictions', 'predict_all_zones', 'scheduled__2026-03-23T22:22:00+00:00', '--job-id', '280', '--raw', '--subdir', 'DAGS_FOLDER/***_dag.py', '--cfg-path', '/tmp/tmpdk6ibme1']
[2026-03-23T22:23:36.378+0000] {standard_task_runner.py:91} INFO - Job 280: Subtask predict_all_zones
[2026-03-23T22:23:36.490+0000] {task_command.py:426} INFO - Running <TaskInstance: climarisk_predictions.predict_all_zones scheduled__2026-03-23T22:22:00+00:00 [running]> on host 6146f0e8983c
[2026-03-23T22:23:36.676+0000] {taskinstance.py:2648} INFO - Exporting env vars: AIRFLOW_CTX_DAG_OWNER='***' AIRFLOW_CTX_DAG_ID='***_predictions' AIRFLOW_CTX_TASK_ID='predict_all_zones' AIRFLOW_CTX_EXECUTION_DATE='2026-03-23T22:22:00+00:00' AIRFLOW_CTX_TRY_NUMBER='1' AIRFLOW_CTX_DAG_RUN_ID='scheduled__2026-03-23T22:22:00+00:00'
[2026-03-23T22:23:36.678+0000] {taskinstance.py:430} INFO - ::endgroup::
[2026-03-23T22:23:36.728+0000] {climarisk_dag.py:194} ERROR - ❌ Alger: 404 Client Error: Not Found for url: http://backend:8000/api/predict/flood/
[2026-03-23T22:23:36.734+0000] {climarisk_dag.py:194} ERROR - ❌ Cairo: 404 Client Error: Not Found for url: http://backend:8000/api/predict/flood/
[2026-03-23T22:23:36.737+0000] {climarisk_dag.py:194} ERROR - ❌ Lagos: 404 Client Error: Not Found for url: http://backend:8000/api/predict/flood/
[2026-03-23T22:23:36.741+0000] {climarisk_dag.py:194} ERROR - ❌ Kano: 404 Client Error: Not Found for url: http://backend:8000/api/predict/flood/
[2026-03-23T22:23:36.747+0000] {climarisk_dag.py:194} ERROR - ❌ Abuja: 404 Client Error: Not Found for url: http://backend:8000/api/predict/flood/
[2026-03-23T22:23:36.752+0000] {climarisk_dag.py:194} ERROR - ❌ Johannesburg: 404 Client Error: Not Found for url: http://backend:8000/api/predict/flood/
[2026-03-23T22:23:36.756+0000] {climarisk_dag.py:194} ERROR - ❌ Cape Town: 404 Client Error: Not Found for url: http://backend:8000/api/predict/flood/
[2026-03-23T22:23:36.761+0000] {climarisk_dag.py:194} ERROR - ❌ Nairobi: 404 Client Error: Not Found for url: http://backend:8000/api/predict/flood/
[2026-03-23T22:23:36.765+0000] {climarisk_dag.py:194} ERROR - ❌ Addis Ababa: 404 Client Error: Not Found for url: http://backend:8000/api/predict/flood/
[2026-03-23T22:23:36.769+0000] {climarisk_dag.py:194} ERROR - ❌ Dar es Salaam: 404 Client Error: Not Found for url: http://backend:8000/api/predict/flood/
[2026-03-23T22:23:36.773+0000] {climarisk_dag.py:194} ERROR - ❌ Accra: 404 Client Error: Not Found for url: http://backend:8000/api/predict/flood/
[2026-03-23T22:23:36.782+0000] {climarisk_dag.py:194} ERROR - ❌ Casablanca: 404 Client Error: Not Found for url: http://backend:8000/api/predict/flood/
[2026-03-23T22:23:36.787+0000] {climarisk_dag.py:194} ERROR - ❌ Mohammedia: 404 Client Error: Not Found for url: http://backend:8000/api/predict/flood/
[2026-03-23T22:23:36.790+0000] {climarisk_dag.py:194} ERROR - ❌ El Jadida: 404 Client Error: Not Found for url: http://backend:8000/api/predict/flood/
[2026-03-23T22:23:36.795+0000] {climarisk_dag.py:194} ERROR - ❌ Settat: 404 Client Error: Not Found for url: http://backend:8000/api/predict/flood/
[2026-03-23T22:23:36.800+0000] {climarisk_dag.py:194} ERROR - ❌ Berrechid: 404 Client Error: Not Found for url: http://backend:8000/api/predict/flood/
[2026-03-23T22:23:36.804+0000] {climarisk_dag.py:194} ERROR - ❌ Benslimane: 404 Client Error: Not Found for url: http://backend:8000/api/predict/flood/
[2026-03-23T22:23:36.807+0000] {climarisk_dag.py:194} ERROR - ❌ Sidi Bennour: 404 Client Error: Not Found for url: http://backend:8000/api/predict/flood/
[2026-03-23T22:23:36.811+0000] {climarisk_dag.py:194} ERROR - ❌ Azemmour: 404 Client Error: Not Found for url: http://backend:8000/api/predict/flood/
[2026-03-23T22:23:36.815+0000] {climarisk_dag.py:194} ERROR - ❌ Mediouna: 404 Client Error: Not Found for url: http://backend:8000/api/predict/flood/
[2026-03-23T22:23:36.819+0000] {climarisk_dag.py:194} ERROR - ❌ Nouaceur: 404 Client Error: Not Found for url: http://backend:8000/api/predict/flood/
[2026-03-23T22:23:36.823+0000] {climarisk_dag.py:194} ERROR - ❌ Rabat: 404 Client Error: Not Found for url: http://backend:8000/api/predict/flood/
[2026-03-23T22:23:36.827+0000] {climarisk_dag.py:194} ERROR - ❌ Salé: 404 Client Error: Not Found for url: http://backend:8000/api/predict/flood/
[2026-03-23T22:23:36.830+0000] {climarisk_dag.py:194} ERROR - ❌ Kénitra: 404 Client Error: Not Found for url: http://backend:8000/api/predict/flood/
[2026-03-23T22:23:36.834+0000] {climarisk_dag.py:194} ERROR - ❌ Témara: 404 Client Error: Not Found for url: http://backend:8000/api/predict/flood/
[2026-03-23T22:23:36.838+0000] {climarisk_dag.py:194} ERROR - ❌ Skhirat: 404 Client Error: Not Found for url: http://backend:8000/api/predict/flood/
[2026-03-23T22:23:36.842+0000] {climarisk_dag.py:194} ERROR - ❌ Tiflet: 404 Client Error: Not Found for url: http://backend:8000/api/predict/flood/
[2026-03-23T22:23:36.846+0000] {climarisk_dag.py:194} ERROR - ❌ Khémisset: 404 Client Error: Not Found for url: http://backend:8000/api/predict/flood/
[2026-03-23T22:23:36.849+0000] {climarisk_dag.py:194} ERROR - ❌ Sidi Slimane: 404 Client Error: Not Found for url: http://backend:8000/api/predict/flood/
[2026-03-23T22:23:36.852+0000] {climarisk_dag.py:194} ERROR - ❌ Sidi Kacem: 404 Client Error: Not Found for url: http://backend:8000/api/predict/flood/
[2026-03-23T22:23:36.856+0000] {climarisk_dag.py:194} ERROR - ❌ Souk el Arba: 404 Client Error: Not Found for url: http://backend:8000/api/predict/flood/
[2026-03-23T22:23:36.859+0000] {climarisk_dag.py:194} ERROR - ❌ Ouazzane: 404 Client Error: Not Found for url: http://backend:8000/api/predict/flood/
[2026-03-23T22:23:36.862+0000] {climarisk_dag.py:194} ERROR - ❌ Fès: 404 Client Error: Not Found for url: http://backend:8000/api/predict/flood/
[2026-03-23T22:23:36.867+0000] {climarisk_dag.py:194} ERROR - ❌ Meknès: 404 Client Error: Not Found for url: http://backend:8000/api/predict/flood/
[2026-03-23T22:23:36.871+0000] {climarisk_dag.py:194} ERROR - ❌ Ifrane: 404 Client Error: Not Found for url: http://backend:8000/api/predict/flood/
[2026-03-23T22:23:36.875+0000] {climarisk_dag.py:194} ERROR - ❌ Azrou: 404 Client Error: Not Found for url: http://backend:8000/api/predict/flood/
[2026-03-23T22:23:36.879+0000] {climarisk_dag.py:194} ERROR - ❌ Taounate: 404 Client Error: Not Found for url: http://backend:8000/api/predict/flood/
[2026-03-23T22:23:36.883+0000] {climarisk_dag.py:194} ERROR - ❌ Taza: 404 Client Error: Not Found for url: http://backend:8000/api/predict/flood/
[2026-03-23T22:23:36.887+0000] {climarisk_dag.py:194} ERROR - ❌ Sefrou: 404 Client Error: Not Found for url: http://backend:8000/api/predict/flood/
[2026-03-23T22:23:36.890+0000] {climarisk_dag.py:194} ERROR - ❌ Boulemane: 404 Client Error: Not Found for url: http://backend:8000/api/predict/flood/
[2026-03-23T22:23:36.894+0000] {climarisk_dag.py:194} ERROR - ❌ El Hajeb: 404 Client Error: Not Found for url: http://backend:8000/api/predict/flood/
[2026-03-23T22:23:36.898+0000] {climarisk_dag.py:194} ERROR - ❌ Missour: 404 Client Error: Not Found for url: http://backend:8000/api/predict/flood/
[2026-03-23T22:23:36.902+0000] {climarisk_dag.py:194} ERROR - ❌ Guercif: 404 Client Error: Not Found for url: http://backend:8000/api/predict/flood/
[2026-03-23T22:23:36.905+0000] {climarisk_dag.py:194} ERROR - ❌ Marrakech: 404 Client Error: Not Found for url: http://backend:8000/api/predict/flood/
[2026-03-23T22:23:36.908+0000] {climarisk_dag.py:194} ERROR - ❌ Safi: 404 Client Error: Not Found for url: http://backend:8000/api/predict/flood/
[2026-03-23T22:23:36.912+0000] {climarisk_dag.py:194} ERROR - ❌ Essaouira: 404 Client Error: Not Found for url: http://backend:8000/api/predict/flood/
[2026-03-23T22:23:36.915+0000] {climarisk_dag.py:194} ERROR - ❌ El Kelaa des Sraghna: 404 Client Error: Not Found for url: http://backend:8000/api/predict/flood/
[2026-03-23T22:23:36.919+0000] {climarisk_dag.py:194} ERROR - ❌ Chichaoua: 404 Client Error: Not Found for url: http://backend:8000/api/predict/flood/
[2026-03-23T22:23:36.922+0000] {climarisk_dag.py:194} ERROR - ❌ Youssoufia: 404 Client Error: Not Found for url: http://backend:8000/api/predict/flood/
[2026-03-23T22:23:36.924+0000] {climarisk_dag.py:194} ERROR - ❌ Ben Guerir: 404 Client Error: Not Found for url: http://backend:8000/api/predict/flood/
[2026-03-23T22:23:36.928+0000] {climarisk_dag.py:194} ERROR - ❌ Tahanaout: 404 Client Error: Not Found for url: http://backend:8000/api/predict/flood/
[2026-03-23T22:23:36.932+0000] {climarisk_dag.py:194} ERROR - ❌ Ait Ourir: 404 Client Error: Not Found for url: http://backend:8000/api/predict/flood/
[2026-03-23T22:23:36.935+0000] {climarisk_dag.py:194} ERROR - ❌ Demnate: 404 Client Error: Not Found for url: http://backend:8000/api/predict/flood/
[2026-03-23T22:23:36.938+0000] {climarisk_dag.py:194} ERROR - ❌ Tanger: 404 Client Error: Not Found for url: http://backend:8000/api/predict/flood/
[2026-03-23T22:23:36.941+0000] {climarisk_dag.py:194} ERROR - ❌ Tétouan: 404 Client Error: Not Found for url: http://backend:8000/api/predict/flood/
[2026-03-23T22:23:36.944+0000] {climarisk_dag.py:194} ERROR - ❌ Al Hoceïma: 404 Client Error: Not Found for url: http://backend:8000/api/predict/flood/
[2026-03-23T22:23:36.948+0000] {climarisk_dag.py:194} ERROR - ❌ Larache: 404 Client Error: Not Found for url: http://backend:8000/api/predict/flood/
[2026-03-23T22:23:36.952+0000] {climarisk_dag.py:194} ERROR - ❌ Chefchaouen: 404 Client Error: Not Found for url: http://backend:8000/api/predict/flood/
[2026-03-23T22:23:36.956+0000] {climarisk_dag.py:194} ERROR - ❌ Asilah: 404 Client Error: Not Found for url: http://backend:8000/api/predict/flood/
[2026-03-23T22:23:36.959+0000] {climarisk_dag.py:194} ERROR - ❌ Fnideq: 404 Client Error: Not Found for url: http://backend:8000/api/predict/flood/
[2026-03-23T22:23:36.962+0000] {climarisk_dag.py:194} ERROR - ❌ Martil: 404 Client Error: Not Found for url: http://backend:8000/api/predict/flood/
[2026-03-23T22:23:36.965+0000] {climarisk_dag.py:194} ERROR - ❌ Mdiq: 404 Client Error: Not Found for url: http://backend:8000/api/predict/flood/
[2026-03-23T22:23:36.968+0000] {climarisk_dag.py:194} ERROR - ❌ Ksar el Kebir: 404 Client Error: Not Found for url: http://backend:8000/api/predict/flood/
[2026-03-23T22:23:36.971+0000] {climarisk_dag.py:194} ERROR - ❌ Ouazzane: 404 Client Error: Not Found for url: http://backend:8000/api/predict/flood/
[2026-03-23T22:23:36.975+0000] {climarisk_dag.py:194} ERROR - ❌ Targuist: 404 Client Error: Not Found for url: http://backend:8000/api/predict/flood/
[2026-03-23T22:23:36.978+0000] {climarisk_dag.py:194} ERROR - ❌ Imzouren: 404 Client Error: Not Found for url: http://backend:8000/api/predict/flood/
[2026-03-23T22:23:36.981+0000] {climarisk_dag.py:194} ERROR - ❌ Beni Mellal-Khenifra: 404 Client Error: Not Found for url: http://backend:8000/api/predict/flood/
[2026-03-23T22:23:36.984+0000] {climarisk_dag.py:194} ERROR - ❌ Khénifra: 404 Client Error: Not Found for url: http://backend:8000/api/predict/flood/
[2026-03-23T22:23:36.987+0000] {climarisk_dag.py:194} ERROR - ❌ Azilal: 404 Client Error: Not Found for url: http://backend:8000/api/predict/flood/
[2026-03-23T22:23:36.990+0000] {climarisk_dag.py:194} ERROR - ❌ Nanjing: 404 Client Error: Not Found for url: http://backend:8000/api/predict/flood/
[2026-03-23T22:23:36.992+0000] {climarisk_dag.py:194} ERROR - ❌ Khouribga: 404 Client Error: Not Found for url: http://backend:8000/api/predict/flood/
[2026-03-23T22:23:36.996+0000] {climarisk_dag.py:194} ERROR - ❌ Fkih Ben Salah: 404 Client Error: Not Found for url: http://backend:8000/api/predict/flood/
[2026-03-23T22:23:36.999+0000] {climarisk_dag.py:194} ERROR - ❌ Souk Sebt: 404 Client Error: Not Found for url: http://backend:8000/api/predict/flood/
[2026-03-23T22:23:37.002+0000] {climarisk_dag.py:194} ERROR - ❌ Midelt: 404 Client Error: Not Found for url: http://backend:8000/api/predict/flood/
[2026-03-23T22:23:37.006+0000] {climarisk_dag.py:194} ERROR - ❌ Zaouiat Cheikh: 404 Client Error: Not Found for url: http://backend:8000/api/predict/flood/
[2026-03-23T22:23:37.009+0000] {climarisk_dag.py:194} ERROR - ❌ Oujda: 404 Client Error: Not Found for url: http://backend:8000/api/predict/flood/
[2026-03-23T22:23:37.012+0000] {climarisk_dag.py:194} ERROR - ❌ Nador: 404 Client Error: Not Found for url: http://backend:8000/api/predict/flood/
[2026-03-23T22:23:37.017+0000] {climarisk_dag.py:194} ERROR - ❌ Berkane: 404 Client Error: Not Found for url: http://backend:8000/api/predict/flood/
[2026-03-23T22:23:37.020+0000] {climarisk_dag.py:194} ERROR - ❌ Taourirt: 404 Client Error: Not Found for url: http://backend:8000/api/predict/flood/
[2026-03-23T22:23:37.023+0000] {climarisk_dag.py:194} ERROR - ❌ Jerada: 404 Client Error: Not Found for url: http://backend:8000/api/predict/flood/
[2026-03-23T22:23:37.026+0000] {climarisk_dag.py:194} ERROR - ❌ Figuig: 404 Client Error: Not Found for url: http://backend:8000/api/predict/flood/
[2026-03-23T22:23:37.030+0000] {climarisk_dag.py:194} ERROR - ❌ Bouarfa: 404 Client Error: Not Found for url: http://backend:8000/api/predict/flood/
[2026-03-23T22:23:37.034+0000] {climarisk_dag.py:194} ERROR - ❌ Selouane: 404 Client Error: Not Found for url: http://backend:8000/api/predict/flood/
[2026-03-23T22:23:37.064+0000] {climarisk_dag.py:194} ERROR - ❌ Zaio: 404 Client Error: Not Found for url: http://backend:8000/api/predict/flood/
[2026-03-23T22:23:37.068+0000] {climarisk_dag.py:194} ERROR - ❌ Agadir: 404 Client Error: Not Found for url: http://backend:8000/api/predict/flood/
[2026-03-23T22:23:37.072+0000] {climarisk_dag.py:194} ERROR - ❌ Inezgane: 404 Client Error: Not Found for url: http://backend:8000/api/predict/flood/
[2026-03-23T22:23:37.075+0000] {climarisk_dag.py:194} ERROR - ❌ Tiznit: 404 Client Error: Not Found for url: http://backend:8000/api/predict/flood/
[2026-03-23T22:23:37.078+0000] {climarisk_dag.py:194} ERROR - ❌ Taroudannt: 404 Client Error: Not Found for url: http://backend:8000/api/predict/flood/
[2026-03-23T22:23:37.081+0000] {climarisk_dag.py:194} ERROR - ❌ Ouarzazate: 404 Client Error: Not Found for url: http://backend:8000/api/predict/flood/
[2026-03-23T22:23:37.084+0000] {climarisk_dag.py:194} ERROR - ❌ Ait Melloul: 404 Client Error: Not Found for url: http://backend:8000/api/predict/flood/
[2026-03-23T22:23:37.087+0000] {climarisk_dag.py:194} ERROR - ❌ Biougra: 404 Client Error: Not Found for url: http://backend:8000/api/predict/flood/
[2026-03-23T22:23:37.090+0000] {climarisk_dag.py:194} ERROR - ❌ Chtouka Ait Baha: 404 Client Error: Not Found for url: http://backend:8000/api/predict/flood/
[2026-03-23T22:23:37.093+0000] {climarisk_dag.py:194} ERROR - ❌ Tata: 404 Client Error: Not Found for url: http://backend:8000/api/predict/flood/
[2026-03-23T22:23:37.096+0000] {climarisk_dag.py:194} ERROR - ❌ Sidi Ifni: 404 Client Error: Not Found for url: http://backend:8000/api/predict/flood/
[2026-03-23T22:23:37.100+0000] {climarisk_dag.py:194} ERROR - ❌ Massa: 404 Client Error: Not Found for url: http://backend:8000/api/predict/flood/
[2026-03-23T22:23:37.103+0000] {climarisk_dag.py:194} ERROR - ❌ Errachidia: 404 Client Error: Not Found for url: http://backend:8000/api/predict/flood/
[2026-03-23T22:23:37.107+0000] {climarisk_dag.py:194} ERROR - ❌ Zagora: 404 Client Error: Not Found for url: http://backend:8000/api/predict/flood/
[2026-03-23T22:23:37.110+0000] {climarisk_dag.py:194} ERROR - ❌ Tinghir: 404 Client Error: Not Found for url: http://backend:8000/api/predict/flood/
[2026-03-23T22:23:37.114+0000] {climarisk_dag.py:194} ERROR - ❌ Ouarzazate: 404 Client Error: Not Found for url: http://backend:8000/api/predict/flood/
[2026-03-23T22:23:37.117+0000] {climarisk_dag.py:194} ERROR - ❌ Rissani: 404 Client Error: Not Found for url: http://backend:8000/api/predict/flood/
[2026-03-23T22:23:37.122+0000] {climarisk_dag.py:194} ERROR - ❌ Erfoud: 404 Client Error: Not Found for url: http://backend:8000/api/predict/flood/
[2026-03-23T22:23:37.125+0000] {climarisk_dag.py:194} ERROR - ❌ Merzouga: 404 Client Error: Not Found for url: http://backend:8000/api/predict/flood/
[2026-03-23T22:23:37.129+0000] {climarisk_dag.py:194} ERROR - ❌ Alnif: 404 Client Error: Not Found for url: http://backend:8000/api/predict/flood/
[2026-03-23T22:23:37.133+0000] {climarisk_dag.py:194} ERROR - ❌ Goulmima: 404 Client Error: Not Found for url: http://backend:8000/api/predict/flood/
[2026-03-23T22:23:37.136+0000] {climarisk_dag.py:194} ERROR - ❌ Laâyoune: 404 Client Error: Not Found for url: http://backend:8000/api/predict/flood/
[2026-03-23T22:23:37.139+0000] {climarisk_dag.py:194} ERROR - ❌ Boujdour: 404 Client Error: Not Found for url: http://backend:8000/api/predict/flood/
[2026-03-23T22:23:37.145+0000] {climarisk_dag.py:194} ERROR - ❌ Tarfaya: 404 Client Error: Not Found for url: http://backend:8000/api/predict/flood/
[2026-03-23T22:23:37.151+0000] {climarisk_dag.py:194} ERROR - ❌ Smara: 404 Client Error: Not Found for url: http://backend:8000/api/predict/flood/
[2026-03-23T22:23:37.159+0000] {climarisk_dag.py:194} ERROR - ❌ El Marsa: 404 Client Error: Not Found for url: http://backend:8000/api/predict/flood/
[2026-03-23T22:23:37.163+0000] {climarisk_dag.py:194} ERROR - ❌ Dakhla: 404 Client Error: Not Found for url: http://backend:8000/api/predict/flood/
[2026-03-23T22:23:37.165+0000] {climarisk_dag.py:194} ERROR - ❌ Aousserd: 404 Client Error: Not Found for url: http://backend:8000/api/predict/flood/
[2026-03-23T22:23:37.169+0000] {climarisk_dag.py:194} ERROR - ❌ Guelmim: 404 Client Error: Not Found for url: http://backend:8000/api/predict/flood/
[2026-03-23T22:23:37.172+0000] {climarisk_dag.py:194} ERROR - ❌ Tan-Tan: 404 Client Error: Not Found for url: http://backend:8000/api/predict/flood/
[2026-03-23T22:23:37.176+0000] {climarisk_dag.py:194} ERROR - ❌ Assa: 404 Client Error: Not Found for url: http://backend:8000/api/predict/flood/
[2026-03-23T22:23:37.178+0000] {climarisk_dag.py:194} ERROR - ❌ Zag: 404 Client Error: Not Found for url: http://backend:8000/api/predict/flood/
[2026-03-23T22:23:37.182+0000] {climarisk_dag.py:194} ERROR - ❌ Sidi Ifni: 404 Client Error: Not Found for url: http://backend:8000/api/predict/flood/
[2026-03-23T22:23:37.185+0000] {climarisk_dag.py:194} ERROR - ❌ Tiznit: 404 Client Error: Not Found for url: http://backend:8000/api/predict/flood/
[2026-03-23T22:23:37.188+0000] {climarisk_dag.py:194} ERROR - ❌ Tunis: 404 Client Error: Not Found for url: http://backend:8000/api/predict/flood/
[2026-03-23T22:23:37.191+0000] {climarisk_dag.py:194} ERROR - ❌ Kampala: 404 Client Error: Not Found for url: http://backend:8000/api/predict/flood/
[2026-03-23T22:23:37.194+0000] {climarisk_dag.py:194} ERROR - ❌ Dakar: 404 Client Error: Not Found for url: http://backend:8000/api/predict/flood/
[2026-03-23T22:23:37.197+0000] {climarisk_dag.py:194} ERROR - ❌ Kinshasa: 404 Client Error: Not Found for url: http://backend:8000/api/predict/flood/
[2026-03-23T22:23:37.200+0000] {climarisk_dag.py:194} ERROR - ❌ Luanda: 404 Client Error: Not Found for url: http://backend:8000/api/predict/flood/
[2026-03-23T22:23:37.203+0000] {climarisk_dag.py:194} ERROR - ❌ Khartoum: 404 Client Error: Not Found for url: http://backend:8000/api/predict/flood/
[2026-03-23T22:23:37.205+0000] {climarisk_dag.py:194} ERROR - ❌ Harare: 404 Client Error: Not Found for url: http://backend:8000/api/predict/flood/
[2026-03-23T22:23:37.209+0000] {climarisk_dag.py:194} ERROR - ❌ Lusaka: 404 Client Error: Not Found for url: http://backend:8000/api/predict/flood/
[2026-03-23T22:23:37.212+0000] {climarisk_dag.py:194} ERROR - ❌ Maputo: 404 Client Error: Not Found for url: http://backend:8000/api/predict/flood/
[2026-03-23T22:23:37.215+0000] {climarisk_dag.py:194} ERROR - ❌ Antananarivo: 404 Client Error: Not Found for url: http://backend:8000/api/predict/flood/
[2026-03-23T22:23:37.218+0000] {climarisk_dag.py:194} ERROR - ❌ Abidjan: 404 Client Error: Not Found for url: http://backend:8000/api/predict/flood/
[2026-03-23T22:23:37.221+0000] {climarisk_dag.py:194} ERROR - ❌ Douala: 404 Client Error: Not Found for url: http://backend:8000/api/predict/flood/
[2026-03-23T22:23:37.224+0000] {climarisk_dag.py:194} ERROR - ❌ Niamey: 404 Client Error: Not Found for url: http://backend:8000/api/predict/flood/
[2026-03-23T22:23:37.227+0000] {climarisk_dag.py:194} ERROR - ❌ Ouagadougou: 404 Client Error: Not Found for url: http://backend:8000/api/predict/flood/
[2026-03-23T22:23:37.231+0000] {climarisk_dag.py:194} ERROR - ❌ Bamako: 404 Client Error: Not Found for url: http://backend:8000/api/predict/flood/
[2026-03-23T22:23:37.235+0000] {climarisk_dag.py:194} ERROR - ❌ Windhoek: 404 Client Error: Not Found for url: http://backend:8000/api/predict/flood/
[2026-03-23T22:23:37.237+0000] {climarisk_dag.py:194} ERROR - ❌ Port Harcourt: 404 Client Error: Not Found for url: http://backend:8000/api/predict/flood/
[2026-03-23T22:23:37.241+0000] {climarisk_dag.py:194} ERROR - ❌ Warri: 404 Client Error: Not Found for url: http://backend:8000/api/predict/flood/
[2026-03-23T22:23:37.244+0000] {climarisk_dag.py:194} ERROR - ❌ Calabar: 404 Client Error: Not Found for url: http://backend:8000/api/predict/flood/
[2026-03-23T22:23:37.247+0000] {climarisk_dag.py:194} ERROR - ❌ Beijing: 404 Client Error: Not Found for url: http://backend:8000/api/predict/flood/
[2026-03-23T22:23:37.250+0000] {climarisk_dag.py:194} ERROR - ❌ Shanghai: 404 Client Error: Not Found for url: http://backend:8000/api/predict/flood/
[2026-03-23T22:23:37.253+0000] {climarisk_dag.py:194} ERROR - ❌ Guangzhou: 404 Client Error: Not Found for url: http://backend:8000/api/predict/flood/
[2026-03-23T22:23:37.256+0000] {climarisk_dag.py:194} ERROR - ❌ Chengdu: 404 Client Error: Not Found for url: http://backend:8000/api/predict/flood/
[2026-03-23T22:23:37.259+0000] {climarisk_dag.py:194} ERROR - ❌ Wuhan: 404 Client Error: Not Found for url: http://backend:8000/api/predict/flood/
[2026-03-23T22:23:37.264+0000] {climarisk_dag.py:194} ERROR - ❌ Chongqing: 404 Client Error: Not Found for url: http://backend:8000/api/predict/flood/
[2026-03-23T22:23:37.270+0000] {climarisk_dag.py:194} ERROR - ❌ Zhengzhou: 404 Client Error: Not Found for url: http://backend:8000/api/predict/flood/
[2026-03-23T22:23:37.274+0000] {climarisk_dag.py:194} ERROR - ❌ Changsha: 404 Client Error: Not Found for url: http://backend:8000/api/predict/flood/
[2026-03-23T22:23:37.280+0000] {climarisk_dag.py:194} ERROR - ❌ Nanchang: 404 Client Error: Not Found for url: http://backend:8000/api/predict/flood/
[2026-03-23T22:23:37.289+0000] {climarisk_dag.py:194} ERROR - ❌ Yichang: 404 Client Error: Not Found for url: http://backend:8000/api/predict/flood/
[2026-03-23T22:23:37.293+0000] {climarisk_dag.py:194} ERROR - ❌ Haikou: 404 Client Error: Not Found for url: http://backend:8000/api/predict/flood/
[2026-03-23T22:23:37.295+0000] {climarisk_dag.py:194} ERROR - ❌ Hong Kong: 404 Client Error: Not Found for url: http://backend:8000/api/predict/flood/
[2026-03-23T22:23:37.298+0000] {climarisk_dag.py:194} ERROR - ❌ Taipei: 404 Client Error: Not Found for url: http://backend:8000/api/predict/flood/
[2026-03-23T22:23:37.302+0000] {climarisk_dag.py:194} ERROR - ❌ Kaohsiung: 404 Client Error: Not Found for url: http://backend:8000/api/predict/flood/
[2026-03-23T22:23:37.306+0000] {climarisk_dag.py:194} ERROR - ❌ Mumbai: 404 Client Error: Not Found for url: http://backend:8000/api/predict/flood/
[2026-03-23T22:23:37.309+0000] {climarisk_dag.py:194} ERROR - ❌ Delhi: 404 Client Error: Not Found for url: http://backend:8000/api/predict/flood/
[2026-03-23T22:23:37.312+0000] {climarisk_dag.py:194} ERROR - ❌ Bangalore: 404 Client Error: Not Found for url: http://backend:8000/api/predict/flood/
[2026-03-23T22:23:37.316+0000] {climarisk_dag.py:194} ERROR - ❌ Chennai: 404 Client Error: Not Found for url: http://backend:8000/api/predict/flood/
[2026-03-23T22:23:37.319+0000] {climarisk_dag.py:194} ERROR - ❌ Kolkata: 404 Client Error: Not Found for url: http://backend:8000/api/predict/flood/
[2026-03-23T22:23:37.322+0000] {climarisk_dag.py:194} ERROR - ❌ Patna: 404 Client Error: Not Found for url: http://backend:8000/api/predict/flood/
[2026-03-23T22:23:37.325+0000] {climarisk_dag.py:194} ERROR - ❌ Guwahati: 404 Client Error: Not Found for url: http://backend:8000/api/predict/flood/
[2026-03-23T22:23:37.328+0000] {climarisk_dag.py:194} ERROR - ❌ Varanasi: 404 Client Error: Not Found for url: http://backend:8000/api/predict/flood/
[2026-03-23T22:23:37.331+0000] {climarisk_dag.py:194} ERROR - ❌ Muzaffarpur: 404 Client Error: Not Found for url: http://backend:8000/api/predict/flood/
[2026-03-23T22:23:37.334+0000] {climarisk_dag.py:194} ERROR - ❌ Visakhapatnam: 404 Client Error: Not Found for url: http://backend:8000/api/predict/flood/
[2026-03-23T22:23:37.337+0000] {climarisk_dag.py:194} ERROR - ❌ Vijayawada: 404 Client Error: Not Found for url: http://backend:8000/api/predict/flood/
[2026-03-23T22:23:37.340+0000] {climarisk_dag.py:194} ERROR - ❌ Tokyo: 404 Client Error: Not Found for url: http://backend:8000/api/predict/flood/
[2026-03-23T22:23:37.343+0000] {climarisk_dag.py:194} ERROR - ❌ Osaka: 404 Client Error: Not Found for url: http://backend:8000/api/predict/flood/
[2026-03-23T22:23:37.347+0000] {climarisk_dag.py:194} ERROR - ❌ Sapporo: 404 Client Error: Not Found for url: http://backend:8000/api/predict/flood/
[2026-03-23T22:23:37.350+0000] {climarisk_dag.py:194} ERROR - ❌ Naha: 404 Client Error: Not Found for url: http://backend:8000/api/predict/flood/
[2026-03-23T22:23:37.353+0000] {climarisk_dag.py:194} ERROR - ❌ Seoul: 404 Client Error: Not Found for url: http://backend:8000/api/predict/flood/
[2026-03-23T22:23:37.356+0000] {climarisk_dag.py:194} ERROR - ❌ Busan: 404 Client Error: Not Found for url: http://backend:8000/api/predict/flood/
[2026-03-23T22:23:37.359+0000] {climarisk_dag.py:194} ERROR - ❌ Bangkok: 404 Client Error: Not Found for url: http://backend:8000/api/predict/flood/
[2026-03-23T22:23:37.362+0000] {climarisk_dag.py:194} ERROR - ❌ Chiang Mai: 404 Client Error: Not Found for url: http://backend:8000/api/predict/flood/
[2026-03-23T22:23:37.365+0000] {climarisk_dag.py:194} ERROR - ❌ Jakarta: 404 Client Error: Not Found for url: http://backend:8000/api/predict/flood/
[2026-03-23T22:23:37.369+0000] {climarisk_dag.py:194} ERROR - ❌ Surabaya: 404 Client Error: Not Found for url: http://backend:8000/api/predict/flood/
[2026-03-23T22:23:37.372+0000] {climarisk_dag.py:194} ERROR - ❌ Medan: 404 Client Error: Not Found for url: http://backend:8000/api/predict/flood/
[2026-03-23T22:23:37.375+0000] {climarisk_dag.py:194} ERROR - ❌ Manila: 404 Client Error: Not Found for url: http://backend:8000/api/predict/flood/
[2026-03-23T22:23:37.377+0000] {climarisk_dag.py:194} ERROR - ❌ Cebu: 404 Client Error: Not Found for url: http://backend:8000/api/predict/flood/
[2026-03-23T22:23:37.380+0000] {climarisk_dag.py:194} ERROR - ❌ Tacloban: 404 Client Error: Not Found for url: http://backend:8000/api/predict/flood/
[2026-03-23T22:23:37.383+0000] {climarisk_dag.py:194} ERROR - ❌ Legazpi: 404 Client Error: Not Found for url: http://backend:8000/api/predict/flood/
[2026-03-23T22:23:37.386+0000] {climarisk_dag.py:194} ERROR - ❌ Zamboanga: 404 Client Error: Not Found for url: http://backend:8000/api/predict/flood/
[2026-03-23T22:23:37.389+0000] {climarisk_dag.py:194} ERROR - ❌ Kuala Lumpur: 404 Client Error: Not Found for url: http://backend:8000/api/predict/flood/
[2026-03-23T22:23:37.392+0000] {climarisk_dag.py:194} ERROR - ❌ Singapore: 404 Client Error: Not Found for url: http://backend:8000/api/predict/flood/
[2026-03-23T22:23:37.395+0000] {climarisk_dag.py:194} ERROR - ❌ Ho Chi Minh City: 404 Client Error: Not Found for url: http://backend:8000/api/predict/flood/
[2026-03-23T22:23:37.398+0000] {climarisk_dag.py:194} ERROR - ❌ Hanoi: 404 Client Error: Not Found for url: http://backend:8000/api/predict/flood/
[2026-03-23T22:23:37.401+0000] {climarisk_dag.py:194} ERROR - ❌ Da Nang: 404 Client Error: Not Found for url: http://backend:8000/api/predict/flood/
[2026-03-23T22:23:37.404+0000] {climarisk_dag.py:194} ERROR - ❌ Can Tho: 404 Client Error: Not Found for url: http://backend:8000/api/predict/flood/
[2026-03-23T22:23:37.407+0000] {climarisk_dag.py:194} ERROR - ❌ My Tho: 404 Client Error: Not Found for url: http://backend:8000/api/predict/flood/
[2026-03-23T22:23:37.410+0000] {climarisk_dag.py:194} ERROR - ❌ Dhaka: 404 Client Error: Not Found for url: http://backend:8000/api/predict/flood/
[2026-03-23T22:23:37.413+0000] {climarisk_dag.py:194} ERROR - ❌ Chittagong: 404 Client Error: Not Found for url: http://backend:8000/api/predict/flood/
[2026-03-23T22:23:37.416+0000] {climarisk_dag.py:194} ERROR - ❌ Sylhet: 404 Client Error: Not Found for url: http://backend:8000/api/predict/flood/
[2026-03-23T22:23:37.419+0000] {climarisk_dag.py:194} ERROR - ❌ Khulna: 404 Client Error: Not Found for url: http://backend:8000/api/predict/flood/
[2026-03-23T22:23:37.422+0000] {climarisk_dag.py:194} ERROR - ❌ Cox's Bazar: 404 Client Error: Not Found for url: http://backend:8000/api/predict/flood/
[2026-03-23T22:23:37.425+0000] {climarisk_dag.py:194} ERROR - ❌ Karachi: 404 Client Error: Not Found for url: http://backend:8000/api/predict/flood/
[2026-03-23T22:23:37.428+0000] {climarisk_dag.py:194} ERROR - ❌ Lahore: 404 Client Error: Not Found for url: http://backend:8000/api/predict/flood/
[2026-03-23T22:23:37.431+0000] {climarisk_dag.py:194} ERROR - ❌ Colombo: 404 Client Error: Not Found for url: http://backend:8000/api/predict/flood/
[2026-03-23T22:23:37.434+0000] {climarisk_dag.py:194} ERROR - ❌ Kathmandu: 404 Client Error: Not Found for url: http://backend:8000/api/predict/flood/
[2026-03-23T22:23:37.437+0000] {climarisk_dag.py:194} ERROR - ❌ Yangon: 404 Client Error: Not Found for url: http://backend:8000/api/predict/flood/
[2026-03-23T22:23:37.441+0000] {climarisk_dag.py:194} ERROR - ❌ Sittwe: 404 Client Error: Not Found for url: http://backend:8000/api/predict/flood/
[2026-03-23T22:23:37.444+0000] {climarisk_dag.py:194} ERROR - ❌ Phnom Penh: 404 Client Error: Not Found for url: http://backend:8000/api/predict/flood/
[2026-03-23T22:23:37.446+0000] {climarisk_dag.py:194} ERROR - ❌ Riyadh: 404 Client Error: Not Found for url: http://backend:8000/api/predict/flood/
[2026-03-23T22:23:37.449+0000] {climarisk_dag.py:194} ERROR - ❌ Dubai: 404 Client Error: Not Found for url: http://backend:8000/api/predict/flood/
[2026-03-23T22:23:37.452+0000] {climarisk_dag.py:194} ERROR - ❌ Tehran: 404 Client Error: Not Found for url: http://backend:8000/api/predict/flood/
[2026-03-23T22:23:37.455+0000] {climarisk_dag.py:194} ERROR - ❌ Istanbul: 404 Client Error: Not Found for url: http://backend:8000/api/predict/flood/
[2026-03-23T22:23:37.458+0000] {climarisk_dag.py:194} ERROR - ❌ Ankara: 404 Client Error: Not Found for url: http://backend:8000/api/predict/flood/
[2026-03-23T22:23:37.461+0000] {climarisk_dag.py:194} ERROR - ❌ Baghdad: 404 Client Error: Not Found for url: http://backend:8000/api/predict/flood/
[2026-03-23T22:23:37.464+0000] {climarisk_dag.py:194} ERROR - ❌ Baku: 404 Client Error: Not Found for url: http://backend:8000/api/predict/flood/
[2026-03-23T22:23:37.467+0000] {climarisk_dag.py:194} ERROR - ❌ Tashkent: 404 Client Error: Not Found for url: http://backend:8000/api/predict/flood/
[2026-03-23T22:23:37.470+0000] {climarisk_dag.py:194} ERROR - ❌ Almaty: 404 Client Error: Not Found for url: http://backend:8000/api/predict/flood/
[2026-03-23T22:23:37.473+0000] {climarisk_dag.py:194} ERROR - ❌ Guam: 404 Client Error: Not Found for url: http://backend:8000/api/predict/flood/
[2026-03-23T22:23:37.476+0000] {climarisk_dag.py:194} ERROR - ❌ Paris: 404 Client Error: Not Found for url: http://backend:8000/api/predict/flood/
[2026-03-23T22:23:37.479+0000] {climarisk_dag.py:194} ERROR - ❌ Lyon: 404 Client Error: Not Found for url: http://backend:8000/api/predict/flood/
[2026-03-23T22:23:37.481+0000] {climarisk_dag.py:194} ERROR - ❌ Marseille: 404 Client Error: Not Found for url: http://backend:8000/api/predict/flood/
[2026-03-23T22:23:37.484+0000] {climarisk_dag.py:194} ERROR - ❌ Toulouse: 404 Client Error: Not Found for url: http://backend:8000/api/predict/flood/
[2026-03-23T22:23:37.487+0000] {climarisk_dag.py:194} ERROR - ❌ Bordeaux: 404 Client Error: Not Found for url: http://backend:8000/api/predict/flood/
[2026-03-23T22:23:37.490+0000] {climarisk_dag.py:194} ERROR - ❌ Nantes: 404 Client Error: Not Found for url: http://backend:8000/api/predict/flood/
[2026-03-23T22:23:37.493+0000] {climarisk_dag.py:194} ERROR - ❌ Strasbourg: 404 Client Error: Not Found for url: http://backend:8000/api/predict/flood/
[2026-03-23T22:23:37.496+0000] {climarisk_dag.py:194} ERROR - ❌ Lille: 404 Client Error: Not Found for url: http://backend:8000/api/predict/flood/
[2026-03-23T22:23:37.500+0000] {climarisk_dag.py:194} ERROR - ❌ Montpellier: 404 Client Error: Not Found for url: http://backend:8000/api/predict/flood/
[2026-03-23T22:23:37.503+0000] {climarisk_dag.py:194} ERROR - ❌ Nice: 404 Client Error: Not Found for url: http://backend:8000/api/predict/flood/
[2026-03-23T22:23:37.505+0000] {climarisk_dag.py:194} ERROR - ❌ London: 404 Client Error: Not Found for url: http://backend:8000/api/predict/flood/
[2026-03-23T22:23:37.508+0000] {climarisk_dag.py:194} ERROR - ❌ Birmingham: 404 Client Error: Not Found for url: http://backend:8000/api/predict/flood/
[2026-03-23T22:23:37.511+0000] {climarisk_dag.py:194} ERROR - ❌ Manchester: 404 Client Error: Not Found for url: http://backend:8000/api/predict/flood/
[2026-03-23T22:23:37.514+0000] {climarisk_dag.py:194} ERROR - ❌ Berlin: 404 Client Error: Not Found for url: http://backend:8000/api/predict/flood/
[2026-03-23T22:23:37.517+0000] {climarisk_dag.py:194} ERROR - ❌ Hamburg: 404 Client Error: Not Found for url: http://backend:8000/api/predict/flood/
[2026-03-23T22:23:37.519+0000] {climarisk_dag.py:194} ERROR - ❌ Munich: 404 Client Error: Not Found for url: http://backend:8000/api/predict/flood/
[2026-03-23T22:23:37.522+0000] {climarisk_dag.py:194} ERROR - ❌ Frankfurt: 404 Client Error: Not Found for url: http://backend:8000/api/predict/flood/
[2026-03-23T22:23:37.525+0000] {climarisk_dag.py:194} ERROR - ❌ Madrid: 404 Client Error: Not Found for url: http://backend:8000/api/predict/flood/
[2026-03-23T22:23:37.528+0000] {climarisk_dag.py:194} ERROR - ❌ Barcelona: 404 Client Error: Not Found for url: http://backend:8000/api/predict/flood/
[2026-03-23T22:23:37.531+0000] {climarisk_dag.py:194} ERROR - ❌ Valencia: 404 Client Error: Not Found for url: http://backend:8000/api/predict/flood/
[2026-03-23T22:23:37.533+0000] {climarisk_dag.py:194} ERROR - ❌ Malaga: 404 Client Error: Not Found for url: http://backend:8000/api/predict/flood/
[2026-03-23T22:23:37.537+0000] {climarisk_dag.py:194} ERROR - ❌ Rome: 404 Client Error: Not Found for url: http://backend:8000/api/predict/flood/
[2026-03-23T22:23:37.540+0000] {climarisk_dag.py:194} ERROR - ❌ Milan: 404 Client Error: Not Found for url: http://backend:8000/api/predict/flood/
[2026-03-23T22:23:37.543+0000] {climarisk_dag.py:194} ERROR - ❌ Palermo: 404 Client Error: Not Found for url: http://backend:8000/api/predict/flood/
[2026-03-23T22:23:37.545+0000] {climarisk_dag.py:194} ERROR - ❌ Amsterdam: 404 Client Error: Not Found for url: http://backend:8000/api/predict/flood/
[2026-03-23T22:23:37.548+0000] {climarisk_dag.py:194} ERROR - ❌ Brussels: 404 Client Error: Not Found for url: http://backend:8000/api/predict/flood/
[2026-03-23T22:23:37.551+0000] {climarisk_dag.py:194} ERROR - ❌ Vienna: 404 Client Error: Not Found for url: http://backend:8000/api/predict/flood/
[2026-03-23T22:23:37.554+0000] {climarisk_dag.py:194} ERROR - ❌ Zurich: 404 Client Error: Not Found for url: http://backend:8000/api/predict/flood/
[2026-03-23T22:23:37.557+0000] {climarisk_dag.py:194} ERROR - ❌ Stockholm: 404 Client Error: Not Found for url: http://backend:8000/api/predict/flood/
[2026-03-23T22:23:37.559+0000] {climarisk_dag.py:194} ERROR - ❌ Oslo: 404 Client Error: Not Found for url: http://backend:8000/api/predict/flood/
[2026-03-23T22:23:37.562+0000] {climarisk_dag.py:194} ERROR - ❌ Copenhagen: 404 Client Error: Not Found for url: http://backend:8000/api/predict/flood/
[2026-03-23T22:23:37.565+0000] {climarisk_dag.py:194} ERROR - ❌ Helsinki: 404 Client Error: Not Found for url: http://backend:8000/api/predict/flood/
[2026-03-23T22:23:37.568+0000] {climarisk_dag.py:194} ERROR - ❌ Warsaw: 404 Client Error: Not Found for url: http://backend:8000/api/predict/flood/
[2026-03-23T22:23:37.571+0000] {climarisk_dag.py:194} ERROR - ❌ Prague: 404 Client Error: Not Found for url: http://backend:8000/api/predict/flood/
[2026-03-23T22:23:37.574+0000] {climarisk_dag.py:194} ERROR - ❌ Budapest: 404 Client Error: Not Found for url: http://backend:8000/api/predict/flood/
[2026-03-23T22:23:37.577+0000] {climarisk_dag.py:194} ERROR - ❌ Bucharest: 404 Client Error: Not Found for url: http://backend:8000/api/predict/flood/
[2026-03-23T22:23:37.580+0000] {climarisk_dag.py:194} ERROR - ❌ Athens: 404 Client Error: Not Found for url: http://backend:8000/api/predict/flood/
[2026-03-23T22:23:37.583+0000] {climarisk_dag.py:194} ERROR - ❌ Thessaloniki: 404 Client Error: Not Found for url: http://backend:8000/api/predict/flood/
[2026-03-23T22:23:37.587+0000] {climarisk_dag.py:194} ERROR - ❌ Lisbon: 404 Client Error: Not Found for url: http://backend:8000/api/predict/flood/
[2026-03-23T22:23:37.590+0000] {climarisk_dag.py:194} ERROR - ❌ Moscow: 404 Client Error: Not Found for url: http://backend:8000/api/predict/flood/
[2026-03-23T22:23:37.593+0000] {climarisk_dag.py:194} ERROR - ❌ Saint Petersburg: 404 Client Error: Not Found for url: http://backend:8000/api/predict/flood/
[2026-03-23T22:23:37.596+0000] {climarisk_dag.py:194} ERROR - ❌ Krasnoyarsk: 404 Client Error: Not Found for url: http://backend:8000/api/predict/flood/
[2026-03-23T22:23:37.599+0000] {climarisk_dag.py:194} ERROR - ❌ Irkutsk: 404 Client Error: Not Found for url: http://backend:8000/api/predict/flood/
[2026-03-23T22:23:37.601+0000] {climarisk_dag.py:194} ERROR - ❌ Yakutsk: 404 Client Error: Not Found for url: http://backend:8000/api/predict/flood/
[2026-03-23T22:23:37.605+0000] {climarisk_dag.py:194} ERROR - ❌ Khabarovsk: 404 Client Error: Not Found for url: http://backend:8000/api/predict/flood/
[2026-03-23T22:23:37.608+0000] {climarisk_dag.py:194} ERROR - ❌ Kyiv: 404 Client Error: Not Found for url: http://backend:8000/api/predict/flood/
[2026-03-23T22:23:37.611+0000] {climarisk_dag.py:194} ERROR - ❌ New York: 404 Client Error: Not Found for url: http://backend:8000/api/predict/flood/
[2026-03-23T22:23:37.615+0000] {climarisk_dag.py:194} ERROR - ❌ Los Angeles: 404 Client Error: Not Found for url: http://backend:8000/api/predict/flood/
[2026-03-23T22:23:37.618+0000] {climarisk_dag.py:194} ERROR - ❌ Chicago: 404 Client Error: Not Found for url: http://backend:8000/api/predict/flood/
[2026-03-23T22:23:37.621+0000] {climarisk_dag.py:194} ERROR - ❌ Houston: 404 Client Error: Not Found for url: http://backend:8000/api/predict/flood/
[2026-03-23T22:23:37.624+0000] {climarisk_dag.py:194} ERROR - ❌ Miami: 404 Client Error: Not Found for url: http://backend:8000/api/predict/flood/
[2026-03-23T22:23:37.626+0000] {climarisk_dag.py:194} ERROR - ❌ New Orleans: 404 Client Error: Not Found for url: http://backend:8000/api/predict/flood/
[2026-03-23T22:23:37.629+0000] {climarisk_dag.py:194} ERROR - ❌ Seattle: 404 Client Error: Not Found for url: http://backend:8000/api/predict/flood/
[2026-03-23T22:23:37.632+0000] {climarisk_dag.py:194} ERROR - ❌ Sacramento: 404 Client Error: Not Found for url: http://backend:8000/api/predict/flood/
[2026-03-23T22:23:37.634+0000] {climarisk_dag.py:194} ERROR - ❌ Fresno: 404 Client Error: Not Found for url: http://backend:8000/api/predict/flood/
[2026-03-23T22:23:37.638+0000] {climarisk_dag.py:194} ERROR - ❌ Redding: 404 Client Error: Not Found for url: http://backend:8000/api/predict/flood/
[2026-03-23T22:23:37.641+0000] {climarisk_dag.py:194} ERROR - ❌ Memphis: 404 Client Error: Not Found for url: http://backend:8000/api/predict/flood/
[2026-03-23T22:23:37.644+0000] {climarisk_dag.py:194} ERROR - ❌ Toronto: 404 Client Error: Not Found for url: http://backend:8000/api/predict/flood/
[2026-03-23T22:23:37.646+0000] {climarisk_dag.py:194} ERROR - ❌ Montreal: 404 Client Error: Not Found for url: http://backend:8000/api/predict/flood/
[2026-03-23T22:23:37.649+0000] {climarisk_dag.py:194} ERROR - ❌ Vancouver: 404 Client Error: Not Found for url: http://backend:8000/api/predict/flood/
[2026-03-23T22:23:37.652+0000] {climarisk_dag.py:194} ERROR - ❌ Mexico City: 404 Client Error: Not Found for url: http://backend:8000/api/predict/flood/
[2026-03-23T22:23:37.655+0000] {climarisk_dag.py:194} ERROR - ❌ Veracruz: 404 Client Error: Not Found for url: http://backend:8000/api/predict/flood/
[2026-03-23T22:23:37.658+0000] {climarisk_dag.py:194} ERROR - ❌ Cancún: 404 Client Error: Not Found for url: http://backend:8000/api/predict/flood/
[2026-03-23T22:23:37.661+0000] {climarisk_dag.py:194} ERROR - ❌ São Paulo: 404 Client Error: Not Found for url: http://backend:8000/api/predict/flood/
[2026-03-23T22:23:37.663+0000] {climarisk_dag.py:194} ERROR - ❌ Rio de Janeiro: 404 Client Error: Not Found for url: http://backend:8000/api/predict/flood/
[2026-03-23T22:23:37.666+0000] {climarisk_dag.py:194} ERROR - ❌ Belém: 404 Client Error: Not Found for url: http://backend:8000/api/predict/flood/
[2026-03-23T22:23:37.668+0000] {climarisk_dag.py:194} ERROR - ❌ Marabá: 404 Client Error: Not Found for url: http://backend:8000/api/predict/flood/
[2026-03-23T22:23:37.671+0000] {climarisk_dag.py:194} ERROR - ❌ Sinop: 404 Client Error: Not Found for url: http://backend:8000/api/predict/flood/
[2026-03-23T22:23:37.674+0000] {climarisk_dag.py:194} ERROR - ❌ Porto Velho: 404 Client Error: Not Found for url: http://backend:8000/api/predict/flood/
[2026-03-23T22:23:37.677+0000] {climarisk_dag.py:194} ERROR - ❌ Buenos Aires: 404 Client Error: Not Found for url: http://backend:8000/api/predict/flood/
[2026-03-23T22:23:37.679+0000] {climarisk_dag.py:194} ERROR - ❌ Lima: 404 Client Error: Not Found for url: http://backend:8000/api/predict/flood/
[2026-03-23T22:23:37.683+0000] {climarisk_dag.py:194} ERROR - ❌ Bogotá: 404 Client Error: Not Found for url: http://backend:8000/api/predict/flood/
[2026-03-23T22:23:37.686+0000] {climarisk_dag.py:194} ERROR - ❌ Santiago: 404 Client Error: Not Found for url: http://backend:8000/api/predict/flood/
[2026-03-23T22:23:37.690+0000] {climarisk_dag.py:194} ERROR - ❌ Port-au-Prince: 404 Client Error: Not Found for url: http://backend:8000/api/predict/flood/
[2026-03-23T22:23:37.693+0000] {climarisk_dag.py:194} ERROR - ❌ San Juan: 404 Client Error: Not Found for url: http://backend:8000/api/predict/flood/
[2026-03-23T22:23:37.695+0000] {climarisk_dag.py:194} ERROR - ❌ Kingston: 404 Client Error: Not Found for url: http://backend:8000/api/predict/flood/
[2026-03-23T22:23:37.698+0000] {climarisk_dag.py:194} ERROR - ❌ Port of Spain: 404 Client Error: Not Found for url: http://backend:8000/api/predict/flood/
[2026-03-23T22:23:37.701+0000] {climarisk_dag.py:194} ERROR - ❌ Sydney: 404 Client Error: Not Found for url: http://backend:8000/api/predict/flood/
[2026-03-23T22:23:37.704+0000] {climarisk_dag.py:194} ERROR - ❌ Melbourne: 404 Client Error: Not Found for url: http://backend:8000/api/predict/flood/
[2026-03-23T22:23:37.707+0000] {climarisk_dag.py:194} ERROR - ❌ Brisbane: 404 Client Error: Not Found for url: http://backend:8000/api/predict/flood/
[2026-03-23T22:23:37.710+0000] {climarisk_dag.py:194} ERROR - ❌ Darwin: 404 Client Error: Not Found for url: http://backend:8000/api/predict/flood/
[2026-03-23T22:23:37.713+0000] {climarisk_dag.py:194} ERROR - ❌ Alice Springs: 404 Client Error: Not Found for url: http://backend:8000/api/predict/flood/
[2026-03-23T22:23:37.715+0000] {climarisk_dag.py:194} ERROR - ❌ Cairns: 404 Client Error: Not Found for url: http://backend:8000/api/predict/flood/
[2026-03-23T22:23:37.718+0000] {climarisk_dag.py:194} ERROR - ❌ Auckland: 404 Client Error: Not Found for url: http://backend:8000/api/predict/flood/
[2026-03-23T22:23:37.722+0000] {climarisk_dag.py:194} ERROR - ❌ Port Moresby: 404 Client Error: Not Found for url: http://backend:8000/api/predict/flood/
[2026-03-23T22:23:37.723+0000] {climarisk_dag.py:201} INFO - ✅ Done: 0 OK, 291 errors, 1.0s
[2026-03-23T22:23:37.770+0000] {taskinstance.py:441} INFO - ::group::Post task execution logs
[2026-03-23T22:23:37.772+0000] {taskinstance.py:2905} ERROR - Task failed with exception
Traceback (most recent call last):
  File "/home/airflow/.local/lib/python3.12/site-packages/airflow/models/taskinstance.py", line 465, in _execute_task
    result = _execute_callable(context=context, **execute_callable_kwargs)
             ^^^^^^^^^^^^^^^^^^^^^^^^^^^^^^^^^^^^^^^^^^^^^^^^^^^^^^^^^^^^^
  File "/home/airflow/.local/lib/python3.12/site-packages/airflow/models/taskinstance.py", line 432, in _execute_callable
    return execute_callable(context=context, **execute_callable_kwargs)
           ^^^^^^^^^^^^^^^^^^^^^^^^^^^^^^^^^^^^^^^^^^^^^^^^^^^^^^^^^^^^
  File "/home/airflow/.local/lib/python3.12/site-packages/airflow/models/baseoperator.py", line 400, in wrapper
    return func(self, *args, **kwargs)
           ^^^^^^^^^^^^^^^^^^^^^^^^^^^
  File "/home/airflow/.local/lib/python3.12/site-packages/airflow/operators/python.py", line 235, in execute
    return_value = self.execute_callable()
                   ^^^^^^^^^^^^^^^^^^^^^^^
  File "/home/airflow/.local/lib/python3.12/site-packages/airflow/operators/python.py", line 252, in execute_callable
    return self.python_callable(*self.op_args, **self.op_kwargs)
           ^^^^^^^^^^^^^^^^^^^^^^^^^^^^^^^^^^^^^^^^^^^^^^^^^^^^^
  File "/opt/airflow/dags/climarisk_dag.py", line 210, in predict_all_zones
    raise Exception(f"{errors} zone(s) failed — check logs above")
Exception: 291 zone(s) failed — check logs above
[2026-03-23T22:23:37.802+0000] {taskinstance.py:1206} INFO - Marking task as UP_FOR_RETRY. dag_id=***_predictions, task_id=predict_all_zones, run_id=scheduled__2026-03-23T22:22:00+00:00, execution_date=20260323T222200, start_date=20260323T222336, end_date=20260323T222337
[2026-03-23T22:23:37.825+0000] {standard_task_runner.py:110} ERROR - Failed to execute job 280 for task predict_all_zones (291 zone(s) failed — check logs above; 6886)
[2026-03-23T22:23:37.841+0000] {local_task_job_runner.py:240} INFO - Task exited with return code 1
[2026-03-23T22:23:37.880+0000] {taskinstance.py:3498} INFO - 0 downstream tasks scheduled from follow-on schedule check
[2026-03-23T22:23:37.884+0000] {local_task_job_runner.py:222} INFO - ::endgroup::
