[2026-03-26T10:11:12.389+0000] {local_task_job_runner.py:120} INFO - ::group::Pre task execution logs
[2026-03-26T10:11:12.425+0000] {taskinstance.py:2076} INFO - Dependencies all met for dep_context=non-requeueable deps ti=<TaskInstance: climarisk_predictions.predict_all_zones scheduled__2026-03-26T05:00:00+00:00 [queued]>
[2026-03-26T10:11:12.432+0000] {taskinstance.py:2076} INFO - Dependencies all met for dep_context=requeueable deps ti=<TaskInstance: climarisk_predictions.predict_all_zones scheduled__2026-03-26T05:00:00+00:00 [queued]>
[2026-03-26T10:11:12.433+0000] {taskinstance.py:2306} INFO - Starting attempt 2 of 2
[2026-03-26T10:11:12.446+0000] {taskinstance.py:2330} INFO - Executing <Task(PythonOperator): predict_all_zones> on 2026-03-26 05:00:00+00:00
[2026-03-26T10:11:12.453+0000] {logging_mixin.py:188} WARNING - /home/airflow/.local/lib/python3.12/site-packages/airflow/task/task_runner/standard_task_runner.py:61 DeprecationWarning: This process (pid=5396) is multi-threaded, use of fork() may lead to deadlocks in the child.
[2026-03-26T10:11:12.454+0000] {standard_task_runner.py:63} INFO - Started process 5397 to run task
[2026-03-26T10:11:12.453+0000] {standard_task_runner.py:90} INFO - Running: ['airflow', 'tasks', 'run', '***_predictions', 'predict_all_zones', 'scheduled__2026-03-26T05:00:00+00:00', '--job-id', '608', '--raw', '--subdir', 'DAGS_FOLDER/***_dag.py', '--cfg-path', '/tmp/tmpoe080n3w']
[2026-03-26T10:11:12.455+0000] {standard_task_runner.py:91} INFO - Job 608: Subtask predict_all_zones
[2026-03-26T10:11:12.536+0000] {task_command.py:426} INFO - Running <TaskInstance: climarisk_predictions.predict_all_zones scheduled__2026-03-26T05:00:00+00:00 [running]> on host 6146f0e8983c
[2026-03-26T10:11:12.649+0000] {taskinstance.py:2648} INFO - Exporting env vars: AIRFLOW_CTX_DAG_OWNER='***' AIRFLOW_CTX_DAG_ID='***_predictions' AIRFLOW_CTX_TASK_ID='predict_all_zones' AIRFLOW_CTX_EXECUTION_DATE='2026-03-26T05:00:00+00:00' AIRFLOW_CTX_TRY_NUMBER='2' AIRFLOW_CTX_DAG_RUN_ID='scheduled__2026-03-26T05:00:00+00:00'
[2026-03-26T10:11:12.650+0000] {taskinstance.py:430} INFO - ::endgroup::
[2026-03-26T10:11:12.914+0000] {climarisk_dag.py:135} INFO - ✅ Alger: flood=LOW(0.10) fire=LOW(0.05)
[2026-03-26T10:11:14.849+0000] {climarisk_dag.py:135} INFO - ✅ Cairo: flood=LOW(0.14) fire=LOW(0.22)
[2026-03-26T10:11:16.686+0000] {climarisk_dag.py:135} INFO - ✅ Lagos: flood=MEDIUM(0.54) fire=LOW(0.05)
[2026-03-26T10:11:18.581+0000] {climarisk_dag.py:135} INFO - ✅ Kano: flood=LOW(0.07) fire=MEDIUM(0.32)
[2026-03-26T10:11:20.488+0000] {climarisk_dag.py:135} INFO - ✅ Abuja: flood=LOW(0.11) fire=LOW(0.05)
[2026-03-26T10:11:22.016+0000] {climarisk_dag.py:135} INFO - ✅ Johannesburg: flood=LOW(0.05) fire=LOW(0.05)
[2026-03-26T10:11:23.543+0000] {climarisk_dag.py:135} INFO - ✅ Cape Town: flood=LOW(0.26) fire=LOW(0.07)
[2026-03-26T10:11:25.066+0000] {climarisk_dag.py:135} INFO - ✅ Nairobi: flood=LOW(0.09) fire=LOW(0.08)
[2026-03-26T10:11:26.592+0000] {climarisk_dag.py:135} INFO - ✅ Addis Ababa: flood=LOW(0.09) fire=LOW(0.05)
[2026-03-26T10:11:28.121+0000] {climarisk_dag.py:135} INFO - ✅ Dar es Salaam: flood=MEDIUM(0.32) fire=LOW(0.05)
[2026-03-26T10:11:29.652+0000] {climarisk_dag.py:135} INFO - ✅ Accra: flood=LOW(0.15) fire=LOW(0.13)
[2026-03-26T10:11:31.185+0000] {climarisk_dag.py:135} INFO - ✅ Casablanca: flood=LOW(0.15) fire=LOW(0.07)
[2026-03-26T10:11:32.713+0000] {climarisk_dag.py:135} INFO - ✅ Mohammedia: flood=LOW(0.15) fire=LOW(0.07)
[2026-03-26T10:11:34.243+0000] {climarisk_dag.py:135} INFO - ✅ El Jadida: flood=LOW(0.15) fire=LOW(0.07)
[2026-03-26T10:11:34.272+0000] {climarisk_dag.py:135} INFO - ✅ Settat: flood=LOW(0.15) fire=LOW(0.05)
[2026-03-26T10:11:35.800+0000] {climarisk_dag.py:135} INFO - ✅ Berrechid: flood=LOW(0.13) fire=LOW(0.05)
[2026-03-26T10:11:37.328+0000] {climarisk_dag.py:135} INFO - ✅ Benslimane: flood=LOW(0.14) fire=LOW(0.05)
[2026-03-26T10:11:38.858+0000] {climarisk_dag.py:135} INFO - ✅ Sidi Bennour: flood=LOW(0.11) fire=LOW(0.06)
[2026-03-26T10:11:40.386+0000] {climarisk_dag.py:135} INFO - ✅ Azemmour: flood=LOW(0.15) fire=LOW(0.07)
[2026-03-26T10:11:41.917+0000] {climarisk_dag.py:135} INFO - ✅ Mediouna: flood=LOW(0.11) fire=LOW(0.06)
[2026-03-26T10:11:43.450+0000] {climarisk_dag.py:135} INFO - ✅ Nouaceur: flood=LOW(0.12) fire=LOW(0.06)
[2026-03-26T10:11:44.978+0000] {climarisk_dag.py:135} INFO - ✅ Rabat: flood=LOW(0.15) fire=LOW(0.07)
[2026-03-26T10:11:46.503+0000] {climarisk_dag.py:135} INFO - ✅ Salé: flood=LOW(0.15) fire=LOW(0.07)
[2026-03-26T10:11:48.035+0000] {climarisk_dag.py:135} INFO - ✅ Kénitra: flood=LOW(0.15) fire=LOW(0.07)
[2026-03-26T10:11:49.561+0000] {climarisk_dag.py:135} INFO - ✅ Témara: flood=LOW(0.15) fire=LOW(0.06)
[2026-03-26T10:11:51.084+0000] {climarisk_dag.py:135} INFO - ✅ Skhirat: flood=LOW(0.15) fire=LOW(0.06)
[2026-03-26T10:11:52.614+0000] {climarisk_dag.py:135} INFO - ✅ Tiflet: flood=LOW(0.07) fire=LOW(0.07)
[2026-03-26T10:11:54.140+0000] {climarisk_dag.py:135} INFO - ✅ Khémisset: flood=LOW(0.03) fire=LOW(0.06)
[2026-03-26T10:11:55.667+0000] {climarisk_dag.py:135} INFO - ✅ Sidi Slimane: flood=LOW(0.15) fire=LOW(0.06)
[2026-03-26T10:11:57.197+0000] {climarisk_dag.py:135} INFO - ✅ Sidi Kacem: flood=LOW(0.15) fire=LOW(0.06)
[2026-03-26T10:11:58.728+0000] {climarisk_dag.py:135} INFO - ✅ Souk el Arba: flood=LOW(0.15) fire=LOW(0.06)
[2026-03-26T10:12:00.252+0000] {climarisk_dag.py:135} INFO - ✅ Ouazzane: flood=LOW(0.04) fire=LOW(0.05)
[2026-03-26T10:12:01.788+0000] {climarisk_dag.py:135} INFO - ✅ Fès: flood=LOW(0.03) fire=LOW(0.05)
[2026-03-26T10:12:01.829+0000] {climarisk_dag.py:135} INFO - ✅ Meknès: flood=LOW(0.03) fire=LOW(0.06)
[2026-03-26T10:12:03.364+0000] {climarisk_dag.py:135} INFO - ✅ Ifrane: flood=LOW(0.02) fire=LOW(0.05)
[2026-03-26T10:12:04.887+0000] {climarisk_dag.py:135} INFO - ✅ Azrou: flood=LOW(0.02) fire=LOW(0.05)
[2026-03-26T10:12:06.418+0000] {climarisk_dag.py:135} INFO - ✅ Taounate: flood=LOW(0.05) fire=LOW(0.05)
[2026-03-26T10:12:07.954+0000] {climarisk_dag.py:135} INFO - ✅ Taza: flood=LOW(0.04) fire=LOW(0.05)
[2026-03-26T10:12:09.483+0000] {climarisk_dag.py:135} INFO - ✅ Sefrou: flood=LOW(0.02) fire=LOW(0.05)
[2026-03-26T10:12:11.020+0000] {climarisk_dag.py:135} INFO - ✅ Boulemane: flood=LOW(0.03) fire=LOW(0.05)
[2026-03-26T10:12:12.551+0000] {climarisk_dag.py:135} INFO - ✅ El Hajeb: flood=LOW(0.02) fire=LOW(0.05)
[2026-03-26T10:12:14.091+0000] {climarisk_dag.py:135} INFO - ✅ Missour: flood=LOW(0.03) fire=LOW(0.05)
[2026-03-26T10:12:15.621+0000] {climarisk_dag.py:135} INFO - ✅ Guercif: flood=LOW(0.07) fire=LOW(0.05)
[2026-03-26T10:12:17.146+0000] {climarisk_dag.py:135} INFO - ✅ Marrakech: flood=LOW(0.04) fire=LOW(0.05)
[2026-03-26T10:12:18.674+0000] {climarisk_dag.py:135} INFO - ✅ Safi: flood=LOW(0.15) fire=LOW(0.07)
[2026-03-26T10:12:20.597+0000] {climarisk_dag.py:135} INFO - ✅ Essaouira: flood=LOW(0.15) fire=LOW(0.07)
[2026-03-26T10:12:22.131+0000] {climarisk_dag.py:135} INFO - ✅ El Kelaa des Sraghna: flood=LOW(0.06) fire=LOW(0.07)
[2026-03-26T10:12:23.664+0000] {climarisk_dag.py:135} INFO - ✅ Chichaoua: flood=LOW(0.17) fire=LOW(0.08)
[2026-03-26T10:12:25.203+0000] {climarisk_dag.py:135} INFO - ✅ Youssoufia: flood=LOW(0.15) fire=LOW(0.06)
[2026-03-26T10:12:26.734+0000] {climarisk_dag.py:135} INFO - ✅ Ben Guerir: flood=LOW(0.05) fire=LOW(0.05)
[2026-03-26T10:12:28.271+0000] {climarisk_dag.py:135} INFO - ✅ Tahanaout: flood=LOW(0.01) fire=LOW(0.05)
[2026-03-26T10:12:29.799+0000] {climarisk_dag.py:135} INFO - ✅ Ait Ourir: flood=LOW(0.04) fire=LOW(0.05)
[2026-03-26T10:12:31.328+0000] {climarisk_dag.py:135} INFO - ✅ Demnate: flood=LOW(0.02) fire=LOW(0.05)
[2026-03-26T10:12:31.377+0000] {climarisk_dag.py:135} INFO - ✅ Tanger: flood=LOW(0.15) fire=LOW(0.06)
[2026-03-26T10:12:32.913+0000] {climarisk_dag.py:135} INFO - ✅ Tétouan: flood=LOW(0.11) fire=LOW(0.05)
[2026-03-26T10:12:34.439+0000] {climarisk_dag.py:135} INFO - ✅ Al Hoceïma: flood=LOW(0.15) fire=LOW(0.05)
[2026-03-26T10:12:35.965+0000] {climarisk_dag.py:135} INFO - ✅ Larache: flood=LOW(0.15) fire=LOW(0.15)
[2026-03-26T10:12:37.503+0000] {climarisk_dag.py:135} INFO - ✅ Chefchaouen: flood=LOW(0.07) fire=LOW(0.08)
[2026-03-26T10:12:39.046+0000] {climarisk_dag.py:135} INFO - ✅ Asilah: flood=LOW(0.15) fire=LOW(0.09)
[2026-03-26T10:12:40.574+0000] {climarisk_dag.py:135} INFO - ✅ Fnideq: flood=LOW(0.11) fire=LOW(0.06)
[2026-03-26T10:12:42.102+0000] {climarisk_dag.py:135} INFO - ✅ Martil: flood=LOW(0.11) fire=LOW(0.06)
[2026-03-26T10:12:43.628+0000] {climarisk_dag.py:135} INFO - ✅ Mdiq: flood=LOW(0.14) fire=LOW(0.06)
[2026-03-26T10:12:45.165+0000] {climarisk_dag.py:135} INFO - ✅ Ksar el Kebir: flood=LOW(0.15) fire=LOW(0.06)
[2026-03-26T10:12:46.698+0000] {climarisk_dag.py:135} INFO - ✅ Ouazzane: flood=LOW(0.04) fire=LOW(0.05)
[2026-03-26T10:12:48.238+0000] {climarisk_dag.py:135} INFO - ✅ Targuist: flood=LOW(0.02) fire=LOW(0.05)
[2026-03-26T10:12:50.106+0000] {climarisk_dag.py:135} INFO - ✅ Imzouren: flood=LOW(0.15) fire=LOW(0.05)
[2026-03-26T10:12:51.647+0000] {climarisk_dag.py:135} INFO - ✅ Beni Mellal-Khenifra: flood=LOW(0.08) fire=LOW(0.05)
[2026-03-26T10:12:53.221+0000] {climarisk_dag.py:135} INFO - ✅ Khénifra: flood=LOW(0.01) fire=LOW(0.05)
[2026-03-26T10:12:54.753+0000] {climarisk_dag.py:135} INFO - ✅ Azilal: flood=LOW(0.02) fire=LOW(0.05)
[2026-03-26T10:12:56.277+0000] {climarisk_dag.py:135} INFO - ✅ Nanjing: flood=LOW(0.15) fire=LOW(0.08)
[2026-03-26T10:12:57.836+0000] {climarisk_dag.py:135} INFO - ✅ Khouribga: flood=LOW(0.07) fire=LOW(0.05)
[2026-03-26T10:12:59.377+0000] {climarisk_dag.py:135} INFO - ✅ Fkih Ben Salah: flood=LOW(0.05) fire=LOW(0.05)
[2026-03-26T10:12:59.418+0000] {climarisk_dag.py:135} INFO - ✅ Souk Sebt: flood=LOW(0.06) fire=LOW(0.05)
[2026-03-26T10:13:00.948+0000] {climarisk_dag.py:135} INFO - ✅ Midelt: flood=LOW(0.02) fire=LOW(0.05)
[2026-03-26T10:13:02.474+0000] {climarisk_dag.py:135} INFO - ✅ Zaouiat Cheikh: flood=LOW(0.06) fire=LOW(0.05)
[2026-03-26T10:13:04.005+0000] {climarisk_dag.py:135} INFO - ✅ Oujda: flood=LOW(0.04) fire=LOW(0.05)
[2026-03-26T10:13:05.538+0000] {climarisk_dag.py:135} INFO - ✅ Nador: flood=LOW(0.16) fire=LOW(0.06)
[2026-03-26T10:13:07.066+0000] {climarisk_dag.py:135} INFO - ✅ Berkane: flood=LOW(0.04) fire=LOW(0.05)
[2026-03-26T10:13:08.612+0000] {climarisk_dag.py:135} INFO - ✅ Taourirt: flood=LOW(0.08) fire=LOW(0.05)
[2026-03-26T10:13:10.155+0000] {climarisk_dag.py:135} INFO - ✅ Jerada: flood=LOW(0.02) fire=LOW(0.05)
[2026-03-26T10:13:11.691+0000] {climarisk_dag.py:135} INFO - ✅ Figuig: flood=LOW(0.03) fire=LOW(0.05)
[2026-03-26T10:13:13.224+0000] {climarisk_dag.py:135} INFO - ✅ Bouarfa: flood=LOW(0.04) fire=LOW(0.05)
[2026-03-26T10:13:14.763+0000] {climarisk_dag.py:135} INFO - ✅ Selouane: flood=LOW(0.15) fire=LOW(0.05)
[2026-03-26T10:13:16.289+0000] {climarisk_dag.py:135} INFO - ✅ Zaio: flood=LOW(0.05) fire=LOW(0.05)
[2026-03-26T10:13:17.821+0000] {climarisk_dag.py:135} INFO - ✅ Agadir: flood=LOW(0.15) fire=LOW(0.07)
[2026-03-26T10:13:19.616+0000] {climarisk_dag.py:135} INFO - ✅ Inezgane: flood=LOW(0.15) fire=LOW(0.07)
[2026-03-26T10:13:21.147+0000] {climarisk_dag.py:135} INFO - ✅ Tiznit: flood=LOW(0.14) fire=LOW(0.07)
[2026-03-26T10:13:22.673+0000] {climarisk_dag.py:135} INFO - ✅ Taroudannt: flood=LOW(0.07) fire=LOW(0.05)
[2026-03-26T10:13:24.207+0000] {climarisk_dag.py:135} INFO - ✅ Ouarzazate: flood=LOW(0.02) fire=LOW(0.05)
[2026-03-26T10:13:25.733+0000] {climarisk_dag.py:135} INFO - ✅ Ait Melloul: flood=LOW(0.13) fire=LOW(0.07)
[2026-03-26T10:13:27.259+0000] {climarisk_dag.py:135} INFO - ✅ Biougra: flood=LOW(0.03) fire=LOW(0.07)
[2026-03-26T10:13:28.123+0000] {climarisk_dag.py:135} INFO - ✅ Chtouka Ait Baha: flood=LOW(0.04) fire=LOW(0.05)
[2026-03-26T10:13:28.812+0000] {climarisk_dag.py:135} INFO - ✅ Tata: flood=LOW(0.04) fire=LOW(0.06)
[2026-03-26T10:13:30.337+0000] {climarisk_dag.py:135} INFO - ✅ Sidi Ifni: flood=LOW(0.15) fire=LOW(0.07)
[2026-03-26T10:13:31.872+0000] {climarisk_dag.py:135} INFO - ✅ Massa: flood=LOW(0.15) fire=LOW(0.07)
[2026-03-26T10:13:33.405+0000] {climarisk_dag.py:135} INFO - ✅ Errachidia: flood=LOW(0.02) fire=LOW(0.05)
[2026-03-26T10:13:34.951+0000] {climarisk_dag.py:135} INFO - ✅ Zagora: flood=LOW(0.05) fire=LOW(0.05)
[2026-03-26T10:13:36.491+0000] {climarisk_dag.py:135} INFO - ✅ Tinghir: flood=LOW(0.01) fire=LOW(0.05)
[2026-03-26T10:13:38.046+0000] {climarisk_dag.py:135} INFO - ✅ Ouarzazate: flood=LOW(0.02) fire=LOW(0.05)
[2026-03-26T10:13:39.608+0000] {climarisk_dag.py:135} INFO - ✅ Rissani: flood=LOW(0.05) fire=LOW(0.05)
[2026-03-26T10:13:41.142+0000] {climarisk_dag.py:135} INFO - ✅ Erfoud: flood=LOW(0.02) fire=LOW(0.05)
[2026-03-26T10:13:42.678+0000] {climarisk_dag.py:135} INFO - ✅ Merzouga: flood=LOW(0.05) fire=LOW(0.05)
[2026-03-26T10:13:44.220+0000] {climarisk_dag.py:135} INFO - ✅ Alnif: flood=LOW(0.02) fire=LOW(0.05)
[2026-03-26T10:13:45.771+0000] {climarisk_dag.py:135} INFO - ✅ Goulmima: flood=LOW(0.02) fire=LOW(0.05)
[2026-03-26T10:13:47.332+0000] {climarisk_dag.py:135} INFO - ✅ Laâyoune: flood=LOW(0.15) fire=LOW(0.08)
[2026-03-26T10:13:49.131+0000] {climarisk_dag.py:135} INFO - ✅ Boujdour: flood=LOW(0.15) fire=LOW(0.08)
[2026-03-26T10:13:50.661+0000] {climarisk_dag.py:135} INFO - ✅ Tarfaya: flood=LOW(0.15) fire=LOW(0.08)
[2026-03-26T10:13:52.188+0000] {climarisk_dag.py:135} INFO - ✅ Smara: flood=LOW(0.04) fire=LOW(0.10)
[2026-03-26T10:13:53.716+0000] {climarisk_dag.py:135} INFO - ✅ El Marsa: flood=LOW(0.15) fire=LOW(0.08)
[2026-03-26T10:13:55.247+0000] {climarisk_dag.py:135} INFO - ✅ Dakhla: flood=LOW(0.15) fire=LOW(0.08)
[2026-03-26T10:13:56.780+0000] {climarisk_dag.py:135} INFO - ✅ Aousserd: flood=LOW(0.13) fire=LOW(0.29)
[2026-03-26T10:13:56.820+0000] {climarisk_dag.py:135} INFO - ✅ Guelmim: flood=LOW(0.06) fire=LOW(0.07)
[2026-03-26T10:13:58.354+0000] {climarisk_dag.py:135} INFO - ✅ Tan-Tan: flood=LOW(0.15) fire=LOW(0.08)
[2026-03-26T10:13:59.877+0000] {climarisk_dag.py:135} INFO - ✅ Assa: flood=LOW(0.08) fire=LOW(0.05)
[2026-03-26T10:14:01.414+0000] {climarisk_dag.py:135} INFO - ✅ Zag: flood=LOW(0.03) fire=LOW(0.09)
[2026-03-26T10:14:02.950+0000] {climarisk_dag.py:135} INFO - ✅ Sidi Ifni: flood=LOW(0.15) fire=LOW(0.07)
[2026-03-26T10:14:04.485+0000] {climarisk_dag.py:135} INFO - ✅ Tiznit: flood=LOW(0.14) fire=LOW(0.07)
[2026-03-26T10:14:06.021+0000] {climarisk_dag.py:135} INFO - ✅ Tunis: flood=LOW(0.13) fire=LOW(0.05)
[2026-03-26T10:14:07.561+0000] {climarisk_dag.py:135} INFO - ✅ Kampala: flood=LOW(0.09) fire=LOW(0.05)
[2026-03-26T10:14:09.092+0000] {climarisk_dag.py:135} INFO - ✅ Dakar: flood=LOW(0.15) fire=LOW(0.09)
[2026-03-26T10:14:10.624+0000] {climarisk_dag.py:135} INFO - ✅ Kinshasa: flood=LOW(0.18) fire=LOW(0.05)
[2026-03-26T10:14:12.156+0000] {climarisk_dag.py:135} INFO - ✅ Luanda: flood=LOW(0.15) fire=LOW(0.13)
[2026-03-26T10:14:13.693+0000] {climarisk_dag.py:135} INFO - ✅ Khartoum: flood=LOW(0.15) fire=MEDIUM(0.34)
[2026-03-26T10:14:15.216+0000] {climarisk_dag.py:135} INFO - ✅ Harare: flood=LOW(0.03) fire=LOW(0.10)
[2026-03-26T10:14:16.759+0000] {climarisk_dag.py:135} INFO - ✅ Lusaka: flood=LOW(0.03) fire=LOW(0.09)
[2026-03-26T10:14:18.641+0000] {climarisk_dag.py:135} INFO - ✅ Maputo: flood=LOW(0.27) fire=LOW(0.05)
[2026-03-26T10:14:20.188+0000] {climarisk_dag.py:135} INFO - ✅ Antananarivo: flood=LOW(0.03) fire=LOW(0.08)
[2026-03-26T10:14:21.720+0000] {climarisk_dag.py:135} INFO - ✅ Abidjan: flood=LOW(0.15) fire=LOW(0.13)
[2026-03-26T10:14:23.258+0000] {climarisk_dag.py:135} INFO - ✅ Douala: flood=MEDIUM(0.33) fire=LOW(0.05)
[2026-03-26T10:14:24.787+0000] {climarisk_dag.py:135} INFO - ✅ Niamey: flood=LOW(0.29) fire=LOW(0.15)
[2026-03-26T10:14:24.818+0000] {climarisk_dag.py:135} INFO - ✅ Ouagadougou: flood=LOW(0.23) fire=LOW(0.16)
[2026-03-26T10:14:26.359+0000] {climarisk_dag.py:135} INFO - ✅ Bamako: flood=LOW(0.15) fire=LOW(0.26)
[2026-03-26T10:14:27.916+0000] {climarisk_dag.py:135} INFO - ✅ Windhoek: flood=LOW(0.04) fire=LOW(0.10)
[2026-03-26T10:14:29.447+0000] {climarisk_dag.py:135} INFO - ✅ Port Harcourt: flood=MEDIUM(0.50) fire=LOW(0.05)
[2026-03-26T10:14:30.979+0000] {climarisk_dag.py:135} INFO - ✅ Warri: flood=MEDIUM(0.54) fire=LOW(0.05)
[2026-03-26T10:14:32.524+0000] {climarisk_dag.py:135} INFO - ✅ Calabar: flood=MEDIUM(0.49) fire=LOW(0.05)
[2026-03-26T10:14:34.051+0000] {climarisk_dag.py:135} INFO - ✅ Beijing: flood=LOW(0.15) fire=LOW(0.08)
[2026-03-26T10:14:35.593+0000] {climarisk_dag.py:135} INFO - ✅ Shanghai: flood=MEDIUM(0.51) fire=LOW(0.05)
[2026-03-26T10:14:37.123+0000] {climarisk_dag.py:135} INFO - ✅ Guangzhou: flood=MEDIUM(0.38) fire=LOW(0.05)
[2026-03-26T10:14:38.653+0000] {climarisk_dag.py:135} INFO - ✅ Chengdu: flood=LOW(0.09) fire=LOW(0.05)
[2026-03-26T10:14:40.179+0000] {climarisk_dag.py:135} INFO - ✅ Wuhan: flood=MEDIUM(0.30) fire=LOW(0.07)
[2026-03-26T10:14:41.706+0000] {climarisk_dag.py:135} INFO - ✅ Chongqing: flood=LOW(0.16) fire=LOW(0.05)
[2026-03-26T10:14:43.287+0000] {climarisk_dag.py:135} INFO - ✅ Zhengzhou: flood=LOW(0.15) fire=LOW(0.09)
[2026-03-26T10:14:44.822+0000] {climarisk_dag.py:135} INFO - ✅ Changsha: flood=MEDIUM(0.40) fire=LOW(0.05)
[2026-03-26T10:14:46.355+0000] {climarisk_dag.py:135} INFO - ✅ Nanchang: flood=MEDIUM(0.51) fire=LOW(0.07)
[2026-03-26T10:14:48.139+0000] {climarisk_dag.py:135} INFO - ✅ Yichang: flood=LOW(0.15) fire=LOW(0.06)
[2026-03-26T10:14:49.668+0000] {climarisk_dag.py:135} INFO - ✅ Haikou: flood=LOW(0.15) fire=LOW(0.12)
[2026-03-26T10:14:51.204+0000] {climarisk_dag.py:135} INFO - ✅ Hong Kong: flood=LOW(0.15) fire=LOW(0.11)
[2026-03-26T10:14:52.730+0000] {climarisk_dag.py:135} INFO - ✅ Taipei: flood=LOW(0.15) fire=LOW(0.09)
[2026-03-26T10:14:54.262+0000] {climarisk_dag.py:135} INFO - ✅ Kaohsiung: flood=HIGH(0.84) fire=LOW(0.05)
[2026-03-26T10:14:54.303+0000] {climarisk_dag.py:135} INFO - ✅ Mumbai: flood=LOW(0.15) fire=LOW(0.13)
[2026-03-26T10:14:55.832+0000] {climarisk_dag.py:135} INFO - ✅ Delhi: flood=LOW(0.09) fire=LOW(0.18)
[2026-03-26T10:14:57.362+0000] {climarisk_dag.py:135} INFO - ✅ Bangalore: flood=LOW(0.06) fire=LOW(0.05)
[2026-03-26T10:14:58.900+0000] {climarisk_dag.py:135} INFO - ✅ Chennai: flood=LOW(0.15) fire=LOW(0.13)
[2026-03-26T10:15:00.426+0000] {climarisk_dag.py:135} INFO - ✅ Kolkata: flood=LOW(0.15) fire=LOW(0.12)
[2026-03-26T10:15:01.961+0000] {climarisk_dag.py:135} INFO - ✅ Patna: flood=LOW(0.15) fire=LOW(0.14)
[2026-03-26T10:15:03.489+0000] {climarisk_dag.py:135} INFO - ✅ Guwahati: flood=MEDIUM(0.34) fire=LOW(0.05)
[2026-03-26T10:15:05.027+0000] {climarisk_dag.py:135} INFO - ✅ Varanasi: flood=LOW(0.15) fire=LOW(0.14)
[2026-03-26T10:15:06.556+0000] {climarisk_dag.py:135} INFO - ✅ Muzaffarpur: flood=LOW(0.15) fire=LOW(0.11)
[2026-03-26T10:15:08.083+0000] {climarisk_dag.py:135} INFO - ✅ Visakhapatnam: flood=LOW(0.15) fire=LOW(0.13)
[2026-03-26T10:15:09.614+0000] {climarisk_dag.py:135} INFO - ✅ Vijayawada: flood=LOW(0.15) fire=LOW(0.13)
[2026-03-26T10:15:11.154+0000] {climarisk_dag.py:135} INFO - ✅ Tokyo: flood=MEDIUM(0.45) fire=LOW(0.05)
[2026-03-26T10:15:12.698+0000] {climarisk_dag.py:135} INFO - ✅ Osaka: flood=MEDIUM(0.36) fire=LOW(0.05)
[2026-03-26T10:15:14.226+0000] {climarisk_dag.py:135} INFO - ✅ Sapporo: flood=MEDIUM(0.38) fire=LOW(0.05)
[2026-03-26T10:15:15.767+0000] {climarisk_dag.py:135} INFO - ✅ Naha: flood=LOW(0.15) fire=LOW(0.10)
[2026-03-26T10:15:17.653+0000] {climarisk_dag.py:135} INFO - ✅ Seoul: flood=LOW(0.15) fire=LOW(0.05)
[2026-03-26T10:15:19.181+0000] {climarisk_dag.py:135} INFO - ✅ Busan: flood=LOW(0.15) fire=LOW(0.05)
[2026-03-26T10:15:20.703+0000] {climarisk_dag.py:135} INFO - ✅ Bangkok: flood=LOW(0.15) fire=LOW(0.14)
[2026-03-26T10:15:22.238+0000] {climarisk_dag.py:135} INFO - ✅ Chiang Mai: flood=LOW(0.15) fire=LOW(0.24)
[2026-03-26T10:15:22.266+0000] {climarisk_dag.py:135} INFO - ✅ Jakarta: flood=CRITICAL(0.97) fire=LOW(0.05)
[2026-03-26T10:15:23.793+0000] {climarisk_dag.py:135} INFO - ✅ Surabaya: flood=CRITICAL(0.97) fire=LOW(0.05)
[2026-03-26T10:15:25.360+0000] {climarisk_dag.py:135} INFO - ✅ Medan: flood=MEDIUM(0.55) fire=LOW(0.05)
[2026-03-26T10:15:26.906+0000] {climarisk_dag.py:135} INFO - ✅ Manila: flood=LOW(0.15) fire=LOW(0.14)
[2026-03-26T10:15:28.445+0000] {climarisk_dag.py:135} INFO - ✅ Cebu: flood=MEDIUM(0.54) fire=LOW(0.05)
[2026-03-26T10:15:29.974+0000] {climarisk_dag.py:135} INFO - ✅ Tacloban: flood=MEDIUM(0.41) fire=LOW(0.05)
[2026-03-26T10:15:31.503+0000] {climarisk_dag.py:135} INFO - ✅ Legazpi: flood=LOW(0.15) fire=LOW(0.11)
[2026-03-26T10:15:33.025+0000] {climarisk_dag.py:135} INFO - ✅ Zamboanga: flood=CRITICAL(0.94) fire=LOW(0.05)
[2026-03-26T10:15:34.555+0000] {climarisk_dag.py:135} INFO - ✅ Kuala Lumpur: flood=LOW(0.15) fire=LOW(0.14)
[2026-03-26T10:15:36.087+0000] {climarisk_dag.py:135} INFO - ✅ Singapore: flood=LOW(0.15) fire=LOW(0.14)
[2026-03-26T10:15:37.623+0000] {climarisk_dag.py:135} INFO - ✅ Ho Chi Minh City: flood=LOW(0.15) fire=LOW(0.12)
[2026-03-26T10:15:39.155+0000] {climarisk_dag.py:135} INFO - ✅ Hanoi: flood=LOW(0.15) fire=LOW(0.12)
[2026-03-26T10:15:40.680+0000] {climarisk_dag.py:135} INFO - ✅ Da Nang: flood=LOW(0.15) fire=LOW(0.11)
[2026-03-26T10:15:42.208+0000] {climarisk_dag.py:135} INFO - ✅ Can Tho: flood=LOW(0.15) fire=LOW(0.12)
[2026-03-26T10:15:43.738+0000] {climarisk_dag.py:135} INFO - ✅ My Tho: flood=LOW(0.15) fire=LOW(0.12)
[2026-03-26T10:15:45.273+0000] {climarisk_dag.py:135} INFO - ✅ Dhaka: flood=HIGH(0.75) fire=LOW(0.05)
[2026-03-26T10:15:47.153+0000] {climarisk_dag.py:135} INFO - ✅ Chittagong: flood=CRITICAL(0.98) fire=LOW(0.05)
[2026-03-26T10:15:48.694+0000] {climarisk_dag.py:135} INFO - ✅ Sylhet: flood=CRITICAL(0.97) fire=LOW(0.05)
[2026-03-26T10:15:50.231+0000] {climarisk_dag.py:135} INFO - ✅ Khulna: flood=HIGH(0.79) fire=LOW(0.05)
[2026-03-26T10:15:50.264+0000] {climarisk_dag.py:135} INFO - ✅ Cox's Bazar: flood=HIGH(0.85) fire=LOW(0.05)
[2026-03-26T10:15:51.798+0000] {climarisk_dag.py:135} INFO - ✅ Karachi: flood=LOW(0.15) fire=LOW(0.14)
[2026-03-26T10:15:53.329+0000] {climarisk_dag.py:135} INFO - ✅ Lahore: flood=LOW(0.14) fire=LOW(0.05)
[2026-03-26T10:15:54.856+0000] {climarisk_dag.py:135} INFO - ✅ Colombo: flood=LOW(0.15) fire=LOW(0.15)
[2026-03-26T10:15:56.388+0000] {climarisk_dag.py:135} INFO - ✅ Kathmandu: flood=LOW(0.08) fire=LOW(0.07)
[2026-03-26T10:15:57.922+0000] {climarisk_dag.py:135} INFO - ✅ Yangon: flood=LOW(0.15) fire=LOW(0.14)
[2026-03-26T10:15:59.457+0000] {climarisk_dag.py:135} INFO - ✅ Sittwe: flood=LOW(0.15) fire=LOW(0.13)
[2026-03-26T10:16:00.979+0000] {climarisk_dag.py:135} INFO - ✅ Phnom Penh: flood=LOW(0.15) fire=LOW(0.14)
[2026-03-26T10:16:02.509+0000] {climarisk_dag.py:135} INFO - ✅ Riyadh: flood=LOW(0.18) fire=LOW(0.05)
[2026-03-26T10:16:04.047+0000] {climarisk_dag.py:135} INFO - ✅ Dubai: flood=LOW(0.25) fire=LOW(0.05)
[2026-03-26T10:16:05.583+0000] {climarisk_dag.py:135} INFO - ✅ Tehran: flood=LOW(0.01) fire=LOW(0.05)
[2026-03-26T10:16:07.114+0000] {climarisk_dag.py:135} INFO - ✅ Istanbul: flood=LOW(0.19) fire=LOW(0.05)
[2026-03-26T10:16:08.648+0000] {climarisk_dag.py:135} INFO - ✅ Ankara: flood=LOW(0.02) fire=LOW(0.05)
[2026-03-26T10:16:10.181+0000] {climarisk_dag.py:135} INFO - ✅ Baghdad: flood=LOW(0.22) fire=LOW(0.08)
[2026-03-26T10:16:11.722+0000] {climarisk_dag.py:135} INFO - ✅ Baku: flood=LOW(0.11) fire=LOW(0.05)
[2026-03-26T10:16:13.264+0000] {climarisk_dag.py:135} INFO - ✅ Tashkent: flood=LOW(0.07) fire=LOW(0.09)
[2026-03-26T10:16:14.791+0000] {climarisk_dag.py:135} INFO - ✅ Almaty: flood=LOW(0.03) fire=LOW(0.05)
[2026-03-26T10:16:16.667+0000] {climarisk_dag.py:135} INFO - ✅ Guam: flood=CRITICAL(0.94) fire=LOW(0.14)
[2026-03-26T10:16:18.195+0000] {climarisk_dag.py:135} INFO - ✅ Paris: flood=MEDIUM(0.31) fire=LOW(0.05)
[2026-03-26T10:16:19.724+0000] {climarisk_dag.py:135} INFO - ✅ Lyon: flood=LOW(0.10) fire=LOW(0.05)
[2026-03-26T10:16:19.744+0000] {climarisk_dag.py:135} INFO - ✅ Marseille: flood=LOW(0.15) fire=LOW(0.05)
[2026-03-26T10:16:21.274+0000] {climarisk_dag.py:135} INFO - ✅ Toulouse: flood=LOW(0.05) fire=LOW(0.05)
[2026-03-26T10:16:22.808+0000] {climarisk_dag.py:135} INFO - ✅ Bordeaux: flood=LOW(0.12) fire=LOW(0.05)
[2026-03-26T10:16:24.340+0000] {climarisk_dag.py:135} INFO - ✅ Nantes: flood=LOW(0.21) fire=LOW(0.05)
[2026-03-26T10:16:25.891+0000] {climarisk_dag.py:135} INFO - ✅ Strasbourg: flood=LOW(0.04) fire=LOW(0.05)
[2026-03-26T10:16:27.418+0000] {climarisk_dag.py:135} INFO - ✅ Lille: flood=MEDIUM(0.37) fire=LOW(0.05)
[2026-03-26T10:16:28.951+0000] {climarisk_dag.py:135} INFO - ✅ Montpellier: flood=LOW(0.13) fire=LOW(0.05)
[2026-03-26T10:16:30.482+0000] {climarisk_dag.py:135} INFO - ✅ Nice: flood=LOW(0.15) fire=LOW(0.05)
[2026-03-26T10:16:32.010+0000] {climarisk_dag.py:135} INFO - ✅ London: flood=LOW(0.20) fire=LOW(0.05)
[2026-03-26T10:16:33.540+0000] {climarisk_dag.py:135} INFO - ✅ Birmingham: flood=LOW(0.21) fire=LOW(0.05)
[2026-03-26T10:16:35.070+0000] {climarisk_dag.py:135} INFO - ✅ Manchester: flood=LOW(0.26) fire=LOW(0.05)
[2026-03-26T10:16:36.601+0000] {climarisk_dag.py:135} INFO - ✅ Berlin: flood=LOW(0.15) fire=LOW(0.05)
[2026-03-26T10:16:38.149+0000] {climarisk_dag.py:135} INFO - ✅ Hamburg: flood=MEDIUM(0.37) fire=LOW(0.05)
[2026-03-26T10:16:39.675+0000] {climarisk_dag.py:135} INFO - ✅ Munich: flood=LOW(0.12) fire=LOW(0.05)
[2026-03-26T10:16:41.206+0000] {climarisk_dag.py:135} INFO - ✅ Frankfurt: flood=LOW(0.13) fire=LOW(0.05)
[2026-03-26T10:16:42.735+0000] {climarisk_dag.py:135} INFO - ✅ Madrid: flood=LOW(0.07) fire=LOW(0.06)
[2026-03-26T10:16:44.285+0000] {climarisk_dag.py:135} INFO - ✅ Barcelona: flood=LOW(0.12) fire=LOW(0.05)
[2026-03-26T10:16:46.180+0000] {climarisk_dag.py:135} INFO - ✅ Valencia: flood=LOW(0.15) fire=LOW(0.09)
[2026-03-26T10:16:47.708+0000] {climarisk_dag.py:135} INFO - ✅ Malaga: flood=LOW(0.14) fire=LOW(0.06)
[2026-03-26T10:16:47.798+0000] {climarisk_dag.py:135} INFO - ✅ Rome: flood=LOW(0.10) fire=LOW(0.05)
[2026-03-26T10:16:49.354+0000] {climarisk_dag.py:135} INFO - ✅ Milan: flood=LOW(0.15) fire=LOW(0.07)
[2026-03-26T10:16:50.877+0000] {climarisk_dag.py:135} INFO - ✅ Palermo: flood=LOW(0.14) fire=LOW(0.06)
[2026-03-26T10:16:52.410+0000] {climarisk_dag.py:135} INFO - ✅ Amsterdam: flood=MEDIUM(0.44) fire=LOW(0.05)
[2026-03-26T10:16:53.938+0000] {climarisk_dag.py:135} INFO - ✅ Brussels: flood=LOW(0.21) fire=LOW(0.05)
[2026-03-26T10:16:55.472+0000] {climarisk_dag.py:135} INFO - ✅ Vienna: flood=LOW(0.04) fire=LOW(0.05)
[2026-03-26T10:16:57.037+0000] {climarisk_dag.py:135} INFO - ✅ Zurich: flood=LOW(0.11) fire=LOW(0.05)
[2026-03-26T10:16:58.571+0000] {climarisk_dag.py:135} INFO - ✅ Stockholm: flood=LOW(0.15) fire=LOW(0.05)
[2026-03-26T10:17:00.094+0000] {climarisk_dag.py:135} INFO - ✅ Oslo: flood=MEDIUM(0.41) fire=LOW(0.05)
[2026-03-26T10:17:01.623+0000] {climarisk_dag.py:135} INFO - ✅ Copenhagen: flood=MEDIUM(0.34) fire=LOW(0.05)
[2026-03-26T10:17:03.157+0000] {climarisk_dag.py:135} INFO - ✅ Helsinki: flood=LOW(0.15) fire=LOW(0.05)
[2026-03-26T10:17:04.686+0000] {climarisk_dag.py:135} INFO - ✅ Warsaw: flood=LOW(0.06) fire=LOW(0.05)
[2026-03-26T10:17:06.226+0000] {climarisk_dag.py:135} INFO - ✅ Prague: flood=LOW(0.09) fire=LOW(0.05)
[2026-03-26T10:17:07.765+0000] {climarisk_dag.py:135} INFO - ✅ Budapest: flood=LOW(0.05) fire=LOW(0.05)
[2026-03-26T10:17:09.315+0000] {climarisk_dag.py:135} INFO - ✅ Bucharest: flood=LOW(0.22) fire=LOW(0.05)
[2026-03-26T10:17:10.853+0000] {climarisk_dag.py:135} INFO - ✅ Athens: flood=LOW(0.16) fire=LOW(0.05)
[2026-03-26T10:17:12.382+0000] {climarisk_dag.py:135} INFO - ✅ Thessaloniki: flood=LOW(0.21) fire=LOW(0.05)
[2026-03-26T10:17:13.904+0000] {climarisk_dag.py:135} INFO - ✅ Lisbon: flood=LOW(0.15) fire=LOW(0.13)
[2026-03-26T10:17:15.731+0000] {climarisk_dag.py:135} INFO - ✅ Moscow: flood=LOW(0.06) fire=LOW(0.05)
[2026-03-26T10:17:15.760+0000] {climarisk_dag.py:135} INFO - ✅ Saint Petersburg: flood=LOW(0.15) fire=LOW(0.05)
[2026-03-26T10:17:17.293+0000] {climarisk_dag.py:135} INFO - ✅ Krasnoyarsk: flood=LOW(0.06) fire=LOW(0.05)
[2026-03-26T10:17:18.822+0000] {climarisk_dag.py:135} INFO - ✅ Irkutsk: flood=LOW(0.07) fire=LOW(0.05)
[2026-03-26T10:17:20.354+0000] {climarisk_dag.py:135} INFO - ✅ Yakutsk: flood=LOW(0.05) fire=LOW(0.05)
[2026-03-26T10:17:21.888+0000] {climarisk_dag.py:135} INFO - ✅ Khabarovsk: flood=LOW(0.27) fire=LOW(0.05)
[2026-03-26T10:17:23.416+0000] {climarisk_dag.py:135} INFO - ✅ Kyiv: flood=LOW(0.15) fire=LOW(0.05)
[2026-03-26T10:17:24.942+0000] {climarisk_dag.py:135} INFO - ✅ New York: flood=MEDIUM(0.31) fire=LOW(0.05)
[2026-03-26T10:17:26.473+0000] {climarisk_dag.py:135} INFO - ✅ Los Angeles: flood=LOW(0.15) fire=LOW(0.24)
[2026-03-26T10:17:28.003+0000] {climarisk_dag.py:135} INFO - ✅ Chicago: flood=LOW(0.16) fire=LOW(0.05)
[2026-03-26T10:17:29.536+0000] {climarisk_dag.py:135} INFO - ✅ Houston: flood=LOW(0.15) fire=LOW(0.13)
[2026-03-26T10:17:31.071+0000] {climarisk_dag.py:135} INFO - ✅ Miami: flood=LOW(0.15) fire=LOW(0.16)
[2026-03-26T10:17:32.602+0000] {climarisk_dag.py:135} INFO - ✅ New Orleans: flood=LOW(0.15) fire=LOW(0.20)
[2026-03-26T10:17:34.134+0000] {climarisk_dag.py:135} INFO - ✅ Seattle: flood=LOW(0.15) fire=LOW(0.05)
[2026-03-26T10:17:35.665+0000] {climarisk_dag.py:135} INFO - ✅ Sacramento: flood=LOW(0.15) fire=LOW(0.09)
[2026-03-26T10:17:37.200+0000] {climarisk_dag.py:135} INFO - ✅ Fresno: flood=LOW(0.15) fire=LOW(0.14)
[2026-03-26T10:17:38.742+0000] {climarisk_dag.py:135} INFO - ✅ Redding: flood=LOW(0.15) fire=LOW(0.07)
[2026-03-26T10:17:40.291+0000] {climarisk_dag.py:135} INFO - ✅ Memphis: flood=LOW(0.15) fire=LOW(0.10)
[2026-03-26T10:17:41.815+0000] {climarisk_dag.py:135} INFO - ✅ Toronto: flood=LOW(0.22) fire=LOW(0.05)
[2026-03-26T10:17:43.353+0000] {climarisk_dag.py:135} INFO - ✅ Montreal: flood=MEDIUM(0.35) fire=LOW(0.05)
[2026-03-26T10:17:45.232+0000] {climarisk_dag.py:135} INFO - ✅ Vancouver: flood=LOW(0.26) fire=LOW(0.05)
[2026-03-26T10:17:46.109+0000] {climarisk_dag.py:135} INFO - ✅ Mexico City: flood=LOW(0.03) fire=LOW(0.05)
[2026-03-26T10:17:47.637+0000] {climarisk_dag.py:135} INFO - ✅ Veracruz: flood=MEDIUM(0.48) fire=LOW(0.05)
[2026-03-26T10:17:49.165+0000] {climarisk_dag.py:135} INFO - ✅ Cancún: flood=LOW(0.15) fire=LOW(0.10)
[2026-03-26T10:17:50.695+0000] {climarisk_dag.py:135} INFO - ✅ São Paulo: flood=LOW(0.12) fire=LOW(0.05)
[2026-03-26T10:17:52.223+0000] {climarisk_dag.py:135} INFO - ✅ Rio de Janeiro: flood=LOW(0.15) fire=LOW(0.11)
[2026-03-26T10:17:53.746+0000] {climarisk_dag.py:135} INFO - ✅ Belém: flood=MEDIUM(0.50) fire=LOW(0.05)
[2026-03-26T10:17:55.273+0000] {climarisk_dag.py:135} INFO - ✅ Marabá: flood=MEDIUM(0.33) fire=LOW(0.13)
[2026-03-26T10:17:56.802+0000] {climarisk_dag.py:135} INFO - ✅ Sinop: flood=MEDIUM(0.35) fire=LOW(0.05)
[2026-03-26T10:17:58.329+0000] {climarisk_dag.py:135} INFO - ✅ Porto Velho: flood=MEDIUM(0.46) fire=LOW(0.05)
[2026-03-26T10:17:58.285+0000] {climarisk_dag.py:135} INFO - ✅ Buenos Aires: flood=MEDIUM(0.34) fire=LOW(0.05)
[2026-03-26T10:17:59.815+0000] {climarisk_dag.py:135} INFO - ✅ Lima: flood=LOW(0.07) fire=LOW(0.10)
[2026-03-26T10:18:01.340+0000] {climarisk_dag.py:135} INFO - ✅ Bogotá: flood=LOW(0.08) fire=LOW(0.05)
[2026-03-26T10:18:02.874+0000] {climarisk_dag.py:135} INFO - ✅ Santiago: flood=LOW(0.07) fire=LOW(0.06)
[2026-03-26T10:18:04.420+0000] {climarisk_dag.py:135} INFO - ✅ Port-au-Prince: flood=MEDIUM(0.43) fire=LOW(0.13)
[2026-03-26T10:18:05.953+0000] {climarisk_dag.py:135} INFO - ✅ San Juan: flood=MEDIUM(0.66) fire=LOW(0.05)
[2026-03-26T10:18:07.479+0000] {climarisk_dag.py:135} INFO - ✅ Kingston: flood=MEDIUM(0.35) fire=LOW(0.05)
[2026-03-26T10:18:09.011+0000] {climarisk_dag.py:135} INFO - ✅ Port of Spain: flood=LOW(0.15) fire=LOW(0.14)
[2026-03-26T10:18:10.546+0000] {climarisk_dag.py:135} INFO - ✅ Sydney: flood=MEDIUM(0.32) fire=LOW(0.05)
[2026-03-26T10:18:12.074+0000] {climarisk_dag.py:135} INFO - ✅ Melbourne: flood=LOW(0.18) fire=LOW(0.05)
[2026-03-26T10:18:13.298+0000] {climarisk_dag.py:135} INFO - ✅ Brisbane: flood=LOW(0.15) fire=LOW(0.09)
[2026-03-26T10:18:14.827+0000] {climarisk_dag.py:135} INFO - ✅ Darwin: flood=HIGH(0.86) fire=LOW(0.12)
[2026-03-26T10:18:16.358+0000] {climarisk_dag.py:135} INFO - ✅ Alice Springs: flood=LOW(0.07) fire=LOW(0.07)
[2026-03-26T10:18:17.886+0000] {climarisk_dag.py:135} INFO - ✅ Cairns: flood=LOW(0.15) fire=LOW(0.10)
[2026-03-26T10:18:19.418+0000] {climarisk_dag.py:135} INFO - ✅ Auckland: flood=MEDIUM(0.54) fire=LOW(0.05)
[2026-03-26T10:18:20.948+0000] {climarisk_dag.py:135} INFO - ✅ Port Moresby: flood=MEDIUM(0.52) fire=LOW(0.05)
[2026-03-26T10:18:22.449+0000] {climarisk_dag.py:147} INFO - ✅ Done: 291 OK, 0 errors, 429.6s
[2026-03-26T10:18:22.471+0000] {python.py:237} INFO - Done. Returned value was: None
[2026-03-26T10:18:22.471+0000] {taskinstance.py:441} INFO - ::group::Post task execution logs
[2026-03-26T10:18:22.484+0000] {taskinstance.py:1206} INFO - Marking task as SUCCESS. dag_id=***_predictions, task_id=predict_all_zones, run_id=scheduled__2026-03-26T05:00:00+00:00, execution_date=20260326T050000, start_date=20260326T101112, end_date=20260326T101822
[2026-03-26T10:18:22.540+0000] {local_task_job_runner.py:240} INFO - Task exited with return code 0
[2026-03-26T10:18:22.560+0000] {taskinstance.py:3498} INFO - 1 downstream tasks scheduled from follow-on schedule check
[2026-03-26T10:18:22.563+0000] {local_task_job_runner.py:222} INFO - ::endgroup::
