[2026-03-26T10:00:02.072+0000] {local_task_job_runner.py:120} INFO - ::group::Pre task execution logs
[2026-03-26T10:00:02.102+0000] {taskinstance.py:2076} INFO - Dependencies all met for dep_context=non-requeueable deps ti=<TaskInstance: climarisk_predictions.predict_all_zones scheduled__2026-03-26T05:00:00+00:00 [queued]>
[2026-03-26T10:00:02.109+0000] {taskinstance.py:2076} INFO - Dependencies all met for dep_context=requeueable deps ti=<TaskInstance: climarisk_predictions.predict_all_zones scheduled__2026-03-26T05:00:00+00:00 [queued]>
[2026-03-26T10:00:02.110+0000] {taskinstance.py:2306} INFO - Starting attempt 1 of 2
[2026-03-26T10:00:02.120+0000] {taskinstance.py:2330} INFO - Executing <Task(PythonOperator): predict_all_zones> on 2026-03-26 05:00:00+00:00
[2026-03-26T10:00:02.128+0000] {logging_mixin.py:188} WARNING - /home/airflow/.local/lib/python3.12/site-packages/airflow/task/task_runner/standard_task_runner.py:61 DeprecationWarning: This process (pid=5008) is multi-threaded, use of fork() may lead to deadlocks in the child.
[2026-03-26T10:00:02.127+0000] {standard_task_runner.py:90} INFO - Running: ['airflow', 'tasks', 'run', '***_predictions', 'predict_all_zones', 'scheduled__2026-03-26T05:00:00+00:00', '--job-id', '607', '--raw', '--subdir', 'DAGS_FOLDER/***_dag.py', '--cfg-path', '/tmp/tmpn_h9atmq']
[2026-03-26T10:00:02.129+0000] {standard_task_runner.py:63} INFO - Started process 5009 to run task
[2026-03-26T10:00:02.129+0000] {standard_task_runner.py:91} INFO - Job 607: Subtask predict_all_zones
[2026-03-26T10:00:02.200+0000] {task_command.py:426} INFO - Running <TaskInstance: climarisk_predictions.predict_all_zones scheduled__2026-03-26T05:00:00+00:00 [running]> on host 6146f0e8983c
[2026-03-26T10:00:02.296+0000] {taskinstance.py:2648} INFO - Exporting env vars: AIRFLOW_CTX_DAG_OWNER='***' AIRFLOW_CTX_DAG_ID='***_predictions' AIRFLOW_CTX_TASK_ID='predict_all_zones' AIRFLOW_CTX_EXECUTION_DATE='2026-03-26T05:00:00+00:00' AIRFLOW_CTX_TRY_NUMBER='1' AIRFLOW_CTX_DAG_RUN_ID='scheduled__2026-03-26T05:00:00+00:00'
[2026-03-26T10:00:02.297+0000] {taskinstance.py:430} INFO - ::endgroup::
[2026-03-26T10:00:09.233+0000] {climarisk_dag.py:135} INFO - ✅ Alger: flood=LOW(0.10) fire=LOW(0.05)
[2026-03-26T10:00:09.475+0000] {climarisk_dag.py:143} ERROR - ❌ Cairo: 500 Server Error: Internal Server Error for url: http://backend:8000/api/predictions/flood/2
[2026-03-26T10:00:09.694+0000] {climarisk_dag.py:143} ERROR - ❌ Lagos: 500 Server Error: Internal Server Error for url: http://backend:8000/api/predictions/flood/3
[2026-03-26T10:00:09.917+0000] {climarisk_dag.py:143} ERROR - ❌ Kano: 500 Server Error: Internal Server Error for url: http://backend:8000/api/predictions/flood/4
[2026-03-26T10:00:10.117+0000] {climarisk_dag.py:143} ERROR - ❌ Abuja: 500 Server Error: Internal Server Error for url: http://backend:8000/api/predictions/flood/5
[2026-03-26T10:00:15.610+0000] {climarisk_dag.py:135} INFO - ✅ Johannesburg: flood=LOW(0.05) fire=LOW(0.05)
[2026-03-26T10:00:19.232+0000] {climarisk_dag.py:135} INFO - ✅ Cape Town: flood=LOW(0.26) fire=LOW(0.07)
[2026-03-26T10:00:22.632+0000] {climarisk_dag.py:135} INFO - ✅ Nairobi: flood=LOW(0.09) fire=LOW(0.08)
[2026-03-26T10:00:25.850+0000] {climarisk_dag.py:135} INFO - ✅ Addis Ababa: flood=LOW(0.09) fire=LOW(0.05)
[2026-03-26T10:00:28.750+0000] {climarisk_dag.py:135} INFO - ✅ Dar es Salaam: flood=MEDIUM(0.32) fire=LOW(0.05)
[2026-03-26T10:00:31.232+0000] {climarisk_dag.py:135} INFO - ✅ Accra: flood=LOW(0.15) fire=LOW(0.13)
[2026-03-26T10:00:34.574+0000] {climarisk_dag.py:135} INFO - ✅ Casablanca: flood=LOW(0.15) fire=LOW(0.07)
[2026-03-26T10:00:36.881+0000] {climarisk_dag.py:135} INFO - ✅ Mohammedia: flood=LOW(0.15) fire=LOW(0.07)
[2026-03-26T10:00:37.740+0000] {climarisk_dag.py:135} INFO - ✅ El Jadida: flood=LOW(0.15) fire=LOW(0.07)
[2026-03-26T10:00:39.967+0000] {climarisk_dag.py:135} INFO - ✅ Settat: flood=LOW(0.15) fire=LOW(0.05)
[2026-03-26T10:00:42.132+0000] {climarisk_dag.py:135} INFO - ✅ Berrechid: flood=LOW(0.13) fire=LOW(0.05)
[2026-03-26T10:00:44.181+0000] {climarisk_dag.py:135} INFO - ✅ Benslimane: flood=LOW(0.14) fire=LOW(0.05)
[2026-03-26T10:00:46.156+0000] {climarisk_dag.py:135} INFO - ✅ Sidi Bennour: flood=LOW(0.11) fire=LOW(0.06)
[2026-03-26T10:00:48.101+0000] {climarisk_dag.py:135} INFO - ✅ Azemmour: flood=LOW(0.15) fire=LOW(0.07)
[2026-03-26T10:00:50.047+0000] {climarisk_dag.py:135} INFO - ✅ Mediouna: flood=LOW(0.11) fire=LOW(0.06)
[2026-03-26T10:00:52.016+0000] {climarisk_dag.py:135} INFO - ✅ Nouaceur: flood=LOW(0.12) fire=LOW(0.06)
[2026-03-26T10:00:53.970+0000] {climarisk_dag.py:135} INFO - ✅ Rabat: flood=LOW(0.15) fire=LOW(0.07)
[2026-03-26T10:00:55.867+0000] {climarisk_dag.py:135} INFO - ✅ Salé: flood=LOW(0.15) fire=LOW(0.07)
[2026-03-26T10:00:57.787+0000] {climarisk_dag.py:135} INFO - ✅ Kénitra: flood=LOW(0.15) fire=LOW(0.07)
[2026-03-26T10:00:59.696+0000] {climarisk_dag.py:135} INFO - ✅ Témara: flood=LOW(0.15) fire=LOW(0.06)
[2026-03-26T10:01:01.577+0000] {climarisk_dag.py:135} INFO - ✅ Skhirat: flood=LOW(0.15) fire=LOW(0.06)
[2026-03-26T10:01:03.663+0000] {climarisk_dag.py:135} INFO - ✅ Tiflet: flood=LOW(0.07) fire=LOW(0.07)
[2026-03-26T10:01:05.575+0000] {climarisk_dag.py:135} INFO - ✅ Khémisset: flood=LOW(0.03) fire=LOW(0.06)
[2026-03-26T10:01:06.810+0000] {climarisk_dag.py:135} INFO - ✅ Sidi Slimane: flood=LOW(0.15) fire=LOW(0.06)
[2026-03-26T10:01:07.826+0000] {climarisk_dag.py:135} INFO - ✅ Sidi Kacem: flood=LOW(0.15) fire=LOW(0.06)
[2026-03-26T10:01:09.708+0000] {climarisk_dag.py:135} INFO - ✅ Souk el Arba: flood=LOW(0.15) fire=LOW(0.06)
[2026-03-26T10:01:11.624+0000] {climarisk_dag.py:135} INFO - ✅ Ouazzane: flood=LOW(0.04) fire=LOW(0.05)
[2026-03-26T10:01:13.552+0000] {climarisk_dag.py:135} INFO - ✅ Fès: flood=LOW(0.03) fire=LOW(0.05)
[2026-03-26T10:01:15.432+0000] {climarisk_dag.py:135} INFO - ✅ Meknès: flood=LOW(0.03) fire=LOW(0.06)
[2026-03-26T10:01:17.307+0000] {climarisk_dag.py:135} INFO - ✅ Ifrane: flood=LOW(0.02) fire=LOW(0.05)
[2026-03-26T10:01:19.202+0000] {climarisk_dag.py:135} INFO - ✅ Azrou: flood=LOW(0.02) fire=LOW(0.05)
[2026-03-26T10:01:21.097+0000] {climarisk_dag.py:135} INFO - ✅ Taounate: flood=LOW(0.05) fire=LOW(0.05)
[2026-03-26T10:01:22.985+0000] {climarisk_dag.py:135} INFO - ✅ Taza: flood=LOW(0.04) fire=LOW(0.05)
[2026-03-26T10:01:24.874+0000] {climarisk_dag.py:135} INFO - ✅ Sefrou: flood=LOW(0.02) fire=LOW(0.05)
[2026-03-26T10:01:26.748+0000] {climarisk_dag.py:135} INFO - ✅ Boulemane: flood=LOW(0.03) fire=LOW(0.05)
[2026-03-26T10:01:28.608+0000] {climarisk_dag.py:135} INFO - ✅ El Hajeb: flood=LOW(0.02) fire=LOW(0.05)
[2026-03-26T10:01:30.503+0000] {climarisk_dag.py:135} INFO - ✅ Missour: flood=LOW(0.03) fire=LOW(0.05)
[2026-03-26T10:01:33.095+0000] {climarisk_dag.py:135} INFO - ✅ Guercif: flood=LOW(0.07) fire=LOW(0.05)
[2026-03-26T10:01:35.005+0000] {climarisk_dag.py:135} INFO - ✅ Marrakech: flood=LOW(0.04) fire=LOW(0.05)
[2026-03-26T10:01:35.404+0000] {climarisk_dag.py:135} INFO - ✅ Safi: flood=LOW(0.15) fire=LOW(0.07)
[2026-03-26T10:01:37.310+0000] {climarisk_dag.py:135} INFO - ✅ Essaouira: flood=LOW(0.15) fire=LOW(0.07)
[2026-03-26T10:01:39.204+0000] {climarisk_dag.py:135} INFO - ✅ El Kelaa des Sraghna: flood=LOW(0.06) fire=LOW(0.07)
[2026-03-26T10:01:41.085+0000] {climarisk_dag.py:135} INFO - ✅ Chichaoua: flood=LOW(0.17) fire=LOW(0.08)
[2026-03-26T10:01:42.991+0000] {climarisk_dag.py:135} INFO - ✅ Youssoufia: flood=LOW(0.15) fire=LOW(0.06)
[2026-03-26T10:01:46.226+0000] {climarisk_dag.py:135} INFO - ✅ Ben Guerir: flood=LOW(0.05) fire=LOW(0.05)
[2026-03-26T10:01:48.103+0000] {climarisk_dag.py:135} INFO - ✅ Tahanaout: flood=LOW(0.01) fire=LOW(0.05)
[2026-03-26T10:01:49.992+0000] {climarisk_dag.py:135} INFO - ✅ Ait Ourir: flood=LOW(0.04) fire=LOW(0.05)
[2026-03-26T10:01:52.213+0000] {climarisk_dag.py:135} INFO - ✅ Demnate: flood=LOW(0.02) fire=LOW(0.05)
[2026-03-26T10:01:54.381+0000] {climarisk_dag.py:135} INFO - ✅ Tanger: flood=LOW(0.15) fire=LOW(0.06)
[2026-03-26T10:01:57.272+0000] {climarisk_dag.py:135} INFO - ✅ Tétouan: flood=LOW(0.11) fire=LOW(0.05)
[2026-03-26T10:01:59.464+0000] {climarisk_dag.py:135} INFO - ✅ Al Hoceïma: flood=LOW(0.15) fire=LOW(0.05)
[2026-03-26T10:02:02.354+0000] {climarisk_dag.py:135} INFO - ✅ Larache: flood=LOW(0.15) fire=LOW(0.15)
[2026-03-26T10:02:03.050+0000] {climarisk_dag.py:135} INFO - ✅ Chefchaouen: flood=LOW(0.07) fire=LOW(0.08)
[2026-03-26T10:02:04.945+0000] {climarisk_dag.py:135} INFO - ✅ Asilah: flood=LOW(0.15) fire=LOW(0.09)
[2026-03-26T10:02:06.819+0000] {climarisk_dag.py:135} INFO - ✅ Fnideq: flood=LOW(0.11) fire=LOW(0.06)
[2026-03-26T10:02:08.707+0000] {climarisk_dag.py:135} INFO - ✅ Martil: flood=LOW(0.11) fire=LOW(0.06)
[2026-03-26T10:02:10.625+0000] {climarisk_dag.py:135} INFO - ✅ Mdiq: flood=LOW(0.14) fire=LOW(0.06)
[2026-03-26T10:02:12.509+0000] {climarisk_dag.py:135} INFO - ✅ Ksar el Kebir: flood=LOW(0.15) fire=LOW(0.06)
[2026-03-26T10:02:14.038+0000] {climarisk_dag.py:135} INFO - ✅ Ouazzane: flood=LOW(0.04) fire=LOW(0.05)
[2026-03-26T10:02:15.926+0000] {climarisk_dag.py:135} INFO - ✅ Targuist: flood=LOW(0.02) fire=LOW(0.05)
[2026-03-26T10:02:17.792+0000] {climarisk_dag.py:135} INFO - ✅ Imzouren: flood=LOW(0.15) fire=LOW(0.05)
[2026-03-26T10:02:19.653+0000] {climarisk_dag.py:135} INFO - ✅ Beni Mellal-Khenifra: flood=LOW(0.08) fire=LOW(0.05)
[2026-03-26T10:02:21.553+0000] {climarisk_dag.py:135} INFO - ✅ Khénifra: flood=LOW(0.01) fire=LOW(0.05)
[2026-03-26T10:02:23.459+0000] {climarisk_dag.py:135} INFO - ✅ Azilal: flood=LOW(0.02) fire=LOW(0.05)
[2026-03-26T10:02:25.313+0000] {climarisk_dag.py:135} INFO - ✅ Nanjing: flood=LOW(0.15) fire=LOW(0.08)
[2026-03-26T10:02:27.225+0000] {climarisk_dag.py:135} INFO - ✅ Khouribga: flood=LOW(0.07) fire=LOW(0.05)
[2026-03-26T10:02:29.092+0000] {climarisk_dag.py:135} INFO - ✅ Fkih Ben Salah: flood=LOW(0.05) fire=LOW(0.05)
[2026-03-26T10:02:31.892+0000] {climarisk_dag.py:135} INFO - ✅ Souk Sebt: flood=LOW(0.06) fire=LOW(0.05)
[2026-03-26T10:02:32.335+0000] {climarisk_dag.py:135} INFO - ✅ Midelt: flood=LOW(0.02) fire=LOW(0.05)
[2026-03-26T10:02:34.222+0000] {climarisk_dag.py:135} INFO - ✅ Zaouiat Cheikh: flood=LOW(0.06) fire=LOW(0.05)
[2026-03-26T10:02:36.116+0000] {climarisk_dag.py:135} INFO - ✅ Oujda: flood=LOW(0.04) fire=LOW(0.05)
[2026-03-26T10:02:37.953+0000] {climarisk_dag.py:135} INFO - ✅ Nador: flood=LOW(0.16) fire=LOW(0.06)
[2026-03-26T10:02:39.796+0000] {climarisk_dag.py:135} INFO - ✅ Berkane: flood=LOW(0.04) fire=LOW(0.05)
[2026-03-26T10:02:41.754+0000] {climarisk_dag.py:135} INFO - ✅ Taourirt: flood=LOW(0.08) fire=LOW(0.05)
[2026-03-26T10:02:43.645+0000] {climarisk_dag.py:135} INFO - ✅ Jerada: flood=LOW(0.02) fire=LOW(0.05)
[2026-03-26T10:02:45.558+0000] {climarisk_dag.py:135} INFO - ✅ Figuig: flood=LOW(0.03) fire=LOW(0.05)
[2026-03-26T10:02:47.438+0000] {climarisk_dag.py:135} INFO - ✅ Bouarfa: flood=LOW(0.04) fire=LOW(0.05)
[2026-03-26T10:02:49.325+0000] {climarisk_dag.py:135} INFO - ✅ Selouane: flood=LOW(0.15) fire=LOW(0.05)
[2026-03-26T10:02:51.193+0000] {climarisk_dag.py:135} INFO - ✅ Zaio: flood=LOW(0.05) fire=LOW(0.05)
[2026-03-26T10:02:53.069+0000] {climarisk_dag.py:135} INFO - ✅ Agadir: flood=LOW(0.15) fire=LOW(0.07)
[2026-03-26T10:02:54.940+0000] {climarisk_dag.py:135} INFO - ✅ Inezgane: flood=LOW(0.15) fire=LOW(0.07)
[2026-03-26T10:02:56.774+0000] {climarisk_dag.py:135} INFO - ✅ Tiznit: flood=LOW(0.14) fire=LOW(0.07)
[2026-03-26T10:02:58.669+0000] {climarisk_dag.py:135} INFO - ✅ Taroudannt: flood=LOW(0.07) fire=LOW(0.05)
[2026-03-26T10:03:01.424+0000] {climarisk_dag.py:135} INFO - ✅ Ouarzazate: flood=LOW(0.02) fire=LOW(0.05)
[2026-03-26T10:03:01.847+0000] {climarisk_dag.py:135} INFO - ✅ Ait Melloul: flood=LOW(0.13) fire=LOW(0.07)
[2026-03-26T10:03:03.717+0000] {climarisk_dag.py:135} INFO - ✅ Biougra: flood=LOW(0.03) fire=LOW(0.07)
[2026-03-26T10:03:05.617+0000] {climarisk_dag.py:135} INFO - ✅ Chtouka Ait Baha: flood=LOW(0.04) fire=LOW(0.05)
[2026-03-26T10:03:07.518+0000] {climarisk_dag.py:135} INFO - ✅ Tata: flood=LOW(0.04) fire=LOW(0.06)
[2026-03-26T10:03:09.398+0000] {climarisk_dag.py:135} INFO - ✅ Sidi Ifni: flood=LOW(0.15) fire=LOW(0.07)
[2026-03-26T10:03:11.310+0000] {climarisk_dag.py:135} INFO - ✅ Massa: flood=LOW(0.15) fire=LOW(0.07)
[2026-03-26T10:03:13.222+0000] {climarisk_dag.py:135} INFO - ✅ Errachidia: flood=LOW(0.02) fire=LOW(0.05)
[2026-03-26T10:03:15.096+0000] {climarisk_dag.py:135} INFO - ✅ Zagora: flood=LOW(0.05) fire=LOW(0.05)
[2026-03-26T10:03:16.990+0000] {climarisk_dag.py:135} INFO - ✅ Tinghir: flood=LOW(0.01) fire=LOW(0.05)
[2026-03-26T10:03:18.523+0000] {climarisk_dag.py:135} INFO - ✅ Ouarzazate: flood=LOW(0.02) fire=LOW(0.05)
[2026-03-26T10:03:20.381+0000] {climarisk_dag.py:135} INFO - ✅ Rissani: flood=LOW(0.05) fire=LOW(0.05)
[2026-03-26T10:03:22.218+0000] {climarisk_dag.py:135} INFO - ✅ Erfoud: flood=LOW(0.02) fire=LOW(0.05)
[2026-03-26T10:03:24.089+0000] {climarisk_dag.py:135} INFO - ✅ Merzouga: flood=LOW(0.05) fire=LOW(0.05)
[2026-03-26T10:03:25.978+0000] {climarisk_dag.py:135} INFO - ✅ Alnif: flood=LOW(0.02) fire=LOW(0.05)
[2026-03-26T10:03:27.868+0000] {climarisk_dag.py:135} INFO - ✅ Goulmima: flood=LOW(0.02) fire=LOW(0.05)
[2026-03-26T10:03:29.761+0000] {climarisk_dag.py:135} INFO - ✅ Laâyoune: flood=LOW(0.15) fire=LOW(0.08)
[2026-03-26T10:03:30.157+0000] {climarisk_dag.py:135} INFO - ✅ Boujdour: flood=LOW(0.15) fire=LOW(0.08)
[2026-03-26T10:03:32.056+0000] {climarisk_dag.py:135} INFO - ✅ Tarfaya: flood=LOW(0.15) fire=LOW(0.08)
[2026-03-26T10:03:33.948+0000] {climarisk_dag.py:135} INFO - ✅ Smara: flood=LOW(0.04) fire=LOW(0.10)
[2026-03-26T10:03:35.859+0000] {climarisk_dag.py:135} INFO - ✅ El Marsa: flood=LOW(0.15) fire=LOW(0.08)
[2026-03-26T10:03:37.785+0000] {climarisk_dag.py:135} INFO - ✅ Dakhla: flood=LOW(0.15) fire=LOW(0.08)
[2026-03-26T10:03:39.615+0000] {climarisk_dag.py:135} INFO - ✅ Aousserd: flood=LOW(0.13) fire=LOW(0.29)
[2026-03-26T10:03:41.502+0000] {climarisk_dag.py:135} INFO - ✅ Guelmim: flood=LOW(0.06) fire=LOW(0.07)
[2026-03-26T10:03:43.354+0000] {climarisk_dag.py:135} INFO - ✅ Tan-Tan: flood=LOW(0.15) fire=LOW(0.08)
[2026-03-26T10:03:45.234+0000] {climarisk_dag.py:135} INFO - ✅ Assa: flood=LOW(0.08) fire=LOW(0.05)
[2026-03-26T10:03:47.110+0000] {climarisk_dag.py:135} INFO - ✅ Zag: flood=LOW(0.03) fire=LOW(0.09)
[2026-03-26T10:03:48.646+0000] {climarisk_dag.py:135} INFO - ✅ Sidi Ifni: flood=LOW(0.15) fire=LOW(0.07)
[2026-03-26T10:03:50.174+0000] {climarisk_dag.py:135} INFO - ✅ Tiznit: flood=LOW(0.14) fire=LOW(0.07)
[2026-03-26T10:03:52.105+0000] {climarisk_dag.py:135} INFO - ✅ Tunis: flood=LOW(0.13) fire=LOW(0.05)
[2026-03-26T10:03:54.005+0000] {climarisk_dag.py:135} INFO - ✅ Kampala: flood=LOW(0.09) fire=LOW(0.05)
[2026-03-26T10:03:55.906+0000] {climarisk_dag.py:135} INFO - ✅ Dakar: flood=LOW(0.15) fire=LOW(0.09)
[2026-03-26T10:03:57.802+0000] {climarisk_dag.py:135} INFO - ✅ Kinshasa: flood=LOW(0.18) fire=LOW(0.05)
[2026-03-26T10:03:59.060+0000] {climarisk_dag.py:135} INFO - ✅ Luanda: flood=LOW(0.15) fire=LOW(0.13)
[2026-03-26T10:04:00.936+0000] {climarisk_dag.py:135} INFO - ✅ Khartoum: flood=LOW(0.15) fire=MEDIUM(0.34)
[2026-03-26T10:04:02.824+0000] {climarisk_dag.py:135} INFO - ✅ Harare: flood=LOW(0.03) fire=LOW(0.10)
[2026-03-26T10:04:04.736+0000] {climarisk_dag.py:135} INFO - ✅ Lusaka: flood=LOW(0.03) fire=LOW(0.09)
[2026-03-26T10:04:06.588+0000] {climarisk_dag.py:135} INFO - ✅ Maputo: flood=LOW(0.27) fire=LOW(0.05)
[2026-03-26T10:04:08.495+0000] {climarisk_dag.py:135} INFO - ✅ Antananarivo: flood=LOW(0.03) fire=LOW(0.08)
[2026-03-26T10:04:10.354+0000] {climarisk_dag.py:135} INFO - ✅ Abidjan: flood=LOW(0.15) fire=LOW(0.13)
[2026-03-26T10:04:12.241+0000] {climarisk_dag.py:135} INFO - ✅ Douala: flood=MEDIUM(0.33) fire=LOW(0.05)
[2026-03-26T10:04:14.138+0000] {climarisk_dag.py:135} INFO - ✅ Niamey: flood=LOW(0.29) fire=LOW(0.15)
[2026-03-26T10:04:16.044+0000] {climarisk_dag.py:135} INFO - ✅ Ouagadougou: flood=LOW(0.23) fire=LOW(0.16)
[2026-03-26T10:04:17.973+0000] {climarisk_dag.py:135} INFO - ✅ Bamako: flood=LOW(0.15) fire=LOW(0.26)
[2026-03-26T10:04:19.911+0000] {climarisk_dag.py:135} INFO - ✅ Windhoek: flood=LOW(0.04) fire=LOW(0.10)
[2026-03-26T10:04:21.805+0000] {climarisk_dag.py:135} INFO - ✅ Port Harcourt: flood=MEDIUM(0.50) fire=LOW(0.05)
[2026-03-26T10:04:23.715+0000] {climarisk_dag.py:135} INFO - ✅ Warri: flood=MEDIUM(0.54) fire=LOW(0.05)
[2026-03-26T10:04:25.605+0000] {climarisk_dag.py:135} INFO - ✅ Calabar: flood=MEDIUM(0.49) fire=LOW(0.05)
[2026-03-26T10:04:25.997+0000] {climarisk_dag.py:135} INFO - ✅ Beijing: flood=LOW(0.15) fire=LOW(0.08)
[2026-03-26T10:04:28.707+0000] {climarisk_dag.py:135} INFO - ✅ Shanghai: flood=MEDIUM(0.51) fire=LOW(0.05)
[2026-03-26T10:04:30.601+0000] {climarisk_dag.py:135} INFO - ✅ Guangzhou: flood=MEDIUM(0.38) fire=LOW(0.05)
[2026-03-26T10:04:32.484+0000] {climarisk_dag.py:135} INFO - ✅ Chengdu: flood=LOW(0.09) fire=LOW(0.05)
[2026-03-26T10:04:34.408+0000] {climarisk_dag.py:135} INFO - ✅ Wuhan: flood=MEDIUM(0.30) fire=LOW(0.07)
[2026-03-26T10:04:36.339+0000] {climarisk_dag.py:135} INFO - ✅ Chongqing: flood=LOW(0.16) fire=LOW(0.05)
[2026-03-26T10:04:38.274+0000] {climarisk_dag.py:135} INFO - ✅ Zhengzhou: flood=LOW(0.15) fire=LOW(0.09)
[2026-03-26T10:04:40.118+0000] {climarisk_dag.py:135} INFO - ✅ Changsha: flood=MEDIUM(0.40) fire=LOW(0.05)
[2026-03-26T10:04:42.003+0000] {climarisk_dag.py:135} INFO - ✅ Nanchang: flood=MEDIUM(0.51) fire=LOW(0.07)
[2026-03-26T10:04:43.839+0000] {climarisk_dag.py:135} INFO - ✅ Yichang: flood=LOW(0.15) fire=LOW(0.06)
[2026-03-26T10:04:45.755+0000] {climarisk_dag.py:135} INFO - ✅ Haikou: flood=LOW(0.15) fire=LOW(0.12)
[2026-03-26T10:04:47.673+0000] {climarisk_dag.py:135} INFO - ✅ Hong Kong: flood=LOW(0.15) fire=LOW(0.11)
[2026-03-26T10:04:49.566+0000] {climarisk_dag.py:135} INFO - ✅ Taipei: flood=LOW(0.15) fire=LOW(0.09)
[2026-03-26T10:04:51.473+0000] {climarisk_dag.py:135} INFO - ✅ Kaohsiung: flood=HIGH(0.84) fire=LOW(0.05)
[2026-03-26T10:04:53.378+0000] {climarisk_dag.py:135} INFO - ✅ Mumbai: flood=LOW(0.15) fire=LOW(0.13)
[2026-03-26T10:04:55.261+0000] {climarisk_dag.py:135} INFO - ✅ Delhi: flood=LOW(0.09) fire=LOW(0.18)
[2026-03-26T10:04:55.677+0000] {climarisk_dag.py:135} INFO - ✅ Bangalore: flood=LOW(0.06) fire=LOW(0.05)
[2026-03-26T10:04:58.239+0000] {climarisk_dag.py:135} INFO - ✅ Chennai: flood=LOW(0.15) fire=LOW(0.13)
[2026-03-26T10:05:00.135+0000] {climarisk_dag.py:135} INFO - ✅ Kolkata: flood=LOW(0.15) fire=LOW(0.12)
[2026-03-26T10:05:02.073+0000] {climarisk_dag.py:135} INFO - ✅ Patna: flood=LOW(0.15) fire=LOW(0.14)
[2026-03-26T10:05:04.012+0000] {climarisk_dag.py:135} INFO - ✅ Guwahati: flood=MEDIUM(0.34) fire=LOW(0.05)
[2026-03-26T10:05:05.885+0000] {climarisk_dag.py:135} INFO - ✅ Varanasi: flood=LOW(0.15) fire=LOW(0.14)
[2026-03-26T10:05:07.793+0000] {climarisk_dag.py:135} INFO - ✅ Muzaffarpur: flood=LOW(0.15) fire=LOW(0.11)
[2026-03-26T10:05:09.688+0000] {climarisk_dag.py:135} INFO - ✅ Visakhapatnam: flood=LOW(0.15) fire=LOW(0.13)
[2026-03-26T10:05:11.595+0000] {climarisk_dag.py:135} INFO - ✅ Vijayawada: flood=LOW(0.15) fire=LOW(0.13)
[2026-03-26T10:05:13.480+0000] {climarisk_dag.py:135} INFO - ✅ Tokyo: flood=MEDIUM(0.45) fire=LOW(0.05)
[2026-03-26T10:05:15.365+0000] {climarisk_dag.py:135} INFO - ✅ Osaka: flood=MEDIUM(0.36) fire=LOW(0.05)
[2026-03-26T10:05:17.255+0000] {climarisk_dag.py:135} INFO - ✅ Sapporo: flood=MEDIUM(0.38) fire=LOW(0.05)
[2026-03-26T10:05:19.138+0000] {climarisk_dag.py:135} INFO - ✅ Naha: flood=LOW(0.15) fire=LOW(0.10)
[2026-03-26T10:05:21.031+0000] {climarisk_dag.py:135} INFO - ✅ Seoul: flood=LOW(0.15) fire=LOW(0.05)
[2026-03-26T10:05:22.959+0000] {climarisk_dag.py:135} INFO - ✅ Busan: flood=LOW(0.15) fire=LOW(0.05)
[2026-03-26T10:05:23.383+0000] {climarisk_dag.py:135} INFO - ✅ Bangkok: flood=LOW(0.15) fire=LOW(0.14)
[2026-03-26T10:05:25.282+0000] {climarisk_dag.py:135} INFO - ✅ Chiang Mai: flood=LOW(0.15) fire=LOW(0.24)
[2026-03-26T10:05:27.801+0000] {climarisk_dag.py:135} INFO - ✅ Jakarta: flood=CRITICAL(0.97) fire=LOW(0.05)
[2026-03-26T10:05:29.711+0000] {climarisk_dag.py:135} INFO - ✅ Surabaya: flood=CRITICAL(0.97) fire=LOW(0.05)
[2026-03-26T10:05:31.610+0000] {climarisk_dag.py:135} INFO - ✅ Medan: flood=MEDIUM(0.55) fire=LOW(0.05)
[2026-03-26T10:05:33.533+0000] {climarisk_dag.py:135} INFO - ✅ Manila: flood=LOW(0.15) fire=LOW(0.14)
[2026-03-26T10:05:35.393+0000] {climarisk_dag.py:135} INFO - ✅ Cebu: flood=MEDIUM(0.54) fire=LOW(0.05)
[2026-03-26T10:05:37.356+0000] {climarisk_dag.py:135} INFO - ✅ Tacloban: flood=MEDIUM(0.41) fire=LOW(0.05)
[2026-03-26T10:05:39.266+0000] {climarisk_dag.py:135} INFO - ✅ Legazpi: flood=LOW(0.15) fire=LOW(0.11)
[2026-03-26T10:05:41.182+0000] {climarisk_dag.py:135} INFO - ✅ Zamboanga: flood=CRITICAL(0.94) fire=LOW(0.05)
[2026-03-26T10:05:43.161+0000] {climarisk_dag.py:135} INFO - ✅ Kuala Lumpur: flood=LOW(0.15) fire=LOW(0.14)
[2026-03-26T10:05:45.069+0000] {climarisk_dag.py:135} INFO - ✅ Singapore: flood=LOW(0.15) fire=LOW(0.14)
[2026-03-26T10:05:46.991+0000] {climarisk_dag.py:135} INFO - ✅ Ho Chi Minh City: flood=LOW(0.15) fire=LOW(0.12)
[2026-03-26T10:05:48.883+0000] {climarisk_dag.py:135} INFO - ✅ Hanoi: flood=LOW(0.15) fire=LOW(0.12)
[2026-03-26T10:05:50.751+0000] {climarisk_dag.py:135} INFO - ✅ Da Nang: flood=LOW(0.15) fire=LOW(0.11)
[2026-03-26T10:05:51.175+0000] {climarisk_dag.py:135} INFO - ✅ Can Tho: flood=LOW(0.15) fire=LOW(0.12)
[2026-03-26T10:05:53.091+0000] {climarisk_dag.py:135} INFO - ✅ My Tho: flood=LOW(0.15) fire=LOW(0.12)
[2026-03-26T10:05:54.972+0000] {climarisk_dag.py:135} INFO - ✅ Dhaka: flood=HIGH(0.75) fire=LOW(0.05)
[2026-03-26T10:05:57.299+0000] {climarisk_dag.py:135} INFO - ✅ Chittagong: flood=CRITICAL(0.98) fire=LOW(0.05)
[2026-03-26T10:05:59.197+0000] {climarisk_dag.py:135} INFO - ✅ Sylhet: flood=CRITICAL(0.97) fire=LOW(0.05)
[2026-03-26T10:06:01.155+0000] {climarisk_dag.py:135} INFO - ✅ Khulna: flood=HIGH(0.79) fire=LOW(0.05)
[2026-03-26T10:06:02.990+0000] {climarisk_dag.py:135} INFO - ✅ Cox's Bazar: flood=HIGH(0.85) fire=LOW(0.05)
[2026-03-26T10:06:04.877+0000] {climarisk_dag.py:135} INFO - ✅ Karachi: flood=LOW(0.15) fire=LOW(0.14)
[2026-03-26T10:06:06.768+0000] {climarisk_dag.py:135} INFO - ✅ Lahore: flood=LOW(0.14) fire=LOW(0.05)
[2026-03-26T10:06:08.687+0000] {climarisk_dag.py:135} INFO - ✅ Colombo: flood=LOW(0.15) fire=LOW(0.15)
[2026-03-26T10:06:10.602+0000] {climarisk_dag.py:135} INFO - ✅ Kathmandu: flood=LOW(0.08) fire=LOW(0.07)
[2026-03-26T10:06:12.458+0000] {climarisk_dag.py:135} INFO - ✅ Yangon: flood=LOW(0.15) fire=LOW(0.14)
[2026-03-26T10:06:14.400+0000] {climarisk_dag.py:135} INFO - ✅ Sittwe: flood=LOW(0.15) fire=LOW(0.13)
[2026-03-26T10:06:16.284+0000] {climarisk_dag.py:135} INFO - ✅ Phnom Penh: flood=LOW(0.15) fire=LOW(0.14)
[2026-03-26T10:06:18.126+0000] {climarisk_dag.py:135} INFO - ✅ Riyadh: flood=LOW(0.18) fire=LOW(0.05)
[2026-03-26T10:06:20.020+0000] {climarisk_dag.py:135} INFO - ✅ Dubai: flood=LOW(0.25) fire=LOW(0.05)
[2026-03-26T10:06:20.407+0000] {climarisk_dag.py:135} INFO - ✅ Tehran: flood=LOW(0.01) fire=LOW(0.05)
[2026-03-26T10:06:22.298+0000] {climarisk_dag.py:135} INFO - ✅ Istanbul: flood=LOW(0.19) fire=LOW(0.05)
[2026-03-26T10:06:24.206+0000] {climarisk_dag.py:135} INFO - ✅ Ankara: flood=LOW(0.02) fire=LOW(0.05)
[2026-03-26T10:06:26.776+0000] {climarisk_dag.py:135} INFO - ✅ Baghdad: flood=LOW(0.22) fire=LOW(0.08)
[2026-03-26T10:06:28.667+0000] {climarisk_dag.py:135} INFO - ✅ Baku: flood=LOW(0.11) fire=LOW(0.05)
[2026-03-26T10:06:30.540+0000] {climarisk_dag.py:135} INFO - ✅ Tashkent: flood=LOW(0.07) fire=LOW(0.09)
[2026-03-26T10:06:32.435+0000] {climarisk_dag.py:135} INFO - ✅ Almaty: flood=LOW(0.03) fire=LOW(0.05)
[2026-03-26T10:06:34.357+0000] {climarisk_dag.py:135} INFO - ✅ Guam: flood=CRITICAL(0.94) fire=LOW(0.14)
[2026-03-26T10:06:36.240+0000] {climarisk_dag.py:135} INFO - ✅ Paris: flood=MEDIUM(0.31) fire=LOW(0.05)
[2026-03-26T10:06:38.143+0000] {climarisk_dag.py:135} INFO - ✅ Lyon: flood=LOW(0.10) fire=LOW(0.05)
[2026-03-26T10:06:40.025+0000] {climarisk_dag.py:135} INFO - ✅ Marseille: flood=LOW(0.15) fire=LOW(0.05)
[2026-03-26T10:06:41.927+0000] {climarisk_dag.py:135} INFO - ✅ Toulouse: flood=LOW(0.05) fire=LOW(0.05)
[2026-03-26T10:06:43.830+0000] {climarisk_dag.py:135} INFO - ✅ Bordeaux: flood=LOW(0.12) fire=LOW(0.05)
[2026-03-26T10:06:45.761+0000] {climarisk_dag.py:135} INFO - ✅ Nantes: flood=LOW(0.21) fire=LOW(0.05)
[2026-03-26T10:06:47.658+0000] {climarisk_dag.py:135} INFO - ✅ Strasbourg: flood=LOW(0.04) fire=LOW(0.05)
[2026-03-26T10:06:49.554+0000] {climarisk_dag.py:135} INFO - ✅ Lille: flood=MEDIUM(0.37) fire=LOW(0.05)
[2026-03-26T10:06:49.972+0000] {climarisk_dag.py:135} INFO - ✅ Montpellier: flood=LOW(0.13) fire=LOW(0.05)
[2026-03-26T10:06:51.840+0000] {climarisk_dag.py:135} INFO - ✅ Nice: flood=LOW(0.15) fire=LOW(0.05)
[2026-03-26T10:06:53.747+0000] {climarisk_dag.py:135} INFO - ✅ London: flood=LOW(0.20) fire=LOW(0.05)
[2026-03-26T10:06:56.330+0000] {climarisk_dag.py:135} INFO - ✅ Birmingham: flood=LOW(0.21) fire=LOW(0.05)
[2026-03-26T10:06:58.179+0000] {climarisk_dag.py:135} INFO - ✅ Manchester: flood=LOW(0.26) fire=LOW(0.05)
[2026-03-26T10:07:00.069+0000] {climarisk_dag.py:135} INFO - ✅ Berlin: flood=LOW(0.15) fire=LOW(0.05)
[2026-03-26T10:07:01.942+0000] {climarisk_dag.py:135} INFO - ✅ Hamburg: flood=MEDIUM(0.37) fire=LOW(0.05)
[2026-03-26T10:07:03.829+0000] {climarisk_dag.py:135} INFO - ✅ Munich: flood=LOW(0.12) fire=LOW(0.05)
[2026-03-26T10:07:05.724+0000] {climarisk_dag.py:135} INFO - ✅ Frankfurt: flood=LOW(0.13) fire=LOW(0.05)
[2026-03-26T10:07:07.627+0000] {climarisk_dag.py:135} INFO - ✅ Madrid: flood=LOW(0.07) fire=LOW(0.06)
[2026-03-26T10:07:09.503+0000] {climarisk_dag.py:135} INFO - ✅ Barcelona: flood=LOW(0.12) fire=LOW(0.05)
[2026-03-26T10:07:11.426+0000] {climarisk_dag.py:135} INFO - ✅ Valencia: flood=LOW(0.15) fire=LOW(0.09)
[2026-03-26T10:07:13.321+0000] {climarisk_dag.py:135} INFO - ✅ Malaga: flood=LOW(0.14) fire=LOW(0.06)
[2026-03-26T10:07:15.217+0000] {climarisk_dag.py:135} INFO - ✅ Rome: flood=LOW(0.10) fire=LOW(0.05)
[2026-03-26T10:07:17.110+0000] {climarisk_dag.py:135} INFO - ✅ Milan: flood=LOW(0.15) fire=LOW(0.07)
[2026-03-26T10:07:17.487+0000] {climarisk_dag.py:135} INFO - ✅ Palermo: flood=LOW(0.14) fire=LOW(0.06)
[2026-03-26T10:07:19.318+0000] {climarisk_dag.py:135} INFO - ✅ Amsterdam: flood=MEDIUM(0.44) fire=LOW(0.05)
[2026-03-26T10:07:21.210+0000] {climarisk_dag.py:135} INFO - ✅ Brussels: flood=LOW(0.21) fire=LOW(0.05)
[2026-03-26T10:07:23.099+0000] {climarisk_dag.py:135} INFO - ✅ Vienna: flood=LOW(0.04) fire=LOW(0.05)
[2026-03-26T10:07:25.810+0000] {climarisk_dag.py:135} INFO - ✅ Zurich: flood=LOW(0.11) fire=LOW(0.05)
[2026-03-26T10:07:27.653+0000] {climarisk_dag.py:135} INFO - ✅ Stockholm: flood=LOW(0.15) fire=LOW(0.05)
[2026-03-26T10:07:29.559+0000] {climarisk_dag.py:135} INFO - ✅ Oslo: flood=MEDIUM(0.41) fire=LOW(0.05)
[2026-03-26T10:07:31.421+0000] {climarisk_dag.py:135} INFO - ✅ Copenhagen: flood=MEDIUM(0.34) fire=LOW(0.05)
[2026-03-26T10:07:33.324+0000] {climarisk_dag.py:135} INFO - ✅ Helsinki: flood=LOW(0.15) fire=LOW(0.05)
[2026-03-26T10:07:35.200+0000] {climarisk_dag.py:135} INFO - ✅ Warsaw: flood=LOW(0.06) fire=LOW(0.05)
[2026-03-26T10:07:37.086+0000] {climarisk_dag.py:135} INFO - ✅ Prague: flood=LOW(0.09) fire=LOW(0.05)
[2026-03-26T10:07:38.982+0000] {climarisk_dag.py:135} INFO - ✅ Budapest: flood=LOW(0.05) fire=LOW(0.05)
[2026-03-26T10:07:40.909+0000] {climarisk_dag.py:135} INFO - ✅ Bucharest: flood=LOW(0.22) fire=LOW(0.05)
[2026-03-26T10:07:42.854+0000] {climarisk_dag.py:135} INFO - ✅ Athens: flood=LOW(0.16) fire=LOW(0.05)
[2026-03-26T10:07:44.711+0000] {climarisk_dag.py:135} INFO - ✅ Thessaloniki: flood=LOW(0.21) fire=LOW(0.05)
[2026-03-26T10:07:45.943+0000] {climarisk_dag.py:135} INFO - ✅ Lisbon: flood=LOW(0.15) fire=LOW(0.13)
[2026-03-26T10:07:46.971+0000] {climarisk_dag.py:135} INFO - ✅ Moscow: flood=LOW(0.06) fire=LOW(0.05)
[2026-03-26T10:07:48.842+0000] {climarisk_dag.py:135} INFO - ✅ Saint Petersburg: flood=LOW(0.15) fire=LOW(0.05)
[2026-03-26T10:07:50.728+0000] {climarisk_dag.py:135} INFO - ✅ Krasnoyarsk: flood=LOW(0.06) fire=LOW(0.05)
[2026-03-26T10:07:52.622+0000] {climarisk_dag.py:135} INFO - ✅ Irkutsk: flood=LOW(0.07) fire=LOW(0.05)
[2026-03-26T10:07:55.294+0000] {climarisk_dag.py:135} INFO - ✅ Yakutsk: flood=LOW(0.05) fire=LOW(0.05)
[2026-03-26T10:07:57.209+0000] {climarisk_dag.py:135} INFO - ✅ Khabarovsk: flood=LOW(0.27) fire=LOW(0.05)
[2026-03-26T10:07:59.104+0000] {climarisk_dag.py:135} INFO - ✅ Kyiv: flood=LOW(0.15) fire=LOW(0.05)
[2026-03-26T10:08:00.970+0000] {climarisk_dag.py:135} INFO - ✅ New York: flood=MEDIUM(0.31) fire=LOW(0.05)
[2026-03-26T10:08:02.883+0000] {climarisk_dag.py:135} INFO - ✅ Los Angeles: flood=LOW(0.15) fire=LOW(0.24)
[2026-03-26T10:08:04.785+0000] {climarisk_dag.py:135} INFO - ✅ Chicago: flood=LOW(0.16) fire=LOW(0.05)
[2026-03-26T10:08:06.650+0000] {climarisk_dag.py:135} INFO - ✅ Houston: flood=LOW(0.15) fire=LOW(0.13)
[2026-03-26T10:08:08.549+0000] {climarisk_dag.py:135} INFO - ✅ Miami: flood=LOW(0.15) fire=LOW(0.16)
[2026-03-26T10:08:10.470+0000] {climarisk_dag.py:135} INFO - ✅ New Orleans: flood=LOW(0.15) fire=LOW(0.20)
[2026-03-26T10:08:12.378+0000] {climarisk_dag.py:135} INFO - ✅ Seattle: flood=LOW(0.15) fire=LOW(0.05)
[2026-03-26T10:08:14.276+0000] {climarisk_dag.py:135} INFO - ✅ Sacramento: flood=LOW(0.15) fire=LOW(0.09)
[2026-03-26T10:08:14.699+0000] {climarisk_dag.py:135} INFO - ✅ Fresno: flood=LOW(0.15) fire=LOW(0.14)
[2026-03-26T10:08:16.566+0000] {climarisk_dag.py:135} INFO - ✅ Redding: flood=LOW(0.15) fire=LOW(0.07)
[2026-03-26T10:08:18.420+0000] {climarisk_dag.py:135} INFO - ✅ Memphis: flood=LOW(0.15) fire=LOW(0.10)
[2026-03-26T10:08:20.327+0000] {climarisk_dag.py:135} INFO - ✅ Toronto: flood=LOW(0.22) fire=LOW(0.05)
[2026-03-26T10:08:22.199+0000] {climarisk_dag.py:135} INFO - ✅ Montreal: flood=MEDIUM(0.35) fire=LOW(0.05)
[2026-03-26T10:08:24.833+0000] {climarisk_dag.py:135} INFO - ✅ Vancouver: flood=LOW(0.26) fire=LOW(0.05)
[2026-03-26T10:08:26.736+0000] {climarisk_dag.py:135} INFO - ✅ Mexico City: flood=LOW(0.03) fire=LOW(0.05)
[2026-03-26T10:08:28.710+0000] {climarisk_dag.py:135} INFO - ✅ Veracruz: flood=MEDIUM(0.48) fire=LOW(0.05)
[2026-03-26T10:08:30.607+0000] {climarisk_dag.py:135} INFO - ✅ Cancún: flood=LOW(0.15) fire=LOW(0.10)
[2026-03-26T10:08:32.526+0000] {climarisk_dag.py:135} INFO - ✅ São Paulo: flood=LOW(0.12) fire=LOW(0.05)
[2026-03-26T10:08:34.417+0000] {climarisk_dag.py:135} INFO - ✅ Rio de Janeiro: flood=LOW(0.15) fire=LOW(0.11)
[2026-03-26T10:08:36.313+0000] {climarisk_dag.py:135} INFO - ✅ Belém: flood=MEDIUM(0.50) fire=LOW(0.05)
[2026-03-26T10:08:38.205+0000] {climarisk_dag.py:135} INFO - ✅ Marabá: flood=MEDIUM(0.33) fire=LOW(0.13)
[2026-03-26T10:08:40.110+0000] {climarisk_dag.py:135} INFO - ✅ Sinop: flood=MEDIUM(0.35) fire=LOW(0.05)
[2026-03-26T10:08:41.959+0000] {climarisk_dag.py:135} INFO - ✅ Porto Velho: flood=MEDIUM(0.46) fire=LOW(0.05)
[2026-03-26T10:08:42.334+0000] {climarisk_dag.py:135} INFO - ✅ Buenos Aires: flood=MEDIUM(0.34) fire=LOW(0.05)
[2026-03-26T10:08:44.204+0000] {climarisk_dag.py:135} INFO - ✅ Lima: flood=LOW(0.07) fire=LOW(0.10)
[2026-03-26T10:08:46.056+0000] {climarisk_dag.py:135} INFO - ✅ Bogotá: flood=LOW(0.08) fire=LOW(0.05)
[2026-03-26T10:08:47.938+0000] {climarisk_dag.py:135} INFO - ✅ Santiago: flood=LOW(0.07) fire=LOW(0.06)
[2026-03-26T10:08:49.803+0000] {climarisk_dag.py:135} INFO - ✅ Port-au-Prince: flood=MEDIUM(0.43) fire=LOW(0.13)
[2026-03-26T10:08:51.695+0000] {climarisk_dag.py:135} INFO - ✅ San Juan: flood=MEDIUM(0.66) fire=LOW(0.05)
[2026-03-26T10:08:54.319+0000] {climarisk_dag.py:135} INFO - ✅ Kingston: flood=MEDIUM(0.35) fire=LOW(0.05)
[2026-03-26T10:08:56.218+0000] {climarisk_dag.py:135} INFO - ✅ Port of Spain: flood=LOW(0.15) fire=LOW(0.14)
[2026-03-26T10:08:58.109+0000] {climarisk_dag.py:135} INFO - ✅ Sydney: flood=MEDIUM(0.32) fire=LOW(0.05)
[2026-03-26T10:09:00.024+0000] {climarisk_dag.py:135} INFO - ✅ Melbourne: flood=LOW(0.18) fire=LOW(0.05)
[2026-03-26T10:09:01.895+0000] {climarisk_dag.py:135} INFO - ✅ Brisbane: flood=LOW(0.15) fire=LOW(0.09)
[2026-03-26T10:09:03.781+0000] {climarisk_dag.py:135} INFO - ✅ Darwin: flood=HIGH(0.86) fire=LOW(0.12)
[2026-03-26T10:09:05.653+0000] {climarisk_dag.py:135} INFO - ✅ Alice Springs: flood=LOW(0.07) fire=LOW(0.07)
[2026-03-26T10:09:07.535+0000] {climarisk_dag.py:135} INFO - ✅ Cairns: flood=LOW(0.15) fire=LOW(0.10)
[2026-03-26T10:09:09.408+0000] {climarisk_dag.py:135} INFO - ✅ Auckland: flood=MEDIUM(0.54) fire=LOW(0.05)
[2026-03-26T10:09:11.306+0000] {climarisk_dag.py:135} INFO - ✅ Port Moresby: flood=MEDIUM(0.52) fire=LOW(0.05)
[2026-03-26T10:09:11.315+0000] {climarisk_dag.py:147} INFO - ✅ Done: 287 OK, 4 errors, 548.8s
[2026-03-26T10:09:11.338+0000] {taskinstance.py:441} INFO - ::group::Post task execution logs
[2026-03-26T10:09:11.341+0000] {taskinstance.py:2905} ERROR - Task failed with exception
Traceback (most recent call last):
  File "/home/airflow/.local/lib/python3.12/site-packages/airflow/models/taskinstance.py", line 465, in _execute_task
    result = _execute_callable(context=context, **execute_callable_kwargs)
             ^^^^^^^^^^^^^^^^^^^^^^^^^^^^^^^^^^^^^^^^^^^^^^^^^^^^^^^^^^^^^
  File "/home/airflow/.local/lib/python3.12/site-packages/airflow/models/taskinstance.py", line 432, in _execute_callable
    return execute_callable(context=context, **execute_callable_kwargs)
           ^^^^^^^^^^^^^^^^^^^^^^^^^^^^^^^^^^^^^^^^^^^^^^^^^^^^^^^^^^^^
  File "/home/airflow/.local/lib/python3.12/site-packages/airflow/models/baseoperator.py", line 400, in wrapper
    return func(self, *args, **kwargs)
           ^^^^^^^^^^^^^^^^^^^^^^^^^^^
  File "/home/airflow/.local/lib/python3.12/site-packages/airflow/operators/python.py", line 235, in execute
    return_value = self.execute_callable()
                   ^^^^^^^^^^^^^^^^^^^^^^^
  File "/home/airflow/.local/lib/python3.12/site-packages/airflow/operators/python.py", line 252, in execute_callable
    return self.python_callable(*self.op_args, **self.op_kwargs)
           ^^^^^^^^^^^^^^^^^^^^^^^^^^^^^^^^^^^^^^^^^^^^^^^^^^^^^
  File "/opt/airflow/dags/climarisk_dag.py", line 156, in predict_all_zones
    raise Exception(f"{errors} zone(s) failed — check logs above")
Exception: 4 zone(s) failed — check logs above
[2026-03-26T10:09:11.366+0000] {taskinstance.py:1206} INFO - Marking task as UP_FOR_RETRY. dag_id=***_predictions, task_id=predict_all_zones, run_id=scheduled__2026-03-26T05:00:00+00:00, execution_date=20260326T050000, start_date=20260326T100002, end_date=20260326T100911
[2026-03-26T10:09:11.381+0000] {standard_task_runner.py:110} ERROR - Failed to execute job 607 for task predict_all_zones (4 zone(s) failed — check logs above; 5009)
[2026-03-26T10:09:11.396+0000] {local_task_job_runner.py:240} INFO - Task exited with return code 1
[2026-03-26T10:09:11.419+0000] {taskinstance.py:3498} INFO - 0 downstream tasks scheduled from follow-on schedule check
[2026-03-26T10:09:11.421+0000] {local_task_job_runner.py:222} INFO - ::endgroup::
