[2026-03-25T14:05:38.828+0000] {local_task_job_runner.py:120} INFO - ::group::Pre task execution logs
[2026-03-25T14:05:38.858+0000] {taskinstance.py:2076} INFO - Dependencies all met for dep_context=non-requeueable deps ti=<TaskInstance: climarisk_predictions.predict_all_zones manual__2026-03-25T14:03:37.191269+00:00 [queued]>
[2026-03-25T14:05:38.865+0000] {taskinstance.py:2076} INFO - Dependencies all met for dep_context=requeueable deps ti=<TaskInstance: climarisk_predictions.predict_all_zones manual__2026-03-25T14:03:37.191269+00:00 [queued]>
[2026-03-25T14:05:38.866+0000] {taskinstance.py:2306} INFO - Starting attempt 1 of 2
[2026-03-25T14:05:38.875+0000] {taskinstance.py:2330} INFO - Executing <Task(PythonOperator): predict_all_zones> on 2026-03-25 14:03:37.191269+00:00
[2026-03-25T14:05:38.882+0000] {logging_mixin.py:188} WARNING - /home/airflow/.local/lib/python3.12/site-packages/airflow/task/task_runner/standard_task_runner.py:61 DeprecationWarning: This process (pid=349) is multi-threaded, use of fork() may lead to deadlocks in the child.
[2026-03-25T14:05:38.883+0000] {standard_task_runner.py:63} INFO - Started process 350 to run task
[2026-03-25T14:05:38.882+0000] {standard_task_runner.py:90} INFO - Running: ['airflow', 'tasks', 'run', '***_predictions', 'predict_all_zones', 'manual__2026-03-25T14:03:37.191269+00:00', '--job-id', '481', '--raw', '--subdir', 'DAGS_FOLDER/***_dag.py', '--cfg-path', '/tmp/tmpryjjwqk7']
[2026-03-25T14:05:38.883+0000] {standard_task_runner.py:91} INFO - Job 481: Subtask predict_all_zones
[2026-03-25T14:05:38.953+0000] {task_command.py:426} INFO - Running <TaskInstance: climarisk_predictions.predict_all_zones manual__2026-03-25T14:03:37.191269+00:00 [running]> on host 6146f0e8983c
[2026-03-25T14:05:39.047+0000] {taskinstance.py:2648} INFO - Exporting env vars: AIRFLOW_CTX_DAG_OWNER='***' AIRFLOW_CTX_DAG_ID='***_predictions' AIRFLOW_CTX_TASK_ID='predict_all_zones' AIRFLOW_CTX_EXECUTION_DATE='2026-03-25T14:03:37.191269+00:00' AIRFLOW_CTX_TRY_NUMBER='1' AIRFLOW_CTX_DAG_RUN_ID='manual__2026-03-25T14:03:37.191269+00:00'
[2026-03-25T14:05:39.048+0000] {taskinstance.py:430} INFO - ::endgroup::
[2026-03-25T14:05:39.582+0000] {climarisk_dag.py:153} ERROR - ❌ Alger: 500 Server Error: Internal Server Error for url: http://backend:8000/api/predictions/flood
[2026-03-25T14:05:39.911+0000] {climarisk_dag.py:153} ERROR - ❌ Cairo: 500 Server Error: Internal Server Error for url: http://backend:8000/api/predictions/flood
[2026-03-25T14:05:40.253+0000] {climarisk_dag.py:153} ERROR - ❌ Lagos: 500 Server Error: Internal Server Error for url: http://backend:8000/api/predictions/flood
[2026-03-25T14:05:40.598+0000] {climarisk_dag.py:153} ERROR - ❌ Kano: 500 Server Error: Internal Server Error for url: http://backend:8000/api/predictions/flood
[2026-03-25T14:05:40.931+0000] {climarisk_dag.py:153} ERROR - ❌ Abuja: 500 Server Error: Internal Server Error for url: http://backend:8000/api/predictions/flood
[2026-03-25T14:05:41.281+0000] {climarisk_dag.py:153} ERROR - ❌ Johannesburg: 500 Server Error: Internal Server Error for url: http://backend:8000/api/predictions/flood
[2026-03-25T14:05:41.593+0000] {climarisk_dag.py:153} ERROR - ❌ Cape Town: 500 Server Error: Internal Server Error for url: http://backend:8000/api/predictions/flood
[2026-03-25T14:05:41.964+0000] {climarisk_dag.py:153} ERROR - ❌ Nairobi: 500 Server Error: Internal Server Error for url: http://backend:8000/api/predictions/flood
[2026-03-25T14:05:43.259+0000] {climarisk_dag.py:153} ERROR - ❌ Addis Ababa: 500 Server Error: Internal Server Error for url: http://backend:8000/api/predictions/flood
[2026-03-25T14:05:43.593+0000] {climarisk_dag.py:153} ERROR - ❌ Dar es Salaam: 500 Server Error: Internal Server Error for url: http://backend:8000/api/predictions/flood
[2026-03-25T14:05:43.934+0000] {climarisk_dag.py:153} ERROR - ❌ Accra: 500 Server Error: Internal Server Error for url: http://backend:8000/api/predictions/flood
[2026-03-25T14:05:44.220+0000] {climarisk_dag.py:153} ERROR - ❌ Casablanca: 500 Server Error: Internal Server Error for url: http://backend:8000/api/predictions/flood
[2026-03-25T14:05:44.560+0000] {climarisk_dag.py:153} ERROR - ❌ Mohammedia: 500 Server Error: Internal Server Error for url: http://backend:8000/api/predictions/flood
[2026-03-25T14:05:44.892+0000] {climarisk_dag.py:153} ERROR - ❌ El Jadida: 500 Server Error: Internal Server Error for url: http://backend:8000/api/predictions/flood
[2026-03-25T14:05:45.231+0000] {climarisk_dag.py:153} ERROR - ❌ Settat: 500 Server Error: Internal Server Error for url: http://backend:8000/api/predictions/flood
[2026-03-25T14:05:45.559+0000] {climarisk_dag.py:153} ERROR - ❌ Berrechid: 500 Server Error: Internal Server Error for url: http://backend:8000/api/predictions/flood
[2026-03-25T14:05:45.876+0000] {climarisk_dag.py:153} ERROR - ❌ Benslimane: 500 Server Error: Internal Server Error for url: http://backend:8000/api/predictions/flood
[2026-03-25T14:05:46.168+0000] {climarisk_dag.py:153} ERROR - ❌ Sidi Bennour: 500 Server Error: Internal Server Error for url: http://backend:8000/api/predictions/flood
[2026-03-25T14:05:46.504+0000] {climarisk_dag.py:153} ERROR - ❌ Azemmour: 500 Server Error: Internal Server Error for url: http://backend:8000/api/predictions/flood
[2026-03-25T14:05:46.866+0000] {climarisk_dag.py:153} ERROR - ❌ Mediouna: 500 Server Error: Internal Server Error for url: http://backend:8000/api/predictions/flood
[2026-03-25T14:05:47.204+0000] {climarisk_dag.py:153} ERROR - ❌ Nouaceur: 500 Server Error: Internal Server Error for url: http://backend:8000/api/predictions/flood
[2026-03-25T14:05:47.536+0000] {climarisk_dag.py:153} ERROR - ❌ Rabat: 500 Server Error: Internal Server Error for url: http://backend:8000/api/predictions/flood
[2026-03-25T14:05:47.948+0000] {climarisk_dag.py:153} ERROR - ❌ Salé: 500 Server Error: Internal Server Error for url: http://backend:8000/api/predictions/flood
[2026-03-25T14:05:48.356+0000] {climarisk_dag.py:153} ERROR - ❌ Kénitra: 500 Server Error: Internal Server Error for url: http://backend:8000/api/predictions/flood
[2026-03-25T14:05:48.660+0000] {climarisk_dag.py:153} ERROR - ❌ Témara: 500 Server Error: Internal Server Error for url: http://backend:8000/api/predictions/flood
[2026-03-25T14:05:48.962+0000] {climarisk_dag.py:153} ERROR - ❌ Skhirat: 500 Server Error: Internal Server Error for url: http://backend:8000/api/predictions/flood
[2026-03-25T14:05:49.270+0000] {climarisk_dag.py:153} ERROR - ❌ Tiflet: 500 Server Error: Internal Server Error for url: http://backend:8000/api/predictions/flood
[2026-03-25T14:05:49.572+0000] {climarisk_dag.py:153} ERROR - ❌ Khémisset: 500 Server Error: Internal Server Error for url: http://backend:8000/api/predictions/flood
[2026-03-25T14:05:49.930+0000] {climarisk_dag.py:153} ERROR - ❌ Sidi Slimane: 500 Server Error: Internal Server Error for url: http://backend:8000/api/predictions/flood
[2026-03-25T14:05:50.231+0000] {climarisk_dag.py:153} ERROR - ❌ Sidi Kacem: 500 Server Error: Internal Server Error for url: http://backend:8000/api/predictions/flood
[2026-03-25T14:05:50.535+0000] {climarisk_dag.py:153} ERROR - ❌ Souk el Arba: 500 Server Error: Internal Server Error for url: http://backend:8000/api/predictions/flood
[2026-03-25T14:05:50.846+0000] {climarisk_dag.py:153} ERROR - ❌ Ouazzane: 500 Server Error: Internal Server Error for url: http://backend:8000/api/predictions/flood
[2026-03-25T14:05:51.154+0000] {climarisk_dag.py:153} ERROR - ❌ Fès: 500 Server Error: Internal Server Error for url: http://backend:8000/api/predictions/flood
[2026-03-25T14:05:51.439+0000] {climarisk_dag.py:153} ERROR - ❌ Meknès: 500 Server Error: Internal Server Error for url: http://backend:8000/api/predictions/flood
[2026-03-25T14:05:51.721+0000] {climarisk_dag.py:153} ERROR - ❌ Ifrane: 500 Server Error: Internal Server Error for url: http://backend:8000/api/predictions/flood
[2026-03-25T14:05:52.065+0000] {climarisk_dag.py:153} ERROR - ❌ Azrou: 500 Server Error: Internal Server Error for url: http://backend:8000/api/predictions/flood
[2026-03-25T14:05:52.446+0000] {climarisk_dag.py:153} ERROR - ❌ Taounate: 500 Server Error: Internal Server Error for url: http://backend:8000/api/predictions/flood
[2026-03-25T14:05:52.808+0000] {climarisk_dag.py:153} ERROR - ❌ Taza: 500 Server Error: Internal Server Error for url: http://backend:8000/api/predictions/flood
[2026-03-25T14:05:53.092+0000] {climarisk_dag.py:153} ERROR - ❌ Sefrou: 500 Server Error: Internal Server Error for url: http://backend:8000/api/predictions/flood
[2026-03-25T14:05:53.445+0000] {climarisk_dag.py:153} ERROR - ❌ Boulemane: 500 Server Error: Internal Server Error for url: http://backend:8000/api/predictions/flood
[2026-03-25T14:05:53.807+0000] {climarisk_dag.py:153} ERROR - ❌ El Hajeb: 500 Server Error: Internal Server Error for url: http://backend:8000/api/predictions/flood
[2026-03-25T14:05:54.099+0000] {climarisk_dag.py:153} ERROR - ❌ Missour: 500 Server Error: Internal Server Error for url: http://backend:8000/api/predictions/flood
[2026-03-25T14:05:54.390+0000] {climarisk_dag.py:153} ERROR - ❌ Guercif: 500 Server Error: Internal Server Error for url: http://backend:8000/api/predictions/flood
[2026-03-25T14:05:54.722+0000] {climarisk_dag.py:153} ERROR - ❌ Marrakech: 500 Server Error: Internal Server Error for url: http://backend:8000/api/predictions/flood
[2026-03-25T14:05:55.078+0000] {climarisk_dag.py:153} ERROR - ❌ Safi: 500 Server Error: Internal Server Error for url: http://backend:8000/api/predictions/flood
[2026-03-25T14:05:55.385+0000] {climarisk_dag.py:153} ERROR - ❌ Essaouira: 500 Server Error: Internal Server Error for url: http://backend:8000/api/predictions/flood
[2026-03-25T14:05:55.680+0000] {climarisk_dag.py:153} ERROR - ❌ El Kelaa des Sraghna: 500 Server Error: Internal Server Error for url: http://backend:8000/api/predictions/flood
[2026-03-25T14:05:56.030+0000] {climarisk_dag.py:153} ERROR - ❌ Chichaoua: 500 Server Error: Internal Server Error for url: http://backend:8000/api/predictions/flood
[2026-03-25T14:05:56.363+0000] {climarisk_dag.py:153} ERROR - ❌ Youssoufia: 500 Server Error: Internal Server Error for url: http://backend:8000/api/predictions/flood
[2026-03-25T14:05:56.714+0000] {climarisk_dag.py:153} ERROR - ❌ Ben Guerir: 500 Server Error: Internal Server Error for url: http://backend:8000/api/predictions/flood
[2026-03-25T14:05:57.000+0000] {climarisk_dag.py:153} ERROR - ❌ Tahanaout: 500 Server Error: Internal Server Error for url: http://backend:8000/api/predictions/flood
[2026-03-25T14:05:57.311+0000] {climarisk_dag.py:153} ERROR - ❌ Ait Ourir: 500 Server Error: Internal Server Error for url: http://backend:8000/api/predictions/flood
[2026-03-25T14:05:57.639+0000] {climarisk_dag.py:153} ERROR - ❌ Demnate: 500 Server Error: Internal Server Error for url: http://backend:8000/api/predictions/flood
[2026-03-25T14:05:57.837+0000] {climarisk_dag.py:153} ERROR - ❌ Tanger: 500 Server Error: Internal Server Error for url: http://backend:8000/api/predictions/flood
[2026-03-25T14:05:58.198+0000] {climarisk_dag.py:153} ERROR - ❌ Tétouan: 500 Server Error: Internal Server Error for url: http://backend:8000/api/predictions/flood
[2026-03-25T14:05:58.554+0000] {climarisk_dag.py:153} ERROR - ❌ Al Hoceïma: 500 Server Error: Internal Server Error for url: http://backend:8000/api/predictions/flood
[2026-03-25T14:05:58.825+0000] {climarisk_dag.py:153} ERROR - ❌ Larache: 500 Server Error: Internal Server Error for url: http://backend:8000/api/predictions/flood
[2026-03-25T14:05:59.100+0000] {climarisk_dag.py:153} ERROR - ❌ Chefchaouen: 500 Server Error: Internal Server Error for url: http://backend:8000/api/predictions/flood
[2026-03-25T14:05:59.457+0000] {climarisk_dag.py:153} ERROR - ❌ Asilah: 500 Server Error: Internal Server Error for url: http://backend:8000/api/predictions/flood
[2026-03-25T14:05:59.773+0000] {climarisk_dag.py:153} ERROR - ❌ Fnideq: 500 Server Error: Internal Server Error for url: http://backend:8000/api/predictions/flood
[2026-03-25T14:06:00.060+0000] {climarisk_dag.py:153} ERROR - ❌ Martil: 500 Server Error: Internal Server Error for url: http://backend:8000/api/predictions/flood
[2026-03-25T14:06:00.352+0000] {climarisk_dag.py:153} ERROR - ❌ Mdiq: 500 Server Error: Internal Server Error for url: http://backend:8000/api/predictions/flood
[2026-03-25T14:06:00.716+0000] {climarisk_dag.py:153} ERROR - ❌ Ksar el Kebir: 500 Server Error: Internal Server Error for url: http://backend:8000/api/predictions/flood
[2026-03-25T14:06:01.056+0000] {climarisk_dag.py:153} ERROR - ❌ Ouazzane: 500 Server Error: Internal Server Error for url: http://backend:8000/api/predictions/flood
[2026-03-25T14:06:01.393+0000] {climarisk_dag.py:153} ERROR - ❌ Targuist: 500 Server Error: Internal Server Error for url: http://backend:8000/api/predictions/flood
[2026-03-25T14:06:01.701+0000] {climarisk_dag.py:153} ERROR - ❌ Imzouren: 500 Server Error: Internal Server Error for url: http://backend:8000/api/predictions/flood
[2026-03-25T14:06:01.975+0000] {climarisk_dag.py:153} ERROR - ❌ Beni Mellal-Khenifra: 500 Server Error: Internal Server Error for url: http://backend:8000/api/predictions/flood
[2026-03-25T14:06:02.264+0000] {climarisk_dag.py:153} ERROR - ❌ Khénifra: 500 Server Error: Internal Server Error for url: http://backend:8000/api/predictions/flood
[2026-03-25T14:06:02.566+0000] {climarisk_dag.py:153} ERROR - ❌ Azilal: 500 Server Error: Internal Server Error for url: http://backend:8000/api/predictions/flood
[2026-03-25T14:06:02.841+0000] {climarisk_dag.py:153} ERROR - ❌ Nanjing: 500 Server Error: Internal Server Error for url: http://backend:8000/api/predictions/flood
[2026-03-25T14:06:03.174+0000] {climarisk_dag.py:153} ERROR - ❌ Khouribga: 500 Server Error: Internal Server Error for url: http://backend:8000/api/predictions/flood
[2026-03-25T14:06:03.515+0000] {climarisk_dag.py:153} ERROR - ❌ Fkih Ben Salah: 500 Server Error: Internal Server Error for url: http://backend:8000/api/predictions/flood
[2026-03-25T14:06:03.843+0000] {climarisk_dag.py:153} ERROR - ❌ Souk Sebt: 500 Server Error: Internal Server Error for url: http://backend:8000/api/predictions/flood
[2026-03-25T14:06:04.167+0000] {climarisk_dag.py:153} ERROR - ❌ Midelt: 500 Server Error: Internal Server Error for url: http://backend:8000/api/predictions/flood
[2026-03-25T14:06:04.481+0000] {climarisk_dag.py:153} ERROR - ❌ Zaouiat Cheikh: 500 Server Error: Internal Server Error for url: http://backend:8000/api/predictions/flood
[2026-03-25T14:06:04.810+0000] {climarisk_dag.py:153} ERROR - ❌ Oujda: 500 Server Error: Internal Server Error for url: http://backend:8000/api/predictions/flood
[2026-03-25T14:06:05.147+0000] {climarisk_dag.py:153} ERROR - ❌ Nador: 500 Server Error: Internal Server Error for url: http://backend:8000/api/predictions/flood
[2026-03-25T14:06:05.448+0000] {climarisk_dag.py:153} ERROR - ❌ Berkane: 500 Server Error: Internal Server Error for url: http://backend:8000/api/predictions/flood
[2026-03-25T14:06:05.799+0000] {climarisk_dag.py:153} ERROR - ❌ Taourirt: 500 Server Error: Internal Server Error for url: http://backend:8000/api/predictions/flood
[2026-03-25T14:06:06.136+0000] {climarisk_dag.py:153} ERROR - ❌ Jerada: 500 Server Error: Internal Server Error for url: http://backend:8000/api/predictions/flood
[2026-03-25T14:06:06.450+0000] {climarisk_dag.py:153} ERROR - ❌ Figuig: 500 Server Error: Internal Server Error for url: http://backend:8000/api/predictions/flood
[2026-03-25T14:06:06.748+0000] {climarisk_dag.py:153} ERROR - ❌ Bouarfa: 500 Server Error: Internal Server Error for url: http://backend:8000/api/predictions/flood
[2026-03-25T14:06:07.056+0000] {climarisk_dag.py:153} ERROR - ❌ Selouane: 500 Server Error: Internal Server Error for url: http://backend:8000/api/predictions/flood
[2026-03-25T14:06:07.342+0000] {climarisk_dag.py:153} ERROR - ❌ Zaio: 500 Server Error: Internal Server Error for url: http://backend:8000/api/predictions/flood
[2026-03-25T14:06:07.636+0000] {climarisk_dag.py:153} ERROR - ❌ Agadir: 500 Server Error: Internal Server Error for url: http://backend:8000/api/predictions/flood
[2026-03-25T14:06:08.023+0000] {climarisk_dag.py:153} ERROR - ❌ Inezgane: 500 Server Error: Internal Server Error for url: http://backend:8000/api/predictions/flood
[2026-03-25T14:06:08.340+0000] {climarisk_dag.py:153} ERROR - ❌ Tiznit: 500 Server Error: Internal Server Error for url: http://backend:8000/api/predictions/flood
[2026-03-25T14:06:08.648+0000] {climarisk_dag.py:153} ERROR - ❌ Taroudannt: 500 Server Error: Internal Server Error for url: http://backend:8000/api/predictions/flood
[2026-03-25T14:06:08.951+0000] {climarisk_dag.py:153} ERROR - ❌ Ouarzazate: 500 Server Error: Internal Server Error for url: http://backend:8000/api/predictions/flood
[2026-03-25T14:06:09.257+0000] {climarisk_dag.py:153} ERROR - ❌ Ait Melloul: 500 Server Error: Internal Server Error for url: http://backend:8000/api/predictions/flood
[2026-03-25T14:06:09.619+0000] {climarisk_dag.py:153} ERROR - ❌ Biougra: 500 Server Error: Internal Server Error for url: http://backend:8000/api/predictions/flood
[2026-03-25T14:06:09.970+0000] {climarisk_dag.py:153} ERROR - ❌ Chtouka Ait Baha: 500 Server Error: Internal Server Error for url: http://backend:8000/api/predictions/flood
[2026-03-25T14:06:10.324+0000] {climarisk_dag.py:153} ERROR - ❌ Tata: 500 Server Error: Internal Server Error for url: http://backend:8000/api/predictions/flood
[2026-03-25T14:06:10.781+0000] {climarisk_dag.py:153} ERROR - ❌ Sidi Ifni: 500 Server Error: Internal Server Error for url: http://backend:8000/api/predictions/flood
[2026-03-25T14:06:11.073+0000] {climarisk_dag.py:153} ERROR - ❌ Massa: 500 Server Error: Internal Server Error for url: http://backend:8000/api/predictions/flood
[2026-03-25T14:06:11.412+0000] {climarisk_dag.py:153} ERROR - ❌ Errachidia: 500 Server Error: Internal Server Error for url: http://backend:8000/api/predictions/flood
[2026-03-25T14:06:11.726+0000] {climarisk_dag.py:153} ERROR - ❌ Zagora: 500 Server Error: Internal Server Error for url: http://backend:8000/api/predictions/flood
[2026-03-25T14:06:12.062+0000] {climarisk_dag.py:153} ERROR - ❌ Tinghir: 500 Server Error: Internal Server Error for url: http://backend:8000/api/predictions/flood
[2026-03-25T14:06:12.372+0000] {climarisk_dag.py:153} ERROR - ❌ Ouarzazate: 500 Server Error: Internal Server Error for url: http://backend:8000/api/predictions/flood
[2026-03-25T14:06:12.664+0000] {climarisk_dag.py:153} ERROR - ❌ Rissani: 500 Server Error: Internal Server Error for url: http://backend:8000/api/predictions/flood
[2026-03-25T14:06:12.941+0000] {climarisk_dag.py:153} ERROR - ❌ Erfoud: 500 Server Error: Internal Server Error for url: http://backend:8000/api/predictions/flood
[2026-03-25T14:06:14.196+0000] {climarisk_dag.py:153} ERROR - ❌ Merzouga: 500 Server Error: Internal Server Error for url: http://backend:8000/api/predictions/flood
[2026-03-25T14:06:14.494+0000] {climarisk_dag.py:153} ERROR - ❌ Alnif: 500 Server Error: Internal Server Error for url: http://backend:8000/api/predictions/flood
[2026-03-25T14:06:14.863+0000] {climarisk_dag.py:153} ERROR - ❌ Goulmima: 500 Server Error: Internal Server Error for url: http://backend:8000/api/predictions/flood
[2026-03-25T14:06:15.188+0000] {climarisk_dag.py:153} ERROR - ❌ Laâyoune: 500 Server Error: Internal Server Error for url: http://backend:8000/api/predictions/flood
[2026-03-25T14:06:15.536+0000] {climarisk_dag.py:153} ERROR - ❌ Boujdour: 500 Server Error: Internal Server Error for url: http://backend:8000/api/predictions/flood
[2026-03-25T14:06:15.817+0000] {climarisk_dag.py:153} ERROR - ❌ Tarfaya: 500 Server Error: Internal Server Error for url: http://backend:8000/api/predictions/flood
[2026-03-25T14:06:16.172+0000] {climarisk_dag.py:153} ERROR - ❌ Smara: 500 Server Error: Internal Server Error for url: http://backend:8000/api/predictions/flood
[2026-03-25T14:06:16.514+0000] {climarisk_dag.py:153} ERROR - ❌ El Marsa: 500 Server Error: Internal Server Error for url: http://backend:8000/api/predictions/flood
[2026-03-25T14:06:16.800+0000] {climarisk_dag.py:153} ERROR - ❌ Dakhla: 500 Server Error: Internal Server Error for url: http://backend:8000/api/predictions/flood
[2026-03-25T14:06:17.145+0000] {climarisk_dag.py:153} ERROR - ❌ Aousserd: 500 Server Error: Internal Server Error for url: http://backend:8000/api/predictions/flood
[2026-03-25T14:06:17.514+0000] {climarisk_dag.py:153} ERROR - ❌ Guelmim: 500 Server Error: Internal Server Error for url: http://backend:8000/api/predictions/flood
[2026-03-25T14:06:17.803+0000] {climarisk_dag.py:153} ERROR - ❌ Tan-Tan: 500 Server Error: Internal Server Error for url: http://backend:8000/api/predictions/flood
[2026-03-25T14:06:18.143+0000] {climarisk_dag.py:153} ERROR - ❌ Assa: 500 Server Error: Internal Server Error for url: http://backend:8000/api/predictions/flood
[2026-03-25T14:06:18.455+0000] {climarisk_dag.py:153} ERROR - ❌ Zag: 500 Server Error: Internal Server Error for url: http://backend:8000/api/predictions/flood
[2026-03-25T14:06:18.805+0000] {climarisk_dag.py:153} ERROR - ❌ Sidi Ifni: 500 Server Error: Internal Server Error for url: http://backend:8000/api/predictions/flood
[2026-03-25T14:06:19.111+0000] {climarisk_dag.py:153} ERROR - ❌ Tiznit: 500 Server Error: Internal Server Error for url: http://backend:8000/api/predictions/flood
[2026-03-25T14:06:19.387+0000] {climarisk_dag.py:153} ERROR - ❌ Tunis: 500 Server Error: Internal Server Error for url: http://backend:8000/api/predictions/flood
[2026-03-25T14:06:19.719+0000] {climarisk_dag.py:153} ERROR - ❌ Kampala: 500 Server Error: Internal Server Error for url: http://backend:8000/api/predictions/flood
[2026-03-25T14:06:20.033+0000] {climarisk_dag.py:153} ERROR - ❌ Dakar: 500 Server Error: Internal Server Error for url: http://backend:8000/api/predictions/flood
[2026-03-25T14:06:20.358+0000] {climarisk_dag.py:153} ERROR - ❌ Kinshasa: 500 Server Error: Internal Server Error for url: http://backend:8000/api/predictions/flood
[2026-03-25T14:06:20.712+0000] {climarisk_dag.py:153} ERROR - ❌ Luanda: 500 Server Error: Internal Server Error for url: http://backend:8000/api/predictions/flood
[2026-03-25T14:06:21.014+0000] {climarisk_dag.py:153} ERROR - ❌ Khartoum: 500 Server Error: Internal Server Error for url: http://backend:8000/api/predictions/flood
[2026-03-25T14:06:21.342+0000] {climarisk_dag.py:153} ERROR - ❌ Harare: 500 Server Error: Internal Server Error for url: http://backend:8000/api/predictions/flood
[2026-03-25T14:06:21.658+0000] {climarisk_dag.py:153} ERROR - ❌ Lusaka: 500 Server Error: Internal Server Error for url: http://backend:8000/api/predictions/flood
[2026-03-25T14:06:21.947+0000] {climarisk_dag.py:153} ERROR - ❌ Maputo: 500 Server Error: Internal Server Error for url: http://backend:8000/api/predictions/flood
[2026-03-25T14:06:22.284+0000] {climarisk_dag.py:153} ERROR - ❌ Antananarivo: 500 Server Error: Internal Server Error for url: http://backend:8000/api/predictions/flood
[2026-03-25T14:06:22.588+0000] {climarisk_dag.py:153} ERROR - ❌ Abidjan: 500 Server Error: Internal Server Error for url: http://backend:8000/api/predictions/flood
[2026-03-25T14:06:22.878+0000] {climarisk_dag.py:153} ERROR - ❌ Douala: 500 Server Error: Internal Server Error for url: http://backend:8000/api/predictions/flood
[2026-03-25T14:06:23.189+0000] {climarisk_dag.py:153} ERROR - ❌ Niamey: 500 Server Error: Internal Server Error for url: http://backend:8000/api/predictions/flood
[2026-03-25T14:06:23.503+0000] {climarisk_dag.py:153} ERROR - ❌ Ouagadougou: 500 Server Error: Internal Server Error for url: http://backend:8000/api/predictions/flood
[2026-03-25T14:06:23.836+0000] {climarisk_dag.py:153} ERROR - ❌ Bamako: 500 Server Error: Internal Server Error for url: http://backend:8000/api/predictions/flood
[2026-03-25T14:06:24.136+0000] {climarisk_dag.py:153} ERROR - ❌ Windhoek: 500 Server Error: Internal Server Error for url: http://backend:8000/api/predictions/flood
[2026-03-25T14:06:24.438+0000] {climarisk_dag.py:153} ERROR - ❌ Port Harcourt: 500 Server Error: Internal Server Error for url: http://backend:8000/api/predictions/flood
[2026-03-25T14:06:24.748+0000] {climarisk_dag.py:153} ERROR - ❌ Warri: 500 Server Error: Internal Server Error for url: http://backend:8000/api/predictions/flood
[2026-03-25T14:06:25.029+0000] {climarisk_dag.py:153} ERROR - ❌ Calabar: 500 Server Error: Internal Server Error for url: http://backend:8000/api/predictions/flood
[2026-03-25T14:06:25.378+0000] {climarisk_dag.py:153} ERROR - ❌ Beijing: 500 Server Error: Internal Server Error for url: http://backend:8000/api/predictions/flood
[2026-03-25T14:06:25.759+0000] {climarisk_dag.py:153} ERROR - ❌ Shanghai: 500 Server Error: Internal Server Error for url: http://backend:8000/api/predictions/flood
[2026-03-25T14:06:26.111+0000] {climarisk_dag.py:153} ERROR - ❌ Guangzhou: 500 Server Error: Internal Server Error for url: http://backend:8000/api/predictions/flood
[2026-03-25T14:06:26.448+0000] {climarisk_dag.py:153} ERROR - ❌ Chengdu: 500 Server Error: Internal Server Error for url: http://backend:8000/api/predictions/flood
[2026-03-25T14:06:26.794+0000] {climarisk_dag.py:153} ERROR - ❌ Wuhan: 500 Server Error: Internal Server Error for url: http://backend:8000/api/predictions/flood
[2026-03-25T14:06:27.146+0000] {climarisk_dag.py:153} ERROR - ❌ Chongqing: 500 Server Error: Internal Server Error for url: http://backend:8000/api/predictions/flood
[2026-03-25T14:06:27.527+0000] {climarisk_dag.py:153} ERROR - ❌ Zhengzhou: 500 Server Error: Internal Server Error for url: http://backend:8000/api/predictions/flood
[2026-03-25T14:06:27.720+0000] {climarisk_dag.py:153} ERROR - ❌ Changsha: 500 Server Error: Internal Server Error for url: http://backend:8000/api/predictions/flood
[2026-03-25T14:06:28.070+0000] {climarisk_dag.py:153} ERROR - ❌ Nanchang: 500 Server Error: Internal Server Error for url: http://backend:8000/api/predictions/flood
[2026-03-25T14:06:28.379+0000] {climarisk_dag.py:153} ERROR - ❌ Yichang: 500 Server Error: Internal Server Error for url: http://backend:8000/api/predictions/flood
[2026-03-25T14:06:28.722+0000] {climarisk_dag.py:153} ERROR - ❌ Haikou: 500 Server Error: Internal Server Error for url: http://backend:8000/api/predictions/flood
[2026-03-25T14:06:29.057+0000] {climarisk_dag.py:153} ERROR - ❌ Hong Kong: 500 Server Error: Internal Server Error for url: http://backend:8000/api/predictions/flood
[2026-03-25T14:06:29.421+0000] {climarisk_dag.py:153} ERROR - ❌ Taipei: 500 Server Error: Internal Server Error for url: http://backend:8000/api/predictions/flood
[2026-03-25T14:06:29.712+0000] {climarisk_dag.py:153} ERROR - ❌ Kaohsiung: 500 Server Error: Internal Server Error for url: http://backend:8000/api/predictions/flood
[2026-03-25T14:06:29.984+0000] {climarisk_dag.py:153} ERROR - ❌ Mumbai: 500 Server Error: Internal Server Error for url: http://backend:8000/api/predictions/flood
[2026-03-25T14:06:30.281+0000] {climarisk_dag.py:153} ERROR - ❌ Delhi: 500 Server Error: Internal Server Error for url: http://backend:8000/api/predictions/flood
[2026-03-25T14:06:30.632+0000] {climarisk_dag.py:153} ERROR - ❌ Bangalore: 500 Server Error: Internal Server Error for url: http://backend:8000/api/predictions/flood
[2026-03-25T14:06:30.944+0000] {climarisk_dag.py:153} ERROR - ❌ Chennai: 500 Server Error: Internal Server Error for url: http://backend:8000/api/predictions/flood
[2026-03-25T14:06:31.269+0000] {climarisk_dag.py:153} ERROR - ❌ Kolkata: 500 Server Error: Internal Server Error for url: http://backend:8000/api/predictions/flood
[2026-03-25T14:06:31.591+0000] {climarisk_dag.py:153} ERROR - ❌ Patna: 500 Server Error: Internal Server Error for url: http://backend:8000/api/predictions/flood
[2026-03-25T14:06:31.924+0000] {climarisk_dag.py:153} ERROR - ❌ Guwahati: 500 Server Error: Internal Server Error for url: http://backend:8000/api/predictions/flood
[2026-03-25T14:06:32.225+0000] {climarisk_dag.py:153} ERROR - ❌ Varanasi: 500 Server Error: Internal Server Error for url: http://backend:8000/api/predictions/flood
[2026-03-25T14:06:32.554+0000] {climarisk_dag.py:153} ERROR - ❌ Muzaffarpur: 500 Server Error: Internal Server Error for url: http://backend:8000/api/predictions/flood
[2026-03-25T14:06:32.897+0000] {climarisk_dag.py:153} ERROR - ❌ Visakhapatnam: 500 Server Error: Internal Server Error for url: http://backend:8000/api/predictions/flood
[2026-03-25T14:06:33.192+0000] {climarisk_dag.py:153} ERROR - ❌ Vijayawada: 500 Server Error: Internal Server Error for url: http://backend:8000/api/predictions/flood
[2026-03-25T14:06:33.605+0000] {climarisk_dag.py:153} ERROR - ❌ Tokyo: 500 Server Error: Internal Server Error for url: http://backend:8000/api/predictions/flood
[2026-03-25T14:06:33.897+0000] {climarisk_dag.py:153} ERROR - ❌ Osaka: 500 Server Error: Internal Server Error for url: http://backend:8000/api/predictions/flood
[2026-03-25T14:06:34.227+0000] {climarisk_dag.py:153} ERROR - ❌ Sapporo: 500 Server Error: Internal Server Error for url: http://backend:8000/api/predictions/flood
[2026-03-25T14:06:34.564+0000] {climarisk_dag.py:153} ERROR - ❌ Naha: 500 Server Error: Internal Server Error for url: http://backend:8000/api/predictions/flood
[2026-03-25T14:06:34.898+0000] {climarisk_dag.py:153} ERROR - ❌ Seoul: 500 Server Error: Internal Server Error for url: http://backend:8000/api/predictions/flood
[2026-03-25T14:06:35.192+0000] {climarisk_dag.py:153} ERROR - ❌ Busan: 500 Server Error: Internal Server Error for url: http://backend:8000/api/predictions/flood
[2026-03-25T14:06:35.569+0000] {climarisk_dag.py:153} ERROR - ❌ Bangkok: 500 Server Error: Internal Server Error for url: http://backend:8000/api/predictions/flood
[2026-03-25T14:06:35.893+0000] {climarisk_dag.py:153} ERROR - ❌ Chiang Mai: 500 Server Error: Internal Server Error for url: http://backend:8000/api/predictions/flood
[2026-03-25T14:06:36.228+0000] {climarisk_dag.py:153} ERROR - ❌ Jakarta: 500 Server Error: Internal Server Error for url: http://backend:8000/api/predictions/flood
[2026-03-25T14:06:36.540+0000] {climarisk_dag.py:153} ERROR - ❌ Surabaya: 500 Server Error: Internal Server Error for url: http://backend:8000/api/predictions/flood
[2026-03-25T14:06:36.861+0000] {climarisk_dag.py:153} ERROR - ❌ Medan: 500 Server Error: Internal Server Error for url: http://backend:8000/api/predictions/flood
[2026-03-25T14:06:37.149+0000] {climarisk_dag.py:153} ERROR - ❌ Manila: 500 Server Error: Internal Server Error for url: http://backend:8000/api/predictions/flood
[2026-03-25T14:06:37.479+0000] {climarisk_dag.py:153} ERROR - ❌ Cebu: 500 Server Error: Internal Server Error for url: http://backend:8000/api/predictions/flood
[2026-03-25T14:06:37.802+0000] {climarisk_dag.py:153} ERROR - ❌ Tacloban: 500 Server Error: Internal Server Error for url: http://backend:8000/api/predictions/flood
[2026-03-25T14:06:38.180+0000] {climarisk_dag.py:153} ERROR - ❌ Legazpi: 500 Server Error: Internal Server Error for url: http://backend:8000/api/predictions/flood
[2026-03-25T14:06:38.535+0000] {climarisk_dag.py:153} ERROR - ❌ Zamboanga: 500 Server Error: Internal Server Error for url: http://backend:8000/api/predictions/flood
[2026-03-25T14:06:38.839+0000] {climarisk_dag.py:153} ERROR - ❌ Kuala Lumpur: 500 Server Error: Internal Server Error for url: http://backend:8000/api/predictions/flood
[2026-03-25T14:06:39.211+0000] {climarisk_dag.py:153} ERROR - ❌ Singapore: 500 Server Error: Internal Server Error for url: http://backend:8000/api/predictions/flood
[2026-03-25T14:06:39.573+0000] {climarisk_dag.py:153} ERROR - ❌ Ho Chi Minh City: 500 Server Error: Internal Server Error for url: http://backend:8000/api/predictions/flood
[2026-03-25T14:06:39.953+0000] {climarisk_dag.py:153} ERROR - ❌ Hanoi: 500 Server Error: Internal Server Error for url: http://backend:8000/api/predictions/flood
[2026-03-25T14:06:40.276+0000] {climarisk_dag.py:153} ERROR - ❌ Da Nang: 500 Server Error: Internal Server Error for url: http://backend:8000/api/predictions/flood
[2026-03-25T14:06:40.627+0000] {climarisk_dag.py:153} ERROR - ❌ Can Tho: 500 Server Error: Internal Server Error for url: http://backend:8000/api/predictions/flood
[2026-03-25T14:06:40.975+0000] {climarisk_dag.py:153} ERROR - ❌ My Tho: 500 Server Error: Internal Server Error for url: http://backend:8000/api/predictions/flood
[2026-03-25T14:06:41.307+0000] {climarisk_dag.py:153} ERROR - ❌ Dhaka: 500 Server Error: Internal Server Error for url: http://backend:8000/api/predictions/flood
[2026-03-25T14:06:41.591+0000] {climarisk_dag.py:153} ERROR - ❌ Chittagong: 500 Server Error: Internal Server Error for url: http://backend:8000/api/predictions/flood
[2026-03-25T14:06:41.929+0000] {climarisk_dag.py:153} ERROR - ❌ Sylhet: 500 Server Error: Internal Server Error for url: http://backend:8000/api/predictions/flood
[2026-03-25T14:06:42.296+0000] {climarisk_dag.py:153} ERROR - ❌ Khulna: 500 Server Error: Internal Server Error for url: http://backend:8000/api/predictions/flood
[2026-03-25T14:06:42.672+0000] {climarisk_dag.py:153} ERROR - ❌ Cox's Bazar: 500 Server Error: Internal Server Error for url: http://backend:8000/api/predictions/flood
[2026-03-25T14:06:43.014+0000] {climarisk_dag.py:153} ERROR - ❌ Karachi: 500 Server Error: Internal Server Error for url: http://backend:8000/api/predictions/flood
[2026-03-25T14:06:43.293+0000] {climarisk_dag.py:153} ERROR - ❌ Lahore: 500 Server Error: Internal Server Error for url: http://backend:8000/api/predictions/flood
[2026-03-25T14:06:43.663+0000] {climarisk_dag.py:153} ERROR - ❌ Colombo: 500 Server Error: Internal Server Error for url: http://backend:8000/api/predictions/flood
[2026-03-25T14:06:43.941+0000] {climarisk_dag.py:153} ERROR - ❌ Kathmandu: 500 Server Error: Internal Server Error for url: http://backend:8000/api/predictions/flood
[2026-03-25T14:06:45.118+0000] {climarisk_dag.py:153} ERROR - ❌ Yangon: 500 Server Error: Internal Server Error for url: http://backend:8000/api/predictions/flood
[2026-03-25T14:06:45.401+0000] {climarisk_dag.py:153} ERROR - ❌ Sittwe: 500 Server Error: Internal Server Error for url: http://backend:8000/api/predictions/flood
[2026-03-25T14:06:45.719+0000] {climarisk_dag.py:153} ERROR - ❌ Phnom Penh: 500 Server Error: Internal Server Error for url: http://backend:8000/api/predictions/flood
[2026-03-25T14:06:46.053+0000] {climarisk_dag.py:153} ERROR - ❌ Riyadh: 500 Server Error: Internal Server Error for url: http://backend:8000/api/predictions/flood
[2026-03-25T14:06:46.419+0000] {climarisk_dag.py:153} ERROR - ❌ Dubai: 500 Server Error: Internal Server Error for url: http://backend:8000/api/predictions/flood
[2026-03-25T14:06:46.739+0000] {climarisk_dag.py:153} ERROR - ❌ Tehran: 500 Server Error: Internal Server Error for url: http://backend:8000/api/predictions/flood
[2026-03-25T14:06:47.025+0000] {climarisk_dag.py:153} ERROR - ❌ Istanbul: 500 Server Error: Internal Server Error for url: http://backend:8000/api/predictions/flood
[2026-03-25T14:06:47.382+0000] {climarisk_dag.py:153} ERROR - ❌ Ankara: 500 Server Error: Internal Server Error for url: http://backend:8000/api/predictions/flood
[2026-03-25T14:06:47.735+0000] {climarisk_dag.py:153} ERROR - ❌ Baghdad: 500 Server Error: Internal Server Error for url: http://backend:8000/api/predictions/flood
[2026-03-25T14:06:48.087+0000] {climarisk_dag.py:153} ERROR - ❌ Baku: 500 Server Error: Internal Server Error for url: http://backend:8000/api/predictions/flood
[2026-03-25T14:06:48.374+0000] {climarisk_dag.py:153} ERROR - ❌ Tashkent: 500 Server Error: Internal Server Error for url: http://backend:8000/api/predictions/flood
[2026-03-25T14:06:48.655+0000] {climarisk_dag.py:153} ERROR - ❌ Almaty: 500 Server Error: Internal Server Error for url: http://backend:8000/api/predictions/flood
[2026-03-25T14:06:48.975+0000] {climarisk_dag.py:153} ERROR - ❌ Guam: 500 Server Error: Internal Server Error for url: http://backend:8000/api/predictions/flood
[2026-03-25T14:06:49.331+0000] {climarisk_dag.py:153} ERROR - ❌ Paris: 500 Server Error: Internal Server Error for url: http://backend:8000/api/predictions/flood
[2026-03-25T14:06:49.651+0000] {climarisk_dag.py:153} ERROR - ❌ Lyon: 500 Server Error: Internal Server Error for url: http://backend:8000/api/predictions/flood
[2026-03-25T14:06:49.959+0000] {climarisk_dag.py:153} ERROR - ❌ Marseille: 500 Server Error: Internal Server Error for url: http://backend:8000/api/predictions/flood
[2026-03-25T14:06:50.317+0000] {climarisk_dag.py:153} ERROR - ❌ Toulouse: 500 Server Error: Internal Server Error for url: http://backend:8000/api/predictions/flood
[2026-03-25T14:06:50.716+0000] {climarisk_dag.py:153} ERROR - ❌ Bordeaux: 500 Server Error: Internal Server Error for url: http://backend:8000/api/predictions/flood
[2026-03-25T14:06:51.082+0000] {climarisk_dag.py:153} ERROR - ❌ Nantes: 500 Server Error: Internal Server Error for url: http://backend:8000/api/predictions/flood
[2026-03-25T14:06:51.459+0000] {climarisk_dag.py:153} ERROR - ❌ Strasbourg: 500 Server Error: Internal Server Error for url: http://backend:8000/api/predictions/flood
[2026-03-25T14:06:51.759+0000] {climarisk_dag.py:153} ERROR - ❌ Lille: 500 Server Error: Internal Server Error for url: http://backend:8000/api/predictions/flood
[2026-03-25T14:06:52.141+0000] {climarisk_dag.py:153} ERROR - ❌ Montpellier: 500 Server Error: Internal Server Error for url: http://backend:8000/api/predictions/flood
[2026-03-25T14:06:52.491+0000] {climarisk_dag.py:153} ERROR - ❌ Nice: 500 Server Error: Internal Server Error for url: http://backend:8000/api/predictions/flood
[2026-03-25T14:06:52.828+0000] {climarisk_dag.py:153} ERROR - ❌ London: 500 Server Error: Internal Server Error for url: http://backend:8000/api/predictions/flood
[2026-03-25T14:06:53.169+0000] {climarisk_dag.py:153} ERROR - ❌ Birmingham: 500 Server Error: Internal Server Error for url: http://backend:8000/api/predictions/flood
[2026-03-25T14:06:53.567+0000] {climarisk_dag.py:153} ERROR - ❌ Manchester: 500 Server Error: Internal Server Error for url: http://backend:8000/api/predictions/flood
[2026-03-25T14:06:53.911+0000] {climarisk_dag.py:153} ERROR - ❌ Berlin: 500 Server Error: Internal Server Error for url: http://backend:8000/api/predictions/flood
[2026-03-25T14:06:54.258+0000] {climarisk_dag.py:153} ERROR - ❌ Hamburg: 500 Server Error: Internal Server Error for url: http://backend:8000/api/predictions/flood
[2026-03-25T14:06:54.601+0000] {climarisk_dag.py:153} ERROR - ❌ Munich: 500 Server Error: Internal Server Error for url: http://backend:8000/api/predictions/flood
[2026-03-25T14:06:54.938+0000] {climarisk_dag.py:153} ERROR - ❌ Frankfurt: 500 Server Error: Internal Server Error for url: http://backend:8000/api/predictions/flood
[2026-03-25T14:06:55.296+0000] {climarisk_dag.py:153} ERROR - ❌ Madrid: 500 Server Error: Internal Server Error for url: http://backend:8000/api/predictions/flood
[2026-03-25T14:06:55.634+0000] {climarisk_dag.py:153} ERROR - ❌ Barcelona: 500 Server Error: Internal Server Error for url: http://backend:8000/api/predictions/flood
[2026-03-25T14:06:55.986+0000] {climarisk_dag.py:153} ERROR - ❌ Valencia: 500 Server Error: Internal Server Error for url: http://backend:8000/api/predictions/flood
[2026-03-25T14:06:56.344+0000] {climarisk_dag.py:153} ERROR - ❌ Malaga: 500 Server Error: Internal Server Error for url: http://backend:8000/api/predictions/flood
[2026-03-25T14:06:56.653+0000] {climarisk_dag.py:153} ERROR - ❌ Rome: 500 Server Error: Internal Server Error for url: http://backend:8000/api/predictions/flood
[2026-03-25T14:06:57.002+0000] {climarisk_dag.py:153} ERROR - ❌ Milan: 500 Server Error: Internal Server Error for url: http://backend:8000/api/predictions/flood
[2026-03-25T14:06:57.341+0000] {climarisk_dag.py:153} ERROR - ❌ Palermo: 500 Server Error: Internal Server Error for url: http://backend:8000/api/predictions/flood
[2026-03-25T14:06:57.526+0000] {climarisk_dag.py:153} ERROR - ❌ Amsterdam: 500 Server Error: Internal Server Error for url: http://backend:8000/api/predictions/flood
[2026-03-25T14:06:57.832+0000] {climarisk_dag.py:153} ERROR - ❌ Brussels: 500 Server Error: Internal Server Error for url: http://backend:8000/api/predictions/flood
[2026-03-25T14:06:58.172+0000] {climarisk_dag.py:153} ERROR - ❌ Vienna: 500 Server Error: Internal Server Error for url: http://backend:8000/api/predictions/flood
[2026-03-25T14:06:58.498+0000] {climarisk_dag.py:153} ERROR - ❌ Zurich: 500 Server Error: Internal Server Error for url: http://backend:8000/api/predictions/flood
[2026-03-25T14:06:58.770+0000] {climarisk_dag.py:153} ERROR - ❌ Stockholm: 500 Server Error: Internal Server Error for url: http://backend:8000/api/predictions/flood
[2026-03-25T14:06:59.118+0000] {climarisk_dag.py:153} ERROR - ❌ Oslo: 500 Server Error: Internal Server Error for url: http://backend:8000/api/predictions/flood
[2026-03-25T14:06:59.416+0000] {climarisk_dag.py:153} ERROR - ❌ Copenhagen: 500 Server Error: Internal Server Error for url: http://backend:8000/api/predictions/flood
[2026-03-25T14:06:59.707+0000] {climarisk_dag.py:153} ERROR - ❌ Helsinki: 500 Server Error: Internal Server Error for url: http://backend:8000/api/predictions/flood
[2026-03-25T14:07:00.025+0000] {climarisk_dag.py:153} ERROR - ❌ Warsaw: 500 Server Error: Internal Server Error for url: http://backend:8000/api/predictions/flood
[2026-03-25T14:07:00.345+0000] {climarisk_dag.py:153} ERROR - ❌ Prague: 500 Server Error: Internal Server Error for url: http://backend:8000/api/predictions/flood
[2026-03-25T14:07:00.741+0000] {climarisk_dag.py:153} ERROR - ❌ Budapest: 500 Server Error: Internal Server Error for url: http://backend:8000/api/predictions/flood
[2026-03-25T14:07:01.072+0000] {climarisk_dag.py:153} ERROR - ❌ Bucharest: 500 Server Error: Internal Server Error for url: http://backend:8000/api/predictions/flood
[2026-03-25T14:07:01.414+0000] {climarisk_dag.py:153} ERROR - ❌ Athens: 500 Server Error: Internal Server Error for url: http://backend:8000/api/predictions/flood
[2026-03-25T14:07:01.781+0000] {climarisk_dag.py:153} ERROR - ❌ Thessaloniki: 500 Server Error: Internal Server Error for url: http://backend:8000/api/predictions/flood
[2026-03-25T14:07:02.115+0000] {climarisk_dag.py:153} ERROR - ❌ Lisbon: 500 Server Error: Internal Server Error for url: http://backend:8000/api/predictions/flood
[2026-03-25T14:07:02.424+0000] {climarisk_dag.py:153} ERROR - ❌ Moscow: 500 Server Error: Internal Server Error for url: http://backend:8000/api/predictions/flood
[2026-03-25T14:07:02.750+0000] {climarisk_dag.py:153} ERROR - ❌ Saint Petersburg: 500 Server Error: Internal Server Error for url: http://backend:8000/api/predictions/flood
[2026-03-25T14:07:03.047+0000] {climarisk_dag.py:153} ERROR - ❌ Krasnoyarsk: 500 Server Error: Internal Server Error for url: http://backend:8000/api/predictions/flood
[2026-03-25T14:07:03.378+0000] {climarisk_dag.py:153} ERROR - ❌ Irkutsk: 500 Server Error: Internal Server Error for url: http://backend:8000/api/predictions/flood
[2026-03-25T14:07:03.665+0000] {climarisk_dag.py:153} ERROR - ❌ Yakutsk: 500 Server Error: Internal Server Error for url: http://backend:8000/api/predictions/flood
[2026-03-25T14:07:04.015+0000] {climarisk_dag.py:153} ERROR - ❌ Khabarovsk: 500 Server Error: Internal Server Error for url: http://backend:8000/api/predictions/flood
[2026-03-25T14:07:04.333+0000] {climarisk_dag.py:153} ERROR - ❌ Kyiv: 500 Server Error: Internal Server Error for url: http://backend:8000/api/predictions/flood
[2026-03-25T14:07:04.627+0000] {climarisk_dag.py:153} ERROR - ❌ New York: 500 Server Error: Internal Server Error for url: http://backend:8000/api/predictions/flood
[2026-03-25T14:07:04.945+0000] {climarisk_dag.py:153} ERROR - ❌ Los Angeles: 500 Server Error: Internal Server Error for url: http://backend:8000/api/predictions/flood
[2026-03-25T14:07:05.302+0000] {climarisk_dag.py:153} ERROR - ❌ Chicago: 500 Server Error: Internal Server Error for url: http://backend:8000/api/predictions/flood
[2026-03-25T14:07:05.636+0000] {climarisk_dag.py:153} ERROR - ❌ Houston: 500 Server Error: Internal Server Error for url: http://backend:8000/api/predictions/flood
[2026-03-25T14:07:05.969+0000] {climarisk_dag.py:153} ERROR - ❌ Miami: 500 Server Error: Internal Server Error for url: http://backend:8000/api/predictions/flood
[2026-03-25T14:07:06.248+0000] {climarisk_dag.py:153} ERROR - ❌ New Orleans: 500 Server Error: Internal Server Error for url: http://backend:8000/api/predictions/flood
[2026-03-25T14:07:06.564+0000] {climarisk_dag.py:153} ERROR - ❌ Seattle: 500 Server Error: Internal Server Error for url: http://backend:8000/api/predictions/flood
[2026-03-25T14:07:06.888+0000] {climarisk_dag.py:153} ERROR - ❌ Sacramento: 500 Server Error: Internal Server Error for url: http://backend:8000/api/predictions/flood
[2026-03-25T14:07:07.204+0000] {climarisk_dag.py:153} ERROR - ❌ Fresno: 500 Server Error: Internal Server Error for url: http://backend:8000/api/predictions/flood
[2026-03-25T14:07:07.554+0000] {climarisk_dag.py:153} ERROR - ❌ Redding: 500 Server Error: Internal Server Error for url: http://backend:8000/api/predictions/flood
[2026-03-25T14:07:07.870+0000] {climarisk_dag.py:153} ERROR - ❌ Memphis: 500 Server Error: Internal Server Error for url: http://backend:8000/api/predictions/flood
[2026-03-25T14:07:08.210+0000] {climarisk_dag.py:153} ERROR - ❌ Toronto: 500 Server Error: Internal Server Error for url: http://backend:8000/api/predictions/flood
[2026-03-25T14:07:08.583+0000] {climarisk_dag.py:153} ERROR - ❌ Montreal: 500 Server Error: Internal Server Error for url: http://backend:8000/api/predictions/flood
[2026-03-25T14:07:08.889+0000] {climarisk_dag.py:153} ERROR - ❌ Vancouver: 500 Server Error: Internal Server Error for url: http://backend:8000/api/predictions/flood
[2026-03-25T14:07:09.239+0000] {climarisk_dag.py:153} ERROR - ❌ Mexico City: 500 Server Error: Internal Server Error for url: http://backend:8000/api/predictions/flood
[2026-03-25T14:07:09.588+0000] {climarisk_dag.py:153} ERROR - ❌ Veracruz: 500 Server Error: Internal Server Error for url: http://backend:8000/api/predictions/flood
[2026-03-25T14:07:09.944+0000] {climarisk_dag.py:153} ERROR - ❌ Cancún: 500 Server Error: Internal Server Error for url: http://backend:8000/api/predictions/flood
[2026-03-25T14:07:10.266+0000] {climarisk_dag.py:153} ERROR - ❌ São Paulo: 500 Server Error: Internal Server Error for url: http://backend:8000/api/predictions/flood
[2026-03-25T14:07:10.660+0000] {climarisk_dag.py:153} ERROR - ❌ Rio de Janeiro: 500 Server Error: Internal Server Error for url: http://backend:8000/api/predictions/flood
[2026-03-25T14:07:11.011+0000] {climarisk_dag.py:153} ERROR - ❌ Belém: 500 Server Error: Internal Server Error for url: http://backend:8000/api/predictions/flood
[2026-03-25T14:07:11.320+0000] {climarisk_dag.py:153} ERROR - ❌ Marabá: 500 Server Error: Internal Server Error for url: http://backend:8000/api/predictions/flood
[2026-03-25T14:07:11.662+0000] {climarisk_dag.py:153} ERROR - ❌ Sinop: 500 Server Error: Internal Server Error for url: http://backend:8000/api/predictions/flood
[2026-03-25T14:07:11.960+0000] {climarisk_dag.py:153} ERROR - ❌ Porto Velho: 500 Server Error: Internal Server Error for url: http://backend:8000/api/predictions/flood
[2026-03-25T14:07:12.312+0000] {climarisk_dag.py:153} ERROR - ❌ Buenos Aires: 500 Server Error: Internal Server Error for url: http://backend:8000/api/predictions/flood
[2026-03-25T14:07:12.613+0000] {climarisk_dag.py:153} ERROR - ❌ Lima: 500 Server Error: Internal Server Error for url: http://backend:8000/api/predictions/flood
[2026-03-25T14:07:12.997+0000] {climarisk_dag.py:153} ERROR - ❌ Bogotá: 500 Server Error: Internal Server Error for url: http://backend:8000/api/predictions/flood
[2026-03-25T14:07:13.368+0000] {climarisk_dag.py:153} ERROR - ❌ Santiago: 500 Server Error: Internal Server Error for url: http://backend:8000/api/predictions/flood
[2026-03-25T14:07:13.723+0000] {climarisk_dag.py:153} ERROR - ❌ Port-au-Prince: 500 Server Error: Internal Server Error for url: http://backend:8000/api/predictions/flood
[2026-03-25T14:07:14.073+0000] {climarisk_dag.py:153} ERROR - ❌ San Juan: 500 Server Error: Internal Server Error for url: http://backend:8000/api/predictions/flood
[2026-03-25T14:07:14.415+0000] {climarisk_dag.py:153} ERROR - ❌ Kingston: 500 Server Error: Internal Server Error for url: http://backend:8000/api/predictions/flood
[2026-03-25T14:07:14.731+0000] {climarisk_dag.py:153} ERROR - ❌ Port of Spain: 500 Server Error: Internal Server Error for url: http://backend:8000/api/predictions/flood
[2026-03-25T14:07:15.902+0000] {climarisk_dag.py:153} ERROR - ❌ Sydney: 500 Server Error: Internal Server Error for url: http://backend:8000/api/predictions/flood
[2026-03-25T14:07:16.215+0000] {climarisk_dag.py:153} ERROR - ❌ Melbourne: 500 Server Error: Internal Server Error for url: http://backend:8000/api/predictions/flood
[2026-03-25T14:07:16.512+0000] {climarisk_dag.py:153} ERROR - ❌ Brisbane: 500 Server Error: Internal Server Error for url: http://backend:8000/api/predictions/flood
[2026-03-25T14:07:16.800+0000] {climarisk_dag.py:153} ERROR - ❌ Darwin: 500 Server Error: Internal Server Error for url: http://backend:8000/api/predictions/flood
[2026-03-25T14:07:17.170+0000] {climarisk_dag.py:153} ERROR - ❌ Alice Springs: 500 Server Error: Internal Server Error for url: http://backend:8000/api/predictions/flood
[2026-03-25T14:07:17.456+0000] {climarisk_dag.py:153} ERROR - ❌ Cairns: 500 Server Error: Internal Server Error for url: http://backend:8000/api/predictions/flood
[2026-03-25T14:07:17.794+0000] {climarisk_dag.py:153} ERROR - ❌ Auckland: 500 Server Error: Internal Server Error for url: http://backend:8000/api/predictions/flood
[2026-03-25T14:07:18.142+0000] {climarisk_dag.py:153} ERROR - ❌ Port Moresby: 500 Server Error: Internal Server Error for url: http://backend:8000/api/predictions/flood
[2026-03-25T14:07:18.143+0000] {climarisk_dag.py:157} INFO - ✅ Done: 0 OK, 291 errors, 98.9s
[2026-03-25T14:07:18.162+0000] {taskinstance.py:441} INFO - ::group::Post task execution logs
[2026-03-25T14:07:18.163+0000] {taskinstance.py:2905} ERROR - Task failed with exception
Traceback (most recent call last):
  File "/home/airflow/.local/lib/python3.12/site-packages/airflow/models/taskinstance.py", line 465, in _execute_task
    result = _execute_callable(context=context, **execute_callable_kwargs)
             ^^^^^^^^^^^^^^^^^^^^^^^^^^^^^^^^^^^^^^^^^^^^^^^^^^^^^^^^^^^^^
  File "/home/airflow/.local/lib/python3.12/site-packages/airflow/models/taskinstance.py", line 432, in _execute_callable
    return execute_callable(context=context, **execute_callable_kwargs)
           ^^^^^^^^^^^^^^^^^^^^^^^^^^^^^^^^^^^^^^^^^^^^^^^^^^^^^^^^^^^^
  File "/home/airflow/.local/lib/python3.12/site-packages/airflow/models/baseoperator.py", line 400, in wrapper
    return func(self, *args, **kwargs)
           ^^^^^^^^^^^^^^^^^^^^^^^^^^^
  File "/home/airflow/.local/lib/python3.12/site-packages/airflow/operators/python.py", line 235, in execute
    return_value = self.execute_callable()
                   ^^^^^^^^^^^^^^^^^^^^^^^
  File "/home/airflow/.local/lib/python3.12/site-packages/airflow/operators/python.py", line 252, in execute_callable
    return self.python_callable(*self.op_args, **self.op_kwargs)
           ^^^^^^^^^^^^^^^^^^^^^^^^^^^^^^^^^^^^^^^^^^^^^^^^^^^^^
  File "/opt/airflow/dags/climarisk_dag.py", line 166, in predict_all_zones
    raise Exception(f"{errors} zone(s) failed — check logs above")
Exception: 291 zone(s) failed — check logs above
[2026-03-25T14:07:18.176+0000] {taskinstance.py:1206} INFO - Marking task as UP_FOR_RETRY. dag_id=***_predictions, task_id=predict_all_zones, run_id=manual__2026-03-25T14:03:37.191269+00:00, execution_date=20260325T140337, start_date=20260325T140538, end_date=20260325T140718
[2026-03-25T14:07:18.187+0000] {standard_task_runner.py:110} ERROR - Failed to execute job 481 for task predict_all_zones (291 zone(s) failed — check logs above; 350)
[2026-03-25T14:07:18.217+0000] {local_task_job_runner.py:240} INFO - Task exited with return code 1
[2026-03-25T14:07:18.239+0000] {taskinstance.py:3498} INFO - 0 downstream tasks scheduled from follow-on schedule check
[2026-03-25T14:07:18.242+0000] {local_task_job_runner.py:222} INFO - ::endgroup::
