[2026-03-25T16:20:02.319+0000] {local_task_job_runner.py:120} INFO - ::group::Pre task execution logs
[2026-03-25T16:20:02.356+0000] {taskinstance.py:2076} INFO - Dependencies all met for dep_context=non-requeueable deps ti=<TaskInstance: climarisk_predictions.predict_all_zones scheduled__2026-03-25T16:10:00+00:00 [queued]>
[2026-03-25T16:20:02.362+0000] {taskinstance.py:2076} INFO - Dependencies all met for dep_context=requeueable deps ti=<TaskInstance: climarisk_predictions.predict_all_zones scheduled__2026-03-25T16:10:00+00:00 [queued]>
[2026-03-25T16:20:02.363+0000] {taskinstance.py:2306} INFO - Starting attempt 1 of 2
[2026-03-25T16:20:02.373+0000] {taskinstance.py:2330} INFO - Executing <Task(PythonOperator): predict_all_zones> on 2026-03-25 16:10:00+00:00
[2026-03-25T16:20:02.379+0000] {logging_mixin.py:188} WARNING - /home/airflow/.local/lib/python3.12/site-packages/airflow/task/task_runner/standard_task_runner.py:61 DeprecationWarning: This process (pid=1163) is multi-threaded, use of fork() may lead to deadlocks in the child.
[2026-03-25T16:20:02.380+0000] {standard_task_runner.py:63} INFO - Started process 1164 to run task
[2026-03-25T16:20:02.379+0000] {standard_task_runner.py:90} INFO - Running: ['airflow', 'tasks', 'run', '***_predictions', 'predict_all_zones', 'scheduled__2026-03-25T16:10:00+00:00', '--job-id', '578', '--raw', '--subdir', 'DAGS_FOLDER/***_dag.py', '--cfg-path', '/tmp/tmpmiqqc3wb']
[2026-03-25T16:20:02.380+0000] {standard_task_runner.py:91} INFO - Job 578: Subtask predict_all_zones
[2026-03-25T16:20:02.446+0000] {task_command.py:426} INFO - Running <TaskInstance: climarisk_predictions.predict_all_zones scheduled__2026-03-25T16:10:00+00:00 [running]> on host 6146f0e8983c
[2026-03-25T16:20:02.545+0000] {taskinstance.py:2648} INFO - Exporting env vars: AIRFLOW_CTX_DAG_OWNER='***' AIRFLOW_CTX_DAG_ID='***_predictions' AIRFLOW_CTX_TASK_ID='predict_all_zones' AIRFLOW_CTX_EXECUTION_DATE='2026-03-25T16:10:00+00:00' AIRFLOW_CTX_TRY_NUMBER='1' AIRFLOW_CTX_DAG_RUN_ID='scheduled__2026-03-25T16:10:00+00:00'
[2026-03-25T16:20:02.546+0000] {taskinstance.py:430} INFO - ::endgroup::
[2026-03-25T16:20:03.302+0000] {climarisk_dag.py:152} ERROR - ❌ Alger: 500 Server Error: Internal Server Error for url: http://backend:8000/api/predictions/flood/1
[2026-03-25T16:20:03.764+0000] {climarisk_dag.py:152} ERROR - ❌ Cairo: 500 Server Error: Internal Server Error for url: http://backend:8000/api/predictions/flood/2
[2026-03-25T16:20:04.176+0000] {climarisk_dag.py:152} ERROR - ❌ Lagos: 500 Server Error: Internal Server Error for url: http://backend:8000/api/predictions/flood/3
[2026-03-25T16:20:04.550+0000] {climarisk_dag.py:152} ERROR - ❌ Kano: 500 Server Error: Internal Server Error for url: http://backend:8000/api/predictions/flood/4
[2026-03-25T16:20:04.979+0000] {climarisk_dag.py:152} ERROR - ❌ Abuja: 500 Server Error: Internal Server Error for url: http://backend:8000/api/predictions/flood/5
[2026-03-25T16:20:05.205+0000] {climarisk_dag.py:152} ERROR - ❌ Johannesburg: 500 Server Error: Internal Server Error for url: http://backend:8000/api/predictions/flood/6
[2026-03-25T16:20:05.459+0000] {climarisk_dag.py:152} ERROR - ❌ Cape Town: 500 Server Error: Internal Server Error for url: http://backend:8000/api/predictions/flood/7
[2026-03-25T16:20:05.892+0000] {climarisk_dag.py:152} ERROR - ❌ Nairobi: 500 Server Error: Internal Server Error for url: http://backend:8000/api/predictions/flood/8
[2026-03-25T16:20:06.352+0000] {climarisk_dag.py:152} ERROR - ❌ Addis Ababa: 500 Server Error: Internal Server Error for url: http://backend:8000/api/predictions/flood/9
[2026-03-25T16:20:06.762+0000] {climarisk_dag.py:152} ERROR - ❌ Dar es Salaam: 500 Server Error: Internal Server Error for url: http://backend:8000/api/predictions/flood/10
[2026-03-25T16:20:06.987+0000] {climarisk_dag.py:152} ERROR - ❌ Accra: 500 Server Error: Internal Server Error for url: http://backend:8000/api/predictions/flood/11
[2026-03-25T16:20:07.231+0000] {climarisk_dag.py:152} ERROR - ❌ Casablanca: 500 Server Error: Internal Server Error for url: http://backend:8000/api/predictions/flood/12
[2026-03-25T16:20:07.676+0000] {climarisk_dag.py:152} ERROR - ❌ Mohammedia: 500 Server Error: Internal Server Error for url: http://backend:8000/api/predictions/flood/13
[2026-03-25T16:20:08.041+0000] {climarisk_dag.py:152} ERROR - ❌ El Jadida: 500 Server Error: Internal Server Error for url: http://backend:8000/api/predictions/flood/14
[2026-03-25T16:20:08.455+0000] {climarisk_dag.py:152} ERROR - ❌ Settat: 500 Server Error: Internal Server Error for url: http://backend:8000/api/predictions/flood/15
[2026-03-25T16:20:08.810+0000] {climarisk_dag.py:152} ERROR - ❌ Berrechid: 500 Server Error: Internal Server Error for url: http://backend:8000/api/predictions/flood/16
[2026-03-25T16:20:09.051+0000] {climarisk_dag.py:152} ERROR - ❌ Benslimane: 500 Server Error: Internal Server Error for url: http://backend:8000/api/predictions/flood/17
[2026-03-25T16:20:09.310+0000] {climarisk_dag.py:152} ERROR - ❌ Sidi Bennour: 500 Server Error: Internal Server Error for url: http://backend:8000/api/predictions/flood/18
[2026-03-25T16:20:09.688+0000] {climarisk_dag.py:152} ERROR - ❌ Azemmour: 500 Server Error: Internal Server Error for url: http://backend:8000/api/predictions/flood/19
[2026-03-25T16:20:10.131+0000] {climarisk_dag.py:152} ERROR - ❌ Mediouna: 500 Server Error: Internal Server Error for url: http://backend:8000/api/predictions/flood/20
[2026-03-25T16:20:10.556+0000] {climarisk_dag.py:152} ERROR - ❌ Nouaceur: 500 Server Error: Internal Server Error for url: http://backend:8000/api/predictions/flood/21
[2026-03-25T16:20:10.999+0000] {climarisk_dag.py:152} ERROR - ❌ Rabat: 500 Server Error: Internal Server Error for url: http://backend:8000/api/predictions/flood/22
[2026-03-25T16:20:11.459+0000] {climarisk_dag.py:152} ERROR - ❌ Salé: 500 Server Error: Internal Server Error for url: http://backend:8000/api/predictions/flood/23
[2026-03-25T16:20:11.868+0000] {climarisk_dag.py:152} ERROR - ❌ Kénitra: 500 Server Error: Internal Server Error for url: http://backend:8000/api/predictions/flood/24
[2026-03-25T16:20:13.285+0000] {climarisk_dag.py:152} ERROR - ❌ Témara: 500 Server Error: Internal Server Error for url: http://backend:8000/api/predictions/flood/25
[2026-03-25T16:20:13.728+0000] {climarisk_dag.py:152} ERROR - ❌ Skhirat: 500 Server Error: Internal Server Error for url: http://backend:8000/api/predictions/flood/26
[2026-03-25T16:20:23.836+0000] {climarisk_dag.py:152} ERROR - ❌ Tiflet: 500 Server Error: Internal Server Error for url: http://backend:8000/api/predictions/flood/27
[2026-03-25T16:20:24.261+0000] {climarisk_dag.py:152} ERROR - ❌ Khémisset: 500 Server Error: Internal Server Error for url: http://backend:8000/api/predictions/flood/28
[2026-03-25T16:20:24.672+0000] {climarisk_dag.py:152} ERROR - ❌ Sidi Slimane: 500 Server Error: Internal Server Error for url: http://backend:8000/api/predictions/flood/29
[2026-03-25T16:20:25.036+0000] {climarisk_dag.py:152} ERROR - ❌ Sidi Kacem: 500 Server Error: Internal Server Error for url: http://backend:8000/api/predictions/flood/30
[2026-03-25T16:20:25.476+0000] {climarisk_dag.py:152} ERROR - ❌ Souk el Arba: 500 Server Error: Internal Server Error for url: http://backend:8000/api/predictions/flood/31
[2026-03-25T16:20:25.913+0000] {climarisk_dag.py:152} ERROR - ❌ Ouazzane: 500 Server Error: Internal Server Error for url: http://backend:8000/api/predictions/flood/32
[2026-03-25T16:20:26.273+0000] {climarisk_dag.py:152} ERROR - ❌ Fès: 500 Server Error: Internal Server Error for url: http://backend:8000/api/predictions/flood/33
[2026-03-25T16:20:26.727+0000] {climarisk_dag.py:152} ERROR - ❌ Meknès: 500 Server Error: Internal Server Error for url: http://backend:8000/api/predictions/flood/34
[2026-03-25T16:20:27.152+0000] {climarisk_dag.py:152} ERROR - ❌ Ifrane: 500 Server Error: Internal Server Error for url: http://backend:8000/api/predictions/flood/35
[2026-03-25T16:20:27.574+0000] {climarisk_dag.py:152} ERROR - ❌ Azrou: 500 Server Error: Internal Server Error for url: http://backend:8000/api/predictions/flood/36
[2026-03-25T16:20:27.948+0000] {climarisk_dag.py:152} ERROR - ❌ Taounate: 500 Server Error: Internal Server Error for url: http://backend:8000/api/predictions/flood/37
[2026-03-25T16:20:28.361+0000] {climarisk_dag.py:152} ERROR - ❌ Taza: 500 Server Error: Internal Server Error for url: http://backend:8000/api/predictions/flood/38
[2026-03-25T16:20:28.729+0000] {climarisk_dag.py:152} ERROR - ❌ Sefrou: 500 Server Error: Internal Server Error for url: http://backend:8000/api/predictions/flood/39
[2026-03-25T16:20:29.092+0000] {climarisk_dag.py:152} ERROR - ❌ Boulemane: 500 Server Error: Internal Server Error for url: http://backend:8000/api/predictions/flood/40
[2026-03-25T16:20:29.478+0000] {climarisk_dag.py:152} ERROR - ❌ El Hajeb: 500 Server Error: Internal Server Error for url: http://backend:8000/api/predictions/flood/41
[2026-03-25T16:20:29.916+0000] {climarisk_dag.py:152} ERROR - ❌ Missour: 500 Server Error: Internal Server Error for url: http://backend:8000/api/predictions/flood/42
[2026-03-25T16:20:30.357+0000] {climarisk_dag.py:152} ERROR - ❌ Guercif: 500 Server Error: Internal Server Error for url: http://backend:8000/api/predictions/flood/43
[2026-03-25T16:20:30.792+0000] {climarisk_dag.py:152} ERROR - ❌ Marrakech: 500 Server Error: Internal Server Error for url: http://backend:8000/api/predictions/flood/44
[2026-03-25T16:20:31.188+0000] {climarisk_dag.py:152} ERROR - ❌ Safi: 500 Server Error: Internal Server Error for url: http://backend:8000/api/predictions/flood/45
[2026-03-25T16:20:31.557+0000] {climarisk_dag.py:152} ERROR - ❌ Essaouira: 500 Server Error: Internal Server Error for url: http://backend:8000/api/predictions/flood/46
[2026-03-25T16:20:31.984+0000] {climarisk_dag.py:152} ERROR - ❌ El Kelaa des Sraghna: 500 Server Error: Internal Server Error for url: http://backend:8000/api/predictions/flood/47
[2026-03-25T16:20:32.423+0000] {climarisk_dag.py:152} ERROR - ❌ Chichaoua: 500 Server Error: Internal Server Error for url: http://backend:8000/api/predictions/flood/48
[2026-03-25T16:20:32.862+0000] {climarisk_dag.py:152} ERROR - ❌ Youssoufia: 500 Server Error: Internal Server Error for url: http://backend:8000/api/predictions/flood/49
[2026-03-25T16:20:33.275+0000] {climarisk_dag.py:152} ERROR - ❌ Ben Guerir: 500 Server Error: Internal Server Error for url: http://backend:8000/api/predictions/flood/50
[2026-03-25T16:20:33.668+0000] {climarisk_dag.py:152} ERROR - ❌ Tahanaout: 500 Server Error: Internal Server Error for url: http://backend:8000/api/predictions/flood/51
[2026-03-25T16:20:34.040+0000] {climarisk_dag.py:152} ERROR - ❌ Ait Ourir: 500 Server Error: Internal Server Error for url: http://backend:8000/api/predictions/flood/52
[2026-03-25T16:20:34.448+0000] {climarisk_dag.py:152} ERROR - ❌ Demnate: 500 Server Error: Internal Server Error for url: http://backend:8000/api/predictions/flood/53
[2026-03-25T16:20:34.897+0000] {climarisk_dag.py:152} ERROR - ❌ Tanger: 500 Server Error: Internal Server Error for url: http://backend:8000/api/predictions/flood/54
[2026-03-25T16:20:35.297+0000] {climarisk_dag.py:152} ERROR - ❌ Tétouan: 500 Server Error: Internal Server Error for url: http://backend:8000/api/predictions/flood/55
[2026-03-25T16:20:35.677+0000] {climarisk_dag.py:152} ERROR - ❌ Al Hoceïma: 500 Server Error: Internal Server Error for url: http://backend:8000/api/predictions/flood/56
[2026-03-25T16:20:36.122+0000] {climarisk_dag.py:152} ERROR - ❌ Larache: 500 Server Error: Internal Server Error for url: http://backend:8000/api/predictions/flood/57
[2026-03-25T16:20:36.533+0000] {climarisk_dag.py:152} ERROR - ❌ Chefchaouen: 500 Server Error: Internal Server Error for url: http://backend:8000/api/predictions/flood/58
[2026-03-25T16:20:36.970+0000] {climarisk_dag.py:152} ERROR - ❌ Asilah: 500 Server Error: Internal Server Error for url: http://backend:8000/api/predictions/flood/59
[2026-03-25T16:20:37.358+0000] {climarisk_dag.py:152} ERROR - ❌ Fnideq: 500 Server Error: Internal Server Error for url: http://backend:8000/api/predictions/flood/60
[2026-03-25T16:20:37.844+0000] {climarisk_dag.py:152} ERROR - ❌ Martil: 500 Server Error: Internal Server Error for url: http://backend:8000/api/predictions/flood/61
[2026-03-25T16:20:38.246+0000] {climarisk_dag.py:152} ERROR - ❌ Mdiq: 500 Server Error: Internal Server Error for url: http://backend:8000/api/predictions/flood/62
[2026-03-25T16:20:38.685+0000] {climarisk_dag.py:152} ERROR - ❌ Ksar el Kebir: 500 Server Error: Internal Server Error for url: http://backend:8000/api/predictions/flood/63
[2026-03-25T16:20:39.070+0000] {climarisk_dag.py:152} ERROR - ❌ Ouazzane: 500 Server Error: Internal Server Error for url: http://backend:8000/api/predictions/flood/64
[2026-03-25T16:20:39.442+0000] {climarisk_dag.py:152} ERROR - ❌ Targuist: 500 Server Error: Internal Server Error for url: http://backend:8000/api/predictions/flood/65
[2026-03-25T16:20:39.861+0000] {climarisk_dag.py:152} ERROR - ❌ Imzouren: 500 Server Error: Internal Server Error for url: http://backend:8000/api/predictions/flood/66
[2026-03-25T16:20:40.289+0000] {climarisk_dag.py:152} ERROR - ❌ Beni Mellal-Khenifra: 500 Server Error: Internal Server Error for url: http://backend:8000/api/predictions/flood/67
[2026-03-25T16:20:40.660+0000] {climarisk_dag.py:152} ERROR - ❌ Khénifra: 500 Server Error: Internal Server Error for url: http://backend:8000/api/predictions/flood/68
[2026-03-25T16:20:41.040+0000] {climarisk_dag.py:152} ERROR - ❌ Azilal: 500 Server Error: Internal Server Error for url: http://backend:8000/api/predictions/flood/69
[2026-03-25T16:20:41.476+0000] {climarisk_dag.py:152} ERROR - ❌ Nanjing: 500 Server Error: Internal Server Error for url: http://backend:8000/api/predictions/flood/142
[2026-03-25T16:20:41.893+0000] {climarisk_dag.py:152} ERROR - ❌ Khouribga: 500 Server Error: Internal Server Error for url: http://backend:8000/api/predictions/flood/70
[2026-03-25T16:20:42.269+0000] {climarisk_dag.py:152} ERROR - ❌ Fkih Ben Salah: 500 Server Error: Internal Server Error for url: http://backend:8000/api/predictions/flood/71
[2026-03-25T16:20:42.683+0000] {climarisk_dag.py:152} ERROR - ❌ Souk Sebt: 500 Server Error: Internal Server Error for url: http://backend:8000/api/predictions/flood/72
[2026-03-25T16:20:44.027+0000] {climarisk_dag.py:152} ERROR - ❌ Midelt: 500 Server Error: Internal Server Error for url: http://backend:8000/api/predictions/flood/73
[2026-03-25T16:20:44.305+0000] {climarisk_dag.py:152} ERROR - ❌ Zaouiat Cheikh: 500 Server Error: Internal Server Error for url: http://backend:8000/api/predictions/flood/74
[2026-03-25T16:20:44.658+0000] {climarisk_dag.py:152} ERROR - ❌ Oujda: 500 Server Error: Internal Server Error for url: http://backend:8000/api/predictions/flood/75
[2026-03-25T16:20:45.139+0000] {climarisk_dag.py:152} ERROR - ❌ Nador: 500 Server Error: Internal Server Error for url: http://backend:8000/api/predictions/flood/76
[2026-03-25T16:20:45.545+0000] {climarisk_dag.py:152} ERROR - ❌ Berkane: 500 Server Error: Internal Server Error for url: http://backend:8000/api/predictions/flood/77
[2026-03-25T16:20:45.951+0000] {climarisk_dag.py:152} ERROR - ❌ Taourirt: 500 Server Error: Internal Server Error for url: http://backend:8000/api/predictions/flood/78
[2026-03-25T16:20:46.381+0000] {climarisk_dag.py:152} ERROR - ❌ Jerada: 500 Server Error: Internal Server Error for url: http://backend:8000/api/predictions/flood/79
[2026-03-25T16:20:46.801+0000] {climarisk_dag.py:152} ERROR - ❌ Figuig: 500 Server Error: Internal Server Error for url: http://backend:8000/api/predictions/flood/80
[2026-03-25T16:20:47.191+0000] {climarisk_dag.py:152} ERROR - ❌ Bouarfa: 500 Server Error: Internal Server Error for url: http://backend:8000/api/predictions/flood/81
[2026-03-25T16:20:47.623+0000] {climarisk_dag.py:152} ERROR - ❌ Selouane: 500 Server Error: Internal Server Error for url: http://backend:8000/api/predictions/flood/82
[2026-03-25T16:20:48.047+0000] {climarisk_dag.py:152} ERROR - ❌ Zaio: 500 Server Error: Internal Server Error for url: http://backend:8000/api/predictions/flood/83
[2026-03-25T16:20:48.513+0000] {climarisk_dag.py:152} ERROR - ❌ Agadir: 500 Server Error: Internal Server Error for url: http://backend:8000/api/predictions/flood/84
[2026-03-25T16:20:48.991+0000] {climarisk_dag.py:152} ERROR - ❌ Inezgane: 500 Server Error: Internal Server Error for url: http://backend:8000/api/predictions/flood/85
[2026-03-25T16:20:49.406+0000] {climarisk_dag.py:152} ERROR - ❌ Tiznit: 500 Server Error: Internal Server Error for url: http://backend:8000/api/predictions/flood/86
[2026-03-25T16:20:49.887+0000] {climarisk_dag.py:152} ERROR - ❌ Taroudannt: 500 Server Error: Internal Server Error for url: http://backend:8000/api/predictions/flood/87
[2026-03-25T16:20:50.294+0000] {climarisk_dag.py:152} ERROR - ❌ Ouarzazate: 500 Server Error: Internal Server Error for url: http://backend:8000/api/predictions/flood/88
[2026-03-25T16:20:50.787+0000] {climarisk_dag.py:152} ERROR - ❌ Ait Melloul: 500 Server Error: Internal Server Error for url: http://backend:8000/api/predictions/flood/89
[2026-03-25T16:20:51.310+0000] {climarisk_dag.py:152} ERROR - ❌ Biougra: 500 Server Error: Internal Server Error for url: http://backend:8000/api/predictions/flood/90
[2026-03-25T16:20:51.801+0000] {climarisk_dag.py:152} ERROR - ❌ Chtouka Ait Baha: 500 Server Error: Internal Server Error for url: http://backend:8000/api/predictions/flood/91
[2026-03-25T16:20:52.260+0000] {climarisk_dag.py:152} ERROR - ❌ Tata: 500 Server Error: Internal Server Error for url: http://backend:8000/api/predictions/flood/92
[2026-03-25T16:20:52.724+0000] {climarisk_dag.py:152} ERROR - ❌ Sidi Ifni: 500 Server Error: Internal Server Error for url: http://backend:8000/api/predictions/flood/93
[2026-03-25T16:20:53.098+0000] {climarisk_dag.py:152} ERROR - ❌ Massa: 500 Server Error: Internal Server Error for url: http://backend:8000/api/predictions/flood/94
[2026-03-25T16:20:53.451+0000] {climarisk_dag.py:152} ERROR - ❌ Errachidia: 500 Server Error: Internal Server Error for url: http://backend:8000/api/predictions/flood/95
[2026-03-25T16:20:53.873+0000] {climarisk_dag.py:152} ERROR - ❌ Zagora: 500 Server Error: Internal Server Error for url: http://backend:8000/api/predictions/flood/96
[2026-03-25T16:20:54.326+0000] {climarisk_dag.py:152} ERROR - ❌ Tinghir: 500 Server Error: Internal Server Error for url: http://backend:8000/api/predictions/flood/97
[2026-03-25T16:20:54.741+0000] {climarisk_dag.py:152} ERROR - ❌ Ouarzazate: 500 Server Error: Internal Server Error for url: http://backend:8000/api/predictions/flood/98
[2026-03-25T16:20:55.171+0000] {climarisk_dag.py:152} ERROR - ❌ Rissani: 500 Server Error: Internal Server Error for url: http://backend:8000/api/predictions/flood/99
[2026-03-25T16:20:55.604+0000] {climarisk_dag.py:152} ERROR - ❌ Erfoud: 500 Server Error: Internal Server Error for url: http://backend:8000/api/predictions/flood/100
[2026-03-25T16:20:55.982+0000] {climarisk_dag.py:152} ERROR - ❌ Merzouga: 500 Server Error: Internal Server Error for url: http://backend:8000/api/predictions/flood/101
[2026-03-25T16:20:56.343+0000] {climarisk_dag.py:152} ERROR - ❌ Alnif: 500 Server Error: Internal Server Error for url: http://backend:8000/api/predictions/flood/102
[2026-03-25T16:20:56.725+0000] {climarisk_dag.py:152} ERROR - ❌ Goulmima: 500 Server Error: Internal Server Error for url: http://backend:8000/api/predictions/flood/103
[2026-03-25T16:20:57.073+0000] {climarisk_dag.py:152} ERROR - ❌ Laâyoune: 500 Server Error: Internal Server Error for url: http://backend:8000/api/predictions/flood/104
[2026-03-25T16:20:57.442+0000] {climarisk_dag.py:152} ERROR - ❌ Boujdour: 500 Server Error: Internal Server Error for url: http://backend:8000/api/predictions/flood/105
[2026-03-25T16:20:57.857+0000] {climarisk_dag.py:152} ERROR - ❌ Tarfaya: 500 Server Error: Internal Server Error for url: http://backend:8000/api/predictions/flood/106
[2026-03-25T16:20:58.250+0000] {climarisk_dag.py:152} ERROR - ❌ Smara: 500 Server Error: Internal Server Error for url: http://backend:8000/api/predictions/flood/107
[2026-03-25T16:20:58.680+0000] {climarisk_dag.py:152} ERROR - ❌ El Marsa: 500 Server Error: Internal Server Error for url: http://backend:8000/api/predictions/flood/108
[2026-03-25T16:20:59.034+0000] {climarisk_dag.py:152} ERROR - ❌ Dakhla: 500 Server Error: Internal Server Error for url: http://backend:8000/api/predictions/flood/109
[2026-03-25T16:20:59.471+0000] {climarisk_dag.py:152} ERROR - ❌ Aousserd: 500 Server Error: Internal Server Error for url: http://backend:8000/api/predictions/flood/110
[2026-03-25T16:20:59.909+0000] {climarisk_dag.py:152} ERROR - ❌ Guelmim: 500 Server Error: Internal Server Error for url: http://backend:8000/api/predictions/flood/111
[2026-03-25T16:21:00.327+0000] {climarisk_dag.py:152} ERROR - ❌ Tan-Tan: 500 Server Error: Internal Server Error for url: http://backend:8000/api/predictions/flood/112
[2026-03-25T16:21:00.691+0000] {climarisk_dag.py:152} ERROR - ❌ Assa: 500 Server Error: Internal Server Error for url: http://backend:8000/api/predictions/flood/113
[2026-03-25T16:21:01.062+0000] {climarisk_dag.py:152} ERROR - ❌ Zag: 500 Server Error: Internal Server Error for url: http://backend:8000/api/predictions/flood/114
[2026-03-25T16:21:01.502+0000] {climarisk_dag.py:152} ERROR - ❌ Sidi Ifni: 500 Server Error: Internal Server Error for url: http://backend:8000/api/predictions/flood/115
[2026-03-25T16:21:01.928+0000] {climarisk_dag.py:152} ERROR - ❌ Tiznit: 500 Server Error: Internal Server Error for url: http://backend:8000/api/predictions/flood/116
[2026-03-25T16:21:02.301+0000] {climarisk_dag.py:152} ERROR - ❌ Tunis: 500 Server Error: Internal Server Error for url: http://backend:8000/api/predictions/flood/117
[2026-03-25T16:21:02.693+0000] {climarisk_dag.py:152} ERROR - ❌ Kampala: 500 Server Error: Internal Server Error for url: http://backend:8000/api/predictions/flood/118
[2026-03-25T16:21:03.069+0000] {climarisk_dag.py:152} ERROR - ❌ Dakar: 500 Server Error: Internal Server Error for url: http://backend:8000/api/predictions/flood/119
[2026-03-25T16:21:03.498+0000] {climarisk_dag.py:152} ERROR - ❌ Kinshasa: 500 Server Error: Internal Server Error for url: http://backend:8000/api/predictions/flood/120
[2026-03-25T16:21:03.946+0000] {climarisk_dag.py:152} ERROR - ❌ Luanda: 500 Server Error: Internal Server Error for url: http://backend:8000/api/predictions/flood/121
[2026-03-25T16:21:04.378+0000] {climarisk_dag.py:152} ERROR - ❌ Khartoum: 500 Server Error: Internal Server Error for url: http://backend:8000/api/predictions/flood/122
[2026-03-25T16:21:04.789+0000] {climarisk_dag.py:152} ERROR - ❌ Harare: 500 Server Error: Internal Server Error for url: http://backend:8000/api/predictions/flood/123
[2026-03-25T16:21:05.168+0000] {climarisk_dag.py:152} ERROR - ❌ Lusaka: 500 Server Error: Internal Server Error for url: http://backend:8000/api/predictions/flood/124
[2026-03-25T16:21:05.605+0000] {climarisk_dag.py:152} ERROR - ❌ Maputo: 500 Server Error: Internal Server Error for url: http://backend:8000/api/predictions/flood/125
[2026-03-25T16:21:06.001+0000] {climarisk_dag.py:152} ERROR - ❌ Antananarivo: 500 Server Error: Internal Server Error for url: http://backend:8000/api/predictions/flood/126
[2026-03-25T16:21:06.441+0000] {climarisk_dag.py:152} ERROR - ❌ Abidjan: 500 Server Error: Internal Server Error for url: http://backend:8000/api/predictions/flood/127
[2026-03-25T16:21:06.878+0000] {climarisk_dag.py:152} ERROR - ❌ Douala: 500 Server Error: Internal Server Error for url: http://backend:8000/api/predictions/flood/128
[2026-03-25T16:21:07.253+0000] {climarisk_dag.py:152} ERROR - ❌ Niamey: 500 Server Error: Internal Server Error for url: http://backend:8000/api/predictions/flood/129
[2026-03-25T16:21:07.651+0000] {climarisk_dag.py:152} ERROR - ❌ Ouagadougou: 500 Server Error: Internal Server Error for url: http://backend:8000/api/predictions/flood/130
[2026-03-25T16:21:08.084+0000] {climarisk_dag.py:152} ERROR - ❌ Bamako: 500 Server Error: Internal Server Error for url: http://backend:8000/api/predictions/flood/131
[2026-03-25T16:21:08.521+0000] {climarisk_dag.py:152} ERROR - ❌ Windhoek: 500 Server Error: Internal Server Error for url: http://backend:8000/api/predictions/flood/132
[2026-03-25T16:21:08.972+0000] {climarisk_dag.py:152} ERROR - ❌ Port Harcourt: 500 Server Error: Internal Server Error for url: http://backend:8000/api/predictions/flood/133
[2026-03-25T16:21:09.343+0000] {climarisk_dag.py:152} ERROR - ❌ Warri: 500 Server Error: Internal Server Error for url: http://backend:8000/api/predictions/flood/134
[2026-03-25T16:21:09.763+0000] {climarisk_dag.py:152} ERROR - ❌ Calabar: 500 Server Error: Internal Server Error for url: http://backend:8000/api/predictions/flood/135
[2026-03-25T16:21:10.168+0000] {climarisk_dag.py:152} ERROR - ❌ Beijing: 500 Server Error: Internal Server Error for url: http://backend:8000/api/predictions/flood/136
[2026-03-25T16:21:10.604+0000] {climarisk_dag.py:152} ERROR - ❌ Shanghai: 500 Server Error: Internal Server Error for url: http://backend:8000/api/predictions/flood/137
[2026-03-25T16:21:10.981+0000] {climarisk_dag.py:152} ERROR - ❌ Guangzhou: 500 Server Error: Internal Server Error for url: http://backend:8000/api/predictions/flood/138
[2026-03-25T16:21:11.349+0000] {climarisk_dag.py:152} ERROR - ❌ Chengdu: 500 Server Error: Internal Server Error for url: http://backend:8000/api/predictions/flood/139
[2026-03-25T16:21:11.833+0000] {climarisk_dag.py:152} ERROR - ❌ Wuhan: 500 Server Error: Internal Server Error for url: http://backend:8000/api/predictions/flood/140
[2026-03-25T16:21:12.236+0000] {climarisk_dag.py:152} ERROR - ❌ Chongqing: 500 Server Error: Internal Server Error for url: http://backend:8000/api/predictions/flood/141
[2026-03-25T16:21:12.628+0000] {climarisk_dag.py:152} ERROR - ❌ Zhengzhou: 500 Server Error: Internal Server Error for url: http://backend:8000/api/predictions/flood/143
[2026-03-25T16:21:13.060+0000] {climarisk_dag.py:152} ERROR - ❌ Changsha: 500 Server Error: Internal Server Error for url: http://backend:8000/api/predictions/flood/144
[2026-03-25T16:21:13.486+0000] {climarisk_dag.py:152} ERROR - ❌ Nanchang: 500 Server Error: Internal Server Error for url: http://backend:8000/api/predictions/flood/145
[2026-03-25T16:21:14.681+0000] {climarisk_dag.py:152} ERROR - ❌ Yichang: 500 Server Error: Internal Server Error for url: http://backend:8000/api/predictions/flood/146
[2026-03-25T16:21:15.085+0000] {climarisk_dag.py:152} ERROR - ❌ Haikou: 500 Server Error: Internal Server Error for url: http://backend:8000/api/predictions/flood/147
[2026-03-25T16:21:15.462+0000] {climarisk_dag.py:152} ERROR - ❌ Hong Kong: 500 Server Error: Internal Server Error for url: http://backend:8000/api/predictions/flood/148
[2026-03-25T16:21:15.866+0000] {climarisk_dag.py:152} ERROR - ❌ Taipei: 500 Server Error: Internal Server Error for url: http://backend:8000/api/predictions/flood/149
[2026-03-25T16:21:16.295+0000] {climarisk_dag.py:152} ERROR - ❌ Kaohsiung: 500 Server Error: Internal Server Error for url: http://backend:8000/api/predictions/flood/150
[2026-03-25T16:21:16.720+0000] {climarisk_dag.py:152} ERROR - ❌ Mumbai: 500 Server Error: Internal Server Error for url: http://backend:8000/api/predictions/flood/151
[2026-03-25T16:21:17.123+0000] {climarisk_dag.py:152} ERROR - ❌ Delhi: 500 Server Error: Internal Server Error for url: http://backend:8000/api/predictions/flood/152
[2026-03-25T16:21:17.549+0000] {climarisk_dag.py:152} ERROR - ❌ Bangalore: 500 Server Error: Internal Server Error for url: http://backend:8000/api/predictions/flood/153
[2026-03-25T16:21:17.991+0000] {climarisk_dag.py:152} ERROR - ❌ Chennai: 500 Server Error: Internal Server Error for url: http://backend:8000/api/predictions/flood/154
[2026-03-25T16:21:18.353+0000] {climarisk_dag.py:152} ERROR - ❌ Kolkata: 500 Server Error: Internal Server Error for url: http://backend:8000/api/predictions/flood/155
[2026-03-25T16:21:18.717+0000] {climarisk_dag.py:152} ERROR - ❌ Patna: 500 Server Error: Internal Server Error for url: http://backend:8000/api/predictions/flood/156
[2026-03-25T16:21:19.135+0000] {climarisk_dag.py:152} ERROR - ❌ Guwahati: 500 Server Error: Internal Server Error for url: http://backend:8000/api/predictions/flood/157
[2026-03-25T16:21:19.502+0000] {climarisk_dag.py:152} ERROR - ❌ Varanasi: 500 Server Error: Internal Server Error for url: http://backend:8000/api/predictions/flood/158
[2026-03-25T16:21:19.876+0000] {climarisk_dag.py:152} ERROR - ❌ Muzaffarpur: 500 Server Error: Internal Server Error for url: http://backend:8000/api/predictions/flood/159
[2026-03-25T16:21:20.302+0000] {climarisk_dag.py:152} ERROR - ❌ Visakhapatnam: 500 Server Error: Internal Server Error for url: http://backend:8000/api/predictions/flood/160
[2026-03-25T16:21:20.745+0000] {climarisk_dag.py:152} ERROR - ❌ Vijayawada: 500 Server Error: Internal Server Error for url: http://backend:8000/api/predictions/flood/161
[2026-03-25T16:21:21.099+0000] {climarisk_dag.py:152} ERROR - ❌ Tokyo: 500 Server Error: Internal Server Error for url: http://backend:8000/api/predictions/flood/162
[2026-03-25T16:21:21.537+0000] {climarisk_dag.py:152} ERROR - ❌ Osaka: 500 Server Error: Internal Server Error for url: http://backend:8000/api/predictions/flood/163
[2026-03-25T16:21:21.956+0000] {climarisk_dag.py:152} ERROR - ❌ Sapporo: 500 Server Error: Internal Server Error for url: http://backend:8000/api/predictions/flood/164
[2026-03-25T16:21:22.386+0000] {climarisk_dag.py:152} ERROR - ❌ Naha: 500 Server Error: Internal Server Error for url: http://backend:8000/api/predictions/flood/165
[2026-03-25T16:21:22.771+0000] {climarisk_dag.py:152} ERROR - ❌ Seoul: 500 Server Error: Internal Server Error for url: http://backend:8000/api/predictions/flood/166
[2026-03-25T16:21:23.240+0000] {climarisk_dag.py:152} ERROR - ❌ Busan: 500 Server Error: Internal Server Error for url: http://backend:8000/api/predictions/flood/167
[2026-03-25T16:21:23.698+0000] {climarisk_dag.py:152} ERROR - ❌ Bangkok: 500 Server Error: Internal Server Error for url: http://backend:8000/api/predictions/flood/168
[2026-03-25T16:21:24.114+0000] {climarisk_dag.py:152} ERROR - ❌ Chiang Mai: 500 Server Error: Internal Server Error for url: http://backend:8000/api/predictions/flood/169
[2026-03-25T16:21:24.532+0000] {climarisk_dag.py:152} ERROR - ❌ Jakarta: 500 Server Error: Internal Server Error for url: http://backend:8000/api/predictions/flood/170
[2026-03-25T16:21:24.943+0000] {climarisk_dag.py:152} ERROR - ❌ Surabaya: 500 Server Error: Internal Server Error for url: http://backend:8000/api/predictions/flood/171
[2026-03-25T16:21:25.321+0000] {climarisk_dag.py:152} ERROR - ❌ Medan: 500 Server Error: Internal Server Error for url: http://backend:8000/api/predictions/flood/172
[2026-03-25T16:21:25.685+0000] {climarisk_dag.py:152} ERROR - ❌ Manila: 500 Server Error: Internal Server Error for url: http://backend:8000/api/predictions/flood/173
[2026-03-25T16:21:26.055+0000] {climarisk_dag.py:152} ERROR - ❌ Cebu: 500 Server Error: Internal Server Error for url: http://backend:8000/api/predictions/flood/174
[2026-03-25T16:21:26.517+0000] {climarisk_dag.py:152} ERROR - ❌ Tacloban: 500 Server Error: Internal Server Error for url: http://backend:8000/api/predictions/flood/175
[2026-03-25T16:21:26.908+0000] {climarisk_dag.py:152} ERROR - ❌ Legazpi: 500 Server Error: Internal Server Error for url: http://backend:8000/api/predictions/flood/176
[2026-03-25T16:21:27.265+0000] {climarisk_dag.py:152} ERROR - ❌ Zamboanga: 500 Server Error: Internal Server Error for url: http://backend:8000/api/predictions/flood/177
[2026-03-25T16:21:27.628+0000] {climarisk_dag.py:152} ERROR - ❌ Kuala Lumpur: 500 Server Error: Internal Server Error for url: http://backend:8000/api/predictions/flood/178
[2026-03-25T16:21:28.027+0000] {climarisk_dag.py:152} ERROR - ❌ Singapore: 500 Server Error: Internal Server Error for url: http://backend:8000/api/predictions/flood/179
[2026-03-25T16:21:28.402+0000] {climarisk_dag.py:152} ERROR - ❌ Ho Chi Minh City: 500 Server Error: Internal Server Error for url: http://backend:8000/api/predictions/flood/180
[2026-03-25T16:21:28.794+0000] {climarisk_dag.py:152} ERROR - ❌ Hanoi: 500 Server Error: Internal Server Error for url: http://backend:8000/api/predictions/flood/181
[2026-03-25T16:21:29.183+0000] {climarisk_dag.py:152} ERROR - ❌ Da Nang: 500 Server Error: Internal Server Error for url: http://backend:8000/api/predictions/flood/182
[2026-03-25T16:21:29.671+0000] {climarisk_dag.py:152} ERROR - ❌ Can Tho: 500 Server Error: Internal Server Error for url: http://backend:8000/api/predictions/flood/183
[2026-03-25T16:21:30.147+0000] {climarisk_dag.py:152} ERROR - ❌ My Tho: 500 Server Error: Internal Server Error for url: http://backend:8000/api/predictions/flood/184
[2026-03-25T16:21:30.558+0000] {climarisk_dag.py:152} ERROR - ❌ Dhaka: 500 Server Error: Internal Server Error for url: http://backend:8000/api/predictions/flood/185
[2026-03-25T16:21:30.971+0000] {climarisk_dag.py:152} ERROR - ❌ Chittagong: 500 Server Error: Internal Server Error for url: http://backend:8000/api/predictions/flood/186
[2026-03-25T16:21:31.349+0000] {climarisk_dag.py:152} ERROR - ❌ Sylhet: 500 Server Error: Internal Server Error for url: http://backend:8000/api/predictions/flood/187
[2026-03-25T16:21:31.749+0000] {climarisk_dag.py:152} ERROR - ❌ Khulna: 500 Server Error: Internal Server Error for url: http://backend:8000/api/predictions/flood/188
[2026-03-25T16:21:32.122+0000] {climarisk_dag.py:152} ERROR - ❌ Cox's Bazar: 500 Server Error: Internal Server Error for url: http://backend:8000/api/predictions/flood/189
[2026-03-25T16:21:32.573+0000] {climarisk_dag.py:152} ERROR - ❌ Karachi: 500 Server Error: Internal Server Error for url: http://backend:8000/api/predictions/flood/190
[2026-03-25T16:21:32.964+0000] {climarisk_dag.py:152} ERROR - ❌ Lahore: 500 Server Error: Internal Server Error for url: http://backend:8000/api/predictions/flood/191
[2026-03-25T16:21:33.390+0000] {climarisk_dag.py:152} ERROR - ❌ Colombo: 500 Server Error: Internal Server Error for url: http://backend:8000/api/predictions/flood/192
[2026-03-25T16:21:33.821+0000] {climarisk_dag.py:152} ERROR - ❌ Kathmandu: 500 Server Error: Internal Server Error for url: http://backend:8000/api/predictions/flood/193
[2026-03-25T16:21:34.247+0000] {climarisk_dag.py:152} ERROR - ❌ Yangon: 500 Server Error: Internal Server Error for url: http://backend:8000/api/predictions/flood/194
[2026-03-25T16:21:34.675+0000] {climarisk_dag.py:152} ERROR - ❌ Sittwe: 500 Server Error: Internal Server Error for url: http://backend:8000/api/predictions/flood/195
[2026-03-25T16:21:35.151+0000] {climarisk_dag.py:152} ERROR - ❌ Phnom Penh: 500 Server Error: Internal Server Error for url: http://backend:8000/api/predictions/flood/196
[2026-03-25T16:21:35.538+0000] {climarisk_dag.py:152} ERROR - ❌ Riyadh: 500 Server Error: Internal Server Error for url: http://backend:8000/api/predictions/flood/197
[2026-03-25T16:21:35.949+0000] {climarisk_dag.py:152} ERROR - ❌ Dubai: 500 Server Error: Internal Server Error for url: http://backend:8000/api/predictions/flood/198
[2026-03-25T16:21:36.321+0000] {climarisk_dag.py:152} ERROR - ❌ Tehran: 500 Server Error: Internal Server Error for url: http://backend:8000/api/predictions/flood/199
[2026-03-25T16:21:36.763+0000] {climarisk_dag.py:152} ERROR - ❌ Istanbul: 500 Server Error: Internal Server Error for url: http://backend:8000/api/predictions/flood/200
[2026-03-25T16:21:37.165+0000] {climarisk_dag.py:152} ERROR - ❌ Ankara: 500 Server Error: Internal Server Error for url: http://backend:8000/api/predictions/flood/201
[2026-03-25T16:21:37.522+0000] {climarisk_dag.py:152} ERROR - ❌ Baghdad: 500 Server Error: Internal Server Error for url: http://backend:8000/api/predictions/flood/202
[2026-03-25T16:21:37.980+0000] {climarisk_dag.py:152} ERROR - ❌ Baku: 500 Server Error: Internal Server Error for url: http://backend:8000/api/predictions/flood/203
[2026-03-25T16:21:38.349+0000] {climarisk_dag.py:152} ERROR - ❌ Tashkent: 500 Server Error: Internal Server Error for url: http://backend:8000/api/predictions/flood/204
[2026-03-25T16:21:38.751+0000] {climarisk_dag.py:152} ERROR - ❌ Almaty: 500 Server Error: Internal Server Error for url: http://backend:8000/api/predictions/flood/205
[2026-03-25T16:21:39.193+0000] {climarisk_dag.py:152} ERROR - ❌ Guam: 500 Server Error: Internal Server Error for url: http://backend:8000/api/predictions/flood/206
[2026-03-25T16:21:39.670+0000] {climarisk_dag.py:152} ERROR - ❌ Paris: 500 Server Error: Internal Server Error for url: http://backend:8000/api/predictions/flood/207
[2026-03-25T16:21:40.063+0000] {climarisk_dag.py:152} ERROR - ❌ Lyon: 500 Server Error: Internal Server Error for url: http://backend:8000/api/predictions/flood/208
[2026-03-25T16:21:40.490+0000] {climarisk_dag.py:152} ERROR - ❌ Marseille: 500 Server Error: Internal Server Error for url: http://backend:8000/api/predictions/flood/209
[2026-03-25T16:21:40.848+0000] {climarisk_dag.py:152} ERROR - ❌ Toulouse: 500 Server Error: Internal Server Error for url: http://backend:8000/api/predictions/flood/210
[2026-03-25T16:21:41.236+0000] {climarisk_dag.py:152} ERROR - ❌ Bordeaux: 500 Server Error: Internal Server Error for url: http://backend:8000/api/predictions/flood/211
[2026-03-25T16:21:41.612+0000] {climarisk_dag.py:152} ERROR - ❌ Nantes: 500 Server Error: Internal Server Error for url: http://backend:8000/api/predictions/flood/212
[2026-03-25T16:21:41.986+0000] {climarisk_dag.py:152} ERROR - ❌ Strasbourg: 500 Server Error: Internal Server Error for url: http://backend:8000/api/predictions/flood/213
[2026-03-25T16:21:42.436+0000] {climarisk_dag.py:152} ERROR - ❌ Lille: 500 Server Error: Internal Server Error for url: http://backend:8000/api/predictions/flood/214
[2026-03-25T16:21:42.823+0000] {climarisk_dag.py:152} ERROR - ❌ Montpellier: 500 Server Error: Internal Server Error for url: http://backend:8000/api/predictions/flood/215
[2026-03-25T16:21:43.283+0000] {climarisk_dag.py:152} ERROR - ❌ Nice: 500 Server Error: Internal Server Error for url: http://backend:8000/api/predictions/flood/216
[2026-03-25T16:21:43.652+0000] {climarisk_dag.py:152} ERROR - ❌ London: 500 Server Error: Internal Server Error for url: http://backend:8000/api/predictions/flood/217
[2026-03-25T16:21:43.849+0000] {climarisk_dag.py:152} ERROR - ❌ Birmingham: 500 Server Error: Internal Server Error for url: http://backend:8000/api/predictions/flood/218
[2026-03-25T16:21:44.275+0000] {climarisk_dag.py:152} ERROR - ❌ Manchester: 500 Server Error: Internal Server Error for url: http://backend:8000/api/predictions/flood/219
[2026-03-25T16:21:45.585+0000] {climarisk_dag.py:152} ERROR - ❌ Berlin: 500 Server Error: Internal Server Error for url: http://backend:8000/api/predictions/flood/220
[2026-03-25T16:21:45.931+0000] {climarisk_dag.py:152} ERROR - ❌ Hamburg: 500 Server Error: Internal Server Error for url: http://backend:8000/api/predictions/flood/221
[2026-03-25T16:21:46.282+0000] {climarisk_dag.py:152} ERROR - ❌ Munich: 500 Server Error: Internal Server Error for url: http://backend:8000/api/predictions/flood/222
[2026-03-25T16:21:46.642+0000] {climarisk_dag.py:152} ERROR - ❌ Frankfurt: 500 Server Error: Internal Server Error for url: http://backend:8000/api/predictions/flood/223
[2026-03-25T16:21:47.019+0000] {climarisk_dag.py:152} ERROR - ❌ Madrid: 500 Server Error: Internal Server Error for url: http://backend:8000/api/predictions/flood/224
[2026-03-25T16:21:47.420+0000] {climarisk_dag.py:152} ERROR - ❌ Barcelona: 500 Server Error: Internal Server Error for url: http://backend:8000/api/predictions/flood/225
[2026-03-25T16:21:47.865+0000] {climarisk_dag.py:152} ERROR - ❌ Valencia: 500 Server Error: Internal Server Error for url: http://backend:8000/api/predictions/flood/226
[2026-03-25T16:21:48.229+0000] {climarisk_dag.py:152} ERROR - ❌ Malaga: 500 Server Error: Internal Server Error for url: http://backend:8000/api/predictions/flood/227
[2026-03-25T16:21:48.656+0000] {climarisk_dag.py:152} ERROR - ❌ Rome: 500 Server Error: Internal Server Error for url: http://backend:8000/api/predictions/flood/228
[2026-03-25T16:21:49.055+0000] {climarisk_dag.py:152} ERROR - ❌ Milan: 500 Server Error: Internal Server Error for url: http://backend:8000/api/predictions/flood/229
[2026-03-25T16:21:49.469+0000] {climarisk_dag.py:152} ERROR - ❌ Palermo: 500 Server Error: Internal Server Error for url: http://backend:8000/api/predictions/flood/230
[2026-03-25T16:21:49.897+0000] {climarisk_dag.py:152} ERROR - ❌ Amsterdam: 500 Server Error: Internal Server Error for url: http://backend:8000/api/predictions/flood/231
[2026-03-25T16:21:50.315+0000] {climarisk_dag.py:152} ERROR - ❌ Brussels: 500 Server Error: Internal Server Error for url: http://backend:8000/api/predictions/flood/232
[2026-03-25T16:21:50.692+0000] {climarisk_dag.py:152} ERROR - ❌ Vienna: 500 Server Error: Internal Server Error for url: http://backend:8000/api/predictions/flood/233
[2026-03-25T16:21:51.123+0000] {climarisk_dag.py:152} ERROR - ❌ Zurich: 500 Server Error: Internal Server Error for url: http://backend:8000/api/predictions/flood/234
[2026-03-25T16:21:51.506+0000] {climarisk_dag.py:152} ERROR - ❌ Stockholm: 500 Server Error: Internal Server Error for url: http://backend:8000/api/predictions/flood/235
[2026-03-25T16:21:51.914+0000] {climarisk_dag.py:152} ERROR - ❌ Oslo: 500 Server Error: Internal Server Error for url: http://backend:8000/api/predictions/flood/236
[2026-03-25T16:21:52.412+0000] {climarisk_dag.py:152} ERROR - ❌ Copenhagen: 500 Server Error: Internal Server Error for url: http://backend:8000/api/predictions/flood/237
[2026-03-25T16:21:52.780+0000] {climarisk_dag.py:152} ERROR - ❌ Helsinki: 500 Server Error: Internal Server Error for url: http://backend:8000/api/predictions/flood/238
[2026-03-25T16:21:53.148+0000] {climarisk_dag.py:152} ERROR - ❌ Warsaw: 500 Server Error: Internal Server Error for url: http://backend:8000/api/predictions/flood/239
[2026-03-25T16:22:03.000+0000] {climarisk_dag.py:152} ERROR - ❌ Prague: 500 Server Error: Internal Server Error for url: http://backend:8000/api/predictions/flood/240
[2026-03-25T16:22:03.431+0000] {climarisk_dag.py:152} ERROR - ❌ Budapest: 500 Server Error: Internal Server Error for url: http://backend:8000/api/predictions/flood/241
[2026-03-25T16:22:03.851+0000] {climarisk_dag.py:152} ERROR - ❌ Bucharest: 500 Server Error: Internal Server Error for url: http://backend:8000/api/predictions/flood/242
[2026-03-25T16:22:04.272+0000] {climarisk_dag.py:152} ERROR - ❌ Athens: 500 Server Error: Internal Server Error for url: http://backend:8000/api/predictions/flood/243
[2026-03-25T16:22:04.691+0000] {climarisk_dag.py:152} ERROR - ❌ Thessaloniki: 500 Server Error: Internal Server Error for url: http://backend:8000/api/predictions/flood/244
[2026-03-25T16:22:05.069+0000] {climarisk_dag.py:152} ERROR - ❌ Lisbon: 500 Server Error: Internal Server Error for url: http://backend:8000/api/predictions/flood/245
[2026-03-25T16:22:05.501+0000] {climarisk_dag.py:152} ERROR - ❌ Moscow: 500 Server Error: Internal Server Error for url: http://backend:8000/api/predictions/flood/246
[2026-03-25T16:22:05.915+0000] {climarisk_dag.py:152} ERROR - ❌ Saint Petersburg: 500 Server Error: Internal Server Error for url: http://backend:8000/api/predictions/flood/247
[2026-03-25T16:22:06.325+0000] {climarisk_dag.py:152} ERROR - ❌ Krasnoyarsk: 500 Server Error: Internal Server Error for url: http://backend:8000/api/predictions/flood/248
[2026-03-25T16:22:06.760+0000] {climarisk_dag.py:152} ERROR - ❌ Irkutsk: 500 Server Error: Internal Server Error for url: http://backend:8000/api/predictions/flood/249
[2026-03-25T16:22:07.197+0000] {climarisk_dag.py:152} ERROR - ❌ Yakutsk: 500 Server Error: Internal Server Error for url: http://backend:8000/api/predictions/flood/250
[2026-03-25T16:22:07.618+0000] {climarisk_dag.py:152} ERROR - ❌ Khabarovsk: 500 Server Error: Internal Server Error for url: http://backend:8000/api/predictions/flood/251
[2026-03-25T16:22:08.057+0000] {climarisk_dag.py:152} ERROR - ❌ Kyiv: 500 Server Error: Internal Server Error for url: http://backend:8000/api/predictions/flood/252
[2026-03-25T16:22:08.447+0000] {climarisk_dag.py:152} ERROR - ❌ New York: 500 Server Error: Internal Server Error for url: http://backend:8000/api/predictions/flood/253
[2026-03-25T16:22:08.829+0000] {climarisk_dag.py:152} ERROR - ❌ Los Angeles: 500 Server Error: Internal Server Error for url: http://backend:8000/api/predictions/flood/254
[2026-03-25T16:22:09.212+0000] {climarisk_dag.py:152} ERROR - ❌ Chicago: 500 Server Error: Internal Server Error for url: http://backend:8000/api/predictions/flood/255
[2026-03-25T16:22:09.600+0000] {climarisk_dag.py:152} ERROR - ❌ Houston: 500 Server Error: Internal Server Error for url: http://backend:8000/api/predictions/flood/256
[2026-03-25T16:22:10.033+0000] {climarisk_dag.py:152} ERROR - ❌ Miami: 500 Server Error: Internal Server Error for url: http://backend:8000/api/predictions/flood/257
[2026-03-25T16:22:10.420+0000] {climarisk_dag.py:152} ERROR - ❌ New Orleans: 500 Server Error: Internal Server Error for url: http://backend:8000/api/predictions/flood/258
[2026-03-25T16:22:10.791+0000] {climarisk_dag.py:152} ERROR - ❌ Seattle: 500 Server Error: Internal Server Error for url: http://backend:8000/api/predictions/flood/259
[2026-03-25T16:22:11.202+0000] {climarisk_dag.py:152} ERROR - ❌ Sacramento: 500 Server Error: Internal Server Error for url: http://backend:8000/api/predictions/flood/260
[2026-03-25T16:22:11.625+0000] {climarisk_dag.py:152} ERROR - ❌ Fresno: 500 Server Error: Internal Server Error for url: http://backend:8000/api/predictions/flood/261
[2026-03-25T16:22:12.013+0000] {climarisk_dag.py:152} ERROR - ❌ Redding: 500 Server Error: Internal Server Error for url: http://backend:8000/api/predictions/flood/262
[2026-03-25T16:22:12.450+0000] {climarisk_dag.py:152} ERROR - ❌ Memphis: 500 Server Error: Internal Server Error for url: http://backend:8000/api/predictions/flood/263
[2026-03-25T16:22:12.913+0000] {climarisk_dag.py:152} ERROR - ❌ Toronto: 500 Server Error: Internal Server Error for url: http://backend:8000/api/predictions/flood/264
[2026-03-25T16:22:13.344+0000] {climarisk_dag.py:152} ERROR - ❌ Montreal: 500 Server Error: Internal Server Error for url: http://backend:8000/api/predictions/flood/265
[2026-03-25T16:22:13.649+0000] {climarisk_dag.py:152} ERROR - ❌ Vancouver: 500 Server Error: Internal Server Error for url: http://backend:8000/api/predictions/flood/266
[2026-03-25T16:22:14.054+0000] {climarisk_dag.py:152} ERROR - ❌ Mexico City: 500 Server Error: Internal Server Error for url: http://backend:8000/api/predictions/flood/267
[2026-03-25T16:22:14.480+0000] {climarisk_dag.py:152} ERROR - ❌ Veracruz: 500 Server Error: Internal Server Error for url: http://backend:8000/api/predictions/flood/268
[2026-03-25T16:22:14.911+0000] {climarisk_dag.py:152} ERROR - ❌ Cancún: 500 Server Error: Internal Server Error for url: http://backend:8000/api/predictions/flood/269
[2026-03-25T16:22:15.255+0000] {climarisk_dag.py:152} ERROR - ❌ São Paulo: 500 Server Error: Internal Server Error for url: http://backend:8000/api/predictions/flood/270
[2026-03-25T16:22:16.696+0000] {climarisk_dag.py:152} ERROR - ❌ Rio de Janeiro: 500 Server Error: Internal Server Error for url: http://backend:8000/api/predictions/flood/271
[2026-03-25T16:22:17.128+0000] {climarisk_dag.py:152} ERROR - ❌ Belém: 500 Server Error: Internal Server Error for url: http://backend:8000/api/predictions/flood/272
[2026-03-25T16:22:17.480+0000] {climarisk_dag.py:152} ERROR - ❌ Marabá: 500 Server Error: Internal Server Error for url: http://backend:8000/api/predictions/flood/273
[2026-03-25T16:22:17.844+0000] {climarisk_dag.py:152} ERROR - ❌ Sinop: 500 Server Error: Internal Server Error for url: http://backend:8000/api/predictions/flood/274
[2026-03-25T16:22:18.371+0000] {climarisk_dag.py:152} ERROR - ❌ Porto Velho: 500 Server Error: Internal Server Error for url: http://backend:8000/api/predictions/flood/275
[2026-03-25T16:22:18.752+0000] {climarisk_dag.py:152} ERROR - ❌ Buenos Aires: 500 Server Error: Internal Server Error for url: http://backend:8000/api/predictions/flood/276
[2026-03-25T16:22:19.114+0000] {climarisk_dag.py:152} ERROR - ❌ Lima: 500 Server Error: Internal Server Error for url: http://backend:8000/api/predictions/flood/277
[2026-03-25T16:22:19.480+0000] {climarisk_dag.py:152} ERROR - ❌ Bogotá: 500 Server Error: Internal Server Error for url: http://backend:8000/api/predictions/flood/278
[2026-03-25T16:22:19.835+0000] {climarisk_dag.py:152} ERROR - ❌ Santiago: 500 Server Error: Internal Server Error for url: http://backend:8000/api/predictions/flood/279
[2026-03-25T16:22:20.275+0000] {climarisk_dag.py:152} ERROR - ❌ Port-au-Prince: 500 Server Error: Internal Server Error for url: http://backend:8000/api/predictions/flood/280
[2026-03-25T16:22:20.705+0000] {climarisk_dag.py:152} ERROR - ❌ San Juan: 500 Server Error: Internal Server Error for url: http://backend:8000/api/predictions/flood/281
[2026-03-25T16:22:21.149+0000] {climarisk_dag.py:152} ERROR - ❌ Kingston: 500 Server Error: Internal Server Error for url: http://backend:8000/api/predictions/flood/282
[2026-03-25T16:22:21.530+0000] {climarisk_dag.py:152} ERROR - ❌ Port of Spain: 500 Server Error: Internal Server Error for url: http://backend:8000/api/predictions/flood/283
[2026-03-25T16:22:21.962+0000] {climarisk_dag.py:152} ERROR - ❌ Sydney: 500 Server Error: Internal Server Error for url: http://backend:8000/api/predictions/flood/284
[2026-03-25T16:22:22.378+0000] {climarisk_dag.py:152} ERROR - ❌ Melbourne: 500 Server Error: Internal Server Error for url: http://backend:8000/api/predictions/flood/285
[2026-03-25T16:22:22.808+0000] {climarisk_dag.py:152} ERROR - ❌ Brisbane: 500 Server Error: Internal Server Error for url: http://backend:8000/api/predictions/flood/286
[2026-03-25T16:22:23.205+0000] {climarisk_dag.py:152} ERROR - ❌ Darwin: 500 Server Error: Internal Server Error for url: http://backend:8000/api/predictions/flood/287
[2026-03-25T16:22:23.639+0000] {climarisk_dag.py:152} ERROR - ❌ Alice Springs: 500 Server Error: Internal Server Error for url: http://backend:8000/api/predictions/flood/288
[2026-03-25T16:22:24.065+0000] {climarisk_dag.py:152} ERROR - ❌ Cairns: 500 Server Error: Internal Server Error for url: http://backend:8000/api/predictions/flood/289
[2026-03-25T16:22:24.534+0000] {climarisk_dag.py:152} ERROR - ❌ Auckland: 500 Server Error: Internal Server Error for url: http://backend:8000/api/predictions/flood/290
[2026-03-25T16:22:24.959+0000] {climarisk_dag.py:152} ERROR - ❌ Port Moresby: 500 Server Error: Internal Server Error for url: http://backend:8000/api/predictions/flood/291
[2026-03-25T16:22:24.960+0000] {climarisk_dag.py:156} INFO - ✅ Done: 0 OK, 291 errors, 142.2s
[2026-03-25T16:22:24.978+0000] {taskinstance.py:441} INFO - ::group::Post task execution logs
[2026-03-25T16:22:24.979+0000] {taskinstance.py:2905} ERROR - Task failed with exception
Traceback (most recent call last):
  File "/home/airflow/.local/lib/python3.12/site-packages/airflow/models/taskinstance.py", line 465, in _execute_task
    result = _execute_callable(context=context, **execute_callable_kwargs)
             ^^^^^^^^^^^^^^^^^^^^^^^^^^^^^^^^^^^^^^^^^^^^^^^^^^^^^^^^^^^^^
  File "/home/airflow/.local/lib/python3.12/site-packages/airflow/models/taskinstance.py", line 432, in _execute_callable
    return execute_callable(context=context, **execute_callable_kwargs)
           ^^^^^^^^^^^^^^^^^^^^^^^^^^^^^^^^^^^^^^^^^^^^^^^^^^^^^^^^^^^^
  File "/home/airflow/.local/lib/python3.12/site-packages/airflow/models/baseoperator.py", line 400, in wrapper
    return func(self, *args, **kwargs)
           ^^^^^^^^^^^^^^^^^^^^^^^^^^^
  File "/home/airflow/.local/lib/python3.12/site-packages/airflow/operators/python.py", line 235, in execute
    return_value = self.execute_callable()
                   ^^^^^^^^^^^^^^^^^^^^^^^
  File "/home/airflow/.local/lib/python3.12/site-packages/airflow/operators/python.py", line 252, in execute_callable
    return self.python_callable(*self.op_args, **self.op_kwargs)
           ^^^^^^^^^^^^^^^^^^^^^^^^^^^^^^^^^^^^^^^^^^^^^^^^^^^^^
  File "/opt/airflow/dags/climarisk_dag.py", line 165, in predict_all_zones
    raise Exception(f"{errors} zone(s) failed — check logs above")
Exception: 291 zone(s) failed — check logs above
[2026-03-25T16:22:24.994+0000] {taskinstance.py:1206} INFO - Marking task as UP_FOR_RETRY. dag_id=***_predictions, task_id=predict_all_zones, run_id=scheduled__2026-03-25T16:10:00+00:00, execution_date=20260325T161000, start_date=20260325T162002, end_date=20260325T162224
[2026-03-25T16:22:25.006+0000] {standard_task_runner.py:110} ERROR - Failed to execute job 578 for task predict_all_zones (291 zone(s) failed — check logs above; 1164)
[2026-03-25T16:22:25.051+0000] {local_task_job_runner.py:240} INFO - Task exited with return code 1
[2026-03-25T16:22:25.080+0000] {taskinstance.py:3498} INFO - 0 downstream tasks scheduled from follow-on schedule check
[2026-03-25T16:22:25.083+0000] {local_task_job_runner.py:222} INFO - ::endgroup::
