[2026-03-25T15:41:47.105+0000] {local_task_job_runner.py:120} INFO - ::group::Pre task execution logs
[2026-03-25T15:41:47.136+0000] {taskinstance.py:2076} INFO - Dependencies all met for dep_context=non-requeueable deps ti=<TaskInstance: climarisk_predictions.predict_all_zones scheduled__2026-03-25T15:26:00+00:00 [queued]>
[2026-03-25T15:41:47.146+0000] {taskinstance.py:2076} INFO - Dependencies all met for dep_context=requeueable deps ti=<TaskInstance: climarisk_predictions.predict_all_zones scheduled__2026-03-25T15:26:00+00:00 [queued]>
[2026-03-25T15:41:47.148+0000] {taskinstance.py:2306} INFO - Starting attempt 3 of 2
[2026-03-25T15:41:47.163+0000] {taskinstance.py:2330} INFO - Executing <Task(PythonOperator): predict_all_zones> on 2026-03-25 15:26:00+00:00
[2026-03-25T15:41:47.169+0000] {logging_mixin.py:188} WARNING - /home/airflow/.local/lib/python3.12/site-packages/airflow/task/task_runner/standard_task_runner.py:61 DeprecationWarning: This process (pid=423) is multi-threaded, use of fork() may lead to deadlocks in the child.
[2026-03-25T15:41:47.170+0000] {standard_task_runner.py:63} INFO - Started process 424 to run task
[2026-03-25T15:41:47.170+0000] {standard_task_runner.py:90} INFO - Running: ['airflow', 'tasks', 'run', '***_predictions', 'predict_all_zones', 'scheduled__2026-03-25T15:26:00+00:00', '--job-id', '562', '--raw', '--subdir', 'DAGS_FOLDER/***_dag.py', '--cfg-path', '/tmp/tmp0jz1s2ng']
[2026-03-25T15:41:47.172+0000] {standard_task_runner.py:91} INFO - Job 562: Subtask predict_all_zones
[2026-03-25T15:41:47.239+0000] {task_command.py:426} INFO - Running <TaskInstance: climarisk_predictions.predict_all_zones scheduled__2026-03-25T15:26:00+00:00 [running]> on host 6146f0e8983c
[2026-03-25T15:41:47.329+0000] {taskinstance.py:2648} INFO - Exporting env vars: AIRFLOW_CTX_DAG_OWNER='***' AIRFLOW_CTX_DAG_ID='***_predictions' AIRFLOW_CTX_TASK_ID='predict_all_zones' AIRFLOW_CTX_EXECUTION_DATE='2026-03-25T15:26:00+00:00' AIRFLOW_CTX_TRY_NUMBER='3' AIRFLOW_CTX_DAG_RUN_ID='scheduled__2026-03-25T15:26:00+00:00'
[2026-03-25T15:41:47.331+0000] {taskinstance.py:430} INFO - ::endgroup::
[2026-03-25T15:41:49.039+0000] {climarisk_dag.py:152} ERROR - ❌ Alger: 500 Server Error: Internal Server Error for url: http://backend:8000/api/predictions/flood/1
[2026-03-25T15:41:49.681+0000] {climarisk_dag.py:152} ERROR - ❌ Cairo: 500 Server Error: Internal Server Error for url: http://backend:8000/api/predictions/flood/2
[2026-03-25T15:41:50.789+0000] {climarisk_dag.py:152} ERROR - ❌ Lagos: 500 Server Error: Internal Server Error for url: http://backend:8000/api/predictions/flood/3
[2026-03-25T15:41:51.635+0000] {climarisk_dag.py:152} ERROR - ❌ Kano: 500 Server Error: Internal Server Error for url: http://backend:8000/api/predictions/flood/4
[2026-03-25T15:41:52.204+0000] {climarisk_dag.py:152} ERROR - ❌ Abuja: 500 Server Error: Internal Server Error for url: http://backend:8000/api/predictions/flood/5
[2026-03-25T15:41:54.078+0000] {climarisk_dag.py:152} ERROR - ❌ Johannesburg: 500 Server Error: Internal Server Error for url: http://backend:8000/api/predictions/flood/6
[2026-03-25T15:41:55.681+0000] {climarisk_dag.py:152} ERROR - ❌ Cape Town: 500 Server Error: Internal Server Error for url: http://backend:8000/api/predictions/flood/7
[2026-03-25T15:41:56.592+0000] {climarisk_dag.py:152} ERROR - ❌ Nairobi: 500 Server Error: Internal Server Error for url: http://backend:8000/api/predictions/flood/8
[2026-03-25T15:41:57.371+0000] {climarisk_dag.py:152} ERROR - ❌ Addis Ababa: 500 Server Error: Internal Server Error for url: http://backend:8000/api/predictions/flood/9
[2026-03-25T15:41:58.473+0000] {climarisk_dag.py:152} ERROR - ❌ Dar es Salaam: 500 Server Error: Internal Server Error for url: http://backend:8000/api/predictions/flood/10
[2026-03-25T15:41:59.445+0000] {climarisk_dag.py:152} ERROR - ❌ Accra: 500 Server Error: Internal Server Error for url: http://backend:8000/api/predictions/flood/11
[2026-03-25T15:42:00.067+0000] {climarisk_dag.py:152} ERROR - ❌ Casablanca: 500 Server Error: Internal Server Error for url: http://backend:8000/api/predictions/flood/12
[2026-03-25T15:42:00.960+0000] {climarisk_dag.py:152} ERROR - ❌ Mohammedia: 500 Server Error: Internal Server Error for url: http://backend:8000/api/predictions/flood/13
[2026-03-25T15:42:03.103+0000] {climarisk_dag.py:152} ERROR - ❌ El Jadida: 500 Server Error: Internal Server Error for url: http://backend:8000/api/predictions/flood/14
[2026-03-25T15:42:05.448+0000] {climarisk_dag.py:152} ERROR - ❌ Settat: 500 Server Error: Internal Server Error for url: http://backend:8000/api/predictions/flood/15
[2026-03-25T15:42:06.867+0000] {climarisk_dag.py:152} ERROR - ❌ Berrechid: 500 Server Error: Internal Server Error for url: http://backend:8000/api/predictions/flood/16
[2026-03-25T15:42:07.843+0000] {climarisk_dag.py:152} ERROR - ❌ Benslimane: 500 Server Error: Internal Server Error for url: http://backend:8000/api/predictions/flood/17
[2026-03-25T15:42:09.521+0000] {climarisk_dag.py:152} ERROR - ❌ Sidi Bennour: 500 Server Error: Internal Server Error for url: http://backend:8000/api/predictions/flood/18
[2026-03-25T15:42:11.062+0000] {climarisk_dag.py:152} ERROR - ❌ Azemmour: 500 Server Error: Internal Server Error for url: http://backend:8000/api/predictions/flood/19
[2026-03-25T15:42:11.963+0000] {climarisk_dag.py:152} ERROR - ❌ Mediouna: 500 Server Error: Internal Server Error for url: http://backend:8000/api/predictions/flood/20
[2026-03-25T15:42:12.588+0000] {climarisk_dag.py:152} ERROR - ❌ Nouaceur: 500 Server Error: Internal Server Error for url: http://backend:8000/api/predictions/flood/21
[2026-03-25T15:42:15.751+0000] {climarisk_dag.py:152} ERROR - ❌ Rabat: 500 Server Error: Internal Server Error for url: http://backend:8000/api/predictions/flood/22
[2026-03-25T15:42:16.771+0000] {climarisk_dag.py:152} ERROR - ❌ Salé: 500 Server Error: Internal Server Error for url: http://backend:8000/api/predictions/flood/23
[2026-03-25T15:42:17.672+0000] {climarisk_dag.py:152} ERROR - ❌ Kénitra: 500 Server Error: Internal Server Error for url: http://backend:8000/api/predictions/flood/24
[2026-03-25T15:42:19.891+0000] {climarisk_dag.py:152} ERROR - ❌ Témara: 500 Server Error: Internal Server Error for url: http://backend:8000/api/predictions/flood/25
[2026-03-25T15:42:22.495+0000] {climarisk_dag.py:152} ERROR - ❌ Skhirat: 500 Server Error: Internal Server Error for url: http://backend:8000/api/predictions/flood/26
[2026-03-25T15:42:23.116+0000] {climarisk_dag.py:152} ERROR - ❌ Tiflet: 500 Server Error: Internal Server Error for url: http://backend:8000/api/predictions/flood/27
[2026-03-25T15:42:24.535+0000] {climarisk_dag.py:152} ERROR - ❌ Khémisset: 500 Server Error: Internal Server Error for url: http://backend:8000/api/predictions/flood/28
[2026-03-25T15:42:25.519+0000] {climarisk_dag.py:152} ERROR - ❌ Sidi Slimane: 500 Server Error: Internal Server Error for url: http://backend:8000/api/predictions/flood/29
[2026-03-25T15:42:27.226+0000] {climarisk_dag.py:152} ERROR - ❌ Sidi Kacem: 500 Server Error: Internal Server Error for url: http://backend:8000/api/predictions/flood/30
[2026-03-25T15:42:29.390+0000] {climarisk_dag.py:152} ERROR - ❌ Souk el Arba: 500 Server Error: Internal Server Error for url: http://backend:8000/api/predictions/flood/31
[2026-03-25T15:42:30.996+0000] {climarisk_dag.py:152} ERROR - ❌ Ouazzane: 500 Server Error: Internal Server Error for url: http://backend:8000/api/predictions/flood/32
[2026-03-25T15:42:32.901+0000] {climarisk_dag.py:152} ERROR - ❌ Fès: 500 Server Error: Internal Server Error for url: http://backend:8000/api/predictions/flood/33
[2026-03-25T15:42:33.501+0000] {climarisk_dag.py:152} ERROR - ❌ Meknès: 500 Server Error: Internal Server Error for url: http://backend:8000/api/predictions/flood/34
[2026-03-25T15:42:35.485+0000] {climarisk_dag.py:152} ERROR - ❌ Ifrane: 500 Server Error: Internal Server Error for url: http://backend:8000/api/predictions/flood/35
[2026-03-25T15:42:39.517+0000] {climarisk_dag.py:152} ERROR - ❌ Azrou: 500 Server Error: Internal Server Error for url: http://backend:8000/api/predictions/flood/36
[2026-03-25T15:42:41.375+0000] {climarisk_dag.py:152} ERROR - ❌ Taounate: 500 Server Error: Internal Server Error for url: http://backend:8000/api/predictions/flood/37
[2026-03-25T15:42:42.846+0000] {climarisk_dag.py:152} ERROR - ❌ Taza: 500 Server Error: Internal Server Error for url: http://backend:8000/api/predictions/flood/38
[2026-03-25T15:42:43.471+0000] {climarisk_dag.py:152} ERROR - ❌ Sefrou: 500 Server Error: Internal Server Error for url: http://backend:8000/api/predictions/flood/39
[2026-03-25T15:42:45.440+0000] {climarisk_dag.py:152} ERROR - ❌ Boulemane: 500 Server Error: Internal Server Error for url: http://backend:8000/api/predictions/flood/40
[2026-03-25T15:42:46.253+0000] {climarisk_dag.py:152} ERROR - ❌ El Hajeb: 500 Server Error: Internal Server Error for url: http://backend:8000/api/predictions/flood/41
[2026-03-25T15:42:47.713+0000] {climarisk_dag.py:152} ERROR - ❌ Missour: 500 Server Error: Internal Server Error for url: http://backend:8000/api/predictions/flood/42
[2026-03-25T15:42:49.234+0000] {climarisk_dag.py:152} ERROR - ❌ Guercif: 500 Server Error: Internal Server Error for url: http://backend:8000/api/predictions/flood/43
[2026-03-25T15:42:50.106+0000] {climarisk_dag.py:152} ERROR - ❌ Marrakech: 500 Server Error: Internal Server Error for url: http://backend:8000/api/predictions/flood/44
[2026-03-25T15:42:52.488+0000] {climarisk_dag.py:152} ERROR - ❌ Safi: 500 Server Error: Internal Server Error for url: http://backend:8000/api/predictions/flood/45
[2026-03-25T15:42:53.483+0000] {climarisk_dag.py:152} ERROR - ❌ Essaouira: 500 Server Error: Internal Server Error for url: http://backend:8000/api/predictions/flood/46
[2026-03-25T15:42:55.111+0000] {climarisk_dag.py:152} ERROR - ❌ El Kelaa des Sraghna: 500 Server Error: Internal Server Error for url: http://backend:8000/api/predictions/flood/47
[2026-03-25T15:42:57.274+0000] {climarisk_dag.py:152} ERROR - ❌ Chichaoua: 500 Server Error: Internal Server Error for url: http://backend:8000/api/predictions/flood/48
[2026-03-25T15:42:57.890+0000] {climarisk_dag.py:152} ERROR - ❌ Youssoufia: 500 Server Error: Internal Server Error for url: http://backend:8000/api/predictions/flood/49
[2026-03-25T15:42:58.752+0000] {climarisk_dag.py:152} ERROR - ❌ Ben Guerir: 500 Server Error: Internal Server Error for url: http://backend:8000/api/predictions/flood/50
[2026-03-25T15:42:59.345+0000] {climarisk_dag.py:152} ERROR - ❌ Tahanaout: 500 Server Error: Internal Server Error for url: http://backend:8000/api/predictions/flood/51
[2026-03-25T15:43:00.321+0000] {climarisk_dag.py:152} ERROR - ❌ Ait Ourir: 500 Server Error: Internal Server Error for url: http://backend:8000/api/predictions/flood/52
[2026-03-25T15:43:05.263+0000] {climarisk_dag.py:152} ERROR - ❌ Demnate: 500 Server Error: Internal Server Error for url: http://backend:8000/api/predictions/flood/53
[2026-03-25T15:43:06.555+0000] {climarisk_dag.py:152} ERROR - ❌ Tanger: 500 Server Error: Internal Server Error for url: http://backend:8000/api/predictions/flood/54
[2026-03-25T15:43:07.181+0000] {climarisk_dag.py:152} ERROR - ❌ Tétouan: 500 Server Error: Internal Server Error for url: http://backend:8000/api/predictions/flood/55
[2026-03-25T15:43:09.112+0000] {climarisk_dag.py:152} ERROR - ❌ Al Hoceïma: 500 Server Error: Internal Server Error for url: http://backend:8000/api/predictions/flood/56
[2026-03-25T15:43:09.776+0000] {climarisk_dag.py:152} ERROR - ❌ Larache: 500 Server Error: Internal Server Error for url: http://backend:8000/api/predictions/flood/57
[2026-03-25T15:43:11.428+0000] {climarisk_dag.py:152} ERROR - ❌ Chefchaouen: 500 Server Error: Internal Server Error for url: http://backend:8000/api/predictions/flood/58
[2026-03-25T15:43:13.896+0000] {climarisk_dag.py:152} ERROR - ❌ Asilah: 500 Server Error: Internal Server Error for url: http://backend:8000/api/predictions/flood/59
[2026-03-25T15:43:16.104+0000] {climarisk_dag.py:152} ERROR - ❌ Fnideq: 500 Server Error: Internal Server Error for url: http://backend:8000/api/predictions/flood/60
[2026-03-25T15:43:17.358+0000] {climarisk_dag.py:152} ERROR - ❌ Martil: 500 Server Error: Internal Server Error for url: http://backend:8000/api/predictions/flood/61
[2026-03-25T15:43:18.826+0000] {climarisk_dag.py:152} ERROR - ❌ Mdiq: 500 Server Error: Internal Server Error for url: http://backend:8000/api/predictions/flood/62
[2026-03-25T15:43:20.491+0000] {climarisk_dag.py:152} ERROR - ❌ Ksar el Kebir: 500 Server Error: Internal Server Error for url: http://backend:8000/api/predictions/flood/63
[2026-03-25T15:43:21.086+0000] {climarisk_dag.py:152} ERROR - ❌ Ouazzane: 500 Server Error: Internal Server Error for url: http://backend:8000/api/predictions/flood/64
[2026-03-25T15:43:23.079+0000] {climarisk_dag.py:152} ERROR - ❌ Targuist: 500 Server Error: Internal Server Error for url: http://backend:8000/api/predictions/flood/65
[2026-03-25T15:43:24.143+0000] {climarisk_dag.py:152} ERROR - ❌ Imzouren: 500 Server Error: Internal Server Error for url: http://backend:8000/api/predictions/flood/66
[2026-03-25T15:43:25.526+0000] {climarisk_dag.py:152} ERROR - ❌ Beni Mellal-Khenifra: 500 Server Error: Internal Server Error for url: http://backend:8000/api/predictions/flood/67
[2026-03-25T15:43:26.435+0000] {climarisk_dag.py:152} ERROR - ❌ Khénifra: 500 Server Error: Internal Server Error for url: http://backend:8000/api/predictions/flood/68
[2026-03-25T15:43:28.833+0000] {climarisk_dag.py:152} ERROR - ❌ Azilal: 500 Server Error: Internal Server Error for url: http://backend:8000/api/predictions/flood/69
[2026-03-25T15:43:29.888+0000] {climarisk_dag.py:152} ERROR - ❌ Nanjing: 500 Server Error: Internal Server Error for url: http://backend:8000/api/predictions/flood/142
[2026-03-25T15:43:31.279+0000] {climarisk_dag.py:152} ERROR - ❌ Khouribga: 500 Server Error: Internal Server Error for url: http://backend:8000/api/predictions/flood/70
[2026-03-25T15:43:33.661+0000] {climarisk_dag.py:152} ERROR - ❌ Fkih Ben Salah: 500 Server Error: Internal Server Error for url: http://backend:8000/api/predictions/flood/71
[2026-03-25T15:43:36.019+0000] {climarisk_dag.py:152} ERROR - ❌ Souk Sebt: 500 Server Error: Internal Server Error for url: http://backend:8000/api/predictions/flood/72
[2026-03-25T15:43:37.077+0000] {climarisk_dag.py:152} ERROR - ❌ Midelt: 500 Server Error: Internal Server Error for url: http://backend:8000/api/predictions/flood/73
[2026-03-25T15:43:38.063+0000] {climarisk_dag.py:152} ERROR - ❌ Zaouiat Cheikh: 500 Server Error: Internal Server Error for url: http://backend:8000/api/predictions/flood/74
[2026-03-25T15:43:39.530+0000] {climarisk_dag.py:152} ERROR - ❌ Oujda: 500 Server Error: Internal Server Error for url: http://backend:8000/api/predictions/flood/75
[2026-03-25T15:43:40.176+0000] {climarisk_dag.py:152} ERROR - ❌ Nador: 500 Server Error: Internal Server Error for url: http://backend:8000/api/predictions/flood/76
[2026-03-25T15:43:42.143+0000] {climarisk_dag.py:152} ERROR - ❌ Berkane: 500 Server Error: Internal Server Error for url: http://backend:8000/api/predictions/flood/77
[2026-03-25T15:43:46.976+0000] {climarisk_dag.py:152} ERROR - ❌ Taourirt: 500 Server Error: Internal Server Error for url: http://backend:8000/api/predictions/flood/78
[2026-03-25T15:43:48.829+0000] {climarisk_dag.py:152} ERROR - ❌ Jerada: 500 Server Error: Internal Server Error for url: http://backend:8000/api/predictions/flood/79
[2026-03-25T15:43:50.641+0000] {climarisk_dag.py:152} ERROR - ❌ Figuig: 500 Server Error: Internal Server Error for url: http://backend:8000/api/predictions/flood/80
[2026-03-25T15:43:51.681+0000] {climarisk_dag.py:152} ERROR - ❌ Bouarfa: 500 Server Error: Internal Server Error for url: http://backend:8000/api/predictions/flood/81
[2026-03-25T15:43:53.314+0000] {climarisk_dag.py:152} ERROR - ❌ Selouane: 500 Server Error: Internal Server Error for url: http://backend:8000/api/predictions/flood/82
[2026-03-25T15:43:55.202+0000] {climarisk_dag.py:152} ERROR - ❌ Zaio: 500 Server Error: Internal Server Error for url: http://backend:8000/api/predictions/flood/83
[2026-03-25T15:43:56.882+0000] {climarisk_dag.py:152} ERROR - ❌ Agadir: 500 Server Error: Internal Server Error for url: http://backend:8000/api/predictions/flood/84
[2026-03-25T15:43:58.061+0000] {climarisk_dag.py:152} ERROR - ❌ Inezgane: 500 Server Error: Internal Server Error for url: http://backend:8000/api/predictions/flood/85
[2026-03-25T15:43:58.631+0000] {climarisk_dag.py:152} ERROR - ❌ Tiznit: 500 Server Error: Internal Server Error for url: http://backend:8000/api/predictions/flood/86
[2026-03-25T15:43:59.193+0000] {climarisk_dag.py:152} ERROR - ❌ Taroudannt: 500 Server Error: Internal Server Error for url: http://backend:8000/api/predictions/flood/87
[2026-03-25T15:44:00.213+0000] {climarisk_dag.py:152} ERROR - ❌ Ouarzazate: 500 Server Error: Internal Server Error for url: http://backend:8000/api/predictions/flood/88
[2026-03-25T15:44:00.845+0000] {climarisk_dag.py:152} ERROR - ❌ Ait Melloul: 500 Server Error: Internal Server Error for url: http://backend:8000/api/predictions/flood/89
[2026-03-25T15:44:04.974+0000] {climarisk_dag.py:152} ERROR - ❌ Biougra: 500 Server Error: Internal Server Error for url: http://backend:8000/api/predictions/flood/90
[2026-03-25T15:44:06.484+0000] {climarisk_dag.py:152} ERROR - ❌ Chtouka Ait Baha: 500 Server Error: Internal Server Error for url: http://backend:8000/api/predictions/flood/91
[2026-03-25T15:44:11.606+0000] {climarisk_dag.py:152} ERROR - ❌ Tata: 500 Server Error: Internal Server Error for url: http://backend:8000/api/predictions/flood/92
[2026-03-25T15:44:21.739+0000] {climarisk_dag.py:152} ERROR - ❌ Sidi Ifni: 500 Server Error: Internal Server Error for url: http://backend:8000/api/predictions/flood/93
[2026-03-25T15:44:23.075+0000] {climarisk_dag.py:152} ERROR - ❌ Massa: 500 Server Error: Internal Server Error for url: http://backend:8000/api/predictions/flood/94
[2026-03-25T15:44:24.830+0000] {climarisk_dag.py:152} ERROR - ❌ Errachidia: 500 Server Error: Internal Server Error for url: http://backend:8000/api/predictions/flood/95
[2026-03-25T15:44:25.978+0000] {climarisk_dag.py:152} ERROR - ❌ Zagora: 500 Server Error: Internal Server Error for url: http://backend:8000/api/predictions/flood/96
[2026-03-25T15:44:28.753+0000] {climarisk_dag.py:152} ERROR - ❌ Tinghir: 500 Server Error: Internal Server Error for url: http://backend:8000/api/predictions/flood/97
[2026-03-25T15:44:30.625+0000] {climarisk_dag.py:152} ERROR - ❌ Ouarzazate: 500 Server Error: Internal Server Error for url: http://backend:8000/api/predictions/flood/98
[2026-03-25T15:44:32.562+0000] {climarisk_dag.py:152} ERROR - ❌ Rissani: 500 Server Error: Internal Server Error for url: http://backend:8000/api/predictions/flood/99
[2026-03-25T15:44:33.183+0000] {climarisk_dag.py:152} ERROR - ❌ Erfoud: 500 Server Error: Internal Server Error for url: http://backend:8000/api/predictions/flood/100
[2026-03-25T15:44:37.629+0000] {climarisk_dag.py:152} ERROR - ❌ Merzouga: 500 Server Error: Internal Server Error for url: http://backend:8000/api/predictions/flood/101
[2026-03-25T15:44:41.825+0000] {climarisk_dag.py:152} ERROR - ❌ Alnif: 500 Server Error: Internal Server Error for url: http://backend:8000/api/predictions/flood/102
[2026-03-25T15:44:44.081+0000] {climarisk_dag.py:152} ERROR - ❌ Goulmima: 500 Server Error: Internal Server Error for url: http://backend:8000/api/predictions/flood/103
[2026-03-25T15:44:45.073+0000] {climarisk_dag.py:152} ERROR - ❌ Laâyoune: 500 Server Error: Internal Server Error for url: http://backend:8000/api/predictions/flood/104
[2026-03-25T15:44:46.381+0000] {climarisk_dag.py:152} ERROR - ❌ Boujdour: 500 Server Error: Internal Server Error for url: http://backend:8000/api/predictions/flood/105
[2026-03-25T15:44:49.283+0000] {climarisk_dag.py:152} ERROR - ❌ Tarfaya: 500 Server Error: Internal Server Error for url: http://backend:8000/api/predictions/flood/106
[2026-03-25T15:44:49.874+0000] {climarisk_dag.py:152} ERROR - ❌ Smara: 500 Server Error: Internal Server Error for url: http://backend:8000/api/predictions/flood/107
[2026-03-25T15:44:51.225+0000] {climarisk_dag.py:152} ERROR - ❌ El Marsa: 500 Server Error: Internal Server Error for url: http://backend:8000/api/predictions/flood/108
[2026-03-25T15:44:52.234+0000] {climarisk_dag.py:152} ERROR - ❌ Dakhla: 500 Server Error: Internal Server Error for url: http://backend:8000/api/predictions/flood/109
[2026-03-25T15:44:53.586+0000] {climarisk_dag.py:152} ERROR - ❌ Aousserd: 500 Server Error: Internal Server Error for url: http://backend:8000/api/predictions/flood/110
[2026-03-25T15:44:55.112+0000] {climarisk_dag.py:152} ERROR - ❌ Guelmim: 500 Server Error: Internal Server Error for url: http://backend:8000/api/predictions/flood/111
[2026-03-25T15:44:57.646+0000] {climarisk_dag.py:152} ERROR - ❌ Tan-Tan: 500 Server Error: Internal Server Error for url: http://backend:8000/api/predictions/flood/112
[2026-03-25T15:44:59.030+0000] {climarisk_dag.py:152} ERROR - ❌ Assa: 500 Server Error: Internal Server Error for url: http://backend:8000/api/predictions/flood/113
[2026-03-25T15:45:00.068+0000] {climarisk_dag.py:152} ERROR - ❌ Zag: 500 Server Error: Internal Server Error for url: http://backend:8000/api/predictions/flood/114
[2026-03-25T15:45:01.289+0000] {climarisk_dag.py:152} ERROR - ❌ Sidi Ifni: 500 Server Error: Internal Server Error for url: http://backend:8000/api/predictions/flood/115
[2026-03-25T15:45:01.863+0000] {climarisk_dag.py:152} ERROR - ❌ Tiznit: 500 Server Error: Internal Server Error for url: http://backend:8000/api/predictions/flood/116
[2026-03-25T15:45:03.676+0000] {climarisk_dag.py:152} ERROR - ❌ Tunis: 500 Server Error: Internal Server Error for url: http://backend:8000/api/predictions/flood/117
[2026-03-25T15:45:04.257+0000] {climarisk_dag.py:152} ERROR - ❌ Kampala: 500 Server Error: Internal Server Error for url: http://backend:8000/api/predictions/flood/118
[2026-03-25T15:45:07.341+0000] {climarisk_dag.py:152} ERROR - ❌ Dakar: 500 Server Error: Internal Server Error for url: http://backend:8000/api/predictions/flood/119
[2026-03-25T15:45:07.915+0000] {climarisk_dag.py:152} ERROR - ❌ Kinshasa: 500 Server Error: Internal Server Error for url: http://backend:8000/api/predictions/flood/120
[2026-03-25T15:45:08.561+0000] {climarisk_dag.py:152} ERROR - ❌ Luanda: 500 Server Error: Internal Server Error for url: http://backend:8000/api/predictions/flood/121
[2026-03-25T15:45:11.010+0000] {climarisk_dag.py:152} ERROR - ❌ Khartoum: 500 Server Error: Internal Server Error for url: http://backend:8000/api/predictions/flood/122
[2026-03-25T15:45:15.035+0000] {climarisk_dag.py:152} ERROR - ❌ Harare: 500 Server Error: Internal Server Error for url: http://backend:8000/api/predictions/flood/123
[2026-03-25T15:45:16.364+0000] {climarisk_dag.py:152} ERROR - ❌ Lusaka: 500 Server Error: Internal Server Error for url: http://backend:8000/api/predictions/flood/124
[2026-03-25T15:45:17.017+0000] {climarisk_dag.py:152} ERROR - ❌ Maputo: 500 Server Error: Internal Server Error for url: http://backend:8000/api/predictions/flood/125
[2026-03-25T15:45:19.472+0000] {climarisk_dag.py:152} ERROR - ❌ Antananarivo: 500 Server Error: Internal Server Error for url: http://backend:8000/api/predictions/flood/126
[2026-03-25T15:45:21.458+0000] {climarisk_dag.py:152} ERROR - ❌ Abidjan: 500 Server Error: Internal Server Error for url: http://backend:8000/api/predictions/flood/127
[2026-03-25T15:45:22.021+0000] {climarisk_dag.py:152} ERROR - ❌ Douala: 500 Server Error: Internal Server Error for url: http://backend:8000/api/predictions/flood/128
[2026-03-25T15:45:22.624+0000] {climarisk_dag.py:152} ERROR - ❌ Niamey: 500 Server Error: Internal Server Error for url: http://backend:8000/api/predictions/flood/129
[2026-03-25T15:45:23.204+0000] {climarisk_dag.py:152} ERROR - ❌ Ouagadougou: 500 Server Error: Internal Server Error for url: http://backend:8000/api/predictions/flood/130
[2026-03-25T15:45:23.774+0000] {climarisk_dag.py:152} ERROR - ❌ Bamako: 500 Server Error: Internal Server Error for url: http://backend:8000/api/predictions/flood/131
[2026-03-25T15:45:24.611+0000] {climarisk_dag.py:152} ERROR - ❌ Windhoek: 500 Server Error: Internal Server Error for url: http://backend:8000/api/predictions/flood/132
[2026-03-25T15:45:28.517+0000] {climarisk_dag.py:152} ERROR - ❌ Port Harcourt: 500 Server Error: Internal Server Error for url: http://backend:8000/api/predictions/flood/133
[2026-03-25T15:45:29.132+0000] {climarisk_dag.py:152} ERROR - ❌ Warri: 500 Server Error: Internal Server Error for url: http://backend:8000/api/predictions/flood/134
[2026-03-25T15:45:31.459+0000] {climarisk_dag.py:152} ERROR - ❌ Calabar: 500 Server Error: Internal Server Error for url: http://backend:8000/api/predictions/flood/135
[2026-03-25T15:45:34.322+0000] {climarisk_dag.py:152} ERROR - ❌ Beijing: 500 Server Error: Internal Server Error for url: http://backend:8000/api/predictions/flood/136
[2026-03-25T15:45:36.468+0000] {climarisk_dag.py:152} ERROR - ❌ Shanghai: 500 Server Error: Internal Server Error for url: http://backend:8000/api/predictions/flood/137
[2026-03-25T15:45:38.076+0000] {climarisk_dag.py:152} ERROR - ❌ Guangzhou: 500 Server Error: Internal Server Error for url: http://backend:8000/api/predictions/flood/138
[2026-03-25T15:45:39.758+0000] {climarisk_dag.py:152} ERROR - ❌ Chengdu: 500 Server Error: Internal Server Error for url: http://backend:8000/api/predictions/flood/139
[2026-03-25T15:45:41.967+0000] {climarisk_dag.py:152} ERROR - ❌ Wuhan: 500 Server Error: Internal Server Error for url: http://backend:8000/api/predictions/flood/140
[2026-03-25T15:45:42.620+0000] {climarisk_dag.py:152} ERROR - ❌ Chongqing: 500 Server Error: Internal Server Error for url: http://backend:8000/api/predictions/flood/141
[2026-03-25T15:45:44.023+0000] {climarisk_dag.py:152} ERROR - ❌ Zhengzhou: 500 Server Error: Internal Server Error for url: http://backend:8000/api/predictions/flood/143
[2026-03-25T15:45:46.061+0000] {climarisk_dag.py:152} ERROR - ❌ Changsha: 500 Server Error: Internal Server Error for url: http://backend:8000/api/predictions/flood/144
[2026-03-25T15:45:46.898+0000] {climarisk_dag.py:152} ERROR - ❌ Nanchang: 500 Server Error: Internal Server Error for url: http://backend:8000/api/predictions/flood/145
[2026-03-25T15:45:47.805+0000] {climarisk_dag.py:152} ERROR - ❌ Yichang: 500 Server Error: Internal Server Error for url: http://backend:8000/api/predictions/flood/146
[2026-03-25T15:45:48.739+0000] {climarisk_dag.py:152} ERROR - ❌ Haikou: 500 Server Error: Internal Server Error for url: http://backend:8000/api/predictions/flood/147
[2026-03-25T15:45:50.425+0000] {climarisk_dag.py:152} ERROR - ❌ Hong Kong: 500 Server Error: Internal Server Error for url: http://backend:8000/api/predictions/flood/148
[2026-03-25T15:45:51.487+0000] {climarisk_dag.py:152} ERROR - ❌ Taipei: 500 Server Error: Internal Server Error for url: http://backend:8000/api/predictions/flood/149
[2026-03-25T15:45:52.091+0000] {climarisk_dag.py:152} ERROR - ❌ Kaohsiung: 500 Server Error: Internal Server Error for url: http://backend:8000/api/predictions/flood/150
[2026-03-25T15:45:54.148+0000] {climarisk_dag.py:152} ERROR - ❌ Mumbai: 500 Server Error: Internal Server Error for url: http://backend:8000/api/predictions/flood/151
[2026-03-25T15:45:54.729+0000] {climarisk_dag.py:152} ERROR - ❌ Delhi: 500 Server Error: Internal Server Error for url: http://backend:8000/api/predictions/flood/152
[2026-03-25T15:45:55.740+0000] {climarisk_dag.py:152} ERROR - ❌ Bangalore: 500 Server Error: Internal Server Error for url: http://backend:8000/api/predictions/flood/153
[2026-03-25T15:45:57.740+0000] {climarisk_dag.py:152} ERROR - ❌ Chennai: 500 Server Error: Internal Server Error for url: http://backend:8000/api/predictions/flood/154
[2026-03-25T15:45:58.670+0000] {climarisk_dag.py:152} ERROR - ❌ Kolkata: 500 Server Error: Internal Server Error for url: http://backend:8000/api/predictions/flood/155
[2026-03-25T15:45:59.617+0000] {climarisk_dag.py:152} ERROR - ❌ Patna: 500 Server Error: Internal Server Error for url: http://backend:8000/api/predictions/flood/156
[2026-03-25T15:46:01.889+0000] {climarisk_dag.py:152} ERROR - ❌ Guwahati: 500 Server Error: Internal Server Error for url: http://backend:8000/api/predictions/flood/157
[2026-03-25T15:46:03.703+0000] {climarisk_dag.py:152} ERROR - ❌ Varanasi: 500 Server Error: Internal Server Error for url: http://backend:8000/api/predictions/flood/158
[2026-03-25T15:46:05.459+0000] {climarisk_dag.py:152} ERROR - ❌ Muzaffarpur: 500 Server Error: Internal Server Error for url: http://backend:8000/api/predictions/flood/159
[2026-03-25T15:46:06.987+0000] {climarisk_dag.py:152} ERROR - ❌ Visakhapatnam: 500 Server Error: Internal Server Error for url: http://backend:8000/api/predictions/flood/160
[2026-03-25T15:46:08.221+0000] {climarisk_dag.py:152} ERROR - ❌ Vijayawada: 500 Server Error: Internal Server Error for url: http://backend:8000/api/predictions/flood/161
[2026-03-25T15:46:10.691+0000] {climarisk_dag.py:152} ERROR - ❌ Tokyo: 500 Server Error: Internal Server Error for url: http://backend:8000/api/predictions/flood/162
[2026-03-25T15:46:11.350+0000] {climarisk_dag.py:152} ERROR - ❌ Osaka: 500 Server Error: Internal Server Error for url: http://backend:8000/api/predictions/flood/163
[2026-03-25T15:46:11.973+0000] {climarisk_dag.py:152} ERROR - ❌ Sapporo: 500 Server Error: Internal Server Error for url: http://backend:8000/api/predictions/flood/164
[2026-03-25T15:46:13.826+0000] {climarisk_dag.py:152} ERROR - ❌ Naha: 500 Server Error: Internal Server Error for url: http://backend:8000/api/predictions/flood/165
[2026-03-25T15:46:16.426+0000] {climarisk_dag.py:152} ERROR - ❌ Seoul: 500 Server Error: Internal Server Error for url: http://backend:8000/api/predictions/flood/166
[2026-03-25T15:46:18.507+0000] {climarisk_dag.py:152} ERROR - ❌ Busan: 500 Server Error: Internal Server Error for url: http://backend:8000/api/predictions/flood/167
[2026-03-25T15:46:20.789+0000] {climarisk_dag.py:152} ERROR - ❌ Bangkok: 500 Server Error: Internal Server Error for url: http://backend:8000/api/predictions/flood/168
[2026-03-25T15:46:22.669+0000] {climarisk_dag.py:152} ERROR - ❌ Chiang Mai: 500 Server Error: Internal Server Error for url: http://backend:8000/api/predictions/flood/169
[2026-03-25T15:46:23.534+0000] {climarisk_dag.py:152} ERROR - ❌ Jakarta: 500 Server Error: Internal Server Error for url: http://backend:8000/api/predictions/flood/170
[2026-03-25T15:46:24.117+0000] {climarisk_dag.py:152} ERROR - ❌ Surabaya: 500 Server Error: Internal Server Error for url: http://backend:8000/api/predictions/flood/171
[2026-03-25T15:46:26.098+0000] {climarisk_dag.py:152} ERROR - ❌ Medan: 500 Server Error: Internal Server Error for url: http://backend:8000/api/predictions/flood/172
[2026-03-25T15:46:30.335+0000] {climarisk_dag.py:152} ERROR - ❌ Manila: 500 Server Error: Internal Server Error for url: http://backend:8000/api/predictions/flood/173
[2026-03-25T15:46:32.011+0000] {climarisk_dag.py:152} ERROR - ❌ Cebu: 500 Server Error: Internal Server Error for url: http://backend:8000/api/predictions/flood/174
[2026-03-25T15:46:32.649+0000] {climarisk_dag.py:152} ERROR - ❌ Tacloban: 500 Server Error: Internal Server Error for url: http://backend:8000/api/predictions/flood/175
[2026-03-25T15:46:33.958+0000] {climarisk_dag.py:152} ERROR - ❌ Legazpi: 500 Server Error: Internal Server Error for url: http://backend:8000/api/predictions/flood/176
[2026-03-25T15:46:35.140+0000] {climarisk_dag.py:152} ERROR - ❌ Zamboanga: 500 Server Error: Internal Server Error for url: http://backend:8000/api/predictions/flood/177
[2026-03-25T15:46:35.992+0000] {climarisk_dag.py:152} ERROR - ❌ Kuala Lumpur: 500 Server Error: Internal Server Error for url: http://backend:8000/api/predictions/flood/178
[2026-03-25T15:46:38.007+0000] {climarisk_dag.py:152} ERROR - ❌ Singapore: 500 Server Error: Internal Server Error for url: http://backend:8000/api/predictions/flood/179
[2026-03-25T15:46:40.797+0000] {climarisk_dag.py:152} ERROR - ❌ Ho Chi Minh City: 500 Server Error: Internal Server Error for url: http://backend:8000/api/predictions/flood/180
[2026-03-25T15:46:42.415+0000] {climarisk_dag.py:152} ERROR - ❌ Hanoi: 500 Server Error: Internal Server Error for url: http://backend:8000/api/predictions/flood/181
[2026-03-25T15:46:43.328+0000] {climarisk_dag.py:152} ERROR - ❌ Da Nang: 500 Server Error: Internal Server Error for url: http://backend:8000/api/predictions/flood/182
[2026-03-25T15:46:43.947+0000] {climarisk_dag.py:152} ERROR - ❌ Can Tho: 500 Server Error: Internal Server Error for url: http://backend:8000/api/predictions/flood/183
[2026-03-25T15:46:45.036+0000] {climarisk_dag.py:152} ERROR - ❌ My Tho: 500 Server Error: Internal Server Error for url: http://backend:8000/api/predictions/flood/184
[2026-03-25T15:46:46.693+0000] {climarisk_dag.py:152} ERROR - ❌ Dhaka: 500 Server Error: Internal Server Error for url: http://backend:8000/api/predictions/flood/185
[2026-03-25T15:46:47.958+0000] {climarisk_dag.py:152} ERROR - ❌ Chittagong: 500 Server Error: Internal Server Error for url: http://backend:8000/api/predictions/flood/186
[2026-03-25T15:46:48.663+0000] {climarisk_dag.py:152} ERROR - ❌ Sylhet: 500 Server Error: Internal Server Error for url: http://backend:8000/api/predictions/flood/187
[2026-03-25T15:46:50.522+0000] {climarisk_dag.py:152} ERROR - ❌ Khulna: 500 Server Error: Internal Server Error for url: http://backend:8000/api/predictions/flood/188
[2026-03-25T15:46:52.577+0000] {climarisk_dag.py:152} ERROR - ❌ Cox's Bazar: 500 Server Error: Internal Server Error for url: http://backend:8000/api/predictions/flood/189
[2026-03-25T15:46:53.526+0000] {climarisk_dag.py:152} ERROR - ❌ Karachi: 500 Server Error: Internal Server Error for url: http://backend:8000/api/predictions/flood/190
[2026-03-25T15:46:54.384+0000] {climarisk_dag.py:152} ERROR - ❌ Lahore: 500 Server Error: Internal Server Error for url: http://backend:8000/api/predictions/flood/191
[2026-03-25T15:46:54.960+0000] {climarisk_dag.py:152} ERROR - ❌ Colombo: 500 Server Error: Internal Server Error for url: http://backend:8000/api/predictions/flood/192
[2026-03-25T15:46:56.666+0000] {climarisk_dag.py:152} ERROR - ❌ Kathmandu: 500 Server Error: Internal Server Error for url: http://backend:8000/api/predictions/flood/193
[2026-03-25T15:46:57.422+0000] {climarisk_dag.py:152} ERROR - ❌ Yangon: 500 Server Error: Internal Server Error for url: http://backend:8000/api/predictions/flood/194
[2026-03-25T15:46:57.982+0000] {climarisk_dag.py:152} ERROR - ❌ Sittwe: 500 Server Error: Internal Server Error for url: http://backend:8000/api/predictions/flood/195
[2026-03-25T15:46:58.589+0000] {climarisk_dag.py:152} ERROR - ❌ Phnom Penh: 500 Server Error: Internal Server Error for url: http://backend:8000/api/predictions/flood/196
[2026-03-25T15:46:59.407+0000] {climarisk_dag.py:152} ERROR - ❌ Riyadh: 500 Server Error: Internal Server Error for url: http://backend:8000/api/predictions/flood/197
[2026-03-25T15:47:00.827+0000] {climarisk_dag.py:152} ERROR - ❌ Dubai: 500 Server Error: Internal Server Error for url: http://backend:8000/api/predictions/flood/198
[2026-03-25T15:47:03.031+0000] {climarisk_dag.py:152} ERROR - ❌ Tehran: 500 Server Error: Internal Server Error for url: http://backend:8000/api/predictions/flood/199
[2026-03-25T15:47:03.887+0000] {climarisk_dag.py:152} ERROR - ❌ Istanbul: 500 Server Error: Internal Server Error for url: http://backend:8000/api/predictions/flood/200
[2026-03-25T15:47:05.537+0000] {climarisk_dag.py:152} ERROR - ❌ Ankara: 500 Server Error: Internal Server Error for url: http://backend:8000/api/predictions/flood/201
[2026-03-25T15:47:06.143+0000] {climarisk_dag.py:152} ERROR - ❌ Baghdad: 500 Server Error: Internal Server Error for url: http://backend:8000/api/predictions/flood/202
[2026-03-25T15:47:06.974+0000] {climarisk_dag.py:152} ERROR - ❌ Baku: 500 Server Error: Internal Server Error for url: http://backend:8000/api/predictions/flood/203
[2026-03-25T15:47:09.239+0000] {climarisk_dag.py:152} ERROR - ❌ Tashkent: 500 Server Error: Internal Server Error for url: http://backend:8000/api/predictions/flood/204
[2026-03-25T15:47:10.622+0000] {climarisk_dag.py:152} ERROR - ❌ Almaty: 500 Server Error: Internal Server Error for url: http://backend:8000/api/predictions/flood/205
[2026-03-25T15:47:11.466+0000] {climarisk_dag.py:152} ERROR - ❌ Guam: 500 Server Error: Internal Server Error for url: http://backend:8000/api/predictions/flood/206
[2026-03-25T15:47:12.103+0000] {climarisk_dag.py:152} ERROR - ❌ Paris: 500 Server Error: Internal Server Error for url: http://backend:8000/api/predictions/flood/207
[2026-03-25T15:47:13.464+0000] {climarisk_dag.py:152} ERROR - ❌ Lyon: 500 Server Error: Internal Server Error for url: http://backend:8000/api/predictions/flood/208
[2026-03-25T15:47:14.291+0000] {climarisk_dag.py:152} ERROR - ❌ Marseille: 500 Server Error: Internal Server Error for url: http://backend:8000/api/predictions/flood/209
[2026-03-25T15:47:15.731+0000] {climarisk_dag.py:152} ERROR - ❌ Toulouse: 500 Server Error: Internal Server Error for url: http://backend:8000/api/predictions/flood/210
[2026-03-25T15:47:18.084+0000] {climarisk_dag.py:152} ERROR - ❌ Bordeaux: 500 Server Error: Internal Server Error for url: http://backend:8000/api/predictions/flood/211
[2026-03-25T15:47:22.496+0000] {climarisk_dag.py:152} ERROR - ❌ Nantes: 500 Server Error: Internal Server Error for url: http://backend:8000/api/predictions/flood/212
[2026-03-25T15:47:23.161+0000] {climarisk_dag.py:152} ERROR - ❌ Strasbourg: 500 Server Error: Internal Server Error for url: http://backend:8000/api/predictions/flood/213
[2026-03-25T15:47:27.208+0000] {climarisk_dag.py:152} ERROR - ❌ Lille: 500 Server Error: Internal Server Error for url: http://backend:8000/api/predictions/flood/214
[2026-03-25T15:47:27.808+0000] {climarisk_dag.py:152} ERROR - ❌ Montpellier: 500 Server Error: Internal Server Error for url: http://backend:8000/api/predictions/flood/215
[2026-03-25T15:47:28.701+0000] {climarisk_dag.py:152} ERROR - ❌ Nice: 500 Server Error: Internal Server Error for url: http://backend:8000/api/predictions/flood/216
[2026-03-25T15:47:29.728+0000] {climarisk_dag.py:152} ERROR - ❌ London: 500 Server Error: Internal Server Error for url: http://backend:8000/api/predictions/flood/217
[2026-03-25T15:47:30.727+0000] {climarisk_dag.py:152} ERROR - ❌ Birmingham: 500 Server Error: Internal Server Error for url: http://backend:8000/api/predictions/flood/218
[2026-03-25T15:47:31.712+0000] {climarisk_dag.py:152} ERROR - ❌ Manchester: 500 Server Error: Internal Server Error for url: http://backend:8000/api/predictions/flood/219
[2026-03-25T15:47:32.530+0000] {climarisk_dag.py:152} ERROR - ❌ Berlin: 500 Server Error: Internal Server Error for url: http://backend:8000/api/predictions/flood/220
[2026-03-25T15:47:33.644+0000] {climarisk_dag.py:152} ERROR - ❌ Hamburg: 500 Server Error: Internal Server Error for url: http://backend:8000/api/predictions/flood/221
[2026-03-25T15:47:34.815+0000] {climarisk_dag.py:152} ERROR - ❌ Munich: 500 Server Error: Internal Server Error for url: http://backend:8000/api/predictions/flood/222
[2026-03-25T15:47:35.936+0000] {climarisk_dag.py:152} ERROR - ❌ Frankfurt: 500 Server Error: Internal Server Error for url: http://backend:8000/api/predictions/flood/223
[2026-03-25T15:47:37.154+0000] {climarisk_dag.py:152} ERROR - ❌ Madrid: 500 Server Error: Internal Server Error for url: http://backend:8000/api/predictions/flood/224
[2026-03-25T15:47:38.028+0000] {climarisk_dag.py:152} ERROR - ❌ Barcelona: 500 Server Error: Internal Server Error for url: http://backend:8000/api/predictions/flood/225
[2026-03-25T15:47:38.945+0000] {climarisk_dag.py:152} ERROR - ❌ Valencia: 500 Server Error: Internal Server Error for url: http://backend:8000/api/predictions/flood/226
[2026-03-25T15:47:40.315+0000] {climarisk_dag.py:152} ERROR - ❌ Malaga: 500 Server Error: Internal Server Error for url: http://backend:8000/api/predictions/flood/227
[2026-03-25T15:47:42.160+0000] {climarisk_dag.py:152} ERROR - ❌ Rome: 500 Server Error: Internal Server Error for url: http://backend:8000/api/predictions/flood/228
[2026-03-25T15:47:43.613+0000] {climarisk_dag.py:152} ERROR - ❌ Milan: 500 Server Error: Internal Server Error for url: http://backend:8000/api/predictions/flood/229
[2026-03-25T15:47:46.510+0000] {climarisk_dag.py:152} ERROR - ❌ Palermo: 500 Server Error: Internal Server Error for url: http://backend:8000/api/predictions/flood/230
[2026-03-25T15:47:47.384+0000] {climarisk_dag.py:152} ERROR - ❌ Amsterdam: 500 Server Error: Internal Server Error for url: http://backend:8000/api/predictions/flood/231
[2026-03-25T15:47:48.775+0000] {climarisk_dag.py:152} ERROR - ❌ Brussels: 500 Server Error: Internal Server Error for url: http://backend:8000/api/predictions/flood/232
[2026-03-25T15:47:50.181+0000] {climarisk_dag.py:152} ERROR - ❌ Vienna: 500 Server Error: Internal Server Error for url: http://backend:8000/api/predictions/flood/233
[2026-03-25T15:47:50.789+0000] {climarisk_dag.py:152} ERROR - ❌ Zurich: 500 Server Error: Internal Server Error for url: http://backend:8000/api/predictions/flood/234
[2026-03-25T15:47:52.042+0000] {climarisk_dag.py:152} ERROR - ❌ Stockholm: 500 Server Error: Internal Server Error for url: http://backend:8000/api/predictions/flood/235
[2026-03-25T15:47:53.804+0000] {climarisk_dag.py:152} ERROR - ❌ Oslo: 500 Server Error: Internal Server Error for url: http://backend:8000/api/predictions/flood/236
[2026-03-25T15:47:54.396+0000] {climarisk_dag.py:152} ERROR - ❌ Copenhagen: 500 Server Error: Internal Server Error for url: http://backend:8000/api/predictions/flood/237
[2026-03-25T15:47:56.482+0000] {climarisk_dag.py:152} ERROR - ❌ Helsinki: 500 Server Error: Internal Server Error for url: http://backend:8000/api/predictions/flood/238
[2026-03-25T15:47:57.730+0000] {climarisk_dag.py:152} ERROR - ❌ Warsaw: 500 Server Error: Internal Server Error for url: http://backend:8000/api/predictions/flood/239
[2026-03-25T15:47:59.067+0000] {climarisk_dag.py:152} ERROR - ❌ Prague: 500 Server Error: Internal Server Error for url: http://backend:8000/api/predictions/flood/240
[2026-03-25T15:48:00.526+0000] {climarisk_dag.py:152} ERROR - ❌ Budapest: 500 Server Error: Internal Server Error for url: http://backend:8000/api/predictions/flood/241
[2026-03-25T15:48:02.226+0000] {climarisk_dag.py:152} ERROR - ❌ Bucharest: 500 Server Error: Internal Server Error for url: http://backend:8000/api/predictions/flood/242
[2026-03-25T15:48:03.565+0000] {climarisk_dag.py:152} ERROR - ❌ Athens: 500 Server Error: Internal Server Error for url: http://backend:8000/api/predictions/flood/243
[2026-03-25T15:48:04.229+0000] {climarisk_dag.py:152} ERROR - ❌ Thessaloniki: 500 Server Error: Internal Server Error for url: http://backend:8000/api/predictions/flood/244
[2026-03-25T15:48:06.959+0000] {climarisk_dag.py:152} ERROR - ❌ Lisbon: 500 Server Error: Internal Server Error for url: http://backend:8000/api/predictions/flood/245
[2026-03-25T15:48:07.612+0000] {climarisk_dag.py:152} ERROR - ❌ Moscow: 500 Server Error: Internal Server Error for url: http://backend:8000/api/predictions/flood/246
[2026-03-25T15:48:16.202+0000] {climarisk_dag.py:152} ERROR - ❌ Saint Petersburg: 500 Server Error: Internal Server Error for url: http://backend:8000/api/predictions/flood/247
[2026-03-25T15:48:20.712+0000] {climarisk_dag.py:152} ERROR - ❌ Krasnoyarsk: 500 Server Error: Internal Server Error for url: http://backend:8000/api/predictions/flood/248
[2026-03-25T15:48:21.792+0000] {climarisk_dag.py:152} ERROR - ❌ Irkutsk: 500 Server Error: Internal Server Error for url: http://backend:8000/api/predictions/flood/249
[2026-03-25T15:48:22.798+0000] {climarisk_dag.py:152} ERROR - ❌ Yakutsk: 500 Server Error: Internal Server Error for url: http://backend:8000/api/predictions/flood/250
[2026-03-25T15:48:25.245+0000] {climarisk_dag.py:152} ERROR - ❌ Khabarovsk: 500 Server Error: Internal Server Error for url: http://backend:8000/api/predictions/flood/251
[2026-03-25T15:48:26.929+0000] {climarisk_dag.py:152} ERROR - ❌ Kyiv: 500 Server Error: Internal Server Error for url: http://backend:8000/api/predictions/flood/252
[2026-03-25T15:48:28.171+0000] {climarisk_dag.py:152} ERROR - ❌ New York: 500 Server Error: Internal Server Error for url: http://backend:8000/api/predictions/flood/253
[2026-03-25T15:48:29.443+0000] {climarisk_dag.py:152} ERROR - ❌ Los Angeles: 500 Server Error: Internal Server Error for url: http://backend:8000/api/predictions/flood/254
[2026-03-25T15:48:31.650+0000] {climarisk_dag.py:152} ERROR - ❌ Chicago: 500 Server Error: Internal Server Error for url: http://backend:8000/api/predictions/flood/255
[2026-03-25T15:48:33.296+0000] {climarisk_dag.py:152} ERROR - ❌ Houston: 500 Server Error: Internal Server Error for url: http://backend:8000/api/predictions/flood/256
[2026-03-25T15:48:35.725+0000] {climarisk_dag.py:152} ERROR - ❌ Miami: 500 Server Error: Internal Server Error for url: http://backend:8000/api/predictions/flood/257
[2026-03-25T15:48:39.276+0000] {climarisk_dag.py:152} ERROR - ❌ New Orleans: 500 Server Error: Internal Server Error for url: http://backend:8000/api/predictions/flood/258
[2026-03-25T15:48:40.771+0000] {climarisk_dag.py:152} ERROR - ❌ Seattle: 500 Server Error: Internal Server Error for url: http://backend:8000/api/predictions/flood/259
[2026-03-25T15:48:45.184+0000] {climarisk_dag.py:152} ERROR - ❌ Sacramento: 500 Server Error: Internal Server Error for url: http://backend:8000/api/predictions/flood/260
[2026-03-25T15:48:46.992+0000] {climarisk_dag.py:152} ERROR - ❌ Fresno: 500 Server Error: Internal Server Error for url: http://backend:8000/api/predictions/flood/261
[2026-03-25T15:48:49.906+0000] {climarisk_dag.py:152} ERROR - ❌ Redding: 500 Server Error: Internal Server Error for url: http://backend:8000/api/predictions/flood/262
[2026-03-25T15:48:50.920+0000] {climarisk_dag.py:152} ERROR - ❌ Memphis: 500 Server Error: Internal Server Error for url: http://backend:8000/api/predictions/flood/263
[2026-03-25T15:48:53.268+0000] {climarisk_dag.py:152} ERROR - ❌ Toronto: 500 Server Error: Internal Server Error for url: http://backend:8000/api/predictions/flood/264
[2026-03-25T15:48:53.921+0000] {climarisk_dag.py:152} ERROR - ❌ Montreal: 500 Server Error: Internal Server Error for url: http://backend:8000/api/predictions/flood/265
[2026-03-25T15:48:55.750+0000] {climarisk_dag.py:152} ERROR - ❌ Vancouver: 500 Server Error: Internal Server Error for url: http://backend:8000/api/predictions/flood/266
[2026-03-25T15:48:56.180+0000] {climarisk_dag.py:152} ERROR - ❌ Mexico City: 500 Server Error: Internal Server Error for url: http://backend:8000/api/predictions/flood/267
[2026-03-25T15:48:57.065+0000] {climarisk_dag.py:152} ERROR - ❌ Veracruz: 500 Server Error: Internal Server Error for url: http://backend:8000/api/predictions/flood/268
[2026-03-25T15:48:57.666+0000] {climarisk_dag.py:152} ERROR - ❌ Cancún: 500 Server Error: Internal Server Error for url: http://backend:8000/api/predictions/flood/269
[2026-03-25T15:48:59.488+0000] {climarisk_dag.py:152} ERROR - ❌ São Paulo: 500 Server Error: Internal Server Error for url: http://backend:8000/api/predictions/flood/270
[2026-03-25T15:49:00.448+0000] {climarisk_dag.py:152} ERROR - ❌ Rio de Janeiro: 500 Server Error: Internal Server Error for url: http://backend:8000/api/predictions/flood/271
[2026-03-25T15:49:01.817+0000] {climarisk_dag.py:152} ERROR - ❌ Belém: 500 Server Error: Internal Server Error for url: http://backend:8000/api/predictions/flood/272
[2026-03-25T15:49:03.335+0000] {climarisk_dag.py:152} ERROR - ❌ Marabá: 500 Server Error: Internal Server Error for url: http://backend:8000/api/predictions/flood/273
[2026-03-25T15:49:03.949+0000] {climarisk_dag.py:152} ERROR - ❌ Sinop: 500 Server Error: Internal Server Error for url: http://backend:8000/api/predictions/flood/274
[2026-03-25T15:49:04.807+0000] {climarisk_dag.py:152} ERROR - ❌ Porto Velho: 500 Server Error: Internal Server Error for url: http://backend:8000/api/predictions/flood/275
[2026-03-25T15:49:06.274+0000] {climarisk_dag.py:152} ERROR - ❌ Buenos Aires: 500 Server Error: Internal Server Error for url: http://backend:8000/api/predictions/flood/276
[2026-03-25T15:49:07.069+0000] {climarisk_dag.py:152} ERROR - ❌ Lima: 500 Server Error: Internal Server Error for url: http://backend:8000/api/predictions/flood/277
[2026-03-25T15:49:08.447+0000] {climarisk_dag.py:152} ERROR - ❌ Bogotá: 500 Server Error: Internal Server Error for url: http://backend:8000/api/predictions/flood/278
[2026-03-25T15:49:09.314+0000] {climarisk_dag.py:152} ERROR - ❌ Santiago: 500 Server Error: Internal Server Error for url: http://backend:8000/api/predictions/flood/279
[2026-03-25T15:49:10.364+0000] {climarisk_dag.py:152} ERROR - ❌ Port-au-Prince: 500 Server Error: Internal Server Error for url: http://backend:8000/api/predictions/flood/280
[2026-03-25T15:49:12.197+0000] {climarisk_dag.py:152} ERROR - ❌ San Juan: 500 Server Error: Internal Server Error for url: http://backend:8000/api/predictions/flood/281
[2026-03-25T15:49:14.743+0000] {climarisk_dag.py:152} ERROR - ❌ Kingston: 500 Server Error: Internal Server Error for url: http://backend:8000/api/predictions/flood/282
[2026-03-25T15:49:16.131+0000] {climarisk_dag.py:152} ERROR - ❌ Port of Spain: 500 Server Error: Internal Server Error for url: http://backend:8000/api/predictions/flood/283
[2026-03-25T15:49:16.743+0000] {climarisk_dag.py:152} ERROR - ❌ Sydney: 500 Server Error: Internal Server Error for url: http://backend:8000/api/predictions/flood/284
[2026-03-25T15:49:17.541+0000] {climarisk_dag.py:152} ERROR - ❌ Melbourne: 500 Server Error: Internal Server Error for url: http://backend:8000/api/predictions/flood/285
[2026-03-25T15:49:18.715+0000] {climarisk_dag.py:152} ERROR - ❌ Brisbane: 500 Server Error: Internal Server Error for url: http://backend:8000/api/predictions/flood/286
[2026-03-25T15:49:19.579+0000] {climarisk_dag.py:152} ERROR - ❌ Darwin: 500 Server Error: Internal Server Error for url: http://backend:8000/api/predictions/flood/287
[2026-03-25T15:49:21.799+0000] {climarisk_dag.py:152} ERROR - ❌ Alice Springs: 500 Server Error: Internal Server Error for url: http://backend:8000/api/predictions/flood/288
[2026-03-25T15:49:23.141+0000] {climarisk_dag.py:152} ERROR - ❌ Cairns: 500 Server Error: Internal Server Error for url: http://backend:8000/api/predictions/flood/289
[2026-03-25T15:49:30.612+0000] {climarisk_dag.py:152} ERROR - ❌ Auckland: 500 Server Error: Internal Server Error for url: http://backend:8000/api/predictions/flood/290
[2026-03-25T15:49:32.806+0000] {climarisk_dag.py:152} ERROR - ❌ Port Moresby: 500 Server Error: Internal Server Error for url: http://backend:8000/api/predictions/flood/291
[2026-03-25T15:49:32.807+0000] {climarisk_dag.py:156} INFO - ✅ Done: 0 OK, 291 errors, 465.2s
[2026-03-25T15:49:32.827+0000] {taskinstance.py:441} INFO - ::group::Post task execution logs
[2026-03-25T15:49:32.829+0000] {taskinstance.py:2905} ERROR - Task failed with exception
Traceback (most recent call last):
  File "/home/airflow/.local/lib/python3.12/site-packages/airflow/models/taskinstance.py", line 465, in _execute_task
    result = _execute_callable(context=context, **execute_callable_kwargs)
             ^^^^^^^^^^^^^^^^^^^^^^^^^^^^^^^^^^^^^^^^^^^^^^^^^^^^^^^^^^^^^
  File "/home/airflow/.local/lib/python3.12/site-packages/airflow/models/taskinstance.py", line 432, in _execute_callable
    return execute_callable(context=context, **execute_callable_kwargs)
           ^^^^^^^^^^^^^^^^^^^^^^^^^^^^^^^^^^^^^^^^^^^^^^^^^^^^^^^^^^^^
  File "/home/airflow/.local/lib/python3.12/site-packages/airflow/models/baseoperator.py", line 400, in wrapper
    return func(self, *args, **kwargs)
           ^^^^^^^^^^^^^^^^^^^^^^^^^^^
  File "/home/airflow/.local/lib/python3.12/site-packages/airflow/operators/python.py", line 235, in execute
    return_value = self.execute_callable()
                   ^^^^^^^^^^^^^^^^^^^^^^^
  File "/home/airflow/.local/lib/python3.12/site-packages/airflow/operators/python.py", line 252, in execute_callable
    return self.python_callable(*self.op_args, **self.op_kwargs)
           ^^^^^^^^^^^^^^^^^^^^^^^^^^^^^^^^^^^^^^^^^^^^^^^^^^^^^
  File "/opt/airflow/dags/climarisk_dag.py", line 165, in predict_all_zones
    raise Exception(f"{errors} zone(s) failed — check logs above")
Exception: 291 zone(s) failed — check logs above
[2026-03-25T15:49:32.851+0000] {taskinstance.py:1206} INFO - Marking task as FAILED. dag_id=***_predictions, task_id=predict_all_zones, run_id=scheduled__2026-03-25T15:26:00+00:00, execution_date=20260325T152600, start_date=20260325T154147, end_date=20260325T154932
[2026-03-25T15:49:32.866+0000] {standard_task_runner.py:110} ERROR - Failed to execute job 562 for task predict_all_zones (291 zone(s) failed — check logs above; 424)
[2026-03-25T15:49:32.882+0000] {local_task_job_runner.py:240} INFO - Task exited with return code 1
[2026-03-25T15:49:32.903+0000] {taskinstance.py:3498} INFO - 1 downstream tasks scheduled from follow-on schedule check
[2026-03-25T15:49:32.906+0000] {local_task_job_runner.py:222} INFO - ::endgroup::
