[2026-03-27T00:02:12.229+0000] {local_task_job_runner.py:120} INFO - ::group::Pre task execution logs
[2026-03-27T00:02:12.271+0000] {taskinstance.py:2076} INFO - Dependencies all met for dep_context=non-requeueable deps ti=<TaskInstance: climarisk_predictions.predict_all_zones scheduled__2026-03-26T20:00:00+00:00 [queued]>
[2026-03-27T00:02:12.279+0000] {taskinstance.py:2076} INFO - Dependencies all met for dep_context=requeueable deps ti=<TaskInstance: climarisk_predictions.predict_all_zones scheduled__2026-03-26T20:00:00+00:00 [queued]>
[2026-03-27T00:02:12.281+0000] {taskinstance.py:2306} INFO - Starting attempt 2 of 2
[2026-03-27T00:02:12.292+0000] {taskinstance.py:2330} INFO - Executing <Task(PythonOperator): predict_all_zones> on 2026-03-26 20:00:00+00:00
[2026-03-27T00:02:12.300+0000] {logging_mixin.py:188} WARNING - /home/airflow/.local/lib/python3.12/site-packages/airflow/task/task_runner/standard_task_runner.py:61 DeprecationWarning: This process (pid=21923) is multi-threaded, use of fork() may lead to deadlocks in the child.
[2026-03-27T00:02:12.301+0000] {standard_task_runner.py:63} INFO - Started process 21924 to run task
[2026-03-27T00:02:12.300+0000] {standard_task_runner.py:90} INFO - Running: ['airflow', 'tasks', 'run', '***_predictions', 'predict_all_zones', 'scheduled__2026-03-26T20:00:00+00:00', '--job-id', '619', '--raw', '--subdir', 'DAGS_FOLDER/***_dag.py', '--cfg-path', '/tmp/tmpum7mcbrm']
[2026-03-27T00:02:12.302+0000] {standard_task_runner.py:91} INFO - Job 619: Subtask predict_all_zones
[2026-03-27T00:02:12.368+0000] {task_command.py:426} INFO - Running <TaskInstance: climarisk_predictions.predict_all_zones scheduled__2026-03-26T20:00:00+00:00 [running]> on host 6146f0e8983c
[2026-03-27T00:02:12.463+0000] {taskinstance.py:2648} INFO - Exporting env vars: AIRFLOW_CTX_DAG_OWNER='***' AIRFLOW_CTX_DAG_ID='***_predictions' AIRFLOW_CTX_TASK_ID='predict_all_zones' AIRFLOW_CTX_EXECUTION_DATE='2026-03-26T20:00:00+00:00' AIRFLOW_CTX_TRY_NUMBER='2' AIRFLOW_CTX_DAG_RUN_ID='scheduled__2026-03-26T20:00:00+00:00'
[2026-03-27T00:02:12.464+0000] {taskinstance.py:430} INFO - ::endgroup::
[2026-03-27T00:02:13.903+0000] {climarisk_dag.py:135} INFO - ✅ Alger: flood=LOW(0.12) fire=LOW(0.05)
[2026-03-27T00:02:15.886+0000] {climarisk_dag.py:135} INFO - ✅ Cairo: flood=LOW(0.15) fire=LOW(0.08)
[2026-03-27T00:02:17.873+0000] {climarisk_dag.py:135} INFO - ✅ Lagos: flood=MEDIUM(0.52) fire=LOW(0.05)
[2026-03-27T00:02:19.856+0000] {climarisk_dag.py:135} INFO - ✅ Kano: flood=LOW(0.07) fire=MEDIUM(0.32)
[2026-03-27T00:02:21.873+0000] {climarisk_dag.py:135} INFO - ✅ Abuja: flood=LOW(0.18) fire=LOW(0.05)
[2026-03-27T00:02:23.885+0000] {climarisk_dag.py:135} INFO - ✅ Johannesburg: flood=LOW(0.03) fire=LOW(0.05)
[2026-03-27T00:02:26.092+0000] {climarisk_dag.py:135} INFO - ✅ Cape Town: flood=LOW(0.21) fire=LOW(0.05)
[2026-03-27T00:02:28.084+0000] {climarisk_dag.py:135} INFO - ✅ Nairobi: flood=LOW(0.04) fire=LOW(0.05)
[2026-03-27T00:02:30.929+0000] {climarisk_dag.py:135} INFO - ✅ Addis Ababa: flood=LOW(0.08) fire=LOW(0.05)
[2026-03-27T00:02:34.227+0000] {climarisk_dag.py:135} INFO - ✅ Dar es Salaam: flood=MEDIUM(0.36) fire=LOW(0.05)
[2026-03-27T00:02:37.991+0000] {climarisk_dag.py:135} INFO - ✅ Accra: flood=LOW(0.23) fire=LOW(0.13)
[2026-03-27T00:02:39.473+0000] {climarisk_dag.py:135} INFO - ✅ Casablanca: flood=LOW(0.15) fire=LOW(0.11)
[2026-03-27T00:02:42.728+0000] {climarisk_dag.py:135} INFO - ✅ Mohammedia: flood=LOW(0.15) fire=LOW(0.09)
[2026-03-27T00:02:45.615+0000] {climarisk_dag.py:135} INFO - ✅ El Jadida: flood=LOW(0.15) fire=LOW(0.08)
[2026-03-27T00:02:48.581+0000] {climarisk_dag.py:135} INFO - ✅ Settat: flood=LOW(0.15) fire=LOW(0.05)
[2026-03-27T00:02:51.195+0000] {climarisk_dag.py:135} INFO - ✅ Berrechid: flood=LOW(0.13) fire=LOW(0.05)
[2026-03-27T00:02:53.536+0000] {climarisk_dag.py:135} INFO - ✅ Benslimane: flood=LOW(0.14) fire=LOW(0.05)
[2026-03-27T00:03:20.231+0000] {climarisk_dag.py:135} INFO - ✅ Sidi Bennour: flood=LOW(0.13) fire=LOW(0.05)
[2026-03-27T00:03:22.206+0000] {climarisk_dag.py:135} INFO - ✅ Azemmour: flood=LOW(0.15) fire=LOW(0.08)
[2026-03-27T00:03:24.673+0000] {climarisk_dag.py:135} INFO - ✅ Mediouna: flood=LOW(0.11) fire=LOW(0.06)
[2026-03-27T00:03:27.348+0000] {climarisk_dag.py:135} INFO - ✅ Nouaceur: flood=LOW(0.12) fire=LOW(0.06)
[2026-03-27T00:03:30.409+0000] {climarisk_dag.py:135} INFO - ✅ Rabat: flood=LOW(0.15) fire=LOW(0.16)
[2026-03-27T00:03:33.940+0000] {climarisk_dag.py:135} INFO - ✅ Salé: flood=LOW(0.15) fire=LOW(0.16)
[2026-03-27T00:03:34.813+0000] {climarisk_dag.py:135} INFO - ✅ Kénitra: flood=LOW(0.15) fire=LOW(0.14)
[2026-03-27T00:03:37.744+0000] {climarisk_dag.py:135} INFO - ✅ Témara: flood=LOW(0.15) fire=LOW(0.16)
[2026-03-27T00:03:40.828+0000] {climarisk_dag.py:135} INFO - ✅ Skhirat: flood=LOW(0.15) fire=LOW(0.16)
[2026-03-27T00:03:43.523+0000] {climarisk_dag.py:135} INFO - ✅ Tiflet: flood=LOW(0.15) fire=LOW(0.11)
[2026-03-27T00:03:46.866+0000] {climarisk_dag.py:135} INFO - ✅ Khémisset: flood=LOW(0.06) fire=LOW(0.09)
[2026-03-27T00:03:48.971+0000] {climarisk_dag.py:135} INFO - ✅ Sidi Slimane: flood=LOW(0.10) fire=LOW(0.10)
[2026-03-27T00:03:50.963+0000] {climarisk_dag.py:135} INFO - ✅ Sidi Kacem: flood=LOW(0.15) fire=LOW(0.10)
[2026-03-27T00:03:52.968+0000] {climarisk_dag.py:135} INFO - ✅ Souk el Arba: flood=LOW(0.15) fire=LOW(0.11)
[2026-03-27T00:03:54.989+0000] {climarisk_dag.py:135} INFO - ✅ Ouazzane: flood=LOW(0.07) fire=LOW(0.07)
[2026-03-27T00:03:56.967+0000] {climarisk_dag.py:135} INFO - ✅ Fès: flood=LOW(0.07) fire=LOW(0.09)
[2026-03-27T00:03:58.962+0000] {climarisk_dag.py:135} INFO - ✅ Meknès: flood=LOW(0.07) fire=LOW(0.08)
[2026-03-27T00:04:02.303+0000] {climarisk_dag.py:135} INFO - ✅ Ifrane: flood=LOW(0.01) fire=LOW(0.05)
[2026-03-27T00:04:03.289+0000] {climarisk_dag.py:135} INFO - ✅ Azrou: flood=LOW(0.02) fire=LOW(0.05)
[2026-03-27T00:04:06.472+0000] {climarisk_dag.py:135} INFO - ✅ Taounate: flood=LOW(0.07) fire=LOW(0.07)
[2026-03-27T00:04:09.893+0000] {climarisk_dag.py:135} INFO - ✅ Taza: flood=LOW(0.04) fire=LOW(0.05)
[2026-03-27T00:04:13.298+0000] {climarisk_dag.py:135} INFO - ✅ Sefrou: flood=LOW(0.04) fire=LOW(0.05)
[2026-03-27T00:04:17.491+0000] {climarisk_dag.py:135} INFO - ✅ Boulemane: flood=LOW(0.03) fire=LOW(0.05)
[2026-03-27T00:04:20.434+0000] {climarisk_dag.py:135} INFO - ✅ El Hajeb: flood=LOW(0.03) fire=LOW(0.05)
[2026-03-27T00:04:22.455+0000] {climarisk_dag.py:135} INFO - ✅ Missour: flood=LOW(0.04) fire=LOW(0.05)
[2026-03-27T00:04:24.442+0000] {climarisk_dag.py:135} INFO - ✅ Guercif: flood=LOW(0.16) fire=LOW(0.05)
[2026-03-27T00:04:26.415+0000] {climarisk_dag.py:135} INFO - ✅ Marrakech: flood=LOW(0.03) fire=LOW(0.05)
[2026-03-27T00:04:28.404+0000] {climarisk_dag.py:135} INFO - ✅ Safi: flood=LOW(0.15) fire=LOW(0.07)
[2026-03-27T00:04:29.840+0000] {climarisk_dag.py:135} INFO - ✅ Essaouira: flood=LOW(0.15) fire=LOW(0.09)
[2026-03-27T00:04:33.258+0000] {climarisk_dag.py:135} INFO - ✅ El Kelaa des Sraghna: flood=LOW(0.03) fire=LOW(0.05)
[2026-03-27T00:04:36.357+0000] {climarisk_dag.py:135} INFO - ✅ Chichaoua: flood=LOW(0.06) fire=LOW(0.07)
[2026-03-27T00:04:39.721+0000] {climarisk_dag.py:135} INFO - ✅ Youssoufia: flood=LOW(0.15) fire=LOW(0.05)
[2026-03-27T00:04:43.924+0000] {climarisk_dag.py:135} INFO - ✅ Ben Guerir: flood=LOW(0.03) fire=LOW(0.05)
[2026-03-27T00:04:48.129+0000] {climarisk_dag.py:135} INFO - ✅ Tahanaout: flood=LOW(0.02) fire=LOW(0.05)
[2026-03-27T00:04:50.304+0000] {climarisk_dag.py:135} INFO - ✅ Ait Ourir: flood=LOW(0.06) fire=LOW(0.05)
[2026-03-27T00:04:52.294+0000] {climarisk_dag.py:135} INFO - ✅ Demnate: flood=LOW(0.03) fire=LOW(0.05)
[2026-03-27T00:04:54.326+0000] {climarisk_dag.py:135} INFO - ✅ Tanger: flood=LOW(0.15) fire=LOW(0.07)
[2026-03-27T00:04:56.334+0000] {climarisk_dag.py:135} INFO - ✅ Tétouan: flood=LOW(0.09) fire=LOW(0.05)
[2026-03-27T00:04:58.331+0000] {climarisk_dag.py:135} INFO - ✅ Al Hoceïma: flood=LOW(0.09) fire=LOW(0.05)
[2026-03-27T00:04:58.073+0000] {climarisk_dag.py:135} INFO - ✅ Larache: flood=LOW(0.15) fire=LOW(0.10)
[2026-03-27T00:05:00.066+0000] {climarisk_dag.py:135} INFO - ✅ Chefchaouen: flood=LOW(0.04) fire=LOW(0.06)
[2026-03-27T00:05:02.414+0000] {climarisk_dag.py:135} INFO - ✅ Asilah: flood=LOW(0.15) fire=LOW(0.07)
[2026-03-27T00:05:04.948+0000] {climarisk_dag.py:135} INFO - ✅ Fnideq: flood=LOW(0.15) fire=LOW(0.06)
[2026-03-27T00:05:07.770+0000] {climarisk_dag.py:135} INFO - ✅ Martil: flood=LOW(0.15) fire=LOW(0.06)
[2026-03-27T00:05:11.376+0000] {climarisk_dag.py:135} INFO - ✅ Mdiq: flood=LOW(0.15) fire=LOW(0.06)
[2026-03-27T00:05:15.387+0000] {climarisk_dag.py:135} INFO - ✅ Ksar el Kebir: flood=LOW(0.15) fire=LOW(0.08)
[2026-03-27T00:05:16.915+0000] {climarisk_dag.py:135} INFO - ✅ Ouazzane: flood=LOW(0.07) fire=LOW(0.07)
[2026-03-27T00:05:19.525+0000] {climarisk_dag.py:135} INFO - ✅ Targuist: flood=LOW(0.02) fire=LOW(0.05)
[2026-03-27T00:05:22.963+0000] {climarisk_dag.py:135} INFO - ✅ Imzouren: flood=LOW(0.10) fire=LOW(0.05)
[2026-03-27T00:05:26.173+0000] {climarisk_dag.py:135} INFO - ✅ Beni Mellal-Khenifra: flood=LOW(0.06) fire=LOW(0.05)
[2026-03-27T00:05:26.923+0000] {climarisk_dag.py:135} INFO - ✅ Khénifra: flood=LOW(0.02) fire=LOW(0.05)
[2026-03-27T00:05:53.468+0000] {climarisk_dag.py:135} INFO - ✅ Azilal: flood=LOW(0.03) fire=LOW(0.05)
[2026-03-27T00:05:54.941+0000] {climarisk_dag.py:135} INFO - ✅ Nanjing: flood=MEDIUM(0.51) fire=LOW(0.09)
[2026-03-27T00:05:58.158+0000] {climarisk_dag.py:135} INFO - ✅ Khouribga: flood=LOW(0.04) fire=LOW(0.05)
[2026-03-27T00:06:00.209+0000] {climarisk_dag.py:135} INFO - ✅ Fkih Ben Salah: flood=LOW(0.04) fire=LOW(0.05)
[2026-03-27T00:06:03.250+0000] {climarisk_dag.py:135} INFO - ✅ Souk Sebt: flood=LOW(0.03) fire=LOW(0.05)
[2026-03-27T00:06:06.660+0000] {climarisk_dag.py:135} INFO - ✅ Midelt: flood=LOW(0.04) fire=LOW(0.05)
[2026-03-27T00:06:08.669+0000] {climarisk_dag.py:135} INFO - ✅ Zaouiat Cheikh: flood=LOW(0.06) fire=LOW(0.05)
[2026-03-27T00:06:10.698+0000] {climarisk_dag.py:135} INFO - ✅ Oujda: flood=LOW(0.07) fire=LOW(0.05)
[2026-03-27T00:06:12.684+0000] {climarisk_dag.py:135} INFO - ✅ Nador: flood=LOW(0.13) fire=LOW(0.05)
[2026-03-27T00:06:14.677+0000] {climarisk_dag.py:135} INFO - ✅ Berkane: flood=LOW(0.03) fire=LOW(0.05)
[2026-03-27T00:06:16.668+0000] {climarisk_dag.py:135} INFO - ✅ Taourirt: flood=LOW(0.06) fire=LOW(0.07)
[2026-03-27T00:06:18.772+0000] {climarisk_dag.py:135} INFO - ✅ Jerada: flood=LOW(0.02) fire=LOW(0.05)
[2026-03-27T00:06:22.685+0000] {climarisk_dag.py:135} INFO - ✅ Figuig: flood=LOW(0.03) fire=LOW(0.09)
[2026-03-27T00:06:23.803+0000] {climarisk_dag.py:135} INFO - ✅ Bouarfa: flood=LOW(0.04) fire=LOW(0.05)
[2026-03-27T00:06:26.848+0000] {climarisk_dag.py:135} INFO - ✅ Selouane: flood=LOW(0.11) fire=LOW(0.05)
[2026-03-27T00:06:29.809+0000] {climarisk_dag.py:135} INFO - ✅ Zaio: flood=LOW(0.05) fire=LOW(0.05)
[2026-03-27T00:06:32.701+0000] {climarisk_dag.py:135} INFO - ✅ Agadir: flood=LOW(0.15) fire=LOW(0.07)
[2026-03-27T00:06:35.735+0000] {climarisk_dag.py:135} INFO - ✅ Inezgane: flood=LOW(0.15) fire=LOW(0.07)
[2026-03-27T00:06:40.433+0000] {climarisk_dag.py:135} INFO - ✅ Tiznit: flood=LOW(0.05) fire=LOW(0.08)
[2026-03-27T00:06:43.639+0000] {climarisk_dag.py:135} INFO - ✅ Taroudannt: flood=LOW(0.05) fire=LOW(0.05)
[2026-03-27T00:06:45.635+0000] {climarisk_dag.py:135} INFO - ✅ Ouarzazate: flood=LOW(0.03) fire=LOW(0.13)
[2026-03-27T00:06:47.633+0000] {climarisk_dag.py:135} INFO - ✅ Ait Melloul: flood=LOW(0.15) fire=LOW(0.07)
[2026-03-27T00:06:49.760+0000] {climarisk_dag.py:135} INFO - ✅ Biougra: flood=LOW(0.11) fire=LOW(0.07)
[2026-03-27T00:06:49.516+0000] {climarisk_dag.py:135} INFO - ✅ Chtouka Ait Baha: flood=LOW(0.04) fire=LOW(0.07)
[2026-03-27T00:06:51.516+0000] {climarisk_dag.py:135} INFO - ✅ Tata: flood=LOW(0.04) fire=LOW(0.13)
[2026-03-27T00:06:53.533+0000] {climarisk_dag.py:135} INFO - ✅ Sidi Ifni: flood=LOW(0.15) fire=LOW(0.07)
[2026-03-27T00:06:55.529+0000] {climarisk_dag.py:135} INFO - ✅ Massa: flood=LOW(0.09) fire=LOW(0.07)
[2026-03-27T00:06:57.975+0000] {climarisk_dag.py:135} INFO - ✅ Errachidia: flood=LOW(0.03) fire=LOW(0.10)
[2026-03-27T00:07:01.115+0000] {climarisk_dag.py:135} INFO - ✅ Zagora: flood=LOW(0.04) fire=LOW(0.06)
[2026-03-27T00:07:04.525+0000] {climarisk_dag.py:135} INFO - ✅ Tinghir: flood=LOW(0.02) fire=LOW(0.05)
[2026-03-27T00:07:06.069+0000] {climarisk_dag.py:135} INFO - ✅ Ouarzazate: flood=LOW(0.03) fire=LOW(0.13)
[2026-03-27T00:07:08.945+0000] {climarisk_dag.py:135} INFO - ✅ Rissani: flood=LOW(0.04) fire=LOW(0.06)
[2026-03-27T00:07:11.870+0000] {climarisk_dag.py:135} INFO - ✅ Erfoud: flood=LOW(0.02) fire=LOW(0.15)
[2026-03-27T00:07:18.058+0000] {climarisk_dag.py:135} INFO - ✅ Merzouga: flood=LOW(0.08) fire=LOW(0.08)
[2026-03-27T00:07:19.022+0000] {climarisk_dag.py:135} INFO - ✅ Alnif: flood=LOW(0.02) fire=LOW(0.09)
[2026-03-27T00:07:21.097+0000] {climarisk_dag.py:135} INFO - ✅ Goulmima: flood=LOW(0.02) fire=LOW(0.05)
