[2026-03-25T21:59:21.410+0000] {local_task_job_runner.py:120} INFO - ::group::Pre task execution logs
[2026-03-25T21:59:21.485+0000] {taskinstance.py:2076} INFO - Dependencies all met for dep_context=non-requeueable deps ti=<TaskInstance: climarisk_predictions.predict_all_zones scheduled__2026-03-25T21:40:00+00:00 [queued]>
[2026-03-25T21:59:21.504+0000] {taskinstance.py:2076} INFO - Dependencies all met for dep_context=requeueable deps ti=<TaskInstance: climarisk_predictions.predict_all_zones scheduled__2026-03-25T21:40:00+00:00 [queued]>
[2026-03-25T21:59:21.506+0000] {taskinstance.py:2306} INFO - Starting attempt 1 of 2
[2026-03-25T21:59:21.531+0000] {taskinstance.py:2330} INFO - Executing <Task(PythonOperator): predict_all_zones> on 2026-03-25 21:40:00+00:00
[2026-03-25T21:59:21.544+0000] {logging_mixin.py:188} WARNING - /home/airflow/.local/lib/python3.12/site-packages/airflow/task/task_runner/standard_task_runner.py:61 DeprecationWarning: This process (pid=1529) is multi-threaded, use of fork() may lead to deadlocks in the child.
[2026-03-25T21:59:21.542+0000] {standard_task_runner.py:90} INFO - Running: ['airflow', 'tasks', 'run', '***_predictions', 'predict_all_zones', 'scheduled__2026-03-25T21:40:00+00:00', '--job-id', '587', '--raw', '--subdir', 'DAGS_FOLDER/***_dag.py', '--cfg-path', '/tmp/tmp9ovfq8g_']
[2026-03-25T21:59:21.546+0000] {standard_task_runner.py:63} INFO - Started process 1530 to run task
[2026-03-25T21:59:21.546+0000] {standard_task_runner.py:91} INFO - Job 587: Subtask predict_all_zones
[2026-03-25T21:59:21.676+0000] {task_command.py:426} INFO - Running <TaskInstance: climarisk_predictions.predict_all_zones scheduled__2026-03-25T21:40:00+00:00 [running]> on host 6146f0e8983c
[2026-03-25T21:59:21.818+0000] {taskinstance.py:2648} INFO - Exporting env vars: AIRFLOW_CTX_DAG_OWNER='***' AIRFLOW_CTX_DAG_ID='***_predictions' AIRFLOW_CTX_TASK_ID='predict_all_zones' AIRFLOW_CTX_EXECUTION_DATE='2026-03-25T21:40:00+00:00' AIRFLOW_CTX_TRY_NUMBER='1' AIRFLOW_CTX_DAG_RUN_ID='scheduled__2026-03-25T21:40:00+00:00'
[2026-03-25T21:59:21.819+0000] {taskinstance.py:430} INFO - ::endgroup::
[2026-03-25T21:59:26.354+0000] {climarisk_dag.py:144} INFO - ✅ Alger: flood=LOW(0.10) fire=LOW(0.05)
[2026-03-25T21:59:31.103+0000] {climarisk_dag.py:144} INFO - ✅ Cairo: flood=LOW(0.15) fire=LOW(0.05)
[2026-03-25T21:59:42.433+0000] {climarisk_dag.py:144} INFO - ✅ Lagos: flood=MEDIUM(0.47) fire=LOW(0.05)
[2026-03-25T21:59:44.193+0000] {climarisk_dag.py:144} INFO - ✅ Kano: flood=LOW(0.07) fire=MEDIUM(0.32)
[2026-03-25T21:59:48.866+0000] {climarisk_dag.py:144} INFO - ✅ Abuja: flood=LOW(0.11) fire=LOW(0.06)
[2026-03-25T21:59:51.991+0000] {climarisk_dag.py:144} INFO - ✅ Johannesburg: flood=LOW(0.05) fire=LOW(0.05)
[2026-03-25T21:59:54.515+0000] {climarisk_dag.py:144} INFO - ✅ Cape Town: flood=MEDIUM(0.32) fire=LOW(0.08)
[2026-03-25T21:59:57.061+0000] {climarisk_dag.py:144} INFO - ✅ Nairobi: flood=LOW(0.10) fire=LOW(0.08)
[2026-03-25T22:00:10.635+0000] {climarisk_dag.py:152} ERROR - ❌ Addis Ababa: 500 Server Error: Internal Server Error for url: http://backend:8000/api/predictions/fire/9
[2026-03-25T22:00:39.951+0000] {climarisk_dag.py:152} ERROR - ❌ Dar es Salaam: HTTPConnectionPool(host='backend', port=8000): Read timed out. (read timeout=30)
[2026-03-25T22:00:41.606+0000] {climarisk_dag.py:144} INFO - ✅ Accra: flood=LOW(0.15) fire=LOW(0.13)
[2026-03-25T22:00:43.539+0000] {climarisk_dag.py:144} INFO - ✅ Casablanca: flood=LOW(0.15) fire=LOW(0.07)
[2026-03-25T22:00:46.477+0000] {climarisk_dag.py:144} INFO - ✅ Mohammedia: flood=LOW(0.12) fire=LOW(0.07)
[2026-03-25T22:00:49.581+0000] {climarisk_dag.py:144} INFO - ✅ El Jadida: flood=LOW(0.15) fire=LOW(0.07)
[2026-03-25T22:00:51.714+0000] {climarisk_dag.py:144} INFO - ✅ Settat: flood=LOW(0.13) fire=LOW(0.05)
[2026-03-25T22:00:55.001+0000] {climarisk_dag.py:144} INFO - ✅ Berrechid: flood=LOW(0.07) fire=LOW(0.05)
[2026-03-25T22:00:58.216+0000] {climarisk_dag.py:144} INFO - ✅ Benslimane: flood=LOW(0.05) fire=LOW(0.05)
[2026-03-25T22:01:01.672+0000] {climarisk_dag.py:144} INFO - ✅ Sidi Bennour: flood=LOW(0.04) fire=LOW(0.06)
[2026-03-25T22:01:05.308+0000] {climarisk_dag.py:144} INFO - ✅ Azemmour: flood=LOW(0.15) fire=LOW(0.07)
[2026-03-25T22:01:09.172+0000] {climarisk_dag.py:144} INFO - ✅ Mediouna: flood=LOW(0.03) fire=LOW(0.05)
[2026-03-25T22:01:11.509+0000] {climarisk_dag.py:144} INFO - ✅ Nouaceur: flood=LOW(0.04) fire=LOW(0.05)
[2026-03-25T22:01:14.222+0000] {climarisk_dag.py:144} INFO - ✅ Rabat: flood=LOW(0.11) fire=LOW(0.07)
[2026-03-25T22:01:16.306+0000] {climarisk_dag.py:144} INFO - ✅ Salé: flood=LOW(0.12) fire=LOW(0.07)
[2026-03-25T22:01:18.491+0000] {climarisk_dag.py:144} INFO - ✅ Kénitra: flood=LOW(0.16) fire=LOW(0.05)
[2026-03-25T22:01:20.628+0000] {climarisk_dag.py:144} INFO - ✅ Témara: flood=LOW(0.11) fire=LOW(0.07)
[2026-03-25T22:01:22.728+0000] {climarisk_dag.py:144} INFO - ✅ Skhirat: flood=LOW(0.12) fire=LOW(0.07)
[2026-03-25T22:01:24.865+0000] {climarisk_dag.py:144} INFO - ✅ Tiflet: flood=LOW(0.11) fire=LOW(0.06)
[2026-03-25T22:01:26.988+0000] {climarisk_dag.py:144} INFO - ✅ Khémisset: flood=LOW(0.07) fire=LOW(0.05)
[2026-03-25T22:01:29.064+0000] {climarisk_dag.py:144} INFO - ✅ Sidi Slimane: flood=LOW(0.12) fire=LOW(0.07)
[2026-03-25T22:01:32.624+0000] {climarisk_dag.py:144} INFO - ✅ Sidi Kacem: flood=LOW(0.09) fire=LOW(0.07)
[2026-03-25T22:01:35.433+0000] {climarisk_dag.py:144} INFO - ✅ Souk el Arba: flood=LOW(0.10) fire=LOW(0.06)
[2026-03-25T22:01:39.369+0000] {climarisk_dag.py:144} INFO - ✅ Ouazzane: flood=LOW(0.05) fire=LOW(0.05)
[2026-03-25T22:01:41.890+0000] {climarisk_dag.py:144} INFO - ✅ Fès: flood=LOW(0.04) fire=LOW(0.05)
[2026-03-25T22:01:44.992+0000] {climarisk_dag.py:144} INFO - ✅ Meknès: flood=LOW(0.05) fire=LOW(0.05)
[2026-03-25T22:01:48.006+0000] {climarisk_dag.py:144} INFO - ✅ Ifrane: flood=LOW(0.02) fire=LOW(0.05)
[2026-03-25T22:01:50.822+0000] {climarisk_dag.py:144} INFO - ✅ Azrou: flood=LOW(0.04) fire=LOW(0.05)
[2026-03-25T22:01:52.971+0000] {climarisk_dag.py:144} INFO - ✅ Taounate: flood=LOW(0.04) fire=LOW(0.05)
[2026-03-25T22:01:55.607+0000] {climarisk_dag.py:144} INFO - ✅ Taza: flood=LOW(0.04) fire=LOW(0.05)
[2026-03-25T22:01:59.401+0000] {climarisk_dag.py:144} INFO - ✅ Sefrou: flood=LOW(0.01) fire=LOW(0.05)
[2026-03-25T22:02:03.661+0000] {climarisk_dag.py:144} INFO - ✅ Boulemane: flood=LOW(0.02) fire=LOW(0.05)
[2026-03-25T22:02:07.163+0000] {climarisk_dag.py:144} INFO - ✅ El Hajeb: flood=LOW(0.03) fire=LOW(0.05)
[2026-03-25T22:02:09.410+0000] {climarisk_dag.py:144} INFO - ✅ Missour: flood=LOW(0.03) fire=LOW(0.05)
[2026-03-25T22:02:12.007+0000] {climarisk_dag.py:144} INFO - ✅ Guercif: flood=LOW(0.12) fire=LOW(0.05)
[2026-03-25T22:02:15.425+0000] {climarisk_dag.py:144} INFO - ✅ Marrakech: flood=LOW(0.06) fire=LOW(0.05)
[2026-03-25T22:02:17.598+0000] {climarisk_dag.py:144} INFO - ✅ Safi: flood=LOW(0.15) fire=LOW(0.07)
[2026-03-25T22:02:19.729+0000] {climarisk_dag.py:144} INFO - ✅ Essaouira: flood=LOW(0.15) fire=LOW(0.07)
[2026-03-25T22:02:22.133+0000] {climarisk_dag.py:144} INFO - ✅ El Kelaa des Sraghna: flood=LOW(0.02) fire=LOW(0.05)
[2026-03-25T22:02:26.721+0000] {climarisk_dag.py:144} INFO - ✅ Chichaoua: flood=LOW(0.18) fire=LOW(0.05)
[2026-03-25T22:02:31.263+0000] {climarisk_dag.py:144} INFO - ✅ Youssoufia: flood=LOW(0.12) fire=LOW(0.05)
[2026-03-25T22:02:35.105+0000] {climarisk_dag.py:144} INFO - ✅ Ben Guerir: flood=LOW(0.06) fire=LOW(0.05)
[2026-03-25T22:02:37.594+0000] {climarisk_dag.py:144} INFO - ✅ Tahanaout: flood=LOW(0.03) fire=LOW(0.05)
[2026-03-25T22:02:40.228+0000] {climarisk_dag.py:144} INFO - ✅ Ait Ourir: flood=LOW(0.03) fire=LOW(0.05)
[2026-03-25T22:02:44.528+0000] {climarisk_dag.py:144} INFO - ✅ Demnate: flood=LOW(0.01) fire=LOW(0.05)
[2026-03-25T22:02:47.368+0000] {climarisk_dag.py:144} INFO - ✅ Tanger: flood=LOW(0.15) fire=LOW(0.06)
[2026-03-25T22:02:50.231+0000] {climarisk_dag.py:144} INFO - ✅ Tétouan: flood=LOW(0.11) fire=LOW(0.06)
[2026-03-25T22:02:53.717+0000] {climarisk_dag.py:144} INFO - ✅ Al Hoceïma: flood=LOW(0.15) fire=LOW(0.06)
[2026-03-25T22:02:57.084+0000] {climarisk_dag.py:144} INFO - ✅ Larache: flood=LOW(0.15) fire=LOW(0.11)
[2026-03-25T22:02:59.183+0000] {climarisk_dag.py:144} INFO - ✅ Chefchaouen: flood=LOW(0.07) fire=LOW(0.11)
[2026-03-25T22:03:02.927+0000] {climarisk_dag.py:144} INFO - ✅ Asilah: flood=LOW(0.15) fire=LOW(0.06)
[2026-03-25T22:03:06.247+0000] {climarisk_dag.py:144} INFO - ✅ Fnideq: flood=LOW(0.10) fire=LOW(0.06)
[2026-03-25T22:03:09.690+0000] {climarisk_dag.py:144} INFO - ✅ Martil: flood=LOW(0.09) fire=LOW(0.06)
[2026-03-25T22:03:12.931+0000] {climarisk_dag.py:144} INFO - ✅ Mdiq: flood=LOW(0.13) fire=LOW(0.06)
[2026-03-25T22:03:15.742+0000] {climarisk_dag.py:144} INFO - ✅ Ksar el Kebir: flood=LOW(0.15) fire=LOW(0.06)
[2026-03-25T22:03:17.334+0000] {climarisk_dag.py:144} INFO - ✅ Ouazzane: flood=LOW(0.05) fire=LOW(0.05)
[2026-03-25T22:03:20.206+0000] {climarisk_dag.py:144} INFO - ✅ Targuist: flood=LOW(0.02) fire=LOW(0.05)
[2026-03-25T22:03:23.276+0000] {climarisk_dag.py:144} INFO - ✅ Imzouren: flood=LOW(0.15) fire=LOW(0.05)
[2026-03-25T22:03:25.482+0000] {climarisk_dag.py:144} INFO - ✅ Beni Mellal-Khenifra: flood=LOW(0.05) fire=LOW(0.05)
[2026-03-25T22:03:28.300+0000] {climarisk_dag.py:144} INFO - ✅ Khénifra: flood=LOW(0.02) fire=LOW(0.05)
[2026-03-25T22:03:31.441+0000] {climarisk_dag.py:144} INFO - ✅ Azilal: flood=LOW(0.04) fire=LOW(0.05)
[2026-03-25T22:03:34.586+0000] {climarisk_dag.py:144} INFO - ✅ Nanjing: flood=MEDIUM(0.41) fire=LOW(0.05)
[2026-03-25T22:03:38.616+0000] {climarisk_dag.py:144} INFO - ✅ Khouribga: flood=LOW(0.06) fire=LOW(0.05)
[2026-03-25T22:03:44.903+0000] {climarisk_dag.py:144} INFO - ✅ Fkih Ben Salah: flood=LOW(0.03) fire=LOW(0.05)
[2026-03-25T22:03:48.235+0000] {climarisk_dag.py:144} INFO - ✅ Souk Sebt: flood=LOW(0.04) fire=LOW(0.05)
[2026-03-25T22:03:51.578+0000] {climarisk_dag.py:144} INFO - ✅ Midelt: flood=LOW(0.03) fire=LOW(0.05)
[2026-03-25T22:03:53.687+0000] {climarisk_dag.py:144} INFO - ✅ Zaouiat Cheikh: flood=LOW(0.02) fire=LOW(0.05)
[2026-03-25T22:03:56.850+0000] {climarisk_dag.py:144} INFO - ✅ Oujda: flood=LOW(0.04) fire=LOW(0.05)
[2026-03-25T22:04:00.174+0000] {climarisk_dag.py:144} INFO - ✅ Nador: flood=LOW(0.15) fire=LOW(0.06)
[2026-03-25T22:04:03.658+0000] {climarisk_dag.py:144} INFO - ✅ Berkane: flood=LOW(0.12) fire=LOW(0.05)
[2026-03-25T22:04:06.468+0000] {climarisk_dag.py:144} INFO - ✅ Taourirt: flood=LOW(0.10) fire=LOW(0.05)
[2026-03-25T22:04:09.163+0000] {climarisk_dag.py:144} INFO - ✅ Jerada: flood=LOW(0.03) fire=LOW(0.05)
[2026-03-25T22:04:11.250+0000] {climarisk_dag.py:144} INFO - ✅ Figuig: flood=LOW(0.03) fire=LOW(0.05)
[2026-03-25T22:04:14.162+0000] {climarisk_dag.py:144} INFO - ✅ Bouarfa: flood=LOW(0.01) fire=LOW(0.05)
[2026-03-25T22:04:17.229+0000] {climarisk_dag.py:144} INFO - ✅ Selouane: flood=LOW(0.15) fire=LOW(0.06)
[2026-03-25T22:04:21.726+0000] {climarisk_dag.py:144} INFO - ✅ Zaio: flood=LOW(0.14) fire=LOW(0.05)
[2026-03-25T22:04:24.192+0000] {climarisk_dag.py:144} INFO - ✅ Agadir: flood=LOW(0.15) fire=LOW(0.07)
[2026-03-25T22:04:26.305+0000] {climarisk_dag.py:144} INFO - ✅ Inezgane: flood=LOW(0.12) fire=LOW(0.05)
[2026-03-25T22:04:28.507+0000] {climarisk_dag.py:144} INFO - ✅ Tiznit: flood=LOW(0.05) fire=LOW(0.05)
[2026-03-25T22:04:30.636+0000] {climarisk_dag.py:144} INFO - ✅ Taroudannt: flood=LOW(0.10) fire=LOW(0.05)
[2026-03-25T22:04:32.752+0000] {climarisk_dag.py:144} INFO - ✅ Ouarzazate: flood=LOW(0.01) fire=LOW(0.05)
[2026-03-25T22:04:34.854+0000] {climarisk_dag.py:144} INFO - ✅ Ait Melloul: flood=LOW(0.14) fire=LOW(0.07)
[2026-03-25T22:04:35.770+0000] {climarisk_dag.py:144} INFO - ✅ Biougra: flood=LOW(0.06) fire=LOW(0.07)
[2026-03-25T22:04:37.801+0000] {climarisk_dag.py:144} INFO - ✅ Chtouka Ait Baha: flood=LOW(0.07) fire=LOW(0.05)
[2026-03-25T22:04:41.004+0000] {climarisk_dag.py:144} INFO - ✅ Tata: flood=LOW(0.04) fire=LOW(0.12)
[2026-03-25T22:04:43.328+0000] {climarisk_dag.py:144} INFO - ✅ Sidi Ifni: flood=LOW(0.23) fire=LOW(0.07)
[2026-03-25T22:04:45.447+0000] {climarisk_dag.py:144} INFO - ✅ Massa: flood=LOW(0.12) fire=LOW(0.08)
[2026-03-25T22:04:48.805+0000] {climarisk_dag.py:144} INFO - ✅ Errachidia: flood=LOW(0.03) fire=LOW(0.05)
[2026-03-25T22:04:52.318+0000] {climarisk_dag.py:144} INFO - ✅ Zagora: flood=LOW(0.05) fire=LOW(0.05)
[2026-03-25T22:04:55.786+0000] {climarisk_dag.py:144} INFO - ✅ Tinghir: flood=LOW(0.03) fire=LOW(0.05)
[2026-03-25T22:04:57.372+0000] {climarisk_dag.py:144} INFO - ✅ Ouarzazate: flood=LOW(0.01) fire=LOW(0.05)
[2026-03-25T22:05:01.434+0000] {climarisk_dag.py:144} INFO - ✅ Rissani: flood=LOW(0.05) fire=LOW(0.05)
[2026-03-25T22:05:04.680+0000] {climarisk_dag.py:144} INFO - ✅ Erfoud: flood=LOW(0.02) fire=LOW(0.05)
[2026-03-25T22:05:06.945+0000] {climarisk_dag.py:144} INFO - ✅ Merzouga: flood=LOW(0.05) fire=LOW(0.05)
[2026-03-25T22:05:09.152+0000] {climarisk_dag.py:144} INFO - ✅ Alnif: flood=LOW(0.03) fire=LOW(0.05)
[2026-03-25T22:05:13.412+0000] {climarisk_dag.py:144} INFO - ✅ Goulmima: flood=LOW(0.03) fire=LOW(0.05)
[2026-03-25T22:05:16.833+0000] {climarisk_dag.py:144} INFO - ✅ Laâyoune: flood=LOW(0.11) fire=LOW(0.05)
[2026-03-25T22:05:19.881+0000] {climarisk_dag.py:144} INFO - ✅ Boujdour: flood=LOW(0.15) fire=LOW(0.08)
[2026-03-25T22:05:24.461+0000] {climarisk_dag.py:144} INFO - ✅ Tarfaya: flood=LOW(0.15) fire=LOW(0.08)
[2026-03-25T22:05:27.934+0000] {climarisk_dag.py:144} INFO - ✅ Smara: flood=LOW(0.03) fire=LOW(0.11)
[2026-03-25T22:05:31.008+0000] {climarisk_dag.py:144} INFO - ✅ El Marsa: flood=LOW(0.21) fire=LOW(0.05)
[2026-03-25T22:05:33.548+0000] {climarisk_dag.py:144} INFO - ✅ Dakhla: flood=LOW(0.15) fire=LOW(0.08)
[2026-03-25T22:05:34.521+0000] {climarisk_dag.py:144} INFO - ✅ Aousserd: flood=LOW(0.13) fire=LOW(0.25)
[2026-03-25T22:05:36.660+0000] {climarisk_dag.py:144} INFO - ✅ Guelmim: flood=LOW(0.06) fire=LOW(0.07)
[2026-03-25T22:05:38.738+0000] {climarisk_dag.py:144} INFO - ✅ Tan-Tan: flood=LOW(0.15) fire=LOW(0.08)
[2026-03-25T22:05:40.979+0000] {climarisk_dag.py:144} INFO - ✅ Assa: flood=LOW(0.09) fire=LOW(0.05)
[2026-03-25T22:05:43.090+0000] {climarisk_dag.py:144} INFO - ✅ Zag: flood=LOW(0.03) fire=LOW(0.11)
[2026-03-25T22:05:44.682+0000] {climarisk_dag.py:144} INFO - ✅ Sidi Ifni: flood=LOW(0.23) fire=LOW(0.07)
[2026-03-25T22:05:46.281+0000] {climarisk_dag.py:144} INFO - ✅ Tiznit: flood=LOW(0.05) fire=LOW(0.05)
[2026-03-25T22:05:49.785+0000] {climarisk_dag.py:144} INFO - ✅ Tunis: flood=LOW(0.13) fire=LOW(0.05)
[2026-03-25T22:05:52.105+0000] {climarisk_dag.py:144} INFO - ✅ Kampala: flood=LOW(0.08) fire=LOW(0.05)
[2026-03-25T22:05:54.509+0000] {climarisk_dag.py:144} INFO - ✅ Dakar: flood=LOW(0.15) fire=LOW(0.10)
[2026-03-25T22:05:56.549+0000] {climarisk_dag.py:144} INFO - ✅ Kinshasa: flood=LOW(0.07) fire=LOW(0.05)
[2026-03-25T22:05:58.614+0000] {climarisk_dag.py:144} INFO - ✅ Luanda: flood=LOW(0.25) fire=LOW(0.05)
[2026-03-25T22:06:00.689+0000] {climarisk_dag.py:144} INFO - ✅ Khartoum: flood=LOW(0.15) fire=MEDIUM(0.34)
[2026-03-25T22:06:02.810+0000] {climarisk_dag.py:144} INFO - ✅ Harare: flood=LOW(0.03) fire=LOW(0.10)
[2026-03-25T22:06:04.011+0000] {climarisk_dag.py:144} INFO - ✅ Lusaka: flood=LOW(0.03) fire=LOW(0.09)
[2026-03-25T22:06:06.166+0000] {climarisk_dag.py:144} INFO - ✅ Maputo: flood=LOW(0.29) fire=LOW(0.05)
[2026-03-25T22:06:08.263+0000] {climarisk_dag.py:144} INFO - ✅ Antananarivo: flood=LOW(0.07) fire=LOW(0.08)
[2026-03-25T22:06:11.860+0000] {climarisk_dag.py:144} INFO - ✅ Abidjan: flood=LOW(0.15) fire=LOW(0.13)
[2026-03-25T22:06:18.229+0000] {climarisk_dag.py:144} INFO - ✅ Douala: flood=MEDIUM(0.49) fire=LOW(0.14)
[2026-03-25T22:06:20.933+0000] {climarisk_dag.py:144} INFO - ✅ Niamey: flood=LOW(0.14) fire=LOW(0.05)
[2026-03-25T22:06:24.226+0000] {climarisk_dag.py:144} INFO - ✅ Ouagadougou: flood=LOW(0.15) fire=LOW(0.16)
[2026-03-25T22:06:27.391+0000] {climarisk_dag.py:144} INFO - ✅ Bamako: flood=LOW(0.15) fire=LOW(0.25)
[2026-03-25T22:06:31.129+0000] {climarisk_dag.py:144} INFO - ✅ Windhoek: flood=LOW(0.04) fire=LOW(0.05)
[2026-03-25T22:06:33.296+0000] {climarisk_dag.py:144} INFO - ✅ Port Harcourt: flood=MEDIUM(0.49) fire=LOW(0.05)
[2026-03-25T22:06:35.442+0000] {climarisk_dag.py:144} INFO - ✅ Warri: flood=MEDIUM(0.51) fire=LOW(0.05)
[2026-03-25T22:06:37.526+0000] {climarisk_dag.py:144} INFO - ✅ Calabar: flood=MEDIUM(0.44) fire=LOW(0.05)
[2026-03-25T22:06:39.692+0000] {climarisk_dag.py:144} INFO - ✅ Beijing: flood=LOW(0.15) fire=LOW(0.06)
[2026-03-25T22:06:41.745+0000] {climarisk_dag.py:144} INFO - ✅ Shanghai: flood=MEDIUM(0.54) fire=LOW(0.05)
[2026-03-25T22:06:43.921+0000] {climarisk_dag.py:144} INFO - ✅ Guangzhou: flood=HIGH(0.79) fire=LOW(0.05)
[2026-03-25T22:06:45.974+0000] {climarisk_dag.py:144} INFO - ✅ Chengdu: flood=LOW(0.09) fire=LOW(0.08)
[2026-03-25T22:06:48.078+0000] {climarisk_dag.py:144} INFO - ✅ Wuhan: flood=LOW(0.27) fire=LOW(0.05)
[2026-03-25T22:06:50.207+0000] {climarisk_dag.py:144} INFO - ✅ Chongqing: flood=LOW(0.13) fire=LOW(0.05)
[2026-03-25T22:06:52.261+0000] {climarisk_dag.py:144} INFO - ✅ Zhengzhou: flood=LOW(0.15) fire=LOW(0.11)
[2026-03-25T22:06:56.426+0000] {climarisk_dag.py:144} INFO - ✅ Changsha: flood=MEDIUM(0.41) fire=LOW(0.05)
[2026-03-25T22:06:59.838+0000] {climarisk_dag.py:144} INFO - ✅ Nanchang: flood=MEDIUM(0.51) fire=LOW(0.05)
[2026-03-25T22:07:03.016+0000] {climarisk_dag.py:144} INFO - ✅ Yichang: flood=LOW(0.15) fire=LOW(0.06)
[2026-03-25T22:07:05.914+0000] {climarisk_dag.py:144} INFO - ✅ Haikou: flood=LOW(0.15) fire=LOW(0.13)
[2026-03-25T22:07:08.396+0000] {climarisk_dag.py:144} INFO - ✅ Hong Kong: flood=LOW(0.15) fire=LOW(0.11)
[2026-03-25T22:07:11.975+0000] {climarisk_dag.py:144} INFO - ✅ Taipei: flood=LOW(0.15) fire=LOW(0.10)
[2026-03-25T22:07:15.412+0000] {climarisk_dag.py:144} INFO - ✅ Kaohsiung: flood=HIGH(0.84) fire=LOW(0.05)
[2026-03-25T22:07:17.958+0000] {climarisk_dag.py:144} INFO - ✅ Mumbai: flood=LOW(0.15) fire=LOW(0.13)
[2026-03-25T22:07:20.635+0000] {climarisk_dag.py:144} INFO - ✅ Delhi: flood=LOW(0.09) fire=LOW(0.14)
[2026-03-25T22:07:23.423+0000] {climarisk_dag.py:144} INFO - ✅ Bangalore: flood=LOW(0.03) fire=LOW(0.12)
[2026-03-25T22:07:25.542+0000] {climarisk_dag.py:144} INFO - ✅ Chennai: flood=LOW(0.15) fire=LOW(0.13)
[2026-03-25T22:07:28.576+0000] {climarisk_dag.py:144} INFO - ✅ Kolkata: flood=HIGH(0.73) fire=LOW(0.05)
[2026-03-25T22:07:31.592+0000] {climarisk_dag.py:144} INFO - ✅ Patna: flood=LOW(0.15) fire=LOW(0.13)
[2026-03-25T22:07:34.481+0000] {climarisk_dag.py:144} INFO - ✅ Guwahati: flood=LOW(0.22) fire=LOW(0.05)
[2026-03-25T22:07:37.358+0000] {climarisk_dag.py:144} INFO - ✅ Varanasi: flood=LOW(0.15) fire=LOW(0.13)
[2026-03-25T22:07:42.101+0000] {climarisk_dag.py:144} INFO - ✅ Muzaffarpur: flood=LOW(0.15) fire=LOW(0.11)
[2026-03-25T22:07:45.619+0000] {climarisk_dag.py:144} INFO - ✅ Visakhapatnam: flood=MEDIUM(0.47) fire=LOW(0.05)
[2026-03-25T22:07:50.562+0000] {climarisk_dag.py:144} INFO - ✅ Vijayawada: flood=LOW(0.15) fire=LOW(0.13)
[2026-03-25T22:07:53.503+0000] {climarisk_dag.py:144} INFO - ✅ Tokyo: flood=MEDIUM(0.54) fire=LOW(0.05)
[2026-03-25T22:07:56.873+0000] {climarisk_dag.py:144} INFO - ✅ Osaka: flood=MEDIUM(0.36) fire=LOW(0.05)
[2026-03-25T22:07:59.886+0000] {climarisk_dag.py:144} INFO - ✅ Sapporo: flood=MEDIUM(0.39) fire=LOW(0.05)
[2026-03-25T22:08:02.192+0000] {climarisk_dag.py:144} INFO - ✅ Naha: flood=MEDIUM(0.41) fire=LOW(0.05)
[2026-03-25T22:08:05.140+0000] {climarisk_dag.py:144} INFO - ✅ Seoul: flood=LOW(0.15) fire=LOW(0.05)
[2026-03-25T22:08:07.863+0000] {climarisk_dag.py:144} INFO - ✅ Busan: flood=LOW(0.15) fire=LOW(0.05)
[2026-03-25T22:08:10.021+0000] {climarisk_dag.py:144} INFO - ✅ Bangkok: flood=LOW(0.15) fire=LOW(0.14)
[2026-03-25T22:08:12.691+0000] {climarisk_dag.py:144} INFO - ✅ Chiang Mai: flood=LOW(0.15) fire=LOW(0.26)
[2026-03-25T22:08:14.760+0000] {climarisk_dag.py:144} INFO - ✅ Jakarta: flood=CRITICAL(0.96) fire=LOW(0.05)
[2026-03-25T22:08:16.821+0000] {climarisk_dag.py:144} INFO - ✅ Surabaya: flood=CRITICAL(0.98) fire=LOW(0.05)
[2026-03-25T22:08:18.896+0000] {climarisk_dag.py:144} INFO - ✅ Medan: flood=MEDIUM(0.55) fire=LOW(0.05)
[2026-03-25T22:08:20.999+0000] {climarisk_dag.py:144} INFO - ✅ Manila: flood=LOW(0.15) fire=LOW(0.14)
[2026-03-25T22:08:23.125+0000] {climarisk_dag.py:144} INFO - ✅ Cebu: flood=MEDIUM(0.61) fire=LOW(0.05)
[2026-03-25T22:08:25.197+0000] {climarisk_dag.py:144} INFO - ✅ Tacloban: flood=MEDIUM(0.42) fire=LOW(0.05)
[2026-03-25T22:08:27.265+0000] {climarisk_dag.py:144} INFO - ✅ Legazpi: flood=LOW(0.15) fire=LOW(0.11)
[2026-03-25T22:08:29.368+0000] {climarisk_dag.py:144} INFO - ✅ Zamboanga: flood=CRITICAL(0.98) fire=LOW(0.05)
[2026-03-25T22:08:30.430+0000] {climarisk_dag.py:144} INFO - ✅ Kuala Lumpur: flood=LOW(0.15) fire=LOW(0.13)
[2026-03-25T22:08:32.707+0000] {climarisk_dag.py:144} INFO - ✅ Singapore: flood=LOW(0.15) fire=LOW(0.14)
[2026-03-25T22:08:36.423+0000] {climarisk_dag.py:144} INFO - ✅ Ho Chi Minh City: flood=LOW(0.15) fire=LOW(0.12)
[2026-03-25T22:08:39.902+0000] {climarisk_dag.py:144} INFO - ✅ Hanoi: flood=LOW(0.15) fire=LOW(0.12)
[2026-03-25T22:08:43.976+0000] {climarisk_dag.py:144} INFO - ✅ Da Nang: flood=LOW(0.15) fire=LOW(0.10)
[2026-03-25T22:08:46.915+0000] {climarisk_dag.py:144} INFO - ✅ Can Tho: flood=LOW(0.15) fire=LOW(0.12)
[2026-03-25T22:08:50.217+0000] {climarisk_dag.py:144} INFO - ✅ My Tho: flood=LOW(0.15) fire=LOW(0.12)
[2026-03-25T22:08:53.431+0000] {climarisk_dag.py:144} INFO - ✅ Dhaka: flood=HIGH(0.75) fire=LOW(0.05)
[2026-03-25T22:08:55.923+0000] {climarisk_dag.py:144} INFO - ✅ Chittagong: flood=CRITICAL(0.98) fire=LOW(0.05)
[2026-03-25T22:08:59.307+0000] {climarisk_dag.py:144} INFO - ✅ Sylhet: flood=CRITICAL(0.98) fire=LOW(0.05)
[2026-03-25T22:09:02.196+0000] {climarisk_dag.py:144} INFO - ✅ Khulna: flood=HIGH(0.77) fire=LOW(0.05)
[2026-03-25T22:09:05.684+0000] {climarisk_dag.py:144} INFO - ✅ Cox's Bazar: flood=HIGH(0.83) fire=LOW(0.05)
[2026-03-25T22:09:09.163+0000] {climarisk_dag.py:144} INFO - ✅ Karachi: flood=LOW(0.15) fire=LOW(0.14)
[2026-03-25T22:09:13.164+0000] {climarisk_dag.py:144} INFO - ✅ Lahore: flood=LOW(0.17) fire=LOW(0.05)
[2026-03-25T22:09:14.281+0000] {climarisk_dag.py:144} INFO - ✅ Colombo: flood=MEDIUM(0.66) fire=LOW(0.05)
[2026-03-25T22:09:16.382+0000] {climarisk_dag.py:144} INFO - ✅ Kathmandu: flood=LOW(0.07) fire=LOW(0.05)
[2026-03-25T22:09:18.459+0000] {climarisk_dag.py:144} INFO - ✅ Yangon: flood=LOW(0.15) fire=LOW(0.15)
[2026-03-25T22:09:20.509+0000] {climarisk_dag.py:144} INFO - ✅ Sittwe: flood=LOW(0.15) fire=LOW(0.13)
[2026-03-25T22:09:22.567+0000] {climarisk_dag.py:144} INFO - ✅ Phnom Penh: flood=LOW(0.15) fire=LOW(0.17)
[2026-03-25T22:09:24.689+0000] {climarisk_dag.py:144} INFO - ✅ Riyadh: flood=LOW(0.22) fire=LOW(0.05)
[2026-03-25T22:09:26.839+0000] {climarisk_dag.py:144} INFO - ✅ Dubai: flood=LOW(0.25) fire=LOW(0.05)
[2026-03-25T22:09:29.749+0000] {climarisk_dag.py:144} INFO - ✅ Tehran: flood=LOW(0.02) fire=LOW(0.05)
[2026-03-25T22:09:34.418+0000] {climarisk_dag.py:144} INFO - ✅ Istanbul: flood=LOW(0.16) fire=LOW(0.05)
[2026-03-25T22:09:38.060+0000] {climarisk_dag.py:144} INFO - ✅ Ankara: flood=LOW(0.02) fire=LOW(0.05)
[2026-03-25T22:09:40.801+0000] {climarisk_dag.py:144} INFO - ✅ Baghdad: flood=LOW(0.21) fire=LOW(0.05)
[2026-03-25T22:09:43.579+0000] {climarisk_dag.py:144} INFO - ✅ Baku: flood=LOW(0.15) fire=LOW(0.05)
[2026-03-25T22:09:46.584+0000] {climarisk_dag.py:144} INFO - ✅ Tashkent: flood=LOW(0.07) fire=LOW(0.09)
[2026-03-25T22:09:49.915+0000] {climarisk_dag.py:144} INFO - ✅ Almaty: flood=LOW(0.03) fire=LOW(0.05)
[2026-03-25T22:09:52.030+0000] {climarisk_dag.py:144} INFO - ✅ Guam: flood=MEDIUM(0.67) fire=LOW(0.05)
[2026-03-25T22:09:54.146+0000] {climarisk_dag.py:144} INFO - ✅ Paris: flood=MEDIUM(0.42) fire=LOW(0.05)
[2026-03-25T22:09:56.335+0000] {climarisk_dag.py:144} INFO - ✅ Lyon: flood=LOW(0.08) fire=LOW(0.05)
[2026-03-25T22:09:57.370+0000] {climarisk_dag.py:144} INFO - ✅ Marseille: flood=LOW(0.15) fire=LOW(0.09)
[2026-03-25T22:10:00.067+0000] {climarisk_dag.py:144} INFO - ✅ Toulouse: flood=LOW(0.03) fire=LOW(0.05)
[2026-03-25T22:10:06.982+0000] {climarisk_dag.py:144} INFO - ✅ Bordeaux: flood=LOW(0.10) fire=LOW(0.05)
[2026-03-25T22:10:08.970+0000] {climarisk_dag.py:152} ERROR - ❌ Nantes: 500 Server Error: Internal Server Error for url: http://backend:8000/api/predictions/flood/212
[2026-03-25T22:10:09.951+0000] {climarisk_dag.py:152} ERROR - ❌ Strasbourg: 500 Server Error: Internal Server Error for url: http://backend:8000/api/predictions/flood/213
[2026-03-25T22:10:12.625+0000] {climarisk_dag.py:144} INFO - ✅ Lille: flood=MEDIUM(0.35) fire=LOW(0.05)
[2026-03-25T22:10:16.102+0000] {climarisk_dag.py:144} INFO - ✅ Montpellier: flood=LOW(0.15) fire=LOW(0.05)
[2026-03-25T22:10:19.389+0000] {climarisk_dag.py:144} INFO - ✅ Nice: flood=LOW(0.15) fire=LOW(0.05)
[2026-03-25T22:10:23.188+0000] {climarisk_dag.py:144} INFO - ✅ London: flood=LOW(0.18) fire=LOW(0.05)
[2026-03-25T22:10:25.966+0000] {climarisk_dag.py:144} INFO - ✅ Birmingham: flood=LOW(0.10) fire=LOW(0.05)
[2026-03-25T22:10:28.105+0000] {climarisk_dag.py:144} INFO - ✅ Manchester: flood=LOW(0.29) fire=LOW(0.05)
[2026-03-25T22:10:31.518+0000] {climarisk_dag.py:144} INFO - ✅ Berlin: flood=LOW(0.27) fire=LOW(0.05)
[2026-03-25T22:10:34.734+0000] {climarisk_dag.py:144} INFO - ✅ Hamburg: flood=MEDIUM(0.34) fire=LOW(0.05)
[2026-03-25T22:10:36.866+0000] {climarisk_dag.py:144} INFO - ✅ Munich: flood=LOW(0.14) fire=LOW(0.05)
[2026-03-25T22:10:39.010+0000] {climarisk_dag.py:144} INFO - ✅ Frankfurt: flood=LOW(0.09) fire=LOW(0.05)
[2026-03-25T22:10:41.139+0000] {climarisk_dag.py:144} INFO - ✅ Madrid: flood=LOW(0.07) fire=LOW(0.08)
[2026-03-25T22:10:43.507+0000] {climarisk_dag.py:144} INFO - ✅ Barcelona: flood=LOW(0.15) fire=LOW(0.05)
[2026-03-25T22:10:45.650+0000] {climarisk_dag.py:144} INFO - ✅ Valencia: flood=LOW(0.15) fire=LOW(0.05)
[2026-03-25T22:10:48.239+0000] {climarisk_dag.py:144} INFO - ✅ Malaga: flood=LOW(0.14) fire=LOW(0.06)
[2026-03-25T22:10:50.958+0000] {climarisk_dag.py:144} INFO - ✅ Rome: flood=LOW(0.15) fire=LOW(0.05)
[2026-03-25T22:10:54.080+0000] {climarisk_dag.py:144} INFO - ✅ Milan: flood=LOW(0.05) fire=LOW(0.05)
[2026-03-25T22:10:55.181+0000] {climarisk_dag.py:144} INFO - ✅ Palermo: flood=LOW(0.15) fire=LOW(0.05)
[2026-03-25T22:10:57.251+0000] {climarisk_dag.py:144} INFO - ✅ Amsterdam: flood=MEDIUM(0.44) fire=LOW(0.05)
[2026-03-25T22:10:59.372+0000] {climarisk_dag.py:144} INFO - ✅ Brussels: flood=MEDIUM(0.35) fire=LOW(0.05)
[2026-03-25T22:11:01.438+0000] {climarisk_dag.py:144} INFO - ✅ Vienna: flood=LOW(0.18) fire=LOW(0.05)
[2026-03-25T22:11:03.531+0000] {climarisk_dag.py:144} INFO - ✅ Zurich: flood=LOW(0.15) fire=LOW(0.05)
[2026-03-25T22:11:05.669+0000] {climarisk_dag.py:144} INFO - ✅ Stockholm: flood=LOW(0.27) fire=LOW(0.05)
[2026-03-25T22:11:07.929+0000] {climarisk_dag.py:144} INFO - ✅ Oslo: flood=MEDIUM(0.36) fire=LOW(0.05)
[2026-03-25T22:11:10.058+0000] {climarisk_dag.py:144} INFO - ✅ Copenhagen: flood=LOW(0.30) fire=LOW(0.05)
[2026-03-25T22:11:13.168+0000] {climarisk_dag.py:144} INFO - ✅ Helsinki: flood=LOW(0.15) fire=LOW(0.05)
[2026-03-25T22:11:15.414+0000] {climarisk_dag.py:144} INFO - ✅ Warsaw: flood=LOW(0.05) fire=LOW(0.05)
[2026-03-25T22:11:17.535+0000] {climarisk_dag.py:144} INFO - ✅ Prague: flood=LOW(0.11) fire=LOW(0.05)
[2026-03-25T22:11:20.752+0000] {climarisk_dag.py:144} INFO - ✅ Budapest: flood=LOW(0.15) fire=LOW(0.05)
[2026-03-25T22:11:24.363+0000] {climarisk_dag.py:144} INFO - ✅ Bucharest: flood=LOW(0.22) fire=LOW(0.05)
[2026-03-25T22:11:26.013+0000] {climarisk_dag.py:144} INFO - ✅ Athens: flood=LOW(0.22) fire=LOW(0.05)
[2026-03-25T22:11:28.149+0000] {climarisk_dag.py:144} INFO - ✅ Thessaloniki: flood=LOW(0.20) fire=LOW(0.05)
[2026-03-25T22:11:30.445+0000] {climarisk_dag.py:144} INFO - ✅ Lisbon: flood=LOW(0.15) fire=LOW(0.07)
[2026-03-25T22:11:32.777+0000] {climarisk_dag.py:144} INFO - ✅ Moscow: flood=LOW(0.04) fire=LOW(0.05)
[2026-03-25T22:11:34.851+0000] {climarisk_dag.py:144} INFO - ✅ Saint Petersburg: flood=LOW(0.15) fire=LOW(0.05)
[2026-03-25T22:11:38.094+0000] {climarisk_dag.py:144} INFO - ✅ Krasnoyarsk: flood=LOW(0.06) fire=LOW(0.05)
[2026-03-25T22:11:40.977+0000] {climarisk_dag.py:144} INFO - ✅ Irkutsk: flood=LOW(0.07) fire=LOW(0.05)
[2026-03-25T22:11:44.641+0000] {climarisk_dag.py:144} INFO - ✅ Yakutsk: flood=LOW(0.15) fire=LOW(0.05)
[2026-03-25T22:11:47.905+0000] {climarisk_dag.py:144} INFO - ✅ Khabarovsk: flood=LOW(0.15) fire=LOW(0.05)
[2026-03-25T22:11:52.762+0000] {climarisk_dag.py:144} INFO - ✅ Kyiv: flood=LOW(0.15) fire=LOW(0.05)
[2026-03-25T22:11:54.835+0000] {climarisk_dag.py:144} INFO - ✅ New York: flood=LOW(0.25) fire=LOW(0.05)
[2026-03-25T22:11:57.921+0000] {climarisk_dag.py:144} INFO - ✅ Los Angeles: flood=LOW(0.15) fire=LOW(0.15)
[2026-03-25T22:12:00.077+0000] {climarisk_dag.py:144} INFO - ✅ Chicago: flood=LOW(0.13) fire=LOW(0.05)
[2026-03-25T22:12:02.194+0000] {climarisk_dag.py:144} INFO - ✅ Houston: flood=LOW(0.15) fire=LOW(0.13)
[2026-03-25T22:12:04.423+0000] {climarisk_dag.py:144} INFO - ✅ Miami: flood=MEDIUM(0.41) fire=LOW(0.05)
[2026-03-25T22:12:06.506+0000] {climarisk_dag.py:144} INFO - ✅ New Orleans: flood=LOW(0.15) fire=LOW(0.15)
[2026-03-25T22:12:08.701+0000] {climarisk_dag.py:144} INFO - ✅ Seattle: flood=LOW(0.15) fire=LOW(0.05)
[2026-03-25T22:12:10.758+0000] {climarisk_dag.py:144} INFO - ✅ Sacramento: flood=LOW(0.15) fire=LOW(0.08)
[2026-03-25T22:12:13.833+0000] {climarisk_dag.py:144} INFO - ✅ Fresno: flood=LOW(0.15) fire=LOW(0.15)
[2026-03-25T22:12:16.022+0000] {climarisk_dag.py:144} INFO - ✅ Redding: flood=LOW(0.15) fire=LOW(0.07)
[2026-03-25T22:12:18.120+0000] {climarisk_dag.py:144} INFO - ✅ Memphis: flood=LOW(0.15) fire=LOW(0.06)
[2026-03-25T22:12:21.138+0000] {climarisk_dag.py:144} INFO - ✅ Toronto: flood=LOW(0.18) fire=LOW(0.05)
[2026-03-25T22:12:23.557+0000] {climarisk_dag.py:144} INFO - ✅ Montreal: flood=LOW(0.23) fire=LOW(0.05)
[2026-03-25T22:12:26.771+0000] {climarisk_dag.py:144} INFO - ✅ Vancouver: flood=LOW(0.27) fire=LOW(0.05)
[2026-03-25T22:12:28.884+0000] {climarisk_dag.py:144} INFO - ✅ Mexico City: flood=LOW(0.03) fire=LOW(0.06)
[2026-03-25T22:12:30.991+0000] {climarisk_dag.py:144} INFO - ✅ Veracruz: flood=MEDIUM(0.47) fire=LOW(0.05)
[2026-03-25T22:12:33.123+0000] {climarisk_dag.py:144} INFO - ✅ Cancún: flood=LOW(0.15) fire=LOW(0.09)
[2026-03-25T22:12:35.240+0000] {climarisk_dag.py:144} INFO - ✅ São Paulo: flood=LOW(0.10) fire=LOW(0.05)
[2026-03-25T22:12:38.405+0000] {climarisk_dag.py:144} INFO - ✅ Rio de Janeiro: flood=LOW(0.15) fire=LOW(0.12)
[2026-03-25T22:12:42.015+0000] {climarisk_dag.py:144} INFO - ✅ Belém: flood=MEDIUM(0.39) fire=LOW(0.12)
[2026-03-25T22:12:45.261+0000] {climarisk_dag.py:144} INFO - ✅ Marabá: flood=LOW(0.13) fire=LOW(0.05)
[2026-03-25T22:12:49.347+0000] {climarisk_dag.py:144} INFO - ✅ Sinop: flood=MEDIUM(0.55) fire=LOW(0.05)
[2026-03-25T22:12:52.209+0000] {climarisk_dag.py:144} INFO - ✅ Porto Velho: flood=MEDIUM(0.48) fire=LOW(0.05)
[2026-03-25T22:12:54.999+0000] {climarisk_dag.py:144} INFO - ✅ Buenos Aires: flood=LOW(0.15) fire=LOW(0.10)
[2026-03-25T22:12:57.760+0000] {climarisk_dag.py:144} INFO - ✅ Lima: flood=LOW(0.07) fire=LOW(0.10)
[2026-03-25T22:12:59.874+0000] {climarisk_dag.py:144} INFO - ✅ Bogotá: flood=LOW(0.10) fire=LOW(0.05)
[2026-03-25T22:13:02.030+0000] {climarisk_dag.py:144} INFO - ✅ Santiago: flood=LOW(0.07) fire=LOW(0.07)
[2026-03-25T22:13:04.122+0000] {climarisk_dag.py:144} INFO - ✅ Port-au-Prince: flood=MEDIUM(0.35) fire=LOW(0.05)
[2026-03-25T22:13:06.225+0000] {climarisk_dag.py:144} INFO - ✅ San Juan: flood=MEDIUM(0.63) fire=LOW(0.05)
[2026-03-25T22:13:08.346+0000] {climarisk_dag.py:144} INFO - ✅ Kingston: flood=MEDIUM(0.30) fire=LOW(0.05)
[2026-03-25T22:13:10.491+0000] {climarisk_dag.py:144} INFO - ✅ Port of Spain: flood=LOW(0.15) fire=LOW(0.14)
[2026-03-25T22:13:13.746+0000] {climarisk_dag.py:144} INFO - ✅ Sydney: flood=LOW(0.17) fire=LOW(0.05)
[2026-03-25T22:13:15.893+0000] {climarisk_dag.py:144} INFO - ✅ Melbourne: flood=MEDIUM(0.36) fire=LOW(0.05)
[2026-03-25T22:13:18.048+0000] {climarisk_dag.py:144} INFO - ✅ Brisbane: flood=LOW(0.15) fire=LOW(0.09)
[2026-03-25T22:13:20.157+0000] {climarisk_dag.py:144} INFO - ✅ Darwin: flood=HIGH(0.87) fire=LOW(0.12)
[2026-03-25T22:13:22.873+0000] {climarisk_dag.py:144} INFO - ✅ Alice Springs: flood=LOW(0.07) fire=LOW(0.06)
[2026-03-25T22:13:26.552+0000] {climarisk_dag.py:144} INFO - ✅ Cairns: flood=LOW(0.15) fire=LOW(0.09)
[2026-03-25T22:13:28.905+0000] {climarisk_dag.py:144} INFO - ✅ Auckland: flood=MEDIUM(0.52) fire=LOW(0.05)
[2026-03-25T22:13:31.104+0000] {climarisk_dag.py:144} INFO - ✅ Port Moresby: flood=MEDIUM(0.64) fire=LOW(0.05)
[2026-03-25T22:13:32.606+0000] {climarisk_dag.py:156} INFO - ✅ Done: 287 OK, 4 errors, 850.4s
[2026-03-25T22:13:32.654+0000] {taskinstance.py:441} INFO - ::group::Post task execution logs
[2026-03-25T22:13:32.656+0000] {taskinstance.py:2905} ERROR - Task failed with exception
Traceback (most recent call last):
  File "/home/airflow/.local/lib/python3.12/site-packages/airflow/models/taskinstance.py", line 465, in _execute_task
    result = _execute_callable(context=context, **execute_callable_kwargs)
             ^^^^^^^^^^^^^^^^^^^^^^^^^^^^^^^^^^^^^^^^^^^^^^^^^^^^^^^^^^^^^
  File "/home/airflow/.local/lib/python3.12/site-packages/airflow/models/taskinstance.py", line 432, in _execute_callable
    return execute_callable(context=context, **execute_callable_kwargs)
           ^^^^^^^^^^^^^^^^^^^^^^^^^^^^^^^^^^^^^^^^^^^^^^^^^^^^^^^^^^^^
  File "/home/airflow/.local/lib/python3.12/site-packages/airflow/models/baseoperator.py", line 400, in wrapper
    return func(self, *args, **kwargs)
           ^^^^^^^^^^^^^^^^^^^^^^^^^^^
  File "/home/airflow/.local/lib/python3.12/site-packages/airflow/operators/python.py", line 235, in execute
    return_value = self.execute_callable()
                   ^^^^^^^^^^^^^^^^^^^^^^^
  File "/home/airflow/.local/lib/python3.12/site-packages/airflow/operators/python.py", line 252, in execute_callable
    return self.python_callable(*self.op_args, **self.op_kwargs)
           ^^^^^^^^^^^^^^^^^^^^^^^^^^^^^^^^^^^^^^^^^^^^^^^^^^^^^
  File "/opt/airflow/dags/climarisk_dag.py", line 165, in predict_all_zones
    raise Exception(f"{errors} zone(s) failed — check logs above")
Exception: 4 zone(s) failed — check logs above
[2026-03-25T22:13:32.687+0000] {taskinstance.py:1206} INFO - Marking task as UP_FOR_RETRY. dag_id=***_predictions, task_id=predict_all_zones, run_id=scheduled__2026-03-25T21:40:00+00:00, execution_date=20260325T214000, start_date=20260325T215921, end_date=20260325T221332
[2026-03-25T22:13:32.711+0000] {standard_task_runner.py:110} ERROR - Failed to execute job 587 for task predict_all_zones (4 zone(s) failed — check logs above; 1530)
[2026-03-25T22:13:32.747+0000] {local_task_job_runner.py:240} INFO - Task exited with return code 1
[2026-03-25T22:13:32.776+0000] {taskinstance.py:3498} INFO - 0 downstream tasks scheduled from follow-on schedule check
[2026-03-25T22:13:32.780+0000] {local_task_job_runner.py:222} INFO - ::endgroup::
