[2026-03-26T15:00:02.075+0000] {local_task_job_runner.py:120} INFO - ::group::Pre task execution logs
[2026-03-26T15:00:02.107+0000] {taskinstance.py:2076} INFO - Dependencies all met for dep_context=non-requeueable deps ti=<TaskInstance: climarisk_predictions.predict_all_zones scheduled__2026-03-26T10:00:00+00:00 [queued]>
[2026-03-26T15:00:02.115+0000] {taskinstance.py:2076} INFO - Dependencies all met for dep_context=requeueable deps ti=<TaskInstance: climarisk_predictions.predict_all_zones scheduled__2026-03-26T10:00:00+00:00 [queued]>
[2026-03-26T15:00:02.116+0000] {taskinstance.py:2306} INFO - Starting attempt 1 of 2
[2026-03-26T15:00:02.130+0000] {taskinstance.py:2330} INFO - Executing <Task(PythonOperator): predict_all_zones> on 2026-03-26 10:00:00+00:00
[2026-03-26T15:00:02.137+0000] {logging_mixin.py:188} WARNING - /home/airflow/.local/lib/python3.12/site-packages/airflow/task/task_runner/standard_task_runner.py:61 DeprecationWarning: This process (pid=14672) is multi-threaded, use of fork() may lead to deadlocks in the child.
[2026-03-26T15:00:02.138+0000] {standard_task_runner.py:63} INFO - Started process 14673 to run task
[2026-03-26T15:00:02.137+0000] {standard_task_runner.py:90} INFO - Running: ['airflow', 'tasks', 'run', '***_predictions', 'predict_all_zones', 'scheduled__2026-03-26T10:00:00+00:00', '--job-id', '611', '--raw', '--subdir', 'DAGS_FOLDER/***_dag.py', '--cfg-path', '/tmp/tmp0qfxmr23']
[2026-03-26T15:00:02.139+0000] {standard_task_runner.py:91} INFO - Job 611: Subtask predict_all_zones
[2026-03-26T15:00:02.210+0000] {task_command.py:426} INFO - Running <TaskInstance: climarisk_predictions.predict_all_zones scheduled__2026-03-26T10:00:00+00:00 [running]> on host 6146f0e8983c
[2026-03-26T15:00:02.309+0000] {taskinstance.py:2648} INFO - Exporting env vars: AIRFLOW_CTX_DAG_OWNER='***' AIRFLOW_CTX_DAG_ID='***_predictions' AIRFLOW_CTX_TASK_ID='predict_all_zones' AIRFLOW_CTX_EXECUTION_DATE='2026-03-26T10:00:00+00:00' AIRFLOW_CTX_TRY_NUMBER='1' AIRFLOW_CTX_DAG_RUN_ID='scheduled__2026-03-26T10:00:00+00:00'
[2026-03-26T15:00:02.311+0000] {taskinstance.py:430} INFO - ::endgroup::
[2026-03-26T15:00:10.057+0000] {climarisk_dag.py:135} INFO - ✅ Alger: flood=LOW(0.10) fire=LOW(0.05)
[2026-03-26T15:00:10.090+0000] {climarisk_dag.py:143} ERROR - ❌ Cairo: 500 Server Error: Internal Server Error for url: http://backend:8000/api/predictions/flood/2
[2026-03-26T15:00:14.800+0000] {climarisk_dag.py:135} INFO - ✅ Lagos: flood=MEDIUM(0.54) fire=LOW(0.05)
[2026-03-26T15:00:18.168+0000] {climarisk_dag.py:135} INFO - ✅ Kano: flood=LOW(0.07) fire=MEDIUM(0.32)
[2026-03-26T15:00:21.140+0000] {climarisk_dag.py:135} INFO - ✅ Abuja: flood=LOW(0.11) fire=LOW(0.05)
[2026-03-26T15:00:24.187+0000] {climarisk_dag.py:135} INFO - ✅ Johannesburg: flood=LOW(0.05) fire=LOW(0.05)
[2026-03-26T15:00:26.832+0000] {climarisk_dag.py:135} INFO - ✅ Cape Town: flood=LOW(0.26) fire=LOW(0.07)
[2026-03-26T15:00:29.368+0000] {climarisk_dag.py:135} INFO - ✅ Nairobi: flood=LOW(0.09) fire=LOW(0.08)
[2026-03-26T15:00:31.735+0000] {climarisk_dag.py:135} INFO - ✅ Addis Ababa: flood=LOW(0.09) fire=LOW(0.05)
[2026-03-26T15:00:33.967+0000] {climarisk_dag.py:135} INFO - ✅ Dar es Salaam: flood=MEDIUM(0.32) fire=LOW(0.05)
[2026-03-26T15:00:36.124+0000] {climarisk_dag.py:135} INFO - ✅ Accra: flood=LOW(0.15) fire=LOW(0.13)
[2026-03-26T15:00:38.283+0000] {climarisk_dag.py:135} INFO - ✅ Casablanca: flood=LOW(0.15) fire=LOW(0.07)
[2026-03-26T15:00:38.647+0000] {climarisk_dag.py:135} INFO - ✅ Mohammedia: flood=LOW(0.15) fire=LOW(0.07)
[2026-03-26T15:00:40.786+0000] {climarisk_dag.py:135} INFO - ✅ El Jadida: flood=LOW(0.15) fire=LOW(0.07)
[2026-03-26T15:00:43.755+0000] {climarisk_dag.py:135} INFO - ✅ Settat: flood=LOW(0.15) fire=LOW(0.05)
[2026-03-26T15:00:45.763+0000] {climarisk_dag.py:135} INFO - ✅ Berrechid: flood=LOW(0.13) fire=LOW(0.05)
[2026-03-26T15:00:47.743+0000] {climarisk_dag.py:135} INFO - ✅ Benslimane: flood=LOW(0.14) fire=LOW(0.05)
[2026-03-26T15:00:49.698+0000] {climarisk_dag.py:135} INFO - ✅ Sidi Bennour: flood=LOW(0.11) fire=LOW(0.06)
[2026-03-26T15:00:51.701+0000] {climarisk_dag.py:135} INFO - ✅ Azemmour: flood=LOW(0.15) fire=LOW(0.07)
[2026-03-26T15:00:53.724+0000] {climarisk_dag.py:135} INFO - ✅ Mediouna: flood=LOW(0.11) fire=LOW(0.06)
[2026-03-26T15:00:55.695+0000] {climarisk_dag.py:135} INFO - ✅ Nouaceur: flood=LOW(0.12) fire=LOW(0.06)
[2026-03-26T15:00:57.620+0000] {climarisk_dag.py:135} INFO - ✅ Rabat: flood=LOW(0.15) fire=LOW(0.07)
[2026-03-26T15:00:59.575+0000] {climarisk_dag.py:135} INFO - ✅ Salé: flood=LOW(0.15) fire=LOW(0.07)
[2026-03-26T15:01:01.544+0000] {climarisk_dag.py:135} INFO - ✅ Kénitra: flood=LOW(0.15) fire=LOW(0.07)
[2026-03-26T15:01:03.506+0000] {climarisk_dag.py:135} INFO - ✅ Témara: flood=LOW(0.15) fire=LOW(0.06)
[2026-03-26T15:01:05.420+0000] {climarisk_dag.py:135} INFO - ✅ Skhirat: flood=LOW(0.15) fire=LOW(0.06)
[2026-03-26T15:01:05.575+0000] {climarisk_dag.py:135} INFO - ✅ Tiflet: flood=LOW(0.07) fire=LOW(0.07)
[2026-03-26T15:01:07.482+0000] {climarisk_dag.py:135} INFO - ✅ Khémisset: flood=LOW(0.03) fire=LOW(0.05)
[2026-03-26T15:01:09.358+0000] {climarisk_dag.py:135} INFO - ✅ Sidi Slimane: flood=LOW(0.12) fire=LOW(0.06)
[2026-03-26T15:01:11.288+0000] {climarisk_dag.py:135} INFO - ✅ Sidi Kacem: flood=LOW(0.10) fire=LOW(0.06)
[2026-03-26T15:01:13.172+0000] {climarisk_dag.py:135} INFO - ✅ Souk el Arba: flood=LOW(0.15) fire=LOW(0.06)
[2026-03-26T15:01:15.104+0000] {climarisk_dag.py:135} INFO - ✅ Ouazzane: flood=LOW(0.04) fire=LOW(0.05)
[2026-03-26T15:01:16.994+0000] {climarisk_dag.py:135} INFO - ✅ Fès: flood=LOW(0.03) fire=LOW(0.05)
[2026-03-26T15:01:18.897+0000] {climarisk_dag.py:135} INFO - ✅ Meknès: flood=LOW(0.03) fire=LOW(0.06)
[2026-03-26T15:01:20.826+0000] {climarisk_dag.py:135} INFO - ✅ Ifrane: flood=LOW(0.02) fire=LOW(0.05)
[2026-03-26T15:01:22.720+0000] {climarisk_dag.py:135} INFO - ✅ Azrou: flood=LOW(0.03) fire=LOW(0.05)
[2026-03-26T15:01:24.604+0000] {climarisk_dag.py:135} INFO - ✅ Taounate: flood=LOW(0.05) fire=LOW(0.05)
[2026-03-26T15:01:26.497+0000] {climarisk_dag.py:135} INFO - ✅ Taza: flood=LOW(0.04) fire=LOW(0.05)
[2026-03-26T15:01:28.418+0000] {climarisk_dag.py:135} INFO - ✅ Sefrou: flood=LOW(0.02) fire=LOW(0.05)
[2026-03-26T15:01:30.318+0000] {climarisk_dag.py:135} INFO - ✅ Boulemane: flood=LOW(0.03) fire=LOW(0.05)
[2026-03-26T15:01:32.192+0000] {climarisk_dag.py:135} INFO - ✅ El Hajeb: flood=LOW(0.02) fire=LOW(0.05)
[2026-03-26T15:01:34.075+0000] {climarisk_dag.py:135} INFO - ✅ Missour: flood=LOW(0.02) fire=LOW(0.05)
[2026-03-26T15:01:34.286+0000] {climarisk_dag.py:135} INFO - ✅ Guercif: flood=LOW(0.11) fire=LOW(0.05)
[2026-03-26T15:01:36.182+0000] {climarisk_dag.py:135} INFO - ✅ Marrakech: flood=LOW(0.04) fire=LOW(0.05)
[2026-03-26T15:01:38.072+0000] {climarisk_dag.py:135} INFO - ✅ Safi: flood=LOW(0.15) fire=LOW(0.07)
[2026-03-26T15:01:39.958+0000] {climarisk_dag.py:135} INFO - ✅ Essaouira: flood=LOW(0.15) fire=LOW(0.07)
[2026-03-26T15:01:42.373+0000] {climarisk_dag.py:135} INFO - ✅ El Kelaa des Sraghna: flood=LOW(0.07) fire=LOW(0.07)
[2026-03-26T15:01:44.253+0000] {climarisk_dag.py:135} INFO - ✅ Chichaoua: flood=LOW(0.18) fire=LOW(0.08)
[2026-03-26T15:01:46.118+0000] {climarisk_dag.py:135} INFO - ✅ Youssoufia: flood=LOW(0.15) fire=LOW(0.06)
[2026-03-26T15:01:48.015+0000] {climarisk_dag.py:135} INFO - ✅ Ben Guerir: flood=LOW(0.04) fire=LOW(0.05)
[2026-03-26T15:01:49.894+0000] {climarisk_dag.py:135} INFO - ✅ Tahanaout: flood=LOW(0.01) fire=LOW(0.05)
[2026-03-26T15:01:51.779+0000] {climarisk_dag.py:135} INFO - ✅ Ait Ourir: flood=LOW(0.06) fire=LOW(0.05)
[2026-03-26T15:01:53.678+0000] {climarisk_dag.py:135} INFO - ✅ Demnate: flood=LOW(0.02) fire=LOW(0.05)
[2026-03-26T15:01:55.544+0000] {climarisk_dag.py:135} INFO - ✅ Tanger: flood=LOW(0.15) fire=LOW(0.06)
[2026-03-26T15:01:57.433+0000] {climarisk_dag.py:135} INFO - ✅ Tétouan: flood=LOW(0.11) fire=LOW(0.05)
[2026-03-26T15:01:59.330+0000] {climarisk_dag.py:135} INFO - ✅ Al Hoceïma: flood=LOW(0.15) fire=LOW(0.05)
[2026-03-26T15:02:01.225+0000] {climarisk_dag.py:135} INFO - ✅ Larache: flood=LOW(0.15) fire=LOW(0.15)
[2026-03-26T15:02:03.123+0000] {climarisk_dag.py:135} INFO - ✅ Chefchaouen: flood=LOW(0.07) fire=LOW(0.08)
[2026-03-26T15:02:03.329+0000] {climarisk_dag.py:135} INFO - ✅ Asilah: flood=LOW(0.15) fire=LOW(0.09)
[2026-03-26T15:02:05.221+0000] {climarisk_dag.py:135} INFO - ✅ Fnideq: flood=LOW(0.15) fire=LOW(0.06)
[2026-03-26T15:02:07.104+0000] {climarisk_dag.py:135} INFO - ✅ Martil: flood=LOW(0.15) fire=LOW(0.06)
[2026-03-26T15:02:09.020+0000] {climarisk_dag.py:135} INFO - ✅ Mdiq: flood=LOW(0.15) fire=LOW(0.06)
[2026-03-26T15:02:11.648+0000] {climarisk_dag.py:135} INFO - ✅ Ksar el Kebir: flood=LOW(0.15) fire=LOW(0.06)
[2026-03-26T15:02:13.177+0000] {climarisk_dag.py:135} INFO - ✅ Ouazzane: flood=LOW(0.04) fire=LOW(0.05)
[2026-03-26T15:02:15.068+0000] {climarisk_dag.py:135} INFO - ✅ Targuist: flood=LOW(0.02) fire=LOW(0.05)
[2026-03-26T15:02:16.958+0000] {climarisk_dag.py:135} INFO - ✅ Imzouren: flood=LOW(0.15) fire=LOW(0.05)
[2026-03-26T15:02:18.834+0000] {climarisk_dag.py:135} INFO - ✅ Beni Mellal-Khenifra: flood=LOW(0.07) fire=LOW(0.05)
[2026-03-26T15:02:20.734+0000] {climarisk_dag.py:135} INFO - ✅ Khénifra: flood=LOW(0.01) fire=LOW(0.05)
[2026-03-26T15:02:22.628+0000] {climarisk_dag.py:135} INFO - ✅ Azilal: flood=LOW(0.02) fire=LOW(0.05)
[2026-03-26T15:02:24.524+0000] {climarisk_dag.py:135} INFO - ✅ Nanjing: flood=LOW(0.15) fire=LOW(0.08)
[2026-03-26T15:02:26.407+0000] {climarisk_dag.py:135} INFO - ✅ Khouribga: flood=LOW(0.07) fire=LOW(0.05)
[2026-03-26T15:02:28.294+0000] {climarisk_dag.py:135} INFO - ✅ Fkih Ben Salah: flood=LOW(0.07) fire=LOW(0.05)
[2026-03-26T15:02:30.151+0000] {climarisk_dag.py:135} INFO - ✅ Souk Sebt: flood=LOW(0.05) fire=LOW(0.05)
[2026-03-26T15:02:30.347+0000] {climarisk_dag.py:135} INFO - ✅ Midelt: flood=LOW(0.03) fire=LOW(0.05)
[2026-03-26T15:02:32.219+0000] {climarisk_dag.py:135} INFO - ✅ Zaouiat Cheikh: flood=LOW(0.07) fire=LOW(0.05)
[2026-03-26T15:02:34.085+0000] {climarisk_dag.py:135} INFO - ✅ Oujda: flood=LOW(0.07) fire=LOW(0.05)
[2026-03-26T15:02:35.975+0000] {climarisk_dag.py:135} INFO - ✅ Nador: flood=LOW(0.13) fire=LOW(0.06)
[2026-03-26T15:02:37.861+0000] {climarisk_dag.py:135} INFO - ✅ Berkane: flood=LOW(0.04) fire=LOW(0.05)
[2026-03-26T15:02:40.786+0000] {climarisk_dag.py:135} INFO - ✅ Taourirt: flood=LOW(0.07) fire=LOW(0.05)
[2026-03-26T15:02:42.673+0000] {climarisk_dag.py:135} INFO - ✅ Jerada: flood=LOW(0.02) fire=LOW(0.05)
[2026-03-26T15:02:44.578+0000] {climarisk_dag.py:135} INFO - ✅ Figuig: flood=LOW(0.03) fire=LOW(0.05)
[2026-03-26T15:02:46.467+0000] {climarisk_dag.py:135} INFO - ✅ Bouarfa: flood=LOW(0.03) fire=LOW(0.05)
[2026-03-26T15:02:48.310+0000] {climarisk_dag.py:135} INFO - ✅ Selouane: flood=LOW(0.17) fire=LOW(0.05)
[2026-03-26T15:02:50.198+0000] {climarisk_dag.py:135} INFO - ✅ Zaio: flood=LOW(0.06) fire=LOW(0.05)
[2026-03-26T15:02:52.028+0000] {climarisk_dag.py:135} INFO - ✅ Agadir: flood=LOW(0.15) fire=LOW(0.07)
[2026-03-26T15:02:53.912+0000] {climarisk_dag.py:135} INFO - ✅ Inezgane: flood=LOW(0.15) fire=LOW(0.07)
[2026-03-26T15:02:55.791+0000] {climarisk_dag.py:135} INFO - ✅ Tiznit: flood=LOW(0.14) fire=LOW(0.07)
[2026-03-26T15:02:57.686+0000] {climarisk_dag.py:135} INFO - ✅ Taroudannt: flood=LOW(0.07) fire=LOW(0.05)
[2026-03-26T15:02:59.589+0000] {climarisk_dag.py:135} INFO - ✅ Ouarzazate: flood=LOW(0.02) fire=LOW(0.05)
[2026-03-26T15:02:59.780+0000] {climarisk_dag.py:135} INFO - ✅ Ait Melloul: flood=LOW(0.15) fire=LOW(0.07)
[2026-03-26T15:03:01.641+0000] {climarisk_dag.py:135} INFO - ✅ Biougra: flood=LOW(0.03) fire=LOW(0.07)
[2026-03-26T15:03:03.532+0000] {climarisk_dag.py:135} INFO - ✅ Chtouka Ait Baha: flood=LOW(0.04) fire=LOW(0.05)
[2026-03-26T15:03:05.429+0000] {climarisk_dag.py:135} INFO - ✅ Tata: flood=LOW(0.04) fire=LOW(0.06)
[2026-03-26T15:03:07.335+0000] {climarisk_dag.py:135} INFO - ✅ Sidi Ifni: flood=LOW(0.15) fire=LOW(0.07)
[2026-03-26T15:03:10.140+0000] {climarisk_dag.py:135} INFO - ✅ Massa: flood=LOW(0.10) fire=LOW(0.07)
[2026-03-26T15:03:12.031+0000] {climarisk_dag.py:135} INFO - ✅ Errachidia: flood=LOW(0.02) fire=LOW(0.05)
[2026-03-26T15:03:13.882+0000] {climarisk_dag.py:135} INFO - ✅ Zagora: flood=LOW(0.05) fire=LOW(0.05)
[2026-03-26T15:03:15.815+0000] {climarisk_dag.py:135} INFO - ✅ Tinghir: flood=LOW(0.01) fire=LOW(0.05)
[2026-03-26T15:03:17.389+0000] {climarisk_dag.py:135} INFO - ✅ Ouarzazate: flood=LOW(0.02) fire=LOW(0.05)
[2026-03-26T15:03:19.273+0000] {climarisk_dag.py:135} INFO - ✅ Rissani: flood=LOW(0.08) fire=LOW(0.05)
[2026-03-26T15:03:21.247+0000] {climarisk_dag.py:135} INFO - ✅ Erfoud: flood=LOW(0.02) fire=LOW(0.05)
[2026-03-26T15:03:23.156+0000] {climarisk_dag.py:135} INFO - ✅ Merzouga: flood=LOW(0.06) fire=LOW(0.05)
[2026-03-26T15:03:25.064+0000] {climarisk_dag.py:135} INFO - ✅ Alnif: flood=LOW(0.02) fire=LOW(0.05)
[2026-03-26T15:03:26.959+0000] {climarisk_dag.py:135} INFO - ✅ Goulmima: flood=LOW(0.02) fire=LOW(0.05)
[2026-03-26T15:03:27.164+0000] {climarisk_dag.py:135} INFO - ✅ Laâyoune: flood=LOW(0.09) fire=LOW(0.08)
[2026-03-26T15:03:29.063+0000] {climarisk_dag.py:135} INFO - ✅ Boujdour: flood=LOW(0.15) fire=LOW(0.08)
[2026-03-26T15:03:30.964+0000] {climarisk_dag.py:135} INFO - ✅ Tarfaya: flood=LOW(0.15) fire=LOW(0.08)
[2026-03-26T15:03:32.855+0000] {climarisk_dag.py:135} INFO - ✅ Smara: flood=LOW(0.03) fire=LOW(0.11)
[2026-03-26T15:03:34.741+0000] {climarisk_dag.py:135} INFO - ✅ El Marsa: flood=LOW(0.15) fire=LOW(0.08)
[2026-03-26T15:03:36.634+0000] {climarisk_dag.py:135} INFO - ✅ Dakhla: flood=LOW(0.15) fire=LOW(0.08)
[2026-03-26T15:03:39.377+0000] {climarisk_dag.py:135} INFO - ✅ Aousserd: flood=LOW(0.13) fire=MEDIUM(0.30)
[2026-03-26T15:03:41.252+0000] {climarisk_dag.py:135} INFO - ✅ Guelmim: flood=LOW(0.06) fire=LOW(0.05)
[2026-03-26T15:03:43.131+0000] {climarisk_dag.py:135} INFO - ✅ Tan-Tan: flood=LOW(0.15) fire=LOW(0.08)
[2026-03-26T15:03:45.050+0000] {climarisk_dag.py:135} INFO - ✅ Assa: flood=LOW(0.11) fire=LOW(0.05)
[2026-03-26T15:03:46.948+0000] {climarisk_dag.py:135} INFO - ✅ Zag: flood=LOW(0.03) fire=LOW(0.07)
[2026-03-26T15:03:48.486+0000] {climarisk_dag.py:135} INFO - ✅ Sidi Ifni: flood=LOW(0.15) fire=LOW(0.07)
[2026-03-26T15:03:50.021+0000] {climarisk_dag.py:135} INFO - ✅ Tiznit: flood=LOW(0.14) fire=LOW(0.07)
[2026-03-26T15:03:51.929+0000] {climarisk_dag.py:135} INFO - ✅ Tunis: flood=LOW(0.13) fire=LOW(0.05)
[2026-03-26T15:03:53.778+0000] {climarisk_dag.py:135} INFO - ✅ Kampala: flood=LOW(0.09) fire=LOW(0.05)
[2026-03-26T15:03:55.615+0000] {climarisk_dag.py:135} INFO - ✅ Dakar: flood=LOW(0.15) fire=LOW(0.09)
[2026-03-26T15:03:55.800+0000] {climarisk_dag.py:135} INFO - ✅ Kinshasa: flood=LOW(0.18) fire=LOW(0.05)
[2026-03-26T15:03:57.689+0000] {climarisk_dag.py:135} INFO - ✅ Luanda: flood=LOW(0.15) fire=LOW(0.13)
[2026-03-26T15:03:59.591+0000] {climarisk_dag.py:135} INFO - ✅ Khartoum: flood=LOW(0.15) fire=MEDIUM(0.34)
[2026-03-26T15:04:01.443+0000] {climarisk_dag.py:135} INFO - ✅ Harare: flood=LOW(0.03) fire=LOW(0.10)
[2026-03-26T15:04:03.325+0000] {climarisk_dag.py:135} INFO - ✅ Lusaka: flood=LOW(0.03) fire=LOW(0.09)
[2026-03-26T15:04:05.214+0000] {climarisk_dag.py:135} INFO - ✅ Maputo: flood=LOW(0.27) fire=LOW(0.05)
[2026-03-26T15:04:07.104+0000] {climarisk_dag.py:135} INFO - ✅ Antananarivo: flood=LOW(0.03) fire=LOW(0.08)
[2026-03-26T15:04:09.005+0000] {climarisk_dag.py:135} INFO - ✅ Abidjan: flood=LOW(0.15) fire=LOW(0.13)
[2026-03-26T15:04:10.903+0000] {climarisk_dag.py:135} INFO - ✅ Douala: flood=MEDIUM(0.33) fire=LOW(0.05)
[2026-03-26T15:04:12.790+0000] {climarisk_dag.py:135} INFO - ✅ Niamey: flood=LOW(0.29) fire=LOW(0.15)
[2026-03-26T15:04:14.694+0000] {climarisk_dag.py:135} INFO - ✅ Ouagadougou: flood=LOW(0.23) fire=LOW(0.16)
[2026-03-26T15:04:16.603+0000] {climarisk_dag.py:135} INFO - ✅ Bamako: flood=LOW(0.15) fire=LOW(0.26)
[2026-03-26T15:04:18.435+0000] {climarisk_dag.py:135} INFO - ✅ Windhoek: flood=LOW(0.04) fire=LOW(0.10)
[2026-03-26T15:04:20.351+0000] {climarisk_dag.py:135} INFO - ✅ Port Harcourt: flood=MEDIUM(0.50) fire=LOW(0.05)
[2026-03-26T15:04:22.198+0000] {climarisk_dag.py:135} INFO - ✅ Warri: flood=MEDIUM(0.54) fire=LOW(0.05)
[2026-03-26T15:04:24.075+0000] {climarisk_dag.py:135} INFO - ✅ Calabar: flood=MEDIUM(0.49) fire=LOW(0.05)
[2026-03-26T15:04:24.271+0000] {climarisk_dag.py:135} INFO - ✅ Beijing: flood=LOW(0.15) fire=LOW(0.08)
[2026-03-26T15:04:26.181+0000] {climarisk_dag.py:135} INFO - ✅ Shanghai: flood=MEDIUM(0.51) fire=LOW(0.05)
[2026-03-26T15:04:28.081+0000] {climarisk_dag.py:135} INFO - ✅ Guangzhou: flood=MEDIUM(0.38) fire=LOW(0.05)
[2026-03-26T15:04:29.977+0000] {climarisk_dag.py:135} INFO - ✅ Chengdu: flood=LOW(0.09) fire=LOW(0.05)
[2026-03-26T15:04:31.861+0000] {climarisk_dag.py:135} INFO - ✅ Wuhan: flood=MEDIUM(0.30) fire=LOW(0.07)
[2026-03-26T15:04:33.741+0000] {climarisk_dag.py:135} INFO - ✅ Chongqing: flood=LOW(0.16) fire=LOW(0.05)
[2026-03-26T15:04:35.651+0000] {climarisk_dag.py:135} INFO - ✅ Zhengzhou: flood=LOW(0.15) fire=LOW(0.09)
[2026-03-26T15:04:38.270+0000] {climarisk_dag.py:135} INFO - ✅ Changsha: flood=MEDIUM(0.40) fire=LOW(0.05)
[2026-03-26T15:04:40.172+0000] {climarisk_dag.py:135} INFO - ✅ Nanchang: flood=MEDIUM(0.51) fire=LOW(0.07)
[2026-03-26T15:04:42.071+0000] {climarisk_dag.py:135} INFO - ✅ Yichang: flood=LOW(0.15) fire=LOW(0.06)
[2026-03-26T15:04:43.960+0000] {climarisk_dag.py:135} INFO - ✅ Haikou: flood=LOW(0.15) fire=LOW(0.12)
[2026-03-26T15:04:45.856+0000] {climarisk_dag.py:135} INFO - ✅ Hong Kong: flood=LOW(0.15) fire=LOW(0.11)
[2026-03-26T15:04:47.746+0000] {climarisk_dag.py:135} INFO - ✅ Taipei: flood=LOW(0.15) fire=LOW(0.09)
[2026-03-26T15:04:49.608+0000] {climarisk_dag.py:135} INFO - ✅ Kaohsiung: flood=HIGH(0.84) fire=LOW(0.05)
[2026-03-26T15:04:51.488+0000] {climarisk_dag.py:135} INFO - ✅ Mumbai: flood=LOW(0.15) fire=LOW(0.13)
[2026-03-26T15:04:52.660+0000] {climarisk_dag.py:135} INFO - ✅ Delhi: flood=LOW(0.09) fire=LOW(0.18)
[2026-03-26T15:04:53.593+0000] {climarisk_dag.py:135} INFO - ✅ Bangalore: flood=LOW(0.06) fire=LOW(0.05)
[2026-03-26T15:04:55.490+0000] {climarisk_dag.py:135} INFO - ✅ Chennai: flood=LOW(0.15) fire=LOW(0.13)
[2026-03-26T15:04:57.359+0000] {climarisk_dag.py:135} INFO - ✅ Kolkata: flood=LOW(0.15) fire=LOW(0.12)
[2026-03-26T15:04:59.230+0000] {climarisk_dag.py:135} INFO - ✅ Patna: flood=LOW(0.15) fire=LOW(0.14)
[2026-03-26T15:05:01.154+0000] {climarisk_dag.py:135} INFO - ✅ Guwahati: flood=MEDIUM(0.34) fire=LOW(0.05)
[2026-03-26T15:05:03.080+0000] {climarisk_dag.py:135} INFO - ✅ Varanasi: flood=LOW(0.15) fire=LOW(0.14)
[2026-03-26T15:05:04.988+0000] {climarisk_dag.py:135} INFO - ✅ Muzaffarpur: flood=LOW(0.15) fire=LOW(0.11)
[2026-03-26T15:05:07.561+0000] {climarisk_dag.py:135} INFO - ✅ Visakhapatnam: flood=LOW(0.15) fire=LOW(0.13)
[2026-03-26T15:05:09.469+0000] {climarisk_dag.py:135} INFO - ✅ Vijayawada: flood=LOW(0.15) fire=LOW(0.13)
[2026-03-26T15:05:11.383+0000] {climarisk_dag.py:135} INFO - ✅ Tokyo: flood=MEDIUM(0.51) fire=LOW(0.06)
[2026-03-26T15:05:13.282+0000] {climarisk_dag.py:135} INFO - ✅ Osaka: flood=LOW(0.15) fire=LOW(0.06)
[2026-03-26T15:05:15.185+0000] {climarisk_dag.py:135} INFO - ✅ Sapporo: flood=LOW(0.29) fire=LOW(0.05)
[2026-03-26T15:05:17.093+0000] {climarisk_dag.py:135} INFO - ✅ Naha: flood=LOW(0.15) fire=LOW(0.11)
[2026-03-26T15:05:18.977+0000] {climarisk_dag.py:135} INFO - ✅ Seoul: flood=LOW(0.15) fire=LOW(0.05)
[2026-03-26T15:05:20.886+0000] {climarisk_dag.py:135} INFO - ✅ Busan: flood=LOW(0.15) fire=LOW(0.05)
[2026-03-26T15:05:21.079+0000] {climarisk_dag.py:135} INFO - ✅ Bangkok: flood=LOW(0.15) fire=LOW(0.14)
[2026-03-26T15:05:23.000+0000] {climarisk_dag.py:135} INFO - ✅ Chiang Mai: flood=LOW(0.15) fire=LOW(0.24)
[2026-03-26T15:05:24.911+0000] {climarisk_dag.py:135} INFO - ✅ Jakarta: flood=CRITICAL(0.97) fire=LOW(0.05)
[2026-03-26T15:05:26.768+0000] {climarisk_dag.py:135} INFO - ✅ Surabaya: flood=CRITICAL(0.97) fire=LOW(0.05)
[2026-03-26T15:05:28.660+0000] {climarisk_dag.py:135} INFO - ✅ Medan: flood=MEDIUM(0.55) fire=LOW(0.05)
[2026-03-26T15:05:30.536+0000] {climarisk_dag.py:135} INFO - ✅ Manila: flood=LOW(0.15) fire=LOW(0.14)
[2026-03-26T15:05:32.431+0000] {climarisk_dag.py:135} INFO - ✅ Cebu: flood=MEDIUM(0.54) fire=LOW(0.05)
[2026-03-26T15:05:34.326+0000] {climarisk_dag.py:135} INFO - ✅ Tacloban: flood=MEDIUM(0.41) fire=LOW(0.05)
[2026-03-26T15:05:36.949+0000] {climarisk_dag.py:135} INFO - ✅ Legazpi: flood=LOW(0.15) fire=LOW(0.11)
[2026-03-26T15:05:38.846+0000] {climarisk_dag.py:135} INFO - ✅ Zamboanga: flood=CRITICAL(0.94) fire=LOW(0.05)
[2026-03-26T15:05:40.674+0000] {climarisk_dag.py:135} INFO - ✅ Kuala Lumpur: flood=LOW(0.15) fire=LOW(0.14)
[2026-03-26T15:05:42.596+0000] {climarisk_dag.py:135} INFO - ✅ Singapore: flood=LOW(0.15) fire=LOW(0.14)
[2026-03-26T15:05:44.481+0000] {climarisk_dag.py:135} INFO - ✅ Ho Chi Minh City: flood=LOW(0.15) fire=LOW(0.12)
[2026-03-26T15:05:46.385+0000] {climarisk_dag.py:135} INFO - ✅ Hanoi: flood=LOW(0.15) fire=LOW(0.12)
[2026-03-26T15:05:48.227+0000] {climarisk_dag.py:135} INFO - ✅ Da Nang: flood=LOW(0.15) fire=LOW(0.11)
[2026-03-26T15:05:48.400+0000] {climarisk_dag.py:135} INFO - ✅ Can Tho: flood=LOW(0.15) fire=LOW(0.12)
[2026-03-26T15:05:50.241+0000] {climarisk_dag.py:135} INFO - ✅ My Tho: flood=LOW(0.15) fire=LOW(0.12)
[2026-03-26T15:05:52.096+0000] {climarisk_dag.py:135} INFO - ✅ Dhaka: flood=HIGH(0.75) fire=LOW(0.05)
[2026-03-26T15:05:53.946+0000] {climarisk_dag.py:135} INFO - ✅ Chittagong: flood=CRITICAL(0.98) fire=LOW(0.05)
[2026-03-26T15:05:55.834+0000] {climarisk_dag.py:135} INFO - ✅ Sylhet: flood=CRITICAL(0.97) fire=LOW(0.05)
[2026-03-26T15:05:57.738+0000] {climarisk_dag.py:135} INFO - ✅ Khulna: flood=HIGH(0.79) fire=LOW(0.05)
[2026-03-26T15:05:59.646+0000] {climarisk_dag.py:135} INFO - ✅ Cox's Bazar: flood=HIGH(0.85) fire=LOW(0.05)
[2026-03-26T15:06:01.562+0000] {climarisk_dag.py:135} INFO - ✅ Karachi: flood=LOW(0.15) fire=LOW(0.14)
[2026-03-26T15:06:03.408+0000] {climarisk_dag.py:135} INFO - ✅ Lahore: flood=LOW(0.14) fire=LOW(0.05)
[2026-03-26T15:06:06.202+0000] {climarisk_dag.py:135} INFO - ✅ Colombo: flood=LOW(0.15) fire=LOW(0.15)
[2026-03-26T15:06:08.090+0000] {climarisk_dag.py:135} INFO - ✅ Kathmandu: flood=LOW(0.08) fire=LOW(0.07)
[2026-03-26T15:06:09.974+0000] {climarisk_dag.py:135} INFO - ✅ Yangon: flood=LOW(0.15) fire=LOW(0.14)
[2026-03-26T15:06:11.877+0000] {climarisk_dag.py:135} INFO - ✅ Sittwe: flood=LOW(0.15) fire=LOW(0.13)
[2026-03-26T15:06:13.748+0000] {climarisk_dag.py:135} INFO - ✅ Phnom Penh: flood=LOW(0.15) fire=LOW(0.14)
[2026-03-26T15:06:15.641+0000] {climarisk_dag.py:135} INFO - ✅ Riyadh: flood=LOW(0.18) fire=LOW(0.05)
[2026-03-26T15:06:17.535+0000] {climarisk_dag.py:135} INFO - ✅ Dubai: flood=LOW(0.25) fire=LOW(0.05)
[2026-03-26T15:06:17.770+0000] {climarisk_dag.py:135} INFO - ✅ Tehran: flood=LOW(0.01) fire=LOW(0.05)
[2026-03-26T15:06:19.649+0000] {climarisk_dag.py:135} INFO - ✅ Istanbul: flood=LOW(0.19) fire=LOW(0.05)
[2026-03-26T15:06:21.539+0000] {climarisk_dag.py:135} INFO - ✅ Ankara: flood=LOW(0.02) fire=LOW(0.05)
[2026-03-26T15:06:23.462+0000] {climarisk_dag.py:135} INFO - ✅ Baghdad: flood=LOW(0.18) fire=LOW(0.08)
[2026-03-26T15:06:25.341+0000] {climarisk_dag.py:135} INFO - ✅ Baku: flood=LOW(0.17) fire=LOW(0.05)
[2026-03-26T15:06:27.227+0000] {climarisk_dag.py:135} INFO - ✅ Tashkent: flood=LOW(0.07) fire=LOW(0.09)
[2026-03-26T15:06:29.100+0000] {climarisk_dag.py:135} INFO - ✅ Almaty: flood=LOW(0.03) fire=LOW(0.05)
[2026-03-26T15:06:30.964+0000] {climarisk_dag.py:135} INFO - ✅ Guam: flood=MEDIUM(0.68) fire=LOW(0.05)
[2026-03-26T15:06:32.859+0000] {climarisk_dag.py:135} INFO - ✅ Paris: flood=MEDIUM(0.34) fire=LOW(0.05)
[2026-03-26T15:06:35.619+0000] {climarisk_dag.py:135} INFO - ✅ Lyon: flood=LOW(0.10) fire=LOW(0.05)
[2026-03-26T15:06:37.546+0000] {climarisk_dag.py:135} INFO - ✅ Marseille: flood=LOW(0.15) fire=LOW(0.05)
[2026-03-26T15:06:39.403+0000] {climarisk_dag.py:135} INFO - ✅ Toulouse: flood=LOW(0.04) fire=LOW(0.05)
[2026-03-26T15:06:41.293+0000] {climarisk_dag.py:135} INFO - ✅ Bordeaux: flood=LOW(0.12) fire=LOW(0.05)
[2026-03-26T15:06:43.179+0000] {climarisk_dag.py:135} INFO - ✅ Nantes: flood=LOW(0.23) fire=LOW(0.05)
[2026-03-26T15:06:45.055+0000] {climarisk_dag.py:135} INFO - ✅ Strasbourg: flood=LOW(0.05) fire=LOW(0.05)
[2026-03-26T15:06:45.253+0000] {climarisk_dag.py:135} INFO - ✅ Lille: flood=LOW(0.28) fire=LOW(0.05)
[2026-03-26T15:06:47.107+0000] {climarisk_dag.py:135} INFO - ✅ Montpellier: flood=LOW(0.11) fire=LOW(0.05)
[2026-03-26T15:06:49.016+0000] {climarisk_dag.py:135} INFO - ✅ Nice: flood=LOW(0.15) fire=LOW(0.05)
[2026-03-26T15:06:50.917+0000] {climarisk_dag.py:135} INFO - ✅ London: flood=LOW(0.26) fire=LOW(0.05)
[2026-03-26T15:06:52.803+0000] {climarisk_dag.py:135} INFO - ✅ Birmingham: flood=LOW(0.08) fire=LOW(0.05)
[2026-03-26T15:06:54.666+0000] {climarisk_dag.py:135} INFO - ✅ Manchester: flood=LOW(0.26) fire=LOW(0.05)
[2026-03-26T15:06:56.582+0000] {climarisk_dag.py:135} INFO - ✅ Berlin: flood=LOW(0.15) fire=LOW(0.05)
[2026-03-26T15:06:58.489+0000] {climarisk_dag.py:135} INFO - ✅ Hamburg: flood=MEDIUM(0.42) fire=LOW(0.05)
[2026-03-26T15:07:00.335+0000] {climarisk_dag.py:135} INFO - ✅ Munich: flood=LOW(0.10) fire=LOW(0.05)
[2026-03-26T15:07:02.232+0000] {climarisk_dag.py:135} INFO - ✅ Frankfurt: flood=LOW(0.12) fire=LOW(0.05)
[2026-03-26T15:07:04.921+0000] {climarisk_dag.py:135} INFO - ✅ Madrid: flood=LOW(0.07) fire=LOW(0.06)
[2026-03-26T15:07:06.808+0000] {climarisk_dag.py:135} INFO - ✅ Barcelona: flood=LOW(0.12) fire=LOW(0.05)
[2026-03-26T15:07:08.709+0000] {climarisk_dag.py:135} INFO - ✅ Valencia: flood=LOW(0.15) fire=LOW(0.09)
[2026-03-26T15:07:10.628+0000] {climarisk_dag.py:135} INFO - ✅ Malaga: flood=LOW(0.15) fire=LOW(0.06)
[2026-03-26T15:07:12.527+0000] {climarisk_dag.py:135} INFO - ✅ Rome: flood=LOW(0.10) fire=LOW(0.05)
[2026-03-26T15:07:14.431+0000] {climarisk_dag.py:135} INFO - ✅ Milan: flood=LOW(0.15) fire=LOW(0.07)
[2026-03-26T15:07:14.647+0000] {climarisk_dag.py:135} INFO - ✅ Palermo: flood=LOW(0.14) fire=LOW(0.06)
[2026-03-26T15:07:16.552+0000] {climarisk_dag.py:135} INFO - ✅ Amsterdam: flood=MEDIUM(0.43) fire=LOW(0.05)
[2026-03-26T15:07:18.475+0000] {climarisk_dag.py:135} INFO - ✅ Brussels: flood=MEDIUM(0.37) fire=LOW(0.05)
[2026-03-26T15:07:20.385+0000] {climarisk_dag.py:135} INFO - ✅ Vienna: flood=LOW(0.14) fire=LOW(0.05)
[2026-03-26T15:07:22.252+0000] {climarisk_dag.py:135} INFO - ✅ Zurich: flood=LOW(0.12) fire=LOW(0.05)
[2026-03-26T15:07:24.164+0000] {climarisk_dag.py:135} INFO - ✅ Stockholm: flood=LOW(0.15) fire=LOW(0.05)
[2026-03-26T15:07:26.061+0000] {climarisk_dag.py:135} INFO - ✅ Oslo: flood=MEDIUM(0.42) fire=LOW(0.05)
[2026-03-26T15:07:27.954+0000] {climarisk_dag.py:135} INFO - ✅ Copenhagen: flood=MEDIUM(0.35) fire=LOW(0.05)
[2026-03-26T15:07:29.859+0000] {climarisk_dag.py:135} INFO - ✅ Helsinki: flood=LOW(0.15) fire=LOW(0.05)
[2026-03-26T15:07:31.717+0000] {climarisk_dag.py:135} INFO - ✅ Warsaw: flood=LOW(0.07) fire=LOW(0.05)
[2026-03-26T15:07:34.268+0000] {climarisk_dag.py:135} INFO - ✅ Prague: flood=LOW(0.09) fire=LOW(0.05)
[2026-03-26T15:07:36.173+0000] {climarisk_dag.py:135} INFO - ✅ Budapest: flood=LOW(0.09) fire=LOW(0.05)
[2026-03-26T15:07:38.027+0000] {climarisk_dag.py:135} INFO - ✅ Bucharest: flood=LOW(0.22) fire=LOW(0.05)
[2026-03-26T15:07:39.922+0000] {climarisk_dag.py:135} INFO - ✅ Athens: flood=LOW(0.18) fire=LOW(0.05)
[2026-03-26T15:07:41.808+0000] {climarisk_dag.py:135} INFO - ✅ Thessaloniki: flood=LOW(0.21) fire=LOW(0.05)
[2026-03-26T15:07:41.964+0000] {climarisk_dag.py:135} INFO - ✅ Lisbon: flood=LOW(0.15) fire=LOW(0.13)
[2026-03-26T15:07:43.811+0000] {climarisk_dag.py:135} INFO - ✅ Moscow: flood=LOW(0.06) fire=LOW(0.05)
[2026-03-26T15:07:45.653+0000] {climarisk_dag.py:135} INFO - ✅ Saint Petersburg: flood=LOW(0.15) fire=LOW(0.05)
[2026-03-26T15:07:47.531+0000] {climarisk_dag.py:135} INFO - ✅ Krasnoyarsk: flood=LOW(0.06) fire=LOW(0.05)
[2026-03-26T15:07:49.439+0000] {climarisk_dag.py:135} INFO - ✅ Irkutsk: flood=LOW(0.07) fire=LOW(0.05)
[2026-03-26T15:07:51.328+0000] {climarisk_dag.py:135} INFO - ✅ Yakutsk: flood=LOW(0.04) fire=LOW(0.05)
[2026-03-26T15:07:53.250+0000] {climarisk_dag.py:135} INFO - ✅ Khabarovsk: flood=LOW(0.30) fire=LOW(0.05)
[2026-03-26T15:07:55.161+0000] {climarisk_dag.py:135} INFO - ✅ Kyiv: flood=LOW(0.15) fire=LOW(0.05)
[2026-03-26T15:07:57.000+0000] {climarisk_dag.py:135} INFO - ✅ New York: flood=LOW(0.21) fire=LOW(0.05)
[2026-03-26T15:07:58.914+0000] {climarisk_dag.py:135} INFO - ✅ Los Angeles: flood=LOW(0.15) fire=LOW(0.25)
[2026-03-26T15:08:00.812+0000] {climarisk_dag.py:135} INFO - ✅ Chicago: flood=LOW(0.11) fire=LOW(0.05)
[2026-03-26T15:08:03.557+0000] {climarisk_dag.py:135} INFO - ✅ Houston: flood=LOW(0.15) fire=LOW(0.12)
[2026-03-26T15:08:05.450+0000] {climarisk_dag.py:135} INFO - ✅ Miami: flood=MEDIUM(0.44) fire=LOW(0.05)
[2026-03-26T15:08:07.305+0000] {climarisk_dag.py:135} INFO - ✅ New Orleans: flood=LOW(0.15) fire=LOW(0.19)
[2026-03-26T15:08:09.233+0000] {climarisk_dag.py:135} INFO - ✅ Seattle: flood=LOW(0.15) fire=LOW(0.05)
[2026-03-26T15:08:11.140+0000] {climarisk_dag.py:135} INFO - ✅ Sacramento: flood=LOW(0.15) fire=LOW(0.09)
[2026-03-26T15:08:11.291+0000] {climarisk_dag.py:135} INFO - ✅ Fresno: flood=LOW(0.15) fire=LOW(0.17)
[2026-03-26T15:08:13.163+0000] {climarisk_dag.py:135} INFO - ✅ Redding: flood=LOW(0.15) fire=LOW(0.06)
[2026-03-26T15:08:15.077+0000] {climarisk_dag.py:135} INFO - ✅ Memphis: flood=LOW(0.16) fire=LOW(0.05)
[2026-03-26T15:08:16.935+0000] {climarisk_dag.py:135} INFO - ✅ Toronto: flood=LOW(0.18) fire=LOW(0.05)
[2026-03-26T15:08:18.844+0000] {climarisk_dag.py:135} INFO - ✅ Montreal: flood=MEDIUM(0.38) fire=LOW(0.05)
[2026-03-26T15:08:20.744+0000] {climarisk_dag.py:135} INFO - ✅ Vancouver: flood=LOW(0.15) fire=LOW(0.05)
[2026-03-26T15:08:22.649+0000] {climarisk_dag.py:135} INFO - ✅ Mexico City: flood=LOW(0.03) fire=LOW(0.05)
[2026-03-26T15:08:24.509+0000] {climarisk_dag.py:135} INFO - ✅ Veracruz: flood=MEDIUM(0.48) fire=LOW(0.05)
[2026-03-26T15:08:26.416+0000] {climarisk_dag.py:135} INFO - ✅ Cancún: flood=LOW(0.15) fire=LOW(0.10)
[2026-03-26T15:08:28.300+0000] {climarisk_dag.py:135} INFO - ✅ São Paulo: flood=LOW(0.12) fire=LOW(0.05)
[2026-03-26T15:08:30.186+0000] {climarisk_dag.py:135} INFO - ✅ Rio de Janeiro: flood=LOW(0.15) fire=LOW(0.11)
[2026-03-26T15:08:32.881+0000] {climarisk_dag.py:135} INFO - ✅ Belém: flood=MEDIUM(0.50) fire=LOW(0.05)
[2026-03-26T15:08:34.772+0000] {climarisk_dag.py:135} INFO - ✅ Marabá: flood=MEDIUM(0.33) fire=LOW(0.13)
[2026-03-26T15:08:36.711+0000] {climarisk_dag.py:135} INFO - ✅ Sinop: flood=MEDIUM(0.35) fire=LOW(0.05)
[2026-03-26T15:08:38.601+0000] {climarisk_dag.py:135} INFO - ✅ Porto Velho: flood=MEDIUM(0.46) fire=LOW(0.05)
[2026-03-26T15:08:38.790+0000] {climarisk_dag.py:135} INFO - ✅ Buenos Aires: flood=MEDIUM(0.34) fire=LOW(0.05)
[2026-03-26T15:08:40.672+0000] {climarisk_dag.py:135} INFO - ✅ Lima: flood=LOW(0.07) fire=LOW(0.10)
[2026-03-26T15:08:42.593+0000] {climarisk_dag.py:135} INFO - ✅ Bogotá: flood=LOW(0.08) fire=LOW(0.05)
[2026-03-26T15:08:44.440+0000] {climarisk_dag.py:135} INFO - ✅ Santiago: flood=LOW(0.07) fire=LOW(0.06)
[2026-03-26T15:08:46.363+0000] {climarisk_dag.py:135} INFO - ✅ Port-au-Prince: flood=MEDIUM(0.43) fire=LOW(0.13)
[2026-03-26T15:08:48.264+0000] {climarisk_dag.py:135} INFO - ✅ San Juan: flood=MEDIUM(0.66) fire=LOW(0.05)
[2026-03-26T15:08:50.165+0000] {climarisk_dag.py:135} INFO - ✅ Kingston: flood=MEDIUM(0.35) fire=LOW(0.05)
[2026-03-26T15:08:52.037+0000] {climarisk_dag.py:135} INFO - ✅ Port of Spain: flood=LOW(0.15) fire=LOW(0.14)
[2026-03-26T15:08:53.938+0000] {climarisk_dag.py:135} INFO - ✅ Sydney: flood=LOW(0.24) fire=LOW(0.05)
[2026-03-26T15:08:55.857+0000] {climarisk_dag.py:135} INFO - ✅ Melbourne: flood=MEDIUM(0.46) fire=LOW(0.07)
[2026-03-26T15:08:57.771+0000] {climarisk_dag.py:135} INFO - ✅ Brisbane: flood=LOW(0.15) fire=LOW(0.10)
[2026-03-26T15:08:59.680+0000] {climarisk_dag.py:135} INFO - ✅ Darwin: flood=MEDIUM(0.64) fire=LOW(0.12)
[2026-03-26T15:09:02.224+0000] {climarisk_dag.py:135} INFO - ✅ Alice Springs: flood=LOW(0.07) fire=LOW(0.07)
[2026-03-26T15:09:04.068+0000] {climarisk_dag.py:135} INFO - ✅ Cairns: flood=LOW(0.15) fire=LOW(0.09)
[2026-03-26T15:09:05.984+0000] {climarisk_dag.py:135} INFO - ✅ Auckland: flood=LOW(0.26) fire=LOW(0.09)
[2026-03-26T15:09:07.832+0000] {climarisk_dag.py:135} INFO - ✅ Port Moresby: flood=MEDIUM(0.51) fire=LOW(0.05)
[2026-03-26T15:09:07.650+0000] {climarisk_dag.py:147} INFO - ✅ Done: 290 OK, 1 errors, 545.1s
[2026-03-26T15:09:07.673+0000] {taskinstance.py:441} INFO - ::group::Post task execution logs
[2026-03-26T15:09:07.674+0000] {taskinstance.py:2905} ERROR - Task failed with exception
Traceback (most recent call last):
  File "/home/airflow/.local/lib/python3.12/site-packages/airflow/models/taskinstance.py", line 465, in _execute_task
    result = _execute_callable(context=context, **execute_callable_kwargs)
             ^^^^^^^^^^^^^^^^^^^^^^^^^^^^^^^^^^^^^^^^^^^^^^^^^^^^^^^^^^^^^
  File "/home/airflow/.local/lib/python3.12/site-packages/airflow/models/taskinstance.py", line 432, in _execute_callable
    return execute_callable(context=context, **execute_callable_kwargs)
           ^^^^^^^^^^^^^^^^^^^^^^^^^^^^^^^^^^^^^^^^^^^^^^^^^^^^^^^^^^^^
  File "/home/airflow/.local/lib/python3.12/site-packages/airflow/models/baseoperator.py", line 400, in wrapper
    return func(self, *args, **kwargs)
           ^^^^^^^^^^^^^^^^^^^^^^^^^^^
  File "/home/airflow/.local/lib/python3.12/site-packages/airflow/operators/python.py", line 235, in execute
    return_value = self.execute_callable()
                   ^^^^^^^^^^^^^^^^^^^^^^^
  File "/home/airflow/.local/lib/python3.12/site-packages/airflow/operators/python.py", line 252, in execute_callable
    return self.python_callable(*self.op_args, **self.op_kwargs)
           ^^^^^^^^^^^^^^^^^^^^^^^^^^^^^^^^^^^^^^^^^^^^^^^^^^^^^
  File "/opt/airflow/dags/climarisk_dag.py", line 156, in predict_all_zones
    raise Exception(f"{errors} zone(s) failed — check logs above")
Exception: 1 zone(s) failed — check logs above
[2026-03-26T15:09:07.691+0000] {taskinstance.py:1206} INFO - Marking task as UP_FOR_RETRY. dag_id=***_predictions, task_id=predict_all_zones, run_id=scheduled__2026-03-26T10:00:00+00:00, execution_date=20260326T100000, start_date=20260326T150002, end_date=20260326T150907
[2026-03-26T15:09:07.705+0000] {standard_task_runner.py:110} ERROR - Failed to execute job 611 for task predict_all_zones (1 zone(s) failed — check logs above; 14673)
[2026-03-26T15:09:07.726+0000] {local_task_job_runner.py:240} INFO - Task exited with return code 1
[2026-03-26T15:09:07.748+0000] {taskinstance.py:3498} INFO - 0 downstream tasks scheduled from follow-on schedule check
[2026-03-26T15:09:07.751+0000] {local_task_job_runner.py:222} INFO - ::endgroup::
