[2026-03-26T15:11:08.699+0000] {local_task_job_runner.py:120} INFO - ::group::Pre task execution logs
[2026-03-26T15:11:08.734+0000] {taskinstance.py:2076} INFO - Dependencies all met for dep_context=non-requeueable deps ti=<TaskInstance: climarisk_predictions.predict_all_zones scheduled__2026-03-26T10:00:00+00:00 [queued]>
[2026-03-26T15:11:08.742+0000] {taskinstance.py:2076} INFO - Dependencies all met for dep_context=requeueable deps ti=<TaskInstance: climarisk_predictions.predict_all_zones scheduled__2026-03-26T10:00:00+00:00 [queued]>
[2026-03-26T15:11:08.744+0000] {taskinstance.py:2306} INFO - Starting attempt 2 of 2
[2026-03-26T15:11:08.757+0000] {taskinstance.py:2330} INFO - Executing <Task(PythonOperator): predict_all_zones> on 2026-03-26 10:00:00+00:00
[2026-03-26T15:11:08.764+0000] {logging_mixin.py:188} WARNING - /home/airflow/.local/lib/python3.12/site-packages/airflow/task/task_runner/standard_task_runner.py:61 DeprecationWarning: This process (pid=15068) is multi-threaded, use of fork() may lead to deadlocks in the child.
[2026-03-26T15:11:08.765+0000] {standard_task_runner.py:63} INFO - Started process 15071 to run task
[2026-03-26T15:11:08.764+0000] {standard_task_runner.py:90} INFO - Running: ['airflow', 'tasks', 'run', '***_predictions', 'predict_all_zones', 'scheduled__2026-03-26T10:00:00+00:00', '--job-id', '612', '--raw', '--subdir', 'DAGS_FOLDER/***_dag.py', '--cfg-path', '/tmp/tmpvwjn09ko']
[2026-03-26T15:11:08.766+0000] {standard_task_runner.py:91} INFO - Job 612: Subtask predict_all_zones
[2026-03-26T15:11:08.849+0000] {task_command.py:426} INFO - Running <TaskInstance: climarisk_predictions.predict_all_zones scheduled__2026-03-26T10:00:00+00:00 [running]> on host 6146f0e8983c
[2026-03-26T15:11:08.965+0000] {taskinstance.py:2648} INFO - Exporting env vars: AIRFLOW_CTX_DAG_OWNER='***' AIRFLOW_CTX_DAG_ID='***_predictions' AIRFLOW_CTX_TASK_ID='predict_all_zones' AIRFLOW_CTX_EXECUTION_DATE='2026-03-26T10:00:00+00:00' AIRFLOW_CTX_TRY_NUMBER='2' AIRFLOW_CTX_DAG_RUN_ID='scheduled__2026-03-26T10:00:00+00:00'
[2026-03-26T15:11:08.966+0000] {taskinstance.py:430} INFO - ::endgroup::
[2026-03-26T15:11:09.236+0000] {climarisk_dag.py:135} INFO - ✅ Alger: flood=LOW(0.10) fire=LOW(0.05)
[2026-03-26T15:11:11.190+0000] {climarisk_dag.py:135} INFO - ✅ Cairo: flood=LOW(0.14) fire=LOW(0.22)
[2026-03-26T15:11:12.723+0000] {climarisk_dag.py:135} INFO - ✅ Lagos: flood=MEDIUM(0.54) fire=LOW(0.05)
[2026-03-26T15:11:14.250+0000] {climarisk_dag.py:135} INFO - ✅ Kano: flood=LOW(0.07) fire=MEDIUM(0.32)
[2026-03-26T15:11:15.783+0000] {climarisk_dag.py:135} INFO - ✅ Abuja: flood=LOW(0.11) fire=LOW(0.05)
[2026-03-26T15:11:17.316+0000] {climarisk_dag.py:135} INFO - ✅ Johannesburg: flood=LOW(0.05) fire=LOW(0.05)
[2026-03-26T15:11:18.843+0000] {climarisk_dag.py:135} INFO - ✅ Cape Town: flood=LOW(0.26) fire=LOW(0.07)
[2026-03-26T15:11:20.375+0000] {climarisk_dag.py:135} INFO - ✅ Nairobi: flood=LOW(0.09) fire=LOW(0.08)
[2026-03-26T15:11:21.902+0000] {climarisk_dag.py:135} INFO - ✅ Addis Ababa: flood=LOW(0.09) fire=LOW(0.05)
[2026-03-26T15:11:23.429+0000] {climarisk_dag.py:135} INFO - ✅ Dar es Salaam: flood=MEDIUM(0.32) fire=LOW(0.05)
[2026-03-26T15:11:24.961+0000] {climarisk_dag.py:135} INFO - ✅ Accra: flood=LOW(0.15) fire=LOW(0.13)
[2026-03-26T15:11:26.483+0000] {climarisk_dag.py:135} INFO - ✅ Casablanca: flood=LOW(0.15) fire=LOW(0.07)
[2026-03-26T15:11:28.427+0000] {climarisk_dag.py:135} INFO - ✅ Mohammedia: flood=LOW(0.15) fire=LOW(0.07)
[2026-03-26T15:11:28.257+0000] {climarisk_dag.py:135} INFO - ✅ El Jadida: flood=LOW(0.15) fire=LOW(0.07)
[2026-03-26T15:11:29.783+0000] {climarisk_dag.py:135} INFO - ✅ Settat: flood=LOW(0.15) fire=LOW(0.05)
[2026-03-26T15:11:31.315+0000] {climarisk_dag.py:135} INFO - ✅ Berrechid: flood=LOW(0.13) fire=LOW(0.05)
[2026-03-26T15:11:32.846+0000] {climarisk_dag.py:135} INFO - ✅ Benslimane: flood=LOW(0.14) fire=LOW(0.05)
[2026-03-26T15:11:34.377+0000] {climarisk_dag.py:135} INFO - ✅ Sidi Bennour: flood=LOW(0.11) fire=LOW(0.06)
[2026-03-26T15:11:35.945+0000] {climarisk_dag.py:135} INFO - ✅ Azemmour: flood=LOW(0.15) fire=LOW(0.07)
[2026-03-26T15:11:37.487+0000] {climarisk_dag.py:135} INFO - ✅ Mediouna: flood=LOW(0.11) fire=LOW(0.06)
[2026-03-26T15:11:39.059+0000] {climarisk_dag.py:135} INFO - ✅ Nouaceur: flood=LOW(0.12) fire=LOW(0.06)
[2026-03-26T15:11:40.628+0000] {climarisk_dag.py:135} INFO - ✅ Rabat: flood=LOW(0.15) fire=LOW(0.07)
[2026-03-26T15:11:42.186+0000] {climarisk_dag.py:135} INFO - ✅ Salé: flood=LOW(0.15) fire=LOW(0.07)
[2026-03-26T15:11:43.718+0000] {climarisk_dag.py:135} INFO - ✅ Kénitra: flood=LOW(0.15) fire=LOW(0.07)
[2026-03-26T15:11:45.255+0000] {climarisk_dag.py:135} INFO - ✅ Témara: flood=LOW(0.15) fire=LOW(0.06)
[2026-03-26T15:11:46.804+0000] {climarisk_dag.py:135} INFO - ✅ Skhirat: flood=LOW(0.15) fire=LOW(0.06)
[2026-03-26T15:11:48.344+0000] {climarisk_dag.py:135} INFO - ✅ Tiflet: flood=LOW(0.07) fire=LOW(0.07)
[2026-03-26T15:11:49.898+0000] {climarisk_dag.py:135} INFO - ✅ Khémisset: flood=LOW(0.03) fire=LOW(0.05)
[2026-03-26T15:11:51.512+0000] {climarisk_dag.py:135} INFO - ✅ Sidi Slimane: flood=LOW(0.12) fire=LOW(0.06)
[2026-03-26T15:11:53.053+0000] {climarisk_dag.py:135} INFO - ✅ Sidi Kacem: flood=LOW(0.10) fire=LOW(0.06)
[2026-03-26T15:11:54.584+0000] {climarisk_dag.py:135} INFO - ✅ Souk el Arba: flood=LOW(0.15) fire=LOW(0.06)
[2026-03-26T15:11:56.117+0000] {climarisk_dag.py:135} INFO - ✅ Ouazzane: flood=LOW(0.04) fire=LOW(0.05)
[2026-03-26T15:11:57.716+0000] {climarisk_dag.py:135} INFO - ✅ Fès: flood=LOW(0.03) fire=LOW(0.05)
[2026-03-26T15:11:57.516+0000] {climarisk_dag.py:135} INFO - ✅ Meknès: flood=LOW(0.03) fire=LOW(0.06)
[2026-03-26T15:11:59.056+0000] {climarisk_dag.py:135} INFO - ✅ Ifrane: flood=LOW(0.02) fire=LOW(0.05)
[2026-03-26T15:12:00.652+0000] {climarisk_dag.py:135} INFO - ✅ Azrou: flood=LOW(0.03) fire=LOW(0.05)
[2026-03-26T15:12:02.210+0000] {climarisk_dag.py:135} INFO - ✅ Taounate: flood=LOW(0.05) fire=LOW(0.05)
[2026-03-26T15:12:03.755+0000] {climarisk_dag.py:135} INFO - ✅ Taza: flood=LOW(0.04) fire=LOW(0.05)
[2026-03-26T15:12:05.292+0000] {climarisk_dag.py:135} INFO - ✅ Sefrou: flood=LOW(0.02) fire=LOW(0.05)
[2026-03-26T15:12:06.835+0000] {climarisk_dag.py:135} INFO - ✅ Boulemane: flood=LOW(0.03) fire=LOW(0.05)
[2026-03-26T15:12:08.403+0000] {climarisk_dag.py:135} INFO - ✅ El Hajeb: flood=LOW(0.02) fire=LOW(0.05)
[2026-03-26T15:12:09.944+0000] {climarisk_dag.py:135} INFO - ✅ Missour: flood=LOW(0.02) fire=LOW(0.05)
[2026-03-26T15:12:11.475+0000] {climarisk_dag.py:135} INFO - ✅ Guercif: flood=LOW(0.11) fire=LOW(0.05)
[2026-03-26T15:12:13.049+0000] {climarisk_dag.py:135} INFO - ✅ Marrakech: flood=LOW(0.04) fire=LOW(0.05)
[2026-03-26T15:12:14.587+0000] {climarisk_dag.py:135} INFO - ✅ Safi: flood=LOW(0.15) fire=LOW(0.07)
[2026-03-26T15:12:16.120+0000] {climarisk_dag.py:135} INFO - ✅ Essaouira: flood=LOW(0.15) fire=LOW(0.07)
[2026-03-26T15:12:17.650+0000] {climarisk_dag.py:135} INFO - ✅ El Kelaa des Sraghna: flood=LOW(0.07) fire=LOW(0.07)
[2026-03-26T15:12:19.175+0000] {climarisk_dag.py:135} INFO - ✅ Chichaoua: flood=LOW(0.18) fire=LOW(0.08)
[2026-03-26T15:12:20.702+0000] {climarisk_dag.py:135} INFO - ✅ Youssoufia: flood=LOW(0.15) fire=LOW(0.06)
[2026-03-26T15:12:22.238+0000] {climarisk_dag.py:135} INFO - ✅ Ben Guerir: flood=LOW(0.04) fire=LOW(0.05)
[2026-03-26T15:12:23.764+0000] {climarisk_dag.py:135} INFO - ✅ Tahanaout: flood=LOW(0.01) fire=LOW(0.05)
[2026-03-26T15:12:25.295+0000] {climarisk_dag.py:135} INFO - ✅ Ait Ourir: flood=LOW(0.06) fire=LOW(0.05)
[2026-03-26T15:12:25.283+0000] {climarisk_dag.py:135} INFO - ✅ Demnate: flood=LOW(0.02) fire=LOW(0.05)
[2026-03-26T15:12:26.813+0000] {climarisk_dag.py:135} INFO - ✅ Tanger: flood=LOW(0.15) fire=LOW(0.06)
[2026-03-26T15:12:28.339+0000] {climarisk_dag.py:135} INFO - ✅ Tétouan: flood=LOW(0.11) fire=LOW(0.05)
[2026-03-26T15:12:29.875+0000] {climarisk_dag.py:135} INFO - ✅ Al Hoceïma: flood=LOW(0.15) fire=LOW(0.05)
[2026-03-26T15:12:31.413+0000] {climarisk_dag.py:135} INFO - ✅ Larache: flood=LOW(0.15) fire=LOW(0.15)
[2026-03-26T15:12:32.945+0000] {climarisk_dag.py:135} INFO - ✅ Chefchaouen: flood=LOW(0.07) fire=LOW(0.08)
[2026-03-26T15:12:34.479+0000] {climarisk_dag.py:135} INFO - ✅ Asilah: flood=LOW(0.15) fire=LOW(0.09)
[2026-03-26T15:12:36.021+0000] {climarisk_dag.py:135} INFO - ✅ Fnideq: flood=LOW(0.15) fire=LOW(0.06)
[2026-03-26T15:12:37.553+0000] {climarisk_dag.py:135} INFO - ✅ Martil: flood=LOW(0.15) fire=LOW(0.06)
[2026-03-26T15:12:39.091+0000] {climarisk_dag.py:135} INFO - ✅ Mdiq: flood=LOW(0.15) fire=LOW(0.06)
[2026-03-26T15:12:40.627+0000] {climarisk_dag.py:135} INFO - ✅ Ksar el Kebir: flood=LOW(0.15) fire=LOW(0.06)
[2026-03-26T15:12:42.159+0000] {climarisk_dag.py:135} INFO - ✅ Ouazzane: flood=LOW(0.04) fire=LOW(0.05)
[2026-03-26T15:12:43.688+0000] {climarisk_dag.py:135} INFO - ✅ Targuist: flood=LOW(0.02) fire=LOW(0.05)
[2026-03-26T15:12:45.220+0000] {climarisk_dag.py:135} INFO - ✅ Imzouren: flood=LOW(0.15) fire=LOW(0.05)
[2026-03-26T15:12:46.758+0000] {climarisk_dag.py:135} INFO - ✅ Beni Mellal-Khenifra: flood=LOW(0.07) fire=LOW(0.05)
[2026-03-26T15:12:48.290+0000] {climarisk_dag.py:135} INFO - ✅ Khénifra: flood=LOW(0.01) fire=LOW(0.05)
[2026-03-26T15:12:49.817+0000] {climarisk_dag.py:135} INFO - ✅ Azilal: flood=LOW(0.02) fire=LOW(0.05)
[2026-03-26T15:12:51.349+0000] {climarisk_dag.py:135} INFO - ✅ Nanjing: flood=LOW(0.15) fire=LOW(0.08)
[2026-03-26T15:12:52.885+0000] {climarisk_dag.py:135} INFO - ✅ Khouribga: flood=LOW(0.07) fire=LOW(0.05)
[2026-03-26T15:12:54.412+0000] {climarisk_dag.py:135} INFO - ✅ Fkih Ben Salah: flood=LOW(0.07) fire=LOW(0.05)
[2026-03-26T15:12:54.567+0000] {climarisk_dag.py:135} INFO - ✅ Souk Sebt: flood=LOW(0.05) fire=LOW(0.05)
[2026-03-26T15:12:56.099+0000] {climarisk_dag.py:135} INFO - ✅ Midelt: flood=LOW(0.03) fire=LOW(0.05)
[2026-03-26T15:12:57.631+0000] {climarisk_dag.py:135} INFO - ✅ Zaouiat Cheikh: flood=LOW(0.07) fire=LOW(0.05)
[2026-03-26T15:12:59.157+0000] {climarisk_dag.py:135} INFO - ✅ Oujda: flood=LOW(0.07) fire=LOW(0.05)
[2026-03-26T15:13:00.686+0000] {climarisk_dag.py:135} INFO - ✅ Nador: flood=LOW(0.13) fire=LOW(0.06)
[2026-03-26T15:13:02.216+0000] {climarisk_dag.py:135} INFO - ✅ Berkane: flood=LOW(0.04) fire=LOW(0.05)
[2026-03-26T15:13:03.746+0000] {climarisk_dag.py:135} INFO - ✅ Taourirt: flood=LOW(0.07) fire=LOW(0.05)
[2026-03-26T15:13:05.275+0000] {climarisk_dag.py:135} INFO - ✅ Jerada: flood=LOW(0.02) fire=LOW(0.05)
[2026-03-26T15:13:06.814+0000] {climarisk_dag.py:135} INFO - ✅ Figuig: flood=LOW(0.03) fire=LOW(0.05)
[2026-03-26T15:13:08.349+0000] {climarisk_dag.py:135} INFO - ✅ Bouarfa: flood=LOW(0.03) fire=LOW(0.05)
[2026-03-26T15:13:09.889+0000] {climarisk_dag.py:135} INFO - ✅ Selouane: flood=LOW(0.17) fire=LOW(0.05)
[2026-03-26T15:13:11.423+0000] {climarisk_dag.py:135} INFO - ✅ Zaio: flood=LOW(0.06) fire=LOW(0.05)
[2026-03-26T15:13:12.951+0000] {climarisk_dag.py:135} INFO - ✅ Agadir: flood=LOW(0.15) fire=LOW(0.07)
[2026-03-26T15:13:14.493+0000] {climarisk_dag.py:135} INFO - ✅ Inezgane: flood=LOW(0.15) fire=LOW(0.07)
[2026-03-26T15:13:16.026+0000] {climarisk_dag.py:135} INFO - ✅ Tiznit: flood=LOW(0.14) fire=LOW(0.07)
[2026-03-26T15:13:17.561+0000] {climarisk_dag.py:135} INFO - ✅ Taroudannt: flood=LOW(0.07) fire=LOW(0.05)
[2026-03-26T15:13:19.093+0000] {climarisk_dag.py:135} INFO - ✅ Ouarzazate: flood=LOW(0.02) fire=LOW(0.05)
[2026-03-26T15:13:20.627+0000] {climarisk_dag.py:135} INFO - ✅ Ait Melloul: flood=LOW(0.15) fire=LOW(0.07)
[2026-03-26T15:13:22.159+0000] {climarisk_dag.py:135} INFO - ✅ Biougra: flood=LOW(0.03) fire=LOW(0.07)
[2026-03-26T15:13:21.993+0000] {climarisk_dag.py:135} INFO - ✅ Chtouka Ait Baha: flood=LOW(0.04) fire=LOW(0.05)
[2026-03-26T15:13:23.859+0000] {climarisk_dag.py:135} INFO - ✅ Tata: flood=LOW(0.04) fire=LOW(0.06)
[2026-03-26T15:13:25.381+0000] {climarisk_dag.py:135} INFO - ✅ Sidi Ifni: flood=LOW(0.15) fire=LOW(0.07)
[2026-03-26T15:13:26.922+0000] {climarisk_dag.py:135} INFO - ✅ Massa: flood=LOW(0.10) fire=LOW(0.07)
[2026-03-26T15:13:28.461+0000] {climarisk_dag.py:135} INFO - ✅ Errachidia: flood=LOW(0.02) fire=LOW(0.05)
[2026-03-26T15:13:29.995+0000] {climarisk_dag.py:135} INFO - ✅ Zagora: flood=LOW(0.05) fire=LOW(0.05)
[2026-03-26T15:13:31.527+0000] {climarisk_dag.py:135} INFO - ✅ Tinghir: flood=LOW(0.01) fire=LOW(0.05)
[2026-03-26T15:13:33.052+0000] {climarisk_dag.py:135} INFO - ✅ Ouarzazate: flood=LOW(0.02) fire=LOW(0.05)
[2026-03-26T15:13:34.583+0000] {climarisk_dag.py:135} INFO - ✅ Rissani: flood=LOW(0.08) fire=LOW(0.05)
[2026-03-26T15:13:36.116+0000] {climarisk_dag.py:135} INFO - ✅ Erfoud: flood=LOW(0.02) fire=LOW(0.05)
[2026-03-26T15:13:37.655+0000] {climarisk_dag.py:135} INFO - ✅ Merzouga: flood=LOW(0.06) fire=LOW(0.05)
[2026-03-26T15:13:39.181+0000] {climarisk_dag.py:135} INFO - ✅ Alnif: flood=LOW(0.02) fire=LOW(0.05)
[2026-03-26T15:13:40.712+0000] {climarisk_dag.py:135} INFO - ✅ Goulmima: flood=LOW(0.02) fire=LOW(0.05)
[2026-03-26T15:13:42.241+0000] {climarisk_dag.py:135} INFO - ✅ Laâyoune: flood=LOW(0.09) fire=LOW(0.08)
[2026-03-26T15:13:43.771+0000] {climarisk_dag.py:135} INFO - ✅ Boujdour: flood=LOW(0.15) fire=LOW(0.08)
[2026-03-26T15:13:45.303+0000] {climarisk_dag.py:135} INFO - ✅ Tarfaya: flood=LOW(0.15) fire=LOW(0.08)
[2026-03-26T15:13:46.833+0000] {climarisk_dag.py:135} INFO - ✅ Smara: flood=LOW(0.03) fire=LOW(0.11)
[2026-03-26T15:13:48.373+0000] {climarisk_dag.py:135} INFO - ✅ El Marsa: flood=LOW(0.15) fire=LOW(0.08)
[2026-03-26T15:13:49.899+0000] {climarisk_dag.py:135} INFO - ✅ Dakhla: flood=LOW(0.15) fire=LOW(0.08)
[2026-03-26T15:13:49.693+0000] {climarisk_dag.py:135} INFO - ✅ Aousserd: flood=LOW(0.13) fire=MEDIUM(0.30)
[2026-03-26T15:13:51.225+0000] {climarisk_dag.py:135} INFO - ✅ Guelmim: flood=LOW(0.06) fire=LOW(0.05)
[2026-03-26T15:13:53.126+0000] {climarisk_dag.py:135} INFO - ✅ Tan-Tan: flood=LOW(0.15) fire=LOW(0.08)
[2026-03-26T15:13:54.653+0000] {climarisk_dag.py:135} INFO - ✅ Assa: flood=LOW(0.11) fire=LOW(0.05)
[2026-03-26T15:13:56.188+0000] {climarisk_dag.py:135} INFO - ✅ Zag: flood=LOW(0.03) fire=LOW(0.07)
[2026-03-26T15:13:57.720+0000] {climarisk_dag.py:135} INFO - ✅ Sidi Ifni: flood=LOW(0.15) fire=LOW(0.07)
[2026-03-26T15:13:59.248+0000] {climarisk_dag.py:135} INFO - ✅ Tiznit: flood=LOW(0.14) fire=LOW(0.07)
[2026-03-26T15:14:00.791+0000] {climarisk_dag.py:135} INFO - ✅ Tunis: flood=LOW(0.13) fire=LOW(0.05)
[2026-03-26T15:14:02.325+0000] {climarisk_dag.py:135} INFO - ✅ Kampala: flood=LOW(0.09) fire=LOW(0.05)
[2026-03-26T15:14:03.849+0000] {climarisk_dag.py:135} INFO - ✅ Dakar: flood=LOW(0.15) fire=LOW(0.09)
[2026-03-26T15:14:05.386+0000] {climarisk_dag.py:135} INFO - ✅ Kinshasa: flood=LOW(0.18) fire=LOW(0.05)
[2026-03-26T15:14:06.926+0000] {climarisk_dag.py:135} INFO - ✅ Luanda: flood=LOW(0.15) fire=LOW(0.13)
[2026-03-26T15:14:08.464+0000] {climarisk_dag.py:135} INFO - ✅ Khartoum: flood=LOW(0.15) fire=MEDIUM(0.34)
[2026-03-26T15:14:09.999+0000] {climarisk_dag.py:135} INFO - ✅ Harare: flood=LOW(0.03) fire=LOW(0.10)
[2026-03-26T15:14:11.531+0000] {climarisk_dag.py:135} INFO - ✅ Lusaka: flood=LOW(0.03) fire=LOW(0.09)
[2026-03-26T15:14:13.072+0000] {climarisk_dag.py:135} INFO - ✅ Maputo: flood=LOW(0.27) fire=LOW(0.05)
[2026-03-26T15:14:14.614+0000] {climarisk_dag.py:135} INFO - ✅ Antananarivo: flood=LOW(0.03) fire=LOW(0.08)
[2026-03-26T15:14:16.138+0000] {climarisk_dag.py:135} INFO - ✅ Abidjan: flood=LOW(0.15) fire=LOW(0.13)
[2026-03-26T15:14:17.672+0000] {climarisk_dag.py:135} INFO - ✅ Douala: flood=MEDIUM(0.33) fire=LOW(0.05)
[2026-03-26T15:14:19.202+0000] {climarisk_dag.py:135} INFO - ✅ Niamey: flood=LOW(0.29) fire=LOW(0.15)
[2026-03-26T15:14:19.032+0000] {climarisk_dag.py:135} INFO - ✅ Ouagadougou: flood=LOW(0.23) fire=LOW(0.16)
[2026-03-26T15:14:20.562+0000] {climarisk_dag.py:135} INFO - ✅ Bamako: flood=LOW(0.15) fire=LOW(0.26)
[2026-03-26T15:14:22.428+0000] {climarisk_dag.py:135} INFO - ✅ Windhoek: flood=LOW(0.04) fire=LOW(0.10)
[2026-03-26T15:14:23.960+0000] {climarisk_dag.py:135} INFO - ✅ Port Harcourt: flood=MEDIUM(0.50) fire=LOW(0.05)
[2026-03-26T15:14:25.496+0000] {climarisk_dag.py:135} INFO - ✅ Warri: flood=MEDIUM(0.54) fire=LOW(0.05)
[2026-03-26T15:14:27.026+0000] {climarisk_dag.py:135} INFO - ✅ Calabar: flood=MEDIUM(0.49) fire=LOW(0.05)
[2026-03-26T15:14:28.554+0000] {climarisk_dag.py:135} INFO - ✅ Beijing: flood=LOW(0.15) fire=LOW(0.08)
[2026-03-26T15:14:30.087+0000] {climarisk_dag.py:135} INFO - ✅ Shanghai: flood=MEDIUM(0.51) fire=LOW(0.05)
[2026-03-26T15:14:31.623+0000] {climarisk_dag.py:135} INFO - ✅ Guangzhou: flood=MEDIUM(0.38) fire=LOW(0.05)
[2026-03-26T15:14:33.160+0000] {climarisk_dag.py:135} INFO - ✅ Chengdu: flood=LOW(0.09) fire=LOW(0.05)
[2026-03-26T15:14:34.696+0000] {climarisk_dag.py:135} INFO - ✅ Wuhan: flood=MEDIUM(0.30) fire=LOW(0.07)
[2026-03-26T15:14:36.234+0000] {climarisk_dag.py:135} INFO - ✅ Chongqing: flood=LOW(0.16) fire=LOW(0.05)
[2026-03-26T15:14:37.759+0000] {climarisk_dag.py:135} INFO - ✅ Zhengzhou: flood=LOW(0.15) fire=LOW(0.09)
[2026-03-26T15:14:39.293+0000] {climarisk_dag.py:135} INFO - ✅ Changsha: flood=MEDIUM(0.40) fire=LOW(0.05)
[2026-03-26T15:14:40.824+0000] {climarisk_dag.py:135} INFO - ✅ Nanchang: flood=MEDIUM(0.51) fire=LOW(0.07)
[2026-03-26T15:14:42.353+0000] {climarisk_dag.py:135} INFO - ✅ Yichang: flood=LOW(0.15) fire=LOW(0.06)
[2026-03-26T15:14:43.886+0000] {climarisk_dag.py:135} INFO - ✅ Haikou: flood=LOW(0.15) fire=LOW(0.12)
[2026-03-26T15:14:45.415+0000] {climarisk_dag.py:135} INFO - ✅ Hong Kong: flood=LOW(0.15) fire=LOW(0.11)
[2026-03-26T15:14:46.951+0000] {climarisk_dag.py:135} INFO - ✅ Taipei: flood=LOW(0.15) fire=LOW(0.09)
[2026-03-26T15:14:46.751+0000] {climarisk_dag.py:135} INFO - ✅ Kaohsiung: flood=HIGH(0.84) fire=LOW(0.05)
[2026-03-26T15:14:48.292+0000] {climarisk_dag.py:135} INFO - ✅ Mumbai: flood=LOW(0.15) fire=LOW(0.13)
[2026-03-26T15:14:49.820+0000] {climarisk_dag.py:135} INFO - ✅ Delhi: flood=LOW(0.09) fire=LOW(0.18)
[2026-03-26T15:14:51.700+0000] {climarisk_dag.py:135} INFO - ✅ Bangalore: flood=LOW(0.06) fire=LOW(0.05)
[2026-03-26T15:14:53.237+0000] {climarisk_dag.py:135} INFO - ✅ Chennai: flood=LOW(0.15) fire=LOW(0.13)
[2026-03-26T15:14:54.769+0000] {climarisk_dag.py:135} INFO - ✅ Kolkata: flood=LOW(0.15) fire=LOW(0.12)
[2026-03-26T15:14:56.301+0000] {climarisk_dag.py:135} INFO - ✅ Patna: flood=LOW(0.15) fire=LOW(0.14)
[2026-03-26T15:14:57.827+0000] {climarisk_dag.py:135} INFO - ✅ Guwahati: flood=MEDIUM(0.34) fire=LOW(0.05)
[2026-03-26T15:14:59.361+0000] {climarisk_dag.py:135} INFO - ✅ Varanasi: flood=LOW(0.15) fire=LOW(0.14)
[2026-03-26T15:15:00.897+0000] {climarisk_dag.py:135} INFO - ✅ Muzaffarpur: flood=LOW(0.15) fire=LOW(0.11)
[2026-03-26T15:15:02.430+0000] {climarisk_dag.py:135} INFO - ✅ Visakhapatnam: flood=LOW(0.15) fire=LOW(0.13)
[2026-03-26T15:15:03.957+0000] {climarisk_dag.py:135} INFO - ✅ Vijayawada: flood=LOW(0.15) fire=LOW(0.13)
[2026-03-26T15:15:05.490+0000] {climarisk_dag.py:135} INFO - ✅ Tokyo: flood=MEDIUM(0.51) fire=LOW(0.06)
[2026-03-26T15:15:07.028+0000] {climarisk_dag.py:135} INFO - ✅ Osaka: flood=LOW(0.15) fire=LOW(0.06)
[2026-03-26T15:15:08.556+0000] {climarisk_dag.py:135} INFO - ✅ Sapporo: flood=LOW(0.29) fire=LOW(0.05)
[2026-03-26T15:15:10.080+0000] {climarisk_dag.py:135} INFO - ✅ Naha: flood=LOW(0.15) fire=LOW(0.11)
[2026-03-26T15:15:11.611+0000] {climarisk_dag.py:135} INFO - ✅ Seoul: flood=LOW(0.15) fire=LOW(0.05)
[2026-03-26T15:15:13.137+0000] {climarisk_dag.py:135} INFO - ✅ Busan: flood=LOW(0.15) fire=LOW(0.05)
[2026-03-26T15:15:14.661+0000] {climarisk_dag.py:135} INFO - ✅ Bangkok: flood=LOW(0.15) fire=LOW(0.14)
[2026-03-26T15:15:14.475+0000] {climarisk_dag.py:135} INFO - ✅ Chiang Mai: flood=LOW(0.15) fire=LOW(0.24)
[2026-03-26T15:15:16.012+0000] {climarisk_dag.py:135} INFO - ✅ Jakarta: flood=CRITICAL(0.97) fire=LOW(0.05)
[2026-03-26T15:15:17.543+0000] {climarisk_dag.py:135} INFO - ✅ Surabaya: flood=CRITICAL(0.97) fire=LOW(0.05)
[2026-03-26T15:15:19.070+0000] {climarisk_dag.py:135} INFO - ✅ Medan: flood=MEDIUM(0.55) fire=LOW(0.05)
[2026-03-26T15:15:20.977+0000] {climarisk_dag.py:135} INFO - ✅ Manila: flood=LOW(0.15) fire=LOW(0.14)
[2026-03-26T15:15:22.513+0000] {climarisk_dag.py:135} INFO - ✅ Cebu: flood=MEDIUM(0.54) fire=LOW(0.05)
[2026-03-26T15:15:24.041+0000] {climarisk_dag.py:135} INFO - ✅ Tacloban: flood=MEDIUM(0.41) fire=LOW(0.05)
[2026-03-26T15:15:25.572+0000] {climarisk_dag.py:135} INFO - ✅ Legazpi: flood=LOW(0.15) fire=LOW(0.11)
[2026-03-26T15:15:27.109+0000] {climarisk_dag.py:135} INFO - ✅ Zamboanga: flood=CRITICAL(0.94) fire=LOW(0.05)
[2026-03-26T15:15:28.642+0000] {climarisk_dag.py:135} INFO - ✅ Kuala Lumpur: flood=LOW(0.15) fire=LOW(0.14)
[2026-03-26T15:15:30.172+0000] {climarisk_dag.py:135} INFO - ✅ Singapore: flood=LOW(0.15) fire=LOW(0.14)
[2026-03-26T15:15:31.696+0000] {climarisk_dag.py:135} INFO - ✅ Ho Chi Minh City: flood=LOW(0.15) fire=LOW(0.12)
[2026-03-26T15:15:33.229+0000] {climarisk_dag.py:135} INFO - ✅ Hanoi: flood=LOW(0.15) fire=LOW(0.12)
[2026-03-26T15:15:34.757+0000] {climarisk_dag.py:135} INFO - ✅ Da Nang: flood=LOW(0.15) fire=LOW(0.11)
[2026-03-26T15:15:36.288+0000] {climarisk_dag.py:135} INFO - ✅ Can Tho: flood=LOW(0.15) fire=LOW(0.12)
[2026-03-26T15:15:37.815+0000] {climarisk_dag.py:135} INFO - ✅ My Tho: flood=LOW(0.15) fire=LOW(0.12)
[2026-03-26T15:15:39.348+0000] {climarisk_dag.py:135} INFO - ✅ Dhaka: flood=HIGH(0.75) fire=LOW(0.05)
[2026-03-26T15:15:40.889+0000] {climarisk_dag.py:135} INFO - ✅ Chittagong: flood=CRITICAL(0.98) fire=LOW(0.05)
[2026-03-26T15:15:42.416+0000] {climarisk_dag.py:135} INFO - ✅ Sylhet: flood=CRITICAL(0.97) fire=LOW(0.05)
[2026-03-26T15:15:43.942+0000] {climarisk_dag.py:135} INFO - ✅ Khulna: flood=HIGH(0.79) fire=LOW(0.05)
[2026-03-26T15:15:43.744+0000] {climarisk_dag.py:135} INFO - ✅ Cox's Bazar: flood=HIGH(0.85) fire=LOW(0.05)
[2026-03-26T15:15:45.275+0000] {climarisk_dag.py:135} INFO - ✅ Karachi: flood=LOW(0.15) fire=LOW(0.14)
[2026-03-26T15:15:46.806+0000] {climarisk_dag.py:135} INFO - ✅ Lahore: flood=LOW(0.14) fire=LOW(0.05)
[2026-03-26T15:15:48.339+0000] {climarisk_dag.py:135} INFO - ✅ Colombo: flood=LOW(0.15) fire=LOW(0.15)
[2026-03-26T15:15:50.245+0000] {climarisk_dag.py:135} INFO - ✅ Kathmandu: flood=LOW(0.08) fire=LOW(0.07)
[2026-03-26T15:15:51.789+0000] {climarisk_dag.py:135} INFO - ✅ Yangon: flood=LOW(0.15) fire=LOW(0.14)
[2026-03-26T15:15:53.321+0000] {climarisk_dag.py:135} INFO - ✅ Sittwe: flood=LOW(0.15) fire=LOW(0.13)
[2026-03-26T15:15:54.853+0000] {climarisk_dag.py:135} INFO - ✅ Phnom Penh: flood=LOW(0.15) fire=LOW(0.14)
[2026-03-26T15:15:56.386+0000] {climarisk_dag.py:135} INFO - ✅ Riyadh: flood=LOW(0.18) fire=LOW(0.05)
[2026-03-26T15:15:57.911+0000] {climarisk_dag.py:135} INFO - ✅ Dubai: flood=LOW(0.25) fire=LOW(0.05)
[2026-03-26T15:15:59.451+0000] {climarisk_dag.py:135} INFO - ✅ Tehran: flood=LOW(0.01) fire=LOW(0.05)
[2026-03-26T15:16:00.989+0000] {climarisk_dag.py:135} INFO - ✅ Istanbul: flood=LOW(0.19) fire=LOW(0.05)
[2026-03-26T15:16:02.521+0000] {climarisk_dag.py:135} INFO - ✅ Ankara: flood=LOW(0.02) fire=LOW(0.05)
[2026-03-26T15:16:04.058+0000] {climarisk_dag.py:135} INFO - ✅ Baghdad: flood=LOW(0.18) fire=LOW(0.08)
[2026-03-26T15:16:05.594+0000] {climarisk_dag.py:135} INFO - ✅ Baku: flood=LOW(0.17) fire=LOW(0.05)
[2026-03-26T15:16:07.126+0000] {climarisk_dag.py:135} INFO - ✅ Tashkent: flood=LOW(0.07) fire=LOW(0.09)
[2026-03-26T15:16:08.655+0000] {climarisk_dag.py:135} INFO - ✅ Almaty: flood=LOW(0.03) fire=LOW(0.05)
[2026-03-26T15:16:10.189+0000] {climarisk_dag.py:135} INFO - ✅ Guam: flood=MEDIUM(0.68) fire=LOW(0.05)
[2026-03-26T15:16:11.715+0000] {climarisk_dag.py:135} INFO - ✅ Paris: flood=MEDIUM(0.34) fire=LOW(0.05)
[2026-03-26T15:16:11.538+0000] {climarisk_dag.py:135} INFO - ✅ Lyon: flood=LOW(0.10) fire=LOW(0.05)
[2026-03-26T15:16:13.073+0000] {climarisk_dag.py:135} INFO - ✅ Marseille: flood=LOW(0.15) fire=LOW(0.05)
[2026-03-26T15:16:14.599+0000] {climarisk_dag.py:135} INFO - ✅ Toulouse: flood=LOW(0.04) fire=LOW(0.05)
[2026-03-26T15:16:16.131+0000] {climarisk_dag.py:135} INFO - ✅ Bordeaux: flood=LOW(0.12) fire=LOW(0.05)
[2026-03-26T15:16:17.656+0000] {climarisk_dag.py:135} INFO - ✅ Nantes: flood=LOW(0.23) fire=LOW(0.05)
[2026-03-26T15:16:19.545+0000] {climarisk_dag.py:135} INFO - ✅ Strasbourg: flood=LOW(0.05) fire=LOW(0.05)
[2026-03-26T15:16:21.080+0000] {climarisk_dag.py:135} INFO - ✅ Lille: flood=LOW(0.28) fire=LOW(0.05)
[2026-03-26T15:16:22.619+0000] {climarisk_dag.py:135} INFO - ✅ Montpellier: flood=LOW(0.11) fire=LOW(0.05)
[2026-03-26T15:16:24.149+0000] {climarisk_dag.py:135} INFO - ✅ Nice: flood=LOW(0.15) fire=LOW(0.05)
[2026-03-26T15:16:25.684+0000] {climarisk_dag.py:135} INFO - ✅ London: flood=LOW(0.26) fire=LOW(0.05)
[2026-03-26T15:16:27.215+0000] {climarisk_dag.py:135} INFO - ✅ Birmingham: flood=LOW(0.08) fire=LOW(0.05)
[2026-03-26T15:16:28.741+0000] {climarisk_dag.py:135} INFO - ✅ Manchester: flood=LOW(0.26) fire=LOW(0.05)
[2026-03-26T15:16:30.272+0000] {climarisk_dag.py:135} INFO - ✅ Berlin: flood=LOW(0.15) fire=LOW(0.05)
[2026-03-26T15:16:31.807+0000] {climarisk_dag.py:135} INFO - ✅ Hamburg: flood=MEDIUM(0.42) fire=LOW(0.05)
[2026-03-26T15:16:33.337+0000] {climarisk_dag.py:135} INFO - ✅ Munich: flood=LOW(0.10) fire=LOW(0.05)
[2026-03-26T15:16:34.863+0000] {climarisk_dag.py:135} INFO - ✅ Frankfurt: flood=LOW(0.12) fire=LOW(0.05)
[2026-03-26T15:16:36.391+0000] {climarisk_dag.py:135} INFO - ✅ Madrid: flood=LOW(0.07) fire=LOW(0.06)
[2026-03-26T15:16:37.921+0000] {climarisk_dag.py:135} INFO - ✅ Barcelona: flood=LOW(0.12) fire=LOW(0.05)
[2026-03-26T15:16:39.459+0000] {climarisk_dag.py:135} INFO - ✅ Valencia: flood=LOW(0.15) fire=LOW(0.09)
[2026-03-26T15:16:40.233+0000] {climarisk_dag.py:135} INFO - ✅ Malaga: flood=LOW(0.15) fire=LOW(0.06)
[2026-03-26T15:16:40.783+0000] {climarisk_dag.py:135} INFO - ✅ Rome: flood=LOW(0.10) fire=LOW(0.05)
[2026-03-26T15:16:42.311+0000] {climarisk_dag.py:135} INFO - ✅ Milan: flood=LOW(0.15) fire=LOW(0.07)
[2026-03-26T15:16:43.843+0000] {climarisk_dag.py:135} INFO - ✅ Palermo: flood=LOW(0.14) fire=LOW(0.06)
[2026-03-26T15:16:45.370+0000] {climarisk_dag.py:135} INFO - ✅ Amsterdam: flood=MEDIUM(0.43) fire=LOW(0.05)
[2026-03-26T15:16:46.906+0000] {climarisk_dag.py:135} INFO - ✅ Brussels: flood=MEDIUM(0.37) fire=LOW(0.05)
[2026-03-26T15:16:48.842+0000] {climarisk_dag.py:135} INFO - ✅ Vienna: flood=LOW(0.14) fire=LOW(0.05)
[2026-03-26T15:16:50.376+0000] {climarisk_dag.py:135} INFO - ✅ Zurich: flood=LOW(0.12) fire=LOW(0.05)
[2026-03-26T15:16:51.904+0000] {climarisk_dag.py:135} INFO - ✅ Stockholm: flood=LOW(0.15) fire=LOW(0.05)
[2026-03-26T15:16:53.432+0000] {climarisk_dag.py:135} INFO - ✅ Oslo: flood=MEDIUM(0.42) fire=LOW(0.05)
[2026-03-26T15:16:54.966+0000] {climarisk_dag.py:135} INFO - ✅ Copenhagen: flood=MEDIUM(0.35) fire=LOW(0.05)
[2026-03-26T15:16:56.498+0000] {climarisk_dag.py:135} INFO - ✅ Helsinki: flood=LOW(0.15) fire=LOW(0.05)
[2026-03-26T15:16:58.037+0000] {climarisk_dag.py:135} INFO - ✅ Warsaw: flood=LOW(0.07) fire=LOW(0.05)
[2026-03-26T15:16:59.564+0000] {climarisk_dag.py:135} INFO - ✅ Prague: flood=LOW(0.09) fire=LOW(0.05)
[2026-03-26T15:17:01.097+0000] {climarisk_dag.py:135} INFO - ✅ Budapest: flood=LOW(0.09) fire=LOW(0.05)
[2026-03-26T15:17:02.628+0000] {climarisk_dag.py:135} INFO - ✅ Bucharest: flood=LOW(0.22) fire=LOW(0.05)
[2026-03-26T15:17:04.163+0000] {climarisk_dag.py:135} INFO - ✅ Athens: flood=LOW(0.18) fire=LOW(0.05)
[2026-03-26T15:17:05.699+0000] {climarisk_dag.py:135} INFO - ✅ Thessaloniki: flood=LOW(0.21) fire=LOW(0.05)
[2026-03-26T15:17:07.230+0000] {climarisk_dag.py:135} INFO - ✅ Lisbon: flood=LOW(0.15) fire=LOW(0.13)
[2026-03-26T15:17:08.763+0000] {climarisk_dag.py:135} INFO - ✅ Moscow: flood=LOW(0.06) fire=LOW(0.05)
[2026-03-26T15:17:08.578+0000] {climarisk_dag.py:135} INFO - ✅ Saint Petersburg: flood=LOW(0.15) fire=LOW(0.05)
[2026-03-26T15:17:10.108+0000] {climarisk_dag.py:135} INFO - ✅ Krasnoyarsk: flood=LOW(0.06) fire=LOW(0.05)
[2026-03-26T15:17:11.640+0000] {climarisk_dag.py:135} INFO - ✅ Irkutsk: flood=LOW(0.07) fire=LOW(0.05)
[2026-03-26T15:17:13.168+0000] {climarisk_dag.py:135} INFO - ✅ Yakutsk: flood=LOW(0.04) fire=LOW(0.05)
[2026-03-26T15:17:14.697+0000] {climarisk_dag.py:135} INFO - ✅ Khabarovsk: flood=LOW(0.30) fire=LOW(0.05)
[2026-03-26T15:17:16.227+0000] {climarisk_dag.py:135} INFO - ✅ Kyiv: flood=LOW(0.15) fire=LOW(0.05)
[2026-03-26T15:17:18.200+0000] {climarisk_dag.py:135} INFO - ✅ New York: flood=LOW(0.21) fire=LOW(0.05)
[2026-03-26T15:17:19.730+0000] {climarisk_dag.py:135} INFO - ✅ Los Angeles: flood=LOW(0.15) fire=LOW(0.25)
[2026-03-26T15:17:21.258+0000] {climarisk_dag.py:135} INFO - ✅ Chicago: flood=LOW(0.11) fire=LOW(0.05)
[2026-03-26T15:17:22.787+0000] {climarisk_dag.py:135} INFO - ✅ Houston: flood=LOW(0.15) fire=LOW(0.12)
[2026-03-26T15:17:24.325+0000] {climarisk_dag.py:135} INFO - ✅ Miami: flood=MEDIUM(0.44) fire=LOW(0.05)
[2026-03-26T15:17:25.855+0000] {climarisk_dag.py:135} INFO - ✅ New Orleans: flood=LOW(0.15) fire=LOW(0.19)
[2026-03-26T15:17:27.390+0000] {climarisk_dag.py:135} INFO - ✅ Seattle: flood=LOW(0.15) fire=LOW(0.05)
[2026-03-26T15:17:28.916+0000] {climarisk_dag.py:135} INFO - ✅ Sacramento: flood=LOW(0.15) fire=LOW(0.09)
[2026-03-26T15:17:30.443+0000] {climarisk_dag.py:135} INFO - ✅ Fresno: flood=LOW(0.15) fire=LOW(0.17)
[2026-03-26T15:17:31.973+0000] {climarisk_dag.py:135} INFO - ✅ Redding: flood=LOW(0.15) fire=LOW(0.06)
[2026-03-26T15:17:33.503+0000] {climarisk_dag.py:135} INFO - ✅ Memphis: flood=LOW(0.16) fire=LOW(0.05)
[2026-03-26T15:17:35.039+0000] {climarisk_dag.py:135} INFO - ✅ Toronto: flood=LOW(0.18) fire=LOW(0.05)
[2026-03-26T15:17:36.578+0000] {climarisk_dag.py:135} INFO - ✅ Montreal: flood=MEDIUM(0.38) fire=LOW(0.05)
[2026-03-26T15:17:36.382+0000] {climarisk_dag.py:135} INFO - ✅ Vancouver: flood=LOW(0.15) fire=LOW(0.05)
[2026-03-26T15:17:37.916+0000] {climarisk_dag.py:135} INFO - ✅ Mexico City: flood=LOW(0.03) fire=LOW(0.05)
[2026-03-26T15:17:39.454+0000] {climarisk_dag.py:135} INFO - ✅ Veracruz: flood=MEDIUM(0.48) fire=LOW(0.05)
[2026-03-26T15:17:40.983+0000] {climarisk_dag.py:135} INFO - ✅ Cancún: flood=LOW(0.15) fire=LOW(0.10)
[2026-03-26T15:17:42.506+0000] {climarisk_dag.py:135} INFO - ✅ São Paulo: flood=LOW(0.12) fire=LOW(0.05)
[2026-03-26T15:17:44.037+0000] {climarisk_dag.py:135} INFO - ✅ Rio de Janeiro: flood=LOW(0.15) fire=LOW(0.11)
[2026-03-26T15:17:45.574+0000] {climarisk_dag.py:135} INFO - ✅ Belém: flood=MEDIUM(0.50) fire=LOW(0.05)
[2026-03-26T15:17:47.470+0000] {climarisk_dag.py:135} INFO - ✅ Marabá: flood=MEDIUM(0.33) fire=LOW(0.13)
[2026-03-26T15:17:49.004+0000] {climarisk_dag.py:135} INFO - ✅ Sinop: flood=MEDIUM(0.35) fire=LOW(0.05)
[2026-03-26T15:17:50.539+0000] {climarisk_dag.py:135} INFO - ✅ Porto Velho: flood=MEDIUM(0.46) fire=LOW(0.05)
[2026-03-26T15:17:52.065+0000] {climarisk_dag.py:135} INFO - ✅ Buenos Aires: flood=MEDIUM(0.34) fire=LOW(0.05)
[2026-03-26T15:17:53.598+0000] {climarisk_dag.py:135} INFO - ✅ Lima: flood=LOW(0.07) fire=LOW(0.10)
[2026-03-26T15:17:55.124+0000] {climarisk_dag.py:135} INFO - ✅ Bogotá: flood=LOW(0.08) fire=LOW(0.05)
[2026-03-26T15:17:56.659+0000] {climarisk_dag.py:135} INFO - ✅ Santiago: flood=LOW(0.07) fire=LOW(0.06)
[2026-03-26T15:17:58.193+0000] {climarisk_dag.py:135} INFO - ✅ Port-au-Prince: flood=MEDIUM(0.43) fire=LOW(0.13)
[2026-03-26T15:17:59.722+0000] {climarisk_dag.py:135} INFO - ✅ San Juan: flood=MEDIUM(0.66) fire=LOW(0.05)
[2026-03-26T15:18:01.250+0000] {climarisk_dag.py:135} INFO - ✅ Kingston: flood=MEDIUM(0.35) fire=LOW(0.05)
[2026-03-26T15:18:02.788+0000] {climarisk_dag.py:135} INFO - ✅ Port of Spain: flood=LOW(0.15) fire=LOW(0.14)
[2026-03-26T15:18:04.313+0000] {climarisk_dag.py:135} INFO - ✅ Sydney: flood=LOW(0.24) fire=LOW(0.05)
[2026-03-26T15:18:05.119+0000] {climarisk_dag.py:135} INFO - ✅ Melbourne: flood=MEDIUM(0.46) fire=LOW(0.07)
[2026-03-26T15:18:05.672+0000] {climarisk_dag.py:135} INFO - ✅ Brisbane: flood=LOW(0.15) fire=LOW(0.10)
[2026-03-26T15:18:07.201+0000] {climarisk_dag.py:135} INFO - ✅ Darwin: flood=MEDIUM(0.64) fire=LOW(0.12)
[2026-03-26T15:18:08.734+0000] {climarisk_dag.py:135} INFO - ✅ Alice Springs: flood=LOW(0.07) fire=LOW(0.07)
[2026-03-26T15:18:10.268+0000] {climarisk_dag.py:135} INFO - ✅ Cairns: flood=LOW(0.15) fire=LOW(0.09)
[2026-03-26T15:18:11.805+0000] {climarisk_dag.py:135} INFO - ✅ Auckland: flood=LOW(0.26) fire=LOW(0.09)
[2026-03-26T15:18:13.330+0000] {climarisk_dag.py:135} INFO - ✅ Port Moresby: flood=MEDIUM(0.51) fire=LOW(0.05)
[2026-03-26T15:18:14.840+0000] {climarisk_dag.py:147} INFO - ✅ Done: 291 OK, 0 errors, 425.6s
[2026-03-26T15:18:14.862+0000] {python.py:237} INFO - Done. Returned value was: None
[2026-03-26T15:18:14.863+0000] {taskinstance.py:441} INFO - ::group::Post task execution logs
[2026-03-26T15:18:14.874+0000] {taskinstance.py:1206} INFO - Marking task as SUCCESS. dag_id=***_predictions, task_id=predict_all_zones, run_id=scheduled__2026-03-26T10:00:00+00:00, execution_date=20260326T100000, start_date=20260326T151108, end_date=20260326T151814
[2026-03-26T15:18:14.920+0000] {local_task_job_runner.py:240} INFO - Task exited with return code 0
[2026-03-26T15:18:14.943+0000] {taskinstance.py:3498} INFO - 1 downstream tasks scheduled from follow-on schedule check
[2026-03-26T15:18:14.945+0000] {local_task_job_runner.py:222} INFO - ::endgroup::
