[2026-03-25T16:14:26.639+0000] {local_task_job_runner.py:120} INFO - ::group::Pre task execution logs
[2026-03-25T16:14:26.678+0000] {taskinstance.py:2076} INFO - Dependencies all met for dep_context=non-requeueable deps ti=<TaskInstance: climarisk_predictions.predict_all_zones scheduled__2026-03-25T16:00:00+00:00 [queued]>
[2026-03-25T16:14:26.687+0000] {taskinstance.py:2076} INFO - Dependencies all met for dep_context=requeueable deps ti=<TaskInstance: climarisk_predictions.predict_all_zones scheduled__2026-03-25T16:00:00+00:00 [queued]>
[2026-03-25T16:14:26.688+0000] {taskinstance.py:2306} INFO - Starting attempt 2 of 2
[2026-03-25T16:14:26.703+0000] {taskinstance.py:2330} INFO - Executing <Task(PythonOperator): predict_all_zones> on 2026-03-25 16:00:00+00:00
[2026-03-25T16:14:26.711+0000] {logging_mixin.py:188} WARNING - /home/airflow/.local/lib/python3.12/site-packages/airflow/task/task_runner/standard_task_runner.py:61 DeprecationWarning: This process (pid=963) is multi-threaded, use of fork() may lead to deadlocks in the child.
[2026-03-25T16:14:26.711+0000] {standard_task_runner.py:90} INFO - Running: ['airflow', 'tasks', 'run', '***_predictions', 'predict_all_zones', 'scheduled__2026-03-25T16:00:00+00:00', '--job-id', '575', '--raw', '--subdir', 'DAGS_FOLDER/***_dag.py', '--cfg-path', '/tmp/tmpfwlskhs9']
[2026-03-25T16:14:26.712+0000] {standard_task_runner.py:63} INFO - Started process 964 to run task
[2026-03-25T16:14:26.713+0000] {standard_task_runner.py:91} INFO - Job 575: Subtask predict_all_zones
[2026-03-25T16:14:26.788+0000] {task_command.py:426} INFO - Running <TaskInstance: climarisk_predictions.predict_all_zones scheduled__2026-03-25T16:00:00+00:00 [running]> on host 6146f0e8983c
[2026-03-25T16:14:26.898+0000] {taskinstance.py:2648} INFO - Exporting env vars: AIRFLOW_CTX_DAG_OWNER='***' AIRFLOW_CTX_DAG_ID='***_predictions' AIRFLOW_CTX_TASK_ID='predict_all_zones' AIRFLOW_CTX_EXECUTION_DATE='2026-03-25T16:00:00+00:00' AIRFLOW_CTX_TRY_NUMBER='2' AIRFLOW_CTX_DAG_RUN_ID='scheduled__2026-03-25T16:00:00+00:00'
[2026-03-25T16:14:26.899+0000] {taskinstance.py:430} INFO - ::endgroup::
[2026-03-25T16:14:27.601+0000] {climarisk_dag.py:152} ERROR - ❌ Alger: 500 Server Error: Internal Server Error for url: http://backend:8000/api/predictions/flood/1
[2026-03-25T16:14:27.980+0000] {climarisk_dag.py:152} ERROR - ❌ Cairo: 500 Server Error: Internal Server Error for url: http://backend:8000/api/predictions/flood/2
[2026-03-25T16:14:28.381+0000] {climarisk_dag.py:152} ERROR - ❌ Lagos: 500 Server Error: Internal Server Error for url: http://backend:8000/api/predictions/flood/3
[2026-03-25T16:14:28.809+0000] {climarisk_dag.py:152} ERROR - ❌ Kano: 500 Server Error: Internal Server Error for url: http://backend:8000/api/predictions/flood/4
[2026-03-25T16:14:29.260+0000] {climarisk_dag.py:152} ERROR - ❌ Abuja: 500 Server Error: Internal Server Error for url: http://backend:8000/api/predictions/flood/5
[2026-03-25T16:14:29.691+0000] {climarisk_dag.py:152} ERROR - ❌ Johannesburg: 500 Server Error: Internal Server Error for url: http://backend:8000/api/predictions/flood/6
[2026-03-25T16:14:30.098+0000] {climarisk_dag.py:152} ERROR - ❌ Cape Town: 500 Server Error: Internal Server Error for url: http://backend:8000/api/predictions/flood/7
[2026-03-25T16:14:30.480+0000] {climarisk_dag.py:152} ERROR - ❌ Nairobi: 500 Server Error: Internal Server Error for url: http://backend:8000/api/predictions/flood/8
[2026-03-25T16:14:30.865+0000] {climarisk_dag.py:152} ERROR - ❌ Addis Ababa: 500 Server Error: Internal Server Error for url: http://backend:8000/api/predictions/flood/9
[2026-03-25T16:14:31.247+0000] {climarisk_dag.py:152} ERROR - ❌ Dar es Salaam: 500 Server Error: Internal Server Error for url: http://backend:8000/api/predictions/flood/10
[2026-03-25T16:14:31.674+0000] {climarisk_dag.py:152} ERROR - ❌ Accra: 500 Server Error: Internal Server Error for url: http://backend:8000/api/predictions/flood/11
[2026-03-25T16:14:32.130+0000] {climarisk_dag.py:152} ERROR - ❌ Casablanca: 500 Server Error: Internal Server Error for url: http://backend:8000/api/predictions/flood/12
[2026-03-25T16:14:32.518+0000] {climarisk_dag.py:152} ERROR - ❌ Mohammedia: 500 Server Error: Internal Server Error for url: http://backend:8000/api/predictions/flood/13
[2026-03-25T16:14:33.890+0000] {climarisk_dag.py:152} ERROR - ❌ El Jadida: 500 Server Error: Internal Server Error for url: http://backend:8000/api/predictions/flood/14
[2026-03-25T16:14:34.354+0000] {climarisk_dag.py:152} ERROR - ❌ Settat: 500 Server Error: Internal Server Error for url: http://backend:8000/api/predictions/flood/15
[2026-03-25T16:14:34.774+0000] {climarisk_dag.py:152} ERROR - ❌ Berrechid: 500 Server Error: Internal Server Error for url: http://backend:8000/api/predictions/flood/16
[2026-03-25T16:14:35.151+0000] {climarisk_dag.py:152} ERROR - ❌ Benslimane: 500 Server Error: Internal Server Error for url: http://backend:8000/api/predictions/flood/17
[2026-03-25T16:14:35.572+0000] {climarisk_dag.py:152} ERROR - ❌ Sidi Bennour: 500 Server Error: Internal Server Error for url: http://backend:8000/api/predictions/flood/18
[2026-03-25T16:14:35.949+0000] {climarisk_dag.py:152} ERROR - ❌ Azemmour: 500 Server Error: Internal Server Error for url: http://backend:8000/api/predictions/flood/19
[2026-03-25T16:14:36.330+0000] {climarisk_dag.py:152} ERROR - ❌ Mediouna: 500 Server Error: Internal Server Error for url: http://backend:8000/api/predictions/flood/20
[2026-03-25T16:14:36.707+0000] {climarisk_dag.py:152} ERROR - ❌ Nouaceur: 500 Server Error: Internal Server Error for url: http://backend:8000/api/predictions/flood/21
[2026-03-25T16:14:37.076+0000] {climarisk_dag.py:152} ERROR - ❌ Rabat: 500 Server Error: Internal Server Error for url: http://backend:8000/api/predictions/flood/22
[2026-03-25T16:14:37.569+0000] {climarisk_dag.py:152} ERROR - ❌ Salé: 500 Server Error: Internal Server Error for url: http://backend:8000/api/predictions/flood/23
[2026-03-25T16:14:38.025+0000] {climarisk_dag.py:152} ERROR - ❌ Kénitra: 500 Server Error: Internal Server Error for url: http://backend:8000/api/predictions/flood/24
[2026-03-25T16:14:38.438+0000] {climarisk_dag.py:152} ERROR - ❌ Témara: 500 Server Error: Internal Server Error for url: http://backend:8000/api/predictions/flood/25
[2026-03-25T16:14:38.875+0000] {climarisk_dag.py:152} ERROR - ❌ Skhirat: 500 Server Error: Internal Server Error for url: http://backend:8000/api/predictions/flood/26
[2026-03-25T16:14:39.263+0000] {climarisk_dag.py:152} ERROR - ❌ Tiflet: 500 Server Error: Internal Server Error for url: http://backend:8000/api/predictions/flood/27
[2026-03-25T16:14:39.690+0000] {climarisk_dag.py:152} ERROR - ❌ Khémisset: 500 Server Error: Internal Server Error for url: http://backend:8000/api/predictions/flood/28
[2026-03-25T16:14:40.124+0000] {climarisk_dag.py:152} ERROR - ❌ Sidi Slimane: 500 Server Error: Internal Server Error for url: http://backend:8000/api/predictions/flood/29
[2026-03-25T16:14:40.553+0000] {climarisk_dag.py:152} ERROR - ❌ Sidi Kacem: 500 Server Error: Internal Server Error for url: http://backend:8000/api/predictions/flood/30
[2026-03-25T16:14:40.910+0000] {climarisk_dag.py:152} ERROR - ❌ Souk el Arba: 500 Server Error: Internal Server Error for url: http://backend:8000/api/predictions/flood/31
[2026-03-25T16:14:41.296+0000] {climarisk_dag.py:152} ERROR - ❌ Ouazzane: 500 Server Error: Internal Server Error for url: http://backend:8000/api/predictions/flood/32
[2026-03-25T16:14:41.755+0000] {climarisk_dag.py:152} ERROR - ❌ Fès: 500 Server Error: Internal Server Error for url: http://backend:8000/api/predictions/flood/33
[2026-03-25T16:14:42.137+0000] {climarisk_dag.py:152} ERROR - ❌ Meknès: 500 Server Error: Internal Server Error for url: http://backend:8000/api/predictions/flood/34
[2026-03-25T16:14:42.635+0000] {climarisk_dag.py:152} ERROR - ❌ Ifrane: 500 Server Error: Internal Server Error for url: http://backend:8000/api/predictions/flood/35
[2026-03-25T16:14:42.997+0000] {climarisk_dag.py:152} ERROR - ❌ Azrou: 500 Server Error: Internal Server Error for url: http://backend:8000/api/predictions/flood/36
[2026-03-25T16:14:43.358+0000] {climarisk_dag.py:152} ERROR - ❌ Taounate: 500 Server Error: Internal Server Error for url: http://backend:8000/api/predictions/flood/37
[2026-03-25T16:14:43.760+0000] {climarisk_dag.py:152} ERROR - ❌ Taza: 500 Server Error: Internal Server Error for url: http://backend:8000/api/predictions/flood/38
[2026-03-25T16:14:44.126+0000] {climarisk_dag.py:152} ERROR - ❌ Sefrou: 500 Server Error: Internal Server Error for url: http://backend:8000/api/predictions/flood/39
[2026-03-25T16:14:44.559+0000] {climarisk_dag.py:152} ERROR - ❌ Boulemane: 500 Server Error: Internal Server Error for url: http://backend:8000/api/predictions/flood/40
[2026-03-25T16:14:45.050+0000] {climarisk_dag.py:152} ERROR - ❌ El Hajeb: 500 Server Error: Internal Server Error for url: http://backend:8000/api/predictions/flood/41
[2026-03-25T16:14:45.477+0000] {climarisk_dag.py:152} ERROR - ❌ Missour: 500 Server Error: Internal Server Error for url: http://backend:8000/api/predictions/flood/42
[2026-03-25T16:14:45.835+0000] {climarisk_dag.py:152} ERROR - ❌ Guercif: 500 Server Error: Internal Server Error for url: http://backend:8000/api/predictions/flood/43
[2026-03-25T16:14:46.122+0000] {climarisk_dag.py:152} ERROR - ❌ Marrakech: 500 Server Error: Internal Server Error for url: http://backend:8000/api/predictions/flood/44
[2026-03-25T16:14:46.559+0000] {climarisk_dag.py:152} ERROR - ❌ Safi: 500 Server Error: Internal Server Error for url: http://backend:8000/api/predictions/flood/45
[2026-03-25T16:14:47.006+0000] {climarisk_dag.py:152} ERROR - ❌ Essaouira: 500 Server Error: Internal Server Error for url: http://backend:8000/api/predictions/flood/46
[2026-03-25T16:14:47.415+0000] {climarisk_dag.py:152} ERROR - ❌ El Kelaa des Sraghna: 500 Server Error: Internal Server Error for url: http://backend:8000/api/predictions/flood/47
[2026-03-25T16:14:47.849+0000] {climarisk_dag.py:152} ERROR - ❌ Chichaoua: 500 Server Error: Internal Server Error for url: http://backend:8000/api/predictions/flood/48
[2026-03-25T16:14:48.205+0000] {climarisk_dag.py:152} ERROR - ❌ Youssoufia: 500 Server Error: Internal Server Error for url: http://backend:8000/api/predictions/flood/49
[2026-03-25T16:14:48.624+0000] {climarisk_dag.py:152} ERROR - ❌ Ben Guerir: 500 Server Error: Internal Server Error for url: http://backend:8000/api/predictions/flood/50
[2026-03-25T16:14:49.047+0000] {climarisk_dag.py:152} ERROR - ❌ Tahanaout: 500 Server Error: Internal Server Error for url: http://backend:8000/api/predictions/flood/51
[2026-03-25T16:14:49.411+0000] {climarisk_dag.py:152} ERROR - ❌ Ait Ourir: 500 Server Error: Internal Server Error for url: http://backend:8000/api/predictions/flood/52
[2026-03-25T16:14:49.826+0000] {climarisk_dag.py:152} ERROR - ❌ Demnate: 500 Server Error: Internal Server Error for url: http://backend:8000/api/predictions/flood/53
[2026-03-25T16:14:50.255+0000] {climarisk_dag.py:152} ERROR - ❌ Tanger: 500 Server Error: Internal Server Error for url: http://backend:8000/api/predictions/flood/54
[2026-03-25T16:14:50.673+0000] {climarisk_dag.py:152} ERROR - ❌ Tétouan: 500 Server Error: Internal Server Error for url: http://backend:8000/api/predictions/flood/55
[2026-03-25T16:14:51.041+0000] {climarisk_dag.py:152} ERROR - ❌ Al Hoceïma: 500 Server Error: Internal Server Error for url: http://backend:8000/api/predictions/flood/56
[2026-03-25T16:14:51.434+0000] {climarisk_dag.py:152} ERROR - ❌ Larache: 500 Server Error: Internal Server Error for url: http://backend:8000/api/predictions/flood/57
[2026-03-25T16:14:51.830+0000] {climarisk_dag.py:152} ERROR - ❌ Chefchaouen: 500 Server Error: Internal Server Error for url: http://backend:8000/api/predictions/flood/58
[2026-03-25T16:14:52.205+0000] {climarisk_dag.py:152} ERROR - ❌ Asilah: 500 Server Error: Internal Server Error for url: http://backend:8000/api/predictions/flood/59
[2026-03-25T16:14:52.674+0000] {climarisk_dag.py:152} ERROR - ❌ Fnideq: 500 Server Error: Internal Server Error for url: http://backend:8000/api/predictions/flood/60
[2026-03-25T16:14:53.033+0000] {climarisk_dag.py:152} ERROR - ❌ Martil: 500 Server Error: Internal Server Error for url: http://backend:8000/api/predictions/flood/61
[2026-03-25T16:14:53.398+0000] {climarisk_dag.py:152} ERROR - ❌ Mdiq: 500 Server Error: Internal Server Error for url: http://backend:8000/api/predictions/flood/62
[2026-03-25T16:14:53.774+0000] {climarisk_dag.py:152} ERROR - ❌ Ksar el Kebir: 500 Server Error: Internal Server Error for url: http://backend:8000/api/predictions/flood/63
[2026-03-25T16:14:54.131+0000] {climarisk_dag.py:152} ERROR - ❌ Ouazzane: 500 Server Error: Internal Server Error for url: http://backend:8000/api/predictions/flood/64
[2026-03-25T16:14:54.570+0000] {climarisk_dag.py:152} ERROR - ❌ Targuist: 500 Server Error: Internal Server Error for url: http://backend:8000/api/predictions/flood/65
[2026-03-25T16:14:54.938+0000] {climarisk_dag.py:152} ERROR - ❌ Imzouren: 500 Server Error: Internal Server Error for url: http://backend:8000/api/predictions/flood/66
[2026-03-25T16:14:55.302+0000] {climarisk_dag.py:152} ERROR - ❌ Beni Mellal-Khenifra: 500 Server Error: Internal Server Error for url: http://backend:8000/api/predictions/flood/67
[2026-03-25T16:14:55.729+0000] {climarisk_dag.py:152} ERROR - ❌ Khénifra: 500 Server Error: Internal Server Error for url: http://backend:8000/api/predictions/flood/68
[2026-03-25T16:14:56.100+0000] {climarisk_dag.py:152} ERROR - ❌ Azilal: 500 Server Error: Internal Server Error for url: http://backend:8000/api/predictions/flood/69
[2026-03-25T16:14:56.545+0000] {climarisk_dag.py:152} ERROR - ❌ Nanjing: 500 Server Error: Internal Server Error for url: http://backend:8000/api/predictions/flood/142
[2026-03-25T16:14:56.960+0000] {climarisk_dag.py:152} ERROR - ❌ Khouribga: 500 Server Error: Internal Server Error for url: http://backend:8000/api/predictions/flood/70
[2026-03-25T16:14:57.328+0000] {climarisk_dag.py:152} ERROR - ❌ Fkih Ben Salah: 500 Server Error: Internal Server Error for url: http://backend:8000/api/predictions/flood/71
[2026-03-25T16:14:57.696+0000] {climarisk_dag.py:152} ERROR - ❌ Souk Sebt: 500 Server Error: Internal Server Error for url: http://backend:8000/api/predictions/flood/72
[2026-03-25T16:14:58.128+0000] {climarisk_dag.py:152} ERROR - ❌ Midelt: 500 Server Error: Internal Server Error for url: http://backend:8000/api/predictions/flood/73
[2026-03-25T16:14:58.501+0000] {climarisk_dag.py:152} ERROR - ❌ Zaouiat Cheikh: 500 Server Error: Internal Server Error for url: http://backend:8000/api/predictions/flood/74
[2026-03-25T16:14:58.934+0000] {climarisk_dag.py:152} ERROR - ❌ Oujda: 500 Server Error: Internal Server Error for url: http://backend:8000/api/predictions/flood/75
[2026-03-25T16:14:59.385+0000] {climarisk_dag.py:152} ERROR - ❌ Nador: 500 Server Error: Internal Server Error for url: http://backend:8000/api/predictions/flood/76
[2026-03-25T16:14:59.813+0000] {climarisk_dag.py:152} ERROR - ❌ Berkane: 500 Server Error: Internal Server Error for url: http://backend:8000/api/predictions/flood/77
[2026-03-25T16:15:00.234+0000] {climarisk_dag.py:152} ERROR - ❌ Taourirt: 500 Server Error: Internal Server Error for url: http://backend:8000/api/predictions/flood/78
[2026-03-25T16:15:00.674+0000] {climarisk_dag.py:152} ERROR - ❌ Jerada: 500 Server Error: Internal Server Error for url: http://backend:8000/api/predictions/flood/79
[2026-03-25T16:15:01.045+0000] {climarisk_dag.py:152} ERROR - ❌ Figuig: 500 Server Error: Internal Server Error for url: http://backend:8000/api/predictions/flood/80
[2026-03-25T16:15:01.451+0000] {climarisk_dag.py:152} ERROR - ❌ Bouarfa: 500 Server Error: Internal Server Error for url: http://backend:8000/api/predictions/flood/81
[2026-03-25T16:15:01.876+0000] {climarisk_dag.py:152} ERROR - ❌ Selouane: 500 Server Error: Internal Server Error for url: http://backend:8000/api/predictions/flood/82
[2026-03-25T16:15:02.315+0000] {climarisk_dag.py:152} ERROR - ❌ Zaio: 500 Server Error: Internal Server Error for url: http://backend:8000/api/predictions/flood/83
[2026-03-25T16:15:02.686+0000] {climarisk_dag.py:152} ERROR - ❌ Agadir: 500 Server Error: Internal Server Error for url: http://backend:8000/api/predictions/flood/84
[2026-03-25T16:15:03.145+0000] {climarisk_dag.py:152} ERROR - ❌ Inezgane: 500 Server Error: Internal Server Error for url: http://backend:8000/api/predictions/flood/85
[2026-03-25T16:15:03.549+0000] {climarisk_dag.py:152} ERROR - ❌ Tiznit: 500 Server Error: Internal Server Error for url: http://backend:8000/api/predictions/flood/86
[2026-03-25T16:15:04.882+0000] {climarisk_dag.py:152} ERROR - ❌ Taroudannt: 500 Server Error: Internal Server Error for url: http://backend:8000/api/predictions/flood/87
[2026-03-25T16:15:05.313+0000] {climarisk_dag.py:152} ERROR - ❌ Ouarzazate: 500 Server Error: Internal Server Error for url: http://backend:8000/api/predictions/flood/88
[2026-03-25T16:15:05.783+0000] {climarisk_dag.py:152} ERROR - ❌ Ait Melloul: 500 Server Error: Internal Server Error for url: http://backend:8000/api/predictions/flood/89
[2026-03-25T16:15:06.224+0000] {climarisk_dag.py:152} ERROR - ❌ Biougra: 500 Server Error: Internal Server Error for url: http://backend:8000/api/predictions/flood/90
[2026-03-25T16:15:06.620+0000] {climarisk_dag.py:152} ERROR - ❌ Chtouka Ait Baha: 500 Server Error: Internal Server Error for url: http://backend:8000/api/predictions/flood/91
[2026-03-25T16:15:07.005+0000] {climarisk_dag.py:152} ERROR - ❌ Tata: 500 Server Error: Internal Server Error for url: http://backend:8000/api/predictions/flood/92
[2026-03-25T16:15:07.426+0000] {climarisk_dag.py:152} ERROR - ❌ Sidi Ifni: 500 Server Error: Internal Server Error for url: http://backend:8000/api/predictions/flood/93
[2026-03-25T16:15:07.796+0000] {climarisk_dag.py:152} ERROR - ❌ Massa: 500 Server Error: Internal Server Error for url: http://backend:8000/api/predictions/flood/94
[2026-03-25T16:15:08.228+0000] {climarisk_dag.py:152} ERROR - ❌ Errachidia: 500 Server Error: Internal Server Error for url: http://backend:8000/api/predictions/flood/95
[2026-03-25T16:15:08.666+0000] {climarisk_dag.py:152} ERROR - ❌ Zagora: 500 Server Error: Internal Server Error for url: http://backend:8000/api/predictions/flood/96
[2026-03-25T16:15:09.044+0000] {climarisk_dag.py:152} ERROR - ❌ Tinghir: 500 Server Error: Internal Server Error for url: http://backend:8000/api/predictions/flood/97
[2026-03-25T16:15:09.472+0000] {climarisk_dag.py:152} ERROR - ❌ Ouarzazate: 500 Server Error: Internal Server Error for url: http://backend:8000/api/predictions/flood/98
[2026-03-25T16:15:09.836+0000] {climarisk_dag.py:152} ERROR - ❌ Rissani: 500 Server Error: Internal Server Error for url: http://backend:8000/api/predictions/flood/99
[2026-03-25T16:15:10.210+0000] {climarisk_dag.py:152} ERROR - ❌ Erfoud: 500 Server Error: Internal Server Error for url: http://backend:8000/api/predictions/flood/100
[2026-03-25T16:15:10.626+0000] {climarisk_dag.py:152} ERROR - ❌ Merzouga: 500 Server Error: Internal Server Error for url: http://backend:8000/api/predictions/flood/101
[2026-03-25T16:15:11.002+0000] {climarisk_dag.py:152} ERROR - ❌ Alnif: 500 Server Error: Internal Server Error for url: http://backend:8000/api/predictions/flood/102
[2026-03-25T16:15:11.393+0000] {climarisk_dag.py:152} ERROR - ❌ Goulmima: 500 Server Error: Internal Server Error for url: http://backend:8000/api/predictions/flood/103
[2026-03-25T16:15:11.755+0000] {climarisk_dag.py:152} ERROR - ❌ Laâyoune: 500 Server Error: Internal Server Error for url: http://backend:8000/api/predictions/flood/104
[2026-03-25T16:15:12.192+0000] {climarisk_dag.py:152} ERROR - ❌ Boujdour: 500 Server Error: Internal Server Error for url: http://backend:8000/api/predictions/flood/105
[2026-03-25T16:15:12.608+0000] {climarisk_dag.py:152} ERROR - ❌ Tarfaya: 500 Server Error: Internal Server Error for url: http://backend:8000/api/predictions/flood/106
[2026-03-25T16:15:13.073+0000] {climarisk_dag.py:152} ERROR - ❌ Smara: 500 Server Error: Internal Server Error for url: http://backend:8000/api/predictions/flood/107
[2026-03-25T16:15:13.432+0000] {climarisk_dag.py:152} ERROR - ❌ El Marsa: 500 Server Error: Internal Server Error for url: http://backend:8000/api/predictions/flood/108
[2026-03-25T16:15:13.882+0000] {climarisk_dag.py:152} ERROR - ❌ Dakhla: 500 Server Error: Internal Server Error for url: http://backend:8000/api/predictions/flood/109
[2026-03-25T16:15:14.310+0000] {climarisk_dag.py:152} ERROR - ❌ Aousserd: 500 Server Error: Internal Server Error for url: http://backend:8000/api/predictions/flood/110
[2026-03-25T16:15:14.742+0000] {climarisk_dag.py:152} ERROR - ❌ Guelmim: 500 Server Error: Internal Server Error for url: http://backend:8000/api/predictions/flood/111
[2026-03-25T16:15:15.110+0000] {climarisk_dag.py:152} ERROR - ❌ Tan-Tan: 500 Server Error: Internal Server Error for url: http://backend:8000/api/predictions/flood/112
[2026-03-25T16:15:15.512+0000] {climarisk_dag.py:152} ERROR - ❌ Assa: 500 Server Error: Internal Server Error for url: http://backend:8000/api/predictions/flood/113
[2026-03-25T16:15:15.904+0000] {climarisk_dag.py:152} ERROR - ❌ Zag: 500 Server Error: Internal Server Error for url: http://backend:8000/api/predictions/flood/114
[2026-03-25T16:15:16.108+0000] {climarisk_dag.py:152} ERROR - ❌ Sidi Ifni: 500 Server Error: Internal Server Error for url: http://backend:8000/api/predictions/flood/115
[2026-03-25T16:15:16.468+0000] {climarisk_dag.py:152} ERROR - ❌ Tiznit: 500 Server Error: Internal Server Error for url: http://backend:8000/api/predictions/flood/116
[2026-03-25T16:15:16.848+0000] {climarisk_dag.py:152} ERROR - ❌ Tunis: 500 Server Error: Internal Server Error for url: http://backend:8000/api/predictions/flood/117
[2026-03-25T16:15:17.200+0000] {climarisk_dag.py:152} ERROR - ❌ Kampala: 500 Server Error: Internal Server Error for url: http://backend:8000/api/predictions/flood/118
[2026-03-25T16:15:17.631+0000] {climarisk_dag.py:152} ERROR - ❌ Dakar: 500 Server Error: Internal Server Error for url: http://backend:8000/api/predictions/flood/119
[2026-03-25T16:15:18.060+0000] {climarisk_dag.py:152} ERROR - ❌ Kinshasa: 500 Server Error: Internal Server Error for url: http://backend:8000/api/predictions/flood/120
[2026-03-25T16:15:18.473+0000] {climarisk_dag.py:152} ERROR - ❌ Luanda: 500 Server Error: Internal Server Error for url: http://backend:8000/api/predictions/flood/121
[2026-03-25T16:15:18.892+0000] {climarisk_dag.py:152} ERROR - ❌ Khartoum: 500 Server Error: Internal Server Error for url: http://backend:8000/api/predictions/flood/122
[2026-03-25T16:15:19.319+0000] {climarisk_dag.py:152} ERROR - ❌ Harare: 500 Server Error: Internal Server Error for url: http://backend:8000/api/predictions/flood/123
[2026-03-25T16:15:19.742+0000] {climarisk_dag.py:152} ERROR - ❌ Lusaka: 500 Server Error: Internal Server Error for url: http://backend:8000/api/predictions/flood/124
[2026-03-25T16:15:20.172+0000] {climarisk_dag.py:152} ERROR - ❌ Maputo: 500 Server Error: Internal Server Error for url: http://backend:8000/api/predictions/flood/125
[2026-03-25T16:15:20.533+0000] {climarisk_dag.py:152} ERROR - ❌ Antananarivo: 500 Server Error: Internal Server Error for url: http://backend:8000/api/predictions/flood/126
[2026-03-25T16:15:20.957+0000] {climarisk_dag.py:152} ERROR - ❌ Abidjan: 500 Server Error: Internal Server Error for url: http://backend:8000/api/predictions/flood/127
[2026-03-25T16:15:21.415+0000] {climarisk_dag.py:152} ERROR - ❌ Douala: 500 Server Error: Internal Server Error for url: http://backend:8000/api/predictions/flood/128
[2026-03-25T16:15:21.784+0000] {climarisk_dag.py:152} ERROR - ❌ Niamey: 500 Server Error: Internal Server Error for url: http://backend:8000/api/predictions/flood/129
[2026-03-25T16:15:22.212+0000] {climarisk_dag.py:152} ERROR - ❌ Ouagadougou: 500 Server Error: Internal Server Error for url: http://backend:8000/api/predictions/flood/130
[2026-03-25T16:15:22.647+0000] {climarisk_dag.py:152} ERROR - ❌ Bamako: 500 Server Error: Internal Server Error for url: http://backend:8000/api/predictions/flood/131
[2026-03-25T16:15:23.011+0000] {climarisk_dag.py:152} ERROR - ❌ Windhoek: 500 Server Error: Internal Server Error for url: http://backend:8000/api/predictions/flood/132
[2026-03-25T16:15:23.444+0000] {climarisk_dag.py:152} ERROR - ❌ Port Harcourt: 500 Server Error: Internal Server Error for url: http://backend:8000/api/predictions/flood/133
[2026-03-25T16:15:23.879+0000] {climarisk_dag.py:152} ERROR - ❌ Warri: 500 Server Error: Internal Server Error for url: http://backend:8000/api/predictions/flood/134
[2026-03-25T16:15:24.292+0000] {climarisk_dag.py:152} ERROR - ❌ Calabar: 500 Server Error: Internal Server Error for url: http://backend:8000/api/predictions/flood/135
[2026-03-25T16:15:24.738+0000] {climarisk_dag.py:152} ERROR - ❌ Beijing: 500 Server Error: Internal Server Error for url: http://backend:8000/api/predictions/flood/136
[2026-03-25T16:15:25.215+0000] {climarisk_dag.py:152} ERROR - ❌ Shanghai: 500 Server Error: Internal Server Error for url: http://backend:8000/api/predictions/flood/137
[2026-03-25T16:15:25.844+0000] {climarisk_dag.py:152} ERROR - ❌ Guangzhou: 500 Server Error: Internal Server Error for url: http://backend:8000/api/predictions/flood/138
[2026-03-25T16:15:26.462+0000] {climarisk_dag.py:152} ERROR - ❌ Chengdu: 500 Server Error: Internal Server Error for url: http://backend:8000/api/predictions/flood/139
[2026-03-25T16:15:27.416+0000] {climarisk_dag.py:152} ERROR - ❌ Wuhan: 500 Server Error: Internal Server Error for url: http://backend:8000/api/predictions/flood/140
[2026-03-25T16:15:27.964+0000] {climarisk_dag.py:152} ERROR - ❌ Chongqing: 500 Server Error: Internal Server Error for url: http://backend:8000/api/predictions/flood/141
[2026-03-25T16:15:28.412+0000] {climarisk_dag.py:152} ERROR - ❌ Zhengzhou: 500 Server Error: Internal Server Error for url: http://backend:8000/api/predictions/flood/143
[2026-03-25T16:15:28.802+0000] {climarisk_dag.py:152} ERROR - ❌ Changsha: 500 Server Error: Internal Server Error for url: http://backend:8000/api/predictions/flood/144
[2026-03-25T16:15:29.207+0000] {climarisk_dag.py:152} ERROR - ❌ Nanchang: 500 Server Error: Internal Server Error for url: http://backend:8000/api/predictions/flood/145
[2026-03-25T16:15:29.634+0000] {climarisk_dag.py:152} ERROR - ❌ Yichang: 500 Server Error: Internal Server Error for url: http://backend:8000/api/predictions/flood/146
[2026-03-25T16:15:30.054+0000] {climarisk_dag.py:152} ERROR - ❌ Haikou: 500 Server Error: Internal Server Error for url: http://backend:8000/api/predictions/flood/147
[2026-03-25T16:15:30.446+0000] {climarisk_dag.py:152} ERROR - ❌ Hong Kong: 500 Server Error: Internal Server Error for url: http://backend:8000/api/predictions/flood/148
[2026-03-25T16:15:30.913+0000] {climarisk_dag.py:152} ERROR - ❌ Taipei: 500 Server Error: Internal Server Error for url: http://backend:8000/api/predictions/flood/149
[2026-03-25T16:15:31.279+0000] {climarisk_dag.py:152} ERROR - ❌ Kaohsiung: 500 Server Error: Internal Server Error for url: http://backend:8000/api/predictions/flood/150
[2026-03-25T16:15:31.711+0000] {climarisk_dag.py:152} ERROR - ❌ Mumbai: 500 Server Error: Internal Server Error for url: http://backend:8000/api/predictions/flood/151
[2026-03-25T16:15:32.175+0000] {climarisk_dag.py:152} ERROR - ❌ Delhi: 500 Server Error: Internal Server Error for url: http://backend:8000/api/predictions/flood/152
[2026-03-25T16:15:32.590+0000] {climarisk_dag.py:152} ERROR - ❌ Bangalore: 500 Server Error: Internal Server Error for url: http://backend:8000/api/predictions/flood/153
[2026-03-25T16:15:33.047+0000] {climarisk_dag.py:152} ERROR - ❌ Chennai: 500 Server Error: Internal Server Error for url: http://backend:8000/api/predictions/flood/154
[2026-03-25T16:15:33.475+0000] {climarisk_dag.py:152} ERROR - ❌ Kolkata: 500 Server Error: Internal Server Error for url: http://backend:8000/api/predictions/flood/155
[2026-03-25T16:15:33.951+0000] {climarisk_dag.py:152} ERROR - ❌ Patna: 500 Server Error: Internal Server Error for url: http://backend:8000/api/predictions/flood/156
[2026-03-25T16:15:34.376+0000] {climarisk_dag.py:152} ERROR - ❌ Guwahati: 500 Server Error: Internal Server Error for url: http://backend:8000/api/predictions/flood/157
[2026-03-25T16:15:35.716+0000] {climarisk_dag.py:152} ERROR - ❌ Varanasi: 500 Server Error: Internal Server Error for url: http://backend:8000/api/predictions/flood/158
[2026-03-25T16:15:36.147+0000] {climarisk_dag.py:152} ERROR - ❌ Muzaffarpur: 500 Server Error: Internal Server Error for url: http://backend:8000/api/predictions/flood/159
[2026-03-25T16:15:36.572+0000] {climarisk_dag.py:152} ERROR - ❌ Visakhapatnam: 500 Server Error: Internal Server Error for url: http://backend:8000/api/predictions/flood/160
[2026-03-25T16:15:36.971+0000] {climarisk_dag.py:152} ERROR - ❌ Vijayawada: 500 Server Error: Internal Server Error for url: http://backend:8000/api/predictions/flood/161
[2026-03-25T16:15:37.326+0000] {climarisk_dag.py:152} ERROR - ❌ Tokyo: 500 Server Error: Internal Server Error for url: http://backend:8000/api/predictions/flood/162
[2026-03-25T16:15:37.699+0000] {climarisk_dag.py:152} ERROR - ❌ Osaka: 500 Server Error: Internal Server Error for url: http://backend:8000/api/predictions/flood/163
[2026-03-25T16:15:38.070+0000] {climarisk_dag.py:152} ERROR - ❌ Sapporo: 500 Server Error: Internal Server Error for url: http://backend:8000/api/predictions/flood/164
[2026-03-25T16:15:38.510+0000] {climarisk_dag.py:152} ERROR - ❌ Naha: 500 Server Error: Internal Server Error for url: http://backend:8000/api/predictions/flood/165
[2026-03-25T16:15:38.921+0000] {climarisk_dag.py:152} ERROR - ❌ Seoul: 500 Server Error: Internal Server Error for url: http://backend:8000/api/predictions/flood/166
[2026-03-25T16:15:39.283+0000] {climarisk_dag.py:152} ERROR - ❌ Busan: 500 Server Error: Internal Server Error for url: http://backend:8000/api/predictions/flood/167
[2026-03-25T16:15:39.713+0000] {climarisk_dag.py:152} ERROR - ❌ Bangkok: 500 Server Error: Internal Server Error for url: http://backend:8000/api/predictions/flood/168
[2026-03-25T16:15:40.158+0000] {climarisk_dag.py:152} ERROR - ❌ Chiang Mai: 500 Server Error: Internal Server Error for url: http://backend:8000/api/predictions/flood/169
[2026-03-25T16:15:40.586+0000] {climarisk_dag.py:152} ERROR - ❌ Jakarta: 500 Server Error: Internal Server Error for url: http://backend:8000/api/predictions/flood/170
[2026-03-25T16:15:41.016+0000] {climarisk_dag.py:152} ERROR - ❌ Surabaya: 500 Server Error: Internal Server Error for url: http://backend:8000/api/predictions/flood/171
[2026-03-25T16:15:41.470+0000] {climarisk_dag.py:152} ERROR - ❌ Medan: 500 Server Error: Internal Server Error for url: http://backend:8000/api/predictions/flood/172
[2026-03-25T16:15:41.859+0000] {climarisk_dag.py:152} ERROR - ❌ Manila: 500 Server Error: Internal Server Error for url: http://backend:8000/api/predictions/flood/173
[2026-03-25T16:15:42.250+0000] {climarisk_dag.py:152} ERROR - ❌ Cebu: 500 Server Error: Internal Server Error for url: http://backend:8000/api/predictions/flood/174
[2026-03-25T16:15:42.665+0000] {climarisk_dag.py:152} ERROR - ❌ Tacloban: 500 Server Error: Internal Server Error for url: http://backend:8000/api/predictions/flood/175
[2026-03-25T16:15:43.089+0000] {climarisk_dag.py:152} ERROR - ❌ Legazpi: 500 Server Error: Internal Server Error for url: http://backend:8000/api/predictions/flood/176
[2026-03-25T16:15:43.519+0000] {climarisk_dag.py:152} ERROR - ❌ Zamboanga: 500 Server Error: Internal Server Error for url: http://backend:8000/api/predictions/flood/177
[2026-03-25T16:15:43.951+0000] {climarisk_dag.py:152} ERROR - ❌ Kuala Lumpur: 500 Server Error: Internal Server Error for url: http://backend:8000/api/predictions/flood/178
[2026-03-25T16:15:44.342+0000] {climarisk_dag.py:152} ERROR - ❌ Singapore: 500 Server Error: Internal Server Error for url: http://backend:8000/api/predictions/flood/179
[2026-03-25T16:15:44.777+0000] {climarisk_dag.py:152} ERROR - ❌ Ho Chi Minh City: 500 Server Error: Internal Server Error for url: http://backend:8000/api/predictions/flood/180
[2026-03-25T16:15:45.214+0000] {climarisk_dag.py:152} ERROR - ❌ Hanoi: 500 Server Error: Internal Server Error for url: http://backend:8000/api/predictions/flood/181
[2026-03-25T16:15:45.640+0000] {climarisk_dag.py:152} ERROR - ❌ Da Nang: 500 Server Error: Internal Server Error for url: http://backend:8000/api/predictions/flood/182
[2026-03-25T16:15:45.896+0000] {climarisk_dag.py:152} ERROR - ❌ Can Tho: 500 Server Error: Internal Server Error for url: http://backend:8000/api/predictions/flood/183
[2026-03-25T16:15:46.318+0000] {climarisk_dag.py:152} ERROR - ❌ My Tho: 500 Server Error: Internal Server Error for url: http://backend:8000/api/predictions/flood/184
[2026-03-25T16:15:46.668+0000] {climarisk_dag.py:152} ERROR - ❌ Dhaka: 500 Server Error: Internal Server Error for url: http://backend:8000/api/predictions/flood/185
[2026-03-25T16:15:47.099+0000] {climarisk_dag.py:152} ERROR - ❌ Chittagong: 500 Server Error: Internal Server Error for url: http://backend:8000/api/predictions/flood/186
[2026-03-25T16:15:47.518+0000] {climarisk_dag.py:152} ERROR - ❌ Sylhet: 500 Server Error: Internal Server Error for url: http://backend:8000/api/predictions/flood/187
[2026-03-25T16:15:47.886+0000] {climarisk_dag.py:152} ERROR - ❌ Khulna: 500 Server Error: Internal Server Error for url: http://backend:8000/api/predictions/flood/188
[2026-03-25T16:15:48.241+0000] {climarisk_dag.py:152} ERROR - ❌ Cox's Bazar: 500 Server Error: Internal Server Error for url: http://backend:8000/api/predictions/flood/189
[2026-03-25T16:15:48.664+0000] {climarisk_dag.py:152} ERROR - ❌ Karachi: 500 Server Error: Internal Server Error for url: http://backend:8000/api/predictions/flood/190
[2026-03-25T16:15:49.098+0000] {climarisk_dag.py:152} ERROR - ❌ Lahore: 500 Server Error: Internal Server Error for url: http://backend:8000/api/predictions/flood/191
[2026-03-25T16:15:49.489+0000] {climarisk_dag.py:152} ERROR - ❌ Colombo: 500 Server Error: Internal Server Error for url: http://backend:8000/api/predictions/flood/192
[2026-03-25T16:15:49.854+0000] {climarisk_dag.py:152} ERROR - ❌ Kathmandu: 500 Server Error: Internal Server Error for url: http://backend:8000/api/predictions/flood/193
[2026-03-25T16:15:50.207+0000] {climarisk_dag.py:152} ERROR - ❌ Yangon: 500 Server Error: Internal Server Error for url: http://backend:8000/api/predictions/flood/194
[2026-03-25T16:15:50.644+0000] {climarisk_dag.py:152} ERROR - ❌ Sittwe: 500 Server Error: Internal Server Error for url: http://backend:8000/api/predictions/flood/195
[2026-03-25T16:15:51.061+0000] {climarisk_dag.py:152} ERROR - ❌ Phnom Penh: 500 Server Error: Internal Server Error for url: http://backend:8000/api/predictions/flood/196
[2026-03-25T16:15:51.421+0000] {climarisk_dag.py:152} ERROR - ❌ Riyadh: 500 Server Error: Internal Server Error for url: http://backend:8000/api/predictions/flood/197
[2026-03-25T16:15:51.833+0000] {climarisk_dag.py:152} ERROR - ❌ Dubai: 500 Server Error: Internal Server Error for url: http://backend:8000/api/predictions/flood/198
[2026-03-25T16:15:52.193+0000] {climarisk_dag.py:152} ERROR - ❌ Tehran: 500 Server Error: Internal Server Error for url: http://backend:8000/api/predictions/flood/199
[2026-03-25T16:15:52.651+0000] {climarisk_dag.py:152} ERROR - ❌ Istanbul: 500 Server Error: Internal Server Error for url: http://backend:8000/api/predictions/flood/200
[2026-03-25T16:15:53.003+0000] {climarisk_dag.py:152} ERROR - ❌ Ankara: 500 Server Error: Internal Server Error for url: http://backend:8000/api/predictions/flood/201
[2026-03-25T16:15:53.431+0000] {climarisk_dag.py:152} ERROR - ❌ Baghdad: 500 Server Error: Internal Server Error for url: http://backend:8000/api/predictions/flood/202
[2026-03-25T16:15:53.799+0000] {climarisk_dag.py:152} ERROR - ❌ Baku: 500 Server Error: Internal Server Error for url: http://backend:8000/api/predictions/flood/203
[2026-03-25T16:15:54.225+0000] {climarisk_dag.py:152} ERROR - ❌ Tashkent: 500 Server Error: Internal Server Error for url: http://backend:8000/api/predictions/flood/204
[2026-03-25T16:15:54.642+0000] {climarisk_dag.py:152} ERROR - ❌ Almaty: 500 Server Error: Internal Server Error for url: http://backend:8000/api/predictions/flood/205
[2026-03-25T16:15:55.069+0000] {climarisk_dag.py:152} ERROR - ❌ Guam: 500 Server Error: Internal Server Error for url: http://backend:8000/api/predictions/flood/206
[2026-03-25T16:15:55.476+0000] {climarisk_dag.py:152} ERROR - ❌ Paris: 500 Server Error: Internal Server Error for url: http://backend:8000/api/predictions/flood/207
[2026-03-25T16:15:55.905+0000] {climarisk_dag.py:152} ERROR - ❌ Lyon: 500 Server Error: Internal Server Error for url: http://backend:8000/api/predictions/flood/208
[2026-03-25T16:15:56.335+0000] {climarisk_dag.py:152} ERROR - ❌ Marseille: 500 Server Error: Internal Server Error for url: http://backend:8000/api/predictions/flood/209
[2026-03-25T16:15:56.722+0000] {climarisk_dag.py:152} ERROR - ❌ Toulouse: 500 Server Error: Internal Server Error for url: http://backend:8000/api/predictions/flood/210
[2026-03-25T16:15:57.159+0000] {climarisk_dag.py:152} ERROR - ❌ Bordeaux: 500 Server Error: Internal Server Error for url: http://backend:8000/api/predictions/flood/211
[2026-03-25T16:15:57.591+0000] {climarisk_dag.py:152} ERROR - ❌ Nantes: 500 Server Error: Internal Server Error for url: http://backend:8000/api/predictions/flood/212
[2026-03-25T16:15:58.033+0000] {climarisk_dag.py:152} ERROR - ❌ Strasbourg: 500 Server Error: Internal Server Error for url: http://backend:8000/api/predictions/flood/213
[2026-03-25T16:15:58.477+0000] {climarisk_dag.py:152} ERROR - ❌ Lille: 500 Server Error: Internal Server Error for url: http://backend:8000/api/predictions/flood/214
[2026-03-25T16:15:58.863+0000] {climarisk_dag.py:152} ERROR - ❌ Montpellier: 500 Server Error: Internal Server Error for url: http://backend:8000/api/predictions/flood/215
[2026-03-25T16:15:59.267+0000] {climarisk_dag.py:152} ERROR - ❌ Nice: 500 Server Error: Internal Server Error for url: http://backend:8000/api/predictions/flood/216
[2026-03-25T16:15:59.748+0000] {climarisk_dag.py:152} ERROR - ❌ London: 500 Server Error: Internal Server Error for url: http://backend:8000/api/predictions/flood/217
[2026-03-25T16:16:00.134+0000] {climarisk_dag.py:152} ERROR - ❌ Birmingham: 500 Server Error: Internal Server Error for url: http://backend:8000/api/predictions/flood/218
[2026-03-25T16:16:00.512+0000] {climarisk_dag.py:152} ERROR - ❌ Manchester: 500 Server Error: Internal Server Error for url: http://backend:8000/api/predictions/flood/219
[2026-03-25T16:16:00.945+0000] {climarisk_dag.py:152} ERROR - ❌ Berlin: 500 Server Error: Internal Server Error for url: http://backend:8000/api/predictions/flood/220
[2026-03-25T16:16:01.369+0000] {climarisk_dag.py:152} ERROR - ❌ Hamburg: 500 Server Error: Internal Server Error for url: http://backend:8000/api/predictions/flood/221
[2026-03-25T16:16:01.735+0000] {climarisk_dag.py:152} ERROR - ❌ Munich: 500 Server Error: Internal Server Error for url: http://backend:8000/api/predictions/flood/222
[2026-03-25T16:16:02.195+0000] {climarisk_dag.py:152} ERROR - ❌ Frankfurt: 500 Server Error: Internal Server Error for url: http://backend:8000/api/predictions/flood/223
[2026-03-25T16:16:02.641+0000] {climarisk_dag.py:152} ERROR - ❌ Madrid: 500 Server Error: Internal Server Error for url: http://backend:8000/api/predictions/flood/224
[2026-03-25T16:16:03.021+0000] {climarisk_dag.py:152} ERROR - ❌ Barcelona: 500 Server Error: Internal Server Error for url: http://backend:8000/api/predictions/flood/225
[2026-03-25T16:16:03.507+0000] {climarisk_dag.py:152} ERROR - ❌ Valencia: 500 Server Error: Internal Server Error for url: http://backend:8000/api/predictions/flood/226
[2026-03-25T16:16:03.939+0000] {climarisk_dag.py:152} ERROR - ❌ Malaga: 500 Server Error: Internal Server Error for url: http://backend:8000/api/predictions/flood/227
[2026-03-25T16:16:04.308+0000] {climarisk_dag.py:152} ERROR - ❌ Rome: 500 Server Error: Internal Server Error for url: http://backend:8000/api/predictions/flood/228
[2026-03-25T16:16:04.689+0000] {climarisk_dag.py:152} ERROR - ❌ Milan: 500 Server Error: Internal Server Error for url: http://backend:8000/api/predictions/flood/229
[2026-03-25T16:16:05.071+0000] {climarisk_dag.py:152} ERROR - ❌ Palermo: 500 Server Error: Internal Server Error for url: http://backend:8000/api/predictions/flood/230
[2026-03-25T16:16:06.488+0000] {climarisk_dag.py:152} ERROR - ❌ Amsterdam: 500 Server Error: Internal Server Error for url: http://backend:8000/api/predictions/flood/231
[2026-03-25T16:16:06.946+0000] {climarisk_dag.py:152} ERROR - ❌ Brussels: 500 Server Error: Internal Server Error for url: http://backend:8000/api/predictions/flood/232
[2026-03-25T16:16:07.334+0000] {climarisk_dag.py:152} ERROR - ❌ Vienna: 500 Server Error: Internal Server Error for url: http://backend:8000/api/predictions/flood/233
[2026-03-25T16:16:07.726+0000] {climarisk_dag.py:152} ERROR - ❌ Zurich: 500 Server Error: Internal Server Error for url: http://backend:8000/api/predictions/flood/234
[2026-03-25T16:16:08.160+0000] {climarisk_dag.py:152} ERROR - ❌ Stockholm: 500 Server Error: Internal Server Error for url: http://backend:8000/api/predictions/flood/235
[2026-03-25T16:16:08.524+0000] {climarisk_dag.py:152} ERROR - ❌ Oslo: 500 Server Error: Internal Server Error for url: http://backend:8000/api/predictions/flood/236
[2026-03-25T16:16:08.891+0000] {climarisk_dag.py:152} ERROR - ❌ Copenhagen: 500 Server Error: Internal Server Error for url: http://backend:8000/api/predictions/flood/237
[2026-03-25T16:16:09.311+0000] {climarisk_dag.py:152} ERROR - ❌ Helsinki: 500 Server Error: Internal Server Error for url: http://backend:8000/api/predictions/flood/238
[2026-03-25T16:16:09.755+0000] {climarisk_dag.py:152} ERROR - ❌ Warsaw: 500 Server Error: Internal Server Error for url: http://backend:8000/api/predictions/flood/239
[2026-03-25T16:16:10.135+0000] {climarisk_dag.py:152} ERROR - ❌ Prague: 500 Server Error: Internal Server Error for url: http://backend:8000/api/predictions/flood/240
[2026-03-25T16:16:10.563+0000] {climarisk_dag.py:152} ERROR - ❌ Budapest: 500 Server Error: Internal Server Error for url: http://backend:8000/api/predictions/flood/241
[2026-03-25T16:16:10.936+0000] {climarisk_dag.py:152} ERROR - ❌ Bucharest: 500 Server Error: Internal Server Error for url: http://backend:8000/api/predictions/flood/242
[2026-03-25T16:16:11.310+0000] {climarisk_dag.py:152} ERROR - ❌ Athens: 500 Server Error: Internal Server Error for url: http://backend:8000/api/predictions/flood/243
[2026-03-25T16:16:11.693+0000] {climarisk_dag.py:152} ERROR - ❌ Thessaloniki: 500 Server Error: Internal Server Error for url: http://backend:8000/api/predictions/flood/244
[2026-03-25T16:16:12.058+0000] {climarisk_dag.py:152} ERROR - ❌ Lisbon: 500 Server Error: Internal Server Error for url: http://backend:8000/api/predictions/flood/245
[2026-03-25T16:16:12.433+0000] {climarisk_dag.py:152} ERROR - ❌ Moscow: 500 Server Error: Internal Server Error for url: http://backend:8000/api/predictions/flood/246
[2026-03-25T16:16:12.814+0000] {climarisk_dag.py:152} ERROR - ❌ Saint Petersburg: 500 Server Error: Internal Server Error for url: http://backend:8000/api/predictions/flood/247
[2026-03-25T16:16:13.210+0000] {climarisk_dag.py:152} ERROR - ❌ Krasnoyarsk: 500 Server Error: Internal Server Error for url: http://backend:8000/api/predictions/flood/248
[2026-03-25T16:16:13.569+0000] {climarisk_dag.py:152} ERROR - ❌ Irkutsk: 500 Server Error: Internal Server Error for url: http://backend:8000/api/predictions/flood/249
[2026-03-25T16:16:14.056+0000] {climarisk_dag.py:152} ERROR - ❌ Yakutsk: 500 Server Error: Internal Server Error for url: http://backend:8000/api/predictions/flood/250
[2026-03-25T16:16:14.498+0000] {climarisk_dag.py:152} ERROR - ❌ Khabarovsk: 500 Server Error: Internal Server Error for url: http://backend:8000/api/predictions/flood/251
[2026-03-25T16:16:14.857+0000] {climarisk_dag.py:152} ERROR - ❌ Kyiv: 500 Server Error: Internal Server Error for url: http://backend:8000/api/predictions/flood/252
[2026-03-25T16:16:15.272+0000] {climarisk_dag.py:152} ERROR - ❌ New York: 500 Server Error: Internal Server Error for url: http://backend:8000/api/predictions/flood/253
[2026-03-25T16:16:15.639+0000] {climarisk_dag.py:152} ERROR - ❌ Los Angeles: 500 Server Error: Internal Server Error for url: http://backend:8000/api/predictions/flood/254
[2026-03-25T16:16:15.887+0000] {climarisk_dag.py:152} ERROR - ❌ Chicago: 500 Server Error: Internal Server Error for url: http://backend:8000/api/predictions/flood/255
[2026-03-25T16:16:16.312+0000] {climarisk_dag.py:152} ERROR - ❌ Houston: 500 Server Error: Internal Server Error for url: http://backend:8000/api/predictions/flood/256
[2026-03-25T16:16:16.687+0000] {climarisk_dag.py:152} ERROR - ❌ Miami: 500 Server Error: Internal Server Error for url: http://backend:8000/api/predictions/flood/257
[2026-03-25T16:16:17.095+0000] {climarisk_dag.py:152} ERROR - ❌ New Orleans: 500 Server Error: Internal Server Error for url: http://backend:8000/api/predictions/flood/258
[2026-03-25T16:16:17.503+0000] {climarisk_dag.py:152} ERROR - ❌ Seattle: 500 Server Error: Internal Server Error for url: http://backend:8000/api/predictions/flood/259
[2026-03-25T16:16:17.905+0000] {climarisk_dag.py:152} ERROR - ❌ Sacramento: 500 Server Error: Internal Server Error for url: http://backend:8000/api/predictions/flood/260
[2026-03-25T16:16:18.269+0000] {climarisk_dag.py:152} ERROR - ❌ Fresno: 500 Server Error: Internal Server Error for url: http://backend:8000/api/predictions/flood/261
[2026-03-25T16:16:18.685+0000] {climarisk_dag.py:152} ERROR - ❌ Redding: 500 Server Error: Internal Server Error for url: http://backend:8000/api/predictions/flood/262
[2026-03-25T16:16:19.076+0000] {climarisk_dag.py:152} ERROR - ❌ Memphis: 500 Server Error: Internal Server Error for url: http://backend:8000/api/predictions/flood/263
[2026-03-25T16:16:19.495+0000] {climarisk_dag.py:152} ERROR - ❌ Toronto: 500 Server Error: Internal Server Error for url: http://backend:8000/api/predictions/flood/264
[2026-03-25T16:16:19.906+0000] {climarisk_dag.py:152} ERROR - ❌ Montreal: 500 Server Error: Internal Server Error for url: http://backend:8000/api/predictions/flood/265
[2026-03-25T16:16:20.292+0000] {climarisk_dag.py:152} ERROR - ❌ Vancouver: 500 Server Error: Internal Server Error for url: http://backend:8000/api/predictions/flood/266
[2026-03-25T16:16:20.669+0000] {climarisk_dag.py:152} ERROR - ❌ Mexico City: 500 Server Error: Internal Server Error for url: http://backend:8000/api/predictions/flood/267
[2026-03-25T16:16:21.073+0000] {climarisk_dag.py:152} ERROR - ❌ Veracruz: 500 Server Error: Internal Server Error for url: http://backend:8000/api/predictions/flood/268
[2026-03-25T16:16:21.501+0000] {climarisk_dag.py:152} ERROR - ❌ Cancún: 500 Server Error: Internal Server Error for url: http://backend:8000/api/predictions/flood/269
[2026-03-25T16:16:21.947+0000] {climarisk_dag.py:152} ERROR - ❌ São Paulo: 500 Server Error: Internal Server Error for url: http://backend:8000/api/predictions/flood/270
[2026-03-25T16:16:22.377+0000] {climarisk_dag.py:152} ERROR - ❌ Rio de Janeiro: 500 Server Error: Internal Server Error for url: http://backend:8000/api/predictions/flood/271
[2026-03-25T16:16:22.802+0000] {climarisk_dag.py:152} ERROR - ❌ Belém: 500 Server Error: Internal Server Error for url: http://backend:8000/api/predictions/flood/272
[2026-03-25T16:16:23.233+0000] {climarisk_dag.py:152} ERROR - ❌ Marabá: 500 Server Error: Internal Server Error for url: http://backend:8000/api/predictions/flood/273
[2026-03-25T16:16:23.600+0000] {climarisk_dag.py:152} ERROR - ❌ Sinop: 500 Server Error: Internal Server Error for url: http://backend:8000/api/predictions/flood/274
[2026-03-25T16:16:23.957+0000] {climarisk_dag.py:152} ERROR - ❌ Porto Velho: 500 Server Error: Internal Server Error for url: http://backend:8000/api/predictions/flood/275
[2026-03-25T16:16:24.330+0000] {climarisk_dag.py:152} ERROR - ❌ Buenos Aires: 500 Server Error: Internal Server Error for url: http://backend:8000/api/predictions/flood/276
[2026-03-25T16:16:24.680+0000] {climarisk_dag.py:152} ERROR - ❌ Lima: 500 Server Error: Internal Server Error for url: http://backend:8000/api/predictions/flood/277
[2026-03-25T16:16:25.103+0000] {climarisk_dag.py:152} ERROR - ❌ Bogotá: 500 Server Error: Internal Server Error for url: http://backend:8000/api/predictions/flood/278
[2026-03-25T16:16:25.517+0000] {climarisk_dag.py:152} ERROR - ❌ Santiago: 500 Server Error: Internal Server Error for url: http://backend:8000/api/predictions/flood/279
[2026-03-25T16:16:25.946+0000] {climarisk_dag.py:152} ERROR - ❌ Port-au-Prince: 500 Server Error: Internal Server Error for url: http://backend:8000/api/predictions/flood/280
[2026-03-25T16:16:26.381+0000] {climarisk_dag.py:152} ERROR - ❌ San Juan: 500 Server Error: Internal Server Error for url: http://backend:8000/api/predictions/flood/281
[2026-03-25T16:16:26.793+0000] {climarisk_dag.py:152} ERROR - ❌ Kingston: 500 Server Error: Internal Server Error for url: http://backend:8000/api/predictions/flood/282
[2026-03-25T16:16:27.156+0000] {climarisk_dag.py:152} ERROR - ❌ Port of Spain: 500 Server Error: Internal Server Error for url: http://backend:8000/api/predictions/flood/283
[2026-03-25T16:16:27.554+0000] {climarisk_dag.py:152} ERROR - ❌ Sydney: 500 Server Error: Internal Server Error for url: http://backend:8000/api/predictions/flood/284
[2026-03-25T16:16:27.995+0000] {climarisk_dag.py:152} ERROR - ❌ Melbourne: 500 Server Error: Internal Server Error for url: http://backend:8000/api/predictions/flood/285
[2026-03-25T16:16:28.452+0000] {climarisk_dag.py:152} ERROR - ❌ Brisbane: 500 Server Error: Internal Server Error for url: http://backend:8000/api/predictions/flood/286
[2026-03-25T16:16:28.824+0000] {climarisk_dag.py:152} ERROR - ❌ Darwin: 500 Server Error: Internal Server Error for url: http://backend:8000/api/predictions/flood/287
[2026-03-25T16:16:29.211+0000] {climarisk_dag.py:152} ERROR - ❌ Alice Springs: 500 Server Error: Internal Server Error for url: http://backend:8000/api/predictions/flood/288
[2026-03-25T16:16:29.622+0000] {climarisk_dag.py:152} ERROR - ❌ Cairns: 500 Server Error: Internal Server Error for url: http://backend:8000/api/predictions/flood/289
[2026-03-25T16:16:29.996+0000] {climarisk_dag.py:152} ERROR - ❌ Auckland: 500 Server Error: Internal Server Error for url: http://backend:8000/api/predictions/flood/290
[2026-03-25T16:16:30.429+0000] {climarisk_dag.py:152} ERROR - ❌ Port Moresby: 500 Server Error: Internal Server Error for url: http://backend:8000/api/predictions/flood/291
[2026-03-25T16:16:30.430+0000] {climarisk_dag.py:156} INFO - ✅ Done: 0 OK, 291 errors, 123.3s
[2026-03-25T16:16:30.449+0000] {taskinstance.py:441} INFO - ::group::Post task execution logs
[2026-03-25T16:16:30.450+0000] {taskinstance.py:2905} ERROR - Task failed with exception
Traceback (most recent call last):
  File "/home/airflow/.local/lib/python3.12/site-packages/airflow/models/taskinstance.py", line 465, in _execute_task
    result = _execute_callable(context=context, **execute_callable_kwargs)
             ^^^^^^^^^^^^^^^^^^^^^^^^^^^^^^^^^^^^^^^^^^^^^^^^^^^^^^^^^^^^^
  File "/home/airflow/.local/lib/python3.12/site-packages/airflow/models/taskinstance.py", line 432, in _execute_callable
    return execute_callable(context=context, **execute_callable_kwargs)
           ^^^^^^^^^^^^^^^^^^^^^^^^^^^^^^^^^^^^^^^^^^^^^^^^^^^^^^^^^^^^
  File "/home/airflow/.local/lib/python3.12/site-packages/airflow/models/baseoperator.py", line 400, in wrapper
    return func(self, *args, **kwargs)
           ^^^^^^^^^^^^^^^^^^^^^^^^^^^
  File "/home/airflow/.local/lib/python3.12/site-packages/airflow/operators/python.py", line 235, in execute
    return_value = self.execute_callable()
                   ^^^^^^^^^^^^^^^^^^^^^^^
  File "/home/airflow/.local/lib/python3.12/site-packages/airflow/operators/python.py", line 252, in execute_callable
    return self.python_callable(*self.op_args, **self.op_kwargs)
           ^^^^^^^^^^^^^^^^^^^^^^^^^^^^^^^^^^^^^^^^^^^^^^^^^^^^^
  File "/opt/airflow/dags/climarisk_dag.py", line 165, in predict_all_zones
    raise Exception(f"{errors} zone(s) failed — check logs above")
Exception: 291 zone(s) failed — check logs above
[2026-03-25T16:16:30.466+0000] {taskinstance.py:1206} INFO - Marking task as FAILED. dag_id=***_predictions, task_id=predict_all_zones, run_id=scheduled__2026-03-25T16:00:00+00:00, execution_date=20260325T160000, start_date=20260325T161426, end_date=20260325T161630
[2026-03-25T16:16:30.478+0000] {standard_task_runner.py:110} ERROR - Failed to execute job 575 for task predict_all_zones (291 zone(s) failed — check logs above; 964)
[2026-03-25T16:16:30.496+0000] {local_task_job_runner.py:240} INFO - Task exited with return code 1
[2026-03-25T16:16:30.517+0000] {taskinstance.py:3498} INFO - 1 downstream tasks scheduled from follow-on schedule check
[2026-03-25T16:16:30.519+0000] {local_task_job_runner.py:222} INFO - ::endgroup::
