[2026-03-23T23:20:38.011+0000] {local_task_job_runner.py:120} INFO - ::group::Pre task execution logs
[2026-03-23T23:20:38.072+0000] {taskinstance.py:2076} INFO - Dependencies all met for dep_context=non-requeueable deps ti=<TaskInstance: climarisk_predictions.predict_all_zones scheduled__2026-03-23T23:19:00+00:00 [queued]>
[2026-03-23T23:20:38.084+0000] {taskinstance.py:2076} INFO - Dependencies all met for dep_context=requeueable deps ti=<TaskInstance: climarisk_predictions.predict_all_zones scheduled__2026-03-23T23:19:00+00:00 [queued]>
[2026-03-23T23:20:38.110+0000] {taskinstance.py:2306} INFO - Starting attempt 1 of 2
[2026-03-23T23:20:38.132+0000] {taskinstance.py:2330} INFO - Executing <Task(PythonOperator): predict_all_zones> on 2026-03-23 23:19:00+00:00
[2026-03-23T23:20:38.141+0000] {standard_task_runner.py:90} INFO - Running: ['airflow', 'tasks', 'run', '***_predictions', 'predict_all_zones', 'scheduled__2026-03-23T23:19:00+00:00', '--job-id', '321', '--raw', '--subdir', 'DAGS_FOLDER/***_dag.py', '--cfg-path', '/tmp/tmptjdjgwgx']
[2026-03-23T23:20:38.144+0000] {standard_task_runner.py:91} INFO - Job 321: Subtask predict_all_zones
[2026-03-23T23:20:38.144+0000] {logging_mixin.py:188} WARNING - /home/airflow/.local/lib/python3.12/site-packages/airflow/task/task_runner/standard_task_runner.py:61 DeprecationWarning: This process (pid=8914) is multi-threaded, use of fork() may lead to deadlocks in the child.
[2026-03-23T23:20:38.145+0000] {standard_task_runner.py:63} INFO - Started process 8915 to run task
[2026-03-23T23:20:38.086+0000] {task_command.py:426} INFO - Running <TaskInstance: climarisk_predictions.predict_all_zones scheduled__2026-03-23T23:19:00+00:00 [running]> on host 6146f0e8983c
[2026-03-23T23:20:38.250+0000] {taskinstance.py:2648} INFO - Exporting env vars: AIRFLOW_CTX_DAG_OWNER='***' AIRFLOW_CTX_DAG_ID='***_predictions' AIRFLOW_CTX_TASK_ID='predict_all_zones' AIRFLOW_CTX_EXECUTION_DATE='2026-03-23T23:19:00+00:00' AIRFLOW_CTX_TRY_NUMBER='1' AIRFLOW_CTX_DAG_RUN_ID='scheduled__2026-03-23T23:19:00+00:00'
[2026-03-23T23:20:38.252+0000] {taskinstance.py:430} INFO - ::endgroup::
[2026-03-23T23:20:40.223+0000] {climarisk_dag.py:145} INFO - ✅ Alger: flood=LOW(0.00) fire=LOW(0.14)
[2026-03-23T23:20:41.399+0000] {climarisk_dag.py:145} INFO - ✅ Cairo: flood=LOW(0.00) fire=LOW(0.14)
[2026-03-23T23:20:42.221+0000] {climarisk_dag.py:145} INFO - ✅ Lagos: flood=LOW(0.00) fire=LOW(0.14)
[2026-03-23T23:20:42.777+0000] {climarisk_dag.py:145} INFO - ✅ Kano: flood=LOW(0.00) fire=LOW(0.14)
[2026-03-23T23:20:43.341+0000] {climarisk_dag.py:145} INFO - ✅ Abuja: flood=LOW(0.00) fire=LOW(0.14)
[2026-03-23T23:20:43.973+0000] {climarisk_dag.py:145} INFO - ✅ Johannesburg: flood=LOW(0.00) fire=LOW(0.14)
[2026-03-23T23:20:44.536+0000] {climarisk_dag.py:145} INFO - ✅ Cape Town: flood=LOW(0.00) fire=LOW(0.14)
[2026-03-23T23:20:45.167+0000] {climarisk_dag.py:145} INFO - ✅ Nairobi: flood=LOW(0.00) fire=LOW(0.14)
[2026-03-23T23:20:45.848+0000] {climarisk_dag.py:145} INFO - ✅ Addis Ababa: flood=LOW(0.00) fire=LOW(0.14)
[2026-03-23T23:20:46.364+0000] {climarisk_dag.py:145} INFO - ✅ Dar es Salaam: flood=LOW(0.00) fire=LOW(0.14)
[2026-03-23T23:20:47.056+0000] {climarisk_dag.py:145} INFO - ✅ Accra: flood=LOW(0.00) fire=LOW(0.14)
[2026-03-23T23:20:47.630+0000] {climarisk_dag.py:145} INFO - ✅ Casablanca: flood=LOW(0.00) fire=LOW(0.14)
[2026-03-23T23:20:48.207+0000] {climarisk_dag.py:145} INFO - ✅ Mohammedia: flood=LOW(0.00) fire=LOW(0.14)
[2026-03-23T23:20:48.778+0000] {climarisk_dag.py:145} INFO - ✅ El Jadida: flood=LOW(0.00) fire=LOW(0.14)
[2026-03-23T23:20:49.333+0000] {climarisk_dag.py:145} INFO - ✅ Settat: flood=LOW(0.00) fire=LOW(0.14)
[2026-03-23T23:20:50.140+0000] {climarisk_dag.py:145} INFO - ✅ Berrechid: flood=LOW(0.00) fire=LOW(0.14)
[2026-03-23T23:20:50.803+0000] {climarisk_dag.py:145} INFO - ✅ Benslimane: flood=LOW(0.00) fire=LOW(0.14)
[2026-03-23T23:20:51.391+0000] {climarisk_dag.py:145} INFO - ✅ Sidi Bennour: flood=LOW(0.00) fire=LOW(0.14)
[2026-03-23T23:20:53.031+0000] {climarisk_dag.py:145} INFO - ✅ Azemmour: flood=LOW(0.00) fire=LOW(0.14)
[2026-03-23T23:20:53.615+0000] {climarisk_dag.py:145} INFO - ✅ Mediouna: flood=LOW(0.00) fire=LOW(0.14)
[2026-03-23T23:20:54.311+0000] {climarisk_dag.py:145} INFO - ✅ Nouaceur: flood=LOW(0.00) fire=LOW(0.14)
[2026-03-23T23:20:54.873+0000] {climarisk_dag.py:145} INFO - ✅ Rabat: flood=LOW(0.00) fire=LOW(0.14)
[2026-03-23T23:20:55.548+0000] {climarisk_dag.py:145} INFO - ✅ Salé: flood=LOW(0.00) fire=LOW(0.14)
[2026-03-23T23:20:56.441+0000] {climarisk_dag.py:145} INFO - ✅ Kénitra: flood=LOW(0.00) fire=LOW(0.14)
[2026-03-23T23:20:57.703+0000] {climarisk_dag.py:145} INFO - ✅ Témara: flood=LOW(0.00) fire=LOW(0.14)
[2026-03-23T23:20:58.951+0000] {climarisk_dag.py:145} INFO - ✅ Skhirat: flood=LOW(0.00) fire=LOW(0.14)
[2026-03-23T23:20:59.893+0000] {climarisk_dag.py:145} INFO - ✅ Tiflet: flood=LOW(0.00) fire=LOW(0.14)
[2026-03-23T23:21:00.671+0000] {climarisk_dag.py:145} INFO - ✅ Khémisset: flood=LOW(0.00) fire=LOW(0.14)
[2026-03-23T23:21:01.250+0000] {climarisk_dag.py:145} INFO - ✅ Sidi Slimane: flood=LOW(0.00) fire=LOW(0.14)
[2026-03-23T23:21:01.839+0000] {climarisk_dag.py:145} INFO - ✅ Sidi Kacem: flood=LOW(0.00) fire=LOW(0.14)
[2026-03-23T23:21:02.493+0000] {climarisk_dag.py:145} INFO - ✅ Souk el Arba: flood=LOW(0.00) fire=LOW(0.14)
[2026-03-23T23:21:03.298+0000] {climarisk_dag.py:145} INFO - ✅ Ouazzane: flood=LOW(0.00) fire=LOW(0.14)
[2026-03-23T23:21:04.133+0000] {climarisk_dag.py:145} INFO - ✅ Fès: flood=LOW(0.00) fire=LOW(0.14)
[2026-03-23T23:21:04.866+0000] {climarisk_dag.py:145} INFO - ✅ Meknès: flood=LOW(0.00) fire=LOW(0.14)
[2026-03-23T23:21:05.596+0000] {climarisk_dag.py:145} INFO - ✅ Ifrane: flood=LOW(0.00) fire=LOW(0.14)
[2026-03-23T23:21:06.191+0000] {climarisk_dag.py:145} INFO - ✅ Azrou: flood=LOW(0.00) fire=LOW(0.14)
[2026-03-23T23:21:06.917+0000] {climarisk_dag.py:145} INFO - ✅ Taounate: flood=LOW(0.00) fire=LOW(0.14)
[2026-03-23T23:21:07.474+0000] {climarisk_dag.py:145} INFO - ✅ Taza: flood=LOW(0.00) fire=LOW(0.14)
[2026-03-23T23:21:08.046+0000] {climarisk_dag.py:145} INFO - ✅ Sefrou: flood=LOW(0.00) fire=LOW(0.14)
[2026-03-23T23:21:08.658+0000] {climarisk_dag.py:145} INFO - ✅ Boulemane: flood=LOW(0.00) fire=LOW(0.14)
[2026-03-23T23:21:09.310+0000] {climarisk_dag.py:145} INFO - ✅ El Hajeb: flood=LOW(0.00) fire=LOW(0.14)
[2026-03-23T23:21:09.841+0000] {climarisk_dag.py:145} INFO - ✅ Missour: flood=LOW(0.00) fire=LOW(0.14)
[2026-03-23T23:21:10.566+0000] {climarisk_dag.py:145} INFO - ✅ Guercif: flood=LOW(0.00) fire=LOW(0.14)
[2026-03-23T23:21:11.362+0000] {climarisk_dag.py:145} INFO - ✅ Marrakech: flood=LOW(0.00) fire=LOW(0.14)
[2026-03-23T23:21:12.907+0000] {climarisk_dag.py:145} INFO - ✅ Safi: flood=LOW(0.00) fire=LOW(0.14)
[2026-03-23T23:21:14.326+0000] {climarisk_dag.py:145} INFO - ✅ Essaouira: flood=LOW(0.00) fire=LOW(0.14)
[2026-03-23T23:21:16.452+0000] {climarisk_dag.py:145} INFO - ✅ El Kelaa des Sraghna: flood=LOW(0.00) fire=LOW(0.14)
[2026-03-23T23:21:17.469+0000] {climarisk_dag.py:145} INFO - ✅ Chichaoua: flood=LOW(0.00) fire=LOW(0.14)
[2026-03-23T23:21:18.397+0000] {climarisk_dag.py:145} INFO - ✅ Youssoufia: flood=LOW(0.00) fire=LOW(0.14)
[2026-03-23T23:21:19.404+0000] {climarisk_dag.py:145} INFO - ✅ Ben Guerir: flood=LOW(0.00) fire=LOW(0.14)
[2026-03-23T23:21:20.420+0000] {climarisk_dag.py:145} INFO - ✅ Tahanaout: flood=LOW(0.00) fire=LOW(0.14)
[2026-03-23T23:21:21.070+0000] {climarisk_dag.py:145} INFO - ✅ Ait Ourir: flood=LOW(0.00) fire=LOW(0.14)
[2026-03-23T23:21:21.662+0000] {climarisk_dag.py:145} INFO - ✅ Demnate: flood=LOW(0.00) fire=LOW(0.14)
[2026-03-23T23:21:23.506+0000] {climarisk_dag.py:145} INFO - ✅ Tanger: flood=LOW(0.00) fire=LOW(0.14)
[2026-03-23T23:21:24.247+0000] {climarisk_dag.py:145} INFO - ✅ Tétouan: flood=LOW(0.00) fire=LOW(0.14)
[2026-03-23T23:21:24.867+0000] {climarisk_dag.py:145} INFO - ✅ Al Hoceïma: flood=LOW(0.00) fire=LOW(0.14)
[2026-03-23T23:21:25.489+0000] {climarisk_dag.py:145} INFO - ✅ Larache: flood=LOW(0.00) fire=LOW(0.14)
[2026-03-23T23:21:26.052+0000] {climarisk_dag.py:145} INFO - ✅ Chefchaouen: flood=LOW(0.00) fire=LOW(0.14)
[2026-03-23T23:21:26.622+0000] {climarisk_dag.py:145} INFO - ✅ Asilah: flood=LOW(0.00) fire=LOW(0.14)
[2026-03-23T23:21:27.150+0000] {climarisk_dag.py:145} INFO - ✅ Fnideq: flood=LOW(0.00) fire=LOW(0.14)
[2026-03-23T23:21:27.741+0000] {climarisk_dag.py:145} INFO - ✅ Martil: flood=LOW(0.00) fire=LOW(0.14)
[2026-03-23T23:21:28.506+0000] {climarisk_dag.py:145} INFO - ✅ Mdiq: flood=LOW(0.00) fire=LOW(0.14)
[2026-03-23T23:21:29.283+0000] {climarisk_dag.py:145} INFO - ✅ Ksar el Kebir: flood=LOW(0.00) fire=LOW(0.14)
[2026-03-23T23:21:29.927+0000] {climarisk_dag.py:145} INFO - ✅ Ouazzane: flood=LOW(0.00) fire=LOW(0.14)
[2026-03-23T23:21:31.884+0000] {climarisk_dag.py:145} INFO - ✅ Targuist: flood=LOW(0.00) fire=LOW(0.14)
[2026-03-23T23:21:34.174+0000] {climarisk_dag.py:145} INFO - ✅ Imzouren: flood=LOW(0.00) fire=LOW(0.14)
[2026-03-23T23:21:36.258+0000] {climarisk_dag.py:145} INFO - ✅ Beni Mellal-Khenifra: flood=LOW(0.00) fire=LOW(0.14)
[2026-03-23T23:21:38.000+0000] {climarisk_dag.py:145} INFO - ✅ Khénifra: flood=LOW(0.00) fire=LOW(0.14)
[2026-03-23T23:21:38.924+0000] {climarisk_dag.py:145} INFO - ✅ Azilal: flood=LOW(0.00) fire=LOW(0.14)
[2026-03-23T23:21:39.590+0000] {climarisk_dag.py:145} INFO - ✅ Nanjing: flood=LOW(0.00) fire=LOW(0.14)
[2026-03-23T23:21:40.515+0000] {climarisk_dag.py:145} INFO - ✅ Khouribga: flood=LOW(0.00) fire=LOW(0.14)
[2026-03-23T23:21:41.267+0000] {climarisk_dag.py:145} INFO - ✅ Fkih Ben Salah: flood=LOW(0.00) fire=LOW(0.14)
[2026-03-23T23:21:41.918+0000] {climarisk_dag.py:145} INFO - ✅ Souk Sebt: flood=LOW(0.00) fire=LOW(0.14)
[2026-03-23T23:21:42.617+0000] {climarisk_dag.py:145} INFO - ✅ Midelt: flood=LOW(0.00) fire=LOW(0.14)
[2026-03-23T23:21:43.467+0000] {climarisk_dag.py:145} INFO - ✅ Zaouiat Cheikh: flood=LOW(0.00) fire=LOW(0.14)
[2026-03-23T23:21:44.249+0000] {climarisk_dag.py:145} INFO - ✅ Oujda: flood=LOW(0.00) fire=LOW(0.14)
[2026-03-23T23:21:44.867+0000] {climarisk_dag.py:145} INFO - ✅ Nador: flood=LOW(0.00) fire=LOW(0.14)
[2026-03-23T23:21:45.424+0000] {climarisk_dag.py:145} INFO - ✅ Berkane: flood=LOW(0.00) fire=LOW(0.14)
[2026-03-23T23:21:45.943+0000] {climarisk_dag.py:145} INFO - ✅ Taourirt: flood=LOW(0.00) fire=LOW(0.14)
[2026-03-23T23:21:46.598+0000] {climarisk_dag.py:145} INFO - ✅ Jerada: flood=LOW(0.00) fire=LOW(0.14)
[2026-03-23T23:21:47.117+0000] {climarisk_dag.py:145} INFO - ✅ Figuig: flood=LOW(0.00) fire=LOW(0.14)
[2026-03-23T23:21:47.638+0000] {climarisk_dag.py:145} INFO - ✅ Bouarfa: flood=LOW(0.00) fire=LOW(0.14)
[2026-03-23T23:21:48.177+0000] {climarisk_dag.py:145} INFO - ✅ Selouane: flood=LOW(0.00) fire=LOW(0.14)
[2026-03-23T23:21:48.730+0000] {climarisk_dag.py:145} INFO - ✅ Zaio: flood=LOW(0.00) fire=LOW(0.14)
[2026-03-23T23:21:49.488+0000] {climarisk_dag.py:145} INFO - ✅ Agadir: flood=LOW(0.00) fire=LOW(0.14)
[2026-03-23T23:21:50.057+0000] {climarisk_dag.py:145} INFO - ✅ Inezgane: flood=LOW(0.00) fire=LOW(0.14)
[2026-03-23T23:21:50.649+0000] {climarisk_dag.py:145} INFO - ✅ Tiznit: flood=LOW(0.00) fire=LOW(0.14)
[2026-03-23T23:21:51.319+0000] {climarisk_dag.py:145} INFO - ✅ Taroudannt: flood=LOW(0.00) fire=LOW(0.14)
[2026-03-23T23:21:51.964+0000] {climarisk_dag.py:145} INFO - ✅ Ouarzazate: flood=LOW(0.00) fire=LOW(0.14)
[2026-03-23T23:21:52.657+0000] {climarisk_dag.py:145} INFO - ✅ Ait Melloul: flood=LOW(0.00) fire=LOW(0.14)
[2026-03-23T23:21:54.211+0000] {climarisk_dag.py:145} INFO - ✅ Biougra: flood=LOW(0.00) fire=LOW(0.14)
[2026-03-23T23:21:54.996+0000] {climarisk_dag.py:145} INFO - ✅ Chtouka Ait Baha: flood=LOW(0.00) fire=LOW(0.14)
[2026-03-23T23:21:55.567+0000] {climarisk_dag.py:145} INFO - ✅ Tata: flood=LOW(0.00) fire=LOW(0.14)
[2026-03-23T23:21:56.401+0000] {climarisk_dag.py:145} INFO - ✅ Sidi Ifni: flood=LOW(0.00) fire=LOW(0.14)
[2026-03-23T23:21:57.057+0000] {climarisk_dag.py:145} INFO - ✅ Massa: flood=LOW(0.00) fire=LOW(0.14)
[2026-03-23T23:21:57.793+0000] {climarisk_dag.py:145} INFO - ✅ Errachidia: flood=LOW(0.00) fire=LOW(0.14)
[2026-03-23T23:21:58.597+0000] {climarisk_dag.py:145} INFO - ✅ Zagora: flood=LOW(0.00) fire=LOW(0.14)
[2026-03-23T23:21:59.348+0000] {climarisk_dag.py:145} INFO - ✅ Tinghir: flood=LOW(0.00) fire=LOW(0.14)
[2026-03-23T23:21:59.973+0000] {climarisk_dag.py:145} INFO - ✅ Ouarzazate: flood=LOW(0.00) fire=LOW(0.14)
[2026-03-23T23:22:00.629+0000] {climarisk_dag.py:145} INFO - ✅ Rissani: flood=LOW(0.00) fire=LOW(0.14)
[2026-03-23T23:22:01.352+0000] {climarisk_dag.py:145} INFO - ✅ Erfoud: flood=LOW(0.00) fire=LOW(0.14)
[2026-03-23T23:22:02.271+0000] {climarisk_dag.py:145} INFO - ✅ Merzouga: flood=LOW(0.00) fire=LOW(0.14)
[2026-03-23T23:22:03.055+0000] {climarisk_dag.py:145} INFO - ✅ Alnif: flood=LOW(0.00) fire=LOW(0.14)
[2026-03-23T23:22:03.715+0000] {climarisk_dag.py:145} INFO - ✅ Goulmima: flood=LOW(0.00) fire=LOW(0.14)
[2026-03-23T23:22:04.304+0000] {climarisk_dag.py:145} INFO - ✅ Laâyoune: flood=LOW(0.00) fire=LOW(0.14)
[2026-03-23T23:22:05.147+0000] {climarisk_dag.py:145} INFO - ✅ Boujdour: flood=LOW(0.00) fire=LOW(0.14)
[2026-03-23T23:22:05.860+0000] {climarisk_dag.py:145} INFO - ✅ Tarfaya: flood=LOW(0.00) fire=LOW(0.14)
[2026-03-23T23:22:06.609+0000] {climarisk_dag.py:145} INFO - ✅ Smara: flood=LOW(0.00) fire=LOW(0.14)
[2026-03-23T23:22:07.267+0000] {climarisk_dag.py:145} INFO - ✅ El Marsa: flood=LOW(0.00) fire=LOW(0.14)
[2026-03-23T23:22:08.003+0000] {climarisk_dag.py:145} INFO - ✅ Dakhla: flood=LOW(0.00) fire=LOW(0.14)
[2026-03-23T23:22:08.803+0000] {climarisk_dag.py:145} INFO - ✅ Aousserd: flood=LOW(0.00) fire=LOW(0.14)
[2026-03-23T23:22:09.502+0000] {climarisk_dag.py:145} INFO - ✅ Guelmim: flood=LOW(0.00) fire=LOW(0.14)
[2026-03-23T23:22:10.089+0000] {climarisk_dag.py:145} INFO - ✅ Tan-Tan: flood=LOW(0.00) fire=LOW(0.14)
[2026-03-23T23:22:11.166+0000] {climarisk_dag.py:145} INFO - ✅ Assa: flood=LOW(0.00) fire=LOW(0.14)
[2026-03-23T23:22:12.243+0000] {climarisk_dag.py:145} INFO - ✅ Zag: flood=LOW(0.00) fire=LOW(0.14)
[2026-03-23T23:22:14.073+0000] {climarisk_dag.py:145} INFO - ✅ Sidi Ifni: flood=LOW(0.00) fire=LOW(0.14)
[2026-03-23T23:22:14.933+0000] {climarisk_dag.py:145} INFO - ✅ Tiznit: flood=LOW(0.00) fire=LOW(0.14)
[2026-03-23T23:22:15.677+0000] {climarisk_dag.py:145} INFO - ✅ Tunis: flood=LOW(0.00) fire=LOW(0.14)
[2026-03-23T23:22:16.281+0000] {climarisk_dag.py:145} INFO - ✅ Kampala: flood=LOW(0.00) fire=LOW(0.14)
[2026-03-23T23:22:17.037+0000] {climarisk_dag.py:145} INFO - ✅ Dakar: flood=LOW(0.00) fire=LOW(0.14)
[2026-03-23T23:22:17.864+0000] {climarisk_dag.py:145} INFO - ✅ Kinshasa: flood=LOW(0.00) fire=LOW(0.14)
[2026-03-23T23:22:18.420+0000] {climarisk_dag.py:145} INFO - ✅ Luanda: flood=LOW(0.00) fire=LOW(0.14)
[2026-03-23T23:22:19.056+0000] {climarisk_dag.py:145} INFO - ✅ Khartoum: flood=LOW(0.00) fire=LOW(0.14)
[2026-03-23T23:22:19.833+0000] {climarisk_dag.py:145} INFO - ✅ Harare: flood=LOW(0.00) fire=LOW(0.14)
[2026-03-23T23:22:20.486+0000] {climarisk_dag.py:145} INFO - ✅ Lusaka: flood=LOW(0.00) fire=LOW(0.14)
[2026-03-23T23:22:21.046+0000] {climarisk_dag.py:145} INFO - ✅ Maputo: flood=LOW(0.00) fire=LOW(0.14)
[2026-03-23T23:22:21.850+0000] {climarisk_dag.py:145} INFO - ✅ Antananarivo: flood=LOW(0.00) fire=LOW(0.14)
[2026-03-23T23:22:23.786+0000] {climarisk_dag.py:145} INFO - ✅ Abidjan: flood=LOW(0.00) fire=LOW(0.14)
[2026-03-23T23:22:25.920+0000] {climarisk_dag.py:145} INFO - ✅ Douala: flood=LOW(0.00) fire=LOW(0.14)
[2026-03-23T23:22:27.160+0000] {climarisk_dag.py:145} INFO - ✅ Niamey: flood=LOW(0.00) fire=LOW(0.14)
[2026-03-23T23:22:28.822+0000] {climarisk_dag.py:145} INFO - ✅ Ouagadougou: flood=LOW(0.00) fire=LOW(0.14)
[2026-03-23T23:22:30.221+0000] {climarisk_dag.py:145} INFO - ✅ Bamako: flood=LOW(0.00) fire=LOW(0.14)
[2026-03-23T23:22:31.057+0000] {climarisk_dag.py:145} INFO - ✅ Windhoek: flood=LOW(0.00) fire=LOW(0.14)
[2026-03-23T23:22:31.711+0000] {climarisk_dag.py:145} INFO - ✅ Port Harcourt: flood=LOW(0.00) fire=LOW(0.14)
[2026-03-23T23:22:32.293+0000] {climarisk_dag.py:145} INFO - ✅ Warri: flood=LOW(0.00) fire=LOW(0.14)
[2026-03-23T23:22:33.017+0000] {climarisk_dag.py:145} INFO - ✅ Calabar: flood=LOW(0.00) fire=LOW(0.14)
[2026-03-23T23:22:33.646+0000] {climarisk_dag.py:145} INFO - ✅ Beijing: flood=LOW(0.00) fire=LOW(0.14)
[2026-03-23T23:22:34.418+0000] {climarisk_dag.py:145} INFO - ✅ Shanghai: flood=LOW(0.00) fire=LOW(0.14)
[2026-03-23T23:22:35.102+0000] {climarisk_dag.py:145} INFO - ✅ Guangzhou: flood=LOW(0.00) fire=LOW(0.14)
[2026-03-23T23:22:35.785+0000] {climarisk_dag.py:145} INFO - ✅ Chengdu: flood=LOW(0.00) fire=LOW(0.14)
[2026-03-23T23:22:36.785+0000] {climarisk_dag.py:145} INFO - ✅ Wuhan: flood=LOW(0.00) fire=LOW(0.14)
[2026-03-23T23:22:37.538+0000] {climarisk_dag.py:145} INFO - ✅ Chongqing: flood=LOW(0.00) fire=LOW(0.14)
[2026-03-23T23:22:37.946+0000] {climarisk_dag.py:145} INFO - ✅ Zhengzhou: flood=LOW(0.00) fire=LOW(0.14)
[2026-03-23T23:22:38.525+0000] {climarisk_dag.py:145} INFO - ✅ Changsha: flood=LOW(0.00) fire=LOW(0.14)
[2026-03-23T23:22:39.115+0000] {climarisk_dag.py:145} INFO - ✅ Nanchang: flood=LOW(0.00) fire=LOW(0.14)
[2026-03-23T23:22:39.924+0000] {climarisk_dag.py:145} INFO - ✅ Yichang: flood=LOW(0.00) fire=LOW(0.14)
[2026-03-23T23:22:40.461+0000] {climarisk_dag.py:145} INFO - ✅ Haikou: flood=LOW(0.00) fire=LOW(0.14)
[2026-03-23T23:22:41.108+0000] {climarisk_dag.py:145} INFO - ✅ Hong Kong: flood=LOW(0.00) fire=LOW(0.14)
[2026-03-23T23:22:41.659+0000] {climarisk_dag.py:145} INFO - ✅ Taipei: flood=LOW(0.00) fire=LOW(0.14)
[2026-03-23T23:22:43.155+0000] {climarisk_dag.py:145} INFO - ✅ Kaohsiung: flood=LOW(0.00) fire=LOW(0.14)
[2026-03-23T23:22:45.749+0000] {climarisk_dag.py:145} INFO - ✅ Mumbai: flood=LOW(0.00) fire=LOW(0.14)
[2026-03-23T23:22:46.450+0000] {climarisk_dag.py:145} INFO - ✅ Delhi: flood=LOW(0.00) fire=LOW(0.14)
[2026-03-23T23:22:47.028+0000] {climarisk_dag.py:145} INFO - ✅ Bangalore: flood=LOW(0.00) fire=LOW(0.14)
[2026-03-23T23:22:47.811+0000] {climarisk_dag.py:145} INFO - ✅ Chennai: flood=LOW(0.00) fire=LOW(0.14)
[2026-03-23T23:22:48.567+0000] {climarisk_dag.py:145} INFO - ✅ Kolkata: flood=LOW(0.00) fire=LOW(0.14)
[2026-03-23T23:22:49.353+0000] {climarisk_dag.py:145} INFO - ✅ Patna: flood=LOW(0.00) fire=LOW(0.14)
[2026-03-23T23:22:50.124+0000] {climarisk_dag.py:145} INFO - ✅ Guwahati: flood=LOW(0.00) fire=LOW(0.14)
[2026-03-23T23:22:50.671+0000] {climarisk_dag.py:145} INFO - ✅ Varanasi: flood=LOW(0.00) fire=LOW(0.14)
[2026-03-23T23:22:51.429+0000] {climarisk_dag.py:145} INFO - ✅ Muzaffarpur: flood=LOW(0.00) fire=LOW(0.14)
[2026-03-23T23:22:52.006+0000] {climarisk_dag.py:145} INFO - ✅ Visakhapatnam: flood=LOW(0.00) fire=LOW(0.14)
[2026-03-23T23:22:52.913+0000] {climarisk_dag.py:145} INFO - ✅ Vijayawada: flood=LOW(0.00) fire=LOW(0.14)
[2026-03-23T23:22:53.631+0000] {climarisk_dag.py:145} INFO - ✅ Tokyo: flood=LOW(0.00) fire=LOW(0.14)
[2026-03-23T23:22:54.272+0000] {climarisk_dag.py:145} INFO - ✅ Osaka: flood=LOW(0.00) fire=LOW(0.14)
[2026-03-23T23:22:55.949+0000] {climarisk_dag.py:145} INFO - ✅ Sapporo: flood=LOW(0.00) fire=LOW(0.14)
[2026-03-23T23:22:57.143+0000] {climarisk_dag.py:145} INFO - ✅ Naha: flood=LOW(0.00) fire=LOW(0.14)
[2026-03-23T23:22:58.208+0000] {climarisk_dag.py:145} INFO - ✅ Seoul: flood=LOW(0.00) fire=LOW(0.14)
[2026-03-23T23:22:59.071+0000] {climarisk_dag.py:145} INFO - ✅ Busan: flood=LOW(0.00) fire=LOW(0.14)
[2026-03-23T23:22:59.727+0000] {climarisk_dag.py:145} INFO - ✅ Bangkok: flood=LOW(0.00) fire=LOW(0.14)
[2026-03-23T23:23:01.030+0000] {climarisk_dag.py:145} INFO - ✅ Chiang Mai: flood=LOW(0.00) fire=LOW(0.14)
[2026-03-23T23:23:06.162+0000] {climarisk_dag.py:145} INFO - ✅ Jakarta: flood=LOW(0.00) fire=LOW(0.14)
[2026-03-23T23:23:07.102+0000] {climarisk_dag.py:145} INFO - ✅ Surabaya: flood=LOW(0.00) fire=LOW(0.14)
[2026-03-23T23:23:08.725+0000] {climarisk_dag.py:145} INFO - ✅ Medan: flood=LOW(0.00) fire=LOW(0.14)
[2026-03-23T23:23:09.675+0000] {climarisk_dag.py:145} INFO - ✅ Manila: flood=LOW(0.00) fire=LOW(0.14)
[2026-03-23T23:23:10.963+0000] {climarisk_dag.py:145} INFO - ✅ Cebu: flood=LOW(0.00) fire=LOW(0.14)
[2026-03-23T23:23:11.971+0000] {climarisk_dag.py:145} INFO - ✅ Tacloban: flood=LOW(0.00) fire=LOW(0.14)
[2026-03-23T23:23:12.880+0000] {climarisk_dag.py:145} INFO - ✅ Legazpi: flood=LOW(0.00) fire=LOW(0.14)
[2026-03-23T23:23:13.845+0000] {climarisk_dag.py:145} INFO - ✅ Zamboanga: flood=LOW(0.00) fire=LOW(0.14)
[2026-03-23T23:23:15.118+0000] {climarisk_dag.py:145} INFO - ✅ Kuala Lumpur: flood=LOW(0.00) fire=LOW(0.14)
[2026-03-23T23:23:16.325+0000] {climarisk_dag.py:145} INFO - ✅ Singapore: flood=LOW(0.00) fire=LOW(0.14)
[2026-03-23T23:23:17.037+0000] {climarisk_dag.py:145} INFO - ✅ Ho Chi Minh City: flood=LOW(0.00) fire=LOW(0.14)
[2026-03-23T23:23:18.451+0000] {climarisk_dag.py:145} INFO - ✅ Hanoi: flood=LOW(0.00) fire=LOW(0.14)
[2026-03-23T23:23:19.745+0000] {climarisk_dag.py:145} INFO - ✅ Da Nang: flood=LOW(0.00) fire=LOW(0.14)
[2026-03-23T23:23:21.158+0000] {climarisk_dag.py:145} INFO - ✅ Can Tho: flood=LOW(0.00) fire=LOW(0.14)
[2026-03-23T23:23:22.151+0000] {climarisk_dag.py:145} INFO - ✅ My Tho: flood=LOW(0.00) fire=LOW(0.14)
[2026-03-23T23:23:22.737+0000] {climarisk_dag.py:145} INFO - ✅ Dhaka: flood=LOW(0.00) fire=LOW(0.14)
[2026-03-23T23:23:23.431+0000] {climarisk_dag.py:145} INFO - ✅ Chittagong: flood=LOW(0.00) fire=LOW(0.14)
[2026-03-23T23:23:24.222+0000] {climarisk_dag.py:145} INFO - ✅ Sylhet: flood=LOW(0.00) fire=LOW(0.14)
[2026-03-23T23:23:25.024+0000] {climarisk_dag.py:145} INFO - ✅ Khulna: flood=LOW(0.00) fire=LOW(0.14)
[2026-03-23T23:23:26.847+0000] {climarisk_dag.py:145} INFO - ✅ Cox's Bazar: flood=LOW(0.00) fire=LOW(0.14)
[2026-03-23T23:23:27.371+0000] {climarisk_dag.py:145} INFO - ✅ Karachi: flood=LOW(0.00) fire=LOW(0.14)
[2026-03-23T23:23:27.999+0000] {climarisk_dag.py:145} INFO - ✅ Lahore: flood=LOW(0.00) fire=LOW(0.14)
[2026-03-23T23:23:28.546+0000] {climarisk_dag.py:145} INFO - ✅ Colombo: flood=LOW(0.00) fire=LOW(0.14)
[2026-03-23T23:23:29.141+0000] {climarisk_dag.py:145} INFO - ✅ Kathmandu: flood=LOW(0.00) fire=LOW(0.14)
[2026-03-23T23:23:29.842+0000] {climarisk_dag.py:145} INFO - ✅ Yangon: flood=LOW(0.00) fire=LOW(0.14)
[2026-03-23T23:23:30.675+0000] {climarisk_dag.py:145} INFO - ✅ Sittwe: flood=LOW(0.00) fire=LOW(0.14)
[2026-03-23T23:23:31.504+0000] {climarisk_dag.py:145} INFO - ✅ Phnom Penh: flood=LOW(0.00) fire=LOW(0.14)
[2026-03-23T23:23:32.119+0000] {climarisk_dag.py:145} INFO - ✅ Riyadh: flood=LOW(0.00) fire=LOW(0.14)
[2026-03-23T23:23:32.748+0000] {climarisk_dag.py:145} INFO - ✅ Dubai: flood=LOW(0.00) fire=LOW(0.14)
[2026-03-23T23:23:33.301+0000] {climarisk_dag.py:145} INFO - ✅ Tehran: flood=LOW(0.00) fire=LOW(0.14)
[2026-03-23T23:23:33.869+0000] {climarisk_dag.py:145} INFO - ✅ Istanbul: flood=LOW(0.00) fire=LOW(0.14)
[2026-03-23T23:23:34.579+0000] {climarisk_dag.py:145} INFO - ✅ Ankara: flood=LOW(0.00) fire=LOW(0.14)
[2026-03-23T23:23:35.101+0000] {climarisk_dag.py:145} INFO - ✅ Baghdad: flood=LOW(0.00) fire=LOW(0.14)
[2026-03-23T23:23:35.744+0000] {climarisk_dag.py:145} INFO - ✅ Baku: flood=LOW(0.00) fire=LOW(0.14)
[2026-03-23T23:23:36.373+0000] {climarisk_dag.py:145} INFO - ✅ Tashkent: flood=LOW(0.00) fire=LOW(0.14)
[2026-03-23T23:23:37.220+0000] {climarisk_dag.py:145} INFO - ✅ Almaty: flood=LOW(0.00) fire=LOW(0.14)
[2026-03-23T23:23:37.637+0000] {climarisk_dag.py:145} INFO - ✅ Guam: flood=LOW(0.00) fire=LOW(0.14)
[2026-03-23T23:23:38.167+0000] {climarisk_dag.py:145} INFO - ✅ Paris: flood=LOW(0.00) fire=LOW(0.14)
[2026-03-23T23:23:38.744+0000] {climarisk_dag.py:145} INFO - ✅ Lyon: flood=LOW(0.00) fire=LOW(0.14)
[2026-03-23T23:23:39.396+0000] {climarisk_dag.py:145} INFO - ✅ Marseille: flood=LOW(0.00) fire=LOW(0.14)
[2026-03-23T23:23:40.108+0000] {climarisk_dag.py:145} INFO - ✅ Toulouse: flood=LOW(0.00) fire=LOW(0.14)
[2026-03-23T23:23:41.267+0000] {climarisk_dag.py:145} INFO - ✅ Bordeaux: flood=LOW(0.00) fire=LOW(0.14)
[2026-03-23T23:23:42.557+0000] {climarisk_dag.py:145} INFO - ✅ Nantes: flood=LOW(0.00) fire=LOW(0.14)
[2026-03-23T23:23:45.933+0000] {climarisk_dag.py:145} INFO - ✅ Strasbourg: flood=LOW(0.00) fire=LOW(0.14)
[2026-03-23T23:23:46.528+0000] {climarisk_dag.py:145} INFO - ✅ Lille: flood=LOW(0.00) fire=LOW(0.14)
[2026-03-23T23:23:47.184+0000] {climarisk_dag.py:145} INFO - ✅ Montpellier: flood=LOW(0.00) fire=LOW(0.14)
[2026-03-23T23:23:47.882+0000] {climarisk_dag.py:145} INFO - ✅ Nice: flood=LOW(0.00) fire=LOW(0.14)
[2026-03-23T23:23:48.564+0000] {climarisk_dag.py:145} INFO - ✅ London: flood=LOW(0.00) fire=LOW(0.14)
[2026-03-23T23:23:49.248+0000] {climarisk_dag.py:145} INFO - ✅ Birmingham: flood=LOW(0.00) fire=LOW(0.14)
[2026-03-23T23:23:50.033+0000] {climarisk_dag.py:145} INFO - ✅ Manchester: flood=LOW(0.00) fire=LOW(0.14)
[2026-03-23T23:23:50.793+0000] {climarisk_dag.py:145} INFO - ✅ Berlin: flood=LOW(0.00) fire=LOW(0.14)
[2026-03-23T23:23:52.515+0000] {climarisk_dag.py:145} INFO - ✅ Hamburg: flood=LOW(0.00) fire=LOW(0.14)
[2026-03-23T23:23:53.243+0000] {climarisk_dag.py:145} INFO - ✅ Munich: flood=LOW(0.00) fire=LOW(0.14)
[2026-03-23T23:23:53.892+0000] {climarisk_dag.py:145} INFO - ✅ Frankfurt: flood=LOW(0.00) fire=LOW(0.14)
[2026-03-23T23:23:54.578+0000] {climarisk_dag.py:145} INFO - ✅ Madrid: flood=LOW(0.00) fire=LOW(0.14)
[2026-03-23T23:23:55.143+0000] {climarisk_dag.py:145} INFO - ✅ Barcelona: flood=LOW(0.00) fire=LOW(0.14)
[2026-03-23T23:23:55.836+0000] {climarisk_dag.py:145} INFO - ✅ Valencia: flood=LOW(0.00) fire=LOW(0.14)
[2026-03-23T23:23:56.402+0000] {climarisk_dag.py:145} INFO - ✅ Malaga: flood=LOW(0.00) fire=LOW(0.14)
[2026-03-23T23:23:57.753+0000] {climarisk_dag.py:145} INFO - ✅ Rome: flood=LOW(0.00) fire=LOW(0.14)
[2026-03-23T23:23:58.899+0000] {climarisk_dag.py:145} INFO - ✅ Milan: flood=LOW(0.00) fire=LOW(0.14)
[2026-03-23T23:24:00.547+0000] {climarisk_dag.py:145} INFO - ✅ Palermo: flood=LOW(0.00) fire=LOW(0.14)
[2026-03-23T23:24:01.700+0000] {climarisk_dag.py:145} INFO - ✅ Amsterdam: flood=LOW(0.00) fire=LOW(0.14)
[2026-03-23T23:24:02.394+0000] {climarisk_dag.py:145} INFO - ✅ Brussels: flood=LOW(0.00) fire=LOW(0.14)
[2026-03-23T23:24:03.004+0000] {climarisk_dag.py:145} INFO - ✅ Vienna: flood=LOW(0.00) fire=LOW(0.14)
[2026-03-23T23:24:03.725+0000] {climarisk_dag.py:145} INFO - ✅ Zurich: flood=LOW(0.00) fire=LOW(0.14)
[2026-03-23T23:24:04.280+0000] {climarisk_dag.py:145} INFO - ✅ Stockholm: flood=LOW(0.00) fire=LOW(0.14)
[2026-03-23T23:24:04.898+0000] {climarisk_dag.py:145} INFO - ✅ Oslo: flood=LOW(0.00) fire=LOW(0.14)
[2026-03-23T23:24:05.452+0000] {climarisk_dag.py:145} INFO - ✅ Copenhagen: flood=LOW(0.00) fire=LOW(0.14)
[2026-03-23T23:24:06.019+0000] {climarisk_dag.py:145} INFO - ✅ Helsinki: flood=LOW(0.00) fire=LOW(0.14)
[2026-03-23T23:24:06.709+0000] {climarisk_dag.py:145} INFO - ✅ Warsaw: flood=LOW(0.00) fire=LOW(0.14)
[2026-03-23T23:24:07.286+0000] {climarisk_dag.py:145} INFO - ✅ Prague: flood=LOW(0.00) fire=LOW(0.14)
[2026-03-23T23:24:08.297+0000] {climarisk_dag.py:145} INFO - ✅ Budapest: flood=LOW(0.00) fire=LOW(0.14)
[2026-03-23T23:24:08.960+0000] {climarisk_dag.py:145} INFO - ✅ Bucharest: flood=LOW(0.00) fire=LOW(0.14)
[2026-03-23T23:24:09.555+0000] {climarisk_dag.py:145} INFO - ✅ Athens: flood=LOW(0.00) fire=LOW(0.14)
[2026-03-23T23:24:10.099+0000] {climarisk_dag.py:145} INFO - ✅ Thessaloniki: flood=LOW(0.00) fire=LOW(0.14)
[2026-03-23T23:24:10.891+0000] {climarisk_dag.py:145} INFO - ✅ Lisbon: flood=LOW(0.00) fire=LOW(0.14)
[2026-03-23T23:24:11.524+0000] {climarisk_dag.py:145} INFO - ✅ Moscow: flood=LOW(0.00) fire=LOW(0.14)
[2026-03-23T23:24:12.227+0000] {climarisk_dag.py:145} INFO - ✅ Saint Petersburg: flood=LOW(0.00) fire=LOW(0.14)
[2026-03-23T23:24:12.778+0000] {climarisk_dag.py:145} INFO - ✅ Krasnoyarsk: flood=LOW(0.00) fire=LOW(0.14)
[2026-03-23T23:24:13.848+0000] {climarisk_dag.py:145} INFO - ✅ Irkutsk: flood=LOW(0.00) fire=LOW(0.14)
[2026-03-23T23:24:15.655+0000] {climarisk_dag.py:145} INFO - ✅ Yakutsk: flood=LOW(0.00) fire=LOW(0.14)
[2026-03-23T23:24:17.162+0000] {climarisk_dag.py:145} INFO - ✅ Khabarovsk: flood=LOW(0.00) fire=LOW(0.14)
[2026-03-23T23:24:18.098+0000] {climarisk_dag.py:145} INFO - ✅ Kyiv: flood=LOW(0.00) fire=LOW(0.14)
[2026-03-23T23:24:18.811+0000] {climarisk_dag.py:145} INFO - ✅ New York: flood=LOW(0.00) fire=LOW(0.14)
[2026-03-23T23:24:19.483+0000] {climarisk_dag.py:145} INFO - ✅ Los Angeles: flood=LOW(0.00) fire=LOW(0.14)
[2026-03-23T23:24:20.142+0000] {climarisk_dag.py:145} INFO - ✅ Chicago: flood=LOW(0.00) fire=LOW(0.14)
[2026-03-23T23:24:20.670+0000] {climarisk_dag.py:145} INFO - ✅ Houston: flood=LOW(0.00) fire=LOW(0.14)
[2026-03-23T23:24:21.459+0000] {climarisk_dag.py:145} INFO - ✅ Miami: flood=LOW(0.00) fire=LOW(0.14)
[2026-03-23T23:24:22.158+0000] {climarisk_dag.py:145} INFO - ✅ New Orleans: flood=LOW(0.00) fire=LOW(0.14)
[2026-03-23T23:24:22.778+0000] {climarisk_dag.py:145} INFO - ✅ Seattle: flood=LOW(0.00) fire=LOW(0.14)
[2026-03-23T23:24:23.342+0000] {climarisk_dag.py:145} INFO - ✅ Sacramento: flood=LOW(0.00) fire=LOW(0.14)
[2026-03-23T23:24:24.305+0000] {climarisk_dag.py:145} INFO - ✅ Fresno: flood=LOW(0.00) fire=LOW(0.14)
[2026-03-23T23:24:24.918+0000] {climarisk_dag.py:145} INFO - ✅ Redding: flood=LOW(0.00) fire=LOW(0.14)
[2026-03-23T23:24:25.453+0000] {climarisk_dag.py:145} INFO - ✅ Memphis: flood=LOW(0.00) fire=LOW(0.14)
[2026-03-23T23:24:26.090+0000] {climarisk_dag.py:145} INFO - ✅ Toronto: flood=LOW(0.00) fire=LOW(0.14)
[2026-03-23T23:24:26.749+0000] {climarisk_dag.py:145} INFO - ✅ Montreal: flood=LOW(0.00) fire=LOW(0.14)
[2026-03-23T23:24:27.372+0000] {climarisk_dag.py:145} INFO - ✅ Vancouver: flood=LOW(0.00) fire=LOW(0.14)
[2026-03-23T23:24:28.881+0000] {climarisk_dag.py:145} INFO - ✅ Mexico City: flood=LOW(0.00) fire=LOW(0.14)
[2026-03-23T23:24:29.658+0000] {climarisk_dag.py:145} INFO - ✅ Veracruz: flood=LOW(0.00) fire=LOW(0.14)
[2026-03-23T23:24:30.259+0000] {climarisk_dag.py:145} INFO - ✅ Cancún: flood=LOW(0.00) fire=LOW(0.14)
[2026-03-23T23:24:31.010+0000] {climarisk_dag.py:145} INFO - ✅ São Paulo: flood=LOW(0.00) fire=LOW(0.14)
[2026-03-23T23:24:31.977+0000] {climarisk_dag.py:145} INFO - ✅ Rio de Janeiro: flood=LOW(0.00) fire=LOW(0.14)
[2026-03-23T23:24:34.125+0000] {climarisk_dag.py:145} INFO - ✅ Belém: flood=LOW(0.00) fire=LOW(0.14)
[2026-03-23T23:24:36.020+0000] {climarisk_dag.py:145} INFO - ✅ Marabá: flood=LOW(0.00) fire=LOW(0.14)
[2026-03-23T23:24:38.824+0000] {climarisk_dag.py:145} INFO - ✅ Sinop: flood=LOW(0.00) fire=LOW(0.14)
[2026-03-23T23:24:40.369+0000] {climarisk_dag.py:145} INFO - ✅ Porto Velho: flood=LOW(0.00) fire=LOW(0.14)
[2026-03-23T23:24:40.909+0000] {climarisk_dag.py:145} INFO - ✅ Buenos Aires: flood=LOW(0.00) fire=LOW(0.14)
[2026-03-23T23:24:41.486+0000] {climarisk_dag.py:145} INFO - ✅ Lima: flood=LOW(0.00) fire=LOW(0.14)
[2026-03-23T23:24:42.138+0000] {climarisk_dag.py:145} INFO - ✅ Bogotá: flood=LOW(0.00) fire=LOW(0.14)
[2026-03-23T23:24:42.684+0000] {climarisk_dag.py:145} INFO - ✅ Santiago: flood=LOW(0.00) fire=LOW(0.14)
[2026-03-23T23:24:43.304+0000] {climarisk_dag.py:145} INFO - ✅ Port-au-Prince: flood=LOW(0.00) fire=LOW(0.14)
[2026-03-23T23:24:44.003+0000] {climarisk_dag.py:145} INFO - ✅ San Juan: flood=LOW(0.00) fire=LOW(0.14)
[2026-03-23T23:24:44.840+0000] {climarisk_dag.py:145} INFO - ✅ Kingston: flood=LOW(0.00) fire=LOW(0.14)
[2026-03-23T23:24:45.728+0000] {climarisk_dag.py:145} INFO - ✅ Port of Spain: flood=LOW(0.00) fire=LOW(0.14)
[2026-03-23T23:24:46.349+0000] {climarisk_dag.py:145} INFO - ✅ Sydney: flood=LOW(0.00) fire=LOW(0.14)
[2026-03-23T23:24:47.009+0000] {climarisk_dag.py:145} INFO - ✅ Melbourne: flood=LOW(0.00) fire=LOW(0.14)
[2026-03-23T23:24:47.580+0000] {climarisk_dag.py:145} INFO - ✅ Brisbane: flood=LOW(0.00) fire=LOW(0.14)
[2026-03-23T23:24:48.145+0000] {climarisk_dag.py:145} INFO - ✅ Darwin: flood=LOW(0.00) fire=LOW(0.14)
[2026-03-23T23:24:48.892+0000] {climarisk_dag.py:145} INFO - ✅ Alice Springs: flood=LOW(0.00) fire=LOW(0.14)
[2026-03-23T23:24:49.740+0000] {climarisk_dag.py:145} INFO - ✅ Cairns: flood=LOW(0.00) fire=LOW(0.14)
[2026-03-23T23:24:50.840+0000] {climarisk_dag.py:145} INFO - ✅ Auckland: flood=LOW(0.00) fire=LOW(0.14)
[2026-03-23T23:24:51.859+0000] {climarisk_dag.py:145} INFO - ✅ Port Moresby: flood=LOW(0.00) fire=LOW(0.14)
[2026-03-23T23:24:51.860+0000] {climarisk_dag.py:157} INFO - ✅ Done: 291 OK, 0 errors, 253.2s
[2026-03-23T23:24:51.897+0000] {python.py:237} INFO - Done. Returned value was: None
[2026-03-23T23:24:51.899+0000] {taskinstance.py:441} INFO - ::group::Post task execution logs
[2026-03-23T23:24:51.920+0000] {taskinstance.py:1206} INFO - Marking task as SUCCESS. dag_id=***_predictions, task_id=predict_all_zones, run_id=scheduled__2026-03-23T23:19:00+00:00, execution_date=20260323T231900, start_date=20260323T232038, end_date=20260323T232451
[2026-03-23T23:24:51.963+0000] {local_task_job_runner.py:240} INFO - Task exited with return code 0
[2026-03-23T23:24:51.999+0000] {taskinstance.py:3498} INFO - 1 downstream tasks scheduled from follow-on schedule check
[2026-03-23T23:24:52.003+0000] {local_task_job_runner.py:222} INFO - ::endgroup::
