[2026-03-25T15:49:36.834+0000] {local_task_job_runner.py:120} INFO - ::group::Pre task execution logs
[2026-03-25T15:49:36.871+0000] {taskinstance.py:2076} INFO - Dependencies all met for dep_context=non-requeueable deps ti=<TaskInstance: climarisk_predictions.predict_all_zones scheduled__2026-03-25T15:40:00+00:00 [queued]>
[2026-03-25T15:49:36.883+0000] {taskinstance.py:2076} INFO - Dependencies all met for dep_context=requeueable deps ti=<TaskInstance: climarisk_predictions.predict_all_zones scheduled__2026-03-25T15:40:00+00:00 [queued]>
[2026-03-25T15:49:36.884+0000] {taskinstance.py:2306} INFO - Starting attempt 1 of 2
[2026-03-25T15:49:36.897+0000] {taskinstance.py:2330} INFO - Executing <Task(PythonOperator): predict_all_zones> on 2026-03-25 15:40:00+00:00
[2026-03-25T15:49:36.905+0000] {logging_mixin.py:188} WARNING - /home/airflow/.local/lib/python3.12/site-packages/airflow/task/task_runner/standard_task_runner.py:61 DeprecationWarning: This process (pid=703) is multi-threaded, use of fork() may lead to deadlocks in the child.
[2026-03-25T15:49:36.906+0000] {standard_task_runner.py:63} INFO - Started process 704 to run task
[2026-03-25T15:49:36.905+0000] {standard_task_runner.py:90} INFO - Running: ['airflow', 'tasks', 'run', '***_predictions', 'predict_all_zones', 'scheduled__2026-03-25T15:40:00+00:00', '--job-id', '565', '--raw', '--subdir', 'DAGS_FOLDER/***_dag.py', '--cfg-path', '/tmp/tmp0tc14wtv']
[2026-03-25T15:49:36.907+0000] {standard_task_runner.py:91} INFO - Job 565: Subtask predict_all_zones
[2026-03-25T15:49:36.978+0000] {task_command.py:426} INFO - Running <TaskInstance: climarisk_predictions.predict_all_zones scheduled__2026-03-25T15:40:00+00:00 [running]> on host 6146f0e8983c
[2026-03-25T15:49:37.093+0000] {taskinstance.py:2648} INFO - Exporting env vars: AIRFLOW_CTX_DAG_OWNER='***' AIRFLOW_CTX_DAG_ID='***_predictions' AIRFLOW_CTX_TASK_ID='predict_all_zones' AIRFLOW_CTX_EXECUTION_DATE='2026-03-25T15:40:00+00:00' AIRFLOW_CTX_TRY_NUMBER='1' AIRFLOW_CTX_DAG_RUN_ID='scheduled__2026-03-25T15:40:00+00:00'
[2026-03-25T15:49:37.094+0000] {taskinstance.py:430} INFO - ::endgroup::
[2026-03-25T15:49:40.055+0000] {climarisk_dag.py:152} ERROR - ❌ Alger: 500 Server Error: Internal Server Error for url: http://backend:8000/api/predictions/flood/1
[2026-03-25T15:49:41.164+0000] {climarisk_dag.py:152} ERROR - ❌ Cairo: 500 Server Error: Internal Server Error for url: http://backend:8000/api/predictions/flood/2
[2026-03-25T15:49:43.623+0000] {climarisk_dag.py:152} ERROR - ❌ Lagos: 500 Server Error: Internal Server Error for url: http://backend:8000/api/predictions/flood/3
[2026-03-25T15:49:45.540+0000] {climarisk_dag.py:152} ERROR - ❌ Kano: 500 Server Error: Internal Server Error for url: http://backend:8000/api/predictions/flood/4
[2026-03-25T15:49:46.119+0000] {climarisk_dag.py:152} ERROR - ❌ Abuja: 500 Server Error: Internal Server Error for url: http://backend:8000/api/predictions/flood/5
[2026-03-25T15:49:47.033+0000] {climarisk_dag.py:152} ERROR - ❌ Johannesburg: 500 Server Error: Internal Server Error for url: http://backend:8000/api/predictions/flood/6
[2026-03-25T15:49:47.658+0000] {climarisk_dag.py:152} ERROR - ❌ Cape Town: 500 Server Error: Internal Server Error for url: http://backend:8000/api/predictions/flood/7
[2026-03-25T15:49:48.308+0000] {climarisk_dag.py:152} ERROR - ❌ Nairobi: 500 Server Error: Internal Server Error for url: http://backend:8000/api/predictions/flood/8
[2026-03-25T15:49:49.533+0000] {climarisk_dag.py:152} ERROR - ❌ Addis Ababa: 500 Server Error: Internal Server Error for url: http://backend:8000/api/predictions/flood/9
[2026-03-25T15:49:52.064+0000] {climarisk_dag.py:152} ERROR - ❌ Dar es Salaam: 500 Server Error: Internal Server Error for url: http://backend:8000/api/predictions/flood/10
[2026-03-25T15:49:54.388+0000] {climarisk_dag.py:152} ERROR - ❌ Accra: 500 Server Error: Internal Server Error for url: http://backend:8000/api/predictions/flood/11
[2026-03-25T15:49:55.282+0000] {climarisk_dag.py:152} ERROR - ❌ Casablanca: 500 Server Error: Internal Server Error for url: http://backend:8000/api/predictions/flood/12
[2026-03-25T15:49:57.460+0000] {climarisk_dag.py:152} ERROR - ❌ Mohammedia: 500 Server Error: Internal Server Error for url: http://backend:8000/api/predictions/flood/13
[2026-03-25T15:49:58.813+0000] {climarisk_dag.py:152} ERROR - ❌ El Jadida: 500 Server Error: Internal Server Error for url: http://backend:8000/api/predictions/flood/14
[2026-03-25T15:50:03.861+0000] {climarisk_dag.py:152} ERROR - ❌ Settat: 500 Server Error: Internal Server Error for url: http://backend:8000/api/predictions/flood/15
[2026-03-25T15:50:04.183+0000] {climarisk_dag.py:152} ERROR - ❌ Berrechid: 500 Server Error: Internal Server Error for url: http://backend:8000/api/predictions/flood/16
[2026-03-25T15:50:04.471+0000] {climarisk_dag.py:152} ERROR - ❌ Benslimane: 500 Server Error: Internal Server Error for url: http://backend:8000/api/predictions/flood/17
[2026-03-25T15:50:04.846+0000] {climarisk_dag.py:152} ERROR - ❌ Sidi Bennour: 500 Server Error: Internal Server Error for url: http://backend:8000/api/predictions/flood/18
[2026-03-25T15:50:05.108+0000] {climarisk_dag.py:152} ERROR - ❌ Azemmour: 500 Server Error: Internal Server Error for url: http://backend:8000/api/predictions/flood/19
[2026-03-25T15:50:05.419+0000] {climarisk_dag.py:152} ERROR - ❌ Mediouna: 500 Server Error: Internal Server Error for url: http://backend:8000/api/predictions/flood/20
[2026-03-25T15:50:10.385+0000] {climarisk_dag.py:152} ERROR - ❌ Nouaceur: 500 Server Error: Internal Server Error for url: http://backend:8000/api/predictions/flood/21
[2026-03-25T15:50:10.684+0000] {climarisk_dag.py:152} ERROR - ❌ Rabat: 500 Server Error: Internal Server Error for url: http://backend:8000/api/predictions/flood/22
[2026-03-25T15:50:12.965+0000] {climarisk_dag.py:152} ERROR - ❌ Salé: 500 Server Error: Internal Server Error for url: http://backend:8000/api/predictions/flood/23
[2026-03-25T15:50:13.780+0000] {climarisk_dag.py:152} ERROR - ❌ Kénitra: 500 Server Error: Internal Server Error for url: http://backend:8000/api/predictions/flood/24
[2026-03-25T15:50:16.236+0000] {climarisk_dag.py:152} ERROR - ❌ Témara: 500 Server Error: Internal Server Error for url: http://backend:8000/api/predictions/flood/25
[2026-03-25T15:50:18.094+0000] {climarisk_dag.py:152} ERROR - ❌ Skhirat: 500 Server Error: Internal Server Error for url: http://backend:8000/api/predictions/flood/26
[2026-03-25T15:50:22.422+0000] {climarisk_dag.py:152} ERROR - ❌ Tiflet: 500 Server Error: Internal Server Error for url: http://backend:8000/api/predictions/flood/27
[2026-03-25T15:50:23.448+0000] {climarisk_dag.py:152} ERROR - ❌ Khémisset: 500 Server Error: Internal Server Error for url: http://backend:8000/api/predictions/flood/28
[2026-03-25T15:50:24.040+0000] {climarisk_dag.py:152} ERROR - ❌ Sidi Slimane: 500 Server Error: Internal Server Error for url: http://backend:8000/api/predictions/flood/29
[2026-03-25T15:50:24.628+0000] {climarisk_dag.py:152} ERROR - ❌ Sidi Kacem: 500 Server Error: Internal Server Error for url: http://backend:8000/api/predictions/flood/30
[2026-03-25T15:50:32.823+0000] {climarisk_dag.py:152} ERROR - ❌ Souk el Arba: 500 Server Error: Internal Server Error for url: http://backend:8000/api/predictions/flood/31
[2026-03-25T15:50:33.775+0000] {climarisk_dag.py:152} ERROR - ❌ Ouazzane: 500 Server Error: Internal Server Error for url: http://backend:8000/api/predictions/flood/32
[2026-03-25T15:50:34.667+0000] {climarisk_dag.py:152} ERROR - ❌ Fès: 500 Server Error: Internal Server Error for url: http://backend:8000/api/predictions/flood/33
[2026-03-25T15:50:35.603+0000] {climarisk_dag.py:152} ERROR - ❌ Meknès: 500 Server Error: Internal Server Error for url: http://backend:8000/api/predictions/flood/34
[2026-03-25T15:50:36.647+0000] {climarisk_dag.py:152} ERROR - ❌ Ifrane: 500 Server Error: Internal Server Error for url: http://backend:8000/api/predictions/flood/35
[2026-03-25T15:50:40.918+0000] {climarisk_dag.py:152} ERROR - ❌ Azrou: 500 Server Error: Internal Server Error for url: http://backend:8000/api/predictions/flood/36
[2026-03-25T15:50:41.497+0000] {climarisk_dag.py:152} ERROR - ❌ Taounate: 500 Server Error: Internal Server Error for url: http://backend:8000/api/predictions/flood/37
[2026-03-25T15:50:43.026+0000] {climarisk_dag.py:152} ERROR - ❌ Taza: 500 Server Error: Internal Server Error for url: http://backend:8000/api/predictions/flood/38
[2026-03-25T15:50:44.546+0000] {climarisk_dag.py:152} ERROR - ❌ Sefrou: 500 Server Error: Internal Server Error for url: http://backend:8000/api/predictions/flood/39
[2026-03-25T15:50:45.187+0000] {climarisk_dag.py:152} ERROR - ❌ Boulemane: 500 Server Error: Internal Server Error for url: http://backend:8000/api/predictions/flood/40
[2026-03-25T15:50:46.773+0000] {climarisk_dag.py:152} ERROR - ❌ El Hajeb: 500 Server Error: Internal Server Error for url: http://backend:8000/api/predictions/flood/41
[2026-03-25T15:50:47.638+0000] {climarisk_dag.py:152} ERROR - ❌ Missour: 500 Server Error: Internal Server Error for url: http://backend:8000/api/predictions/flood/42
[2026-03-25T15:50:48.758+0000] {climarisk_dag.py:152} ERROR - ❌ Guercif: 500 Server Error: Internal Server Error for url: http://backend:8000/api/predictions/flood/43
[2026-03-25T15:50:49.692+0000] {climarisk_dag.py:152} ERROR - ❌ Marrakech: 500 Server Error: Internal Server Error for url: http://backend:8000/api/predictions/flood/44
[2026-03-25T15:50:50.802+0000] {climarisk_dag.py:152} ERROR - ❌ Safi: 500 Server Error: Internal Server Error for url: http://backend:8000/api/predictions/flood/45
[2026-03-25T15:50:52.270+0000] {climarisk_dag.py:152} ERROR - ❌ Essaouira: 500 Server Error: Internal Server Error for url: http://backend:8000/api/predictions/flood/46
[2026-03-25T15:50:52.921+0000] {climarisk_dag.py:152} ERROR - ❌ El Kelaa des Sraghna: 500 Server Error: Internal Server Error for url: http://backend:8000/api/predictions/flood/47
[2026-03-25T15:50:53.918+0000] {climarisk_dag.py:152} ERROR - ❌ Chichaoua: 500 Server Error: Internal Server Error for url: http://backend:8000/api/predictions/flood/48
[2026-03-25T15:50:54.527+0000] {climarisk_dag.py:152} ERROR - ❌ Youssoufia: 500 Server Error: Internal Server Error for url: http://backend:8000/api/predictions/flood/49
[2026-03-25T15:50:55.698+0000] {climarisk_dag.py:152} ERROR - ❌ Ben Guerir: 500 Server Error: Internal Server Error for url: http://backend:8000/api/predictions/flood/50
[2026-03-25T15:50:56.291+0000] {climarisk_dag.py:152} ERROR - ❌ Tahanaout: 500 Server Error: Internal Server Error for url: http://backend:8000/api/predictions/flood/51
[2026-03-25T15:50:56.872+0000] {climarisk_dag.py:152} ERROR - ❌ Ait Ourir: 500 Server Error: Internal Server Error for url: http://backend:8000/api/predictions/flood/52
[2026-03-25T15:50:58.530+0000] {climarisk_dag.py:152} ERROR - ❌ Demnate: 500 Server Error: Internal Server Error for url: http://backend:8000/api/predictions/flood/53
[2026-03-25T15:51:00.849+0000] {climarisk_dag.py:152} ERROR - ❌ Tanger: 500 Server Error: Internal Server Error for url: http://backend:8000/api/predictions/flood/54
[2026-03-25T15:51:01.759+0000] {climarisk_dag.py:152} ERROR - ❌ Tétouan: 500 Server Error: Internal Server Error for url: http://backend:8000/api/predictions/flood/55
[2026-03-25T15:51:03.152+0000] {climarisk_dag.py:152} ERROR - ❌ Al Hoceïma: 500 Server Error: Internal Server Error for url: http://backend:8000/api/predictions/flood/56
[2026-03-25T15:51:05.393+0000] {climarisk_dag.py:152} ERROR - ❌ Larache: 500 Server Error: Internal Server Error for url: http://backend:8000/api/predictions/flood/57
[2026-03-25T15:51:07.046+0000] {climarisk_dag.py:152} ERROR - ❌ Chefchaouen: 500 Server Error: Internal Server Error for url: http://backend:8000/api/predictions/flood/58
[2026-03-25T15:51:08.578+0000] {climarisk_dag.py:152} ERROR - ❌ Asilah: 500 Server Error: Internal Server Error for url: http://backend:8000/api/predictions/flood/59
[2026-03-25T15:51:09.416+0000] {climarisk_dag.py:152} ERROR - ❌ Fnideq: 500 Server Error: Internal Server Error for url: http://backend:8000/api/predictions/flood/60
[2026-03-25T15:51:10.001+0000] {climarisk_dag.py:152} ERROR - ❌ Martil: 500 Server Error: Internal Server Error for url: http://backend:8000/api/predictions/flood/61
[2026-03-25T15:51:10.190+0000] {climarisk_dag.py:152} ERROR - ❌ Mdiq: 500 Server Error: Internal Server Error for url: http://backend:8000/api/predictions/flood/62
[2026-03-25T15:51:12.648+0000] {climarisk_dag.py:152} ERROR - ❌ Ksar el Kebir: 500 Server Error: Internal Server Error for url: http://backend:8000/api/predictions/flood/63
[2026-03-25T15:51:15.143+0000] {climarisk_dag.py:152} ERROR - ❌ Ouazzane: 500 Server Error: Internal Server Error for url: http://backend:8000/api/predictions/flood/64
[2026-03-25T15:51:15.731+0000] {climarisk_dag.py:152} ERROR - ❌ Targuist: 500 Server Error: Internal Server Error for url: http://backend:8000/api/predictions/flood/65
[2026-03-25T15:51:19.828+0000] {climarisk_dag.py:152} ERROR - ❌ Imzouren: 500 Server Error: Internal Server Error for url: http://backend:8000/api/predictions/flood/66
[2026-03-25T15:51:21.489+0000] {climarisk_dag.py:152} ERROR - ❌ Beni Mellal-Khenifra: 500 Server Error: Internal Server Error for url: http://backend:8000/api/predictions/flood/67
[2026-03-25T15:51:22.124+0000] {climarisk_dag.py:152} ERROR - ❌ Khénifra: 500 Server Error: Internal Server Error for url: http://backend:8000/api/predictions/flood/68
[2026-03-25T15:51:22.768+0000] {climarisk_dag.py:152} ERROR - ❌ Azilal: 500 Server Error: Internal Server Error for url: http://backend:8000/api/predictions/flood/69
[2026-03-25T15:51:23.928+0000] {climarisk_dag.py:152} ERROR - ❌ Nanjing: 500 Server Error: Internal Server Error for url: http://backend:8000/api/predictions/flood/142
[2026-03-25T15:51:24.681+0000] {climarisk_dag.py:152} ERROR - ❌ Khouribga: 500 Server Error: Internal Server Error for url: http://backend:8000/api/predictions/flood/70
[2026-03-25T15:51:25.336+0000] {climarisk_dag.py:152} ERROR - ❌ Fkih Ben Salah: 500 Server Error: Internal Server Error for url: http://backend:8000/api/predictions/flood/71
[2026-03-25T15:51:28.498+0000] {climarisk_dag.py:152} ERROR - ❌ Souk Sebt: 500 Server Error: Internal Server Error for url: http://backend:8000/api/predictions/flood/72
[2026-03-25T15:51:29.422+0000] {climarisk_dag.py:152} ERROR - ❌ Midelt: 500 Server Error: Internal Server Error for url: http://backend:8000/api/predictions/flood/73
[2026-03-25T15:51:31.262+0000] {climarisk_dag.py:152} ERROR - ❌ Zaouiat Cheikh: 500 Server Error: Internal Server Error for url: http://backend:8000/api/predictions/flood/74
[2026-03-25T15:51:32.839+0000] {climarisk_dag.py:152} ERROR - ❌ Oujda: 500 Server Error: Internal Server Error for url: http://backend:8000/api/predictions/flood/75
[2026-03-25T15:51:34.689+0000] {climarisk_dag.py:152} ERROR - ❌ Nador: 500 Server Error: Internal Server Error for url: http://backend:8000/api/predictions/flood/76
[2026-03-25T15:51:37.027+0000] {climarisk_dag.py:152} ERROR - ❌ Berkane: 500 Server Error: Internal Server Error for url: http://backend:8000/api/predictions/flood/77
[2026-03-25T15:51:38.374+0000] {climarisk_dag.py:152} ERROR - ❌ Taourirt: 500 Server Error: Internal Server Error for url: http://backend:8000/api/predictions/flood/78
[2026-03-25T15:51:39.006+0000] {climarisk_dag.py:152} ERROR - ❌ Jerada: 500 Server Error: Internal Server Error for url: http://backend:8000/api/predictions/flood/79
[2026-03-25T15:51:39.646+0000] {climarisk_dag.py:152} ERROR - ❌ Figuig: 500 Server Error: Internal Server Error for url: http://backend:8000/api/predictions/flood/80
[2026-03-25T15:51:39.659+0000] {climarisk_dag.py:152} ERROR - ❌ Bouarfa: 500 Server Error: Internal Server Error for url: http://backend:8000/api/predictions/flood/81
[2026-03-25T15:51:40.597+0000] {climarisk_dag.py:152} ERROR - ❌ Selouane: 500 Server Error: Internal Server Error for url: http://backend:8000/api/predictions/flood/82
[2026-03-25T15:51:43.141+0000] {climarisk_dag.py:152} ERROR - ❌ Zaio: 500 Server Error: Internal Server Error for url: http://backend:8000/api/predictions/flood/83
[2026-03-25T15:51:44.957+0000] {climarisk_dag.py:152} ERROR - ❌ Agadir: 500 Server Error: Internal Server Error for url: http://backend:8000/api/predictions/flood/84
[2026-03-25T15:51:45.598+0000] {climarisk_dag.py:152} ERROR - ❌ Inezgane: 500 Server Error: Internal Server Error for url: http://backend:8000/api/predictions/flood/85
[2026-03-25T15:51:47.193+0000] {climarisk_dag.py:152} ERROR - ❌ Tiznit: 500 Server Error: Internal Server Error for url: http://backend:8000/api/predictions/flood/86
[2026-03-25T15:51:49.092+0000] {climarisk_dag.py:152} ERROR - ❌ Taroudannt: 500 Server Error: Internal Server Error for url: http://backend:8000/api/predictions/flood/87
[2026-03-25T15:51:50.008+0000] {climarisk_dag.py:152} ERROR - ❌ Ouarzazate: 500 Server Error: Internal Server Error for url: http://backend:8000/api/predictions/flood/88
[2026-03-25T15:51:51.165+0000] {climarisk_dag.py:152} ERROR - ❌ Ait Melloul: 500 Server Error: Internal Server Error for url: http://backend:8000/api/predictions/flood/89
[2026-03-25T15:51:52.606+0000] {climarisk_dag.py:152} ERROR - ❌ Biougra: 500 Server Error: Internal Server Error for url: http://backend:8000/api/predictions/flood/90
[2026-03-25T15:51:53.914+0000] {climarisk_dag.py:152} ERROR - ❌ Chtouka Ait Baha: 500 Server Error: Internal Server Error for url: http://backend:8000/api/predictions/flood/91
[2026-03-25T15:51:54.891+0000] {climarisk_dag.py:152} ERROR - ❌ Tata: 500 Server Error: Internal Server Error for url: http://backend:8000/api/predictions/flood/92
[2026-03-25T15:51:55.449+0000] {climarisk_dag.py:152} ERROR - ❌ Sidi Ifni: 500 Server Error: Internal Server Error for url: http://backend:8000/api/predictions/flood/93
[2026-03-25T15:51:57.605+0000] {climarisk_dag.py:152} ERROR - ❌ Massa: 500 Server Error: Internal Server Error for url: http://backend:8000/api/predictions/flood/94
[2026-03-25T15:51:59.612+0000] {climarisk_dag.py:152} ERROR - ❌ Errachidia: 500 Server Error: Internal Server Error for url: http://backend:8000/api/predictions/flood/95
[2026-03-25T15:52:01.469+0000] {climarisk_dag.py:152} ERROR - ❌ Zagora: 500 Server Error: Internal Server Error for url: http://backend:8000/api/predictions/flood/96
[2026-03-25T15:52:02.373+0000] {climarisk_dag.py:152} ERROR - ❌ Tinghir: 500 Server Error: Internal Server Error for url: http://backend:8000/api/predictions/flood/97
[2026-03-25T15:52:02.921+0000] {climarisk_dag.py:152} ERROR - ❌ Ouarzazate: 500 Server Error: Internal Server Error for url: http://backend:8000/api/predictions/flood/98
[2026-03-25T15:52:03.551+0000] {climarisk_dag.py:152} ERROR - ❌ Rissani: 500 Server Error: Internal Server Error for url: http://backend:8000/api/predictions/flood/99
[2026-03-25T15:52:05.043+0000] {climarisk_dag.py:152} ERROR - ❌ Erfoud: 500 Server Error: Internal Server Error for url: http://backend:8000/api/predictions/flood/100
[2026-03-25T15:52:06.257+0000] {climarisk_dag.py:152} ERROR - ❌ Merzouga: 500 Server Error: Internal Server Error for url: http://backend:8000/api/predictions/flood/101
[2026-03-25T15:52:07.510+0000] {climarisk_dag.py:152} ERROR - ❌ Alnif: 500 Server Error: Internal Server Error for url: http://backend:8000/api/predictions/flood/102
[2026-03-25T15:52:11.428+0000] {climarisk_dag.py:152} ERROR - ❌ Goulmima: 500 Server Error: Internal Server Error for url: http://backend:8000/api/predictions/flood/103
[2026-03-25T15:52:12.412+0000] {climarisk_dag.py:152} ERROR - ❌ Laâyoune: 500 Server Error: Internal Server Error for url: http://backend:8000/api/predictions/flood/104
[2026-03-25T15:52:13.524+0000] {climarisk_dag.py:152} ERROR - ❌ Boujdour: 500 Server Error: Internal Server Error for url: http://backend:8000/api/predictions/flood/105
[2026-03-25T15:52:15.314+0000] {climarisk_dag.py:152} ERROR - ❌ Tarfaya: 500 Server Error: Internal Server Error for url: http://backend:8000/api/predictions/flood/106
[2026-03-25T15:52:15.955+0000] {climarisk_dag.py:152} ERROR - ❌ Smara: 500 Server Error: Internal Server Error for url: http://backend:8000/api/predictions/flood/107
[2026-03-25T15:52:19.419+0000] {climarisk_dag.py:152} ERROR - ❌ El Marsa: 500 Server Error: Internal Server Error for url: http://backend:8000/api/predictions/flood/108
[2026-03-25T15:52:21.203+0000] {climarisk_dag.py:152} ERROR - ❌ Dakhla: 500 Server Error: Internal Server Error for url: http://backend:8000/api/predictions/flood/109
[2026-03-25T15:52:22.264+0000] {climarisk_dag.py:152} ERROR - ❌ Aousserd: 500 Server Error: Internal Server Error for url: http://backend:8000/api/predictions/flood/110
[2026-03-25T15:52:24.380+0000] {climarisk_dag.py:152} ERROR - ❌ Guelmim: 500 Server Error: Internal Server Error for url: http://backend:8000/api/predictions/flood/111
[2026-03-25T15:52:24.962+0000] {climarisk_dag.py:152} ERROR - ❌ Tan-Tan: 500 Server Error: Internal Server Error for url: http://backend:8000/api/predictions/flood/112
[2026-03-25T15:52:26.976+0000] {climarisk_dag.py:152} ERROR - ❌ Assa: 500 Server Error: Internal Server Error for url: http://backend:8000/api/predictions/flood/113
[2026-03-25T15:52:28.085+0000] {climarisk_dag.py:152} ERROR - ❌ Zag: 500 Server Error: Internal Server Error for url: http://backend:8000/api/predictions/flood/114
[2026-03-25T15:52:30.299+0000] {climarisk_dag.py:152} ERROR - ❌ Sidi Ifni: 500 Server Error: Internal Server Error for url: http://backend:8000/api/predictions/flood/115
[2026-03-25T15:52:31.897+0000] {climarisk_dag.py:152} ERROR - ❌ Tiznit: 500 Server Error: Internal Server Error for url: http://backend:8000/api/predictions/flood/116
[2026-03-25T15:52:32.987+0000] {climarisk_dag.py:152} ERROR - ❌ Tunis: 500 Server Error: Internal Server Error for url: http://backend:8000/api/predictions/flood/117
[2026-03-25T15:52:34.422+0000] {climarisk_dag.py:152} ERROR - ❌ Kampala: 500 Server Error: Internal Server Error for url: http://backend:8000/api/predictions/flood/118
[2026-03-25T15:52:35.055+0000] {climarisk_dag.py:152} ERROR - ❌ Dakar: 500 Server Error: Internal Server Error for url: http://backend:8000/api/predictions/flood/119
[2026-03-25T15:52:36.460+0000] {climarisk_dag.py:152} ERROR - ❌ Kinshasa: 500 Server Error: Internal Server Error for url: http://backend:8000/api/predictions/flood/120
[2026-03-25T15:52:37.125+0000] {climarisk_dag.py:152} ERROR - ❌ Luanda: 500 Server Error: Internal Server Error for url: http://backend:8000/api/predictions/flood/121
[2026-03-25T15:52:38.135+0000] {climarisk_dag.py:152} ERROR - ❌ Khartoum: 500 Server Error: Internal Server Error for url: http://backend:8000/api/predictions/flood/122
[2026-03-25T15:52:38.797+0000] {climarisk_dag.py:152} ERROR - ❌ Harare: 500 Server Error: Internal Server Error for url: http://backend:8000/api/predictions/flood/123
[2026-03-25T15:52:39.803+0000] {climarisk_dag.py:152} ERROR - ❌ Lusaka: 500 Server Error: Internal Server Error for url: http://backend:8000/api/predictions/flood/124
[2026-03-25T15:52:42.682+0000] {climarisk_dag.py:152} ERROR - ❌ Maputo: 500 Server Error: Internal Server Error for url: http://backend:8000/api/predictions/flood/125
[2026-03-25T15:52:43.946+0000] {climarisk_dag.py:152} ERROR - ❌ Antananarivo: 500 Server Error: Internal Server Error for url: http://backend:8000/api/predictions/flood/126
[2026-03-25T15:52:44.866+0000] {climarisk_dag.py:152} ERROR - ❌ Abidjan: 500 Server Error: Internal Server Error for url: http://backend:8000/api/predictions/flood/127
[2026-03-25T15:52:46.714+0000] {climarisk_dag.py:152} ERROR - ❌ Douala: 500 Server Error: Internal Server Error for url: http://backend:8000/api/predictions/flood/128
[2026-03-25T15:52:47.580+0000] {climarisk_dag.py:152} ERROR - ❌ Niamey: 500 Server Error: Internal Server Error for url: http://backend:8000/api/predictions/flood/129
[2026-03-25T15:52:49.232+0000] {climarisk_dag.py:152} ERROR - ❌ Ouagadougou: 500 Server Error: Internal Server Error for url: http://backend:8000/api/predictions/flood/130
[2026-03-25T15:52:50.210+0000] {climarisk_dag.py:152} ERROR - ❌ Bamako: 500 Server Error: Internal Server Error for url: http://backend:8000/api/predictions/flood/131
[2026-03-25T15:52:52.090+0000] {climarisk_dag.py:152} ERROR - ❌ Windhoek: 500 Server Error: Internal Server Error for url: http://backend:8000/api/predictions/flood/132
[2026-03-25T15:52:52.999+0000] {climarisk_dag.py:152} ERROR - ❌ Port Harcourt: 500 Server Error: Internal Server Error for url: http://backend:8000/api/predictions/flood/133
[2026-03-25T15:52:54.968+0000] {climarisk_dag.py:152} ERROR - ❌ Warri: 500 Server Error: Internal Server Error for url: http://backend:8000/api/predictions/flood/134
[2026-03-25T15:52:56.990+0000] {climarisk_dag.py:152} ERROR - ❌ Calabar: 500 Server Error: Internal Server Error for url: http://backend:8000/api/predictions/flood/135
[2026-03-25T15:52:57.937+0000] {climarisk_dag.py:152} ERROR - ❌ Beijing: 500 Server Error: Internal Server Error for url: http://backend:8000/api/predictions/flood/136
[2026-03-25T15:52:58.579+0000] {climarisk_dag.py:152} ERROR - ❌ Shanghai: 500 Server Error: Internal Server Error for url: http://backend:8000/api/predictions/flood/137
[2026-03-25T15:52:59.422+0000] {climarisk_dag.py:152} ERROR - ❌ Guangzhou: 500 Server Error: Internal Server Error for url: http://backend:8000/api/predictions/flood/138
[2026-03-25T15:53:01.412+0000] {climarisk_dag.py:152} ERROR - ❌ Chengdu: 500 Server Error: Internal Server Error for url: http://backend:8000/api/predictions/flood/139
[2026-03-25T15:53:02.198+0000] {climarisk_dag.py:152} ERROR - ❌ Wuhan: 500 Server Error: Internal Server Error for url: http://backend:8000/api/predictions/flood/140
[2026-03-25T15:53:03.967+0000] {climarisk_dag.py:152} ERROR - ❌ Chongqing: 500 Server Error: Internal Server Error for url: http://backend:8000/api/predictions/flood/141
[2026-03-25T15:53:04.589+0000] {climarisk_dag.py:152} ERROR - ❌ Zhengzhou: 500 Server Error: Internal Server Error for url: http://backend:8000/api/predictions/flood/143
[2026-03-25T15:53:05.497+0000] {climarisk_dag.py:152} ERROR - ❌ Changsha: 500 Server Error: Internal Server Error for url: http://backend:8000/api/predictions/flood/144
[2026-03-25T15:53:06.306+0000] {climarisk_dag.py:152} ERROR - ❌ Nanchang: 500 Server Error: Internal Server Error for url: http://backend:8000/api/predictions/flood/145
[2026-03-25T15:53:07.849+0000] {climarisk_dag.py:152} ERROR - ❌ Yichang: 500 Server Error: Internal Server Error for url: http://backend:8000/api/predictions/flood/146
[2026-03-25T15:53:08.434+0000] {climarisk_dag.py:152} ERROR - ❌ Haikou: 500 Server Error: Internal Server Error for url: http://backend:8000/api/predictions/flood/147
[2026-03-25T15:53:09.892+0000] {climarisk_dag.py:152} ERROR - ❌ Hong Kong: 500 Server Error: Internal Server Error for url: http://backend:8000/api/predictions/flood/148
[2026-03-25T15:53:11.642+0000] {climarisk_dag.py:152} ERROR - ❌ Taipei: 500 Server Error: Internal Server Error for url: http://backend:8000/api/predictions/flood/149
[2026-03-25T15:53:12.822+0000] {climarisk_dag.py:152} ERROR - ❌ Kaohsiung: 500 Server Error: Internal Server Error for url: http://backend:8000/api/predictions/flood/150
[2026-03-25T15:53:13.637+0000] {climarisk_dag.py:152} ERROR - ❌ Mumbai: 500 Server Error: Internal Server Error for url: http://backend:8000/api/predictions/flood/151
[2026-03-25T15:53:15.160+0000] {climarisk_dag.py:152} ERROR - ❌ Delhi: 500 Server Error: Internal Server Error for url: http://backend:8000/api/predictions/flood/152
[2026-03-25T15:53:16.693+0000] {climarisk_dag.py:152} ERROR - ❌ Bangalore: 500 Server Error: Internal Server Error for url: http://backend:8000/api/predictions/flood/153
[2026-03-25T15:53:17.336+0000] {climarisk_dag.py:152} ERROR - ❌ Chennai: 500 Server Error: Internal Server Error for url: http://backend:8000/api/predictions/flood/154
[2026-03-25T15:53:21.600+0000] {climarisk_dag.py:152} ERROR - ❌ Kolkata: 500 Server Error: Internal Server Error for url: http://backend:8000/api/predictions/flood/155
[2026-03-25T15:53:22.930+0000] {climarisk_dag.py:152} ERROR - ❌ Patna: 500 Server Error: Internal Server Error for url: http://backend:8000/api/predictions/flood/156
[2026-03-25T15:53:24.101+0000] {climarisk_dag.py:152} ERROR - ❌ Guwahati: 500 Server Error: Internal Server Error for url: http://backend:8000/api/predictions/flood/157
[2026-03-25T15:53:24.644+0000] {climarisk_dag.py:152} ERROR - ❌ Varanasi: 500 Server Error: Internal Server Error for url: http://backend:8000/api/predictions/flood/158
[2026-03-25T15:53:28.607+0000] {climarisk_dag.py:152} ERROR - ❌ Muzaffarpur: 500 Server Error: Internal Server Error for url: http://backend:8000/api/predictions/flood/159
[2026-03-25T15:53:29.720+0000] {climarisk_dag.py:152} ERROR - ❌ Visakhapatnam: 500 Server Error: Internal Server Error for url: http://backend:8000/api/predictions/flood/160
[2026-03-25T15:53:31.237+0000] {climarisk_dag.py:152} ERROR - ❌ Vijayawada: 500 Server Error: Internal Server Error for url: http://backend:8000/api/predictions/flood/161
[2026-03-25T15:53:35.272+0000] {climarisk_dag.py:152} ERROR - ❌ Tokyo: 500 Server Error: Internal Server Error for url: http://backend:8000/api/predictions/flood/162
[2026-03-25T15:53:36.376+0000] {climarisk_dag.py:152} ERROR - ❌ Osaka: 500 Server Error: Internal Server Error for url: http://backend:8000/api/predictions/flood/163
[2026-03-25T15:53:37.049+0000] {climarisk_dag.py:152} ERROR - ❌ Sapporo: 500 Server Error: Internal Server Error for url: http://backend:8000/api/predictions/flood/164
[2026-03-25T15:53:38.534+0000] {climarisk_dag.py:152} ERROR - ❌ Naha: 500 Server Error: Internal Server Error for url: http://backend:8000/api/predictions/flood/165
[2026-03-25T15:53:41.360+0000] {climarisk_dag.py:152} ERROR - ❌ Seoul: 500 Server Error: Internal Server Error for url: http://backend:8000/api/predictions/flood/166
[2026-03-25T15:53:43.131+0000] {climarisk_dag.py:152} ERROR - ❌ Busan: 500 Server Error: Internal Server Error for url: http://backend:8000/api/predictions/flood/167
[2026-03-25T15:53:43.762+0000] {climarisk_dag.py:152} ERROR - ❌ Bangkok: 500 Server Error: Internal Server Error for url: http://backend:8000/api/predictions/flood/168
[2026-03-25T15:53:45.074+0000] {climarisk_dag.py:152} ERROR - ❌ Chiang Mai: 500 Server Error: Internal Server Error for url: http://backend:8000/api/predictions/flood/169
[2026-03-25T15:53:46.912+0000] {local_task_job_runner.py:124} ERROR - Received SIGTERM. Terminating subprocesses
