[2026-03-25T11:00:02.071+0000] {local_task_job_runner.py:120} INFO - ::group::Pre task execution logs
[2026-03-25T11:00:02.105+0000] {taskinstance.py:2076} INFO - Dependencies all met for dep_context=non-requeueable deps ti=<TaskInstance: climarisk_predictions.predict_all_zones scheduled__2026-03-25T10:30:00+00:00 [queued]>
[2026-03-25T11:00:02.113+0000] {taskinstance.py:2076} INFO - Dependencies all met for dep_context=requeueable deps ti=<TaskInstance: climarisk_predictions.predict_all_zones scheduled__2026-03-25T10:30:00+00:00 [queued]>
[2026-03-25T11:00:02.114+0000] {taskinstance.py:2306} INFO - Starting attempt 1 of 2
[2026-03-25T11:00:02.125+0000] {taskinstance.py:2330} INFO - Executing <Task(PythonOperator): predict_all_zones> on 2026-03-25 10:30:00+00:00
[2026-03-25T11:00:02.132+0000] {standard_task_runner.py:90} INFO - Running: ['airflow', 'tasks', 'run', '***_predictions', 'predict_all_zones', 'scheduled__2026-03-25T10:30:00+00:00', '--job-id', '463', '--raw', '--subdir', 'DAGS_FOLDER/***_dag.py', '--cfg-path', '/tmp/tmp9678fjv7']
[2026-03-25T11:00:02.133+0000] {logging_mixin.py:188} WARNING - /home/airflow/.local/lib/python3.12/site-packages/airflow/task/task_runner/standard_task_runner.py:61 DeprecationWarning: This process (pid=29383) is multi-threaded, use of fork() may lead to deadlocks in the child.
[2026-03-25T11:00:02.134+0000] {standard_task_runner.py:91} INFO - Job 463: Subtask predict_all_zones
[2026-03-25T11:00:02.134+0000] {standard_task_runner.py:63} INFO - Started process 29384 to run task
[2026-03-25T11:00:02.209+0000] {task_command.py:426} INFO - Running <TaskInstance: climarisk_predictions.predict_all_zones scheduled__2026-03-25T10:30:00+00:00 [running]> on host 6146f0e8983c
[2026-03-25T11:00:02.309+0000] {taskinstance.py:2648} INFO - Exporting env vars: AIRFLOW_CTX_DAG_OWNER='***' AIRFLOW_CTX_DAG_ID='***_predictions' AIRFLOW_CTX_TASK_ID='predict_all_zones' AIRFLOW_CTX_EXECUTION_DATE='2026-03-25T10:30:00+00:00' AIRFLOW_CTX_TRY_NUMBER='1' AIRFLOW_CTX_DAG_RUN_ID='scheduled__2026-03-25T10:30:00+00:00'
[2026-03-25T11:00:02.311+0000] {taskinstance.py:430} INFO - ::endgroup::
[2026-03-25T11:00:03.281+0000] {climarisk_dag.py:145} INFO - ✅ Alger: flood=LOW(0.05) fire=LOW(0.14)
[2026-03-25T11:00:07.833+0000] {climarisk_dag.py:145} INFO - ✅ Cairo: flood=LOW(0.05) fire=LOW(0.14)
[2026-03-25T11:00:10.826+0000] {climarisk_dag.py:145} INFO - ✅ Lagos: flood=LOW(0.05) fire=LOW(0.14)
[2026-03-25T11:00:14.299+0000] {climarisk_dag.py:145} INFO - ✅ Kano: flood=LOW(0.05) fire=LOW(0.14)
[2026-03-25T11:00:17.865+0000] {climarisk_dag.py:145} INFO - ✅ Abuja: flood=LOW(0.05) fire=LOW(0.14)
[2026-03-25T11:00:20.258+0000] {climarisk_dag.py:145} INFO - ✅ Johannesburg: flood=LOW(0.05) fire=LOW(0.14)
[2026-03-25T11:00:22.303+0000] {climarisk_dag.py:145} INFO - ✅ Cape Town: flood=LOW(0.05) fire=LOW(0.14)
[2026-03-25T11:00:23.388+0000] {climarisk_dag.py:145} INFO - ✅ Nairobi: flood=LOW(0.05) fire=LOW(0.14)
[2026-03-25T11:00:24.510+0000] {climarisk_dag.py:145} INFO - ✅ Addis Ababa: flood=LOW(0.05) fire=LOW(0.14)
[2026-03-25T11:00:25.575+0000] {climarisk_dag.py:145} INFO - ✅ Dar es Salaam: flood=LOW(0.05) fire=LOW(0.14)
[2026-03-25T11:00:26.716+0000] {climarisk_dag.py:145} INFO - ✅ Accra: flood=LOW(0.05) fire=LOW(0.14)
[2026-03-25T11:00:27.563+0000] {climarisk_dag.py:145} INFO - ✅ Casablanca: flood=LOW(0.05) fire=LOW(0.14)
[2026-03-25T11:00:28.397+0000] {climarisk_dag.py:145} INFO - ✅ Mohammedia: flood=LOW(0.05) fire=LOW(0.14)
[2026-03-25T11:00:29.266+0000] {climarisk_dag.py:145} INFO - ✅ El Jadida: flood=LOW(0.05) fire=LOW(0.14)
[2026-03-25T11:00:30.108+0000] {climarisk_dag.py:145} INFO - ✅ Settat: flood=LOW(0.05) fire=LOW(0.14)
[2026-03-25T11:00:31.169+0000] {climarisk_dag.py:145} INFO - ✅ Berrechid: flood=LOW(0.05) fire=LOW(0.14)
[2026-03-25T11:00:32.000+0000] {climarisk_dag.py:145} INFO - ✅ Benslimane: flood=LOW(0.05) fire=LOW(0.14)
[2026-03-25T11:00:32.630+0000] {climarisk_dag.py:145} INFO - ✅ Sidi Bennour: flood=LOW(0.05) fire=LOW(0.14)
[2026-03-25T11:00:33.267+0000] {climarisk_dag.py:145} INFO - ✅ Azemmour: flood=LOW(0.05) fire=LOW(0.14)
[2026-03-25T11:00:33.879+0000] {climarisk_dag.py:145} INFO - ✅ Mediouna: flood=LOW(0.05) fire=LOW(0.14)
[2026-03-25T11:00:34.479+0000] {climarisk_dag.py:145} INFO - ✅ Nouaceur: flood=LOW(0.05) fire=LOW(0.14)
[2026-03-25T11:00:35.043+0000] {climarisk_dag.py:145} INFO - ✅ Rabat: flood=LOW(0.05) fire=LOW(0.14)
[2026-03-25T11:00:35.596+0000] {climarisk_dag.py:145} INFO - ✅ Salé: flood=LOW(0.05) fire=LOW(0.14)
[2026-03-25T11:00:36.119+0000] {climarisk_dag.py:145} INFO - ✅ Kénitra: flood=LOW(0.05) fire=LOW(0.14)
[2026-03-25T11:00:36.716+0000] {climarisk_dag.py:145} INFO - ✅ Témara: flood=LOW(0.05) fire=LOW(0.14)
[2026-03-25T11:00:37.256+0000] {climarisk_dag.py:145} INFO - ✅ Skhirat: flood=LOW(0.05) fire=LOW(0.14)
[2026-03-25T11:00:37.991+0000] {climarisk_dag.py:145} INFO - ✅ Tiflet: flood=LOW(0.05) fire=LOW(0.14)
[2026-03-25T11:00:38.547+0000] {climarisk_dag.py:145} INFO - ✅ Khémisset: flood=LOW(0.05) fire=LOW(0.14)
[2026-03-25T11:00:39.013+0000] {climarisk_dag.py:145} INFO - ✅ Sidi Slimane: flood=LOW(0.05) fire=LOW(0.14)
[2026-03-25T11:00:39.504+0000] {climarisk_dag.py:145} INFO - ✅ Sidi Kacem: flood=LOW(0.05) fire=LOW(0.14)
[2026-03-25T11:00:39.973+0000] {climarisk_dag.py:145} INFO - ✅ Souk el Arba: flood=LOW(0.05) fire=LOW(0.14)
[2026-03-25T11:00:40.492+0000] {climarisk_dag.py:145} INFO - ✅ Ouazzane: flood=LOW(0.05) fire=LOW(0.14)
[2026-03-25T11:00:41.022+0000] {climarisk_dag.py:145} INFO - ✅ Fès: flood=LOW(0.05) fire=LOW(0.14)
[2026-03-25T11:00:41.511+0000] {climarisk_dag.py:145} INFO - ✅ Meknès: flood=LOW(0.05) fire=LOW(0.14)
[2026-03-25T11:00:42.061+0000] {climarisk_dag.py:145} INFO - ✅ Ifrane: flood=LOW(0.05) fire=LOW(0.14)
[2026-03-25T11:00:42.513+0000] {climarisk_dag.py:145} INFO - ✅ Azrou: flood=LOW(0.05) fire=LOW(0.14)
[2026-03-25T11:00:43.054+0000] {climarisk_dag.py:145} INFO - ✅ Taounate: flood=LOW(0.05) fire=LOW(0.14)
[2026-03-25T11:00:43.524+0000] {climarisk_dag.py:145} INFO - ✅ Taza: flood=LOW(0.05) fire=LOW(0.14)
[2026-03-25T11:00:44.029+0000] {climarisk_dag.py:145} INFO - ✅ Sefrou: flood=LOW(0.05) fire=LOW(0.14)
[2026-03-25T11:00:44.615+0000] {climarisk_dag.py:145} INFO - ✅ Boulemane: flood=LOW(0.05) fire=LOW(0.14)
[2026-03-25T11:00:45.083+0000] {climarisk_dag.py:145} INFO - ✅ El Hajeb: flood=LOW(0.05) fire=LOW(0.14)
[2026-03-25T11:00:45.628+0000] {climarisk_dag.py:145} INFO - ✅ Missour: flood=LOW(0.05) fire=LOW(0.14)
[2026-03-25T11:00:46.132+0000] {climarisk_dag.py:145} INFO - ✅ Guercif: flood=LOW(0.05) fire=LOW(0.14)
[2026-03-25T11:00:46.752+0000] {climarisk_dag.py:145} INFO - ✅ Marrakech: flood=LOW(0.05) fire=LOW(0.14)
[2026-03-25T11:00:47.181+0000] {climarisk_dag.py:145} INFO - ✅ Safi: flood=LOW(0.05) fire=LOW(0.14)
[2026-03-25T11:00:47.643+0000] {climarisk_dag.py:145} INFO - ✅ Essaouira: flood=LOW(0.05) fire=LOW(0.14)
[2026-03-25T11:00:49.102+0000] {climarisk_dag.py:145} INFO - ✅ El Kelaa des Sraghna: flood=LOW(0.05) fire=LOW(0.14)
[2026-03-25T11:00:49.598+0000] {climarisk_dag.py:145} INFO - ✅ Chichaoua: flood=LOW(0.05) fire=LOW(0.14)
[2026-03-25T11:00:50.008+0000] {climarisk_dag.py:145} INFO - ✅ Youssoufia: flood=LOW(0.05) fire=LOW(0.14)
[2026-03-25T11:00:50.474+0000] {climarisk_dag.py:145} INFO - ✅ Ben Guerir: flood=LOW(0.05) fire=LOW(0.14)
[2026-03-25T11:00:50.912+0000] {climarisk_dag.py:145} INFO - ✅ Tahanaout: flood=LOW(0.05) fire=LOW(0.14)
[2026-03-25T11:00:51.388+0000] {climarisk_dag.py:145} INFO - ✅ Ait Ourir: flood=LOW(0.05) fire=LOW(0.14)
[2026-03-25T11:00:51.818+0000] {climarisk_dag.py:145} INFO - ✅ Demnate: flood=LOW(0.05) fire=LOW(0.14)
[2026-03-25T11:00:52.228+0000] {climarisk_dag.py:145} INFO - ✅ Tanger: flood=LOW(0.05) fire=LOW(0.14)
[2026-03-25T11:00:52.624+0000] {climarisk_dag.py:145} INFO - ✅ Tétouan: flood=LOW(0.05) fire=LOW(0.14)
[2026-03-25T11:00:53.072+0000] {climarisk_dag.py:145} INFO - ✅ Al Hoceïma: flood=LOW(0.05) fire=LOW(0.14)
[2026-03-25T11:00:53.497+0000] {climarisk_dag.py:145} INFO - ✅ Larache: flood=LOW(0.05) fire=LOW(0.14)
[2026-03-25T11:00:53.884+0000] {climarisk_dag.py:145} INFO - ✅ Chefchaouen: flood=LOW(0.05) fire=LOW(0.14)
[2026-03-25T11:00:54.340+0000] {climarisk_dag.py:145} INFO - ✅ Asilah: flood=LOW(0.05) fire=LOW(0.14)
[2026-03-25T11:00:54.737+0000] {climarisk_dag.py:145} INFO - ✅ Fnideq: flood=LOW(0.05) fire=LOW(0.14)
[2026-03-25T11:00:55.186+0000] {climarisk_dag.py:145} INFO - ✅ Martil: flood=LOW(0.05) fire=LOW(0.14)
[2026-03-25T11:00:55.598+0000] {climarisk_dag.py:145} INFO - ✅ Mdiq: flood=LOW(0.05) fire=LOW(0.14)
[2026-03-25T11:00:56.026+0000] {climarisk_dag.py:145} INFO - ✅ Ksar el Kebir: flood=LOW(0.05) fire=LOW(0.14)
[2026-03-25T11:00:56.428+0000] {climarisk_dag.py:145} INFO - ✅ Ouazzane: flood=LOW(0.05) fire=LOW(0.14)
[2026-03-25T11:00:56.816+0000] {climarisk_dag.py:145} INFO - ✅ Targuist: flood=LOW(0.05) fire=LOW(0.14)
[2026-03-25T11:00:57.196+0000] {climarisk_dag.py:145} INFO - ✅ Imzouren: flood=LOW(0.05) fire=LOW(0.14)
[2026-03-25T11:00:57.561+0000] {climarisk_dag.py:145} INFO - ✅ Beni Mellal-Khenifra: flood=LOW(0.05) fire=LOW(0.14)
[2026-03-25T11:00:57.965+0000] {climarisk_dag.py:145} INFO - ✅ Khénifra: flood=LOW(0.05) fire=LOW(0.14)
[2026-03-25T11:00:58.386+0000] {climarisk_dag.py:145} INFO - ✅ Azilal: flood=LOW(0.05) fire=LOW(0.14)
[2026-03-25T11:00:58.843+0000] {climarisk_dag.py:145} INFO - ✅ Nanjing: flood=LOW(0.05) fire=LOW(0.14)
[2026-03-25T11:00:59.201+0000] {climarisk_dag.py:145} INFO - ✅ Khouribga: flood=LOW(0.05) fire=LOW(0.14)
[2026-03-25T11:00:59.632+0000] {climarisk_dag.py:145} INFO - ✅ Fkih Ben Salah: flood=LOW(0.05) fire=LOW(0.14)
[2026-03-25T11:01:00.033+0000] {climarisk_dag.py:145} INFO - ✅ Souk Sebt: flood=LOW(0.05) fire=LOW(0.14)
[2026-03-25T11:01:00.440+0000] {climarisk_dag.py:145} INFO - ✅ Midelt: flood=LOW(0.05) fire=LOW(0.14)
[2026-03-25T11:01:00.923+0000] {climarisk_dag.py:145} INFO - ✅ Zaouiat Cheikh: flood=LOW(0.05) fire=LOW(0.14)
[2026-03-25T11:01:01.417+0000] {climarisk_dag.py:145} INFO - ✅ Oujda: flood=LOW(0.05) fire=LOW(0.14)
[2026-03-25T11:01:01.868+0000] {climarisk_dag.py:145} INFO - ✅ Nador: flood=LOW(0.05) fire=LOW(0.14)
[2026-03-25T11:01:02.338+0000] {climarisk_dag.py:145} INFO - ✅ Berkane: flood=LOW(0.05) fire=LOW(0.14)
[2026-03-25T11:01:02.635+0000] {climarisk_dag.py:145} INFO - ✅ Taourirt: flood=LOW(0.05) fire=LOW(0.14)
[2026-03-25T11:01:03.056+0000] {climarisk_dag.py:145} INFO - ✅ Jerada: flood=LOW(0.05) fire=LOW(0.14)
[2026-03-25T11:01:03.459+0000] {climarisk_dag.py:145} INFO - ✅ Figuig: flood=LOW(0.05) fire=LOW(0.14)
[2026-03-25T11:01:03.829+0000] {climarisk_dag.py:145} INFO - ✅ Bouarfa: flood=LOW(0.05) fire=LOW(0.14)
[2026-03-25T11:01:04.187+0000] {climarisk_dag.py:145} INFO - ✅ Selouane: flood=LOW(0.05) fire=LOW(0.14)
[2026-03-25T11:01:04.534+0000] {climarisk_dag.py:145} INFO - ✅ Zaio: flood=LOW(0.05) fire=LOW(0.14)
[2026-03-25T11:01:04.887+0000] {climarisk_dag.py:145} INFO - ✅ Agadir: flood=LOW(0.05) fire=LOW(0.14)
[2026-03-25T11:01:05.278+0000] {climarisk_dag.py:145} INFO - ✅ Inezgane: flood=LOW(0.05) fire=LOW(0.14)
[2026-03-25T11:01:05.679+0000] {climarisk_dag.py:145} INFO - ✅ Tiznit: flood=LOW(0.05) fire=LOW(0.14)
[2026-03-25T11:01:06.060+0000] {climarisk_dag.py:145} INFO - ✅ Taroudannt: flood=LOW(0.05) fire=LOW(0.14)
[2026-03-25T11:01:06.473+0000] {climarisk_dag.py:145} INFO - ✅ Ouarzazate: flood=LOW(0.05) fire=LOW(0.14)
[2026-03-25T11:01:06.883+0000] {climarisk_dag.py:145} INFO - ✅ Ait Melloul: flood=LOW(0.05) fire=LOW(0.14)
[2026-03-25T11:01:07.219+0000] {climarisk_dag.py:145} INFO - ✅ Biougra: flood=LOW(0.05) fire=LOW(0.14)
[2026-03-25T11:01:07.567+0000] {climarisk_dag.py:145} INFO - ✅ Chtouka Ait Baha: flood=LOW(0.05) fire=LOW(0.14)
[2026-03-25T11:01:07.957+0000] {climarisk_dag.py:145} INFO - ✅ Tata: flood=LOW(0.05) fire=LOW(0.14)
[2026-03-25T11:01:08.369+0000] {climarisk_dag.py:145} INFO - ✅ Sidi Ifni: flood=LOW(0.05) fire=LOW(0.14)
[2026-03-25T11:01:08.723+0000] {climarisk_dag.py:145} INFO - ✅ Massa: flood=LOW(0.05) fire=LOW(0.14)
[2026-03-25T11:01:09.106+0000] {climarisk_dag.py:145} INFO - ✅ Errachidia: flood=LOW(0.05) fire=LOW(0.14)
[2026-03-25T11:01:09.489+0000] {climarisk_dag.py:145} INFO - ✅ Zagora: flood=LOW(0.05) fire=LOW(0.14)
[2026-03-25T11:01:09.926+0000] {climarisk_dag.py:145} INFO - ✅ Tinghir: flood=LOW(0.05) fire=LOW(0.14)
[2026-03-25T11:01:10.299+0000] {climarisk_dag.py:145} INFO - ✅ Ouarzazate: flood=LOW(0.05) fire=LOW(0.14)
[2026-03-25T11:01:10.654+0000] {climarisk_dag.py:145} INFO - ✅ Rissani: flood=LOW(0.05) fire=LOW(0.14)
[2026-03-25T11:01:11.111+0000] {climarisk_dag.py:145} INFO - ✅ Erfoud: flood=LOW(0.05) fire=LOW(0.14)
[2026-03-25T11:01:11.532+0000] {climarisk_dag.py:145} INFO - ✅ Merzouga: flood=LOW(0.05) fire=LOW(0.14)
[2026-03-25T11:01:11.937+0000] {climarisk_dag.py:145} INFO - ✅ Alnif: flood=LOW(0.05) fire=LOW(0.14)
[2026-03-25T11:01:12.338+0000] {climarisk_dag.py:145} INFO - ✅ Goulmima: flood=LOW(0.05) fire=LOW(0.14)
[2026-03-25T11:01:12.689+0000] {climarisk_dag.py:145} INFO - ✅ Laâyoune: flood=LOW(0.05) fire=LOW(0.14)
[2026-03-25T11:01:13.025+0000] {climarisk_dag.py:145} INFO - ✅ Boujdour: flood=LOW(0.05) fire=LOW(0.14)
[2026-03-25T11:01:13.344+0000] {climarisk_dag.py:145} INFO - ✅ Tarfaya: flood=LOW(0.05) fire=LOW(0.14)
[2026-03-25T11:01:13.728+0000] {climarisk_dag.py:145} INFO - ✅ Smara: flood=LOW(0.05) fire=LOW(0.14)
[2026-03-25T11:01:14.074+0000] {climarisk_dag.py:145} INFO - ✅ El Marsa: flood=LOW(0.05) fire=LOW(0.14)
[2026-03-25T11:01:14.428+0000] {climarisk_dag.py:145} INFO - ✅ Dakhla: flood=LOW(0.05) fire=LOW(0.14)
[2026-03-25T11:01:14.834+0000] {climarisk_dag.py:145} INFO - ✅ Aousserd: flood=LOW(0.05) fire=LOW(0.14)
[2026-03-25T11:01:15.218+0000] {climarisk_dag.py:145} INFO - ✅ Guelmim: flood=LOW(0.05) fire=LOW(0.14)
[2026-03-25T11:01:15.546+0000] {climarisk_dag.py:145} INFO - ✅ Tan-Tan: flood=LOW(0.05) fire=LOW(0.14)
[2026-03-25T11:01:15.913+0000] {climarisk_dag.py:145} INFO - ✅ Assa: flood=LOW(0.05) fire=LOW(0.14)
[2026-03-25T11:01:16.286+0000] {climarisk_dag.py:145} INFO - ✅ Zag: flood=LOW(0.05) fire=LOW(0.14)
[2026-03-25T11:01:16.658+0000] {climarisk_dag.py:145} INFO - ✅ Sidi Ifni: flood=LOW(0.05) fire=LOW(0.14)
[2026-03-25T11:01:16.987+0000] {climarisk_dag.py:145} INFO - ✅ Tiznit: flood=LOW(0.05) fire=LOW(0.14)
[2026-03-25T11:01:17.302+0000] {climarisk_dag.py:145} INFO - ✅ Tunis: flood=LOW(0.05) fire=LOW(0.14)
[2026-03-25T11:01:17.671+0000] {climarisk_dag.py:145} INFO - ✅ Kampala: flood=LOW(0.05) fire=LOW(0.14)
[2026-03-25T11:01:17.974+0000] {climarisk_dag.py:145} INFO - ✅ Dakar: flood=LOW(0.05) fire=LOW(0.14)
[2026-03-25T11:01:18.300+0000] {climarisk_dag.py:145} INFO - ✅ Kinshasa: flood=LOW(0.05) fire=LOW(0.14)
[2026-03-25T11:01:18.671+0000] {climarisk_dag.py:145} INFO - ✅ Luanda: flood=LOW(0.05) fire=LOW(0.14)
[2026-03-25T11:01:19.897+0000] {climarisk_dag.py:145} INFO - ✅ Khartoum: flood=LOW(0.05) fire=LOW(0.14)
[2026-03-25T11:01:20.220+0000] {climarisk_dag.py:145} INFO - ✅ Harare: flood=LOW(0.05) fire=LOW(0.14)
[2026-03-25T11:01:20.546+0000] {climarisk_dag.py:145} INFO - ✅ Lusaka: flood=LOW(0.05) fire=LOW(0.14)
[2026-03-25T11:01:20.876+0000] {climarisk_dag.py:145} INFO - ✅ Maputo: flood=LOW(0.05) fire=LOW(0.14)
[2026-03-25T11:01:21.184+0000] {climarisk_dag.py:145} INFO - ✅ Antananarivo: flood=LOW(0.05) fire=LOW(0.14)
[2026-03-25T11:01:21.551+0000] {climarisk_dag.py:145} INFO - ✅ Abidjan: flood=LOW(0.05) fire=LOW(0.14)
[2026-03-25T11:01:21.944+0000] {climarisk_dag.py:145} INFO - ✅ Douala: flood=LOW(0.05) fire=LOW(0.14)
[2026-03-25T11:01:22.325+0000] {climarisk_dag.py:145} INFO - ✅ Niamey: flood=LOW(0.05) fire=LOW(0.14)
[2026-03-25T11:01:22.699+0000] {climarisk_dag.py:145} INFO - ✅ Ouagadougou: flood=LOW(0.05) fire=LOW(0.14)
[2026-03-25T11:01:23.071+0000] {climarisk_dag.py:145} INFO - ✅ Bamako: flood=LOW(0.05) fire=LOW(0.14)
[2026-03-25T11:01:23.463+0000] {climarisk_dag.py:145} INFO - ✅ Windhoek: flood=LOW(0.05) fire=LOW(0.14)
[2026-03-25T11:01:23.818+0000] {climarisk_dag.py:145} INFO - ✅ Port Harcourt: flood=LOW(0.05) fire=LOW(0.14)
[2026-03-25T11:01:24.177+0000] {climarisk_dag.py:145} INFO - ✅ Warri: flood=LOW(0.05) fire=LOW(0.14)
[2026-03-25T11:01:24.524+0000] {climarisk_dag.py:145} INFO - ✅ Calabar: flood=LOW(0.05) fire=LOW(0.14)
[2026-03-25T11:01:24.864+0000] {climarisk_dag.py:145} INFO - ✅ Beijing: flood=LOW(0.05) fire=LOW(0.14)
[2026-03-25T11:01:25.165+0000] {climarisk_dag.py:145} INFO - ✅ Shanghai: flood=LOW(0.05) fire=LOW(0.14)
[2026-03-25T11:01:25.521+0000] {climarisk_dag.py:145} INFO - ✅ Guangzhou: flood=LOW(0.05) fire=LOW(0.14)
[2026-03-25T11:01:25.872+0000] {climarisk_dag.py:145} INFO - ✅ Chengdu: flood=LOW(0.05) fire=LOW(0.14)
[2026-03-25T11:01:26.249+0000] {climarisk_dag.py:145} INFO - ✅ Wuhan: flood=LOW(0.05) fire=LOW(0.14)
[2026-03-25T11:01:26.721+0000] {climarisk_dag.py:145} INFO - ✅ Chongqing: flood=LOW(0.05) fire=LOW(0.14)
[2026-03-25T11:01:27.021+0000] {climarisk_dag.py:145} INFO - ✅ Zhengzhou: flood=LOW(0.05) fire=LOW(0.14)
[2026-03-25T11:01:27.384+0000] {climarisk_dag.py:145} INFO - ✅ Changsha: flood=LOW(0.05) fire=LOW(0.14)
[2026-03-25T11:01:27.749+0000] {climarisk_dag.py:145} INFO - ✅ Nanchang: flood=LOW(0.05) fire=LOW(0.14)
[2026-03-25T11:01:28.038+0000] {climarisk_dag.py:145} INFO - ✅ Yichang: flood=LOW(0.05) fire=LOW(0.14)
[2026-03-25T11:01:28.339+0000] {climarisk_dag.py:145} INFO - ✅ Haikou: flood=LOW(0.05) fire=LOW(0.14)
[2026-03-25T11:01:28.637+0000] {climarisk_dag.py:145} INFO - ✅ Hong Kong: flood=LOW(0.05) fire=LOW(0.14)
[2026-03-25T11:01:28.988+0000] {climarisk_dag.py:145} INFO - ✅ Taipei: flood=LOW(0.05) fire=LOW(0.14)
[2026-03-25T11:01:29.330+0000] {climarisk_dag.py:145} INFO - ✅ Kaohsiung: flood=LOW(0.05) fire=LOW(0.14)
[2026-03-25T11:01:29.694+0000] {climarisk_dag.py:145} INFO - ✅ Mumbai: flood=LOW(0.05) fire=LOW(0.14)
[2026-03-25T11:01:30.089+0000] {climarisk_dag.py:145} INFO - ✅ Delhi: flood=LOW(0.05) fire=LOW(0.14)
[2026-03-25T11:01:30.437+0000] {climarisk_dag.py:145} INFO - ✅ Bangalore: flood=LOW(0.05) fire=LOW(0.14)
[2026-03-25T11:01:30.738+0000] {climarisk_dag.py:145} INFO - ✅ Chennai: flood=LOW(0.05) fire=LOW(0.14)
[2026-03-25T11:01:31.066+0000] {climarisk_dag.py:145} INFO - ✅ Kolkata: flood=LOW(0.05) fire=LOW(0.14)
[2026-03-25T11:01:31.406+0000] {climarisk_dag.py:145} INFO - ✅ Patna: flood=LOW(0.05) fire=LOW(0.14)
[2026-03-25T11:01:31.826+0000] {climarisk_dag.py:145} INFO - ✅ Guwahati: flood=LOW(0.05) fire=LOW(0.14)
[2026-03-25T11:01:32.161+0000] {climarisk_dag.py:145} INFO - ✅ Varanasi: flood=LOW(0.05) fire=LOW(0.14)
[2026-03-25T11:01:32.466+0000] {climarisk_dag.py:145} INFO - ✅ Muzaffarpur: flood=LOW(0.05) fire=LOW(0.14)
[2026-03-25T11:01:32.678+0000] {climarisk_dag.py:145} INFO - ✅ Visakhapatnam: flood=LOW(0.05) fire=LOW(0.14)
[2026-03-25T11:01:33.025+0000] {climarisk_dag.py:145} INFO - ✅ Vijayawada: flood=LOW(0.05) fire=LOW(0.14)
[2026-03-25T11:01:33.327+0000] {climarisk_dag.py:145} INFO - ✅ Tokyo: flood=LOW(0.05) fire=LOW(0.14)
[2026-03-25T11:01:33.638+0000] {climarisk_dag.py:145} INFO - ✅ Osaka: flood=LOW(0.05) fire=LOW(0.14)
[2026-03-25T11:01:34.008+0000] {climarisk_dag.py:145} INFO - ✅ Sapporo: flood=LOW(0.05) fire=LOW(0.14)
[2026-03-25T11:01:34.339+0000] {climarisk_dag.py:145} INFO - ✅ Naha: flood=LOW(0.05) fire=LOW(0.14)
[2026-03-25T11:01:34.628+0000] {climarisk_dag.py:145} INFO - ✅ Seoul: flood=LOW(0.05) fire=LOW(0.14)
[2026-03-25T11:01:34.966+0000] {climarisk_dag.py:145} INFO - ✅ Busan: flood=LOW(0.05) fire=LOW(0.14)
[2026-03-25T11:01:35.261+0000] {climarisk_dag.py:145} INFO - ✅ Bangkok: flood=LOW(0.05) fire=LOW(0.14)
[2026-03-25T11:01:35.600+0000] {climarisk_dag.py:145} INFO - ✅ Chiang Mai: flood=LOW(0.05) fire=LOW(0.14)
[2026-03-25T11:01:35.948+0000] {climarisk_dag.py:145} INFO - ✅ Jakarta: flood=LOW(0.05) fire=LOW(0.14)
[2026-03-25T11:01:36.271+0000] {climarisk_dag.py:145} INFO - ✅ Surabaya: flood=LOW(0.05) fire=LOW(0.14)
[2026-03-25T11:01:36.580+0000] {climarisk_dag.py:145} INFO - ✅ Medan: flood=LOW(0.05) fire=LOW(0.14)
[2026-03-25T11:01:36.859+0000] {climarisk_dag.py:145} INFO - ✅ Manila: flood=LOW(0.05) fire=LOW(0.14)
[2026-03-25T11:01:37.180+0000] {climarisk_dag.py:145} INFO - ✅ Cebu: flood=LOW(0.05) fire=LOW(0.14)
[2026-03-25T11:01:37.571+0000] {climarisk_dag.py:145} INFO - ✅ Tacloban: flood=LOW(0.05) fire=LOW(0.14)
[2026-03-25T11:01:37.915+0000] {climarisk_dag.py:145} INFO - ✅ Legazpi: flood=LOW(0.05) fire=LOW(0.14)
[2026-03-25T11:01:38.233+0000] {climarisk_dag.py:145} INFO - ✅ Zamboanga: flood=LOW(0.05) fire=LOW(0.14)
[2026-03-25T11:01:38.531+0000] {climarisk_dag.py:145} INFO - ✅ Kuala Lumpur: flood=LOW(0.05) fire=LOW(0.14)
[2026-03-25T11:01:38.822+0000] {climarisk_dag.py:145} INFO - ✅ Singapore: flood=LOW(0.05) fire=LOW(0.14)
[2026-03-25T11:01:39.183+0000] {climarisk_dag.py:145} INFO - ✅ Ho Chi Minh City: flood=LOW(0.05) fire=LOW(0.14)
[2026-03-25T11:01:39.535+0000] {climarisk_dag.py:145} INFO - ✅ Hanoi: flood=LOW(0.05) fire=LOW(0.14)
[2026-03-25T11:01:39.825+0000] {climarisk_dag.py:145} INFO - ✅ Da Nang: flood=LOW(0.05) fire=LOW(0.14)
[2026-03-25T11:01:40.133+0000] {climarisk_dag.py:145} INFO - ✅ Can Tho: flood=LOW(0.05) fire=LOW(0.14)
[2026-03-25T11:01:40.419+0000] {climarisk_dag.py:145} INFO - ✅ My Tho: flood=LOW(0.05) fire=LOW(0.14)
[2026-03-25T11:01:40.703+0000] {climarisk_dag.py:145} INFO - ✅ Dhaka: flood=LOW(0.05) fire=LOW(0.14)
[2026-03-25T11:01:41.056+0000] {climarisk_dag.py:145} INFO - ✅ Chittagong: flood=LOW(0.05) fire=LOW(0.14)
[2026-03-25T11:01:41.360+0000] {climarisk_dag.py:145} INFO - ✅ Sylhet: flood=LOW(0.05) fire=LOW(0.14)
[2026-03-25T11:01:41.720+0000] {climarisk_dag.py:145} INFO - ✅ Khulna: flood=LOW(0.05) fire=LOW(0.14)
[2026-03-25T11:01:42.089+0000] {climarisk_dag.py:145} INFO - ✅ Cox's Bazar: flood=LOW(0.05) fire=LOW(0.14)
[2026-03-25T11:01:42.396+0000] {climarisk_dag.py:145} INFO - ✅ Karachi: flood=LOW(0.05) fire=LOW(0.14)
[2026-03-25T11:01:42.713+0000] {climarisk_dag.py:145} INFO - ✅ Lahore: flood=LOW(0.05) fire=LOW(0.14)
[2026-03-25T11:01:43.046+0000] {climarisk_dag.py:145} INFO - ✅ Colombo: flood=LOW(0.05) fire=LOW(0.14)
[2026-03-25T11:01:43.366+0000] {climarisk_dag.py:145} INFO - ✅ Kathmandu: flood=LOW(0.05) fire=LOW(0.14)
[2026-03-25T11:01:43.726+0000] {climarisk_dag.py:145} INFO - ✅ Yangon: flood=LOW(0.05) fire=LOW(0.14)
[2026-03-25T11:01:44.089+0000] {climarisk_dag.py:145} INFO - ✅ Sittwe: flood=LOW(0.05) fire=LOW(0.14)
[2026-03-25T11:01:44.423+0000] {climarisk_dag.py:145} INFO - ✅ Phnom Penh: flood=LOW(0.05) fire=LOW(0.14)
[2026-03-25T11:01:44.756+0000] {climarisk_dag.py:145} INFO - ✅ Riyadh: flood=LOW(0.05) fire=LOW(0.14)
[2026-03-25T11:01:45.109+0000] {climarisk_dag.py:145} INFO - ✅ Dubai: flood=LOW(0.05) fire=LOW(0.14)
[2026-03-25T11:01:45.464+0000] {climarisk_dag.py:145} INFO - ✅ Tehran: flood=LOW(0.05) fire=LOW(0.14)
[2026-03-25T11:01:45.806+0000] {climarisk_dag.py:145} INFO - ✅ Istanbul: flood=LOW(0.05) fire=LOW(0.14)
[2026-03-25T11:01:46.151+0000] {climarisk_dag.py:145} INFO - ✅ Ankara: flood=LOW(0.05) fire=LOW(0.14)
[2026-03-25T11:01:46.499+0000] {climarisk_dag.py:145} INFO - ✅ Baghdad: flood=LOW(0.05) fire=LOW(0.14)
[2026-03-25T11:01:46.852+0000] {climarisk_dag.py:145} INFO - ✅ Baku: flood=LOW(0.05) fire=LOW(0.14)
[2026-03-25T11:01:47.189+0000] {climarisk_dag.py:145} INFO - ✅ Tashkent: flood=LOW(0.05) fire=LOW(0.14)
[2026-03-25T11:01:47.544+0000] {climarisk_dag.py:145} INFO - ✅ Almaty: flood=LOW(0.05) fire=LOW(0.14)
[2026-03-25T11:01:47.863+0000] {climarisk_dag.py:145} INFO - ✅ Guam: flood=LOW(0.05) fire=LOW(0.14)
[2026-03-25T11:01:48.156+0000] {climarisk_dag.py:145} INFO - ✅ Paris: flood=LOW(0.05) fire=LOW(0.14)
[2026-03-25T11:01:48.518+0000] {climarisk_dag.py:145} INFO - ✅ Lyon: flood=LOW(0.05) fire=LOW(0.14)
[2026-03-25T11:01:48.876+0000] {climarisk_dag.py:145} INFO - ✅ Marseille: flood=LOW(0.05) fire=LOW(0.14)
[2026-03-25T11:01:49.169+0000] {climarisk_dag.py:145} INFO - ✅ Toulouse: flood=LOW(0.05) fire=LOW(0.14)
[2026-03-25T11:01:49.495+0000] {climarisk_dag.py:145} INFO - ✅ Bordeaux: flood=LOW(0.05) fire=LOW(0.14)
[2026-03-25T11:01:50.813+0000] {climarisk_dag.py:145} INFO - ✅ Nantes: flood=LOW(0.05) fire=LOW(0.14)
[2026-03-25T11:01:51.135+0000] {climarisk_dag.py:145} INFO - ✅ Strasbourg: flood=LOW(0.05) fire=LOW(0.14)
[2026-03-25T11:01:51.425+0000] {climarisk_dag.py:145} INFO - ✅ Lille: flood=LOW(0.05) fire=LOW(0.14)
[2026-03-25T11:01:51.746+0000] {climarisk_dag.py:145} INFO - ✅ Montpellier: flood=LOW(0.05) fire=LOW(0.14)
[2026-03-25T11:01:52.095+0000] {climarisk_dag.py:145} INFO - ✅ Nice: flood=LOW(0.05) fire=LOW(0.14)
[2026-03-25T11:01:52.390+0000] {climarisk_dag.py:145} INFO - ✅ London: flood=LOW(0.05) fire=LOW(0.14)
[2026-03-25T11:01:52.752+0000] {climarisk_dag.py:145} INFO - ✅ Birmingham: flood=LOW(0.05) fire=LOW(0.14)
[2026-03-25T11:01:53.055+0000] {climarisk_dag.py:145} INFO - ✅ Manchester: flood=LOW(0.05) fire=LOW(0.14)
[2026-03-25T11:01:53.450+0000] {climarisk_dag.py:145} INFO - ✅ Berlin: flood=LOW(0.05) fire=LOW(0.14)
[2026-03-25T11:01:53.751+0000] {climarisk_dag.py:145} INFO - ✅ Hamburg: flood=LOW(0.05) fire=LOW(0.14)
[2026-03-25T11:01:54.054+0000] {climarisk_dag.py:145} INFO - ✅ Munich: flood=LOW(0.05) fire=LOW(0.14)
[2026-03-25T11:01:54.389+0000] {climarisk_dag.py:145} INFO - ✅ Frankfurt: flood=LOW(0.05) fire=LOW(0.14)
[2026-03-25T11:01:54.750+0000] {climarisk_dag.py:145} INFO - ✅ Madrid: flood=LOW(0.05) fire=LOW(0.14)
[2026-03-25T11:01:55.119+0000] {climarisk_dag.py:145} INFO - ✅ Barcelona: flood=LOW(0.05) fire=LOW(0.14)
[2026-03-25T11:01:55.555+0000] {climarisk_dag.py:145} INFO - ✅ Valencia: flood=LOW(0.05) fire=LOW(0.14)
[2026-03-25T11:01:55.882+0000] {climarisk_dag.py:145} INFO - ✅ Malaga: flood=LOW(0.05) fire=LOW(0.14)
[2026-03-25T11:01:56.199+0000] {climarisk_dag.py:145} INFO - ✅ Rome: flood=LOW(0.05) fire=LOW(0.14)
[2026-03-25T11:01:56.555+0000] {climarisk_dag.py:145} INFO - ✅ Milan: flood=LOW(0.05) fire=LOW(0.14)
[2026-03-25T11:01:56.902+0000] {climarisk_dag.py:145} INFO - ✅ Palermo: flood=LOW(0.05) fire=LOW(0.14)
[2026-03-25T11:01:57.256+0000] {climarisk_dag.py:145} INFO - ✅ Amsterdam: flood=LOW(0.05) fire=LOW(0.14)
[2026-03-25T11:01:57.628+0000] {climarisk_dag.py:145} INFO - ✅ Brussels: flood=LOW(0.05) fire=LOW(0.14)
[2026-03-25T11:01:57.917+0000] {climarisk_dag.py:145} INFO - ✅ Vienna: flood=LOW(0.05) fire=LOW(0.14)
[2026-03-25T11:01:58.270+0000] {climarisk_dag.py:145} INFO - ✅ Zurich: flood=LOW(0.05) fire=LOW(0.14)
[2026-03-25T11:01:58.620+0000] {climarisk_dag.py:145} INFO - ✅ Stockholm: flood=LOW(0.05) fire=LOW(0.14)
[2026-03-25T11:01:58.919+0000] {climarisk_dag.py:145} INFO - ✅ Oslo: flood=LOW(0.05) fire=LOW(0.14)
[2026-03-25T11:01:59.295+0000] {climarisk_dag.py:145} INFO - ✅ Copenhagen: flood=LOW(0.05) fire=LOW(0.14)
[2026-03-25T11:01:59.617+0000] {climarisk_dag.py:145} INFO - ✅ Helsinki: flood=LOW(0.05) fire=LOW(0.14)
[2026-03-25T11:01:59.916+0000] {climarisk_dag.py:145} INFO - ✅ Warsaw: flood=LOW(0.05) fire=LOW(0.14)
[2026-03-25T11:02:00.290+0000] {climarisk_dag.py:145} INFO - ✅ Prague: flood=LOW(0.05) fire=LOW(0.14)
[2026-03-25T11:02:00.655+0000] {climarisk_dag.py:145} INFO - ✅ Budapest: flood=LOW(0.05) fire=LOW(0.14)
[2026-03-25T11:02:01.052+0000] {climarisk_dag.py:145} INFO - ✅ Bucharest: flood=LOW(0.05) fire=LOW(0.14)
[2026-03-25T11:02:01.413+0000] {climarisk_dag.py:145} INFO - ✅ Athens: flood=LOW(0.05) fire=LOW(0.14)
[2026-03-25T11:02:01.769+0000] {climarisk_dag.py:145} INFO - ✅ Thessaloniki: flood=LOW(0.05) fire=LOW(0.14)
[2026-03-25T11:02:02.075+0000] {climarisk_dag.py:145} INFO - ✅ Lisbon: flood=LOW(0.05) fire=LOW(0.14)
[2026-03-25T11:02:02.372+0000] {climarisk_dag.py:145} INFO - ✅ Moscow: flood=LOW(0.05) fire=LOW(0.14)
[2026-03-25T11:02:02.589+0000] {climarisk_dag.py:145} INFO - ✅ Saint Petersburg: flood=LOW(0.05) fire=LOW(0.14)
[2026-03-25T11:02:02.945+0000] {climarisk_dag.py:145} INFO - ✅ Krasnoyarsk: flood=LOW(0.05) fire=LOW(0.14)
[2026-03-25T11:02:03.315+0000] {climarisk_dag.py:145} INFO - ✅ Irkutsk: flood=LOW(0.05) fire=LOW(0.14)
[2026-03-25T11:02:03.662+0000] {climarisk_dag.py:145} INFO - ✅ Yakutsk: flood=LOW(0.05) fire=LOW(0.14)
[2026-03-25T11:02:03.997+0000] {climarisk_dag.py:145} INFO - ✅ Khabarovsk: flood=LOW(0.05) fire=LOW(0.14)
[2026-03-25T11:02:04.352+0000] {climarisk_dag.py:145} INFO - ✅ Kyiv: flood=LOW(0.05) fire=LOW(0.14)
[2026-03-25T11:02:04.672+0000] {climarisk_dag.py:145} INFO - ✅ New York: flood=LOW(0.05) fire=LOW(0.14)
[2026-03-25T11:02:05.056+0000] {climarisk_dag.py:145} INFO - ✅ Los Angeles: flood=LOW(0.05) fire=LOW(0.14)
[2026-03-25T11:02:05.409+0000] {climarisk_dag.py:145} INFO - ✅ Chicago: flood=LOW(0.05) fire=LOW(0.14)
[2026-03-25T11:02:05.748+0000] {climarisk_dag.py:145} INFO - ✅ Houston: flood=LOW(0.05) fire=LOW(0.14)
[2026-03-25T11:02:06.086+0000] {climarisk_dag.py:145} INFO - ✅ Miami: flood=LOW(0.05) fire=LOW(0.14)
[2026-03-25T11:02:06.443+0000] {climarisk_dag.py:145} INFO - ✅ New Orleans: flood=LOW(0.05) fire=LOW(0.14)
[2026-03-25T11:02:06.758+0000] {climarisk_dag.py:145} INFO - ✅ Seattle: flood=LOW(0.05) fire=LOW(0.14)
[2026-03-25T11:02:07.173+0000] {climarisk_dag.py:145} INFO - ✅ Sacramento: flood=LOW(0.05) fire=LOW(0.14)
[2026-03-25T11:02:07.488+0000] {climarisk_dag.py:145} INFO - ✅ Fresno: flood=LOW(0.05) fire=LOW(0.14)
[2026-03-25T11:02:07.816+0000] {climarisk_dag.py:145} INFO - ✅ Redding: flood=LOW(0.05) fire=LOW(0.14)
[2026-03-25T11:02:08.134+0000] {climarisk_dag.py:145} INFO - ✅ Memphis: flood=LOW(0.05) fire=LOW(0.14)
[2026-03-25T11:02:08.489+0000] {climarisk_dag.py:145} INFO - ✅ Toronto: flood=LOW(0.05) fire=LOW(0.14)
[2026-03-25T11:02:08.773+0000] {climarisk_dag.py:145} INFO - ✅ Montreal: flood=LOW(0.05) fire=LOW(0.14)
[2026-03-25T11:02:09.109+0000] {climarisk_dag.py:145} INFO - ✅ Vancouver: flood=LOW(0.05) fire=LOW(0.14)
[2026-03-25T11:02:09.407+0000] {climarisk_dag.py:145} INFO - ✅ Mexico City: flood=LOW(0.05) fire=LOW(0.14)
[2026-03-25T11:02:09.764+0000] {climarisk_dag.py:145} INFO - ✅ Veracruz: flood=LOW(0.05) fire=LOW(0.14)
[2026-03-25T11:02:10.047+0000] {climarisk_dag.py:145} INFO - ✅ Cancún: flood=LOW(0.05) fire=LOW(0.14)
[2026-03-25T11:02:10.376+0000] {climarisk_dag.py:145} INFO - ✅ São Paulo: flood=LOW(0.05) fire=LOW(0.14)
[2026-03-25T11:02:10.694+0000] {climarisk_dag.py:145} INFO - ✅ Rio de Janeiro: flood=LOW(0.05) fire=LOW(0.14)
[2026-03-25T11:02:10.996+0000] {climarisk_dag.py:145} INFO - ✅ Belém: flood=LOW(0.05) fire=LOW(0.14)
[2026-03-25T11:02:11.340+0000] {climarisk_dag.py:145} INFO - ✅ Marabá: flood=LOW(0.05) fire=LOW(0.14)
[2026-03-25T11:02:11.697+0000] {climarisk_dag.py:145} INFO - ✅ Sinop: flood=LOW(0.05) fire=LOW(0.14)
[2026-03-25T11:02:12.033+0000] {climarisk_dag.py:145} INFO - ✅ Porto Velho: flood=LOW(0.05) fire=LOW(0.14)
[2026-03-25T11:02:12.351+0000] {climarisk_dag.py:145} INFO - ✅ Buenos Aires: flood=LOW(0.05) fire=LOW(0.14)
[2026-03-25T11:02:12.732+0000] {climarisk_dag.py:145} INFO - ✅ Lima: flood=LOW(0.05) fire=LOW(0.14)
[2026-03-25T11:02:13.128+0000] {climarisk_dag.py:145} INFO - ✅ Bogotá: flood=LOW(0.05) fire=LOW(0.14)
[2026-03-25T11:02:13.479+0000] {climarisk_dag.py:145} INFO - ✅ Santiago: flood=LOW(0.05) fire=LOW(0.14)
[2026-03-25T11:02:13.833+0000] {climarisk_dag.py:145} INFO - ✅ Port-au-Prince: flood=LOW(0.05) fire=LOW(0.14)
[2026-03-25T11:02:14.137+0000] {climarisk_dag.py:145} INFO - ✅ San Juan: flood=LOW(0.05) fire=LOW(0.14)
[2026-03-25T11:02:14.500+0000] {climarisk_dag.py:145} INFO - ✅ Kingston: flood=LOW(0.05) fire=LOW(0.14)
[2026-03-25T11:02:14.837+0000] {climarisk_dag.py:145} INFO - ✅ Port of Spain: flood=LOW(0.05) fire=LOW(0.14)
[2026-03-25T11:02:15.178+0000] {climarisk_dag.py:145} INFO - ✅ Sydney: flood=LOW(0.05) fire=LOW(0.14)
[2026-03-25T11:02:15.513+0000] {climarisk_dag.py:145} INFO - ✅ Melbourne: flood=LOW(0.05) fire=LOW(0.14)
[2026-03-25T11:02:15.861+0000] {climarisk_dag.py:145} INFO - ✅ Brisbane: flood=LOW(0.05) fire=LOW(0.14)
[2026-03-25T11:02:16.206+0000] {climarisk_dag.py:145} INFO - ✅ Darwin: flood=LOW(0.05) fire=LOW(0.14)
[2026-03-25T11:02:16.509+0000] {climarisk_dag.py:145} INFO - ✅ Alice Springs: flood=LOW(0.05) fire=LOW(0.14)
[2026-03-25T11:02:16.842+0000] {climarisk_dag.py:145} INFO - ✅ Cairns: flood=LOW(0.05) fire=LOW(0.14)
[2026-03-25T11:02:17.175+0000] {climarisk_dag.py:145} INFO - ✅ Auckland: flood=LOW(0.05) fire=LOW(0.14)
[2026-03-25T11:02:17.535+0000] {climarisk_dag.py:145} INFO - ✅ Port Moresby: flood=LOW(0.05) fire=LOW(0.14)
[2026-03-25T11:02:17.535+0000] {climarisk_dag.py:157} INFO - ✅ Done: 291 OK, 0 errors, 135.0s
[2026-03-25T11:02:17.551+0000] {python.py:237} INFO - Done. Returned value was: None
[2026-03-25T11:02:17.552+0000] {taskinstance.py:441} INFO - ::group::Post task execution logs
[2026-03-25T11:02:17.562+0000] {taskinstance.py:1206} INFO - Marking task as SUCCESS. dag_id=***_predictions, task_id=predict_all_zones, run_id=scheduled__2026-03-25T10:30:00+00:00, execution_date=20260325T103000, start_date=20260325T110002, end_date=20260325T110217
[2026-03-25T11:02:17.617+0000] {local_task_job_runner.py:240} INFO - Task exited with return code 0
[2026-03-25T11:02:17.637+0000] {taskinstance.py:3498} INFO - 1 downstream tasks scheduled from follow-on schedule check
[2026-03-25T11:02:17.640+0000] {local_task_job_runner.py:222} INFO - ::endgroup::
