[2026-03-25T22:38:26.337+0000] {local_task_job_runner.py:120} INFO - ::group::Pre task execution logs
[2026-03-25T22:38:26.390+0000] {taskinstance.py:2076} INFO - Dependencies all met for dep_context=non-requeueable deps ti=<TaskInstance: climarisk_predictions.predict_all_zones scheduled__2026-03-25T22:00:00+00:00 [queued]>
[2026-03-25T22:38:26.403+0000] {taskinstance.py:2076} INFO - Dependencies all met for dep_context=requeueable deps ti=<TaskInstance: climarisk_predictions.predict_all_zones scheduled__2026-03-25T22:00:00+00:00 [queued]>
[2026-03-25T22:38:26.405+0000] {taskinstance.py:2306} INFO - Starting attempt 2 of 2
[2026-03-25T22:38:26.422+0000] {taskinstance.py:2330} INFO - Executing <Task(PythonOperator): predict_all_zones> on 2026-03-25 22:00:00+00:00
[2026-03-25T22:38:26.430+0000] {logging_mixin.py:188} WARNING - /home/airflow/.local/lib/python3.12/site-packages/airflow/task/task_runner/standard_task_runner.py:61 DeprecationWarning: This process (pid=257) is multi-threaded, use of fork() may lead to deadlocks in the child.
[2026-03-25T22:38:26.431+0000] {standard_task_runner.py:63} INFO - Started process 262 to run task
[2026-03-25T22:38:26.431+0000] {standard_task_runner.py:90} INFO - Running: ['airflow', 'tasks', 'run', '***_predictions', 'predict_all_zones', 'scheduled__2026-03-25T22:00:00+00:00', '--job-id', '598', '--raw', '--subdir', 'DAGS_FOLDER/***_dag.py', '--cfg-path', '/tmp/tmpn98vfpu1']
[2026-03-25T22:38:26.434+0000] {standard_task_runner.py:91} INFO - Job 598: Subtask predict_all_zones
[2026-03-25T22:38:26.540+0000] {task_command.py:426} INFO - Running <TaskInstance: climarisk_predictions.predict_all_zones scheduled__2026-03-25T22:00:00+00:00 [running]> on host 6146f0e8983c
[2026-03-25T22:38:26.725+0000] {taskinstance.py:2648} INFO - Exporting env vars: AIRFLOW_CTX_DAG_OWNER='***' AIRFLOW_CTX_DAG_ID='***_predictions' AIRFLOW_CTX_TASK_ID='predict_all_zones' AIRFLOW_CTX_EXECUTION_DATE='2026-03-25T22:00:00+00:00' AIRFLOW_CTX_TRY_NUMBER='2' AIRFLOW_CTX_DAG_RUN_ID='scheduled__2026-03-25T22:00:00+00:00'
[2026-03-25T22:38:26.727+0000] {taskinstance.py:430} INFO - ::endgroup::
[2026-03-25T22:38:27.283+0000] {climarisk_dag.py:144} INFO - ✅ Alger: flood=LOW(0.15) fire=LOW(0.05)
[2026-03-25T22:38:28.080+0000] {climarisk_dag.py:144} INFO - ✅ Cairo: flood=LOW(0.14) fire=LOW(0.18)
[2026-03-25T22:38:29.619+0000] {climarisk_dag.py:144} INFO - ✅ Lagos: flood=MEDIUM(0.47) fire=LOW(0.05)
[2026-03-25T22:38:31.196+0000] {climarisk_dag.py:144} INFO - ✅ Kano: flood=LOW(0.07) fire=MEDIUM(0.32)
[2026-03-25T22:38:32.778+0000] {climarisk_dag.py:144} INFO - ✅ Abuja: flood=LOW(0.11) fire=LOW(0.06)
[2026-03-25T22:38:34.361+0000] {climarisk_dag.py:144} INFO - ✅ Johannesburg: flood=LOW(0.05) fire=LOW(0.05)
[2026-03-25T22:38:35.915+0000] {climarisk_dag.py:144} INFO - ✅ Cape Town: flood=LOW(0.15) fire=LOW(0.07)
[2026-03-25T22:38:37.491+0000] {climarisk_dag.py:144} INFO - ✅ Nairobi: flood=LOW(0.10) fire=LOW(0.08)
[2026-03-25T22:38:39.106+0000] {climarisk_dag.py:144} INFO - ✅ Addis Ababa: flood=LOW(0.10) fire=LOW(0.05)
[2026-03-25T22:38:40.709+0000] {climarisk_dag.py:144} INFO - ✅ Dar es Salaam: flood=MEDIUM(0.37) fire=LOW(0.05)
[2026-03-25T22:38:42.290+0000] {climarisk_dag.py:144} INFO - ✅ Accra: flood=LOW(0.15) fire=LOW(0.13)
[2026-03-25T22:38:43.850+0000] {climarisk_dag.py:144} INFO - ✅ Casablanca: flood=LOW(0.15) fire=LOW(0.07)
[2026-03-25T22:38:45.423+0000] {climarisk_dag.py:144} INFO - ✅ Mohammedia: flood=LOW(0.15) fire=LOW(0.07)
[2026-03-25T22:38:46.967+0000] {climarisk_dag.py:144} INFO - ✅ El Jadida: flood=LOW(0.15) fire=LOW(0.07)
[2026-03-25T22:38:48.510+0000] {climarisk_dag.py:144} INFO - ✅ Settat: flood=LOW(0.13) fire=LOW(0.05)
[2026-03-25T22:38:50.116+0000] {climarisk_dag.py:144} INFO - ✅ Berrechid: flood=LOW(0.05) fire=LOW(0.05)
[2026-03-25T22:38:51.681+0000] {climarisk_dag.py:144} INFO - ✅ Benslimane: flood=LOW(0.14) fire=LOW(0.06)
[2026-03-25T22:38:53.263+0000] {climarisk_dag.py:144} INFO - ✅ Sidi Bennour: flood=LOW(0.04) fire=LOW(0.06)
[2026-03-25T22:38:54.867+0000] {climarisk_dag.py:144} INFO - ✅ Azemmour: flood=LOW(0.15) fire=LOW(0.07)
[2026-03-25T22:38:56.463+0000] {climarisk_dag.py:144} INFO - ✅ Mediouna: flood=LOW(0.11) fire=LOW(0.06)
[2026-03-25T22:38:57.257+0000] {climarisk_dag.py:144} INFO - ✅ Nouaceur: flood=LOW(0.12) fire=LOW(0.06)
[2026-03-25T22:38:58.850+0000] {climarisk_dag.py:144} INFO - ✅ Rabat: flood=LOW(0.15) fire=LOW(0.08)
[2026-03-25T22:39:00.405+0000] {climarisk_dag.py:144} INFO - ✅ Salé: flood=LOW(0.15) fire=LOW(0.08)
[2026-03-25T22:39:01.996+0000] {climarisk_dag.py:144} INFO - ✅ Kénitra: flood=LOW(0.15) fire=LOW(0.08)
[2026-03-25T22:39:03.584+0000] {climarisk_dag.py:144} INFO - ✅ Témara: flood=LOW(0.15) fire=LOW(0.07)
[2026-03-25T22:39:05.153+0000] {climarisk_dag.py:144} INFO - ✅ Skhirat: flood=LOW(0.15) fire=LOW(0.07)
[2026-03-25T22:39:07.428+0000] {climarisk_dag.py:144} INFO - ✅ Tiflet: flood=LOW(0.08) fire=LOW(0.06)
[2026-03-25T22:39:08.997+0000] {climarisk_dag.py:144} INFO - ✅ Khémisset: flood=LOW(0.03) fire=LOW(0.05)
[2026-03-25T22:39:10.584+0000] {climarisk_dag.py:144} INFO - ✅ Sidi Slimane: flood=LOW(0.11) fire=LOW(0.07)
[2026-03-25T22:39:12.197+0000] {climarisk_dag.py:144} INFO - ✅ Sidi Kacem: flood=LOW(0.08) fire=LOW(0.09)
[2026-03-25T22:39:13.784+0000] {climarisk_dag.py:144} INFO - ✅ Souk el Arba: flood=LOW(0.15) fire=LOW(0.07)
[2026-03-25T22:39:15.345+0000] {climarisk_dag.py:144} INFO - ✅ Ouazzane: flood=LOW(0.05) fire=LOW(0.05)
[2026-03-25T22:39:16.917+0000] {climarisk_dag.py:144} INFO - ✅ Fès: flood=LOW(0.04) fire=LOW(0.05)
[2026-03-25T22:39:18.477+0000] {climarisk_dag.py:144} INFO - ✅ Meknès: flood=LOW(0.09) fire=LOW(0.05)
[2026-03-25T22:39:20.050+0000] {climarisk_dag.py:144} INFO - ✅ Ifrane: flood=LOW(0.03) fire=LOW(0.05)
[2026-03-25T22:39:21.650+0000] {climarisk_dag.py:144} INFO - ✅ Azrou: flood=LOW(0.03) fire=LOW(0.05)
[2026-03-25T22:39:23.223+0000] {climarisk_dag.py:144} INFO - ✅ Taounate: flood=LOW(0.04) fire=LOW(0.05)
[2026-03-25T22:39:24.795+0000] {climarisk_dag.py:144} INFO - ✅ Taza: flood=LOW(0.04) fire=LOW(0.05)
[2026-03-25T22:39:25.997+0000] {climarisk_dag.py:144} INFO - ✅ Sefrou: flood=LOW(0.02) fire=LOW(0.05)
[2026-03-25T22:39:27.086+0000] {climarisk_dag.py:144} INFO - ✅ Boulemane: flood=LOW(0.02) fire=LOW(0.05)
[2026-03-25T22:39:28.649+0000] {climarisk_dag.py:144} INFO - ✅ El Hajeb: flood=LOW(0.03) fire=LOW(0.05)
[2026-03-25T22:39:30.242+0000] {climarisk_dag.py:144} INFO - ✅ Missour: flood=LOW(0.01) fire=LOW(0.05)
[2026-03-25T22:39:31.833+0000] {climarisk_dag.py:144} INFO - ✅ Guercif: flood=LOW(0.15) fire=LOW(0.05)
[2026-03-25T22:39:33.407+0000] {climarisk_dag.py:144} INFO - ✅ Marrakech: flood=LOW(0.03) fire=LOW(0.05)
[2026-03-25T22:39:34.990+0000] {climarisk_dag.py:144} INFO - ✅ Safi: flood=LOW(0.15) fire=LOW(0.07)
[2026-03-25T22:39:37.569+0000] {climarisk_dag.py:144} INFO - ✅ Essaouira: flood=LOW(0.15) fire=LOW(0.07)
[2026-03-25T22:39:39.168+0000] {climarisk_dag.py:144} INFO - ✅ El Kelaa des Sraghna: flood=LOW(0.02) fire=LOW(0.05)
[2026-03-25T22:39:40.765+0000] {climarisk_dag.py:144} INFO - ✅ Chichaoua: flood=LOW(0.18) fire=LOW(0.05)
[2026-03-25T22:39:42.323+0000] {climarisk_dag.py:144} INFO - ✅ Youssoufia: flood=LOW(0.12) fire=LOW(0.05)
[2026-03-25T22:39:43.912+0000] {climarisk_dag.py:144} INFO - ✅ Ben Guerir: flood=LOW(0.06) fire=LOW(0.05)
[2026-03-25T22:39:45.504+0000] {climarisk_dag.py:144} INFO - ✅ Tahanaout: flood=LOW(0.03) fire=LOW(0.05)
[2026-03-25T22:39:47.054+0000] {climarisk_dag.py:144} INFO - ✅ Ait Ourir: flood=LOW(0.03) fire=LOW(0.05)
[2026-03-25T22:39:48.616+0000] {climarisk_dag.py:144} INFO - ✅ Demnate: flood=LOW(0.01) fire=LOW(0.05)
[2026-03-25T22:39:50.189+0000] {climarisk_dag.py:144} INFO - ✅ Tanger: flood=LOW(0.15) fire=LOW(0.06)
[2026-03-25T22:39:51.772+0000] {climarisk_dag.py:144} INFO - ✅ Tétouan: flood=LOW(0.11) fire=LOW(0.06)
[2026-03-25T22:39:53.338+0000] {climarisk_dag.py:144} INFO - ✅ Al Hoceïma: flood=LOW(0.15) fire=LOW(0.06)
[2026-03-25T22:39:54.911+0000] {climarisk_dag.py:144} INFO - ✅ Larache: flood=LOW(0.15) fire=LOW(0.11)
[2026-03-25T22:39:55.703+0000] {climarisk_dag.py:144} INFO - ✅ Chefchaouen: flood=LOW(0.07) fire=LOW(0.11)
[2026-03-25T22:39:57.264+0000] {climarisk_dag.py:144} INFO - ✅ Asilah: flood=LOW(0.15) fire=LOW(0.06)
[2026-03-25T22:39:58.858+0000] {climarisk_dag.py:144} INFO - ✅ Fnideq: flood=LOW(0.10) fire=LOW(0.06)
[2026-03-25T22:40:00.418+0000] {climarisk_dag.py:144} INFO - ✅ Martil: flood=LOW(0.09) fire=LOW(0.06)
[2026-03-25T22:40:02.013+0000] {climarisk_dag.py:144} INFO - ✅ Mdiq: flood=LOW(0.13) fire=LOW(0.06)
[2026-03-25T22:40:03.610+0000] {climarisk_dag.py:144} INFO - ✅ Ksar el Kebir: flood=LOW(0.15) fire=LOW(0.06)
[2026-03-25T22:40:05.176+0000] {climarisk_dag.py:144} INFO - ✅ Ouazzane: flood=LOW(0.05) fire=LOW(0.05)
[2026-03-25T22:40:07.747+0000] {climarisk_dag.py:144} INFO - ✅ Targuist: flood=LOW(0.02) fire=LOW(0.05)
[2026-03-25T22:40:09.357+0000] {climarisk_dag.py:144} INFO - ✅ Imzouren: flood=LOW(0.15) fire=LOW(0.05)
[2026-03-25T22:40:10.970+0000] {climarisk_dag.py:144} INFO - ✅ Beni Mellal-Khenifra: flood=LOW(0.05) fire=LOW(0.05)
[2026-03-25T22:40:12.592+0000] {climarisk_dag.py:144} INFO - ✅ Khénifra: flood=LOW(0.02) fire=LOW(0.05)
[2026-03-25T22:40:14.191+0000] {climarisk_dag.py:144} INFO - ✅ Azilal: flood=LOW(0.04) fire=LOW(0.05)
[2026-03-25T22:40:15.762+0000] {climarisk_dag.py:144} INFO - ✅ Nanjing: flood=MEDIUM(0.41) fire=LOW(0.05)
[2026-03-25T22:40:17.329+0000] {climarisk_dag.py:144} INFO - ✅ Khouribga: flood=LOW(0.06) fire=LOW(0.05)
[2026-03-25T22:40:18.898+0000] {climarisk_dag.py:144} INFO - ✅ Fkih Ben Salah: flood=LOW(0.03) fire=LOW(0.05)
[2026-03-25T22:40:20.473+0000] {climarisk_dag.py:144} INFO - ✅ Souk Sebt: flood=LOW(0.04) fire=LOW(0.05)
[2026-03-25T22:40:22.049+0000] {climarisk_dag.py:144} INFO - ✅ Midelt: flood=LOW(0.03) fire=LOW(0.05)
[2026-03-25T22:40:23.633+0000] {climarisk_dag.py:144} INFO - ✅ Zaouiat Cheikh: flood=LOW(0.02) fire=LOW(0.05)
[2026-03-25T22:40:24.412+0000] {climarisk_dag.py:144} INFO - ✅ Oujda: flood=LOW(0.04) fire=LOW(0.05)
[2026-03-25T22:40:25.991+0000] {climarisk_dag.py:144} INFO - ✅ Nador: flood=LOW(0.15) fire=LOW(0.07)
[2026-03-25T22:40:27.610+0000] {climarisk_dag.py:144} INFO - ✅ Berkane: flood=LOW(0.12) fire=LOW(0.05)
[2026-03-25T22:40:29.201+0000] {climarisk_dag.py:144} INFO - ✅ Taourirt: flood=LOW(0.10) fire=LOW(0.05)
[2026-03-25T22:40:30.778+0000] {climarisk_dag.py:144} INFO - ✅ Jerada: flood=LOW(0.03) fire=LOW(0.05)
[2026-03-25T22:40:32.358+0000] {climarisk_dag.py:144} INFO - ✅ Figuig: flood=LOW(0.03) fire=LOW(0.05)
[2026-03-25T22:40:33.915+0000] {climarisk_dag.py:144} INFO - ✅ Bouarfa: flood=LOW(0.01) fire=LOW(0.05)
[2026-03-25T22:40:35.488+0000] {climarisk_dag.py:144} INFO - ✅ Selouane: flood=LOW(0.15) fire=LOW(0.06)
[2026-03-25T22:40:37.968+0000] {climarisk_dag.py:144} INFO - ✅ Zaio: flood=LOW(0.14) fire=LOW(0.05)
[2026-03-25T22:40:39.543+0000] {climarisk_dag.py:144} INFO - ✅ Agadir: flood=LOW(0.15) fire=LOW(0.07)
[2026-03-25T22:40:41.144+0000] {climarisk_dag.py:144} INFO - ✅ Inezgane: flood=LOW(0.12) fire=LOW(0.05)
[2026-03-25T22:40:42.719+0000] {climarisk_dag.py:144} INFO - ✅ Tiznit: flood=LOW(0.05) fire=LOW(0.05)
[2026-03-25T22:40:44.285+0000] {climarisk_dag.py:144} INFO - ✅ Taroudannt: flood=LOW(0.10) fire=LOW(0.05)
[2026-03-25T22:40:45.872+0000] {climarisk_dag.py:144} INFO - ✅ Ouarzazate: flood=LOW(0.01) fire=LOW(0.05)
[2026-03-25T22:40:47.476+0000] {climarisk_dag.py:144} INFO - ✅ Ait Melloul: flood=LOW(0.14) fire=LOW(0.07)
[2026-03-25T22:40:49.062+0000] {climarisk_dag.py:144} INFO - ✅ Biougra: flood=LOW(0.06) fire=LOW(0.07)
[2026-03-25T22:40:50.645+0000] {climarisk_dag.py:144} INFO - ✅ Chtouka Ait Baha: flood=LOW(0.07) fire=LOW(0.05)
[2026-03-25T22:40:52.216+0000] {climarisk_dag.py:144} INFO - ✅ Tata: flood=LOW(0.04) fire=LOW(0.12)
[2026-03-25T22:40:53.404+0000] {climarisk_dag.py:144} INFO - ✅ Sidi Ifni: flood=LOW(0.24) fire=LOW(0.07)
[2026-03-25T22:40:54.984+0000] {climarisk_dag.py:144} INFO - ✅ Massa: flood=LOW(0.12) fire=LOW(0.08)
[2026-03-25T22:40:56.578+0000] {climarisk_dag.py:144} INFO - ✅ Errachidia: flood=LOW(0.03) fire=LOW(0.05)
[2026-03-25T22:40:58.135+0000] {climarisk_dag.py:144} INFO - ✅ Zagora: flood=LOW(0.05) fire=LOW(0.05)
[2026-03-25T22:40:59.741+0000] {climarisk_dag.py:144} INFO - ✅ Tinghir: flood=LOW(0.03) fire=LOW(0.05)
[2026-03-25T22:41:01.297+0000] {climarisk_dag.py:144} INFO - ✅ Ouarzazate: flood=LOW(0.01) fire=LOW(0.05)
[2026-03-25T22:41:02.874+0000] {climarisk_dag.py:144} INFO - ✅ Rissani: flood=LOW(0.05) fire=LOW(0.05)
[2026-03-25T22:41:04.415+0000] {climarisk_dag.py:144} INFO - ✅ Erfoud: flood=LOW(0.02) fire=LOW(0.05)
[2026-03-25T22:41:05.991+0000] {climarisk_dag.py:144} INFO - ✅ Merzouga: flood=LOW(0.05) fire=LOW(0.05)
[2026-03-25T22:41:08.550+0000] {climarisk_dag.py:144} INFO - ✅ Alnif: flood=LOW(0.03) fire=LOW(0.05)
[2026-03-25T22:41:10.131+0000] {climarisk_dag.py:144} INFO - ✅ Goulmima: flood=LOW(0.03) fire=LOW(0.05)
[2026-03-25T22:41:11.730+0000] {climarisk_dag.py:144} INFO - ✅ Laâyoune: flood=LOW(0.09) fire=LOW(0.05)
[2026-03-25T22:41:13.314+0000] {climarisk_dag.py:144} INFO - ✅ Boujdour: flood=LOW(0.15) fire=LOW(0.08)
[2026-03-25T22:41:14.896+0000] {climarisk_dag.py:144} INFO - ✅ Tarfaya: flood=LOW(0.15) fire=LOW(0.08)
[2026-03-25T22:41:16.443+0000] {climarisk_dag.py:144} INFO - ✅ Smara: flood=LOW(0.04) fire=LOW(0.10)
[2026-03-25T22:41:18.020+0000] {climarisk_dag.py:144} INFO - ✅ El Marsa: flood=LOW(0.21) fire=LOW(0.05)
[2026-03-25T22:41:19.598+0000] {climarisk_dag.py:144} INFO - ✅ Dakhla: flood=LOW(0.15) fire=LOW(0.09)
[2026-03-25T22:41:21.197+0000] {climarisk_dag.py:144} INFO - ✅ Aousserd: flood=LOW(0.13) fire=LOW(0.26)
[2026-03-25T22:41:25.254+0000] {climarisk_dag.py:144} INFO - ✅ Guelmim: flood=LOW(0.06) fire=LOW(0.07)
[2026-03-25T22:41:27.844+0000] {climarisk_dag.py:144} INFO - ✅ Tan-Tan: flood=LOW(0.15) fire=LOW(0.08)
[2026-03-25T22:41:30.555+0000] {climarisk_dag.py:144} INFO - ✅ Assa: flood=LOW(0.09) fire=LOW(0.05)
[2026-03-25T22:41:33.153+0000] {climarisk_dag.py:144} INFO - ✅ Zag: flood=LOW(0.05) fire=LOW(0.05)
[2026-03-25T22:41:34.729+0000] {climarisk_dag.py:144} INFO - ✅ Sidi Ifni: flood=LOW(0.24) fire=LOW(0.07)
[2026-03-25T22:41:36.322+0000] {climarisk_dag.py:144} INFO - ✅ Tiznit: flood=LOW(0.05) fire=LOW(0.05)
[2026-03-25T22:41:39.206+0000] {climarisk_dag.py:144} INFO - ✅ Tunis: flood=LOW(0.13) fire=LOW(0.05)
[2026-03-25T22:41:41.291+0000] {climarisk_dag.py:144} INFO - ✅ Kampala: flood=LOW(0.08) fire=LOW(0.05)
[2026-03-25T22:41:43.436+0000] {climarisk_dag.py:144} INFO - ✅ Dakar: flood=LOW(0.15) fire=LOW(0.10)
[2026-03-25T22:41:45.506+0000] {climarisk_dag.py:144} INFO - ✅ Kinshasa: flood=LOW(0.07) fire=LOW(0.05)
[2026-03-25T22:41:48.832+0000] {climarisk_dag.py:144} INFO - ✅ Luanda: flood=LOW(0.25) fire=LOW(0.05)
[2026-03-25T22:41:52.136+0000] {climarisk_dag.py:144} INFO - ✅ Khartoum: flood=LOW(0.15) fire=MEDIUM(0.34)
[2026-03-25T22:41:54.709+0000] {climarisk_dag.py:144} INFO - ✅ Harare: flood=LOW(0.03) fire=LOW(0.10)
[2026-03-25T22:41:58.665+0000] {climarisk_dag.py:144} INFO - ✅ Lusaka: flood=LOW(0.03) fire=LOW(0.09)
[2026-03-25T22:42:01.319+0000] {climarisk_dag.py:144} INFO - ✅ Maputo: flood=LOW(0.29) fire=LOW(0.05)
[2026-03-25T22:42:03.932+0000] {climarisk_dag.py:144} INFO - ✅ Antananarivo: flood=LOW(0.07) fire=LOW(0.08)
[2026-03-25T22:42:06.567+0000] {climarisk_dag.py:144} INFO - ✅ Abidjan: flood=LOW(0.15) fire=LOW(0.13)
[2026-03-25T22:42:09.889+0000] {climarisk_dag.py:144} INFO - ✅ Douala: flood=MEDIUM(0.49) fire=LOW(0.14)
[2026-03-25T22:42:11.924+0000] {climarisk_dag.py:144} INFO - ✅ Niamey: flood=LOW(0.14) fire=LOW(0.05)
[2026-03-25T22:42:14.113+0000] {climarisk_dag.py:144} INFO - ✅ Ouagadougou: flood=LOW(0.15) fire=LOW(0.16)
[2026-03-25T22:42:16.157+0000] {climarisk_dag.py:144} INFO - ✅ Bamako: flood=LOW(0.15) fire=LOW(0.25)
[2026-03-25T22:42:18.258+0000] {climarisk_dag.py:144} INFO - ✅ Windhoek: flood=LOW(0.04) fire=LOW(0.05)
[2026-03-25T22:42:20.451+0000] {climarisk_dag.py:144} INFO - ✅ Port Harcourt: flood=MEDIUM(0.49) fire=LOW(0.05)
[2026-03-25T22:42:21.552+0000] {climarisk_dag.py:144} INFO - ✅ Warri: flood=MEDIUM(0.51) fire=LOW(0.05)
[2026-03-25T22:42:23.671+0000] {climarisk_dag.py:144} INFO - ✅ Calabar: flood=MEDIUM(0.44) fire=LOW(0.05)
[2026-03-25T22:42:27.814+0000] {climarisk_dag.py:144} INFO - ✅ Beijing: flood=LOW(0.15) fire=LOW(0.06)
[2026-03-25T22:42:31.397+0000] {climarisk_dag.py:144} INFO - ✅ Shanghai: flood=MEDIUM(0.54) fire=LOW(0.05)
[2026-03-25T22:42:35.307+0000] {climarisk_dag.py:144} INFO - ✅ Guangzhou: flood=HIGH(0.79) fire=LOW(0.05)
[2026-03-25T22:42:38.869+0000] {climarisk_dag.py:144} INFO - ✅ Chengdu: flood=LOW(0.09) fire=LOW(0.08)
[2026-03-25T22:42:41.922+0000] {climarisk_dag.py:144} INFO - ✅ Wuhan: flood=LOW(0.27) fire=LOW(0.05)
[2026-03-25T22:42:45.253+0000] {climarisk_dag.py:144} INFO - ✅ Chongqing: flood=LOW(0.13) fire=LOW(0.05)
[2026-03-25T22:42:48.580+0000] {climarisk_dag.py:144} INFO - ✅ Zhengzhou: flood=LOW(0.15) fire=LOW(0.11)
[2026-03-25T22:42:49.883+0000] {climarisk_dag.py:144} INFO - ✅ Changsha: flood=MEDIUM(0.41) fire=LOW(0.05)
[2026-03-25T22:42:51.952+0000] {climarisk_dag.py:144} INFO - ✅ Nanchang: flood=MEDIUM(0.51) fire=LOW(0.05)
[2026-03-25T22:42:54.010+0000] {climarisk_dag.py:144} INFO - ✅ Yichang: flood=LOW(0.15) fire=LOW(0.06)
[2026-03-25T22:42:56.227+0000] {climarisk_dag.py:144} INFO - ✅ Haikou: flood=LOW(0.15) fire=LOW(0.13)
[2026-03-25T22:42:58.356+0000] {climarisk_dag.py:144} INFO - ✅ Hong Kong: flood=LOW(0.15) fire=LOW(0.11)
[2026-03-25T22:43:00.475+0000] {climarisk_dag.py:144} INFO - ✅ Taipei: flood=LOW(0.15) fire=LOW(0.10)
[2026-03-25T22:43:02.618+0000] {climarisk_dag.py:144} INFO - ✅ Kaohsiung: flood=HIGH(0.84) fire=LOW(0.05)
[2026-03-25T22:43:05.728+0000] {climarisk_dag.py:144} INFO - ✅ Mumbai: flood=LOW(0.15) fire=LOW(0.13)
[2026-03-25T22:43:11.017+0000] {climarisk_dag.py:144} INFO - ✅ Delhi: flood=LOW(0.09) fire=LOW(0.14)
[2026-03-25T22:43:13.095+0000] {climarisk_dag.py:144} INFO - ✅ Bangalore: flood=LOW(0.03) fire=LOW(0.12)
[2026-03-25T22:43:15.335+0000] {climarisk_dag.py:144} INFO - ✅ Chennai: flood=LOW(0.15) fire=LOW(0.13)
[2026-03-25T22:43:17.400+0000] {climarisk_dag.py:144} INFO - ✅ Kolkata: flood=HIGH(0.73) fire=LOW(0.05)
[2026-03-25T22:43:19.536+0000] {climarisk_dag.py:144} INFO - ✅ Patna: flood=LOW(0.15) fire=LOW(0.13)
[2026-03-25T22:43:20.796+0000] {climarisk_dag.py:144} INFO - ✅ Guwahati: flood=LOW(0.22) fire=LOW(0.05)
[2026-03-25T22:43:22.899+0000] {climarisk_dag.py:144} INFO - ✅ Varanasi: flood=LOW(0.15) fire=LOW(0.13)
[2026-03-25T22:43:25.886+0000] {climarisk_dag.py:144} INFO - ✅ Muzaffarpur: flood=LOW(0.15) fire=LOW(0.11)
[2026-03-25T22:43:28.777+0000] {climarisk_dag.py:144} INFO - ✅ Visakhapatnam: flood=MEDIUM(0.47) fire=LOW(0.05)
[2026-03-25T22:43:34.123+0000] {climarisk_dag.py:144} INFO - ✅ Vijayawada: flood=LOW(0.15) fire=LOW(0.13)
[2026-03-25T22:43:39.712+0000] {climarisk_dag.py:144} INFO - ✅ Tokyo: flood=MEDIUM(0.54) fire=LOW(0.05)
[2026-03-25T22:43:42.743+0000] {climarisk_dag.py:144} INFO - ✅ Osaka: flood=MEDIUM(0.36) fire=LOW(0.05)
[2026-03-25T22:43:45.854+0000] {climarisk_dag.py:144} INFO - ✅ Sapporo: flood=MEDIUM(0.39) fire=LOW(0.05)
[2026-03-25T22:43:49.153+0000] {climarisk_dag.py:144} INFO - ✅ Naha: flood=MEDIUM(0.41) fire=LOW(0.05)
[2026-03-25T22:43:51.343+0000] {climarisk_dag.py:144} INFO - ✅ Seoul: flood=LOW(0.15) fire=LOW(0.05)
[2026-03-25T22:43:53.465+0000] {climarisk_dag.py:144} INFO - ✅ Busan: flood=LOW(0.15) fire=LOW(0.05)
[2026-03-25T22:43:55.634+0000] {climarisk_dag.py:144} INFO - ✅ Bangkok: flood=LOW(0.15) fire=LOW(0.14)
[2026-03-25T22:43:57.686+0000] {climarisk_dag.py:144} INFO - ✅ Chiang Mai: flood=LOW(0.15) fire=LOW(0.26)
[2026-03-25T22:43:59.882+0000] {climarisk_dag.py:144} INFO - ✅ Jakarta: flood=CRITICAL(0.96) fire=LOW(0.05)
[2026-03-25T22:44:01.985+0000] {climarisk_dag.py:144} INFO - ✅ Surabaya: flood=CRITICAL(0.98) fire=LOW(0.05)
[2026-03-25T22:44:04.101+0000] {climarisk_dag.py:144} INFO - ✅ Medan: flood=MEDIUM(0.55) fire=LOW(0.05)
[2026-03-25T22:44:07.118+0000] {climarisk_dag.py:144} INFO - ✅ Manila: flood=LOW(0.15) fire=LOW(0.14)
[2026-03-25T22:44:11.492+0000] {climarisk_dag.py:144} INFO - ✅ Cebu: flood=MEDIUM(0.61) fire=LOW(0.05)
[2026-03-25T22:44:13.578+0000] {climarisk_dag.py:144} INFO - ✅ Tacloban: flood=MEDIUM(0.42) fire=LOW(0.05)
[2026-03-25T22:44:15.721+0000] {climarisk_dag.py:144} INFO - ✅ Legazpi: flood=LOW(0.15) fire=LOW(0.11)
[2026-03-25T22:44:17.830+0000] {climarisk_dag.py:144} INFO - ✅ Zamboanga: flood=CRITICAL(0.98) fire=LOW(0.05)
[2026-03-25T22:44:18.787+0000] {climarisk_dag.py:144} INFO - ✅ Kuala Lumpur: flood=LOW(0.15) fire=LOW(0.13)
[2026-03-25T22:44:20.913+0000] {climarisk_dag.py:144} INFO - ✅ Singapore: flood=LOW(0.15) fire=LOW(0.14)
[2026-03-25T22:44:23.115+0000] {climarisk_dag.py:144} INFO - ✅ Ho Chi Minh City: flood=LOW(0.15) fire=LOW(0.12)
[2026-03-25T22:44:27.696+0000] {climarisk_dag.py:144} INFO - ✅ Hanoi: flood=LOW(0.15) fire=LOW(0.12)
[2026-03-25T22:44:30.985+0000] {climarisk_dag.py:144} INFO - ✅ Da Nang: flood=LOW(0.15) fire=LOW(0.10)
[2026-03-25T22:44:34.554+0000] {climarisk_dag.py:144} INFO - ✅ Can Tho: flood=LOW(0.15) fire=LOW(0.12)
[2026-03-25T22:44:37.937+0000] {climarisk_dag.py:144} INFO - ✅ My Tho: flood=LOW(0.15) fire=LOW(0.12)
[2026-03-25T22:44:41.153+0000] {climarisk_dag.py:144} INFO - ✅ Dhaka: flood=HIGH(0.75) fire=LOW(0.05)
[2026-03-25T22:44:44.138+0000] {climarisk_dag.py:144} INFO - ✅ Chittagong: flood=CRITICAL(0.98) fire=LOW(0.05)
[2026-03-25T22:44:47.279+0000] {climarisk_dag.py:144} INFO - ✅ Sylhet: flood=CRITICAL(0.98) fire=LOW(0.05)
[2026-03-25T22:44:48.748+0000] {climarisk_dag.py:144} INFO - ✅ Khulna: flood=HIGH(0.77) fire=LOW(0.05)
[2026-03-25T22:44:50.912+0000] {climarisk_dag.py:144} INFO - ✅ Cox's Bazar: flood=HIGH(0.83) fire=LOW(0.05)
[2026-03-25T22:44:52.976+0000] {climarisk_dag.py:144} INFO - ✅ Karachi: flood=LOW(0.15) fire=LOW(0.14)
[2026-03-25T22:44:55.039+0000] {climarisk_dag.py:144} INFO - ✅ Lahore: flood=LOW(0.17) fire=LOW(0.05)
[2026-03-25T22:44:57.144+0000] {climarisk_dag.py:144} INFO - ✅ Colombo: flood=MEDIUM(0.66) fire=LOW(0.05)
[2026-03-25T22:44:59.291+0000] {climarisk_dag.py:144} INFO - ✅ Kathmandu: flood=LOW(0.07) fire=LOW(0.05)
[2026-03-25T22:45:01.725+0000] {climarisk_dag.py:144} INFO - ✅ Yangon: flood=LOW(0.15) fire=LOW(0.15)
[2026-03-25T22:45:03.830+0000] {climarisk_dag.py:144} INFO - ✅ Sittwe: flood=LOW(0.15) fire=LOW(0.13)
[2026-03-25T22:45:07.460+0000] {climarisk_dag.py:144} INFO - ✅ Phnom Penh: flood=LOW(0.15) fire=LOW(0.17)
[2026-03-25T22:45:11.395+0000] {climarisk_dag.py:144} INFO - ✅ Riyadh: flood=LOW(0.22) fire=LOW(0.05)
[2026-03-25T22:45:14.495+0000] {climarisk_dag.py:144} INFO - ✅ Dubai: flood=LOW(0.25) fire=LOW(0.05)
[2026-03-25T22:45:16.779+0000] {climarisk_dag.py:144} INFO - ✅ Tehran: flood=LOW(0.02) fire=LOW(0.05)
[2026-03-25T22:45:18.092+0000] {climarisk_dag.py:144} INFO - ✅ Istanbul: flood=LOW(0.16) fire=LOW(0.05)
[2026-03-25T22:45:20.230+0000] {climarisk_dag.py:144} INFO - ✅ Ankara: flood=LOW(0.02) fire=LOW(0.05)
[2026-03-25T22:45:23.627+0000] {climarisk_dag.py:144} INFO - ✅ Baghdad: flood=LOW(0.21) fire=LOW(0.05)
[2026-03-25T22:45:26.692+0000] {climarisk_dag.py:144} INFO - ✅ Baku: flood=LOW(0.15) fire=LOW(0.05)
[2026-03-25T22:45:29.673+0000] {climarisk_dag.py:144} INFO - ✅ Tashkent: flood=LOW(0.07) fire=LOW(0.09)
[2026-03-25T22:45:33.181+0000] {climarisk_dag.py:144} INFO - ✅ Almaty: flood=LOW(0.03) fire=LOW(0.05)
[2026-03-25T22:45:36.858+0000] {climarisk_dag.py:144} INFO - ✅ Guam: flood=MEDIUM(0.67) fire=LOW(0.05)
[2026-03-25T22:45:41.262+0000] {climarisk_dag.py:144} INFO - ✅ Paris: flood=MEDIUM(0.42) fire=LOW(0.05)
[2026-03-25T22:45:44.660+0000] {climarisk_dag.py:144} INFO - ✅ Lyon: flood=LOW(0.08) fire=LOW(0.05)
[2026-03-25T22:45:45.868+0000] {climarisk_dag.py:144} INFO - ✅ Marseille: flood=LOW(0.15) fire=LOW(0.09)
[2026-03-25T22:45:47.950+0000] {climarisk_dag.py:144} INFO - ✅ Toulouse: flood=LOW(0.03) fire=LOW(0.05)
[2026-03-25T22:45:50.060+0000] {climarisk_dag.py:144} INFO - ✅ Bordeaux: flood=LOW(0.10) fire=LOW(0.05)
[2026-03-25T22:45:51.631+0000] {climarisk_dag.py:144} INFO - ✅ Nantes: flood=LOW(0.15) fire=LOW(0.05)
[2026-03-25T22:45:53.216+0000] {climarisk_dag.py:144} INFO - ✅ Strasbourg: flood=LOW(0.05) fire=LOW(0.05)
[2026-03-25T22:45:55.409+0000] {climarisk_dag.py:144} INFO - ✅ Lille: flood=MEDIUM(0.35) fire=LOW(0.05)
[2026-03-25T22:45:57.443+0000] {climarisk_dag.py:144} INFO - ✅ Montpellier: flood=LOW(0.15) fire=LOW(0.05)
[2026-03-25T22:45:59.611+0000] {climarisk_dag.py:144} INFO - ✅ Nice: flood=LOW(0.15) fire=LOW(0.05)
[2026-03-25T22:46:01.670+0000] {climarisk_dag.py:144} INFO - ✅ London: flood=LOW(0.18) fire=LOW(0.05)
[2026-03-25T22:46:03.771+0000] {climarisk_dag.py:144} INFO - ✅ Birmingham: flood=LOW(0.10) fire=LOW(0.05)
[2026-03-25T22:46:05.826+0000] {climarisk_dag.py:144} INFO - ✅ Manchester: flood=LOW(0.29) fire=LOW(0.05)
[2026-03-25T22:46:08.515+0000] {climarisk_dag.py:144} INFO - ✅ Berlin: flood=LOW(0.15) fire=LOW(0.05)
[2026-03-25T22:46:11.687+0000] {climarisk_dag.py:144} INFO - ✅ Hamburg: flood=MEDIUM(0.34) fire=LOW(0.05)
[2026-03-25T22:46:15.494+0000] {climarisk_dag.py:144} INFO - ✅ Munich: flood=LOW(0.11) fire=LOW(0.05)
[2026-03-25T22:46:17.555+0000] {climarisk_dag.py:144} INFO - ✅ Frankfurt: flood=LOW(0.06) fire=LOW(0.05)
[2026-03-25T22:46:19.642+0000] {climarisk_dag.py:144} INFO - ✅ Madrid: flood=LOW(0.07) fire=LOW(0.08)
[2026-03-25T22:46:22.863+0000] {climarisk_dag.py:144} INFO - ✅ Barcelona: flood=LOW(0.15) fire=LOW(0.05)
[2026-03-25T22:46:27.378+0000] {climarisk_dag.py:144} INFO - ✅ Valencia: flood=LOW(0.15) fire=LOW(0.05)
[2026-03-25T22:46:30.629+0000] {climarisk_dag.py:144} INFO - ✅ Malaga: flood=LOW(0.14) fire=LOW(0.06)
[2026-03-25T22:46:33.769+0000] {climarisk_dag.py:144} INFO - ✅ Rome: flood=LOW(0.15) fire=LOW(0.05)
[2026-03-25T22:46:36.520+0000] {climarisk_dag.py:144} INFO - ✅ Milan: flood=LOW(0.05) fire=LOW(0.05)
[2026-03-25T22:46:40.681+0000] {climarisk_dag.py:144} INFO - ✅ Palermo: flood=LOW(0.15) fire=LOW(0.05)
[2026-03-25T22:46:43.746+0000] {climarisk_dag.py:144} INFO - ✅ Amsterdam: flood=MEDIUM(0.44) fire=LOW(0.05)
[2026-03-25T22:46:46.189+0000] {climarisk_dag.py:144} INFO - ✅ Brussels: flood=MEDIUM(0.35) fire=LOW(0.05)
[2026-03-25T22:46:48.269+0000] {climarisk_dag.py:144} INFO - ✅ Vienna: flood=LOW(0.05) fire=LOW(0.05)
[2026-03-25T22:46:50.312+0000] {climarisk_dag.py:144} INFO - ✅ Zurich: flood=LOW(0.15) fire=LOW(0.05)
[2026-03-25T22:46:52.503+0000] {climarisk_dag.py:144} INFO - ✅ Stockholm: flood=LOW(0.27) fire=LOW(0.05)
[2026-03-25T22:46:54.891+0000] {climarisk_dag.py:144} INFO - ✅ Oslo: flood=MEDIUM(0.36) fire=LOW(0.05)
[2026-03-25T22:46:57.286+0000] {climarisk_dag.py:144} INFO - ✅ Copenhagen: flood=LOW(0.30) fire=LOW(0.05)
[2026-03-25T22:46:59.432+0000] {climarisk_dag.py:144} INFO - ✅ Helsinki: flood=LOW(0.15) fire=LOW(0.05)
[2026-03-25T22:47:01.536+0000] {climarisk_dag.py:144} INFO - ✅ Warsaw: flood=LOW(0.05) fire=LOW(0.05)
[2026-03-25T22:47:03.752+0000] {climarisk_dag.py:144} INFO - ✅ Prague: flood=LOW(0.13) fire=LOW(0.05)
[2026-03-25T22:47:05.840+0000] {climarisk_dag.py:144} INFO - ✅ Budapest: flood=LOW(0.15) fire=LOW(0.05)
[2026-03-25T22:47:07.957+0000] {climarisk_dag.py:144} INFO - ✅ Bucharest: flood=LOW(0.22) fire=LOW(0.05)
[2026-03-25T22:47:11.435+0000] {climarisk_dag.py:144} INFO - ✅ Athens: flood=LOW(0.22) fire=LOW(0.05)
[2026-03-25T22:47:14.012+0000] {climarisk_dag.py:144} INFO - ✅ Thessaloniki: flood=LOW(0.20) fire=LOW(0.05)
[2026-03-25T22:47:17.265+0000] {climarisk_dag.py:144} INFO - ✅ Lisbon: flood=LOW(0.15) fire=LOW(0.07)
[2026-03-25T22:47:19.401+0000] {climarisk_dag.py:144} INFO - ✅ Moscow: flood=LOW(0.04) fire=LOW(0.05)
[2026-03-25T22:47:22.817+0000] {climarisk_dag.py:144} INFO - ✅ Saint Petersburg: flood=LOW(0.15) fire=LOW(0.05)
[2026-03-25T22:47:26.019+0000] {climarisk_dag.py:144} INFO - ✅ Krasnoyarsk: flood=LOW(0.06) fire=LOW(0.05)
[2026-03-25T22:47:30.377+0000] {climarisk_dag.py:144} INFO - ✅ Irkutsk: flood=LOW(0.07) fire=LOW(0.05)
[2026-03-25T22:47:34.136+0000] {climarisk_dag.py:144} INFO - ✅ Yakutsk: flood=LOW(0.15) fire=LOW(0.05)
[2026-03-25T22:47:36.747+0000] {climarisk_dag.py:144} INFO - ✅ Khabarovsk: flood=LOW(0.15) fire=LOW(0.05)
[2026-03-25T22:47:39.610+0000] {climarisk_dag.py:144} INFO - ✅ Kyiv: flood=LOW(0.15) fire=LOW(0.05)
[2026-03-25T22:47:42.388+0000] {climarisk_dag.py:144} INFO - ✅ New York: flood=LOW(0.25) fire=LOW(0.05)
[2026-03-25T22:47:44.858+0000] {climarisk_dag.py:144} INFO - ✅ Los Angeles: flood=LOW(0.15) fire=LOW(0.15)
[2026-03-25T22:47:47.915+0000] {climarisk_dag.py:144} INFO - ✅ Chicago: flood=LOW(0.13) fire=LOW(0.05)
[2026-03-25T22:47:49.993+0000] {climarisk_dag.py:144} INFO - ✅ Houston: flood=LOW(0.15) fire=LOW(0.13)
[2026-03-25T22:47:52.157+0000] {climarisk_dag.py:144} INFO - ✅ Miami: flood=MEDIUM(0.42) fire=LOW(0.05)
[2026-03-25T22:47:54.287+0000] {climarisk_dag.py:144} INFO - ✅ New Orleans: flood=LOW(0.15) fire=LOW(0.15)
[2026-03-25T22:47:56.371+0000] {climarisk_dag.py:144} INFO - ✅ Seattle: flood=LOW(0.15) fire=LOW(0.05)
[2026-03-25T22:47:58.635+0000] {climarisk_dag.py:144} INFO - ✅ Sacramento: flood=LOW(0.15) fire=LOW(0.08)
[2026-03-25T22:48:00.781+0000] {climarisk_dag.py:144} INFO - ✅ Fresno: flood=LOW(0.15) fire=LOW(0.15)
[2026-03-25T22:48:02.856+0000] {climarisk_dag.py:144} INFO - ✅ Redding: flood=LOW(0.15) fire=LOW(0.07)
[2026-03-25T22:48:04.936+0000] {climarisk_dag.py:144} INFO - ✅ Memphis: flood=LOW(0.15) fire=LOW(0.06)
[2026-03-25T22:48:07.085+0000] {climarisk_dag.py:144} INFO - ✅ Toronto: flood=LOW(0.18) fire=LOW(0.05)
[2026-03-25T22:48:09.124+0000] {climarisk_dag.py:144} INFO - ✅ Montreal: flood=LOW(0.23) fire=LOW(0.05)
[2026-03-25T22:48:11.243+0000] {climarisk_dag.py:144} INFO - ✅ Vancouver: flood=LOW(0.27) fire=LOW(0.05)
[2026-03-25T22:48:14.244+0000] {climarisk_dag.py:144} INFO - ✅ Mexico City: flood=LOW(0.03) fire=LOW(0.06)
[2026-03-25T22:48:17.513+0000] {climarisk_dag.py:144} INFO - ✅ Veracruz: flood=MEDIUM(0.47) fire=LOW(0.05)
[2026-03-25T22:48:19.683+0000] {climarisk_dag.py:144} INFO - ✅ Cancún: flood=LOW(0.15) fire=LOW(0.09)
[2026-03-25T22:48:22.359+0000] {climarisk_dag.py:144} INFO - ✅ São Paulo: flood=LOW(0.10) fire=LOW(0.05)
[2026-03-25T22:48:25.135+0000] {climarisk_dag.py:144} INFO - ✅ Rio de Janeiro: flood=LOW(0.15) fire=LOW(0.12)
[2026-03-25T22:48:30.145+0000] {climarisk_dag.py:144} INFO - ✅ Belém: flood=MEDIUM(0.39) fire=LOW(0.12)
[2026-03-25T22:48:33.021+0000] {climarisk_dag.py:144} INFO - ✅ Marabá: flood=LOW(0.13) fire=LOW(0.05)
[2026-03-25T22:48:35.678+0000] {climarisk_dag.py:144} INFO - ✅ Sinop: flood=MEDIUM(0.55) fire=LOW(0.05)
[2026-03-25T22:48:37.830+0000] {climarisk_dag.py:144} INFO - ✅ Porto Velho: flood=MEDIUM(0.48) fire=LOW(0.05)
[2026-03-25T22:48:39.966+0000] {climarisk_dag.py:144} INFO - ✅ Buenos Aires: flood=LOW(0.15) fire=LOW(0.10)
[2026-03-25T22:48:42.639+0000] {climarisk_dag.py:144} INFO - ✅ Lima: flood=LOW(0.07) fire=LOW(0.10)
[2026-03-25T22:48:46.184+0000] {climarisk_dag.py:144} INFO - ✅ Bogotá: flood=LOW(0.10) fire=LOW(0.05)
[2026-03-25T22:48:49.187+0000] {climarisk_dag.py:144} INFO - ✅ Santiago: flood=LOW(0.07) fire=LOW(0.07)
[2026-03-25T22:48:51.326+0000] {climarisk_dag.py:144} INFO - ✅ Port-au-Prince: flood=MEDIUM(0.35) fire=LOW(0.05)
[2026-03-25T22:48:53.591+0000] {climarisk_dag.py:144} INFO - ✅ San Juan: flood=MEDIUM(0.63) fire=LOW(0.05)
[2026-03-25T22:48:55.669+0000] {climarisk_dag.py:144} INFO - ✅ Kingston: flood=MEDIUM(0.30) fire=LOW(0.05)
[2026-03-25T22:48:57.800+0000] {climarisk_dag.py:144} INFO - ✅ Port of Spain: flood=LOW(0.15) fire=LOW(0.14)
[2026-03-25T22:49:00.988+0000] {climarisk_dag.py:144} INFO - ✅ Sydney: flood=LOW(0.17) fire=LOW(0.05)
[2026-03-25T22:49:03.067+0000] {climarisk_dag.py:144} INFO - ✅ Melbourne: flood=MEDIUM(0.36) fire=LOW(0.05)
[2026-03-25T22:49:05.208+0000] {climarisk_dag.py:144} INFO - ✅ Brisbane: flood=LOW(0.15) fire=LOW(0.09)
[2026-03-25T22:49:07.317+0000] {climarisk_dag.py:144} INFO - ✅ Darwin: flood=HIGH(0.87) fire=LOW(0.12)
[2026-03-25T22:49:09.424+0000] {climarisk_dag.py:144} INFO - ✅ Alice Springs: flood=LOW(0.07) fire=LOW(0.06)
[2026-03-25T22:49:11.742+0000] {climarisk_dag.py:144} INFO - ✅ Cairns: flood=LOW(0.15) fire=LOW(0.09)
[2026-03-25T22:49:14.889+0000] {climarisk_dag.py:144} INFO - ✅ Auckland: flood=MEDIUM(0.52) fire=LOW(0.05)
[2026-03-25T22:49:19.006+0000] {climarisk_dag.py:144} INFO - ✅ Port Moresby: flood=MEDIUM(0.64) fire=LOW(0.05)
[2026-03-25T22:49:20.509+0000] {climarisk_dag.py:156} INFO - ✅ Done: 291 OK, 0 errors, 653.4s
[2026-03-25T22:49:20.577+0000] {python.py:237} INFO - Done. Returned value was: None
[2026-03-25T22:49:20.578+0000] {taskinstance.py:441} INFO - ::group::Post task execution logs
[2026-03-25T22:49:20.599+0000] {taskinstance.py:1206} INFO - Marking task as SUCCESS. dag_id=***_predictions, task_id=predict_all_zones, run_id=scheduled__2026-03-25T22:00:00+00:00, execution_date=20260325T220000, start_date=20260325T223826, end_date=20260325T224920
[2026-03-25T22:49:20.635+0000] {local_task_job_runner.py:240} INFO - Task exited with return code 0
[2026-03-25T22:49:20.684+0000] {taskinstance.py:3498} INFO - 1 downstream tasks scheduled from follow-on schedule check
[2026-03-25T22:49:20.690+0000] {local_task_job_runner.py:222} INFO - ::endgroup::
