[2026-03-25T14:54:01.484+0000] {local_task_job_runner.py:120} INFO - ::group::Pre task execution logs
[2026-03-25T14:54:01.529+0000] {taskinstance.py:2076} INFO - Dependencies all met for dep_context=non-requeueable deps ti=<TaskInstance: climarisk_predictions.predict_all_zones scheduled__2026-03-25T14:51:00+00:00 [queued]>
[2026-03-25T14:54:01.540+0000] {taskinstance.py:2076} INFO - Dependencies all met for dep_context=requeueable deps ti=<TaskInstance: climarisk_predictions.predict_all_zones scheduled__2026-03-25T14:51:00+00:00 [queued]>
[2026-03-25T14:54:01.541+0000] {taskinstance.py:2306} INFO - Starting attempt 1 of 2
[2026-03-25T14:54:01.554+0000] {taskinstance.py:2330} INFO - Executing <Task(PythonOperator): predict_all_zones> on 2026-03-25 14:51:00+00:00
[2026-03-25T14:54:01.562+0000] {logging_mixin.py:188} WARNING - /home/airflow/.local/lib/python3.12/site-packages/airflow/task/task_runner/standard_task_runner.py:61 DeprecationWarning: This process (pid=2073) is multi-threaded, use of fork() may lead to deadlocks in the child.
[2026-03-25T14:54:01.563+0000] {standard_task_runner.py:63} INFO - Started process 2074 to run task
[2026-03-25T14:54:01.564+0000] {standard_task_runner.py:90} INFO - Running: ['airflow', 'tasks', 'run', '***_predictions', 'predict_all_zones', 'scheduled__2026-03-25T14:51:00+00:00', '--job-id', '523', '--raw', '--subdir', 'DAGS_FOLDER/***_dag.py', '--cfg-path', '/tmp/tmpvqgk7zvg']
[2026-03-25T14:54:01.566+0000] {standard_task_runner.py:91} INFO - Job 523: Subtask predict_all_zones
[2026-03-25T14:54:01.654+0000] {task_command.py:426} INFO - Running <TaskInstance: climarisk_predictions.predict_all_zones scheduled__2026-03-25T14:51:00+00:00 [running]> on host 6146f0e8983c
[2026-03-25T14:54:01.772+0000] {taskinstance.py:2648} INFO - Exporting env vars: AIRFLOW_CTX_DAG_OWNER='***' AIRFLOW_CTX_DAG_ID='***_predictions' AIRFLOW_CTX_TASK_ID='predict_all_zones' AIRFLOW_CTX_EXECUTION_DATE='2026-03-25T14:51:00+00:00' AIRFLOW_CTX_TRY_NUMBER='1' AIRFLOW_CTX_DAG_RUN_ID='scheduled__2026-03-25T14:51:00+00:00'
[2026-03-25T14:54:01.774+0000] {taskinstance.py:430} INFO - ::endgroup::
[2026-03-25T14:54:02.349+0000] {climarisk_dag.py:145} INFO - ✅ Alger: flood=LOW(0.05) fire=LOW(0.14)
[2026-03-25T14:54:02.670+0000] {climarisk_dag.py:145} INFO - ✅ Cairo: flood=LOW(0.05) fire=LOW(0.14)
[2026-03-25T14:54:03.032+0000] {climarisk_dag.py:145} INFO - ✅ Lagos: flood=LOW(0.05) fire=LOW(0.14)
[2026-03-25T14:54:03.430+0000] {climarisk_dag.py:145} INFO - ✅ Kano: flood=LOW(0.05) fire=LOW(0.14)
[2026-03-25T14:54:03.817+0000] {climarisk_dag.py:145} INFO - ✅ Abuja: flood=LOW(0.05) fire=LOW(0.14)
[2026-03-25T14:54:04.196+0000] {climarisk_dag.py:145} INFO - ✅ Johannesburg: flood=LOW(0.05) fire=LOW(0.14)
[2026-03-25T14:54:04.531+0000] {climarisk_dag.py:145} INFO - ✅ Cape Town: flood=LOW(0.05) fire=LOW(0.14)
[2026-03-25T14:54:04.857+0000] {climarisk_dag.py:145} INFO - ✅ Nairobi: flood=LOW(0.05) fire=LOW(0.14)
[2026-03-25T14:54:05.182+0000] {climarisk_dag.py:145} INFO - ✅ Addis Ababa: flood=LOW(0.05) fire=LOW(0.14)
[2026-03-25T14:54:05.541+0000] {climarisk_dag.py:145} INFO - ✅ Dar es Salaam: flood=LOW(0.05) fire=LOW(0.14)
[2026-03-25T14:54:05.907+0000] {climarisk_dag.py:145} INFO - ✅ Accra: flood=LOW(0.05) fire=LOW(0.14)
[2026-03-25T14:54:06.250+0000] {climarisk_dag.py:145} INFO - ✅ Casablanca: flood=LOW(0.05) fire=LOW(0.14)
[2026-03-25T14:54:06.606+0000] {climarisk_dag.py:145} INFO - ✅ Mohammedia: flood=LOW(0.05) fire=LOW(0.14)
[2026-03-25T14:54:06.963+0000] {climarisk_dag.py:145} INFO - ✅ El Jadida: flood=LOW(0.05) fire=LOW(0.14)
[2026-03-25T14:54:07.325+0000] {climarisk_dag.py:145} INFO - ✅ Settat: flood=LOW(0.05) fire=LOW(0.14)
[2026-03-25T14:54:07.648+0000] {climarisk_dag.py:145} INFO - ✅ Berrechid: flood=LOW(0.05) fire=LOW(0.14)
[2026-03-25T14:54:07.992+0000] {climarisk_dag.py:145} INFO - ✅ Benslimane: flood=LOW(0.05) fire=LOW(0.14)
[2026-03-25T14:54:08.361+0000] {climarisk_dag.py:145} INFO - ✅ Sidi Bennour: flood=LOW(0.05) fire=LOW(0.14)
[2026-03-25T14:54:08.703+0000] {climarisk_dag.py:145} INFO - ✅ Azemmour: flood=LOW(0.05) fire=LOW(0.14)
[2026-03-25T14:54:09.079+0000] {climarisk_dag.py:145} INFO - ✅ Mediouna: flood=LOW(0.05) fire=LOW(0.14)
[2026-03-25T14:54:09.482+0000] {climarisk_dag.py:145} INFO - ✅ Nouaceur: flood=LOW(0.05) fire=LOW(0.14)
[2026-03-25T14:54:09.861+0000] {climarisk_dag.py:145} INFO - ✅ Rabat: flood=LOW(0.05) fire=LOW(0.14)
[2026-03-25T14:54:10.240+0000] {climarisk_dag.py:145} INFO - ✅ Salé: flood=LOW(0.05) fire=LOW(0.14)
[2026-03-25T14:54:10.600+0000] {climarisk_dag.py:145} INFO - ✅ Kénitra: flood=LOW(0.05) fire=LOW(0.14)
[2026-03-25T14:54:10.987+0000] {climarisk_dag.py:145} INFO - ✅ Témara: flood=LOW(0.05) fire=LOW(0.14)
[2026-03-25T14:54:11.346+0000] {climarisk_dag.py:145} INFO - ✅ Skhirat: flood=LOW(0.05) fire=LOW(0.14)
[2026-03-25T14:54:11.732+0000] {climarisk_dag.py:145} INFO - ✅ Tiflet: flood=LOW(0.05) fire=LOW(0.14)
[2026-03-25T14:54:12.107+0000] {climarisk_dag.py:145} INFO - ✅ Khémisset: flood=LOW(0.05) fire=LOW(0.14)
[2026-03-25T14:54:12.418+0000] {climarisk_dag.py:145} INFO - ✅ Sidi Slimane: flood=LOW(0.05) fire=LOW(0.14)
[2026-03-25T14:54:12.767+0000] {climarisk_dag.py:145} INFO - ✅ Sidi Kacem: flood=LOW(0.05) fire=LOW(0.14)
[2026-03-25T14:54:13.110+0000] {climarisk_dag.py:145} INFO - ✅ Souk el Arba: flood=LOW(0.05) fire=LOW(0.14)
[2026-03-25T14:54:13.454+0000] {climarisk_dag.py:145} INFO - ✅ Ouazzane: flood=LOW(0.05) fire=LOW(0.14)
[2026-03-25T14:54:13.644+0000] {climarisk_dag.py:145} INFO - ✅ Fès: flood=LOW(0.05) fire=LOW(0.14)
[2026-03-25T14:54:13.965+0000] {climarisk_dag.py:145} INFO - ✅ Meknès: flood=LOW(0.05) fire=LOW(0.14)
[2026-03-25T14:54:14.316+0000] {climarisk_dag.py:145} INFO - ✅ Ifrane: flood=LOW(0.05) fire=LOW(0.14)
[2026-03-25T14:54:14.681+0000] {climarisk_dag.py:145} INFO - ✅ Azrou: flood=LOW(0.05) fire=LOW(0.14)
[2026-03-25T14:54:15.006+0000] {climarisk_dag.py:145} INFO - ✅ Taounate: flood=LOW(0.05) fire=LOW(0.14)
[2026-03-25T14:54:15.388+0000] {climarisk_dag.py:145} INFO - ✅ Taza: flood=LOW(0.05) fire=LOW(0.14)
[2026-03-25T14:54:15.747+0000] {climarisk_dag.py:145} INFO - ✅ Sefrou: flood=LOW(0.05) fire=LOW(0.14)
[2026-03-25T14:54:16.068+0000] {climarisk_dag.py:145} INFO - ✅ Boulemane: flood=LOW(0.05) fire=LOW(0.14)
[2026-03-25T14:54:16.434+0000] {climarisk_dag.py:145} INFO - ✅ El Hajeb: flood=LOW(0.05) fire=LOW(0.14)
[2026-03-25T14:54:16.746+0000] {climarisk_dag.py:145} INFO - ✅ Missour: flood=LOW(0.05) fire=LOW(0.14)
[2026-03-25T14:54:17.100+0000] {climarisk_dag.py:145} INFO - ✅ Guercif: flood=LOW(0.05) fire=LOW(0.14)
[2026-03-25T14:54:17.458+0000] {climarisk_dag.py:145} INFO - ✅ Marrakech: flood=LOW(0.05) fire=LOW(0.14)
[2026-03-25T14:54:17.816+0000] {climarisk_dag.py:145} INFO - ✅ Safi: flood=LOW(0.05) fire=LOW(0.14)
[2026-03-25T14:54:18.129+0000] {climarisk_dag.py:145} INFO - ✅ Essaouira: flood=LOW(0.05) fire=LOW(0.14)
[2026-03-25T14:54:18.472+0000] {climarisk_dag.py:145} INFO - ✅ El Kelaa des Sraghna: flood=LOW(0.05) fire=LOW(0.14)
[2026-03-25T14:54:18.779+0000] {climarisk_dag.py:145} INFO - ✅ Chichaoua: flood=LOW(0.05) fire=LOW(0.14)
[2026-03-25T14:54:19.096+0000] {climarisk_dag.py:145} INFO - ✅ Youssoufia: flood=LOW(0.05) fire=LOW(0.14)
[2026-03-25T14:54:19.462+0000] {climarisk_dag.py:145} INFO - ✅ Ben Guerir: flood=LOW(0.05) fire=LOW(0.14)
[2026-03-25T14:54:19.782+0000] {climarisk_dag.py:145} INFO - ✅ Tahanaout: flood=LOW(0.05) fire=LOW(0.14)
[2026-03-25T14:54:20.160+0000] {climarisk_dag.py:145} INFO - ✅ Ait Ourir: flood=LOW(0.05) fire=LOW(0.14)
[2026-03-25T14:54:20.465+0000] {climarisk_dag.py:145} INFO - ✅ Demnate: flood=LOW(0.05) fire=LOW(0.14)
[2026-03-25T14:54:20.831+0000] {climarisk_dag.py:145} INFO - ✅ Tanger: flood=LOW(0.05) fire=LOW(0.14)
[2026-03-25T14:54:21.227+0000] {climarisk_dag.py:145} INFO - ✅ Tétouan: flood=LOW(0.05) fire=LOW(0.14)
[2026-03-25T14:54:21.556+0000] {climarisk_dag.py:145} INFO - ✅ Al Hoceïma: flood=LOW(0.05) fire=LOW(0.14)
[2026-03-25T14:54:21.856+0000] {climarisk_dag.py:145} INFO - ✅ Larache: flood=LOW(0.05) fire=LOW(0.14)
[2026-03-25T14:54:22.242+0000] {climarisk_dag.py:145} INFO - ✅ Chefchaouen: flood=LOW(0.05) fire=LOW(0.14)
[2026-03-25T14:54:22.567+0000] {climarisk_dag.py:145} INFO - ✅ Asilah: flood=LOW(0.05) fire=LOW(0.14)
[2026-03-25T14:54:23.951+0000] {climarisk_dag.py:145} INFO - ✅ Fnideq: flood=LOW(0.05) fire=LOW(0.14)
[2026-03-25T14:54:24.288+0000] {climarisk_dag.py:145} INFO - ✅ Martil: flood=LOW(0.05) fire=LOW(0.14)
[2026-03-25T14:54:24.621+0000] {climarisk_dag.py:145} INFO - ✅ Mdiq: flood=LOW(0.05) fire=LOW(0.14)
[2026-03-25T14:54:24.927+0000] {climarisk_dag.py:145} INFO - ✅ Ksar el Kebir: flood=LOW(0.05) fire=LOW(0.14)
[2026-03-25T14:54:25.255+0000] {climarisk_dag.py:145} INFO - ✅ Ouazzane: flood=LOW(0.05) fire=LOW(0.14)
[2026-03-25T14:54:25.617+0000] {climarisk_dag.py:145} INFO - ✅ Targuist: flood=LOW(0.05) fire=LOW(0.14)
[2026-03-25T14:54:25.949+0000] {climarisk_dag.py:145} INFO - ✅ Imzouren: flood=LOW(0.05) fire=LOW(0.14)
[2026-03-25T14:54:26.252+0000] {climarisk_dag.py:145} INFO - ✅ Beni Mellal-Khenifra: flood=LOW(0.05) fire=LOW(0.14)
[2026-03-25T14:54:26.582+0000] {climarisk_dag.py:145} INFO - ✅ Khénifra: flood=LOW(0.05) fire=LOW(0.14)
[2026-03-25T14:54:26.945+0000] {climarisk_dag.py:145} INFO - ✅ Azilal: flood=LOW(0.05) fire=LOW(0.14)
[2026-03-25T14:54:27.250+0000] {climarisk_dag.py:145} INFO - ✅ Nanjing: flood=LOW(0.05) fire=LOW(0.14)
[2026-03-25T14:54:27.647+0000] {climarisk_dag.py:145} INFO - ✅ Khouribga: flood=LOW(0.05) fire=LOW(0.14)
[2026-03-25T14:54:28.004+0000] {climarisk_dag.py:145} INFO - ✅ Fkih Ben Salah: flood=LOW(0.05) fire=LOW(0.14)
[2026-03-25T14:54:28.323+0000] {climarisk_dag.py:145} INFO - ✅ Souk Sebt: flood=LOW(0.05) fire=LOW(0.14)
[2026-03-25T14:54:28.695+0000] {climarisk_dag.py:145} INFO - ✅ Midelt: flood=LOW(0.05) fire=LOW(0.14)
[2026-03-25T14:54:29.073+0000] {climarisk_dag.py:145} INFO - ✅ Zaouiat Cheikh: flood=LOW(0.05) fire=LOW(0.14)
[2026-03-25T14:54:29.390+0000] {climarisk_dag.py:145} INFO - ✅ Oujda: flood=LOW(0.05) fire=LOW(0.14)
[2026-03-25T14:54:29.748+0000] {climarisk_dag.py:145} INFO - ✅ Nador: flood=LOW(0.05) fire=LOW(0.14)
[2026-03-25T14:54:30.132+0000] {climarisk_dag.py:145} INFO - ✅ Berkane: flood=LOW(0.05) fire=LOW(0.14)
[2026-03-25T14:54:30.466+0000] {climarisk_dag.py:145} INFO - ✅ Taourirt: flood=LOW(0.05) fire=LOW(0.14)
[2026-03-25T14:54:30.839+0000] {climarisk_dag.py:145} INFO - ✅ Jerada: flood=LOW(0.05) fire=LOW(0.14)
[2026-03-25T14:54:31.149+0000] {climarisk_dag.py:145} INFO - ✅ Figuig: flood=LOW(0.05) fire=LOW(0.14)
[2026-03-25T14:54:31.512+0000] {climarisk_dag.py:145} INFO - ✅ Bouarfa: flood=LOW(0.05) fire=LOW(0.14)
[2026-03-25T14:54:31.861+0000] {climarisk_dag.py:145} INFO - ✅ Selouane: flood=LOW(0.05) fire=LOW(0.14)
[2026-03-25T14:54:32.198+0000] {climarisk_dag.py:145} INFO - ✅ Zaio: flood=LOW(0.05) fire=LOW(0.14)
[2026-03-25T14:54:32.583+0000] {climarisk_dag.py:145} INFO - ✅ Agadir: flood=LOW(0.05) fire=LOW(0.14)
[2026-03-25T14:54:32.957+0000] {climarisk_dag.py:145} INFO - ✅ Inezgane: flood=LOW(0.05) fire=LOW(0.14)
[2026-03-25T14:54:33.318+0000] {climarisk_dag.py:145} INFO - ✅ Tiznit: flood=LOW(0.05) fire=LOW(0.14)
[2026-03-25T14:54:33.704+0000] {climarisk_dag.py:145} INFO - ✅ Taroudannt: flood=LOW(0.05) fire=LOW(0.14)
[2026-03-25T14:54:34.081+0000] {climarisk_dag.py:145} INFO - ✅ Ouarzazate: flood=LOW(0.05) fire=LOW(0.14)
[2026-03-25T14:54:34.433+0000] {climarisk_dag.py:145} INFO - ✅ Ait Melloul: flood=LOW(0.05) fire=LOW(0.14)
[2026-03-25T14:54:34.772+0000] {climarisk_dag.py:145} INFO - ✅ Biougra: flood=LOW(0.05) fire=LOW(0.14)
[2026-03-25T14:54:35.132+0000] {climarisk_dag.py:145} INFO - ✅ Chtouka Ait Baha: flood=LOW(0.05) fire=LOW(0.14)
[2026-03-25T14:54:35.507+0000] {climarisk_dag.py:145} INFO - ✅ Tata: flood=LOW(0.05) fire=LOW(0.14)
[2026-03-25T14:54:35.815+0000] {climarisk_dag.py:145} INFO - ✅ Sidi Ifni: flood=LOW(0.05) fire=LOW(0.14)
[2026-03-25T14:54:36.206+0000] {climarisk_dag.py:145} INFO - ✅ Massa: flood=LOW(0.05) fire=LOW(0.14)
[2026-03-25T14:54:36.541+0000] {climarisk_dag.py:145} INFO - ✅ Errachidia: flood=LOW(0.05) fire=LOW(0.14)
[2026-03-25T14:54:36.908+0000] {climarisk_dag.py:145} INFO - ✅ Zagora: flood=LOW(0.05) fire=LOW(0.14)
[2026-03-25T14:54:37.220+0000] {climarisk_dag.py:145} INFO - ✅ Tinghir: flood=LOW(0.05) fire=LOW(0.14)
[2026-03-25T14:54:37.547+0000] {climarisk_dag.py:145} INFO - ✅ Ouarzazate: flood=LOW(0.05) fire=LOW(0.14)
[2026-03-25T14:54:37.857+0000] {climarisk_dag.py:145} INFO - ✅ Rissani: flood=LOW(0.05) fire=LOW(0.14)
[2026-03-25T14:54:38.225+0000] {climarisk_dag.py:145} INFO - ✅ Erfoud: flood=LOW(0.05) fire=LOW(0.14)
[2026-03-25T14:54:38.592+0000] {climarisk_dag.py:145} INFO - ✅ Merzouga: flood=LOW(0.05) fire=LOW(0.14)
[2026-03-25T14:54:38.920+0000] {climarisk_dag.py:145} INFO - ✅ Alnif: flood=LOW(0.05) fire=LOW(0.14)
[2026-03-25T14:54:39.256+0000] {climarisk_dag.py:145} INFO - ✅ Goulmima: flood=LOW(0.05) fire=LOW(0.14)
[2026-03-25T14:54:39.596+0000] {climarisk_dag.py:145} INFO - ✅ Laâyoune: flood=LOW(0.05) fire=LOW(0.14)
[2026-03-25T14:54:39.949+0000] {climarisk_dag.py:145} INFO - ✅ Boujdour: flood=LOW(0.05) fire=LOW(0.14)
[2026-03-25T14:54:40.258+0000] {climarisk_dag.py:145} INFO - ✅ Tarfaya: flood=LOW(0.05) fire=LOW(0.14)
[2026-03-25T14:54:40.580+0000] {climarisk_dag.py:145} INFO - ✅ Smara: flood=LOW(0.05) fire=LOW(0.14)
[2026-03-25T14:54:40.965+0000] {climarisk_dag.py:145} INFO - ✅ El Marsa: flood=LOW(0.05) fire=LOW(0.14)
[2026-03-25T14:54:41.346+0000] {climarisk_dag.py:145} INFO - ✅ Dakhla: flood=LOW(0.05) fire=LOW(0.14)
[2026-03-25T14:54:41.743+0000] {climarisk_dag.py:145} INFO - ✅ Aousserd: flood=LOW(0.05) fire=LOW(0.14)
[2026-03-25T14:54:42.122+0000] {climarisk_dag.py:145} INFO - ✅ Guelmim: flood=LOW(0.05) fire=LOW(0.14)
[2026-03-25T14:54:42.453+0000] {climarisk_dag.py:145} INFO - ✅ Tan-Tan: flood=LOW(0.05) fire=LOW(0.14)
[2026-03-25T14:54:42.848+0000] {climarisk_dag.py:145} INFO - ✅ Assa: flood=LOW(0.05) fire=LOW(0.14)
[2026-03-25T14:54:43.207+0000] {climarisk_dag.py:145} INFO - ✅ Zag: flood=LOW(0.05) fire=LOW(0.14)
[2026-03-25T14:54:43.580+0000] {climarisk_dag.py:145} INFO - ✅ Sidi Ifni: flood=LOW(0.05) fire=LOW(0.14)
[2026-03-25T14:54:43.793+0000] {climarisk_dag.py:145} INFO - ✅ Tiznit: flood=LOW(0.05) fire=LOW(0.14)
[2026-03-25T14:54:44.174+0000] {climarisk_dag.py:145} INFO - ✅ Tunis: flood=LOW(0.05) fire=LOW(0.14)
[2026-03-25T14:54:44.501+0000] {climarisk_dag.py:145} INFO - ✅ Kampala: flood=LOW(0.05) fire=LOW(0.14)
[2026-03-25T14:54:44.857+0000] {climarisk_dag.py:145} INFO - ✅ Dakar: flood=LOW(0.05) fire=LOW(0.14)
[2026-03-25T14:54:45.167+0000] {climarisk_dag.py:145} INFO - ✅ Kinshasa: flood=LOW(0.05) fire=LOW(0.14)
[2026-03-25T14:54:45.509+0000] {climarisk_dag.py:145} INFO - ✅ Luanda: flood=LOW(0.05) fire=LOW(0.14)
[2026-03-25T14:54:45.861+0000] {climarisk_dag.py:145} INFO - ✅ Khartoum: flood=LOW(0.05) fire=LOW(0.14)
[2026-03-25T14:54:46.225+0000] {climarisk_dag.py:145} INFO - ✅ Harare: flood=LOW(0.05) fire=LOW(0.14)
[2026-03-25T14:54:46.540+0000] {climarisk_dag.py:145} INFO - ✅ Lusaka: flood=LOW(0.05) fire=LOW(0.14)
[2026-03-25T14:54:46.865+0000] {climarisk_dag.py:145} INFO - ✅ Maputo: flood=LOW(0.05) fire=LOW(0.14)
[2026-03-25T14:54:47.233+0000] {climarisk_dag.py:145} INFO - ✅ Antananarivo: flood=LOW(0.05) fire=LOW(0.14)
[2026-03-25T14:54:47.616+0000] {climarisk_dag.py:145} INFO - ✅ Abidjan: flood=LOW(0.05) fire=LOW(0.14)
[2026-03-25T14:54:47.985+0000] {climarisk_dag.py:145} INFO - ✅ Douala: flood=LOW(0.05) fire=LOW(0.14)
[2026-03-25T14:54:48.405+0000] {climarisk_dag.py:145} INFO - ✅ Niamey: flood=LOW(0.05) fire=LOW(0.14)
[2026-03-25T14:54:48.766+0000] {climarisk_dag.py:145} INFO - ✅ Ouagadougou: flood=LOW(0.05) fire=LOW(0.14)
[2026-03-25T14:54:49.087+0000] {climarisk_dag.py:145} INFO - ✅ Bamako: flood=LOW(0.05) fire=LOW(0.14)
[2026-03-25T14:54:49.398+0000] {climarisk_dag.py:145} INFO - ✅ Windhoek: flood=LOW(0.05) fire=LOW(0.14)
[2026-03-25T14:54:49.723+0000] {climarisk_dag.py:145} INFO - ✅ Port Harcourt: flood=LOW(0.05) fire=LOW(0.14)
[2026-03-25T14:54:50.042+0000] {climarisk_dag.py:145} INFO - ✅ Warri: flood=LOW(0.05) fire=LOW(0.14)
[2026-03-25T14:54:50.383+0000] {climarisk_dag.py:145} INFO - ✅ Calabar: flood=LOW(0.05) fire=LOW(0.14)
[2026-03-25T14:54:50.754+0000] {climarisk_dag.py:145} INFO - ✅ Beijing: flood=LOW(0.05) fire=LOW(0.14)
[2026-03-25T14:54:51.082+0000] {climarisk_dag.py:145} INFO - ✅ Shanghai: flood=LOW(0.05) fire=LOW(0.14)
[2026-03-25T14:54:51.407+0000] {climarisk_dag.py:145} INFO - ✅ Guangzhou: flood=LOW(0.05) fire=LOW(0.14)
[2026-03-25T14:54:51.757+0000] {climarisk_dag.py:145} INFO - ✅ Chengdu: flood=LOW(0.05) fire=LOW(0.14)
[2026-03-25T14:54:52.099+0000] {climarisk_dag.py:145} INFO - ✅ Wuhan: flood=LOW(0.05) fire=LOW(0.14)
[2026-03-25T14:54:52.418+0000] {climarisk_dag.py:145} INFO - ✅ Chongqing: flood=LOW(0.05) fire=LOW(0.14)
[2026-03-25T14:54:52.753+0000] {climarisk_dag.py:145} INFO - ✅ Zhengzhou: flood=LOW(0.05) fire=LOW(0.14)
[2026-03-25T14:54:53.073+0000] {climarisk_dag.py:145} INFO - ✅ Changsha: flood=LOW(0.05) fire=LOW(0.14)
[2026-03-25T14:54:53.431+0000] {climarisk_dag.py:145} INFO - ✅ Nanchang: flood=LOW(0.05) fire=LOW(0.14)
[2026-03-25T14:54:53.760+0000] {climarisk_dag.py:145} INFO - ✅ Yichang: flood=LOW(0.05) fire=LOW(0.14)
[2026-03-25T14:54:54.945+0000] {climarisk_dag.py:145} INFO - ✅ Haikou: flood=LOW(0.05) fire=LOW(0.14)
[2026-03-25T14:54:55.268+0000] {climarisk_dag.py:145} INFO - ✅ Hong Kong: flood=LOW(0.05) fire=LOW(0.14)
[2026-03-25T14:54:55.657+0000] {climarisk_dag.py:145} INFO - ✅ Taipei: flood=LOW(0.05) fire=LOW(0.14)
[2026-03-25T14:54:56.001+0000] {climarisk_dag.py:145} INFO - ✅ Kaohsiung: flood=LOW(0.05) fire=LOW(0.14)
[2026-03-25T14:54:56.332+0000] {climarisk_dag.py:145} INFO - ✅ Mumbai: flood=LOW(0.05) fire=LOW(0.14)
[2026-03-25T14:54:56.652+0000] {climarisk_dag.py:145} INFO - ✅ Delhi: flood=LOW(0.05) fire=LOW(0.14)
[2026-03-25T14:54:57.012+0000] {climarisk_dag.py:145} INFO - ✅ Bangalore: flood=LOW(0.05) fire=LOW(0.14)
[2026-03-25T14:54:57.420+0000] {climarisk_dag.py:145} INFO - ✅ Chennai: flood=LOW(0.05) fire=LOW(0.14)
[2026-03-25T14:54:57.771+0000] {climarisk_dag.py:145} INFO - ✅ Kolkata: flood=LOW(0.05) fire=LOW(0.14)
[2026-03-25T14:54:58.151+0000] {climarisk_dag.py:145} INFO - ✅ Patna: flood=LOW(0.05) fire=LOW(0.14)
[2026-03-25T14:54:58.516+0000] {climarisk_dag.py:145} INFO - ✅ Guwahati: flood=LOW(0.05) fire=LOW(0.14)
[2026-03-25T14:54:58.888+0000] {climarisk_dag.py:145} INFO - ✅ Varanasi: flood=LOW(0.05) fire=LOW(0.14)
[2026-03-25T14:54:59.310+0000] {climarisk_dag.py:145} INFO - ✅ Muzaffarpur: flood=LOW(0.05) fire=LOW(0.14)
[2026-03-25T14:54:59.682+0000] {climarisk_dag.py:145} INFO - ✅ Visakhapatnam: flood=LOW(0.05) fire=LOW(0.14)
[2026-03-25T14:55:00.008+0000] {climarisk_dag.py:145} INFO - ✅ Vijayawada: flood=LOW(0.05) fire=LOW(0.14)
[2026-03-25T14:55:00.334+0000] {climarisk_dag.py:145} INFO - ✅ Tokyo: flood=LOW(0.05) fire=LOW(0.14)
[2026-03-25T14:55:00.685+0000] {climarisk_dag.py:145} INFO - ✅ Osaka: flood=LOW(0.05) fire=LOW(0.14)
[2026-03-25T14:55:01.069+0000] {climarisk_dag.py:145} INFO - ✅ Sapporo: flood=LOW(0.05) fire=LOW(0.14)
[2026-03-25T14:55:01.395+0000] {climarisk_dag.py:145} INFO - ✅ Naha: flood=LOW(0.05) fire=LOW(0.14)
[2026-03-25T14:55:01.710+0000] {climarisk_dag.py:145} INFO - ✅ Seoul: flood=LOW(0.05) fire=LOW(0.14)
[2026-03-25T14:55:02.074+0000] {climarisk_dag.py:145} INFO - ✅ Busan: flood=LOW(0.05) fire=LOW(0.14)
[2026-03-25T14:55:02.391+0000] {climarisk_dag.py:145} INFO - ✅ Bangkok: flood=LOW(0.05) fire=LOW(0.14)
[2026-03-25T14:55:02.745+0000] {climarisk_dag.py:145} INFO - ✅ Chiang Mai: flood=LOW(0.05) fire=LOW(0.14)
[2026-03-25T14:55:03.101+0000] {climarisk_dag.py:145} INFO - ✅ Jakarta: flood=LOW(0.05) fire=LOW(0.14)
[2026-03-25T14:55:03.435+0000] {climarisk_dag.py:145} INFO - ✅ Surabaya: flood=LOW(0.05) fire=LOW(0.14)
[2026-03-25T14:55:03.822+0000] {climarisk_dag.py:145} INFO - ✅ Medan: flood=LOW(0.05) fire=LOW(0.14)
[2026-03-25T14:55:04.192+0000] {climarisk_dag.py:145} INFO - ✅ Manila: flood=LOW(0.05) fire=LOW(0.14)
[2026-03-25T14:55:04.509+0000] {climarisk_dag.py:145} INFO - ✅ Cebu: flood=LOW(0.05) fire=LOW(0.14)
[2026-03-25T14:55:04.825+0000] {climarisk_dag.py:145} INFO - ✅ Tacloban: flood=LOW(0.05) fire=LOW(0.14)
[2026-03-25T14:55:05.173+0000] {climarisk_dag.py:145} INFO - ✅ Legazpi: flood=LOW(0.05) fire=LOW(0.14)
[2026-03-25T14:55:05.480+0000] {climarisk_dag.py:145} INFO - ✅ Zamboanga: flood=LOW(0.05) fire=LOW(0.14)
[2026-03-25T14:55:05.861+0000] {climarisk_dag.py:145} INFO - ✅ Kuala Lumpur: flood=LOW(0.05) fire=LOW(0.14)
[2026-03-25T14:55:06.216+0000] {climarisk_dag.py:145} INFO - ✅ Singapore: flood=LOW(0.05) fire=LOW(0.14)
[2026-03-25T14:55:06.533+0000] {climarisk_dag.py:145} INFO - ✅ Ho Chi Minh City: flood=LOW(0.05) fire=LOW(0.14)
[2026-03-25T14:55:06.906+0000] {climarisk_dag.py:145} INFO - ✅ Hanoi: flood=LOW(0.05) fire=LOW(0.14)
[2026-03-25T14:55:07.213+0000] {climarisk_dag.py:145} INFO - ✅ Da Nang: flood=LOW(0.05) fire=LOW(0.14)
[2026-03-25T14:55:07.583+0000] {climarisk_dag.py:145} INFO - ✅ Can Tho: flood=LOW(0.05) fire=LOW(0.14)
[2026-03-25T14:55:07.938+0000] {climarisk_dag.py:145} INFO - ✅ My Tho: flood=LOW(0.05) fire=LOW(0.14)
[2026-03-25T14:55:08.272+0000] {climarisk_dag.py:145} INFO - ✅ Dhaka: flood=LOW(0.05) fire=LOW(0.14)
[2026-03-25T14:55:08.648+0000] {climarisk_dag.py:145} INFO - ✅ Chittagong: flood=LOW(0.05) fire=LOW(0.14)
[2026-03-25T14:55:09.052+0000] {climarisk_dag.py:145} INFO - ✅ Sylhet: flood=LOW(0.05) fire=LOW(0.14)
[2026-03-25T14:55:09.394+0000] {climarisk_dag.py:145} INFO - ✅ Khulna: flood=LOW(0.05) fire=LOW(0.14)
[2026-03-25T14:55:09.711+0000] {climarisk_dag.py:145} INFO - ✅ Cox's Bazar: flood=LOW(0.05) fire=LOW(0.14)
[2026-03-25T14:55:10.062+0000] {climarisk_dag.py:145} INFO - ✅ Karachi: flood=LOW(0.05) fire=LOW(0.14)
[2026-03-25T14:55:10.424+0000] {climarisk_dag.py:145} INFO - ✅ Lahore: flood=LOW(0.05) fire=LOW(0.14)
[2026-03-25T14:55:10.818+0000] {climarisk_dag.py:145} INFO - ✅ Colombo: flood=LOW(0.05) fire=LOW(0.14)
[2026-03-25T14:55:11.145+0000] {climarisk_dag.py:145} INFO - ✅ Kathmandu: flood=LOW(0.05) fire=LOW(0.14)
[2026-03-25T14:55:11.510+0000] {climarisk_dag.py:145} INFO - ✅ Yangon: flood=LOW(0.05) fire=LOW(0.14)
[2026-03-25T14:55:11.833+0000] {climarisk_dag.py:145} INFO - ✅ Sittwe: flood=LOW(0.05) fire=LOW(0.14)
[2026-03-25T14:55:12.165+0000] {climarisk_dag.py:145} INFO - ✅ Phnom Penh: flood=LOW(0.05) fire=LOW(0.14)
[2026-03-25T14:55:12.483+0000] {climarisk_dag.py:145} INFO - ✅ Riyadh: flood=LOW(0.05) fire=LOW(0.14)
[2026-03-25T14:55:12.837+0000] {climarisk_dag.py:145} INFO - ✅ Dubai: flood=LOW(0.05) fire=LOW(0.14)
[2026-03-25T14:55:13.180+0000] {climarisk_dag.py:145} INFO - ✅ Tehran: flood=LOW(0.05) fire=LOW(0.14)
[2026-03-25T14:55:13.356+0000] {climarisk_dag.py:145} INFO - ✅ Istanbul: flood=LOW(0.05) fire=LOW(0.14)
[2026-03-25T14:55:13.670+0000] {climarisk_dag.py:145} INFO - ✅ Ankara: flood=LOW(0.05) fire=LOW(0.14)
[2026-03-25T14:55:14.032+0000] {climarisk_dag.py:145} INFO - ✅ Baghdad: flood=LOW(0.05) fire=LOW(0.14)
[2026-03-25T14:55:14.400+0000] {climarisk_dag.py:145} INFO - ✅ Baku: flood=LOW(0.05) fire=LOW(0.14)
[2026-03-25T14:55:14.764+0000] {climarisk_dag.py:145} INFO - ✅ Tashkent: flood=LOW(0.05) fire=LOW(0.14)
[2026-03-25T14:55:15.117+0000] {climarisk_dag.py:145} INFO - ✅ Almaty: flood=LOW(0.05) fire=LOW(0.14)
[2026-03-25T14:55:15.459+0000] {climarisk_dag.py:145} INFO - ✅ Guam: flood=LOW(0.05) fire=LOW(0.14)
[2026-03-25T14:55:15.804+0000] {climarisk_dag.py:145} INFO - ✅ Paris: flood=LOW(0.05) fire=LOW(0.14)
[2026-03-25T14:55:16.151+0000] {climarisk_dag.py:145} INFO - ✅ Lyon: flood=LOW(0.05) fire=LOW(0.14)
[2026-03-25T14:55:16.516+0000] {climarisk_dag.py:145} INFO - ✅ Marseille: flood=LOW(0.05) fire=LOW(0.14)
[2026-03-25T14:55:16.886+0000] {climarisk_dag.py:145} INFO - ✅ Toulouse: flood=LOW(0.05) fire=LOW(0.14)
[2026-03-25T14:55:17.187+0000] {climarisk_dag.py:145} INFO - ✅ Bordeaux: flood=LOW(0.05) fire=LOW(0.14)
[2026-03-25T14:55:17.548+0000] {climarisk_dag.py:145} INFO - ✅ Nantes: flood=LOW(0.05) fire=LOW(0.14)
[2026-03-25T14:55:17.904+0000] {climarisk_dag.py:145} INFO - ✅ Strasbourg: flood=LOW(0.05) fire=LOW(0.14)
[2026-03-25T14:55:18.262+0000] {climarisk_dag.py:145} INFO - ✅ Lille: flood=LOW(0.05) fire=LOW(0.14)
[2026-03-25T14:55:18.636+0000] {climarisk_dag.py:145} INFO - ✅ Montpellier: flood=LOW(0.05) fire=LOW(0.14)
[2026-03-25T14:55:19.004+0000] {climarisk_dag.py:145} INFO - ✅ Nice: flood=LOW(0.05) fire=LOW(0.14)
[2026-03-25T14:55:19.371+0000] {climarisk_dag.py:145} INFO - ✅ London: flood=LOW(0.05) fire=LOW(0.14)
[2026-03-25T14:55:19.735+0000] {climarisk_dag.py:145} INFO - ✅ Birmingham: flood=LOW(0.05) fire=LOW(0.14)
[2026-03-25T14:55:20.097+0000] {climarisk_dag.py:145} INFO - ✅ Manchester: flood=LOW(0.05) fire=LOW(0.14)
[2026-03-25T14:55:20.468+0000] {climarisk_dag.py:145} INFO - ✅ Berlin: flood=LOW(0.05) fire=LOW(0.14)
[2026-03-25T14:55:20.823+0000] {climarisk_dag.py:145} INFO - ✅ Hamburg: flood=LOW(0.05) fire=LOW(0.14)
[2026-03-25T14:55:21.198+0000] {climarisk_dag.py:145} INFO - ✅ Munich: flood=LOW(0.05) fire=LOW(0.14)
[2026-03-25T14:55:21.507+0000] {climarisk_dag.py:145} INFO - ✅ Frankfurt: flood=LOW(0.05) fire=LOW(0.14)
[2026-03-25T14:55:21.853+0000] {climarisk_dag.py:145} INFO - ✅ Madrid: flood=LOW(0.05) fire=LOW(0.14)
[2026-03-25T14:55:22.212+0000] {climarisk_dag.py:145} INFO - ✅ Barcelona: flood=LOW(0.05) fire=LOW(0.14)
[2026-03-25T14:55:22.611+0000] {climarisk_dag.py:145} INFO - ✅ Valencia: flood=LOW(0.05) fire=LOW(0.14)
[2026-03-25T14:55:22.976+0000] {climarisk_dag.py:145} INFO - ✅ Malaga: flood=LOW(0.05) fire=LOW(0.14)
[2026-03-25T14:55:23.342+0000] {climarisk_dag.py:145} INFO - ✅ Rome: flood=LOW(0.05) fire=LOW(0.14)
[2026-03-25T14:55:23.662+0000] {climarisk_dag.py:145} INFO - ✅ Milan: flood=LOW(0.05) fire=LOW(0.14)
[2026-03-25T14:55:24.027+0000] {climarisk_dag.py:145} INFO - ✅ Palermo: flood=LOW(0.05) fire=LOW(0.14)
[2026-03-25T14:55:24.336+0000] {climarisk_dag.py:145} INFO - ✅ Amsterdam: flood=LOW(0.05) fire=LOW(0.14)
[2026-03-25T14:55:25.650+0000] {climarisk_dag.py:145} INFO - ✅ Brussels: flood=LOW(0.05) fire=LOW(0.14)
[2026-03-25T14:55:26.025+0000] {climarisk_dag.py:145} INFO - ✅ Vienna: flood=LOW(0.05) fire=LOW(0.14)
[2026-03-25T14:55:26.354+0000] {climarisk_dag.py:145} INFO - ✅ Zurich: flood=LOW(0.05) fire=LOW(0.14)
[2026-03-25T14:55:26.667+0000] {climarisk_dag.py:145} INFO - ✅ Stockholm: flood=LOW(0.05) fire=LOW(0.14)
[2026-03-25T14:55:27.021+0000] {climarisk_dag.py:145} INFO - ✅ Oslo: flood=LOW(0.05) fire=LOW(0.14)
[2026-03-25T14:55:27.345+0000] {climarisk_dag.py:145} INFO - ✅ Copenhagen: flood=LOW(0.05) fire=LOW(0.14)
[2026-03-25T14:55:27.671+0000] {climarisk_dag.py:145} INFO - ✅ Helsinki: flood=LOW(0.05) fire=LOW(0.14)
[2026-03-25T14:55:28.038+0000] {climarisk_dag.py:145} INFO - ✅ Warsaw: flood=LOW(0.05) fire=LOW(0.14)
[2026-03-25T14:55:28.407+0000] {climarisk_dag.py:145} INFO - ✅ Prague: flood=LOW(0.05) fire=LOW(0.14)
[2026-03-25T14:55:28.778+0000] {climarisk_dag.py:145} INFO - ✅ Budapest: flood=LOW(0.05) fire=LOW(0.14)
[2026-03-25T14:55:29.140+0000] {climarisk_dag.py:145} INFO - ✅ Bucharest: flood=LOW(0.05) fire=LOW(0.14)
[2026-03-25T14:55:29.466+0000] {climarisk_dag.py:145} INFO - ✅ Athens: flood=LOW(0.05) fire=LOW(0.14)
[2026-03-25T14:55:29.813+0000] {climarisk_dag.py:145} INFO - ✅ Thessaloniki: flood=LOW(0.05) fire=LOW(0.14)
[2026-03-25T14:55:30.194+0000] {climarisk_dag.py:145} INFO - ✅ Lisbon: flood=LOW(0.05) fire=LOW(0.14)
[2026-03-25T14:55:30.557+0000] {climarisk_dag.py:145} INFO - ✅ Moscow: flood=LOW(0.05) fire=LOW(0.14)
[2026-03-25T14:55:30.872+0000] {climarisk_dag.py:145} INFO - ✅ Saint Petersburg: flood=LOW(0.05) fire=LOW(0.14)
[2026-03-25T14:55:31.187+0000] {climarisk_dag.py:145} INFO - ✅ Krasnoyarsk: flood=LOW(0.05) fire=LOW(0.14)
[2026-03-25T14:55:31.543+0000] {climarisk_dag.py:145} INFO - ✅ Irkutsk: flood=LOW(0.05) fire=LOW(0.14)
[2026-03-25T14:55:31.900+0000] {climarisk_dag.py:145} INFO - ✅ Yakutsk: flood=LOW(0.05) fire=LOW(0.14)
[2026-03-25T14:55:32.267+0000] {climarisk_dag.py:145} INFO - ✅ Khabarovsk: flood=LOW(0.05) fire=LOW(0.14)
[2026-03-25T14:55:32.630+0000] {climarisk_dag.py:145} INFO - ✅ Kyiv: flood=LOW(0.05) fire=LOW(0.14)
[2026-03-25T14:55:33.004+0000] {climarisk_dag.py:145} INFO - ✅ New York: flood=LOW(0.05) fire=LOW(0.14)
[2026-03-25T14:55:33.349+0000] {climarisk_dag.py:145} INFO - ✅ Los Angeles: flood=LOW(0.05) fire=LOW(0.14)
[2026-03-25T14:55:33.660+0000] {climarisk_dag.py:145} INFO - ✅ Chicago: flood=LOW(0.05) fire=LOW(0.14)
[2026-03-25T14:55:34.004+0000] {climarisk_dag.py:145} INFO - ✅ Houston: flood=LOW(0.05) fire=LOW(0.14)
[2026-03-25T14:55:34.327+0000] {climarisk_dag.py:145} INFO - ✅ Miami: flood=LOW(0.05) fire=LOW(0.14)
[2026-03-25T14:55:34.669+0000] {climarisk_dag.py:145} INFO - ✅ New Orleans: flood=LOW(0.05) fire=LOW(0.14)
[2026-03-25T14:55:35.050+0000] {climarisk_dag.py:145} INFO - ✅ Seattle: flood=LOW(0.05) fire=LOW(0.14)
[2026-03-25T14:55:35.413+0000] {climarisk_dag.py:145} INFO - ✅ Sacramento: flood=LOW(0.05) fire=LOW(0.14)
[2026-03-25T14:55:35.762+0000] {climarisk_dag.py:145} INFO - ✅ Fresno: flood=LOW(0.05) fire=LOW(0.14)
[2026-03-25T14:55:36.141+0000] {climarisk_dag.py:145} INFO - ✅ Redding: flood=LOW(0.05) fire=LOW(0.14)
[2026-03-25T14:55:36.456+0000] {climarisk_dag.py:145} INFO - ✅ Memphis: flood=LOW(0.05) fire=LOW(0.14)
[2026-03-25T14:55:36.769+0000] {climarisk_dag.py:145} INFO - ✅ Toronto: flood=LOW(0.05) fire=LOW(0.14)
[2026-03-25T14:55:37.122+0000] {climarisk_dag.py:145} INFO - ✅ Montreal: flood=LOW(0.05) fire=LOW(0.14)
[2026-03-25T14:55:37.465+0000] {climarisk_dag.py:145} INFO - ✅ Vancouver: flood=LOW(0.05) fire=LOW(0.14)
[2026-03-25T14:55:37.840+0000] {climarisk_dag.py:145} INFO - ✅ Mexico City: flood=LOW(0.05) fire=LOW(0.14)
[2026-03-25T14:55:38.158+0000] {climarisk_dag.py:145} INFO - ✅ Veracruz: flood=LOW(0.05) fire=LOW(0.14)
[2026-03-25T14:55:38.543+0000] {climarisk_dag.py:145} INFO - ✅ Cancún: flood=LOW(0.05) fire=LOW(0.14)
[2026-03-25T14:55:38.867+0000] {climarisk_dag.py:145} INFO - ✅ São Paulo: flood=LOW(0.05) fire=LOW(0.14)
[2026-03-25T14:55:39.198+0000] {climarisk_dag.py:145} INFO - ✅ Rio de Janeiro: flood=LOW(0.05) fire=LOW(0.14)
[2026-03-25T14:55:39.559+0000] {climarisk_dag.py:145} INFO - ✅ Belém: flood=LOW(0.05) fire=LOW(0.14)
[2026-03-25T14:55:39.926+0000] {climarisk_dag.py:145} INFO - ✅ Marabá: flood=LOW(0.05) fire=LOW(0.14)
[2026-03-25T14:55:40.314+0000] {climarisk_dag.py:145} INFO - ✅ Sinop: flood=LOW(0.05) fire=LOW(0.14)
[2026-03-25T14:55:40.698+0000] {climarisk_dag.py:145} INFO - ✅ Porto Velho: flood=LOW(0.05) fire=LOW(0.14)
[2026-03-25T14:55:41.034+0000] {climarisk_dag.py:145} INFO - ✅ Buenos Aires: flood=LOW(0.05) fire=LOW(0.14)
[2026-03-25T14:55:41.423+0000] {climarisk_dag.py:145} INFO - ✅ Lima: flood=LOW(0.05) fire=LOW(0.14)
[2026-03-25T14:55:41.801+0000] {climarisk_dag.py:145} INFO - ✅ Bogotá: flood=LOW(0.05) fire=LOW(0.14)
[2026-03-25T14:55:42.175+0000] {climarisk_dag.py:145} INFO - ✅ Santiago: flood=LOW(0.05) fire=LOW(0.14)
[2026-03-25T14:55:42.564+0000] {climarisk_dag.py:145} INFO - ✅ Port-au-Prince: flood=LOW(0.05) fire=LOW(0.14)
[2026-03-25T14:55:42.906+0000] {climarisk_dag.py:145} INFO - ✅ San Juan: flood=LOW(0.05) fire=LOW(0.14)
[2026-03-25T14:55:43.240+0000] {climarisk_dag.py:145} INFO - ✅ Kingston: flood=LOW(0.05) fire=LOW(0.14)
[2026-03-25T14:55:43.470+0000] {climarisk_dag.py:145} INFO - ✅ Port of Spain: flood=LOW(0.05) fire=LOW(0.14)
[2026-03-25T14:55:43.853+0000] {climarisk_dag.py:145} INFO - ✅ Sydney: flood=LOW(0.05) fire=LOW(0.14)
[2026-03-25T14:55:44.243+0000] {climarisk_dag.py:145} INFO - ✅ Melbourne: flood=LOW(0.05) fire=LOW(0.14)
[2026-03-25T14:55:44.550+0000] {climarisk_dag.py:145} INFO - ✅ Brisbane: flood=LOW(0.05) fire=LOW(0.14)
[2026-03-25T14:55:44.848+0000] {climarisk_dag.py:145} INFO - ✅ Darwin: flood=LOW(0.05) fire=LOW(0.14)
[2026-03-25T14:55:45.165+0000] {climarisk_dag.py:145} INFO - ✅ Alice Springs: flood=LOW(0.05) fire=LOW(0.14)
[2026-03-25T14:55:45.510+0000] {climarisk_dag.py:145} INFO - ✅ Cairns: flood=LOW(0.05) fire=LOW(0.14)
[2026-03-25T14:55:45.869+0000] {climarisk_dag.py:145} INFO - ✅ Auckland: flood=LOW(0.05) fire=LOW(0.14)
[2026-03-25T14:55:46.230+0000] {climarisk_dag.py:145} INFO - ✅ Port Moresby: flood=LOW(0.05) fire=LOW(0.14)
[2026-03-25T14:55:46.230+0000] {climarisk_dag.py:157} INFO - ✅ Done: 291 OK, 0 errors, 104.2s
[2026-03-25T14:55:46.245+0000] {python.py:237} INFO - Done. Returned value was: None
[2026-03-25T14:55:46.246+0000] {taskinstance.py:441} INFO - ::group::Post task execution logs
[2026-03-25T14:55:46.256+0000] {taskinstance.py:1206} INFO - Marking task as SUCCESS. dag_id=***_predictions, task_id=predict_all_zones, run_id=scheduled__2026-03-25T14:51:00+00:00, execution_date=20260325T145100, start_date=20260325T145401, end_date=20260325T145546
[2026-03-25T14:55:46.286+0000] {local_task_job_runner.py:240} INFO - Task exited with return code 0
[2026-03-25T14:55:46.308+0000] {taskinstance.py:3498} INFO - 1 downstream tasks scheduled from follow-on schedule check
[2026-03-25T14:55:46.310+0000] {local_task_job_runner.py:222} INFO - ::endgroup::
