[2026-03-25T14:35:21.285+0000] {local_task_job_runner.py:120} INFO - ::group::Pre task execution logs
[2026-03-25T14:35:21.316+0000] {taskinstance.py:2076} INFO - Dependencies all met for dep_context=non-requeueable deps ti=<TaskInstance: climarisk_predictions.predict_all_zones scheduled__2026-03-25T14:27:00+00:00 [queued]>
[2026-03-25T14:35:21.326+0000] {taskinstance.py:2076} INFO - Dependencies all met for dep_context=requeueable deps ti=<TaskInstance: climarisk_predictions.predict_all_zones scheduled__2026-03-25T14:27:00+00:00 [queued]>
[2026-03-25T14:35:21.327+0000] {taskinstance.py:2306} INFO - Starting attempt 2 of 2
[2026-03-25T14:35:21.340+0000] {taskinstance.py:2330} INFO - Executing <Task(PythonOperator): predict_all_zones> on 2026-03-25 14:27:00+00:00
[2026-03-25T14:35:21.347+0000] {logging_mixin.py:188} WARNING - /home/airflow/.local/lib/python3.12/site-packages/airflow/task/task_runner/standard_task_runner.py:61 DeprecationWarning: This process (pid=1397) is multi-threaded, use of fork() may lead to deadlocks in the child.
[2026-03-25T14:35:21.348+0000] {standard_task_runner.py:63} INFO - Started process 1404 to run task
[2026-03-25T14:35:21.348+0000] {standard_task_runner.py:90} INFO - Running: ['airflow', 'tasks', 'run', '***_predictions', 'predict_all_zones', 'scheduled__2026-03-25T14:27:00+00:00', '--job-id', '502', '--raw', '--subdir', 'DAGS_FOLDER/***_dag.py', '--cfg-path', '/tmp/tmp22whxdcq']
[2026-03-25T14:35:21.350+0000] {standard_task_runner.py:91} INFO - Job 502: Subtask predict_all_zones
[2026-03-25T14:35:21.426+0000] {task_command.py:426} INFO - Running <TaskInstance: climarisk_predictions.predict_all_zones scheduled__2026-03-25T14:27:00+00:00 [running]> on host 6146f0e8983c
[2026-03-25T14:35:21.540+0000] {taskinstance.py:2648} INFO - Exporting env vars: AIRFLOW_CTX_DAG_OWNER='***' AIRFLOW_CTX_DAG_ID='***_predictions' AIRFLOW_CTX_TASK_ID='predict_all_zones' AIRFLOW_CTX_EXECUTION_DATE='2026-03-25T14:27:00+00:00' AIRFLOW_CTX_TRY_NUMBER='2' AIRFLOW_CTX_DAG_RUN_ID='scheduled__2026-03-25T14:27:00+00:00'
[2026-03-25T14:35:21.541+0000] {taskinstance.py:430} INFO - ::endgroup::
[2026-03-25T14:35:22.174+0000] {climarisk_dag.py:153} ERROR - ❌ Alger: 500 Server Error: Internal Server Error for url: http://backend:8000/api/predictions/flood
[2026-03-25T14:35:22.542+0000] {climarisk_dag.py:153} ERROR - ❌ Cairo: 500 Server Error: Internal Server Error for url: http://backend:8000/api/predictions/flood
[2026-03-25T14:35:22.842+0000] {climarisk_dag.py:153} ERROR - ❌ Lagos: 500 Server Error: Internal Server Error for url: http://backend:8000/api/predictions/flood
[2026-03-25T14:35:23.239+0000] {climarisk_dag.py:153} ERROR - ❌ Kano: 500 Server Error: Internal Server Error for url: http://backend:8000/api/predictions/flood
[2026-03-25T14:35:23.632+0000] {climarisk_dag.py:153} ERROR - ❌ Abuja: 500 Server Error: Internal Server Error for url: http://backend:8000/api/predictions/flood
[2026-03-25T14:35:23.974+0000] {climarisk_dag.py:153} ERROR - ❌ Johannesburg: 500 Server Error: Internal Server Error for url: http://backend:8000/api/predictions/flood
[2026-03-25T14:35:24.291+0000] {climarisk_dag.py:153} ERROR - ❌ Cape Town: 500 Server Error: Internal Server Error for url: http://backend:8000/api/predictions/flood
[2026-03-25T14:35:24.744+0000] {climarisk_dag.py:153} ERROR - ❌ Nairobi: 500 Server Error: Internal Server Error for url: http://backend:8000/api/predictions/flood
[2026-03-25T14:35:25.066+0000] {climarisk_dag.py:153} ERROR - ❌ Addis Ababa: 500 Server Error: Internal Server Error for url: http://backend:8000/api/predictions/flood
[2026-03-25T14:35:25.402+0000] {climarisk_dag.py:153} ERROR - ❌ Dar es Salaam: 500 Server Error: Internal Server Error for url: http://backend:8000/api/predictions/flood
[2026-03-25T14:35:25.798+0000] {climarisk_dag.py:153} ERROR - ❌ Accra: 500 Server Error: Internal Server Error for url: http://backend:8000/api/predictions/flood
[2026-03-25T14:35:26.213+0000] {climarisk_dag.py:153} ERROR - ❌ Casablanca: 500 Server Error: Internal Server Error for url: http://backend:8000/api/predictions/flood
[2026-03-25T14:35:26.762+0000] {climarisk_dag.py:153} ERROR - ❌ Mohammedia: 500 Server Error: Internal Server Error for url: http://backend:8000/api/predictions/flood
[2026-03-25T14:35:27.154+0000] {climarisk_dag.py:153} ERROR - ❌ El Jadida: 500 Server Error: Internal Server Error for url: http://backend:8000/api/predictions/flood
[2026-03-25T14:35:27.525+0000] {climarisk_dag.py:153} ERROR - ❌ Settat: 500 Server Error: Internal Server Error for url: http://backend:8000/api/predictions/flood
[2026-03-25T14:35:28.028+0000] {climarisk_dag.py:153} ERROR - ❌ Berrechid: 500 Server Error: Internal Server Error for url: http://backend:8000/api/predictions/flood
[2026-03-25T14:35:28.535+0000] {climarisk_dag.py:153} ERROR - ❌ Benslimane: 500 Server Error: Internal Server Error for url: http://backend:8000/api/predictions/flood
[2026-03-25T14:35:28.874+0000] {climarisk_dag.py:153} ERROR - ❌ Sidi Bennour: 500 Server Error: Internal Server Error for url: http://backend:8000/api/predictions/flood
[2026-03-25T14:35:29.207+0000] {climarisk_dag.py:153} ERROR - ❌ Azemmour: 500 Server Error: Internal Server Error for url: http://backend:8000/api/predictions/flood
[2026-03-25T14:35:29.574+0000] {climarisk_dag.py:153} ERROR - ❌ Mediouna: 500 Server Error: Internal Server Error for url: http://backend:8000/api/predictions/flood
[2026-03-25T14:35:29.892+0000] {climarisk_dag.py:153} ERROR - ❌ Nouaceur: 500 Server Error: Internal Server Error for url: http://backend:8000/api/predictions/flood
[2026-03-25T14:35:30.308+0000] {climarisk_dag.py:153} ERROR - ❌ Rabat: 500 Server Error: Internal Server Error for url: http://backend:8000/api/predictions/flood
[2026-03-25T14:35:30.729+0000] {climarisk_dag.py:153} ERROR - ❌ Salé: 500 Server Error: Internal Server Error for url: http://backend:8000/api/predictions/flood
[2026-03-25T14:35:31.110+0000] {climarisk_dag.py:153} ERROR - ❌ Kénitra: 500 Server Error: Internal Server Error for url: http://backend:8000/api/predictions/flood
[2026-03-25T14:35:31.626+0000] {climarisk_dag.py:153} ERROR - ❌ Témara: 500 Server Error: Internal Server Error for url: http://backend:8000/api/predictions/flood
[2026-03-25T14:35:32.008+0000] {climarisk_dag.py:153} ERROR - ❌ Skhirat: 500 Server Error: Internal Server Error for url: http://backend:8000/api/predictions/flood
[2026-03-25T14:35:32.362+0000] {climarisk_dag.py:153} ERROR - ❌ Tiflet: 500 Server Error: Internal Server Error for url: http://backend:8000/api/predictions/flood
[2026-03-25T14:35:32.757+0000] {climarisk_dag.py:153} ERROR - ❌ Khémisset: 500 Server Error: Internal Server Error for url: http://backend:8000/api/predictions/flood
[2026-03-25T14:35:33.203+0000] {climarisk_dag.py:153} ERROR - ❌ Sidi Slimane: 500 Server Error: Internal Server Error for url: http://backend:8000/api/predictions/flood
[2026-03-25T14:35:33.598+0000] {climarisk_dag.py:153} ERROR - ❌ Sidi Kacem: 500 Server Error: Internal Server Error for url: http://backend:8000/api/predictions/flood
[2026-03-25T14:35:34.093+0000] {climarisk_dag.py:153} ERROR - ❌ Souk el Arba: 500 Server Error: Internal Server Error for url: http://backend:8000/api/predictions/flood
[2026-03-25T14:35:34.640+0000] {climarisk_dag.py:153} ERROR - ❌ Ouazzane: 500 Server Error: Internal Server Error for url: http://backend:8000/api/predictions/flood
[2026-03-25T14:35:34.999+0000] {climarisk_dag.py:153} ERROR - ❌ Fès: 500 Server Error: Internal Server Error for url: http://backend:8000/api/predictions/flood
[2026-03-25T14:35:35.556+0000] {climarisk_dag.py:153} ERROR - ❌ Meknès: 500 Server Error: Internal Server Error for url: http://backend:8000/api/predictions/flood
[2026-03-25T14:35:35.964+0000] {climarisk_dag.py:153} ERROR - ❌ Ifrane: 500 Server Error: Internal Server Error for url: http://backend:8000/api/predictions/flood
[2026-03-25T14:35:36.437+0000] {climarisk_dag.py:153} ERROR - ❌ Azrou: 500 Server Error: Internal Server Error for url: http://backend:8000/api/predictions/flood
[2026-03-25T14:35:36.890+0000] {climarisk_dag.py:153} ERROR - ❌ Taounate: 500 Server Error: Internal Server Error for url: http://backend:8000/api/predictions/flood
[2026-03-25T14:35:37.381+0000] {climarisk_dag.py:153} ERROR - ❌ Taza: 500 Server Error: Internal Server Error for url: http://backend:8000/api/predictions/flood
[2026-03-25T14:35:37.849+0000] {climarisk_dag.py:153} ERROR - ❌ Sefrou: 500 Server Error: Internal Server Error for url: http://backend:8000/api/predictions/flood
[2026-03-25T14:35:38.189+0000] {climarisk_dag.py:153} ERROR - ❌ Boulemane: 500 Server Error: Internal Server Error for url: http://backend:8000/api/predictions/flood
[2026-03-25T14:35:38.532+0000] {climarisk_dag.py:153} ERROR - ❌ El Hajeb: 500 Server Error: Internal Server Error for url: http://backend:8000/api/predictions/flood
[2026-03-25T14:35:38.922+0000] {climarisk_dag.py:153} ERROR - ❌ Missour: 500 Server Error: Internal Server Error for url: http://backend:8000/api/predictions/flood
[2026-03-25T14:35:39.354+0000] {climarisk_dag.py:153} ERROR - ❌ Guercif: 500 Server Error: Internal Server Error for url: http://backend:8000/api/predictions/flood
[2026-03-25T14:35:39.733+0000] {climarisk_dag.py:153} ERROR - ❌ Marrakech: 500 Server Error: Internal Server Error for url: http://backend:8000/api/predictions/flood
[2026-03-25T14:35:40.057+0000] {climarisk_dag.py:153} ERROR - ❌ Safi: 500 Server Error: Internal Server Error for url: http://backend:8000/api/predictions/flood
[2026-03-25T14:35:40.529+0000] {climarisk_dag.py:153} ERROR - ❌ Essaouira: 500 Server Error: Internal Server Error for url: http://backend:8000/api/predictions/flood
[2026-03-25T14:35:41.069+0000] {climarisk_dag.py:153} ERROR - ❌ El Kelaa des Sraghna: 500 Server Error: Internal Server Error for url: http://backend:8000/api/predictions/flood
[2026-03-25T14:35:41.426+0000] {climarisk_dag.py:153} ERROR - ❌ Chichaoua: 500 Server Error: Internal Server Error for url: http://backend:8000/api/predictions/flood
[2026-03-25T14:35:41.773+0000] {climarisk_dag.py:153} ERROR - ❌ Youssoufia: 500 Server Error: Internal Server Error for url: http://backend:8000/api/predictions/flood
[2026-03-25T14:35:42.156+0000] {climarisk_dag.py:153} ERROR - ❌ Ben Guerir: 500 Server Error: Internal Server Error for url: http://backend:8000/api/predictions/flood
[2026-03-25T14:35:42.480+0000] {climarisk_dag.py:153} ERROR - ❌ Tahanaout: 500 Server Error: Internal Server Error for url: http://backend:8000/api/predictions/flood
[2026-03-25T14:35:43.692+0000] {climarisk_dag.py:153} ERROR - ❌ Ait Ourir: 500 Server Error: Internal Server Error for url: http://backend:8000/api/predictions/flood
[2026-03-25T14:35:44.033+0000] {climarisk_dag.py:153} ERROR - ❌ Demnate: 500 Server Error: Internal Server Error for url: http://backend:8000/api/predictions/flood
[2026-03-25T14:35:44.402+0000] {climarisk_dag.py:153} ERROR - ❌ Tanger: 500 Server Error: Internal Server Error for url: http://backend:8000/api/predictions/flood
[2026-03-25T14:35:44.777+0000] {climarisk_dag.py:153} ERROR - ❌ Tétouan: 500 Server Error: Internal Server Error for url: http://backend:8000/api/predictions/flood
[2026-03-25T14:35:45.159+0000] {climarisk_dag.py:153} ERROR - ❌ Al Hoceïma: 500 Server Error: Internal Server Error for url: http://backend:8000/api/predictions/flood
[2026-03-25T14:35:45.670+0000] {climarisk_dag.py:153} ERROR - ❌ Larache: 500 Server Error: Internal Server Error for url: http://backend:8000/api/predictions/flood
[2026-03-25T14:35:46.712+0000] {climarisk_dag.py:153} ERROR - ❌ Chefchaouen: 500 Server Error: Internal Server Error for url: http://backend:8000/api/predictions/flood
[2026-03-25T14:35:47.092+0000] {climarisk_dag.py:153} ERROR - ❌ Asilah: 500 Server Error: Internal Server Error for url: http://backend:8000/api/predictions/flood
[2026-03-25T14:35:47.454+0000] {climarisk_dag.py:153} ERROR - ❌ Fnideq: 500 Server Error: Internal Server Error for url: http://backend:8000/api/predictions/flood
[2026-03-25T14:35:47.850+0000] {climarisk_dag.py:153} ERROR - ❌ Martil: 500 Server Error: Internal Server Error for url: http://backend:8000/api/predictions/flood
[2026-03-25T14:35:48.230+0000] {climarisk_dag.py:153} ERROR - ❌ Mdiq: 500 Server Error: Internal Server Error for url: http://backend:8000/api/predictions/flood
[2026-03-25T14:35:48.570+0000] {climarisk_dag.py:153} ERROR - ❌ Ksar el Kebir: 500 Server Error: Internal Server Error for url: http://backend:8000/api/predictions/flood
[2026-03-25T14:35:48.995+0000] {climarisk_dag.py:153} ERROR - ❌ Ouazzane: 500 Server Error: Internal Server Error for url: http://backend:8000/api/predictions/flood
[2026-03-25T14:35:49.253+0000] {climarisk_dag.py:153} ERROR - ❌ Targuist: 500 Server Error: Internal Server Error for url: http://backend:8000/api/predictions/flood
[2026-03-25T14:35:49.644+0000] {climarisk_dag.py:153} ERROR - ❌ Imzouren: 500 Server Error: Internal Server Error for url: http://backend:8000/api/predictions/flood
[2026-03-25T14:35:50.154+0000] {climarisk_dag.py:153} ERROR - ❌ Beni Mellal-Khenifra: 500 Server Error: Internal Server Error for url: http://backend:8000/api/predictions/flood
[2026-03-25T14:35:50.533+0000] {climarisk_dag.py:153} ERROR - ❌ Khénifra: 500 Server Error: Internal Server Error for url: http://backend:8000/api/predictions/flood
[2026-03-25T14:35:50.890+0000] {climarisk_dag.py:153} ERROR - ❌ Azilal: 500 Server Error: Internal Server Error for url: http://backend:8000/api/predictions/flood
[2026-03-25T14:35:51.268+0000] {climarisk_dag.py:153} ERROR - ❌ Nanjing: 500 Server Error: Internal Server Error for url: http://backend:8000/api/predictions/flood
[2026-03-25T14:35:51.706+0000] {climarisk_dag.py:153} ERROR - ❌ Khouribga: 500 Server Error: Internal Server Error for url: http://backend:8000/api/predictions/flood
[2026-03-25T14:35:52.034+0000] {climarisk_dag.py:153} ERROR - ❌ Fkih Ben Salah: 500 Server Error: Internal Server Error for url: http://backend:8000/api/predictions/flood
[2026-03-25T14:36:21.919+0000] {climarisk_dag.py:153} ERROR - ❌ Souk Sebt: HTTPConnectionPool(host='backend', port=8000): Read timed out. (read timeout=30)
[2026-03-25T14:36:44.037+0000] {climarisk_dag.py:145} INFO - ✅ Midelt: flood=LOW(0.05) fire=LOW(0.14)
[2026-03-25T14:36:44.433+0000] {climarisk_dag.py:145} INFO - ✅ Zaouiat Cheikh: flood=LOW(0.05) fire=LOW(0.14)
[2026-03-25T14:36:44.865+0000] {climarisk_dag.py:145} INFO - ✅ Oujda: flood=LOW(0.05) fire=LOW(0.14)
[2026-03-25T14:36:45.278+0000] {climarisk_dag.py:145} INFO - ✅ Nador: flood=LOW(0.05) fire=LOW(0.14)
[2026-03-25T14:36:45.726+0000] {climarisk_dag.py:145} INFO - ✅ Berkane: flood=LOW(0.05) fire=LOW(0.14)
[2026-03-25T14:36:46.069+0000] {climarisk_dag.py:145} INFO - ✅ Taourirt: flood=LOW(0.05) fire=LOW(0.14)
[2026-03-25T14:36:46.448+0000] {climarisk_dag.py:145} INFO - ✅ Jerada: flood=LOW(0.05) fire=LOW(0.14)
[2026-03-25T14:36:46.895+0000] {climarisk_dag.py:145} INFO - ✅ Figuig: flood=LOW(0.05) fire=LOW(0.14)
[2026-03-25T14:36:47.280+0000] {climarisk_dag.py:145} INFO - ✅ Bouarfa: flood=LOW(0.05) fire=LOW(0.14)
[2026-03-25T14:36:47.710+0000] {climarisk_dag.py:145} INFO - ✅ Selouane: flood=LOW(0.05) fire=LOW(0.14)
[2026-03-25T14:36:48.094+0000] {climarisk_dag.py:145} INFO - ✅ Zaio: flood=LOW(0.05) fire=LOW(0.14)
[2026-03-25T14:36:49.324+0000] {climarisk_dag.py:145} INFO - ✅ Agadir: flood=LOW(0.05) fire=LOW(0.14)
[2026-03-25T14:36:49.712+0000] {climarisk_dag.py:145} INFO - ✅ Inezgane: flood=LOW(0.05) fire=LOW(0.14)
[2026-03-25T14:36:50.022+0000] {climarisk_dag.py:145} INFO - ✅ Tiznit: flood=LOW(0.05) fire=LOW(0.14)
[2026-03-25T14:36:50.325+0000] {climarisk_dag.py:145} INFO - ✅ Taroudannt: flood=LOW(0.05) fire=LOW(0.14)
[2026-03-25T14:36:50.712+0000] {climarisk_dag.py:145} INFO - ✅ Ouarzazate: flood=LOW(0.05) fire=LOW(0.14)
[2026-03-25T14:36:51.093+0000] {climarisk_dag.py:145} INFO - ✅ Ait Melloul: flood=LOW(0.05) fire=LOW(0.14)
[2026-03-25T14:36:51.465+0000] {climarisk_dag.py:145} INFO - ✅ Biougra: flood=LOW(0.05) fire=LOW(0.14)
[2026-03-25T14:36:51.865+0000] {climarisk_dag.py:145} INFO - ✅ Chtouka Ait Baha: flood=LOW(0.05) fire=LOW(0.14)
[2026-03-25T14:36:52.350+0000] {climarisk_dag.py:145} INFO - ✅ Tata: flood=LOW(0.05) fire=LOW(0.14)
[2026-03-25T14:36:52.793+0000] {climarisk_dag.py:145} INFO - ✅ Sidi Ifni: flood=LOW(0.05) fire=LOW(0.14)
[2026-03-25T14:36:53.147+0000] {climarisk_dag.py:145} INFO - ✅ Massa: flood=LOW(0.05) fire=LOW(0.14)
[2026-03-25T14:36:53.510+0000] {climarisk_dag.py:145} INFO - ✅ Errachidia: flood=LOW(0.05) fire=LOW(0.14)
[2026-03-25T14:36:53.872+0000] {climarisk_dag.py:145} INFO - ✅ Zagora: flood=LOW(0.05) fire=LOW(0.14)
[2026-03-25T14:36:54.313+0000] {climarisk_dag.py:145} INFO - ✅ Tinghir: flood=LOW(0.05) fire=LOW(0.14)
[2026-03-25T14:36:54.644+0000] {climarisk_dag.py:145} INFO - ✅ Ouarzazate: flood=LOW(0.05) fire=LOW(0.14)
[2026-03-25T14:36:55.103+0000] {climarisk_dag.py:145} INFO - ✅ Rissani: flood=LOW(0.05) fire=LOW(0.14)
[2026-03-25T14:36:55.552+0000] {climarisk_dag.py:145} INFO - ✅ Erfoud: flood=LOW(0.05) fire=LOW(0.14)
[2026-03-25T14:36:55.878+0000] {climarisk_dag.py:145} INFO - ✅ Merzouga: flood=LOW(0.05) fire=LOW(0.14)
[2026-03-25T14:36:56.375+0000] {climarisk_dag.py:145} INFO - ✅ Alnif: flood=LOW(0.05) fire=LOW(0.14)
[2026-03-25T14:36:56.789+0000] {climarisk_dag.py:145} INFO - ✅ Goulmima: flood=LOW(0.05) fire=LOW(0.14)
[2026-03-25T14:36:57.141+0000] {climarisk_dag.py:145} INFO - ✅ Laâyoune: flood=LOW(0.05) fire=LOW(0.14)
[2026-03-25T14:36:57.528+0000] {climarisk_dag.py:145} INFO - ✅ Boujdour: flood=LOW(0.05) fire=LOW(0.14)
[2026-03-25T14:36:57.914+0000] {climarisk_dag.py:145} INFO - ✅ Tarfaya: flood=LOW(0.05) fire=LOW(0.14)
[2026-03-25T14:36:58.365+0000] {climarisk_dag.py:145} INFO - ✅ Smara: flood=LOW(0.05) fire=LOW(0.14)
[2026-03-25T14:36:58.920+0000] {climarisk_dag.py:145} INFO - ✅ El Marsa: flood=LOW(0.05) fire=LOW(0.14)
[2026-03-25T14:36:59.280+0000] {climarisk_dag.py:145} INFO - ✅ Dakhla: flood=LOW(0.05) fire=LOW(0.14)
[2026-03-25T14:36:59.663+0000] {climarisk_dag.py:145} INFO - ✅ Aousserd: flood=LOW(0.05) fire=LOW(0.14)
[2026-03-25T14:37:00.121+0000] {climarisk_dag.py:145} INFO - ✅ Guelmim: flood=LOW(0.05) fire=LOW(0.14)
[2026-03-25T14:37:00.465+0000] {climarisk_dag.py:145} INFO - ✅ Tan-Tan: flood=LOW(0.05) fire=LOW(0.14)
[2026-03-25T14:37:00.879+0000] {climarisk_dag.py:145} INFO - ✅ Assa: flood=LOW(0.05) fire=LOW(0.14)
[2026-03-25T14:37:01.204+0000] {climarisk_dag.py:145} INFO - ✅ Zag: flood=LOW(0.05) fire=LOW(0.14)
[2026-03-25T14:37:01.579+0000] {climarisk_dag.py:145} INFO - ✅ Sidi Ifni: flood=LOW(0.05) fire=LOW(0.14)
[2026-03-25T14:37:01.921+0000] {climarisk_dag.py:145} INFO - ✅ Tiznit: flood=LOW(0.05) fire=LOW(0.14)
[2026-03-25T14:37:02.316+0000] {climarisk_dag.py:145} INFO - ✅ Tunis: flood=LOW(0.05) fire=LOW(0.14)
[2026-03-25T14:37:02.693+0000] {climarisk_dag.py:145} INFO - ✅ Kampala: flood=LOW(0.05) fire=LOW(0.14)
[2026-03-25T14:37:03.050+0000] {climarisk_dag.py:145} INFO - ✅ Dakar: flood=LOW(0.05) fire=LOW(0.14)
[2026-03-25T14:37:03.465+0000] {climarisk_dag.py:145} INFO - ✅ Kinshasa: flood=LOW(0.05) fire=LOW(0.14)
[2026-03-25T14:37:03.926+0000] {climarisk_dag.py:145} INFO - ✅ Luanda: flood=LOW(0.05) fire=LOW(0.14)
[2026-03-25T14:37:04.312+0000] {climarisk_dag.py:145} INFO - ✅ Khartoum: flood=LOW(0.05) fire=LOW(0.14)
[2026-03-25T14:37:04.727+0000] {climarisk_dag.py:145} INFO - ✅ Harare: flood=LOW(0.05) fire=LOW(0.14)
[2026-03-25T14:37:05.131+0000] {climarisk_dag.py:145} INFO - ✅ Lusaka: flood=LOW(0.05) fire=LOW(0.14)
[2026-03-25T14:37:05.666+0000] {climarisk_dag.py:145} INFO - ✅ Maputo: flood=LOW(0.05) fire=LOW(0.14)
[2026-03-25T14:37:06.288+0000] {climarisk_dag.py:145} INFO - ✅ Antananarivo: flood=LOW(0.05) fire=LOW(0.14)
[2026-03-25T14:37:06.668+0000] {climarisk_dag.py:145} INFO - ✅ Abidjan: flood=LOW(0.05) fire=LOW(0.14)
[2026-03-25T14:37:07.015+0000] {climarisk_dag.py:145} INFO - ✅ Douala: flood=LOW(0.05) fire=LOW(0.14)
[2026-03-25T14:37:07.410+0000] {climarisk_dag.py:145} INFO - ✅ Niamey: flood=LOW(0.05) fire=LOW(0.14)
[2026-03-25T14:37:07.809+0000] {climarisk_dag.py:145} INFO - ✅ Ouagadougou: flood=LOW(0.05) fire=LOW(0.14)
[2026-03-25T14:37:08.181+0000] {climarisk_dag.py:145} INFO - ✅ Bamako: flood=LOW(0.05) fire=LOW(0.14)
[2026-03-25T14:37:08.568+0000] {climarisk_dag.py:145} INFO - ✅ Windhoek: flood=LOW(0.05) fire=LOW(0.14)
[2026-03-25T14:37:08.954+0000] {climarisk_dag.py:145} INFO - ✅ Port Harcourt: flood=LOW(0.05) fire=LOW(0.14)
[2026-03-25T14:37:09.395+0000] {climarisk_dag.py:145} INFO - ✅ Warri: flood=LOW(0.05) fire=LOW(0.14)
[2026-03-25T14:37:09.762+0000] {climarisk_dag.py:145} INFO - ✅ Calabar: flood=LOW(0.05) fire=LOW(0.14)
[2026-03-25T14:37:10.109+0000] {climarisk_dag.py:145} INFO - ✅ Beijing: flood=LOW(0.05) fire=LOW(0.14)
[2026-03-25T14:37:10.552+0000] {climarisk_dag.py:145} INFO - ✅ Shanghai: flood=LOW(0.05) fire=LOW(0.14)
[2026-03-25T14:37:10.897+0000] {climarisk_dag.py:145} INFO - ✅ Guangzhou: flood=LOW(0.05) fire=LOW(0.14)
[2026-03-25T14:37:11.322+0000] {climarisk_dag.py:145} INFO - ✅ Chengdu: flood=LOW(0.05) fire=LOW(0.14)
[2026-03-25T14:37:11.674+0000] {climarisk_dag.py:145} INFO - ✅ Wuhan: flood=LOW(0.05) fire=LOW(0.14)
[2026-03-25T14:37:12.070+0000] {climarisk_dag.py:145} INFO - ✅ Chongqing: flood=LOW(0.05) fire=LOW(0.14)
[2026-03-25T14:37:12.439+0000] {climarisk_dag.py:145} INFO - ✅ Zhengzhou: flood=LOW(0.05) fire=LOW(0.14)
[2026-03-25T14:37:12.918+0000] {climarisk_dag.py:145} INFO - ✅ Changsha: flood=LOW(0.05) fire=LOW(0.14)
[2026-03-25T14:37:14.233+0000] {climarisk_dag.py:145} INFO - ✅ Nanchang: flood=LOW(0.05) fire=LOW(0.14)
[2026-03-25T14:37:14.617+0000] {climarisk_dag.py:145} INFO - ✅ Yichang: flood=LOW(0.05) fire=LOW(0.14)
[2026-03-25T14:37:15.051+0000] {climarisk_dag.py:145} INFO - ✅ Haikou: flood=LOW(0.05) fire=LOW(0.14)
[2026-03-25T14:37:15.468+0000] {climarisk_dag.py:145} INFO - ✅ Hong Kong: flood=LOW(0.05) fire=LOW(0.14)
[2026-03-25T14:37:15.834+0000] {climarisk_dag.py:145} INFO - ✅ Taipei: flood=LOW(0.05) fire=LOW(0.14)
[2026-03-25T14:37:16.261+0000] {climarisk_dag.py:145} INFO - ✅ Kaohsiung: flood=LOW(0.05) fire=LOW(0.14)
[2026-03-25T14:37:16.663+0000] {climarisk_dag.py:145} INFO - ✅ Mumbai: flood=LOW(0.05) fire=LOW(0.14)
[2026-03-25T14:37:17.191+0000] {climarisk_dag.py:145} INFO - ✅ Delhi: flood=LOW(0.05) fire=LOW(0.14)
[2026-03-25T14:37:17.633+0000] {climarisk_dag.py:145} INFO - ✅ Bangalore: flood=LOW(0.05) fire=LOW(0.14)
[2026-03-25T14:37:18.076+0000] {climarisk_dag.py:145} INFO - ✅ Chennai: flood=LOW(0.05) fire=LOW(0.14)
[2026-03-25T14:37:18.472+0000] {climarisk_dag.py:145} INFO - ✅ Kolkata: flood=LOW(0.05) fire=LOW(0.14)
[2026-03-25T14:37:18.726+0000] {climarisk_dag.py:145} INFO - ✅ Patna: flood=LOW(0.05) fire=LOW(0.14)
[2026-03-25T14:37:19.056+0000] {climarisk_dag.py:145} INFO - ✅ Guwahati: flood=LOW(0.05) fire=LOW(0.14)
[2026-03-25T14:37:19.407+0000] {climarisk_dag.py:145} INFO - ✅ Varanasi: flood=LOW(0.05) fire=LOW(0.14)
[2026-03-25T14:37:19.735+0000] {climarisk_dag.py:145} INFO - ✅ Muzaffarpur: flood=LOW(0.05) fire=LOW(0.14)
[2026-03-25T14:37:20.163+0000] {climarisk_dag.py:145} INFO - ✅ Visakhapatnam: flood=LOW(0.05) fire=LOW(0.14)
[2026-03-25T14:37:20.679+0000] {climarisk_dag.py:145} INFO - ✅ Vijayawada: flood=LOW(0.05) fire=LOW(0.14)
[2026-03-25T14:37:21.173+0000] {climarisk_dag.py:145} INFO - ✅ Tokyo: flood=LOW(0.05) fire=LOW(0.14)
[2026-03-25T14:37:21.567+0000] {climarisk_dag.py:145} INFO - ✅ Osaka: flood=LOW(0.05) fire=LOW(0.14)
[2026-03-25T14:37:21.953+0000] {climarisk_dag.py:145} INFO - ✅ Sapporo: flood=LOW(0.05) fire=LOW(0.14)
[2026-03-25T14:37:22.307+0000] {climarisk_dag.py:145} INFO - ✅ Naha: flood=LOW(0.05) fire=LOW(0.14)
[2026-03-25T14:37:22.709+0000] {climarisk_dag.py:145} INFO - ✅ Seoul: flood=LOW(0.05) fire=LOW(0.14)
[2026-03-25T14:37:23.149+0000] {climarisk_dag.py:145} INFO - ✅ Busan: flood=LOW(0.05) fire=LOW(0.14)
[2026-03-25T14:37:23.542+0000] {climarisk_dag.py:145} INFO - ✅ Bangkok: flood=LOW(0.05) fire=LOW(0.14)
[2026-03-25T14:37:23.907+0000] {climarisk_dag.py:145} INFO - ✅ Chiang Mai: flood=LOW(0.05) fire=LOW(0.14)
[2026-03-25T14:37:24.456+0000] {climarisk_dag.py:145} INFO - ✅ Jakarta: flood=LOW(0.05) fire=LOW(0.14)
[2026-03-25T14:37:24.832+0000] {climarisk_dag.py:145} INFO - ✅ Surabaya: flood=LOW(0.05) fire=LOW(0.14)
[2026-03-25T14:37:25.274+0000] {climarisk_dag.py:145} INFO - ✅ Medan: flood=LOW(0.05) fire=LOW(0.14)
[2026-03-25T14:37:25.688+0000] {climarisk_dag.py:145} INFO - ✅ Manila: flood=LOW(0.05) fire=LOW(0.14)
[2026-03-25T14:37:26.147+0000] {climarisk_dag.py:145} INFO - ✅ Cebu: flood=LOW(0.05) fire=LOW(0.14)
[2026-03-25T14:37:26.548+0000] {climarisk_dag.py:145} INFO - ✅ Tacloban: flood=LOW(0.05) fire=LOW(0.14)
[2026-03-25T14:37:27.072+0000] {climarisk_dag.py:145} INFO - ✅ Legazpi: flood=LOW(0.05) fire=LOW(0.14)
[2026-03-25T14:37:27.546+0000] {climarisk_dag.py:145} INFO - ✅ Zamboanga: flood=LOW(0.05) fire=LOW(0.14)
[2026-03-25T14:37:27.951+0000] {climarisk_dag.py:145} INFO - ✅ Kuala Lumpur: flood=LOW(0.05) fire=LOW(0.14)
[2026-03-25T14:37:28.287+0000] {climarisk_dag.py:145} INFO - ✅ Singapore: flood=LOW(0.05) fire=LOW(0.14)
[2026-03-25T14:37:28.678+0000] {climarisk_dag.py:145} INFO - ✅ Ho Chi Minh City: flood=LOW(0.05) fire=LOW(0.14)
[2026-03-25T14:37:29.035+0000] {climarisk_dag.py:145} INFO - ✅ Hanoi: flood=LOW(0.05) fire=LOW(0.14)
[2026-03-25T14:37:29.418+0000] {climarisk_dag.py:145} INFO - ✅ Da Nang: flood=LOW(0.05) fire=LOW(0.14)
[2026-03-25T14:37:29.785+0000] {climarisk_dag.py:145} INFO - ✅ Can Tho: flood=LOW(0.05) fire=LOW(0.14)
[2026-03-25T14:37:30.110+0000] {climarisk_dag.py:145} INFO - ✅ My Tho: flood=LOW(0.05) fire=LOW(0.14)
[2026-03-25T14:37:30.460+0000] {climarisk_dag.py:145} INFO - ✅ Dhaka: flood=LOW(0.05) fire=LOW(0.14)
[2026-03-25T14:37:30.980+0000] {climarisk_dag.py:145} INFO - ✅ Chittagong: flood=LOW(0.05) fire=LOW(0.14)
[2026-03-25T14:37:31.387+0000] {climarisk_dag.py:145} INFO - ✅ Sylhet: flood=LOW(0.05) fire=LOW(0.14)
[2026-03-25T14:37:31.751+0000] {climarisk_dag.py:145} INFO - ✅ Khulna: flood=LOW(0.05) fire=LOW(0.14)
[2026-03-25T14:37:32.183+0000] {climarisk_dag.py:145} INFO - ✅ Cox's Bazar: flood=LOW(0.05) fire=LOW(0.14)
[2026-03-25T14:37:32.586+0000] {climarisk_dag.py:145} INFO - ✅ Karachi: flood=LOW(0.05) fire=LOW(0.14)
[2026-03-25T14:37:32.929+0000] {climarisk_dag.py:145} INFO - ✅ Lahore: flood=LOW(0.05) fire=LOW(0.14)
[2026-03-25T14:37:33.416+0000] {climarisk_dag.py:145} INFO - ✅ Colombo: flood=LOW(0.05) fire=LOW(0.14)
[2026-03-25T14:37:33.855+0000] {climarisk_dag.py:145} INFO - ✅ Kathmandu: flood=LOW(0.05) fire=LOW(0.14)
[2026-03-25T14:37:34.366+0000] {climarisk_dag.py:145} INFO - ✅ Yangon: flood=LOW(0.05) fire=LOW(0.14)
[2026-03-25T14:37:34.714+0000] {climarisk_dag.py:145} INFO - ✅ Sittwe: flood=LOW(0.05) fire=LOW(0.14)
[2026-03-25T14:37:35.128+0000] {climarisk_dag.py:145} INFO - ✅ Phnom Penh: flood=LOW(0.05) fire=LOW(0.14)
[2026-03-25T14:37:35.456+0000] {climarisk_dag.py:145} INFO - ✅ Riyadh: flood=LOW(0.05) fire=LOW(0.14)
[2026-03-25T14:37:35.858+0000] {climarisk_dag.py:145} INFO - ✅ Dubai: flood=LOW(0.05) fire=LOW(0.14)
[2026-03-25T14:37:36.258+0000] {climarisk_dag.py:145} INFO - ✅ Tehran: flood=LOW(0.05) fire=LOW(0.14)
[2026-03-25T14:37:36.627+0000] {climarisk_dag.py:145} INFO - ✅ Istanbul: flood=LOW(0.05) fire=LOW(0.14)
[2026-03-25T14:37:36.990+0000] {climarisk_dag.py:145} INFO - ✅ Ankara: flood=LOW(0.05) fire=LOW(0.14)
[2026-03-25T14:37:37.363+0000] {climarisk_dag.py:145} INFO - ✅ Baghdad: flood=LOW(0.05) fire=LOW(0.14)
[2026-03-25T14:37:37.741+0000] {climarisk_dag.py:145} INFO - ✅ Baku: flood=LOW(0.05) fire=LOW(0.14)
[2026-03-25T14:37:38.106+0000] {climarisk_dag.py:145} INFO - ✅ Tashkent: flood=LOW(0.05) fire=LOW(0.14)
[2026-03-25T14:37:38.526+0000] {climarisk_dag.py:145} INFO - ✅ Almaty: flood=LOW(0.05) fire=LOW(0.14)
[2026-03-25T14:37:38.853+0000] {climarisk_dag.py:145} INFO - ✅ Guam: flood=LOW(0.05) fire=LOW(0.14)
[2026-03-25T14:37:39.246+0000] {climarisk_dag.py:145} INFO - ✅ Paris: flood=LOW(0.05) fire=LOW(0.14)
[2026-03-25T14:37:39.670+0000] {climarisk_dag.py:145} INFO - ✅ Lyon: flood=LOW(0.05) fire=LOW(0.14)
[2026-03-25T14:37:40.035+0000] {climarisk_dag.py:145} INFO - ✅ Marseille: flood=LOW(0.05) fire=LOW(0.14)
[2026-03-25T14:37:40.448+0000] {climarisk_dag.py:145} INFO - ✅ Toulouse: flood=LOW(0.05) fire=LOW(0.14)
[2026-03-25T14:37:40.771+0000] {climarisk_dag.py:145} INFO - ✅ Bordeaux: flood=LOW(0.05) fire=LOW(0.14)
[2026-03-25T14:37:41.116+0000] {climarisk_dag.py:145} INFO - ✅ Nantes: flood=LOW(0.05) fire=LOW(0.14)
[2026-03-25T14:37:41.482+0000] {climarisk_dag.py:145} INFO - ✅ Strasbourg: flood=LOW(0.05) fire=LOW(0.14)
[2026-03-25T14:37:41.846+0000] {climarisk_dag.py:145} INFO - ✅ Lille: flood=LOW(0.05) fire=LOW(0.14)
[2026-03-25T14:37:42.169+0000] {climarisk_dag.py:145} INFO - ✅ Montpellier: flood=LOW(0.05) fire=LOW(0.14)
[2026-03-25T14:37:42.547+0000] {climarisk_dag.py:145} INFO - ✅ Nice: flood=LOW(0.05) fire=LOW(0.14)
[2026-03-25T14:37:42.964+0000] {climarisk_dag.py:145} INFO - ✅ London: flood=LOW(0.05) fire=LOW(0.14)
[2026-03-25T14:37:43.356+0000] {climarisk_dag.py:145} INFO - ✅ Birmingham: flood=LOW(0.05) fire=LOW(0.14)
[2026-03-25T14:37:43.688+0000] {climarisk_dag.py:145} INFO - ✅ Manchester: flood=LOW(0.05) fire=LOW(0.14)
[2026-03-25T14:37:45.004+0000] {climarisk_dag.py:145} INFO - ✅ Berlin: flood=LOW(0.05) fire=LOW(0.14)
[2026-03-25T14:37:45.362+0000] {climarisk_dag.py:145} INFO - ✅ Hamburg: flood=LOW(0.05) fire=LOW(0.14)
[2026-03-25T14:37:45.756+0000] {climarisk_dag.py:145} INFO - ✅ Munich: flood=LOW(0.05) fire=LOW(0.14)
[2026-03-25T14:37:46.262+0000] {climarisk_dag.py:145} INFO - ✅ Frankfurt: flood=LOW(0.05) fire=LOW(0.14)
[2026-03-25T14:37:46.689+0000] {climarisk_dag.py:145} INFO - ✅ Madrid: flood=LOW(0.05) fire=LOW(0.14)
[2026-03-25T14:37:47.038+0000] {climarisk_dag.py:145} INFO - ✅ Barcelona: flood=LOW(0.05) fire=LOW(0.14)
[2026-03-25T14:37:47.476+0000] {climarisk_dag.py:145} INFO - ✅ Valencia: flood=LOW(0.05) fire=LOW(0.14)
[2026-03-25T14:37:47.883+0000] {climarisk_dag.py:145} INFO - ✅ Malaga: flood=LOW(0.05) fire=LOW(0.14)
[2026-03-25T14:37:48.325+0000] {climarisk_dag.py:145} INFO - ✅ Rome: flood=LOW(0.05) fire=LOW(0.14)
[2026-03-25T14:37:48.556+0000] {climarisk_dag.py:145} INFO - ✅ Milan: flood=LOW(0.05) fire=LOW(0.14)
[2026-03-25T14:37:49.043+0000] {climarisk_dag.py:145} INFO - ✅ Palermo: flood=LOW(0.05) fire=LOW(0.14)
[2026-03-25T14:37:49.502+0000] {climarisk_dag.py:145} INFO - ✅ Amsterdam: flood=LOW(0.05) fire=LOW(0.14)
[2026-03-25T14:37:49.930+0000] {climarisk_dag.py:145} INFO - ✅ Brussels: flood=LOW(0.05) fire=LOW(0.14)
[2026-03-25T14:37:50.375+0000] {climarisk_dag.py:145} INFO - ✅ Vienna: flood=LOW(0.05) fire=LOW(0.14)
[2026-03-25T14:37:50.926+0000] {climarisk_dag.py:145} INFO - ✅ Zurich: flood=LOW(0.05) fire=LOW(0.14)
[2026-03-25T14:37:51.317+0000] {climarisk_dag.py:145} INFO - ✅ Stockholm: flood=LOW(0.05) fire=LOW(0.14)
[2026-03-25T14:37:51.680+0000] {climarisk_dag.py:145} INFO - ✅ Oslo: flood=LOW(0.05) fire=LOW(0.14)
[2026-03-25T14:37:52.058+0000] {climarisk_dag.py:145} INFO - ✅ Copenhagen: flood=LOW(0.05) fire=LOW(0.14)
[2026-03-25T14:37:52.463+0000] {climarisk_dag.py:145} INFO - ✅ Helsinki: flood=LOW(0.05) fire=LOW(0.14)
[2026-03-25T14:37:52.842+0000] {climarisk_dag.py:145} INFO - ✅ Warsaw: flood=LOW(0.05) fire=LOW(0.14)
[2026-03-25T14:37:53.365+0000] {climarisk_dag.py:145} INFO - ✅ Prague: flood=LOW(0.05) fire=LOW(0.14)
[2026-03-25T14:37:53.708+0000] {climarisk_dag.py:145} INFO - ✅ Budapest: flood=LOW(0.05) fire=LOW(0.14)
[2026-03-25T14:37:54.033+0000] {climarisk_dag.py:145} INFO - ✅ Bucharest: flood=LOW(0.05) fire=LOW(0.14)
[2026-03-25T14:37:54.403+0000] {climarisk_dag.py:145} INFO - ✅ Athens: flood=LOW(0.05) fire=LOW(0.14)
[2026-03-25T14:37:54.803+0000] {climarisk_dag.py:145} INFO - ✅ Thessaloniki: flood=LOW(0.05) fire=LOW(0.14)
[2026-03-25T14:37:55.149+0000] {climarisk_dag.py:145} INFO - ✅ Lisbon: flood=LOW(0.05) fire=LOW(0.14)
[2026-03-25T14:37:55.555+0000] {climarisk_dag.py:145} INFO - ✅ Moscow: flood=LOW(0.05) fire=LOW(0.14)
[2026-03-25T14:37:55.926+0000] {climarisk_dag.py:145} INFO - ✅ Saint Petersburg: flood=LOW(0.05) fire=LOW(0.14)
[2026-03-25T14:37:56.242+0000] {climarisk_dag.py:145} INFO - ✅ Krasnoyarsk: flood=LOW(0.05) fire=LOW(0.14)
[2026-03-25T14:37:56.554+0000] {climarisk_dag.py:145} INFO - ✅ Irkutsk: flood=LOW(0.05) fire=LOW(0.14)
[2026-03-25T14:37:56.971+0000] {climarisk_dag.py:145} INFO - ✅ Yakutsk: flood=LOW(0.05) fire=LOW(0.14)
[2026-03-25T14:37:57.341+0000] {climarisk_dag.py:145} INFO - ✅ Khabarovsk: flood=LOW(0.05) fire=LOW(0.14)
[2026-03-25T14:37:57.664+0000] {climarisk_dag.py:145} INFO - ✅ Kyiv: flood=LOW(0.05) fire=LOW(0.14)
[2026-03-25T14:37:58.036+0000] {climarisk_dag.py:145} INFO - ✅ New York: flood=LOW(0.05) fire=LOW(0.14)
[2026-03-25T14:37:58.409+0000] {climarisk_dag.py:145} INFO - ✅ Los Angeles: flood=LOW(0.05) fire=LOW(0.14)
[2026-03-25T14:37:58.800+0000] {climarisk_dag.py:145} INFO - ✅ Chicago: flood=LOW(0.05) fire=LOW(0.14)
[2026-03-25T14:37:59.208+0000] {climarisk_dag.py:145} INFO - ✅ Houston: flood=LOW(0.05) fire=LOW(0.14)
[2026-03-25T14:37:59.532+0000] {climarisk_dag.py:145} INFO - ✅ Miami: flood=LOW(0.05) fire=LOW(0.14)
[2026-03-25T14:37:59.879+0000] {climarisk_dag.py:145} INFO - ✅ New Orleans: flood=LOW(0.05) fire=LOW(0.14)
[2026-03-25T14:38:00.233+0000] {climarisk_dag.py:145} INFO - ✅ Seattle: flood=LOW(0.05) fire=LOW(0.14)
[2026-03-25T14:38:00.582+0000] {climarisk_dag.py:145} INFO - ✅ Sacramento: flood=LOW(0.05) fire=LOW(0.14)
[2026-03-25T14:38:01.002+0000] {climarisk_dag.py:145} INFO - ✅ Fresno: flood=LOW(0.05) fire=LOW(0.14)
[2026-03-25T14:38:01.373+0000] {climarisk_dag.py:145} INFO - ✅ Redding: flood=LOW(0.05) fire=LOW(0.14)
[2026-03-25T14:38:01.823+0000] {climarisk_dag.py:145} INFO - ✅ Memphis: flood=LOW(0.05) fire=LOW(0.14)
[2026-03-25T14:38:02.323+0000] {climarisk_dag.py:145} INFO - ✅ Toronto: flood=LOW(0.05) fire=LOW(0.14)
[2026-03-25T14:38:02.708+0000] {climarisk_dag.py:145} INFO - ✅ Montreal: flood=LOW(0.05) fire=LOW(0.14)
[2026-03-25T14:38:03.040+0000] {climarisk_dag.py:145} INFO - ✅ Vancouver: flood=LOW(0.05) fire=LOW(0.14)
[2026-03-25T14:38:03.434+0000] {climarisk_dag.py:145} INFO - ✅ Mexico City: flood=LOW(0.05) fire=LOW(0.14)
[2026-03-25T14:38:03.867+0000] {climarisk_dag.py:145} INFO - ✅ Veracruz: flood=LOW(0.05) fire=LOW(0.14)
[2026-03-25T14:38:04.262+0000] {climarisk_dag.py:145} INFO - ✅ Cancún: flood=LOW(0.05) fire=LOW(0.14)
[2026-03-25T14:38:04.772+0000] {climarisk_dag.py:145} INFO - ✅ São Paulo: flood=LOW(0.05) fire=LOW(0.14)
[2026-03-25T14:38:05.168+0000] {climarisk_dag.py:145} INFO - ✅ Rio de Janeiro: flood=LOW(0.05) fire=LOW(0.14)
[2026-03-25T14:38:05.600+0000] {climarisk_dag.py:145} INFO - ✅ Belém: flood=LOW(0.05) fire=LOW(0.14)
[2026-03-25T14:38:05.984+0000] {climarisk_dag.py:145} INFO - ✅ Marabá: flood=LOW(0.05) fire=LOW(0.14)
[2026-03-25T14:38:06.403+0000] {climarisk_dag.py:145} INFO - ✅ Sinop: flood=LOW(0.05) fire=LOW(0.14)
[2026-03-25T14:38:06.836+0000] {climarisk_dag.py:145} INFO - ✅ Porto Velho: flood=LOW(0.05) fire=LOW(0.14)
[2026-03-25T14:38:07.224+0000] {climarisk_dag.py:145} INFO - ✅ Buenos Aires: flood=LOW(0.05) fire=LOW(0.14)
[2026-03-25T14:38:07.628+0000] {climarisk_dag.py:145} INFO - ✅ Lima: flood=LOW(0.05) fire=LOW(0.14)
[2026-03-25T14:38:08.029+0000] {climarisk_dag.py:145} INFO - ✅ Bogotá: flood=LOW(0.05) fire=LOW(0.14)
[2026-03-25T14:38:08.452+0000] {climarisk_dag.py:145} INFO - ✅ Santiago: flood=LOW(0.05) fire=LOW(0.14)
[2026-03-25T14:38:08.826+0000] {climarisk_dag.py:145} INFO - ✅ Port-au-Prince: flood=LOW(0.05) fire=LOW(0.14)
[2026-03-25T14:38:09.359+0000] {climarisk_dag.py:145} INFO - ✅ San Juan: flood=LOW(0.05) fire=LOW(0.14)
[2026-03-25T14:38:09.728+0000] {climarisk_dag.py:145} INFO - ✅ Kingston: flood=LOW(0.05) fire=LOW(0.14)
[2026-03-25T14:38:10.107+0000] {climarisk_dag.py:145} INFO - ✅ Port of Spain: flood=LOW(0.05) fire=LOW(0.14)
[2026-03-25T14:38:10.465+0000] {climarisk_dag.py:145} INFO - ✅ Sydney: flood=LOW(0.05) fire=LOW(0.14)
[2026-03-25T14:38:10.952+0000] {climarisk_dag.py:145} INFO - ✅ Melbourne: flood=LOW(0.05) fire=LOW(0.14)
[2026-03-25T14:38:11.443+0000] {climarisk_dag.py:145} INFO - ✅ Brisbane: flood=LOW(0.05) fire=LOW(0.14)
[2026-03-25T14:38:11.770+0000] {climarisk_dag.py:145} INFO - ✅ Darwin: flood=LOW(0.05) fire=LOW(0.14)
[2026-03-25T14:38:12.136+0000] {climarisk_dag.py:145} INFO - ✅ Alice Springs: flood=LOW(0.05) fire=LOW(0.14)
[2026-03-25T14:38:12.491+0000] {climarisk_dag.py:145} INFO - ✅ Cairns: flood=LOW(0.05) fire=LOW(0.14)
[2026-03-25T14:38:12.887+0000] {climarisk_dag.py:145} INFO - ✅ Auckland: flood=LOW(0.05) fire=LOW(0.14)
[2026-03-25T14:38:13.298+0000] {climarisk_dag.py:145} INFO - ✅ Port Moresby: flood=LOW(0.05) fire=LOW(0.14)
[2026-03-25T14:38:13.299+0000] {climarisk_dag.py:157} INFO - ✅ Done: 218 OK, 73 errors, 171.5s
[2026-03-25T14:38:13.318+0000] {taskinstance.py:441} INFO - ::group::Post task execution logs
[2026-03-25T14:38:13.319+0000] {taskinstance.py:2905} ERROR - Task failed with exception
Traceback (most recent call last):
  File "/home/airflow/.local/lib/python3.12/site-packages/airflow/models/taskinstance.py", line 465, in _execute_task
    result = _execute_callable(context=context, **execute_callable_kwargs)
             ^^^^^^^^^^^^^^^^^^^^^^^^^^^^^^^^^^^^^^^^^^^^^^^^^^^^^^^^^^^^^
  File "/home/airflow/.local/lib/python3.12/site-packages/airflow/models/taskinstance.py", line 432, in _execute_callable
    return execute_callable(context=context, **execute_callable_kwargs)
           ^^^^^^^^^^^^^^^^^^^^^^^^^^^^^^^^^^^^^^^^^^^^^^^^^^^^^^^^^^^^
  File "/home/airflow/.local/lib/python3.12/site-packages/airflow/models/baseoperator.py", line 400, in wrapper
    return func(self, *args, **kwargs)
           ^^^^^^^^^^^^^^^^^^^^^^^^^^^
  File "/home/airflow/.local/lib/python3.12/site-packages/airflow/operators/python.py", line 235, in execute
    return_value = self.execute_callable()
                   ^^^^^^^^^^^^^^^^^^^^^^^
  File "/home/airflow/.local/lib/python3.12/site-packages/airflow/operators/python.py", line 252, in execute_callable
    return self.python_callable(*self.op_args, **self.op_kwargs)
           ^^^^^^^^^^^^^^^^^^^^^^^^^^^^^^^^^^^^^^^^^^^^^^^^^^^^^
  File "/opt/airflow/dags/climarisk_dag.py", line 166, in predict_all_zones
    raise Exception(f"{errors} zone(s) failed — check logs above")
Exception: 73 zone(s) failed — check logs above
[2026-03-25T14:38:13.335+0000] {taskinstance.py:1206} INFO - Marking task as FAILED. dag_id=***_predictions, task_id=predict_all_zones, run_id=scheduled__2026-03-25T14:27:00+00:00, execution_date=20260325T142700, start_date=20260325T143521, end_date=20260325T143813
[2026-03-25T14:38:13.349+0000] {standard_task_runner.py:110} ERROR - Failed to execute job 502 for task predict_all_zones (73 zone(s) failed — check logs above; 1404)
[2026-03-25T14:38:13.398+0000] {local_task_job_runner.py:240} INFO - Task exited with return code 1
[2026-03-25T14:38:13.421+0000] {taskinstance.py:3498} INFO - 1 downstream tasks scheduled from follow-on schedule check
[2026-03-25T14:38:13.425+0000] {local_task_job_runner.py:222} INFO - ::endgroup::
