[2026-03-25T11:30:01.544+0000] {local_task_job_runner.py:120} INFO - ::group::Pre task execution logs
[2026-03-25T11:30:01.577+0000] {taskinstance.py:2076} INFO - Dependencies all met for dep_context=non-requeueable deps ti=<TaskInstance: climarisk_predictions.predict_all_zones scheduled__2026-03-25T11:00:00+00:00 [queued]>
[2026-03-25T11:30:01.586+0000] {taskinstance.py:2076} INFO - Dependencies all met for dep_context=requeueable deps ti=<TaskInstance: climarisk_predictions.predict_all_zones scheduled__2026-03-25T11:00:00+00:00 [queued]>
[2026-03-25T11:30:01.586+0000] {taskinstance.py:2306} INFO - Starting attempt 1 of 2
[2026-03-25T11:30:01.597+0000] {taskinstance.py:2330} INFO - Executing <Task(PythonOperator): predict_all_zones> on 2026-03-25 11:00:00+00:00
[2026-03-25T11:30:01.606+0000] {logging_mixin.py:188} WARNING - /home/airflow/.local/lib/python3.12/site-packages/airflow/task/task_runner/standard_task_runner.py:61 DeprecationWarning: This process (pid=30415) is multi-threaded, use of fork() may lead to deadlocks in the child.
[2026-03-25T11:30:01.604+0000] {standard_task_runner.py:90} INFO - Running: ['airflow', 'tasks', 'run', '***_predictions', 'predict_all_zones', 'scheduled__2026-03-25T11:00:00+00:00', '--job-id', '466', '--raw', '--subdir', 'DAGS_FOLDER/***_dag.py', '--cfg-path', '/tmp/tmptofytcyy']
[2026-03-25T11:30:01.607+0000] {standard_task_runner.py:63} INFO - Started process 30416 to run task
[2026-03-25T11:30:01.607+0000] {standard_task_runner.py:91} INFO - Job 466: Subtask predict_all_zones
[2026-03-25T11:30:01.681+0000] {task_command.py:426} INFO - Running <TaskInstance: climarisk_predictions.predict_all_zones scheduled__2026-03-25T11:00:00+00:00 [running]> on host 6146f0e8983c
[2026-03-25T11:30:01.796+0000] {taskinstance.py:2648} INFO - Exporting env vars: AIRFLOW_CTX_DAG_OWNER='***' AIRFLOW_CTX_DAG_ID='***_predictions' AIRFLOW_CTX_TASK_ID='predict_all_zones' AIRFLOW_CTX_EXECUTION_DATE='2026-03-25T11:00:00+00:00' AIRFLOW_CTX_TRY_NUMBER='1' AIRFLOW_CTX_DAG_RUN_ID='scheduled__2026-03-25T11:00:00+00:00'
[2026-03-25T11:30:01.797+0000] {taskinstance.py:430} INFO - ::endgroup::
[2026-03-25T11:30:06.208+0000] {climarisk_dag.py:145} INFO - ✅ Alger: flood=LOW(0.05) fire=LOW(0.14)
[2026-03-25T11:30:06.433+0000] {climarisk_dag.py:145} INFO - ✅ Cairo: flood=LOW(0.05) fire=LOW(0.14)
[2026-03-25T11:30:06.682+0000] {climarisk_dag.py:145} INFO - ✅ Lagos: flood=LOW(0.05) fire=LOW(0.14)
[2026-03-25T11:30:08.797+0000] {climarisk_dag.py:145} INFO - ✅ Kano: flood=LOW(0.05) fire=LOW(0.14)
[2026-03-25T11:30:09.027+0000] {climarisk_dag.py:145} INFO - ✅ Abuja: flood=LOW(0.05) fire=LOW(0.14)
[2026-03-25T11:30:09.300+0000] {climarisk_dag.py:145} INFO - ✅ Johannesburg: flood=LOW(0.05) fire=LOW(0.14)
[2026-03-25T11:30:09.509+0000] {climarisk_dag.py:145} INFO - ✅ Cape Town: flood=LOW(0.05) fire=LOW(0.14)
[2026-03-25T11:30:10.702+0000] {climarisk_dag.py:145} INFO - ✅ Nairobi: flood=LOW(0.05) fire=LOW(0.14)
[2026-03-25T11:30:13.505+0000] {climarisk_dag.py:145} INFO - ✅ Addis Ababa: flood=LOW(0.05) fire=LOW(0.14)
[2026-03-25T11:30:15.152+0000] {climarisk_dag.py:145} INFO - ✅ Dar es Salaam: flood=LOW(0.05) fire=LOW(0.14)
[2026-03-25T11:30:16.390+0000] {climarisk_dag.py:145} INFO - ✅ Accra: flood=LOW(0.05) fire=LOW(0.14)
[2026-03-25T11:30:17.579+0000] {climarisk_dag.py:145} INFO - ✅ Casablanca: flood=LOW(0.05) fire=LOW(0.14)
[2026-03-25T11:30:18.577+0000] {climarisk_dag.py:145} INFO - ✅ Mohammedia: flood=LOW(0.05) fire=LOW(0.14)
[2026-03-25T11:30:19.662+0000] {climarisk_dag.py:145} INFO - ✅ El Jadida: flood=LOW(0.05) fire=LOW(0.14)
[2026-03-25T11:30:20.550+0000] {climarisk_dag.py:145} INFO - ✅ Settat: flood=LOW(0.05) fire=LOW(0.14)
[2026-03-25T11:30:21.299+0000] {climarisk_dag.py:145} INFO - ✅ Berrechid: flood=LOW(0.05) fire=LOW(0.14)
[2026-03-25T11:30:21.971+0000] {climarisk_dag.py:145} INFO - ✅ Benslimane: flood=LOW(0.05) fire=LOW(0.14)
[2026-03-25T11:30:22.603+0000] {climarisk_dag.py:145} INFO - ✅ Sidi Bennour: flood=LOW(0.05) fire=LOW(0.14)
[2026-03-25T11:30:23.164+0000] {climarisk_dag.py:145} INFO - ✅ Azemmour: flood=LOW(0.05) fire=LOW(0.14)
[2026-03-25T11:30:23.697+0000] {climarisk_dag.py:145} INFO - ✅ Mediouna: flood=LOW(0.05) fire=LOW(0.14)
[2026-03-25T11:30:24.182+0000] {climarisk_dag.py:145} INFO - ✅ Nouaceur: flood=LOW(0.05) fire=LOW(0.14)
[2026-03-25T11:30:24.611+0000] {climarisk_dag.py:145} INFO - ✅ Rabat: flood=LOW(0.05) fire=LOW(0.14)
[2026-03-25T11:30:24.977+0000] {climarisk_dag.py:145} INFO - ✅ Salé: flood=LOW(0.05) fire=LOW(0.14)
[2026-03-25T11:30:25.384+0000] {climarisk_dag.py:145} INFO - ✅ Kénitra: flood=LOW(0.05) fire=LOW(0.14)
[2026-03-25T11:30:25.822+0000] {climarisk_dag.py:145} INFO - ✅ Témara: flood=LOW(0.05) fire=LOW(0.14)
[2026-03-25T11:30:26.266+0000] {climarisk_dag.py:145} INFO - ✅ Skhirat: flood=LOW(0.05) fire=LOW(0.14)
[2026-03-25T11:30:26.610+0000] {climarisk_dag.py:145} INFO - ✅ Tiflet: flood=LOW(0.05) fire=LOW(0.14)
[2026-03-25T11:30:26.981+0000] {climarisk_dag.py:145} INFO - ✅ Khémisset: flood=LOW(0.05) fire=LOW(0.14)
[2026-03-25T11:30:27.374+0000] {climarisk_dag.py:145} INFO - ✅ Sidi Slimane: flood=LOW(0.05) fire=LOW(0.14)
[2026-03-25T11:30:27.756+0000] {climarisk_dag.py:145} INFO - ✅ Sidi Kacem: flood=LOW(0.05) fire=LOW(0.14)
[2026-03-25T11:30:28.132+0000] {climarisk_dag.py:145} INFO - ✅ Souk el Arba: flood=LOW(0.05) fire=LOW(0.14)
[2026-03-25T11:30:28.476+0000] {climarisk_dag.py:145} INFO - ✅ Ouazzane: flood=LOW(0.05) fire=LOW(0.14)
[2026-03-25T11:30:28.880+0000] {climarisk_dag.py:145} INFO - ✅ Fès: flood=LOW(0.05) fire=LOW(0.14)
[2026-03-25T11:30:29.189+0000] {climarisk_dag.py:145} INFO - ✅ Meknès: flood=LOW(0.05) fire=LOW(0.14)
[2026-03-25T11:30:29.564+0000] {climarisk_dag.py:145} INFO - ✅ Ifrane: flood=LOW(0.05) fire=LOW(0.14)
[2026-03-25T11:30:29.960+0000] {climarisk_dag.py:145} INFO - ✅ Azrou: flood=LOW(0.05) fire=LOW(0.14)
[2026-03-25T11:30:30.314+0000] {climarisk_dag.py:145} INFO - ✅ Taounate: flood=LOW(0.05) fire=LOW(0.14)
[2026-03-25T11:30:30.675+0000] {climarisk_dag.py:145} INFO - ✅ Taza: flood=LOW(0.05) fire=LOW(0.14)
[2026-03-25T11:30:31.076+0000] {climarisk_dag.py:145} INFO - ✅ Sefrou: flood=LOW(0.05) fire=LOW(0.14)
[2026-03-25T11:30:31.463+0000] {climarisk_dag.py:145} INFO - ✅ Boulemane: flood=LOW(0.05) fire=LOW(0.14)
[2026-03-25T11:30:31.872+0000] {climarisk_dag.py:145} INFO - ✅ El Hajeb: flood=LOW(0.05) fire=LOW(0.14)
[2026-03-25T11:30:32.236+0000] {climarisk_dag.py:145} INFO - ✅ Missour: flood=LOW(0.05) fire=LOW(0.14)
[2026-03-25T11:30:32.604+0000] {climarisk_dag.py:145} INFO - ✅ Guercif: flood=LOW(0.05) fire=LOW(0.14)
[2026-03-25T11:30:33.164+0000] {climarisk_dag.py:145} INFO - ✅ Marrakech: flood=LOW(0.05) fire=LOW(0.14)
[2026-03-25T11:30:33.584+0000] {climarisk_dag.py:145} INFO - ✅ Safi: flood=LOW(0.05) fire=LOW(0.14)
[2026-03-25T11:30:33.910+0000] {climarisk_dag.py:145} INFO - ✅ Essaouira: flood=LOW(0.05) fire=LOW(0.14)
[2026-03-25T11:30:34.268+0000] {climarisk_dag.py:145} INFO - ✅ El Kelaa des Sraghna: flood=LOW(0.05) fire=LOW(0.14)
[2026-03-25T11:30:34.725+0000] {climarisk_dag.py:145} INFO - ✅ Chichaoua: flood=LOW(0.05) fire=LOW(0.14)
[2026-03-25T11:30:35.228+0000] {climarisk_dag.py:145} INFO - ✅ Youssoufia: flood=LOW(0.05) fire=LOW(0.14)
[2026-03-25T11:30:35.808+0000] {climarisk_dag.py:145} INFO - ✅ Ben Guerir: flood=LOW(0.05) fire=LOW(0.14)
[2026-03-25T11:30:36.226+0000] {climarisk_dag.py:145} INFO - ✅ Tahanaout: flood=LOW(0.05) fire=LOW(0.14)
[2026-03-25T11:30:36.471+0000] {climarisk_dag.py:145} INFO - ✅ Ait Ourir: flood=LOW(0.05) fire=LOW(0.14)
[2026-03-25T11:30:36.834+0000] {climarisk_dag.py:145} INFO - ✅ Demnate: flood=LOW(0.05) fire=LOW(0.14)
[2026-03-25T11:30:37.255+0000] {climarisk_dag.py:145} INFO - ✅ Tanger: flood=LOW(0.05) fire=LOW(0.14)
[2026-03-25T11:30:37.573+0000] {climarisk_dag.py:145} INFO - ✅ Tétouan: flood=LOW(0.05) fire=LOW(0.14)
[2026-03-25T11:30:37.897+0000] {climarisk_dag.py:145} INFO - ✅ Al Hoceïma: flood=LOW(0.05) fire=LOW(0.14)
[2026-03-25T11:30:38.323+0000] {climarisk_dag.py:145} INFO - ✅ Larache: flood=LOW(0.05) fire=LOW(0.14)
[2026-03-25T11:30:38.679+0000] {climarisk_dag.py:145} INFO - ✅ Chefchaouen: flood=LOW(0.05) fire=LOW(0.14)
[2026-03-25T11:30:39.002+0000] {climarisk_dag.py:145} INFO - ✅ Asilah: flood=LOW(0.05) fire=LOW(0.14)
[2026-03-25T11:30:39.295+0000] {climarisk_dag.py:145} INFO - ✅ Fnideq: flood=LOW(0.05) fire=LOW(0.14)
[2026-03-25T11:30:39.651+0000] {climarisk_dag.py:145} INFO - ✅ Martil: flood=LOW(0.05) fire=LOW(0.14)
[2026-03-25T11:30:40.016+0000] {climarisk_dag.py:145} INFO - ✅ Mdiq: flood=LOW(0.05) fire=LOW(0.14)
[2026-03-25T11:30:40.346+0000] {climarisk_dag.py:145} INFO - ✅ Ksar el Kebir: flood=LOW(0.05) fire=LOW(0.14)
[2026-03-25T11:30:41.610+0000] {climarisk_dag.py:145} INFO - ✅ Ouazzane: flood=LOW(0.05) fire=LOW(0.14)
[2026-03-25T11:30:41.933+0000] {climarisk_dag.py:145} INFO - ✅ Targuist: flood=LOW(0.05) fire=LOW(0.14)
[2026-03-25T11:30:42.379+0000] {climarisk_dag.py:145} INFO - ✅ Imzouren: flood=LOW(0.05) fire=LOW(0.14)
[2026-03-25T11:30:42.742+0000] {climarisk_dag.py:145} INFO - ✅ Beni Mellal-Khenifra: flood=LOW(0.05) fire=LOW(0.14)
[2026-03-25T11:30:43.173+0000] {climarisk_dag.py:145} INFO - ✅ Khénifra: flood=LOW(0.05) fire=LOW(0.14)
[2026-03-25T11:30:43.569+0000] {climarisk_dag.py:145} INFO - ✅ Azilal: flood=LOW(0.05) fire=LOW(0.14)
[2026-03-25T11:30:44.000+0000] {climarisk_dag.py:145} INFO - ✅ Nanjing: flood=LOW(0.05) fire=LOW(0.14)
[2026-03-25T11:30:44.405+0000] {climarisk_dag.py:145} INFO - ✅ Khouribga: flood=LOW(0.05) fire=LOW(0.14)
[2026-03-25T11:30:44.786+0000] {climarisk_dag.py:145} INFO - ✅ Fkih Ben Salah: flood=LOW(0.05) fire=LOW(0.14)
[2026-03-25T11:30:45.205+0000] {climarisk_dag.py:145} INFO - ✅ Souk Sebt: flood=LOW(0.05) fire=LOW(0.14)
[2026-03-25T11:30:45.644+0000] {climarisk_dag.py:145} INFO - ✅ Midelt: flood=LOW(0.05) fire=LOW(0.14)
[2026-03-25T11:30:45.995+0000] {climarisk_dag.py:145} INFO - ✅ Zaouiat Cheikh: flood=LOW(0.05) fire=LOW(0.14)
[2026-03-25T11:30:46.290+0000] {climarisk_dag.py:145} INFO - ✅ Oujda: flood=LOW(0.05) fire=LOW(0.14)
[2026-03-25T11:30:46.609+0000] {climarisk_dag.py:145} INFO - ✅ Nador: flood=LOW(0.05) fire=LOW(0.14)
[2026-03-25T11:30:46.931+0000] {climarisk_dag.py:145} INFO - ✅ Berkane: flood=LOW(0.05) fire=LOW(0.14)
[2026-03-25T11:30:47.289+0000] {climarisk_dag.py:145} INFO - ✅ Taourirt: flood=LOW(0.05) fire=LOW(0.14)
[2026-03-25T11:30:47.726+0000] {climarisk_dag.py:145} INFO - ✅ Jerada: flood=LOW(0.05) fire=LOW(0.14)
[2026-03-25T11:30:48.057+0000] {climarisk_dag.py:145} INFO - ✅ Figuig: flood=LOW(0.05) fire=LOW(0.14)
[2026-03-25T11:30:48.411+0000] {climarisk_dag.py:145} INFO - ✅ Bouarfa: flood=LOW(0.05) fire=LOW(0.14)
[2026-03-25T11:30:48.780+0000] {climarisk_dag.py:145} INFO - ✅ Selouane: flood=LOW(0.05) fire=LOW(0.14)
[2026-03-25T11:30:49.169+0000] {climarisk_dag.py:145} INFO - ✅ Zaio: flood=LOW(0.05) fire=LOW(0.14)
[2026-03-25T11:30:49.581+0000] {climarisk_dag.py:145} INFO - ✅ Agadir: flood=LOW(0.05) fire=LOW(0.14)
[2026-03-25T11:30:49.946+0000] {climarisk_dag.py:145} INFO - ✅ Inezgane: flood=LOW(0.05) fire=LOW(0.14)
[2026-03-25T11:30:50.365+0000] {climarisk_dag.py:145} INFO - ✅ Tiznit: flood=LOW(0.05) fire=LOW(0.14)
[2026-03-25T11:30:50.715+0000] {climarisk_dag.py:145} INFO - ✅ Taroudannt: flood=LOW(0.05) fire=LOW(0.14)
[2026-03-25T11:30:51.041+0000] {climarisk_dag.py:145} INFO - ✅ Ouarzazate: flood=LOW(0.05) fire=LOW(0.14)
[2026-03-25T11:30:51.429+0000] {climarisk_dag.py:145} INFO - ✅ Ait Melloul: flood=LOW(0.05) fire=LOW(0.14)
[2026-03-25T11:30:51.751+0000] {climarisk_dag.py:145} INFO - ✅ Biougra: flood=LOW(0.05) fire=LOW(0.14)
[2026-03-25T11:30:52.153+0000] {climarisk_dag.py:145} INFO - ✅ Chtouka Ait Baha: flood=LOW(0.05) fire=LOW(0.14)
[2026-03-25T11:30:52.574+0000] {climarisk_dag.py:145} INFO - ✅ Tata: flood=LOW(0.05) fire=LOW(0.14)
[2026-03-25T11:30:52.913+0000] {climarisk_dag.py:145} INFO - ✅ Sidi Ifni: flood=LOW(0.05) fire=LOW(0.14)
[2026-03-25T11:30:53.309+0000] {climarisk_dag.py:145} INFO - ✅ Massa: flood=LOW(0.05) fire=LOW(0.14)
[2026-03-25T11:30:53.687+0000] {climarisk_dag.py:145} INFO - ✅ Errachidia: flood=LOW(0.05) fire=LOW(0.14)
[2026-03-25T11:30:54.096+0000] {climarisk_dag.py:145} INFO - ✅ Zagora: flood=LOW(0.05) fire=LOW(0.14)
[2026-03-25T11:30:54.486+0000] {climarisk_dag.py:145} INFO - ✅ Tinghir: flood=LOW(0.05) fire=LOW(0.14)
[2026-03-25T11:30:54.879+0000] {climarisk_dag.py:145} INFO - ✅ Ouarzazate: flood=LOW(0.05) fire=LOW(0.14)
[2026-03-25T11:30:55.337+0000] {climarisk_dag.py:145} INFO - ✅ Rissani: flood=LOW(0.05) fire=LOW(0.14)
[2026-03-25T11:30:55.772+0000] {climarisk_dag.py:145} INFO - ✅ Erfoud: flood=LOW(0.05) fire=LOW(0.14)
[2026-03-25T11:30:56.220+0000] {climarisk_dag.py:145} INFO - ✅ Merzouga: flood=LOW(0.05) fire=LOW(0.14)
[2026-03-25T11:30:56.609+0000] {climarisk_dag.py:145} INFO - ✅ Alnif: flood=LOW(0.05) fire=LOW(0.14)
[2026-03-25T11:30:57.043+0000] {climarisk_dag.py:145} INFO - ✅ Goulmima: flood=LOW(0.05) fire=LOW(0.14)
[2026-03-25T11:30:57.416+0000] {climarisk_dag.py:145} INFO - ✅ Laâyoune: flood=LOW(0.05) fire=LOW(0.14)
[2026-03-25T11:30:58.394+0000] {climarisk_dag.py:145} INFO - ✅ Boujdour: flood=LOW(0.05) fire=LOW(0.14)
[2026-03-25T11:30:58.856+0000] {climarisk_dag.py:145} INFO - ✅ Tarfaya: flood=LOW(0.05) fire=LOW(0.14)
[2026-03-25T11:30:59.303+0000] {climarisk_dag.py:145} INFO - ✅ Smara: flood=LOW(0.05) fire=LOW(0.14)
[2026-03-25T11:30:59.702+0000] {climarisk_dag.py:145} INFO - ✅ El Marsa: flood=LOW(0.05) fire=LOW(0.14)
[2026-03-25T11:31:00.308+0000] {climarisk_dag.py:145} INFO - ✅ Dakhla: flood=LOW(0.05) fire=LOW(0.14)
[2026-03-25T11:31:00.894+0000] {climarisk_dag.py:145} INFO - ✅ Aousserd: flood=LOW(0.05) fire=LOW(0.14)
[2026-03-25T11:31:01.275+0000] {climarisk_dag.py:145} INFO - ✅ Guelmim: flood=LOW(0.05) fire=LOW(0.14)
[2026-03-25T11:31:01.633+0000] {climarisk_dag.py:145} INFO - ✅ Tan-Tan: flood=LOW(0.05) fire=LOW(0.14)
[2026-03-25T11:31:02.057+0000] {climarisk_dag.py:145} INFO - ✅ Assa: flood=LOW(0.05) fire=LOW(0.14)
[2026-03-25T11:31:02.501+0000] {climarisk_dag.py:145} INFO - ✅ Zag: flood=LOW(0.05) fire=LOW(0.14)
[2026-03-25T11:31:02.816+0000] {climarisk_dag.py:145} INFO - ✅ Sidi Ifni: flood=LOW(0.05) fire=LOW(0.14)
[2026-03-25T11:31:03.327+0000] {climarisk_dag.py:145} INFO - ✅ Tiznit: flood=LOW(0.05) fire=LOW(0.14)
[2026-03-25T11:31:03.717+0000] {climarisk_dag.py:145} INFO - ✅ Tunis: flood=LOW(0.05) fire=LOW(0.14)
[2026-03-25T11:31:04.102+0000] {climarisk_dag.py:145} INFO - ✅ Kampala: flood=LOW(0.05) fire=LOW(0.14)
[2026-03-25T11:31:04.470+0000] {climarisk_dag.py:145} INFO - ✅ Dakar: flood=LOW(0.05) fire=LOW(0.14)
[2026-03-25T11:31:04.922+0000] {climarisk_dag.py:145} INFO - ✅ Kinshasa: flood=LOW(0.05) fire=LOW(0.14)
[2026-03-25T11:31:05.254+0000] {climarisk_dag.py:145} INFO - ✅ Luanda: flood=LOW(0.05) fire=LOW(0.14)
[2026-03-25T11:31:05.770+0000] {climarisk_dag.py:145} INFO - ✅ Khartoum: flood=LOW(0.05) fire=LOW(0.14)
[2026-03-25T11:31:06.143+0000] {climarisk_dag.py:145} INFO - ✅ Harare: flood=LOW(0.05) fire=LOW(0.14)
[2026-03-25T11:31:06.469+0000] {climarisk_dag.py:145} INFO - ✅ Lusaka: flood=LOW(0.05) fire=LOW(0.14)
[2026-03-25T11:31:06.932+0000] {climarisk_dag.py:145} INFO - ✅ Maputo: flood=LOW(0.05) fire=LOW(0.14)
[2026-03-25T11:31:07.381+0000] {climarisk_dag.py:145} INFO - ✅ Antananarivo: flood=LOW(0.05) fire=LOW(0.14)
[2026-03-25T11:31:07.877+0000] {climarisk_dag.py:145} INFO - ✅ Abidjan: flood=LOW(0.05) fire=LOW(0.14)
[2026-03-25T11:31:08.214+0000] {climarisk_dag.py:145} INFO - ✅ Douala: flood=LOW(0.05) fire=LOW(0.14)
[2026-03-25T11:31:08.556+0000] {climarisk_dag.py:145} INFO - ✅ Niamey: flood=LOW(0.05) fire=LOW(0.14)
[2026-03-25T11:31:08.951+0000] {climarisk_dag.py:145} INFO - ✅ Ouagadougou: flood=LOW(0.05) fire=LOW(0.14)
[2026-03-25T11:31:09.580+0000] {climarisk_dag.py:145} INFO - ✅ Bamako: flood=LOW(0.05) fire=LOW(0.14)
[2026-03-25T11:31:09.965+0000] {climarisk_dag.py:145} INFO - ✅ Windhoek: flood=LOW(0.05) fire=LOW(0.14)
[2026-03-25T11:31:10.389+0000] {climarisk_dag.py:145} INFO - ✅ Port Harcourt: flood=LOW(0.05) fire=LOW(0.14)
[2026-03-25T11:31:10.714+0000] {climarisk_dag.py:145} INFO - ✅ Warri: flood=LOW(0.05) fire=LOW(0.14)
[2026-03-25T11:31:11.121+0000] {climarisk_dag.py:145} INFO - ✅ Calabar: flood=LOW(0.05) fire=LOW(0.14)
[2026-03-25T11:31:11.517+0000] {climarisk_dag.py:145} INFO - ✅ Beijing: flood=LOW(0.05) fire=LOW(0.14)
[2026-03-25T11:31:11.892+0000] {climarisk_dag.py:145} INFO - ✅ Shanghai: flood=LOW(0.05) fire=LOW(0.14)
[2026-03-25T11:31:13.166+0000] {climarisk_dag.py:145} INFO - ✅ Guangzhou: flood=LOW(0.05) fire=LOW(0.14)
[2026-03-25T11:31:13.554+0000] {climarisk_dag.py:145} INFO - ✅ Chengdu: flood=LOW(0.05) fire=LOW(0.14)
[2026-03-25T11:31:13.947+0000] {climarisk_dag.py:145} INFO - ✅ Wuhan: flood=LOW(0.05) fire=LOW(0.14)
[2026-03-25T11:31:14.319+0000] {climarisk_dag.py:145} INFO - ✅ Chongqing: flood=LOW(0.05) fire=LOW(0.14)
[2026-03-25T11:31:14.656+0000] {climarisk_dag.py:145} INFO - ✅ Zhengzhou: flood=LOW(0.05) fire=LOW(0.14)
[2026-03-25T11:31:15.084+0000] {climarisk_dag.py:145} INFO - ✅ Changsha: flood=LOW(0.05) fire=LOW(0.14)
[2026-03-25T11:31:15.447+0000] {climarisk_dag.py:145} INFO - ✅ Nanchang: flood=LOW(0.05) fire=LOW(0.14)
[2026-03-25T11:31:15.771+0000] {climarisk_dag.py:145} INFO - ✅ Yichang: flood=LOW(0.05) fire=LOW(0.14)
[2026-03-25T11:31:16.092+0000] {climarisk_dag.py:145} INFO - ✅ Haikou: flood=LOW(0.05) fire=LOW(0.14)
[2026-03-25T11:31:16.479+0000] {climarisk_dag.py:145} INFO - ✅ Hong Kong: flood=LOW(0.05) fire=LOW(0.14)
[2026-03-25T11:31:16.834+0000] {climarisk_dag.py:145} INFO - ✅ Taipei: flood=LOW(0.05) fire=LOW(0.14)
[2026-03-25T11:31:17.206+0000] {climarisk_dag.py:145} INFO - ✅ Kaohsiung: flood=LOW(0.05) fire=LOW(0.14)
[2026-03-25T11:31:17.678+0000] {climarisk_dag.py:145} INFO - ✅ Mumbai: flood=LOW(0.05) fire=LOW(0.14)
[2026-03-25T11:31:18.002+0000] {climarisk_dag.py:145} INFO - ✅ Delhi: flood=LOW(0.05) fire=LOW(0.14)
[2026-03-25T11:31:18.385+0000] {climarisk_dag.py:145} INFO - ✅ Bangalore: flood=LOW(0.05) fire=LOW(0.14)
[2026-03-25T11:31:18.732+0000] {climarisk_dag.py:145} INFO - ✅ Chennai: flood=LOW(0.05) fire=LOW(0.14)
[2026-03-25T11:31:19.065+0000] {climarisk_dag.py:145} INFO - ✅ Kolkata: flood=LOW(0.05) fire=LOW(0.14)
[2026-03-25T11:31:19.440+0000] {climarisk_dag.py:145} INFO - ✅ Patna: flood=LOW(0.05) fire=LOW(0.14)
[2026-03-25T11:31:19.784+0000] {climarisk_dag.py:145} INFO - ✅ Guwahati: flood=LOW(0.05) fire=LOW(0.14)
[2026-03-25T11:31:20.156+0000] {climarisk_dag.py:145} INFO - ✅ Varanasi: flood=LOW(0.05) fire=LOW(0.14)
[2026-03-25T11:31:20.525+0000] {climarisk_dag.py:145} INFO - ✅ Muzaffarpur: flood=LOW(0.05) fire=LOW(0.14)
[2026-03-25T11:31:20.924+0000] {climarisk_dag.py:145} INFO - ✅ Visakhapatnam: flood=LOW(0.05) fire=LOW(0.14)
[2026-03-25T11:31:21.292+0000] {climarisk_dag.py:145} INFO - ✅ Vijayawada: flood=LOW(0.05) fire=LOW(0.14)
[2026-03-25T11:31:21.652+0000] {climarisk_dag.py:145} INFO - ✅ Tokyo: flood=LOW(0.05) fire=LOW(0.14)
[2026-03-25T11:31:22.030+0000] {climarisk_dag.py:145} INFO - ✅ Osaka: flood=LOW(0.05) fire=LOW(0.14)
[2026-03-25T11:31:22.337+0000] {climarisk_dag.py:145} INFO - ✅ Sapporo: flood=LOW(0.05) fire=LOW(0.14)
[2026-03-25T11:31:22.693+0000] {climarisk_dag.py:145} INFO - ✅ Naha: flood=LOW(0.05) fire=LOW(0.14)
[2026-03-25T11:31:23.040+0000] {climarisk_dag.py:145} INFO - ✅ Seoul: flood=LOW(0.05) fire=LOW(0.14)
[2026-03-25T11:31:23.403+0000] {climarisk_dag.py:145} INFO - ✅ Busan: flood=LOW(0.05) fire=LOW(0.14)
[2026-03-25T11:31:23.742+0000] {climarisk_dag.py:145} INFO - ✅ Bangkok: flood=LOW(0.05) fire=LOW(0.14)
[2026-03-25T11:31:24.100+0000] {climarisk_dag.py:145} INFO - ✅ Chiang Mai: flood=LOW(0.05) fire=LOW(0.14)
[2026-03-25T11:31:24.413+0000] {climarisk_dag.py:145} INFO - ✅ Jakarta: flood=LOW(0.05) fire=LOW(0.14)
[2026-03-25T11:31:24.765+0000] {climarisk_dag.py:145} INFO - ✅ Surabaya: flood=LOW(0.05) fire=LOW(0.14)
[2026-03-25T11:31:25.059+0000] {climarisk_dag.py:145} INFO - ✅ Medan: flood=LOW(0.05) fire=LOW(0.14)
[2026-03-25T11:31:25.421+0000] {climarisk_dag.py:145} INFO - ✅ Manila: flood=LOW(0.05) fire=LOW(0.14)
[2026-03-25T11:31:25.784+0000] {climarisk_dag.py:145} INFO - ✅ Cebu: flood=LOW(0.05) fire=LOW(0.14)
[2026-03-25T11:31:26.132+0000] {climarisk_dag.py:145} INFO - ✅ Tacloban: flood=LOW(0.05) fire=LOW(0.14)
[2026-03-25T11:31:26.429+0000] {climarisk_dag.py:145} INFO - ✅ Legazpi: flood=LOW(0.05) fire=LOW(0.14)
[2026-03-25T11:31:26.794+0000] {climarisk_dag.py:145} INFO - ✅ Zamboanga: flood=LOW(0.05) fire=LOW(0.14)
[2026-03-25T11:31:27.146+0000] {climarisk_dag.py:145} INFO - ✅ Kuala Lumpur: flood=LOW(0.05) fire=LOW(0.14)
[2026-03-25T11:31:27.489+0000] {climarisk_dag.py:145} INFO - ✅ Singapore: flood=LOW(0.05) fire=LOW(0.14)
[2026-03-25T11:31:27.805+0000] {climarisk_dag.py:145} INFO - ✅ Ho Chi Minh City: flood=LOW(0.05) fire=LOW(0.14)
[2026-03-25T11:31:26.927+0000] {climarisk_dag.py:145} INFO - ✅ Hanoi: flood=LOW(0.05) fire=LOW(0.14)
[2026-03-25T11:31:27.222+0000] {climarisk_dag.py:145} INFO - ✅ Da Nang: flood=LOW(0.05) fire=LOW(0.14)
[2026-03-25T11:31:27.552+0000] {climarisk_dag.py:145} INFO - ✅ Can Tho: flood=LOW(0.05) fire=LOW(0.14)
[2026-03-25T11:31:27.847+0000] {climarisk_dag.py:145} INFO - ✅ My Tho: flood=LOW(0.05) fire=LOW(0.14)
[2026-03-25T11:31:28.172+0000] {climarisk_dag.py:145} INFO - ✅ Dhaka: flood=LOW(0.05) fire=LOW(0.14)
[2026-03-25T11:31:28.518+0000] {climarisk_dag.py:145} INFO - ✅ Chittagong: flood=LOW(0.05) fire=LOW(0.14)
[2026-03-25T11:31:28.845+0000] {climarisk_dag.py:145} INFO - ✅ Sylhet: flood=LOW(0.05) fire=LOW(0.14)
[2026-03-25T11:31:29.142+0000] {climarisk_dag.py:145} INFO - ✅ Khulna: flood=LOW(0.05) fire=LOW(0.14)
[2026-03-25T11:31:29.410+0000] {climarisk_dag.py:145} INFO - ✅ Cox's Bazar: flood=LOW(0.05) fire=LOW(0.14)
[2026-03-25T11:31:29.699+0000] {climarisk_dag.py:145} INFO - ✅ Karachi: flood=LOW(0.05) fire=LOW(0.14)
[2026-03-25T11:31:30.088+0000] {climarisk_dag.py:145} INFO - ✅ Lahore: flood=LOW(0.05) fire=LOW(0.14)
[2026-03-25T11:31:30.422+0000] {climarisk_dag.py:145} INFO - ✅ Colombo: flood=LOW(0.05) fire=LOW(0.14)
[2026-03-25T11:31:30.759+0000] {climarisk_dag.py:145} INFO - ✅ Kathmandu: flood=LOW(0.05) fire=LOW(0.14)
[2026-03-25T11:31:31.030+0000] {climarisk_dag.py:145} INFO - ✅ Yangon: flood=LOW(0.05) fire=LOW(0.14)
[2026-03-25T11:31:31.309+0000] {climarisk_dag.py:145} INFO - ✅ Sittwe: flood=LOW(0.05) fire=LOW(0.14)
[2026-03-25T11:31:31.581+0000] {climarisk_dag.py:145} INFO - ✅ Phnom Penh: flood=LOW(0.05) fire=LOW(0.14)
[2026-03-25T11:31:31.903+0000] {climarisk_dag.py:145} INFO - ✅ Riyadh: flood=LOW(0.05) fire=LOW(0.14)
[2026-03-25T11:31:32.246+0000] {climarisk_dag.py:145} INFO - ✅ Dubai: flood=LOW(0.05) fire=LOW(0.14)
[2026-03-25T11:31:32.572+0000] {climarisk_dag.py:145} INFO - ✅ Tehran: flood=LOW(0.05) fire=LOW(0.14)
[2026-03-25T11:31:32.932+0000] {climarisk_dag.py:145} INFO - ✅ Istanbul: flood=LOW(0.05) fire=LOW(0.14)
[2026-03-25T11:31:33.281+0000] {climarisk_dag.py:145} INFO - ✅ Ankara: flood=LOW(0.05) fire=LOW(0.14)
[2026-03-25T11:31:33.553+0000] {climarisk_dag.py:145} INFO - ✅ Baghdad: flood=LOW(0.05) fire=LOW(0.14)
[2026-03-25T11:31:34.002+0000] {climarisk_dag.py:145} INFO - ✅ Baku: flood=LOW(0.05) fire=LOW(0.14)
[2026-03-25T11:31:34.347+0000] {climarisk_dag.py:145} INFO - ✅ Tashkent: flood=LOW(0.05) fire=LOW(0.14)
[2026-03-25T11:31:34.676+0000] {climarisk_dag.py:145} INFO - ✅ Almaty: flood=LOW(0.05) fire=LOW(0.14)
[2026-03-25T11:31:35.014+0000] {climarisk_dag.py:145} INFO - ✅ Guam: flood=LOW(0.05) fire=LOW(0.14)
[2026-03-25T11:31:35.358+0000] {climarisk_dag.py:145} INFO - ✅ Paris: flood=LOW(0.05) fire=LOW(0.14)
[2026-03-25T11:31:35.807+0000] {climarisk_dag.py:145} INFO - ✅ Lyon: flood=LOW(0.05) fire=LOW(0.14)
[2026-03-25T11:31:36.203+0000] {climarisk_dag.py:145} INFO - ✅ Marseille: flood=LOW(0.05) fire=LOW(0.14)
[2026-03-25T11:31:36.556+0000] {climarisk_dag.py:145} INFO - ✅ Toulouse: flood=LOW(0.05) fire=LOW(0.14)
[2026-03-25T11:31:36.991+0000] {climarisk_dag.py:145} INFO - ✅ Bordeaux: flood=LOW(0.05) fire=LOW(0.14)
[2026-03-25T11:31:37.409+0000] {climarisk_dag.py:145} INFO - ✅ Nantes: flood=LOW(0.05) fire=LOW(0.14)
[2026-03-25T11:31:37.789+0000] {climarisk_dag.py:145} INFO - ✅ Strasbourg: flood=LOW(0.05) fire=LOW(0.14)
[2026-03-25T11:31:38.106+0000] {climarisk_dag.py:145} INFO - ✅ Lille: flood=LOW(0.05) fire=LOW(0.14)
[2026-03-25T11:31:38.415+0000] {climarisk_dag.py:145} INFO - ✅ Montpellier: flood=LOW(0.05) fire=LOW(0.14)
[2026-03-25T11:31:38.836+0000] {climarisk_dag.py:145} INFO - ✅ Nice: flood=LOW(0.05) fire=LOW(0.14)
[2026-03-25T11:31:39.208+0000] {climarisk_dag.py:145} INFO - ✅ London: flood=LOW(0.05) fire=LOW(0.14)
[2026-03-25T11:31:39.593+0000] {climarisk_dag.py:145} INFO - ✅ Birmingham: flood=LOW(0.05) fire=LOW(0.14)
[2026-03-25T11:31:39.956+0000] {climarisk_dag.py:145} INFO - ✅ Manchester: flood=LOW(0.05) fire=LOW(0.14)
[2026-03-25T11:31:40.310+0000] {climarisk_dag.py:145} INFO - ✅ Berlin: flood=LOW(0.05) fire=LOW(0.14)
[2026-03-25T11:31:40.637+0000] {climarisk_dag.py:145} INFO - ✅ Hamburg: flood=LOW(0.05) fire=LOW(0.14)
[2026-03-25T11:31:41.039+0000] {climarisk_dag.py:145} INFO - ✅ Munich: flood=LOW(0.05) fire=LOW(0.14)
[2026-03-25T11:31:41.443+0000] {climarisk_dag.py:145} INFO - ✅ Frankfurt: flood=LOW(0.05) fire=LOW(0.14)
[2026-03-25T11:31:41.842+0000] {climarisk_dag.py:145} INFO - ✅ Madrid: flood=LOW(0.05) fire=LOW(0.14)
[2026-03-25T11:31:43.132+0000] {climarisk_dag.py:145} INFO - ✅ Barcelona: flood=LOW(0.05) fire=LOW(0.14)
[2026-03-25T11:31:43.522+0000] {climarisk_dag.py:145} INFO - ✅ Valencia: flood=LOW(0.05) fire=LOW(0.14)
[2026-03-25T11:31:43.953+0000] {climarisk_dag.py:145} INFO - ✅ Malaga: flood=LOW(0.05) fire=LOW(0.14)
[2026-03-25T11:31:44.282+0000] {climarisk_dag.py:145} INFO - ✅ Rome: flood=LOW(0.05) fire=LOW(0.14)
[2026-03-25T11:31:44.658+0000] {climarisk_dag.py:145} INFO - ✅ Milan: flood=LOW(0.05) fire=LOW(0.14)
[2026-03-25T11:31:45.073+0000] {climarisk_dag.py:145} INFO - ✅ Palermo: flood=LOW(0.05) fire=LOW(0.14)
[2026-03-25T11:31:45.501+0000] {climarisk_dag.py:145} INFO - ✅ Amsterdam: flood=LOW(0.05) fire=LOW(0.14)
[2026-03-25T11:31:45.969+0000] {climarisk_dag.py:145} INFO - ✅ Brussels: flood=LOW(0.05) fire=LOW(0.14)
[2026-03-25T11:31:46.302+0000] {climarisk_dag.py:145} INFO - ✅ Vienna: flood=LOW(0.05) fire=LOW(0.14)
[2026-03-25T11:31:46.701+0000] {climarisk_dag.py:145} INFO - ✅ Zurich: flood=LOW(0.05) fire=LOW(0.14)
[2026-03-25T11:31:47.100+0000] {climarisk_dag.py:145} INFO - ✅ Stockholm: flood=LOW(0.05) fire=LOW(0.14)
[2026-03-25T11:31:47.483+0000] {climarisk_dag.py:145} INFO - ✅ Oslo: flood=LOW(0.05) fire=LOW(0.14)
[2026-03-25T11:31:47.834+0000] {climarisk_dag.py:145} INFO - ✅ Copenhagen: flood=LOW(0.05) fire=LOW(0.14)
[2026-03-25T11:31:48.207+0000] {climarisk_dag.py:145} INFO - ✅ Helsinki: flood=LOW(0.05) fire=LOW(0.14)
[2026-03-25T11:31:48.606+0000] {climarisk_dag.py:145} INFO - ✅ Warsaw: flood=LOW(0.05) fire=LOW(0.14)
[2026-03-25T11:31:49.034+0000] {climarisk_dag.py:145} INFO - ✅ Prague: flood=LOW(0.05) fire=LOW(0.14)
[2026-03-25T11:31:49.449+0000] {climarisk_dag.py:145} INFO - ✅ Budapest: flood=LOW(0.05) fire=LOW(0.14)
[2026-03-25T11:31:49.780+0000] {climarisk_dag.py:145} INFO - ✅ Bucharest: flood=LOW(0.05) fire=LOW(0.14)
[2026-03-25T11:31:50.190+0000] {climarisk_dag.py:145} INFO - ✅ Athens: flood=LOW(0.05) fire=LOW(0.14)
[2026-03-25T11:31:50.551+0000] {climarisk_dag.py:145} INFO - ✅ Thessaloniki: flood=LOW(0.05) fire=LOW(0.14)
[2026-03-25T11:31:50.974+0000] {climarisk_dag.py:145} INFO - ✅ Lisbon: flood=LOW(0.05) fire=LOW(0.14)
[2026-03-25T11:31:51.383+0000] {climarisk_dag.py:145} INFO - ✅ Moscow: flood=LOW(0.05) fire=LOW(0.14)
[2026-03-25T11:31:51.737+0000] {climarisk_dag.py:145} INFO - ✅ Saint Petersburg: flood=LOW(0.05) fire=LOW(0.14)
[2026-03-25T11:31:52.085+0000] {climarisk_dag.py:145} INFO - ✅ Krasnoyarsk: flood=LOW(0.05) fire=LOW(0.14)
[2026-03-25T11:31:52.508+0000] {climarisk_dag.py:145} INFO - ✅ Irkutsk: flood=LOW(0.05) fire=LOW(0.14)
[2026-03-25T11:31:52.907+0000] {climarisk_dag.py:145} INFO - ✅ Yakutsk: flood=LOW(0.05) fire=LOW(0.14)
[2026-03-25T11:31:53.250+0000] {climarisk_dag.py:145} INFO - ✅ Khabarovsk: flood=LOW(0.05) fire=LOW(0.14)
[2026-03-25T11:31:53.623+0000] {climarisk_dag.py:145} INFO - ✅ Kyiv: flood=LOW(0.05) fire=LOW(0.14)
[2026-03-25T11:31:53.974+0000] {climarisk_dag.py:145} INFO - ✅ New York: flood=LOW(0.05) fire=LOW(0.14)
[2026-03-25T11:31:54.390+0000] {climarisk_dag.py:145} INFO - ✅ Los Angeles: flood=LOW(0.05) fire=LOW(0.14)
[2026-03-25T11:31:54.740+0000] {climarisk_dag.py:145} INFO - ✅ Chicago: flood=LOW(0.05) fire=LOW(0.14)
[2026-03-25T11:31:55.110+0000] {climarisk_dag.py:145} INFO - ✅ Houston: flood=LOW(0.05) fire=LOW(0.14)
[2026-03-25T11:31:55.537+0000] {climarisk_dag.py:145} INFO - ✅ Miami: flood=LOW(0.05) fire=LOW(0.14)
[2026-03-25T11:31:55.924+0000] {climarisk_dag.py:145} INFO - ✅ New Orleans: flood=LOW(0.05) fire=LOW(0.14)
[2026-03-25T11:31:56.300+0000] {climarisk_dag.py:145} INFO - ✅ Seattle: flood=LOW(0.05) fire=LOW(0.14)
[2026-03-25T11:31:56.776+0000] {climarisk_dag.py:145} INFO - ✅ Sacramento: flood=LOW(0.05) fire=LOW(0.14)
[2026-03-25T11:31:56.829+0000] {climarisk_dag.py:145} INFO - ✅ Fresno: flood=LOW(0.05) fire=LOW(0.14)
[2026-03-25T11:31:57.274+0000] {climarisk_dag.py:145} INFO - ✅ Redding: flood=LOW(0.05) fire=LOW(0.14)
[2026-03-25T11:31:57.626+0000] {climarisk_dag.py:145} INFO - ✅ Memphis: flood=LOW(0.05) fire=LOW(0.14)
[2026-03-25T11:31:58.006+0000] {climarisk_dag.py:145} INFO - ✅ Toronto: flood=LOW(0.05) fire=LOW(0.14)
[2026-03-25T11:31:58.393+0000] {climarisk_dag.py:145} INFO - ✅ Montreal: flood=LOW(0.05) fire=LOW(0.14)
[2026-03-25T11:31:58.807+0000] {climarisk_dag.py:145} INFO - ✅ Vancouver: flood=LOW(0.05) fire=LOW(0.14)
[2026-03-25T11:31:59.176+0000] {climarisk_dag.py:145} INFO - ✅ Mexico City: flood=LOW(0.05) fire=LOW(0.14)
[2026-03-25T11:31:59.506+0000] {climarisk_dag.py:145} INFO - ✅ Veracruz: flood=LOW(0.05) fire=LOW(0.14)
[2026-03-25T11:31:59.913+0000] {climarisk_dag.py:145} INFO - ✅ Cancún: flood=LOW(0.05) fire=LOW(0.14)
[2026-03-25T11:32:00.333+0000] {climarisk_dag.py:145} INFO - ✅ São Paulo: flood=LOW(0.05) fire=LOW(0.14)
[2026-03-25T11:32:00.773+0000] {climarisk_dag.py:145} INFO - ✅ Rio de Janeiro: flood=LOW(0.05) fire=LOW(0.14)
[2026-03-25T11:32:01.218+0000] {climarisk_dag.py:145} INFO - ✅ Belém: flood=LOW(0.05) fire=LOW(0.14)
[2026-03-25T11:32:01.616+0000] {climarisk_dag.py:145} INFO - ✅ Marabá: flood=LOW(0.05) fire=LOW(0.14)
[2026-03-25T11:32:02.040+0000] {climarisk_dag.py:145} INFO - ✅ Sinop: flood=LOW(0.05) fire=LOW(0.14)
[2026-03-25T11:32:02.407+0000] {climarisk_dag.py:145} INFO - ✅ Porto Velho: flood=LOW(0.05) fire=LOW(0.14)
[2026-03-25T11:32:02.780+0000] {climarisk_dag.py:145} INFO - ✅ Buenos Aires: flood=LOW(0.05) fire=LOW(0.14)
[2026-03-25T11:32:03.181+0000] {climarisk_dag.py:145} INFO - ✅ Lima: flood=LOW(0.05) fire=LOW(0.14)
[2026-03-25T11:32:03.564+0000] {climarisk_dag.py:145} INFO - ✅ Bogotá: flood=LOW(0.05) fire=LOW(0.14)
[2026-03-25T11:32:03.960+0000] {climarisk_dag.py:145} INFO - ✅ Santiago: flood=LOW(0.05) fire=LOW(0.14)
[2026-03-25T11:32:04.327+0000] {climarisk_dag.py:145} INFO - ✅ Port-au-Prince: flood=LOW(0.05) fire=LOW(0.14)
[2026-03-25T11:32:04.633+0000] {climarisk_dag.py:145} INFO - ✅ San Juan: flood=LOW(0.05) fire=LOW(0.14)
[2026-03-25T11:32:04.968+0000] {climarisk_dag.py:145} INFO - ✅ Kingston: flood=LOW(0.05) fire=LOW(0.14)
[2026-03-25T11:32:05.302+0000] {climarisk_dag.py:145} INFO - ✅ Port of Spain: flood=LOW(0.05) fire=LOW(0.14)
[2026-03-25T11:32:05.703+0000] {climarisk_dag.py:145} INFO - ✅ Sydney: flood=LOW(0.05) fire=LOW(0.14)
[2026-03-25T11:32:06.102+0000] {climarisk_dag.py:145} INFO - ✅ Melbourne: flood=LOW(0.05) fire=LOW(0.14)
[2026-03-25T11:32:06.459+0000] {climarisk_dag.py:145} INFO - ✅ Brisbane: flood=LOW(0.05) fire=LOW(0.14)
[2026-03-25T11:32:06.954+0000] {climarisk_dag.py:145} INFO - ✅ Darwin: flood=LOW(0.05) fire=LOW(0.14)
[2026-03-25T11:32:07.314+0000] {climarisk_dag.py:145} INFO - ✅ Alice Springs: flood=LOW(0.05) fire=LOW(0.14)
[2026-03-25T11:32:07.726+0000] {climarisk_dag.py:145} INFO - ✅ Cairns: flood=LOW(0.05) fire=LOW(0.14)
[2026-03-25T11:32:08.083+0000] {climarisk_dag.py:145} INFO - ✅ Auckland: flood=LOW(0.05) fire=LOW(0.14)
[2026-03-25T11:32:08.409+0000] {climarisk_dag.py:145} INFO - ✅ Port Moresby: flood=LOW(0.05) fire=LOW(0.14)
[2026-03-25T11:32:08.410+0000] {climarisk_dag.py:157} INFO - ✅ Done: 291 OK, 0 errors, 126.4s
[2026-03-25T11:32:08.432+0000] {python.py:237} INFO - Done. Returned value was: None
[2026-03-25T11:32:08.432+0000] {taskinstance.py:441} INFO - ::group::Post task execution logs
[2026-03-25T11:32:08.446+0000] {taskinstance.py:1206} INFO - Marking task as SUCCESS. dag_id=***_predictions, task_id=predict_all_zones, run_id=scheduled__2026-03-25T11:00:00+00:00, execution_date=20260325T110000, start_date=20260325T113001, end_date=20260325T113208
[2026-03-25T11:32:08.495+0000] {local_task_job_runner.py:240} INFO - Task exited with return code 0
[2026-03-25T11:32:08.521+0000] {taskinstance.py:3498} INFO - 1 downstream tasks scheduled from follow-on schedule check
[2026-03-25T11:32:08.523+0000] {local_task_job_runner.py:222} INFO - ::endgroup::
