[2026-03-24T09:07:17.431+0000] {local_task_job_runner.py:120} INFO - ::group::Pre task execution logs
[2026-03-24T09:07:17.464+0000] {taskinstance.py:2076} INFO - Dependencies all met for dep_context=non-requeueable deps ti=<TaskInstance: climarisk_predictions.predict_all_zones scheduled__2026-03-24T09:06:00+00:00 [queued]>
[2026-03-24T09:07:17.471+0000] {taskinstance.py:2076} INFO - Dependencies all met for dep_context=requeueable deps ti=<TaskInstance: climarisk_predictions.predict_all_zones scheduled__2026-03-24T09:06:00+00:00 [queued]>
[2026-03-24T09:07:17.472+0000] {taskinstance.py:2306} INFO - Starting attempt 1 of 2
[2026-03-24T09:07:17.484+0000] {taskinstance.py:2330} INFO - Executing <Task(PythonOperator): predict_all_zones> on 2026-03-24 09:06:00+00:00
[2026-03-24T09:07:17.492+0000] {standard_task_runner.py:90} INFO - Running: ['airflow', 'tasks', 'run', '***_predictions', 'predict_all_zones', 'scheduled__2026-03-24T09:06:00+00:00', '--job-id', '400', '--raw', '--subdir', 'DAGS_FOLDER/***_dag.py', '--cfg-path', '/tmp/tmpqaejvm4u']
[2026-03-24T09:07:17.493+0000] {logging_mixin.py:188} WARNING - /home/airflow/.local/lib/python3.12/site-packages/airflow/task/task_runner/standard_task_runner.py:61 DeprecationWarning: This process (pid=11427) is multi-threaded, use of fork() may lead to deadlocks in the child.
[2026-03-24T09:07:17.494+0000] {standard_task_runner.py:91} INFO - Job 400: Subtask predict_all_zones
[2026-03-24T09:07:17.495+0000] {standard_task_runner.py:63} INFO - Started process 11428 to run task
[2026-03-24T09:07:17.577+0000] {task_command.py:426} INFO - Running <TaskInstance: climarisk_predictions.predict_all_zones scheduled__2026-03-24T09:06:00+00:00 [running]> on host 6146f0e8983c
[2026-03-24T09:07:17.699+0000] {taskinstance.py:2648} INFO - Exporting env vars: AIRFLOW_CTX_DAG_OWNER='***' AIRFLOW_CTX_DAG_ID='***_predictions' AIRFLOW_CTX_TASK_ID='predict_all_zones' AIRFLOW_CTX_EXECUTION_DATE='2026-03-24T09:06:00+00:00' AIRFLOW_CTX_TRY_NUMBER='1' AIRFLOW_CTX_DAG_RUN_ID='scheduled__2026-03-24T09:06:00+00:00'
[2026-03-24T09:07:17.703+0000] {taskinstance.py:430} INFO - ::endgroup::
[2026-03-24T09:07:18.317+0000] {climarisk_dag.py:145} INFO - ✅ Alger: flood=LOW(0.00) fire=LOW(0.14)
[2026-03-24T09:07:18.704+0000] {climarisk_dag.py:145} INFO - ✅ Cairo: flood=LOW(0.00) fire=LOW(0.14)
[2026-03-24T09:07:19.090+0000] {climarisk_dag.py:145} INFO - ✅ Lagos: flood=LOW(0.00) fire=LOW(0.14)
[2026-03-24T09:07:19.434+0000] {climarisk_dag.py:145} INFO - ✅ Kano: flood=LOW(0.00) fire=LOW(0.14)
[2026-03-24T09:07:19.799+0000] {climarisk_dag.py:145} INFO - ✅ Abuja: flood=LOW(0.00) fire=LOW(0.14)
[2026-03-24T09:07:20.231+0000] {climarisk_dag.py:145} INFO - ✅ Johannesburg: flood=LOW(0.00) fire=LOW(0.14)
[2026-03-24T09:07:20.566+0000] {climarisk_dag.py:145} INFO - ✅ Cape Town: flood=LOW(0.00) fire=LOW(0.14)
[2026-03-24T09:07:20.944+0000] {climarisk_dag.py:145} INFO - ✅ Nairobi: flood=LOW(0.00) fire=LOW(0.14)
[2026-03-24T09:07:21.335+0000] {climarisk_dag.py:145} INFO - ✅ Addis Ababa: flood=LOW(0.00) fire=LOW(0.14)
[2026-03-24T09:07:21.717+0000] {climarisk_dag.py:145} INFO - ✅ Dar es Salaam: flood=LOW(0.00) fire=LOW(0.14)
[2026-03-24T09:07:20.495+0000] {climarisk_dag.py:145} INFO - ✅ Accra: flood=LOW(0.00) fire=LOW(0.14)
[2026-03-24T09:07:20.841+0000] {climarisk_dag.py:145} INFO - ✅ Casablanca: flood=LOW(0.00) fire=LOW(0.14)
[2026-03-24T09:07:21.352+0000] {climarisk_dag.py:145} INFO - ✅ Mohammedia: flood=LOW(0.00) fire=LOW(0.14)
[2026-03-24T09:07:21.784+0000] {climarisk_dag.py:145} INFO - ✅ El Jadida: flood=LOW(0.00) fire=LOW(0.14)
[2026-03-24T09:07:22.208+0000] {climarisk_dag.py:145} INFO - ✅ Settat: flood=LOW(0.00) fire=LOW(0.14)
[2026-03-24T09:07:22.638+0000] {climarisk_dag.py:145} INFO - ✅ Berrechid: flood=LOW(0.00) fire=LOW(0.14)
[2026-03-24T09:07:23.064+0000] {climarisk_dag.py:145} INFO - ✅ Benslimane: flood=LOW(0.00) fire=LOW(0.14)
[2026-03-24T09:07:23.446+0000] {climarisk_dag.py:145} INFO - ✅ Sidi Bennour: flood=LOW(0.00) fire=LOW(0.14)
[2026-03-24T09:07:23.833+0000] {climarisk_dag.py:145} INFO - ✅ Azemmour: flood=LOW(0.00) fire=LOW(0.14)
[2026-03-24T09:07:24.180+0000] {climarisk_dag.py:145} INFO - ✅ Mediouna: flood=LOW(0.00) fire=LOW(0.14)
[2026-03-24T09:07:24.646+0000] {climarisk_dag.py:145} INFO - ✅ Nouaceur: flood=LOW(0.00) fire=LOW(0.14)
[2026-03-24T09:07:25.156+0000] {climarisk_dag.py:145} INFO - ✅ Rabat: flood=LOW(0.00) fire=LOW(0.14)
[2026-03-24T09:07:25.614+0000] {climarisk_dag.py:145} INFO - ✅ Salé: flood=LOW(0.00) fire=LOW(0.14)
[2026-03-24T09:07:25.996+0000] {climarisk_dag.py:145} INFO - ✅ Kénitra: flood=LOW(0.00) fire=LOW(0.14)
[2026-03-24T09:07:26.418+0000] {climarisk_dag.py:145} INFO - ✅ Témara: flood=LOW(0.00) fire=LOW(0.14)
[2026-03-24T09:07:26.754+0000] {climarisk_dag.py:145} INFO - ✅ Skhirat: flood=LOW(0.00) fire=LOW(0.14)
[2026-03-24T09:07:27.158+0000] {climarisk_dag.py:145} INFO - ✅ Tiflet: flood=LOW(0.00) fire=LOW(0.14)
[2026-03-24T09:07:27.538+0000] {climarisk_dag.py:145} INFO - ✅ Khémisset: flood=LOW(0.00) fire=LOW(0.14)
[2026-03-24T09:07:28.002+0000] {climarisk_dag.py:145} INFO - ✅ Sidi Slimane: flood=LOW(0.00) fire=LOW(0.14)
[2026-03-24T09:07:28.516+0000] {climarisk_dag.py:145} INFO - ✅ Sidi Kacem: flood=LOW(0.00) fire=LOW(0.14)
[2026-03-24T09:07:28.935+0000] {climarisk_dag.py:145} INFO - ✅ Souk el Arba: flood=LOW(0.00) fire=LOW(0.14)
[2026-03-24T09:07:29.367+0000] {climarisk_dag.py:145} INFO - ✅ Ouazzane: flood=LOW(0.00) fire=LOW(0.14)
[2026-03-24T09:07:29.741+0000] {climarisk_dag.py:145} INFO - ✅ Fès: flood=LOW(0.00) fire=LOW(0.14)
[2026-03-24T09:07:30.128+0000] {climarisk_dag.py:145} INFO - ✅ Meknès: flood=LOW(0.00) fire=LOW(0.14)
[2026-03-24T09:07:30.658+0000] {climarisk_dag.py:145} INFO - ✅ Ifrane: flood=LOW(0.00) fire=LOW(0.14)
[2026-03-24T09:07:31.013+0000] {climarisk_dag.py:145} INFO - ✅ Azrou: flood=LOW(0.00) fire=LOW(0.14)
[2026-03-24T09:07:31.442+0000] {climarisk_dag.py:145} INFO - ✅ Taounate: flood=LOW(0.00) fire=LOW(0.14)
[2026-03-24T09:07:31.833+0000] {climarisk_dag.py:145} INFO - ✅ Taza: flood=LOW(0.00) fire=LOW(0.14)
[2026-03-24T09:07:32.217+0000] {climarisk_dag.py:145} INFO - ✅ Sefrou: flood=LOW(0.00) fire=LOW(0.14)
[2026-03-24T09:07:32.622+0000] {climarisk_dag.py:145} INFO - ✅ Boulemane: flood=LOW(0.00) fire=LOW(0.14)
[2026-03-24T09:07:33.010+0000] {climarisk_dag.py:145} INFO - ✅ El Hajeb: flood=LOW(0.00) fire=LOW(0.14)
[2026-03-24T09:07:33.434+0000] {climarisk_dag.py:145} INFO - ✅ Missour: flood=LOW(0.00) fire=LOW(0.14)
[2026-03-24T09:07:33.819+0000] {climarisk_dag.py:145} INFO - ✅ Guercif: flood=LOW(0.00) fire=LOW(0.14)
[2026-03-24T09:07:34.261+0000] {climarisk_dag.py:145} INFO - ✅ Marrakech: flood=LOW(0.00) fire=LOW(0.14)
[2026-03-24T09:07:34.666+0000] {climarisk_dag.py:145} INFO - ✅ Safi: flood=LOW(0.00) fire=LOW(0.14)
[2026-03-24T09:07:35.052+0000] {climarisk_dag.py:145} INFO - ✅ Essaouira: flood=LOW(0.00) fire=LOW(0.14)
[2026-03-24T09:07:36.338+0000] {climarisk_dag.py:145} INFO - ✅ El Kelaa des Sraghna: flood=LOW(0.00) fire=LOW(0.14)
[2026-03-24T09:07:36.761+0000] {climarisk_dag.py:145} INFO - ✅ Chichaoua: flood=LOW(0.00) fire=LOW(0.14)
[2026-03-24T09:07:37.141+0000] {climarisk_dag.py:145} INFO - ✅ Youssoufia: flood=LOW(0.00) fire=LOW(0.14)
[2026-03-24T09:07:37.512+0000] {climarisk_dag.py:145} INFO - ✅ Ben Guerir: flood=LOW(0.00) fire=LOW(0.14)
[2026-03-24T09:07:37.910+0000] {climarisk_dag.py:145} INFO - ✅ Tahanaout: flood=LOW(0.00) fire=LOW(0.14)
[2026-03-24T09:07:38.296+0000] {climarisk_dag.py:145} INFO - ✅ Ait Ourir: flood=LOW(0.00) fire=LOW(0.14)
[2026-03-24T09:07:38.726+0000] {climarisk_dag.py:145} INFO - ✅ Demnate: flood=LOW(0.00) fire=LOW(0.14)
[2026-03-24T09:07:39.121+0000] {climarisk_dag.py:145} INFO - ✅ Tanger: flood=LOW(0.00) fire=LOW(0.14)
[2026-03-24T09:07:39.530+0000] {climarisk_dag.py:145} INFO - ✅ Tétouan: flood=LOW(0.00) fire=LOW(0.14)
[2026-03-24T09:07:39.862+0000] {climarisk_dag.py:145} INFO - ✅ Al Hoceïma: flood=LOW(0.00) fire=LOW(0.14)
[2026-03-24T09:07:40.316+0000] {climarisk_dag.py:145} INFO - ✅ Larache: flood=LOW(0.00) fire=LOW(0.14)
[2026-03-24T09:07:40.682+0000] {climarisk_dag.py:145} INFO - ✅ Chefchaouen: flood=LOW(0.00) fire=LOW(0.14)
[2026-03-24T09:07:41.031+0000] {climarisk_dag.py:145} INFO - ✅ Asilah: flood=LOW(0.00) fire=LOW(0.14)
[2026-03-24T09:07:41.422+0000] {climarisk_dag.py:145} INFO - ✅ Fnideq: flood=LOW(0.00) fire=LOW(0.14)
[2026-03-24T09:07:41.813+0000] {climarisk_dag.py:145} INFO - ✅ Martil: flood=LOW(0.00) fire=LOW(0.14)
[2026-03-24T09:07:42.275+0000] {climarisk_dag.py:145} INFO - ✅ Mdiq: flood=LOW(0.00) fire=LOW(0.14)
[2026-03-24T09:07:42.673+0000] {climarisk_dag.py:145} INFO - ✅ Ksar el Kebir: flood=LOW(0.00) fire=LOW(0.14)
[2026-03-24T09:07:43.090+0000] {climarisk_dag.py:145} INFO - ✅ Ouazzane: flood=LOW(0.00) fire=LOW(0.14)
[2026-03-24T09:07:43.421+0000] {climarisk_dag.py:145} INFO - ✅ Targuist: flood=LOW(0.00) fire=LOW(0.14)
[2026-03-24T09:07:43.821+0000] {climarisk_dag.py:145} INFO - ✅ Imzouren: flood=LOW(0.00) fire=LOW(0.14)
[2026-03-24T09:07:44.258+0000] {climarisk_dag.py:145} INFO - ✅ Beni Mellal-Khenifra: flood=LOW(0.00) fire=LOW(0.14)
[2026-03-24T09:07:44.668+0000] {climarisk_dag.py:145} INFO - ✅ Khénifra: flood=LOW(0.00) fire=LOW(0.14)
[2026-03-24T09:07:45.055+0000] {climarisk_dag.py:145} INFO - ✅ Azilal: flood=LOW(0.00) fire=LOW(0.14)
[2026-03-24T09:07:45.447+0000] {climarisk_dag.py:145} INFO - ✅ Nanjing: flood=LOW(0.00) fire=LOW(0.14)
[2026-03-24T09:07:45.834+0000] {climarisk_dag.py:145} INFO - ✅ Khouribga: flood=LOW(0.00) fire=LOW(0.14)
[2026-03-24T09:07:46.177+0000] {climarisk_dag.py:145} INFO - ✅ Fkih Ben Salah: flood=LOW(0.00) fire=LOW(0.14)
[2026-03-24T09:07:46.572+0000] {climarisk_dag.py:145} INFO - ✅ Souk Sebt: flood=LOW(0.00) fire=LOW(0.14)
[2026-03-24T09:07:46.958+0000] {climarisk_dag.py:145} INFO - ✅ Midelt: flood=LOW(0.00) fire=LOW(0.14)
[2026-03-24T09:07:47.380+0000] {climarisk_dag.py:145} INFO - ✅ Zaouiat Cheikh: flood=LOW(0.00) fire=LOW(0.14)
[2026-03-24T09:07:47.829+0000] {climarisk_dag.py:145} INFO - ✅ Oujda: flood=LOW(0.00) fire=LOW(0.14)
[2026-03-24T09:07:48.194+0000] {climarisk_dag.py:145} INFO - ✅ Nador: flood=LOW(0.00) fire=LOW(0.14)
[2026-03-24T09:07:48.624+0000] {climarisk_dag.py:145} INFO - ✅ Berkane: flood=LOW(0.00) fire=LOW(0.14)
[2026-03-24T09:07:49.020+0000] {climarisk_dag.py:145} INFO - ✅ Taourirt: flood=LOW(0.00) fire=LOW(0.14)
[2026-03-24T09:07:49.409+0000] {climarisk_dag.py:145} INFO - ✅ Jerada: flood=LOW(0.00) fire=LOW(0.14)
[2026-03-24T09:07:49.833+0000] {climarisk_dag.py:145} INFO - ✅ Figuig: flood=LOW(0.00) fire=LOW(0.14)
[2026-03-24T09:07:50.215+0000] {climarisk_dag.py:145} INFO - ✅ Bouarfa: flood=LOW(0.00) fire=LOW(0.14)
[2026-03-24T09:07:49.058+0000] {climarisk_dag.py:145} INFO - ✅ Selouane: flood=LOW(0.00) fire=LOW(0.14)
[2026-03-24T09:07:49.446+0000] {climarisk_dag.py:145} INFO - ✅ Zaio: flood=LOW(0.00) fire=LOW(0.14)
[2026-03-24T09:07:49.855+0000] {climarisk_dag.py:145} INFO - ✅ Agadir: flood=LOW(0.00) fire=LOW(0.14)
[2026-03-24T09:07:50.199+0000] {climarisk_dag.py:145} INFO - ✅ Inezgane: flood=LOW(0.00) fire=LOW(0.14)
[2026-03-24T09:07:50.646+0000] {climarisk_dag.py:145} INFO - ✅ Tiznit: flood=LOW(0.00) fire=LOW(0.14)
[2026-03-24T09:07:51.045+0000] {climarisk_dag.py:145} INFO - ✅ Taroudannt: flood=LOW(0.00) fire=LOW(0.14)
[2026-03-24T09:07:51.420+0000] {climarisk_dag.py:145} INFO - ✅ Ouarzazate: flood=LOW(0.00) fire=LOW(0.14)
[2026-03-24T09:07:51.810+0000] {climarisk_dag.py:145} INFO - ✅ Ait Melloul: flood=LOW(0.00) fire=LOW(0.14)
[2026-03-24T09:07:52.174+0000] {climarisk_dag.py:145} INFO - ✅ Biougra: flood=LOW(0.00) fire=LOW(0.14)
[2026-03-24T09:07:52.625+0000] {climarisk_dag.py:145} INFO - ✅ Chtouka Ait Baha: flood=LOW(0.00) fire=LOW(0.14)
[2026-03-24T09:07:53.032+0000] {climarisk_dag.py:145} INFO - ✅ Tata: flood=LOW(0.00) fire=LOW(0.14)
[2026-03-24T09:07:53.423+0000] {climarisk_dag.py:145} INFO - ✅ Sidi Ifni: flood=LOW(0.00) fire=LOW(0.14)
[2026-03-24T09:07:53.802+0000] {climarisk_dag.py:145} INFO - ✅ Massa: flood=LOW(0.00) fire=LOW(0.14)
[2026-03-24T09:07:54.139+0000] {climarisk_dag.py:145} INFO - ✅ Errachidia: flood=LOW(0.00) fire=LOW(0.14)
[2026-03-24T09:07:54.537+0000] {climarisk_dag.py:145} INFO - ✅ Zagora: flood=LOW(0.00) fire=LOW(0.14)
[2026-03-24T09:07:54.946+0000] {climarisk_dag.py:145} INFO - ✅ Tinghir: flood=LOW(0.00) fire=LOW(0.14)
[2026-03-24T09:07:55.332+0000] {climarisk_dag.py:145} INFO - ✅ Ouarzazate: flood=LOW(0.00) fire=LOW(0.14)
[2026-03-24T09:07:55.723+0000] {climarisk_dag.py:145} INFO - ✅ Rissani: flood=LOW(0.00) fire=LOW(0.14)
[2026-03-24T09:07:56.128+0000] {climarisk_dag.py:145} INFO - ✅ Erfoud: flood=LOW(0.00) fire=LOW(0.14)
[2026-03-24T09:07:56.485+0000] {climarisk_dag.py:145} INFO - ✅ Merzouga: flood=LOW(0.00) fire=LOW(0.14)
[2026-03-24T09:07:56.835+0000] {climarisk_dag.py:145} INFO - ✅ Alnif: flood=LOW(0.00) fire=LOW(0.14)
[2026-03-24T09:07:57.178+0000] {climarisk_dag.py:145} INFO - ✅ Goulmima: flood=LOW(0.00) fire=LOW(0.14)
[2026-03-24T09:07:57.626+0000] {climarisk_dag.py:145} INFO - ✅ Laâyoune: flood=LOW(0.00) fire=LOW(0.14)
[2026-03-24T09:07:58.063+0000] {climarisk_dag.py:145} INFO - ✅ Boujdour: flood=LOW(0.00) fire=LOW(0.14)
[2026-03-24T09:07:58.494+0000] {climarisk_dag.py:145} INFO - ✅ Tarfaya: flood=LOW(0.00) fire=LOW(0.14)
[2026-03-24T09:07:58.878+0000] {climarisk_dag.py:145} INFO - ✅ Smara: flood=LOW(0.00) fire=LOW(0.14)
[2026-03-24T09:07:59.287+0000] {climarisk_dag.py:145} INFO - ✅ El Marsa: flood=LOW(0.00) fire=LOW(0.14)
[2026-03-24T09:07:59.696+0000] {climarisk_dag.py:145} INFO - ✅ Dakhla: flood=LOW(0.00) fire=LOW(0.14)
[2026-03-24T09:08:00.047+0000] {climarisk_dag.py:145} INFO - ✅ Aousserd: flood=LOW(0.00) fire=LOW(0.14)
[2026-03-24T09:08:00.465+0000] {climarisk_dag.py:145} INFO - ✅ Guelmim: flood=LOW(0.00) fire=LOW(0.14)
[2026-03-24T09:08:00.970+0000] {climarisk_dag.py:145} INFO - ✅ Tan-Tan: flood=LOW(0.00) fire=LOW(0.14)
[2026-03-24T09:08:01.421+0000] {climarisk_dag.py:145} INFO - ✅ Assa: flood=LOW(0.00) fire=LOW(0.14)
[2026-03-24T09:08:01.811+0000] {climarisk_dag.py:145} INFO - ✅ Zag: flood=LOW(0.00) fire=LOW(0.14)
[2026-03-24T09:08:02.228+0000] {climarisk_dag.py:145} INFO - ✅ Sidi Ifni: flood=LOW(0.00) fire=LOW(0.14)
[2026-03-24T09:08:02.704+0000] {climarisk_dag.py:145} INFO - ✅ Tiznit: flood=LOW(0.00) fire=LOW(0.14)
[2026-03-24T09:08:03.061+0000] {climarisk_dag.py:145} INFO - ✅ Tunis: flood=LOW(0.00) fire=LOW(0.14)
[2026-03-24T09:08:03.507+0000] {climarisk_dag.py:145} INFO - ✅ Kampala: flood=LOW(0.00) fire=LOW(0.14)
[2026-03-24T09:08:03.849+0000] {climarisk_dag.py:145} INFO - ✅ Dakar: flood=LOW(0.00) fire=LOW(0.14)
[2026-03-24T09:08:04.266+0000] {climarisk_dag.py:145} INFO - ✅ Kinshasa: flood=LOW(0.00) fire=LOW(0.14)
[2026-03-24T09:08:05.550+0000] {climarisk_dag.py:145} INFO - ✅ Luanda: flood=LOW(0.00) fire=LOW(0.14)
[2026-03-24T09:08:06.015+0000] {climarisk_dag.py:145} INFO - ✅ Khartoum: flood=LOW(0.00) fire=LOW(0.14)
[2026-03-24T09:08:06.364+0000] {climarisk_dag.py:145} INFO - ✅ Harare: flood=LOW(0.00) fire=LOW(0.14)
[2026-03-24T09:08:06.715+0000] {climarisk_dag.py:145} INFO - ✅ Lusaka: flood=LOW(0.00) fire=LOW(0.14)
[2026-03-24T09:08:07.090+0000] {climarisk_dag.py:145} INFO - ✅ Maputo: flood=LOW(0.00) fire=LOW(0.14)
[2026-03-24T09:08:07.452+0000] {climarisk_dag.py:145} INFO - ✅ Antananarivo: flood=LOW(0.00) fire=LOW(0.14)
[2026-03-24T09:08:07.916+0000] {climarisk_dag.py:145} INFO - ✅ Abidjan: flood=LOW(0.00) fire=LOW(0.14)
[2026-03-24T09:08:08.313+0000] {climarisk_dag.py:145} INFO - ✅ Douala: flood=LOW(0.00) fire=LOW(0.14)
[2026-03-24T09:08:08.647+0000] {climarisk_dag.py:145} INFO - ✅ Niamey: flood=LOW(0.00) fire=LOW(0.14)
[2026-03-24T09:08:09.169+0000] {climarisk_dag.py:145} INFO - ✅ Ouagadougou: flood=LOW(0.00) fire=LOW(0.14)
[2026-03-24T09:08:09.504+0000] {climarisk_dag.py:145} INFO - ✅ Bamako: flood=LOW(0.00) fire=LOW(0.14)
[2026-03-24T09:08:09.857+0000] {climarisk_dag.py:145} INFO - ✅ Windhoek: flood=LOW(0.00) fire=LOW(0.14)
[2026-03-24T09:08:10.335+0000] {climarisk_dag.py:145} INFO - ✅ Port Harcourt: flood=LOW(0.00) fire=LOW(0.14)
[2026-03-24T09:08:10.738+0000] {climarisk_dag.py:145} INFO - ✅ Warri: flood=LOW(0.00) fire=LOW(0.14)
[2026-03-24T09:08:11.169+0000] {climarisk_dag.py:145} INFO - ✅ Calabar: flood=LOW(0.00) fire=LOW(0.14)
[2026-03-24T09:08:11.616+0000] {climarisk_dag.py:145} INFO - ✅ Beijing: flood=LOW(0.00) fire=LOW(0.14)
[2026-03-24T09:08:12.147+0000] {climarisk_dag.py:145} INFO - ✅ Shanghai: flood=LOW(0.00) fire=LOW(0.14)
[2026-03-24T09:08:12.494+0000] {climarisk_dag.py:145} INFO - ✅ Guangzhou: flood=LOW(0.00) fire=LOW(0.14)
[2026-03-24T09:08:12.880+0000] {climarisk_dag.py:145} INFO - ✅ Chengdu: flood=LOW(0.00) fire=LOW(0.14)
[2026-03-24T09:08:13.324+0000] {climarisk_dag.py:145} INFO - ✅ Wuhan: flood=LOW(0.00) fire=LOW(0.14)
[2026-03-24T09:08:13.704+0000] {climarisk_dag.py:145} INFO - ✅ Chongqing: flood=LOW(0.00) fire=LOW(0.14)
[2026-03-24T09:08:14.100+0000] {climarisk_dag.py:145} INFO - ✅ Zhengzhou: flood=LOW(0.00) fire=LOW(0.14)
[2026-03-24T09:08:14.479+0000] {climarisk_dag.py:145} INFO - ✅ Changsha: flood=LOW(0.00) fire=LOW(0.14)
[2026-03-24T09:08:14.881+0000] {climarisk_dag.py:145} INFO - ✅ Nanchang: flood=LOW(0.00) fire=LOW(0.14)
[2026-03-24T09:08:15.265+0000] {climarisk_dag.py:145} INFO - ✅ Yichang: flood=LOW(0.00) fire=LOW(0.14)
[2026-03-24T09:08:15.633+0000] {climarisk_dag.py:145} INFO - ✅ Haikou: flood=LOW(0.00) fire=LOW(0.14)
[2026-03-24T09:08:15.967+0000] {climarisk_dag.py:145} INFO - ✅ Hong Kong: flood=LOW(0.00) fire=LOW(0.14)
[2026-03-24T09:08:16.373+0000] {climarisk_dag.py:145} INFO - ✅ Taipei: flood=LOW(0.00) fire=LOW(0.14)
[2026-03-24T09:08:16.776+0000] {climarisk_dag.py:145} INFO - ✅ Kaohsiung: flood=LOW(0.00) fire=LOW(0.14)
[2026-03-24T09:08:17.187+0000] {climarisk_dag.py:145} INFO - ✅ Mumbai: flood=LOW(0.00) fire=LOW(0.14)
[2026-03-24T09:08:17.533+0000] {climarisk_dag.py:145} INFO - ✅ Delhi: flood=LOW(0.00) fire=LOW(0.14)
[2026-03-24T09:08:17.974+0000] {climarisk_dag.py:145} INFO - ✅ Bangalore: flood=LOW(0.00) fire=LOW(0.14)
[2026-03-24T09:08:18.390+0000] {climarisk_dag.py:145} INFO - ✅ Chennai: flood=LOW(0.00) fire=LOW(0.14)
[2026-03-24T09:08:18.131+0000] {climarisk_dag.py:145} INFO - ✅ Kolkata: flood=LOW(0.00) fire=LOW(0.14)
[2026-03-24T09:08:17.642+0000] {climarisk_dag.py:145} INFO - ✅ Patna: flood=LOW(0.00) fire=LOW(0.14)
[2026-03-24T09:08:18.025+0000] {climarisk_dag.py:145} INFO - ✅ Guwahati: flood=LOW(0.00) fire=LOW(0.14)
[2026-03-24T09:08:18.360+0000] {climarisk_dag.py:145} INFO - ✅ Varanasi: flood=LOW(0.00) fire=LOW(0.14)
[2026-03-24T09:08:18.741+0000] {climarisk_dag.py:145} INFO - ✅ Muzaffarpur: flood=LOW(0.00) fire=LOW(0.14)
[2026-03-24T09:08:19.155+0000] {climarisk_dag.py:145} INFO - ✅ Visakhapatnam: flood=LOW(0.00) fire=LOW(0.14)
[2026-03-24T09:08:19.560+0000] {climarisk_dag.py:145} INFO - ✅ Vijayawada: flood=LOW(0.00) fire=LOW(0.14)
[2026-03-24T09:08:19.985+0000] {climarisk_dag.py:145} INFO - ✅ Tokyo: flood=LOW(0.00) fire=LOW(0.14)
[2026-03-24T09:08:20.390+0000] {climarisk_dag.py:145} INFO - ✅ Osaka: flood=LOW(0.00) fire=LOW(0.14)
[2026-03-24T09:08:20.747+0000] {climarisk_dag.py:145} INFO - ✅ Sapporo: flood=LOW(0.00) fire=LOW(0.14)
[2026-03-24T09:08:21.148+0000] {climarisk_dag.py:145} INFO - ✅ Naha: flood=LOW(0.00) fire=LOW(0.14)
[2026-03-24T09:08:21.563+0000] {climarisk_dag.py:145} INFO - ✅ Seoul: flood=LOW(0.00) fire=LOW(0.14)
[2026-03-24T09:08:21.966+0000] {climarisk_dag.py:145} INFO - ✅ Busan: flood=LOW(0.00) fire=LOW(0.14)
[2026-03-24T09:08:22.405+0000] {climarisk_dag.py:145} INFO - ✅ Bangkok: flood=LOW(0.00) fire=LOW(0.14)
[2026-03-24T09:08:22.814+0000] {climarisk_dag.py:145} INFO - ✅ Chiang Mai: flood=LOW(0.00) fire=LOW(0.14)
[2026-03-24T09:08:23.218+0000] {climarisk_dag.py:145} INFO - ✅ Jakarta: flood=LOW(0.00) fire=LOW(0.14)
[2026-03-24T09:08:23.607+0000] {climarisk_dag.py:145} INFO - ✅ Surabaya: flood=LOW(0.00) fire=LOW(0.14)
[2026-03-24T09:08:24.007+0000] {climarisk_dag.py:145} INFO - ✅ Medan: flood=LOW(0.00) fire=LOW(0.14)
[2026-03-24T09:08:24.366+0000] {climarisk_dag.py:145} INFO - ✅ Manila: flood=LOW(0.00) fire=LOW(0.14)
[2026-03-24T09:08:24.726+0000] {climarisk_dag.py:145} INFO - ✅ Cebu: flood=LOW(0.00) fire=LOW(0.14)
[2026-03-24T09:08:25.055+0000] {climarisk_dag.py:145} INFO - ✅ Tacloban: flood=LOW(0.00) fire=LOW(0.14)
[2026-03-24T09:08:25.432+0000] {climarisk_dag.py:145} INFO - ✅ Legazpi: flood=LOW(0.00) fire=LOW(0.14)
[2026-03-24T09:08:25.812+0000] {climarisk_dag.py:145} INFO - ✅ Zamboanga: flood=LOW(0.00) fire=LOW(0.14)
[2026-03-24T09:08:26.232+0000] {climarisk_dag.py:145} INFO - ✅ Kuala Lumpur: flood=LOW(0.00) fire=LOW(0.14)
[2026-03-24T09:08:26.596+0000] {climarisk_dag.py:145} INFO - ✅ Singapore: flood=LOW(0.00) fire=LOW(0.14)
[2026-03-24T09:08:27.022+0000] {climarisk_dag.py:145} INFO - ✅ Ho Chi Minh City: flood=LOW(0.00) fire=LOW(0.14)
[2026-03-24T09:08:27.450+0000] {climarisk_dag.py:145} INFO - ✅ Hanoi: flood=LOW(0.00) fire=LOW(0.14)
[2026-03-24T09:08:27.785+0000] {climarisk_dag.py:145} INFO - ✅ Da Nang: flood=LOW(0.00) fire=LOW(0.14)
[2026-03-24T09:08:28.202+0000] {climarisk_dag.py:145} INFO - ✅ Can Tho: flood=LOW(0.00) fire=LOW(0.14)
[2026-03-24T09:08:28.596+0000] {climarisk_dag.py:145} INFO - ✅ My Tho: flood=LOW(0.00) fire=LOW(0.14)
[2026-03-24T09:08:28.992+0000] {climarisk_dag.py:145} INFO - ✅ Dhaka: flood=LOW(0.00) fire=LOW(0.14)
[2026-03-24T09:08:29.395+0000] {climarisk_dag.py:145} INFO - ✅ Chittagong: flood=LOW(0.00) fire=LOW(0.14)
[2026-03-24T09:08:29.829+0000] {climarisk_dag.py:145} INFO - ✅ Sylhet: flood=LOW(0.00) fire=LOW(0.14)
[2026-03-24T09:08:30.226+0000] {climarisk_dag.py:145} INFO - ✅ Khulna: flood=LOW(0.00) fire=LOW(0.14)
[2026-03-24T09:08:30.609+0000] {climarisk_dag.py:145} INFO - ✅ Cox's Bazar: flood=LOW(0.00) fire=LOW(0.14)
[2026-03-24T09:08:30.996+0000] {climarisk_dag.py:145} INFO - ✅ Karachi: flood=LOW(0.00) fire=LOW(0.14)
[2026-03-24T09:08:31.416+0000] {climarisk_dag.py:145} INFO - ✅ Lahore: flood=LOW(0.00) fire=LOW(0.14)
[2026-03-24T09:08:31.800+0000] {climarisk_dag.py:145} INFO - ✅ Colombo: flood=LOW(0.00) fire=LOW(0.14)
[2026-03-24T09:08:32.205+0000] {climarisk_dag.py:145} INFO - ✅ Kathmandu: flood=LOW(0.00) fire=LOW(0.14)
[2026-03-24T09:08:32.616+0000] {climarisk_dag.py:145} INFO - ✅ Yangon: flood=LOW(0.00) fire=LOW(0.14)
[2026-03-24T09:08:33.028+0000] {climarisk_dag.py:145} INFO - ✅ Sittwe: flood=LOW(0.00) fire=LOW(0.14)
[2026-03-24T09:08:33.369+0000] {climarisk_dag.py:145} INFO - ✅ Phnom Penh: flood=LOW(0.00) fire=LOW(0.14)
[2026-03-24T09:08:33.758+0000] {climarisk_dag.py:145} INFO - ✅ Riyadh: flood=LOW(0.00) fire=LOW(0.14)
[2026-03-24T09:08:35.104+0000] {climarisk_dag.py:145} INFO - ✅ Dubai: flood=LOW(0.00) fire=LOW(0.14)
[2026-03-24T09:08:35.491+0000] {climarisk_dag.py:145} INFO - ✅ Tehran: flood=LOW(0.00) fire=LOW(0.14)
[2026-03-24T09:08:35.917+0000] {climarisk_dag.py:145} INFO - ✅ Istanbul: flood=LOW(0.00) fire=LOW(0.14)
[2026-03-24T09:08:36.318+0000] {climarisk_dag.py:145} INFO - ✅ Ankara: flood=LOW(0.00) fire=LOW(0.14)
[2026-03-24T09:08:36.668+0000] {climarisk_dag.py:145} INFO - ✅ Baghdad: flood=LOW(0.00) fire=LOW(0.14)
[2026-03-24T09:08:37.076+0000] {climarisk_dag.py:145} INFO - ✅ Baku: flood=LOW(0.00) fire=LOW(0.14)
[2026-03-24T09:08:37.475+0000] {climarisk_dag.py:145} INFO - ✅ Tashkent: flood=LOW(0.00) fire=LOW(0.14)
[2026-03-24T09:08:37.898+0000] {climarisk_dag.py:145} INFO - ✅ Almaty: flood=LOW(0.00) fire=LOW(0.14)
[2026-03-24T09:08:38.285+0000] {climarisk_dag.py:145} INFO - ✅ Guam: flood=LOW(0.00) fire=LOW(0.14)
[2026-03-24T09:08:38.653+0000] {climarisk_dag.py:145} INFO - ✅ Paris: flood=LOW(0.00) fire=LOW(0.14)
[2026-03-24T09:08:38.982+0000] {climarisk_dag.py:145} INFO - ✅ Lyon: flood=LOW(0.00) fire=LOW(0.14)
[2026-03-24T09:08:39.364+0000] {climarisk_dag.py:145} INFO - ✅ Marseille: flood=LOW(0.00) fire=LOW(0.14)
[2026-03-24T09:08:39.773+0000] {climarisk_dag.py:145} INFO - ✅ Toulouse: flood=LOW(0.00) fire=LOW(0.14)
[2026-03-24T09:08:40.138+0000] {climarisk_dag.py:145} INFO - ✅ Bordeaux: flood=LOW(0.00) fire=LOW(0.14)
[2026-03-24T09:08:40.572+0000] {climarisk_dag.py:145} INFO - ✅ Nantes: flood=LOW(0.00) fire=LOW(0.14)
[2026-03-24T09:08:40.997+0000] {climarisk_dag.py:145} INFO - ✅ Strasbourg: flood=LOW(0.00) fire=LOW(0.14)
[2026-03-24T09:08:41.426+0000] {climarisk_dag.py:145} INFO - ✅ Lille: flood=LOW(0.00) fire=LOW(0.14)
[2026-03-24T09:08:41.815+0000] {climarisk_dag.py:145} INFO - ✅ Montpellier: flood=LOW(0.00) fire=LOW(0.14)
[2026-03-24T09:08:42.258+0000] {climarisk_dag.py:145} INFO - ✅ Nice: flood=LOW(0.00) fire=LOW(0.14)
[2026-03-24T09:08:42.642+0000] {climarisk_dag.py:145} INFO - ✅ London: flood=LOW(0.00) fire=LOW(0.14)
[2026-03-24T09:08:43.040+0000] {climarisk_dag.py:145} INFO - ✅ Birmingham: flood=LOW(0.00) fire=LOW(0.14)
[2026-03-24T09:08:43.434+0000] {climarisk_dag.py:145} INFO - ✅ Manchester: flood=LOW(0.00) fire=LOW(0.14)
[2026-03-24T09:08:43.880+0000] {climarisk_dag.py:145} INFO - ✅ Berlin: flood=LOW(0.00) fire=LOW(0.14)
[2026-03-24T09:08:44.241+0000] {climarisk_dag.py:145} INFO - ✅ Hamburg: flood=LOW(0.00) fire=LOW(0.14)
[2026-03-24T09:08:44.570+0000] {climarisk_dag.py:145} INFO - ✅ Munich: flood=LOW(0.00) fire=LOW(0.14)
[2026-03-24T09:08:44.957+0000] {climarisk_dag.py:145} INFO - ✅ Frankfurt: flood=LOW(0.00) fire=LOW(0.14)
[2026-03-24T09:08:45.381+0000] {climarisk_dag.py:145} INFO - ✅ Madrid: flood=LOW(0.00) fire=LOW(0.14)
[2026-03-24T09:08:45.717+0000] {climarisk_dag.py:145} INFO - ✅ Barcelona: flood=LOW(0.00) fire=LOW(0.14)
[2026-03-24T09:08:46.119+0000] {climarisk_dag.py:145} INFO - ✅ Valencia: flood=LOW(0.00) fire=LOW(0.14)
[2026-03-24T09:08:46.471+0000] {climarisk_dag.py:145} INFO - ✅ Malaga: flood=LOW(0.00) fire=LOW(0.14)
[2026-03-24T09:08:46.871+0000] {climarisk_dag.py:145} INFO - ✅ Rome: flood=LOW(0.00) fire=LOW(0.14)
[2026-03-24T09:08:45.675+0000] {climarisk_dag.py:145} INFO - ✅ Milan: flood=LOW(0.00) fire=LOW(0.14)
[2026-03-24T09:08:46.053+0000] {climarisk_dag.py:145} INFO - ✅ Palermo: flood=LOW(0.00) fire=LOW(0.14)
[2026-03-24T09:08:46.419+0000] {climarisk_dag.py:145} INFO - ✅ Amsterdam: flood=LOW(0.00) fire=LOW(0.14)
[2026-03-24T09:08:46.780+0000] {climarisk_dag.py:145} INFO - ✅ Brussels: flood=LOW(0.00) fire=LOW(0.14)
[2026-03-24T09:08:47.165+0000] {climarisk_dag.py:145} INFO - ✅ Vienna: flood=LOW(0.00) fire=LOW(0.14)
[2026-03-24T09:08:47.584+0000] {climarisk_dag.py:145} INFO - ✅ Zurich: flood=LOW(0.00) fire=LOW(0.14)
[2026-03-24T09:08:47.962+0000] {climarisk_dag.py:145} INFO - ✅ Stockholm: flood=LOW(0.00) fire=LOW(0.14)
[2026-03-24T09:08:48.301+0000] {climarisk_dag.py:145} INFO - ✅ Oslo: flood=LOW(0.00) fire=LOW(0.14)
[2026-03-24T09:08:48.715+0000] {climarisk_dag.py:145} INFO - ✅ Copenhagen: flood=LOW(0.00) fire=LOW(0.14)
[2026-03-24T09:08:49.089+0000] {climarisk_dag.py:145} INFO - ✅ Helsinki: flood=LOW(0.00) fire=LOW(0.14)
[2026-03-24T09:08:49.466+0000] {climarisk_dag.py:145} INFO - ✅ Warsaw: flood=LOW(0.00) fire=LOW(0.14)
[2026-03-24T09:08:49.808+0000] {climarisk_dag.py:145} INFO - ✅ Prague: flood=LOW(0.00) fire=LOW(0.14)
[2026-03-24T09:08:50.262+0000] {climarisk_dag.py:145} INFO - ✅ Budapest: flood=LOW(0.00) fire=LOW(0.14)
[2026-03-24T09:08:50.628+0000] {climarisk_dag.py:145} INFO - ✅ Bucharest: flood=LOW(0.00) fire=LOW(0.14)
[2026-03-24T09:08:51.046+0000] {climarisk_dag.py:145} INFO - ✅ Athens: flood=LOW(0.00) fire=LOW(0.14)
[2026-03-24T09:08:51.429+0000] {climarisk_dag.py:145} INFO - ✅ Thessaloniki: flood=LOW(0.00) fire=LOW(0.14)
[2026-03-24T09:08:51.847+0000] {climarisk_dag.py:145} INFO - ✅ Lisbon: flood=LOW(0.00) fire=LOW(0.14)
[2026-03-24T09:08:52.258+0000] {climarisk_dag.py:145} INFO - ✅ Moscow: flood=LOW(0.00) fire=LOW(0.14)
[2026-03-24T09:08:52.639+0000] {climarisk_dag.py:145} INFO - ✅ Saint Petersburg: flood=LOW(0.00) fire=LOW(0.14)
[2026-03-24T09:08:53.051+0000] {climarisk_dag.py:145} INFO - ✅ Krasnoyarsk: flood=LOW(0.00) fire=LOW(0.14)
[2026-03-24T09:08:53.503+0000] {climarisk_dag.py:145} INFO - ✅ Irkutsk: flood=LOW(0.00) fire=LOW(0.14)
[2026-03-24T09:08:53.913+0000] {climarisk_dag.py:145} INFO - ✅ Yakutsk: flood=LOW(0.00) fire=LOW(0.14)
[2026-03-24T09:08:54.294+0000] {climarisk_dag.py:145} INFO - ✅ Khabarovsk: flood=LOW(0.00) fire=LOW(0.14)
[2026-03-24T09:08:54.716+0000] {climarisk_dag.py:145} INFO - ✅ Kyiv: flood=LOW(0.00) fire=LOW(0.14)
[2026-03-24T09:08:55.059+0000] {climarisk_dag.py:145} INFO - ✅ New York: flood=LOW(0.00) fire=LOW(0.14)
[2026-03-24T09:08:55.443+0000] {climarisk_dag.py:145} INFO - ✅ Los Angeles: flood=LOW(0.00) fire=LOW(0.14)
[2026-03-24T09:08:55.860+0000] {climarisk_dag.py:145} INFO - ✅ Chicago: flood=LOW(0.00) fire=LOW(0.14)
[2026-03-24T09:08:56.280+0000] {climarisk_dag.py:145} INFO - ✅ Houston: flood=LOW(0.00) fire=LOW(0.14)
[2026-03-24T09:08:56.730+0000] {climarisk_dag.py:145} INFO - ✅ Miami: flood=LOW(0.00) fire=LOW(0.14)
[2026-03-24T09:08:57.161+0000] {climarisk_dag.py:145} INFO - ✅ New Orleans: flood=LOW(0.00) fire=LOW(0.14)
[2026-03-24T09:08:57.504+0000] {climarisk_dag.py:145} INFO - ✅ Seattle: flood=LOW(0.00) fire=LOW(0.14)
[2026-03-24T09:08:57.916+0000] {climarisk_dag.py:145} INFO - ✅ Sacramento: flood=LOW(0.00) fire=LOW(0.14)
[2026-03-24T09:08:58.337+0000] {climarisk_dag.py:145} INFO - ✅ Fresno: flood=LOW(0.00) fire=LOW(0.14)
[2026-03-24T09:08:58.750+0000] {climarisk_dag.py:145} INFO - ✅ Redding: flood=LOW(0.00) fire=LOW(0.14)
[2026-03-24T09:08:59.141+0000] {climarisk_dag.py:145} INFO - ✅ Memphis: flood=LOW(0.00) fire=LOW(0.14)
[2026-03-24T09:08:59.511+0000] {climarisk_dag.py:145} INFO - ✅ Toronto: flood=LOW(0.00) fire=LOW(0.14)
[2026-03-24T09:08:59.866+0000] {climarisk_dag.py:145} INFO - ✅ Montreal: flood=LOW(0.00) fire=LOW(0.14)
[2026-03-24T09:09:00.311+0000] {climarisk_dag.py:145} INFO - ✅ Vancouver: flood=LOW(0.00) fire=LOW(0.14)
[2026-03-24T09:09:00.782+0000] {climarisk_dag.py:145} INFO - ✅ Mexico City: flood=LOW(0.00) fire=LOW(0.14)
[2026-03-24T09:09:01.202+0000] {climarisk_dag.py:145} INFO - ✅ Veracruz: flood=LOW(0.00) fire=LOW(0.14)
[2026-03-24T09:09:01.587+0000] {climarisk_dag.py:145} INFO - ✅ Cancún: flood=LOW(0.00) fire=LOW(0.14)
[2026-03-24T09:09:01.952+0000] {climarisk_dag.py:145} INFO - ✅ São Paulo: flood=LOW(0.00) fire=LOW(0.14)
[2026-03-24T09:09:02.295+0000] {climarisk_dag.py:145} INFO - ✅ Rio de Janeiro: flood=LOW(0.00) fire=LOW(0.14)
[2026-03-24T09:09:02.689+0000] {climarisk_dag.py:145} INFO - ✅ Belém: flood=LOW(0.00) fire=LOW(0.14)
[2026-03-24T09:09:03.135+0000] {climarisk_dag.py:145} INFO - ✅ Marabá: flood=LOW(0.00) fire=LOW(0.14)
[2026-03-24T09:09:04.458+0000] {climarisk_dag.py:145} INFO - ✅ Sinop: flood=LOW(0.00) fire=LOW(0.14)
[2026-03-24T09:09:04.822+0000] {climarisk_dag.py:145} INFO - ✅ Porto Velho: flood=LOW(0.00) fire=LOW(0.14)
[2026-03-24T09:09:05.230+0000] {climarisk_dag.py:145} INFO - ✅ Buenos Aires: flood=LOW(0.00) fire=LOW(0.14)
[2026-03-24T09:09:05.612+0000] {climarisk_dag.py:145} INFO - ✅ Lima: flood=LOW(0.00) fire=LOW(0.14)
[2026-03-24T09:09:05.982+0000] {climarisk_dag.py:145} INFO - ✅ Bogotá: flood=LOW(0.00) fire=LOW(0.14)
[2026-03-24T09:09:06.343+0000] {climarisk_dag.py:145} INFO - ✅ Santiago: flood=LOW(0.00) fire=LOW(0.14)
[2026-03-24T09:09:06.688+0000] {climarisk_dag.py:145} INFO - ✅ Port-au-Prince: flood=LOW(0.00) fire=LOW(0.14)
[2026-03-24T09:09:07.027+0000] {climarisk_dag.py:145} INFO - ✅ San Juan: flood=LOW(0.00) fire=LOW(0.14)
[2026-03-24T09:09:07.422+0000] {climarisk_dag.py:145} INFO - ✅ Kingston: flood=LOW(0.00) fire=LOW(0.14)
[2026-03-24T09:09:07.878+0000] {climarisk_dag.py:145} INFO - ✅ Port of Spain: flood=LOW(0.00) fire=LOW(0.14)
[2026-03-24T09:09:08.234+0000] {climarisk_dag.py:145} INFO - ✅ Sydney: flood=LOW(0.00) fire=LOW(0.14)
[2026-03-24T09:09:08.648+0000] {climarisk_dag.py:145} INFO - ✅ Melbourne: flood=LOW(0.00) fire=LOW(0.14)
[2026-03-24T09:09:09.070+0000] {climarisk_dag.py:145} INFO - ✅ Brisbane: flood=LOW(0.00) fire=LOW(0.14)
[2026-03-24T09:09:09.433+0000] {climarisk_dag.py:145} INFO - ✅ Darwin: flood=LOW(0.00) fire=LOW(0.14)
[2026-03-24T09:09:09.793+0000] {climarisk_dag.py:145} INFO - ✅ Alice Springs: flood=LOW(0.00) fire=LOW(0.14)
[2026-03-24T09:09:10.132+0000] {climarisk_dag.py:145} INFO - ✅ Cairns: flood=LOW(0.00) fire=LOW(0.14)
[2026-03-24T09:09:10.553+0000] {climarisk_dag.py:145} INFO - ✅ Auckland: flood=LOW(0.00) fire=LOW(0.14)
[2026-03-24T09:09:10.961+0000] {climarisk_dag.py:145} INFO - ✅ Port Moresby: flood=LOW(0.00) fire=LOW(0.14)
[2026-03-24T09:09:10.962+0000] {climarisk_dag.py:157} INFO - ✅ Done: 291 OK, 0 errors, 113.0s
[2026-03-24T09:09:10.981+0000] {python.py:237} INFO - Done. Returned value was: None
[2026-03-24T09:09:10.982+0000] {taskinstance.py:441} INFO - ::group::Post task execution logs
[2026-03-24T09:09:10.994+0000] {taskinstance.py:1206} INFO - Marking task as SUCCESS. dag_id=***_predictions, task_id=predict_all_zones, run_id=scheduled__2026-03-24T09:06:00+00:00, execution_date=20260324T090600, start_date=20260324T090717, end_date=20260324T090910
[2026-03-24T09:09:11.023+0000] {local_task_job_runner.py:240} INFO - Task exited with return code 0
[2026-03-24T09:09:11.050+0000] {taskinstance.py:3498} INFO - 1 downstream tasks scheduled from follow-on schedule check
[2026-03-24T09:09:11.053+0000] {local_task_job_runner.py:222} INFO - ::endgroup::
