[2026-03-23T22:04:18.470+0000] {local_task_job_runner.py:120} INFO - ::group::Pre task execution logs
[2026-03-23T22:04:18.533+0000] {taskinstance.py:2076} INFO - Dependencies all met for dep_context=non-requeueable deps ti=<TaskInstance: climarisk_predictions.predict_all_zones scheduled__2026-03-23T22:03:00+00:00 [queued]>
[2026-03-23T22:04:18.548+0000] {taskinstance.py:2076} INFO - Dependencies all met for dep_context=requeueable deps ti=<TaskInstance: climarisk_predictions.predict_all_zones scheduled__2026-03-23T22:03:00+00:00 [queued]>
[2026-03-23T22:04:18.550+0000] {taskinstance.py:2306} INFO - Starting attempt 1 of 2
[2026-03-23T22:04:18.572+0000] {taskinstance.py:2330} INFO - Executing <Task(PythonOperator): predict_all_zones> on 2026-03-23 22:03:00+00:00
[2026-03-23T22:04:18.585+0000] {logging_mixin.py:188} WARNING - /home/airflow/.local/lib/python3.12/site-packages/airflow/task/task_runner/standard_task_runner.py:61 DeprecationWarning: This process (pid=6157) is multi-threaded, use of fork() may lead to deadlocks in the child.
[2026-03-23T22:04:18.587+0000] {standard_task_runner.py:63} INFO - Started process 6158 to run task
[2026-03-23T22:04:18.585+0000] {standard_task_runner.py:90} INFO - Running: ['airflow', 'tasks', 'run', '***_predictions', 'predict_all_zones', 'scheduled__2026-03-23T22:03:00+00:00', '--job-id', '244', '--raw', '--subdir', 'DAGS_FOLDER/***_dag.py', '--cfg-path', '/tmp/tmpfsrctk8i']
[2026-03-23T22:04:18.589+0000] {standard_task_runner.py:91} INFO - Job 244: Subtask predict_all_zones
[2026-03-23T22:04:18.709+0000] {task_command.py:426} INFO - Running <TaskInstance: climarisk_predictions.predict_all_zones scheduled__2026-03-23T22:03:00+00:00 [running]> on host 6146f0e8983c
[2026-03-23T22:04:18.898+0000] {taskinstance.py:2648} INFO - Exporting env vars: AIRFLOW_CTX_DAG_OWNER='***' AIRFLOW_CTX_DAG_ID='***_predictions' AIRFLOW_CTX_TASK_ID='predict_all_zones' AIRFLOW_CTX_EXECUTION_DATE='2026-03-23T22:03:00+00:00' AIRFLOW_CTX_TRY_NUMBER='1' AIRFLOW_CTX_DAG_RUN_ID='scheduled__2026-03-23T22:03:00+00:00'
[2026-03-23T22:04:18.900+0000] {taskinstance.py:430} INFO - ::endgroup::
[2026-03-23T22:04:18.956+0000] {climarisk_dag.py:194} ERROR - ❌ Alger: 404 Client Error: Not Found for url: http://backend:8000/api/predict/flood/
[2026-03-23T22:04:18.961+0000] {climarisk_dag.py:194} ERROR - ❌ Cairo: 404 Client Error: Not Found for url: http://backend:8000/api/predict/flood/
[2026-03-23T22:04:18.966+0000] {climarisk_dag.py:194} ERROR - ❌ Lagos: 404 Client Error: Not Found for url: http://backend:8000/api/predict/flood/
[2026-03-23T22:04:18.970+0000] {climarisk_dag.py:194} ERROR - ❌ Kano: 404 Client Error: Not Found for url: http://backend:8000/api/predict/flood/
[2026-03-23T22:04:18.974+0000] {climarisk_dag.py:194} ERROR - ❌ Abuja: 404 Client Error: Not Found for url: http://backend:8000/api/predict/flood/
[2026-03-23T22:04:18.980+0000] {climarisk_dag.py:194} ERROR - ❌ Johannesburg: 404 Client Error: Not Found for url: http://backend:8000/api/predict/flood/
[2026-03-23T22:04:18.986+0000] {climarisk_dag.py:194} ERROR - ❌ Cape Town: 404 Client Error: Not Found for url: http://backend:8000/api/predict/flood/
[2026-03-23T22:04:18.990+0000] {climarisk_dag.py:194} ERROR - ❌ Nairobi: 404 Client Error: Not Found for url: http://backend:8000/api/predict/flood/
[2026-03-23T22:04:18.995+0000] {climarisk_dag.py:194} ERROR - ❌ Addis Ababa: 404 Client Error: Not Found for url: http://backend:8000/api/predict/flood/
[2026-03-23T22:04:19.000+0000] {climarisk_dag.py:194} ERROR - ❌ Dar es Salaam: 404 Client Error: Not Found for url: http://backend:8000/api/predict/flood/
[2026-03-23T22:04:19.005+0000] {climarisk_dag.py:194} ERROR - ❌ Accra: 404 Client Error: Not Found for url: http://backend:8000/api/predict/flood/
[2026-03-23T22:04:19.008+0000] {climarisk_dag.py:194} ERROR - ❌ Casablanca: 404 Client Error: Not Found for url: http://backend:8000/api/predict/flood/
[2026-03-23T22:04:19.012+0000] {climarisk_dag.py:194} ERROR - ❌ Mohammedia: 404 Client Error: Not Found for url: http://backend:8000/api/predict/flood/
[2026-03-23T22:04:19.020+0000] {climarisk_dag.py:194} ERROR - ❌ El Jadida: 404 Client Error: Not Found for url: http://backend:8000/api/predict/flood/
[2026-03-23T22:04:19.030+0000] {climarisk_dag.py:194} ERROR - ❌ Settat: 404 Client Error: Not Found for url: http://backend:8000/api/predict/flood/
[2026-03-23T22:04:19.036+0000] {climarisk_dag.py:194} ERROR - ❌ Berrechid: 404 Client Error: Not Found for url: http://backend:8000/api/predict/flood/
[2026-03-23T22:04:19.044+0000] {climarisk_dag.py:194} ERROR - ❌ Benslimane: 404 Client Error: Not Found for url: http://backend:8000/api/predict/flood/
[2026-03-23T22:04:19.051+0000] {climarisk_dag.py:194} ERROR - ❌ Sidi Bennour: 404 Client Error: Not Found for url: http://backend:8000/api/predict/flood/
[2026-03-23T22:04:19.058+0000] {climarisk_dag.py:194} ERROR - ❌ Azemmour: 404 Client Error: Not Found for url: http://backend:8000/api/predict/flood/
[2026-03-23T22:04:19.064+0000] {climarisk_dag.py:194} ERROR - ❌ Mediouna: 404 Client Error: Not Found for url: http://backend:8000/api/predict/flood/
[2026-03-23T22:04:19.072+0000] {climarisk_dag.py:194} ERROR - ❌ Nouaceur: 404 Client Error: Not Found for url: http://backend:8000/api/predict/flood/
[2026-03-23T22:04:19.077+0000] {climarisk_dag.py:194} ERROR - ❌ Rabat: 404 Client Error: Not Found for url: http://backend:8000/api/predict/flood/
[2026-03-23T22:04:19.080+0000] {climarisk_dag.py:194} ERROR - ❌ Salé: 404 Client Error: Not Found for url: http://backend:8000/api/predict/flood/
[2026-03-23T22:04:19.083+0000] {climarisk_dag.py:194} ERROR - ❌ Kénitra: 404 Client Error: Not Found for url: http://backend:8000/api/predict/flood/
[2026-03-23T22:04:19.089+0000] {climarisk_dag.py:194} ERROR - ❌ Témara: 404 Client Error: Not Found for url: http://backend:8000/api/predict/flood/
[2026-03-23T22:04:19.097+0000] {climarisk_dag.py:194} ERROR - ❌ Skhirat: 404 Client Error: Not Found for url: http://backend:8000/api/predict/flood/
[2026-03-23T22:04:19.102+0000] {climarisk_dag.py:194} ERROR - ❌ Tiflet: 404 Client Error: Not Found for url: http://backend:8000/api/predict/flood/
[2026-03-23T22:04:19.106+0000] {climarisk_dag.py:194} ERROR - ❌ Khémisset: 404 Client Error: Not Found for url: http://backend:8000/api/predict/flood/
[2026-03-23T22:04:19.111+0000] {climarisk_dag.py:194} ERROR - ❌ Sidi Slimane: 404 Client Error: Not Found for url: http://backend:8000/api/predict/flood/
[2026-03-23T22:04:19.115+0000] {climarisk_dag.py:194} ERROR - ❌ Sidi Kacem: 404 Client Error: Not Found for url: http://backend:8000/api/predict/flood/
[2026-03-23T22:04:19.118+0000] {climarisk_dag.py:194} ERROR - ❌ Souk el Arba: 404 Client Error: Not Found for url: http://backend:8000/api/predict/flood/
[2026-03-23T22:04:19.123+0000] {climarisk_dag.py:194} ERROR - ❌ Ouazzane: 404 Client Error: Not Found for url: http://backend:8000/api/predict/flood/
[2026-03-23T22:04:19.127+0000] {climarisk_dag.py:194} ERROR - ❌ Fès: 404 Client Error: Not Found for url: http://backend:8000/api/predict/flood/
[2026-03-23T22:04:19.131+0000] {climarisk_dag.py:194} ERROR - ❌ Meknès: 404 Client Error: Not Found for url: http://backend:8000/api/predict/flood/
[2026-03-23T22:04:19.136+0000] {climarisk_dag.py:194} ERROR - ❌ Ifrane: 404 Client Error: Not Found for url: http://backend:8000/api/predict/flood/
[2026-03-23T22:04:19.139+0000] {climarisk_dag.py:194} ERROR - ❌ Azrou: 404 Client Error: Not Found for url: http://backend:8000/api/predict/flood/
[2026-03-23T22:04:19.143+0000] {climarisk_dag.py:194} ERROR - ❌ Taounate: 404 Client Error: Not Found for url: http://backend:8000/api/predict/flood/
[2026-03-23T22:04:19.148+0000] {climarisk_dag.py:194} ERROR - ❌ Taza: 404 Client Error: Not Found for url: http://backend:8000/api/predict/flood/
[2026-03-23T22:04:19.151+0000] {climarisk_dag.py:194} ERROR - ❌ Sefrou: 404 Client Error: Not Found for url: http://backend:8000/api/predict/flood/
[2026-03-23T22:04:19.155+0000] {climarisk_dag.py:194} ERROR - ❌ Boulemane: 404 Client Error: Not Found for url: http://backend:8000/api/predict/flood/
[2026-03-23T22:04:19.161+0000] {climarisk_dag.py:194} ERROR - ❌ El Hajeb: 404 Client Error: Not Found for url: http://backend:8000/api/predict/flood/
[2026-03-23T22:04:19.167+0000] {climarisk_dag.py:194} ERROR - ❌ Missour: 404 Client Error: Not Found for url: http://backend:8000/api/predict/flood/
[2026-03-23T22:04:19.171+0000] {climarisk_dag.py:194} ERROR - ❌ Guercif: 404 Client Error: Not Found for url: http://backend:8000/api/predict/flood/
[2026-03-23T22:04:19.177+0000] {climarisk_dag.py:194} ERROR - ❌ Marrakech: 404 Client Error: Not Found for url: http://backend:8000/api/predict/flood/
[2026-03-23T22:04:19.181+0000] {climarisk_dag.py:194} ERROR - ❌ Safi: 404 Client Error: Not Found for url: http://backend:8000/api/predict/flood/
[2026-03-23T22:04:19.186+0000] {climarisk_dag.py:194} ERROR - ❌ Essaouira: 404 Client Error: Not Found for url: http://backend:8000/api/predict/flood/
[2026-03-23T22:04:19.190+0000] {climarisk_dag.py:194} ERROR - ❌ El Kelaa des Sraghna: 404 Client Error: Not Found for url: http://backend:8000/api/predict/flood/
[2026-03-23T22:04:19.194+0000] {climarisk_dag.py:194} ERROR - ❌ Chichaoua: 404 Client Error: Not Found for url: http://backend:8000/api/predict/flood/
[2026-03-23T22:04:19.200+0000] {climarisk_dag.py:194} ERROR - ❌ Youssoufia: 404 Client Error: Not Found for url: http://backend:8000/api/predict/flood/
[2026-03-23T22:04:19.205+0000] {climarisk_dag.py:194} ERROR - ❌ Ben Guerir: 404 Client Error: Not Found for url: http://backend:8000/api/predict/flood/
[2026-03-23T22:04:19.210+0000] {climarisk_dag.py:194} ERROR - ❌ Tahanaout: 404 Client Error: Not Found for url: http://backend:8000/api/predict/flood/
[2026-03-23T22:04:19.214+0000] {climarisk_dag.py:194} ERROR - ❌ Ait Ourir: 404 Client Error: Not Found for url: http://backend:8000/api/predict/flood/
[2026-03-23T22:04:19.218+0000] {climarisk_dag.py:194} ERROR - ❌ Demnate: 404 Client Error: Not Found for url: http://backend:8000/api/predict/flood/
[2026-03-23T22:04:19.222+0000] {climarisk_dag.py:194} ERROR - ❌ Tanger: 404 Client Error: Not Found for url: http://backend:8000/api/predict/flood/
[2026-03-23T22:04:19.226+0000] {climarisk_dag.py:194} ERROR - ❌ Tétouan: 404 Client Error: Not Found for url: http://backend:8000/api/predict/flood/
[2026-03-23T22:04:19.230+0000] {climarisk_dag.py:194} ERROR - ❌ Al Hoceïma: 404 Client Error: Not Found for url: http://backend:8000/api/predict/flood/
[2026-03-23T22:04:19.234+0000] {climarisk_dag.py:194} ERROR - ❌ Larache: 404 Client Error: Not Found for url: http://backend:8000/api/predict/flood/
[2026-03-23T22:04:19.238+0000] {climarisk_dag.py:194} ERROR - ❌ Chefchaouen: 404 Client Error: Not Found for url: http://backend:8000/api/predict/flood/
[2026-03-23T22:04:19.244+0000] {climarisk_dag.py:194} ERROR - ❌ Asilah: 404 Client Error: Not Found for url: http://backend:8000/api/predict/flood/
[2026-03-23T22:04:19.248+0000] {climarisk_dag.py:194} ERROR - ❌ Fnideq: 404 Client Error: Not Found for url: http://backend:8000/api/predict/flood/
[2026-03-23T22:04:19.253+0000] {climarisk_dag.py:194} ERROR - ❌ Martil: 404 Client Error: Not Found for url: http://backend:8000/api/predict/flood/
[2026-03-23T22:04:19.258+0000] {climarisk_dag.py:194} ERROR - ❌ Mdiq: 404 Client Error: Not Found for url: http://backend:8000/api/predict/flood/
[2026-03-23T22:04:19.262+0000] {climarisk_dag.py:194} ERROR - ❌ Ksar el Kebir: 404 Client Error: Not Found for url: http://backend:8000/api/predict/flood/
[2026-03-23T22:04:19.265+0000] {climarisk_dag.py:194} ERROR - ❌ Ouazzane: 404 Client Error: Not Found for url: http://backend:8000/api/predict/flood/
[2026-03-23T22:04:19.268+0000] {climarisk_dag.py:194} ERROR - ❌ Targuist: 404 Client Error: Not Found for url: http://backend:8000/api/predict/flood/
[2026-03-23T22:04:19.273+0000] {climarisk_dag.py:194} ERROR - ❌ Imzouren: 404 Client Error: Not Found for url: http://backend:8000/api/predict/flood/
[2026-03-23T22:04:19.278+0000] {climarisk_dag.py:194} ERROR - ❌ Beni Mellal-Khenifra: 404 Client Error: Not Found for url: http://backend:8000/api/predict/flood/
[2026-03-23T22:04:19.282+0000] {climarisk_dag.py:194} ERROR - ❌ Khénifra: 404 Client Error: Not Found for url: http://backend:8000/api/predict/flood/
[2026-03-23T22:04:19.285+0000] {climarisk_dag.py:194} ERROR - ❌ Azilal: 404 Client Error: Not Found for url: http://backend:8000/api/predict/flood/
[2026-03-23T22:04:19.288+0000] {climarisk_dag.py:194} ERROR - ❌ Nanjing: 404 Client Error: Not Found for url: http://backend:8000/api/predict/flood/
[2026-03-23T22:04:19.293+0000] {climarisk_dag.py:194} ERROR - ❌ Khouribga: 404 Client Error: Not Found for url: http://backend:8000/api/predict/flood/
[2026-03-23T22:04:19.296+0000] {climarisk_dag.py:194} ERROR - ❌ Fkih Ben Salah: 404 Client Error: Not Found for url: http://backend:8000/api/predict/flood/
[2026-03-23T22:04:19.299+0000] {climarisk_dag.py:194} ERROR - ❌ Souk Sebt: 404 Client Error: Not Found for url: http://backend:8000/api/predict/flood/
[2026-03-23T22:04:19.303+0000] {climarisk_dag.py:194} ERROR - ❌ Midelt: 404 Client Error: Not Found for url: http://backend:8000/api/predict/flood/
[2026-03-23T22:04:19.307+0000] {climarisk_dag.py:194} ERROR - ❌ Zaouiat Cheikh: 404 Client Error: Not Found for url: http://backend:8000/api/predict/flood/
[2026-03-23T22:04:19.310+0000] {climarisk_dag.py:194} ERROR - ❌ Oujda: 404 Client Error: Not Found for url: http://backend:8000/api/predict/flood/
[2026-03-23T22:04:19.313+0000] {climarisk_dag.py:194} ERROR - ❌ Nador: 404 Client Error: Not Found for url: http://backend:8000/api/predict/flood/
[2026-03-23T22:04:19.316+0000] {climarisk_dag.py:194} ERROR - ❌ Berkane: 404 Client Error: Not Found for url: http://backend:8000/api/predict/flood/
[2026-03-23T22:04:19.319+0000] {climarisk_dag.py:194} ERROR - ❌ Taourirt: 404 Client Error: Not Found for url: http://backend:8000/api/predict/flood/
[2026-03-23T22:04:19.322+0000] {climarisk_dag.py:194} ERROR - ❌ Jerada: 404 Client Error: Not Found for url: http://backend:8000/api/predict/flood/
[2026-03-23T22:04:19.326+0000] {climarisk_dag.py:194} ERROR - ❌ Figuig: 404 Client Error: Not Found for url: http://backend:8000/api/predict/flood/
[2026-03-23T22:04:19.330+0000] {climarisk_dag.py:194} ERROR - ❌ Bouarfa: 404 Client Error: Not Found for url: http://backend:8000/api/predict/flood/
[2026-03-23T22:04:19.333+0000] {climarisk_dag.py:194} ERROR - ❌ Selouane: 404 Client Error: Not Found for url: http://backend:8000/api/predict/flood/
[2026-03-23T22:04:19.336+0000] {climarisk_dag.py:194} ERROR - ❌ Zaio: 404 Client Error: Not Found for url: http://backend:8000/api/predict/flood/
[2026-03-23T22:04:19.339+0000] {climarisk_dag.py:194} ERROR - ❌ Agadir: 404 Client Error: Not Found for url: http://backend:8000/api/predict/flood/
[2026-03-23T22:04:19.343+0000] {climarisk_dag.py:194} ERROR - ❌ Inezgane: 404 Client Error: Not Found for url: http://backend:8000/api/predict/flood/
[2026-03-23T22:04:19.347+0000] {climarisk_dag.py:194} ERROR - ❌ Tiznit: 404 Client Error: Not Found for url: http://backend:8000/api/predict/flood/
[2026-03-23T22:04:19.350+0000] {climarisk_dag.py:194} ERROR - ❌ Taroudannt: 404 Client Error: Not Found for url: http://backend:8000/api/predict/flood/
[2026-03-23T22:04:19.353+0000] {climarisk_dag.py:194} ERROR - ❌ Ouarzazate: 404 Client Error: Not Found for url: http://backend:8000/api/predict/flood/
[2026-03-23T22:04:19.356+0000] {climarisk_dag.py:194} ERROR - ❌ Ait Melloul: 404 Client Error: Not Found for url: http://backend:8000/api/predict/flood/
[2026-03-23T22:04:19.359+0000] {climarisk_dag.py:194} ERROR - ❌ Biougra: 404 Client Error: Not Found for url: http://backend:8000/api/predict/flood/
[2026-03-23T22:04:19.362+0000] {climarisk_dag.py:194} ERROR - ❌ Chtouka Ait Baha: 404 Client Error: Not Found for url: http://backend:8000/api/predict/flood/
[2026-03-23T22:04:19.365+0000] {climarisk_dag.py:194} ERROR - ❌ Tata: 404 Client Error: Not Found for url: http://backend:8000/api/predict/flood/
[2026-03-23T22:04:19.368+0000] {climarisk_dag.py:194} ERROR - ❌ Sidi Ifni: 404 Client Error: Not Found for url: http://backend:8000/api/predict/flood/
[2026-03-23T22:04:19.371+0000] {climarisk_dag.py:194} ERROR - ❌ Massa: 404 Client Error: Not Found for url: http://backend:8000/api/predict/flood/
[2026-03-23T22:04:19.375+0000] {climarisk_dag.py:194} ERROR - ❌ Errachidia: 404 Client Error: Not Found for url: http://backend:8000/api/predict/flood/
[2026-03-23T22:04:19.379+0000] {climarisk_dag.py:194} ERROR - ❌ Zagora: 404 Client Error: Not Found for url: http://backend:8000/api/predict/flood/
[2026-03-23T22:04:19.382+0000] {climarisk_dag.py:194} ERROR - ❌ Tinghir: 404 Client Error: Not Found for url: http://backend:8000/api/predict/flood/
[2026-03-23T22:04:19.385+0000] {climarisk_dag.py:194} ERROR - ❌ Ouarzazate: 404 Client Error: Not Found for url: http://backend:8000/api/predict/flood/
[2026-03-23T22:04:19.389+0000] {climarisk_dag.py:194} ERROR - ❌ Rissani: 404 Client Error: Not Found for url: http://backend:8000/api/predict/flood/
[2026-03-23T22:04:19.393+0000] {climarisk_dag.py:194} ERROR - ❌ Erfoud: 404 Client Error: Not Found for url: http://backend:8000/api/predict/flood/
[2026-03-23T22:04:19.397+0000] {climarisk_dag.py:194} ERROR - ❌ Merzouga: 404 Client Error: Not Found for url: http://backend:8000/api/predict/flood/
[2026-03-23T22:04:19.400+0000] {climarisk_dag.py:194} ERROR - ❌ Alnif: 404 Client Error: Not Found for url: http://backend:8000/api/predict/flood/
[2026-03-23T22:04:19.403+0000] {climarisk_dag.py:194} ERROR - ❌ Goulmima: 404 Client Error: Not Found for url: http://backend:8000/api/predict/flood/
[2026-03-23T22:04:19.408+0000] {climarisk_dag.py:194} ERROR - ❌ Laâyoune: 404 Client Error: Not Found for url: http://backend:8000/api/predict/flood/
[2026-03-23T22:04:19.411+0000] {climarisk_dag.py:194} ERROR - ❌ Boujdour: 404 Client Error: Not Found for url: http://backend:8000/api/predict/flood/
[2026-03-23T22:04:19.414+0000] {climarisk_dag.py:194} ERROR - ❌ Tarfaya: 404 Client Error: Not Found for url: http://backend:8000/api/predict/flood/
[2026-03-23T22:04:19.418+0000] {climarisk_dag.py:194} ERROR - ❌ Smara: 404 Client Error: Not Found for url: http://backend:8000/api/predict/flood/
[2026-03-23T22:04:19.422+0000] {climarisk_dag.py:194} ERROR - ❌ El Marsa: 404 Client Error: Not Found for url: http://backend:8000/api/predict/flood/
[2026-03-23T22:04:19.425+0000] {climarisk_dag.py:194} ERROR - ❌ Dakhla: 404 Client Error: Not Found for url: http://backend:8000/api/predict/flood/
[2026-03-23T22:04:19.429+0000] {climarisk_dag.py:194} ERROR - ❌ Aousserd: 404 Client Error: Not Found for url: http://backend:8000/api/predict/flood/
[2026-03-23T22:04:19.432+0000] {climarisk_dag.py:194} ERROR - ❌ Guelmim: 404 Client Error: Not Found for url: http://backend:8000/api/predict/flood/
[2026-03-23T22:04:19.435+0000] {climarisk_dag.py:194} ERROR - ❌ Tan-Tan: 404 Client Error: Not Found for url: http://backend:8000/api/predict/flood/
[2026-03-23T22:04:19.438+0000] {climarisk_dag.py:194} ERROR - ❌ Assa: 404 Client Error: Not Found for url: http://backend:8000/api/predict/flood/
[2026-03-23T22:04:19.442+0000] {climarisk_dag.py:194} ERROR - ❌ Zag: 404 Client Error: Not Found for url: http://backend:8000/api/predict/flood/
[2026-03-23T22:04:19.445+0000] {climarisk_dag.py:194} ERROR - ❌ Sidi Ifni: 404 Client Error: Not Found for url: http://backend:8000/api/predict/flood/
[2026-03-23T22:04:19.448+0000] {climarisk_dag.py:194} ERROR - ❌ Tiznit: 404 Client Error: Not Found for url: http://backend:8000/api/predict/flood/
[2026-03-23T22:04:19.451+0000] {climarisk_dag.py:194} ERROR - ❌ Tunis: 404 Client Error: Not Found for url: http://backend:8000/api/predict/flood/
[2026-03-23T22:04:19.455+0000] {climarisk_dag.py:194} ERROR - ❌ Kampala: 404 Client Error: Not Found for url: http://backend:8000/api/predict/flood/
[2026-03-23T22:04:19.459+0000] {climarisk_dag.py:194} ERROR - ❌ Dakar: 404 Client Error: Not Found for url: http://backend:8000/api/predict/flood/
[2026-03-23T22:04:19.463+0000] {climarisk_dag.py:194} ERROR - ❌ Kinshasa: 404 Client Error: Not Found for url: http://backend:8000/api/predict/flood/
[2026-03-23T22:04:19.466+0000] {climarisk_dag.py:194} ERROR - ❌ Luanda: 404 Client Error: Not Found for url: http://backend:8000/api/predict/flood/
[2026-03-23T22:04:19.469+0000] {climarisk_dag.py:194} ERROR - ❌ Khartoum: 404 Client Error: Not Found for url: http://backend:8000/api/predict/flood/
[2026-03-23T22:04:19.473+0000] {climarisk_dag.py:194} ERROR - ❌ Harare: 404 Client Error: Not Found for url: http://backend:8000/api/predict/flood/
[2026-03-23T22:04:19.476+0000] {climarisk_dag.py:194} ERROR - ❌ Lusaka: 404 Client Error: Not Found for url: http://backend:8000/api/predict/flood/
[2026-03-23T22:04:19.479+0000] {climarisk_dag.py:194} ERROR - ❌ Maputo: 404 Client Error: Not Found for url: http://backend:8000/api/predict/flood/
[2026-03-23T22:04:19.482+0000] {climarisk_dag.py:194} ERROR - ❌ Antananarivo: 404 Client Error: Not Found for url: http://backend:8000/api/predict/flood/
[2026-03-23T22:04:19.486+0000] {climarisk_dag.py:194} ERROR - ❌ Abidjan: 404 Client Error: Not Found for url: http://backend:8000/api/predict/flood/
[2026-03-23T22:04:19.490+0000] {climarisk_dag.py:194} ERROR - ❌ Douala: 404 Client Error: Not Found for url: http://backend:8000/api/predict/flood/
[2026-03-23T22:04:19.493+0000] {climarisk_dag.py:194} ERROR - ❌ Niamey: 404 Client Error: Not Found for url: http://backend:8000/api/predict/flood/
[2026-03-23T22:04:19.496+0000] {climarisk_dag.py:194} ERROR - ❌ Ouagadougou: 404 Client Error: Not Found for url: http://backend:8000/api/predict/flood/
[2026-03-23T22:04:19.499+0000] {climarisk_dag.py:194} ERROR - ❌ Bamako: 404 Client Error: Not Found for url: http://backend:8000/api/predict/flood/
[2026-03-23T22:04:19.503+0000] {climarisk_dag.py:194} ERROR - ❌ Windhoek: 404 Client Error: Not Found for url: http://backend:8000/api/predict/flood/
[2026-03-23T22:04:19.506+0000] {climarisk_dag.py:194} ERROR - ❌ Port Harcourt: 404 Client Error: Not Found for url: http://backend:8000/api/predict/flood/
[2026-03-23T22:04:19.509+0000] {climarisk_dag.py:194} ERROR - ❌ Warri: 404 Client Error: Not Found for url: http://backend:8000/api/predict/flood/
[2026-03-23T22:04:19.512+0000] {climarisk_dag.py:194} ERROR - ❌ Calabar: 404 Client Error: Not Found for url: http://backend:8000/api/predict/flood/
[2026-03-23T22:04:19.515+0000] {climarisk_dag.py:194} ERROR - ❌ Beijing: 404 Client Error: Not Found for url: http://backend:8000/api/predict/flood/
[2026-03-23T22:04:19.519+0000] {climarisk_dag.py:194} ERROR - ❌ Shanghai: 404 Client Error: Not Found for url: http://backend:8000/api/predict/flood/
[2026-03-23T22:04:19.522+0000] {climarisk_dag.py:194} ERROR - ❌ Guangzhou: 404 Client Error: Not Found for url: http://backend:8000/api/predict/flood/
[2026-03-23T22:04:19.526+0000] {climarisk_dag.py:194} ERROR - ❌ Chengdu: 404 Client Error: Not Found for url: http://backend:8000/api/predict/flood/
[2026-03-23T22:04:19.529+0000] {climarisk_dag.py:194} ERROR - ❌ Wuhan: 404 Client Error: Not Found for url: http://backend:8000/api/predict/flood/
[2026-03-23T22:04:19.533+0000] {climarisk_dag.py:194} ERROR - ❌ Chongqing: 404 Client Error: Not Found for url: http://backend:8000/api/predict/flood/
[2026-03-23T22:04:19.536+0000] {climarisk_dag.py:194} ERROR - ❌ Zhengzhou: 404 Client Error: Not Found for url: http://backend:8000/api/predict/flood/
[2026-03-23T22:04:19.540+0000] {climarisk_dag.py:194} ERROR - ❌ Changsha: 404 Client Error: Not Found for url: http://backend:8000/api/predict/flood/
[2026-03-23T22:04:19.543+0000] {climarisk_dag.py:194} ERROR - ❌ Nanchang: 404 Client Error: Not Found for url: http://backend:8000/api/predict/flood/
[2026-03-23T22:04:19.546+0000] {climarisk_dag.py:194} ERROR - ❌ Yichang: 404 Client Error: Not Found for url: http://backend:8000/api/predict/flood/
[2026-03-23T22:04:19.549+0000] {climarisk_dag.py:194} ERROR - ❌ Haikou: 404 Client Error: Not Found for url: http://backend:8000/api/predict/flood/
[2026-03-23T22:04:19.552+0000] {climarisk_dag.py:194} ERROR - ❌ Hong Kong: 404 Client Error: Not Found for url: http://backend:8000/api/predict/flood/
[2026-03-23T22:04:19.555+0000] {climarisk_dag.py:194} ERROR - ❌ Taipei: 404 Client Error: Not Found for url: http://backend:8000/api/predict/flood/
[2026-03-23T22:04:19.558+0000] {climarisk_dag.py:194} ERROR - ❌ Kaohsiung: 404 Client Error: Not Found for url: http://backend:8000/api/predict/flood/
[2026-03-23T22:04:19.561+0000] {climarisk_dag.py:194} ERROR - ❌ Mumbai: 404 Client Error: Not Found for url: http://backend:8000/api/predict/flood/
[2026-03-23T22:04:19.564+0000] {climarisk_dag.py:194} ERROR - ❌ Delhi: 404 Client Error: Not Found for url: http://backend:8000/api/predict/flood/
[2026-03-23T22:04:19.568+0000] {climarisk_dag.py:194} ERROR - ❌ Bangalore: 404 Client Error: Not Found for url: http://backend:8000/api/predict/flood/
[2026-03-23T22:04:19.571+0000] {climarisk_dag.py:194} ERROR - ❌ Chennai: 404 Client Error: Not Found for url: http://backend:8000/api/predict/flood/
[2026-03-23T22:04:19.574+0000] {climarisk_dag.py:194} ERROR - ❌ Kolkata: 404 Client Error: Not Found for url: http://backend:8000/api/predict/flood/
[2026-03-23T22:04:19.577+0000] {climarisk_dag.py:194} ERROR - ❌ Patna: 404 Client Error: Not Found for url: http://backend:8000/api/predict/flood/
[2026-03-23T22:04:19.580+0000] {climarisk_dag.py:194} ERROR - ❌ Guwahati: 404 Client Error: Not Found for url: http://backend:8000/api/predict/flood/
[2026-03-23T22:04:19.584+0000] {climarisk_dag.py:194} ERROR - ❌ Varanasi: 404 Client Error: Not Found for url: http://backend:8000/api/predict/flood/
[2026-03-23T22:04:19.588+0000] {climarisk_dag.py:194} ERROR - ❌ Muzaffarpur: 404 Client Error: Not Found for url: http://backend:8000/api/predict/flood/
[2026-03-23T22:04:19.591+0000] {climarisk_dag.py:194} ERROR - ❌ Visakhapatnam: 404 Client Error: Not Found for url: http://backend:8000/api/predict/flood/
[2026-03-23T22:04:19.594+0000] {climarisk_dag.py:194} ERROR - ❌ Vijayawada: 404 Client Error: Not Found for url: http://backend:8000/api/predict/flood/
[2026-03-23T22:04:19.598+0000] {climarisk_dag.py:194} ERROR - ❌ Tokyo: 404 Client Error: Not Found for url: http://backend:8000/api/predict/flood/
[2026-03-23T22:04:19.629+0000] {climarisk_dag.py:194} ERROR - ❌ Osaka: 404 Client Error: Not Found for url: http://backend:8000/api/predict/flood/
[2026-03-23T22:04:19.634+0000] {climarisk_dag.py:194} ERROR - ❌ Sapporo: 404 Client Error: Not Found for url: http://backend:8000/api/predict/flood/
[2026-03-23T22:04:19.638+0000] {climarisk_dag.py:194} ERROR - ❌ Naha: 404 Client Error: Not Found for url: http://backend:8000/api/predict/flood/
[2026-03-23T22:04:19.643+0000] {climarisk_dag.py:194} ERROR - ❌ Seoul: 404 Client Error: Not Found for url: http://backend:8000/api/predict/flood/
[2026-03-23T22:04:19.647+0000] {climarisk_dag.py:194} ERROR - ❌ Busan: 404 Client Error: Not Found for url: http://backend:8000/api/predict/flood/
[2026-03-23T22:04:19.652+0000] {climarisk_dag.py:194} ERROR - ❌ Bangkok: 404 Client Error: Not Found for url: http://backend:8000/api/predict/flood/
[2026-03-23T22:04:19.658+0000] {climarisk_dag.py:194} ERROR - ❌ Chiang Mai: 404 Client Error: Not Found for url: http://backend:8000/api/predict/flood/
[2026-03-23T22:04:19.663+0000] {climarisk_dag.py:194} ERROR - ❌ Jakarta: 404 Client Error: Not Found for url: http://backend:8000/api/predict/flood/
[2026-03-23T22:04:19.668+0000] {climarisk_dag.py:194} ERROR - ❌ Surabaya: 404 Client Error: Not Found for url: http://backend:8000/api/predict/flood/
[2026-03-23T22:04:19.673+0000] {climarisk_dag.py:194} ERROR - ❌ Medan: 404 Client Error: Not Found for url: http://backend:8000/api/predict/flood/
[2026-03-23T22:04:19.678+0000] {climarisk_dag.py:194} ERROR - ❌ Manila: 404 Client Error: Not Found for url: http://backend:8000/api/predict/flood/
[2026-03-23T22:04:19.682+0000] {climarisk_dag.py:194} ERROR - ❌ Cebu: 404 Client Error: Not Found for url: http://backend:8000/api/predict/flood/
[2026-03-23T22:04:19.686+0000] {climarisk_dag.py:194} ERROR - ❌ Tacloban: 404 Client Error: Not Found for url: http://backend:8000/api/predict/flood/
[2026-03-23T22:04:19.689+0000] {climarisk_dag.py:194} ERROR - ❌ Legazpi: 404 Client Error: Not Found for url: http://backend:8000/api/predict/flood/
[2026-03-23T22:04:19.693+0000] {climarisk_dag.py:194} ERROR - ❌ Zamboanga: 404 Client Error: Not Found for url: http://backend:8000/api/predict/flood/
[2026-03-23T22:04:19.697+0000] {climarisk_dag.py:194} ERROR - ❌ Kuala Lumpur: 404 Client Error: Not Found for url: http://backend:8000/api/predict/flood/
[2026-03-23T22:04:19.702+0000] {climarisk_dag.py:194} ERROR - ❌ Singapore: 404 Client Error: Not Found for url: http://backend:8000/api/predict/flood/
[2026-03-23T22:04:19.707+0000] {climarisk_dag.py:194} ERROR - ❌ Ho Chi Minh City: 404 Client Error: Not Found for url: http://backend:8000/api/predict/flood/
[2026-03-23T22:04:19.714+0000] {climarisk_dag.py:194} ERROR - ❌ Hanoi: 404 Client Error: Not Found for url: http://backend:8000/api/predict/flood/
[2026-03-23T22:04:19.720+0000] {climarisk_dag.py:194} ERROR - ❌ Da Nang: 404 Client Error: Not Found for url: http://backend:8000/api/predict/flood/
[2026-03-23T22:04:19.724+0000] {climarisk_dag.py:194} ERROR - ❌ Can Tho: 404 Client Error: Not Found for url: http://backend:8000/api/predict/flood/
[2026-03-23T22:04:19.728+0000] {climarisk_dag.py:194} ERROR - ❌ My Tho: 404 Client Error: Not Found for url: http://backend:8000/api/predict/flood/
[2026-03-23T22:04:19.733+0000] {climarisk_dag.py:194} ERROR - ❌ Dhaka: 404 Client Error: Not Found for url: http://backend:8000/api/predict/flood/
[2026-03-23T22:04:19.738+0000] {climarisk_dag.py:194} ERROR - ❌ Chittagong: 404 Client Error: Not Found for url: http://backend:8000/api/predict/flood/
[2026-03-23T22:04:19.743+0000] {climarisk_dag.py:194} ERROR - ❌ Sylhet: 404 Client Error: Not Found for url: http://backend:8000/api/predict/flood/
[2026-03-23T22:04:19.749+0000] {climarisk_dag.py:194} ERROR - ❌ Khulna: 404 Client Error: Not Found for url: http://backend:8000/api/predict/flood/
[2026-03-23T22:04:19.754+0000] {climarisk_dag.py:194} ERROR - ❌ Cox's Bazar: 404 Client Error: Not Found for url: http://backend:8000/api/predict/flood/
[2026-03-23T22:04:19.759+0000] {climarisk_dag.py:194} ERROR - ❌ Karachi: 404 Client Error: Not Found for url: http://backend:8000/api/predict/flood/
[2026-03-23T22:04:19.764+0000] {climarisk_dag.py:194} ERROR - ❌ Lahore: 404 Client Error: Not Found for url: http://backend:8000/api/predict/flood/
[2026-03-23T22:04:19.770+0000] {climarisk_dag.py:194} ERROR - ❌ Colombo: 404 Client Error: Not Found for url: http://backend:8000/api/predict/flood/
[2026-03-23T22:04:19.773+0000] {climarisk_dag.py:194} ERROR - ❌ Kathmandu: 404 Client Error: Not Found for url: http://backend:8000/api/predict/flood/
[2026-03-23T22:04:19.777+0000] {climarisk_dag.py:194} ERROR - ❌ Yangon: 404 Client Error: Not Found for url: http://backend:8000/api/predict/flood/
[2026-03-23T22:04:19.782+0000] {climarisk_dag.py:194} ERROR - ❌ Sittwe: 404 Client Error: Not Found for url: http://backend:8000/api/predict/flood/
[2026-03-23T22:04:19.786+0000] {climarisk_dag.py:194} ERROR - ❌ Phnom Penh: 404 Client Error: Not Found for url: http://backend:8000/api/predict/flood/
[2026-03-23T22:04:19.789+0000] {climarisk_dag.py:194} ERROR - ❌ Riyadh: 404 Client Error: Not Found for url: http://backend:8000/api/predict/flood/
[2026-03-23T22:04:19.793+0000] {climarisk_dag.py:194} ERROR - ❌ Dubai: 404 Client Error: Not Found for url: http://backend:8000/api/predict/flood/
[2026-03-23T22:04:19.797+0000] {climarisk_dag.py:194} ERROR - ❌ Tehran: 404 Client Error: Not Found for url: http://backend:8000/api/predict/flood/
[2026-03-23T22:04:19.802+0000] {climarisk_dag.py:194} ERROR - ❌ Istanbul: 404 Client Error: Not Found for url: http://backend:8000/api/predict/flood/
[2026-03-23T22:04:19.807+0000] {climarisk_dag.py:194} ERROR - ❌ Ankara: 404 Client Error: Not Found for url: http://backend:8000/api/predict/flood/
[2026-03-23T22:04:19.810+0000] {climarisk_dag.py:194} ERROR - ❌ Baghdad: 404 Client Error: Not Found for url: http://backend:8000/api/predict/flood/
[2026-03-23T22:04:19.816+0000] {climarisk_dag.py:194} ERROR - ❌ Baku: 404 Client Error: Not Found for url: http://backend:8000/api/predict/flood/
[2026-03-23T22:04:19.820+0000] {climarisk_dag.py:194} ERROR - ❌ Tashkent: 404 Client Error: Not Found for url: http://backend:8000/api/predict/flood/
[2026-03-23T22:04:19.823+0000] {climarisk_dag.py:194} ERROR - ❌ Almaty: 404 Client Error: Not Found for url: http://backend:8000/api/predict/flood/
[2026-03-23T22:04:19.826+0000] {climarisk_dag.py:194} ERROR - ❌ Guam: 404 Client Error: Not Found for url: http://backend:8000/api/predict/flood/
[2026-03-23T22:04:19.830+0000] {climarisk_dag.py:194} ERROR - ❌ Paris: 404 Client Error: Not Found for url: http://backend:8000/api/predict/flood/
[2026-03-23T22:04:19.834+0000] {climarisk_dag.py:194} ERROR - ❌ Lyon: 404 Client Error: Not Found for url: http://backend:8000/api/predict/flood/
[2026-03-23T22:04:19.838+0000] {climarisk_dag.py:194} ERROR - ❌ Marseille: 404 Client Error: Not Found for url: http://backend:8000/api/predict/flood/
[2026-03-23T22:04:19.841+0000] {climarisk_dag.py:194} ERROR - ❌ Toulouse: 404 Client Error: Not Found for url: http://backend:8000/api/predict/flood/
[2026-03-23T22:04:19.844+0000] {climarisk_dag.py:194} ERROR - ❌ Bordeaux: 404 Client Error: Not Found for url: http://backend:8000/api/predict/flood/
[2026-03-23T22:04:19.847+0000] {climarisk_dag.py:194} ERROR - ❌ Nantes: 404 Client Error: Not Found for url: http://backend:8000/api/predict/flood/
[2026-03-23T22:04:19.851+0000] {climarisk_dag.py:194} ERROR - ❌ Strasbourg: 404 Client Error: Not Found for url: http://backend:8000/api/predict/flood/
[2026-03-23T22:04:19.855+0000] {climarisk_dag.py:194} ERROR - ❌ Lille: 404 Client Error: Not Found for url: http://backend:8000/api/predict/flood/
[2026-03-23T22:04:19.858+0000] {climarisk_dag.py:194} ERROR - ❌ Montpellier: 404 Client Error: Not Found for url: http://backend:8000/api/predict/flood/
[2026-03-23T22:04:19.861+0000] {climarisk_dag.py:194} ERROR - ❌ Nice: 404 Client Error: Not Found for url: http://backend:8000/api/predict/flood/
[2026-03-23T22:04:19.866+0000] {climarisk_dag.py:194} ERROR - ❌ London: 404 Client Error: Not Found for url: http://backend:8000/api/predict/flood/
[2026-03-23T22:04:19.869+0000] {climarisk_dag.py:194} ERROR - ❌ Birmingham: 404 Client Error: Not Found for url: http://backend:8000/api/predict/flood/
[2026-03-23T22:04:19.872+0000] {climarisk_dag.py:194} ERROR - ❌ Manchester: 404 Client Error: Not Found for url: http://backend:8000/api/predict/flood/
[2026-03-23T22:04:19.875+0000] {climarisk_dag.py:194} ERROR - ❌ Berlin: 404 Client Error: Not Found for url: http://backend:8000/api/predict/flood/
[2026-03-23T22:04:19.878+0000] {climarisk_dag.py:194} ERROR - ❌ Hamburg: 404 Client Error: Not Found for url: http://backend:8000/api/predict/flood/
[2026-03-23T22:04:19.882+0000] {climarisk_dag.py:194} ERROR - ❌ Munich: 404 Client Error: Not Found for url: http://backend:8000/api/predict/flood/
[2026-03-23T22:04:19.885+0000] {climarisk_dag.py:194} ERROR - ❌ Frankfurt: 404 Client Error: Not Found for url: http://backend:8000/api/predict/flood/
[2026-03-23T22:04:19.888+0000] {climarisk_dag.py:194} ERROR - ❌ Madrid: 404 Client Error: Not Found for url: http://backend:8000/api/predict/flood/
[2026-03-23T22:04:19.891+0000] {climarisk_dag.py:194} ERROR - ❌ Barcelona: 404 Client Error: Not Found for url: http://backend:8000/api/predict/flood/
[2026-03-23T22:04:19.894+0000] {climarisk_dag.py:194} ERROR - ❌ Valencia: 404 Client Error: Not Found for url: http://backend:8000/api/predict/flood/
[2026-03-23T22:04:19.898+0000] {climarisk_dag.py:194} ERROR - ❌ Malaga: 404 Client Error: Not Found for url: http://backend:8000/api/predict/flood/
[2026-03-23T22:04:19.901+0000] {climarisk_dag.py:194} ERROR - ❌ Rome: 404 Client Error: Not Found for url: http://backend:8000/api/predict/flood/
[2026-03-23T22:04:19.904+0000] {climarisk_dag.py:194} ERROR - ❌ Milan: 404 Client Error: Not Found for url: http://backend:8000/api/predict/flood/
[2026-03-23T22:04:19.906+0000] {climarisk_dag.py:194} ERROR - ❌ Palermo: 404 Client Error: Not Found for url: http://backend:8000/api/predict/flood/
[2026-03-23T22:04:19.909+0000] {climarisk_dag.py:194} ERROR - ❌ Amsterdam: 404 Client Error: Not Found for url: http://backend:8000/api/predict/flood/
[2026-03-23T22:04:19.913+0000] {climarisk_dag.py:194} ERROR - ❌ Brussels: 404 Client Error: Not Found for url: http://backend:8000/api/predict/flood/
[2026-03-23T22:04:19.917+0000] {climarisk_dag.py:194} ERROR - ❌ Vienna: 404 Client Error: Not Found for url: http://backend:8000/api/predict/flood/
[2026-03-23T22:04:19.920+0000] {climarisk_dag.py:194} ERROR - ❌ Zurich: 404 Client Error: Not Found for url: http://backend:8000/api/predict/flood/
[2026-03-23T22:04:19.922+0000] {climarisk_dag.py:194} ERROR - ❌ Stockholm: 404 Client Error: Not Found for url: http://backend:8000/api/predict/flood/
[2026-03-23T22:04:19.925+0000] {climarisk_dag.py:194} ERROR - ❌ Oslo: 404 Client Error: Not Found for url: http://backend:8000/api/predict/flood/
[2026-03-23T22:04:19.929+0000] {climarisk_dag.py:194} ERROR - ❌ Copenhagen: 404 Client Error: Not Found for url: http://backend:8000/api/predict/flood/
[2026-03-23T22:04:19.933+0000] {climarisk_dag.py:194} ERROR - ❌ Helsinki: 404 Client Error: Not Found for url: http://backend:8000/api/predict/flood/
[2026-03-23T22:04:19.937+0000] {climarisk_dag.py:194} ERROR - ❌ Warsaw: 404 Client Error: Not Found for url: http://backend:8000/api/predict/flood/
[2026-03-23T22:04:19.940+0000] {climarisk_dag.py:194} ERROR - ❌ Prague: 404 Client Error: Not Found for url: http://backend:8000/api/predict/flood/
[2026-03-23T22:04:19.943+0000] {climarisk_dag.py:194} ERROR - ❌ Budapest: 404 Client Error: Not Found for url: http://backend:8000/api/predict/flood/
[2026-03-23T22:04:19.946+0000] {climarisk_dag.py:194} ERROR - ❌ Bucharest: 404 Client Error: Not Found for url: http://backend:8000/api/predict/flood/
[2026-03-23T22:04:19.949+0000] {climarisk_dag.py:194} ERROR - ❌ Athens: 404 Client Error: Not Found for url: http://backend:8000/api/predict/flood/
[2026-03-23T22:04:19.952+0000] {climarisk_dag.py:194} ERROR - ❌ Thessaloniki: 404 Client Error: Not Found for url: http://backend:8000/api/predict/flood/
[2026-03-23T22:04:19.955+0000] {climarisk_dag.py:194} ERROR - ❌ Lisbon: 404 Client Error: Not Found for url: http://backend:8000/api/predict/flood/
[2026-03-23T22:04:19.959+0000] {climarisk_dag.py:194} ERROR - ❌ Moscow: 404 Client Error: Not Found for url: http://backend:8000/api/predict/flood/
[2026-03-23T22:04:19.962+0000] {climarisk_dag.py:194} ERROR - ❌ Saint Petersburg: 404 Client Error: Not Found for url: http://backend:8000/api/predict/flood/
[2026-03-23T22:04:19.966+0000] {climarisk_dag.py:194} ERROR - ❌ Krasnoyarsk: 404 Client Error: Not Found for url: http://backend:8000/api/predict/flood/
[2026-03-23T22:04:19.968+0000] {climarisk_dag.py:194} ERROR - ❌ Irkutsk: 404 Client Error: Not Found for url: http://backend:8000/api/predict/flood/
[2026-03-23T22:04:19.971+0000] {climarisk_dag.py:194} ERROR - ❌ Yakutsk: 404 Client Error: Not Found for url: http://backend:8000/api/predict/flood/
[2026-03-23T22:04:19.975+0000] {climarisk_dag.py:194} ERROR - ❌ Khabarovsk: 404 Client Error: Not Found for url: http://backend:8000/api/predict/flood/
[2026-03-23T22:04:19.979+0000] {climarisk_dag.py:194} ERROR - ❌ Kyiv: 404 Client Error: Not Found for url: http://backend:8000/api/predict/flood/
[2026-03-23T22:04:19.982+0000] {climarisk_dag.py:194} ERROR - ❌ New York: 404 Client Error: Not Found for url: http://backend:8000/api/predict/flood/
[2026-03-23T22:04:19.985+0000] {climarisk_dag.py:194} ERROR - ❌ Los Angeles: 404 Client Error: Not Found for url: http://backend:8000/api/predict/flood/
[2026-03-23T22:04:19.988+0000] {climarisk_dag.py:194} ERROR - ❌ Chicago: 404 Client Error: Not Found for url: http://backend:8000/api/predict/flood/
[2026-03-23T22:04:19.991+0000] {climarisk_dag.py:194} ERROR - ❌ Houston: 404 Client Error: Not Found for url: http://backend:8000/api/predict/flood/
[2026-03-23T22:04:19.995+0000] {climarisk_dag.py:194} ERROR - ❌ Miami: 404 Client Error: Not Found for url: http://backend:8000/api/predict/flood/
[2026-03-23T22:04:19.998+0000] {climarisk_dag.py:194} ERROR - ❌ New Orleans: 404 Client Error: Not Found for url: http://backend:8000/api/predict/flood/
[2026-03-23T22:04:20.002+0000] {climarisk_dag.py:194} ERROR - ❌ Seattle: 404 Client Error: Not Found for url: http://backend:8000/api/predict/flood/
[2026-03-23T22:04:20.005+0000] {climarisk_dag.py:194} ERROR - ❌ Sacramento: 404 Client Error: Not Found for url: http://backend:8000/api/predict/flood/
[2026-03-23T22:04:20.008+0000] {climarisk_dag.py:194} ERROR - ❌ Fresno: 404 Client Error: Not Found for url: http://backend:8000/api/predict/flood/
[2026-03-23T22:04:20.012+0000] {climarisk_dag.py:194} ERROR - ❌ Redding: 404 Client Error: Not Found for url: http://backend:8000/api/predict/flood/
[2026-03-23T22:04:20.020+0000] {climarisk_dag.py:194} ERROR - ❌ Memphis: 404 Client Error: Not Found for url: http://backend:8000/api/predict/flood/
[2026-03-23T22:04:20.023+0000] {climarisk_dag.py:194} ERROR - ❌ Toronto: 404 Client Error: Not Found for url: http://backend:8000/api/predict/flood/
[2026-03-23T22:04:20.026+0000] {climarisk_dag.py:194} ERROR - ❌ Montreal: 404 Client Error: Not Found for url: http://backend:8000/api/predict/flood/
[2026-03-23T22:04:20.030+0000] {climarisk_dag.py:194} ERROR - ❌ Vancouver: 404 Client Error: Not Found for url: http://backend:8000/api/predict/flood/
[2026-03-23T22:04:20.033+0000] {climarisk_dag.py:194} ERROR - ❌ Mexico City: 404 Client Error: Not Found for url: http://backend:8000/api/predict/flood/
[2026-03-23T22:04:20.036+0000] {climarisk_dag.py:194} ERROR - ❌ Veracruz: 404 Client Error: Not Found for url: http://backend:8000/api/predict/flood/
[2026-03-23T22:04:20.039+0000] {climarisk_dag.py:194} ERROR - ❌ Cancún: 404 Client Error: Not Found for url: http://backend:8000/api/predict/flood/
[2026-03-23T22:04:20.043+0000] {climarisk_dag.py:194} ERROR - ❌ São Paulo: 404 Client Error: Not Found for url: http://backend:8000/api/predict/flood/
[2026-03-23T22:04:20.047+0000] {climarisk_dag.py:194} ERROR - ❌ Rio de Janeiro: 404 Client Error: Not Found for url: http://backend:8000/api/predict/flood/
[2026-03-23T22:04:20.050+0000] {climarisk_dag.py:194} ERROR - ❌ Belém: 404 Client Error: Not Found for url: http://backend:8000/api/predict/flood/
[2026-03-23T22:04:20.052+0000] {climarisk_dag.py:194} ERROR - ❌ Marabá: 404 Client Error: Not Found for url: http://backend:8000/api/predict/flood/
[2026-03-23T22:04:20.056+0000] {climarisk_dag.py:194} ERROR - ❌ Sinop: 404 Client Error: Not Found for url: http://backend:8000/api/predict/flood/
[2026-03-23T22:04:20.060+0000] {climarisk_dag.py:194} ERROR - ❌ Porto Velho: 404 Client Error: Not Found for url: http://backend:8000/api/predict/flood/
[2026-03-23T22:04:20.063+0000] {climarisk_dag.py:194} ERROR - ❌ Buenos Aires: 404 Client Error: Not Found for url: http://backend:8000/api/predict/flood/
[2026-03-23T22:04:20.066+0000] {climarisk_dag.py:194} ERROR - ❌ Lima: 404 Client Error: Not Found for url: http://backend:8000/api/predict/flood/
[2026-03-23T22:04:20.069+0000] {climarisk_dag.py:194} ERROR - ❌ Bogotá: 404 Client Error: Not Found for url: http://backend:8000/api/predict/flood/
[2026-03-23T22:04:20.073+0000] {climarisk_dag.py:194} ERROR - ❌ Santiago: 404 Client Error: Not Found for url: http://backend:8000/api/predict/flood/
[2026-03-23T22:04:20.078+0000] {climarisk_dag.py:194} ERROR - ❌ Port-au-Prince: 404 Client Error: Not Found for url: http://backend:8000/api/predict/flood/
[2026-03-23T22:04:20.081+0000] {climarisk_dag.py:194} ERROR - ❌ San Juan: 404 Client Error: Not Found for url: http://backend:8000/api/predict/flood/
[2026-03-23T22:04:20.085+0000] {climarisk_dag.py:194} ERROR - ❌ Kingston: 404 Client Error: Not Found for url: http://backend:8000/api/predict/flood/
[2026-03-23T22:04:20.088+0000] {climarisk_dag.py:194} ERROR - ❌ Port of Spain: 404 Client Error: Not Found for url: http://backend:8000/api/predict/flood/
[2026-03-23T22:04:20.092+0000] {climarisk_dag.py:194} ERROR - ❌ Sydney: 404 Client Error: Not Found for url: http://backend:8000/api/predict/flood/
[2026-03-23T22:04:20.096+0000] {climarisk_dag.py:194} ERROR - ❌ Melbourne: 404 Client Error: Not Found for url: http://backend:8000/api/predict/flood/
[2026-03-23T22:04:20.100+0000] {climarisk_dag.py:194} ERROR - ❌ Brisbane: 404 Client Error: Not Found for url: http://backend:8000/api/predict/flood/
[2026-03-23T22:04:20.103+0000] {climarisk_dag.py:194} ERROR - ❌ Darwin: 404 Client Error: Not Found for url: http://backend:8000/api/predict/flood/
[2026-03-23T22:04:20.106+0000] {climarisk_dag.py:194} ERROR - ❌ Alice Springs: 404 Client Error: Not Found for url: http://backend:8000/api/predict/flood/
[2026-03-23T22:04:20.110+0000] {climarisk_dag.py:194} ERROR - ❌ Cairns: 404 Client Error: Not Found for url: http://backend:8000/api/predict/flood/
[2026-03-23T22:04:20.113+0000] {climarisk_dag.py:194} ERROR - ❌ Auckland: 404 Client Error: Not Found for url: http://backend:8000/api/predict/flood/
[2026-03-23T22:04:20.116+0000] {climarisk_dag.py:194} ERROR - ❌ Port Moresby: 404 Client Error: Not Found for url: http://backend:8000/api/predict/flood/
[2026-03-23T22:04:20.117+0000] {climarisk_dag.py:201} INFO - ✅ Done: 0 OK, 291 errors, 1.2s
[2026-03-23T22:04:20.138+0000] {taskinstance.py:441} INFO - ::group::Post task execution logs
[2026-03-23T22:04:20.140+0000] {taskinstance.py:2905} ERROR - Task failed with exception
Traceback (most recent call last):
  File "/home/airflow/.local/lib/python3.12/site-packages/airflow/models/taskinstance.py", line 465, in _execute_task
    result = _execute_callable(context=context, **execute_callable_kwargs)
             ^^^^^^^^^^^^^^^^^^^^^^^^^^^^^^^^^^^^^^^^^^^^^^^^^^^^^^^^^^^^^
  File "/home/airflow/.local/lib/python3.12/site-packages/airflow/models/taskinstance.py", line 432, in _execute_callable
    return execute_callable(context=context, **execute_callable_kwargs)
           ^^^^^^^^^^^^^^^^^^^^^^^^^^^^^^^^^^^^^^^^^^^^^^^^^^^^^^^^^^^^
  File "/home/airflow/.local/lib/python3.12/site-packages/airflow/models/baseoperator.py", line 400, in wrapper
    return func(self, *args, **kwargs)
           ^^^^^^^^^^^^^^^^^^^^^^^^^^^
  File "/home/airflow/.local/lib/python3.12/site-packages/airflow/operators/python.py", line 235, in execute
    return_value = self.execute_callable()
                   ^^^^^^^^^^^^^^^^^^^^^^^
  File "/home/airflow/.local/lib/python3.12/site-packages/airflow/operators/python.py", line 252, in execute_callable
    return self.python_callable(*self.op_args, **self.op_kwargs)
           ^^^^^^^^^^^^^^^^^^^^^^^^^^^^^^^^^^^^^^^^^^^^^^^^^^^^^
  File "/opt/airflow/dags/climarisk_dag.py", line 210, in predict_all_zones
    raise Exception(f"{errors} zone(s) failed — check logs above")
Exception: 291 zone(s) failed — check logs above
[2026-03-23T22:04:20.161+0000] {taskinstance.py:1206} INFO - Marking task as UP_FOR_RETRY. dag_id=***_predictions, task_id=predict_all_zones, run_id=scheduled__2026-03-23T22:03:00+00:00, execution_date=20260323T220300, start_date=20260323T220418, end_date=20260323T220420
[2026-03-23T22:04:20.176+0000] {standard_task_runner.py:110} ERROR - Failed to execute job 244 for task predict_all_zones (291 zone(s) failed — check logs above; 6158)
[2026-03-23T22:04:20.207+0000] {local_task_job_runner.py:240} INFO - Task exited with return code 1
[2026-03-23T22:04:20.241+0000] {taskinstance.py:3498} INFO - 0 downstream tasks scheduled from follow-on schedule check
[2026-03-23T22:04:20.244+0000] {local_task_job_runner.py:222} INFO - ::endgroup::
